
 Working directory              : /scratch/cc/140682/molpro.RXWdIgWPx1/
 Global scratch directory       : /scratch/cc/140682/molpro.RXWdIgWPx1/
 Wavefunction directory         : /home/chimica2/cavallotti/wfu/
 Main file repository           : /scratch/cc/140682/molpro.RXWdIgWPx1/

 id        : polimi

 Nodes     nprocs
 node-6-6     4
 GA implementation: MPI file
 GA implementation (serial work in mppx): MPI file

 Using customized tuning parameters: mindgm=1; mindgv=20; mindgc=4; mindgr=1; noblas=0; minvec=7
 default implementation of scratch files=sf  


 Variables initialized (1015), CPU time= 0.01 sec
  memory,        1000 ,m
  nosym
 
  geometry={angstrom
   C1
   H2   C1   R1
   H3   C1   R2   H2   A2
   H4   C1   R3   H2   A3   H3   D3
   H21 C1 BB H2 ANG1 H3 DH1
  }
  R1                             =    1.0790999999999999
  R2                             =    1.0790999999999999
  R3                             =    1.0790999999999999
  A2                             =    117.11430000000000
  A3                             =    117.12210000000000
  D3                             =    213.11189999999999
  DH1                            =    106.55010000000000
  ANG1                           =    99.882900000000006
  BB                             =    2.0000000000000000
 
 
                                                                                 !closed shell input
  nosym
 
                                                                                 ! generate AS
  uhf
  SET,SPIN=           0
  {multi;closed, 4;occ, 6;wf, 10,1,0,;state,1;maxiter,40}
 
    basis=aug-cc-pvtz
                                                                                 ! singlet caspt2
  SET,SPIN=           0
  {multi;closed, 4;occ, 6;wf, 10,1,0,;state,1;maxiter,40}
   {rs2,shift=0.2;orbital,IGNORE_ERROR ;state,1}
    en_s = energy
 
                                                                                 ! triplet caspt2
  SET,SPIN=           2
  {multi;closed, 4;occ, 6;wf, 10,1,2,;state,1;maxiter,40}
   {rs2,shift=0.2;orbital,IGNORE_ERROR ;state,1}
   en_t = energy
 
                                                                                 ! coupled cluster on triplet
  SET,SPIN=2
  {multi;closed, 4;occ, 6;wf, 10,1,2,;state,1;maxiter,40;canorb,2101.2}
  {rhf;wf, 10,1,2;start,2101.2}
                                                                                 !  CC_CC
  {uccsd(t)}
 
   en_cc = energy
 
    CBSen = en_cc - (en_t - en_s)
    put,molden,molpro.molden
 
 Commands initialized (834), CPU time= 0.01 sec, 672 directives.
 Default parameters read. Elapsed time= 0.15 sec

 Checking input...
 Passed
1


                                         ***  PROGRAM SYSTEM MOLPRO  ***
                                       Copyright, TTI GmbH Stuttgart, 2015
                                    Version 2022.2 linked Thu Sep 29 12:37:28 2022


 **********************************************************************************************************************************
 LABEL *                                                                                 
  64 bit mpp version                                                                     DATE: 03-Jun-23          TIME: 08:51:07  
 **********************************************************************************************************************************

 SHA1:             51306cdc306ce2a111a2867affebcb289530e0a7
 **********************************************************************************************************************************

 Memory per process:      1000 MW
 Total memory per node:   4000 MW

 GA preallocation disabled
 GA check disabled

 Variable memory set to 1000.0 MW

 ZSYMEL=NOSYM

 SETTING R1             =         1.07910000                                  
 SETTING R2             =         1.07910000                                  
 SETTING R3             =         1.07910000                                  
 SETTING A2             =       117.11430000                                  
 SETTING A3             =       117.12210000                                  
 SETTING D3             =       213.11190000                                  
 SETTING DH1            =       106.55010000                                  
 SETTING ANG1           =        99.88290000                                  
 SETTING BB             =         2.00000000                                  


 Recomputing integrals since basis changed


 Using spherical harmonics

 Library entry C      S cc-pVDZ              selected for orbital group  1
 Library entry C      P cc-pVDZ              selected for orbital group  1
 Library entry C      D cc-pVDZ              selected for orbital group  1
 Library entry H      S cc-pVDZ              selected for orbital group  2
 Library entry H      P cc-pVDZ              selected for orbital group  2


 PROGRAM * SEWARD (Integral evaluation for generally contracted gaussian basis sets)     Author: Roland Lindh, 1990

 Geometry written to block  1 of record 700

 Orientation using atomic masses  
 Molecule type: Asymmetric top
 Rotational constants:      88.4744671     88.4771717    147.8845936 GHz  (calculated with average atomic masses)

 Point group  C1  



 ATOMIC COORDINATES

 NR  ATOM    CHARGE       X              Y              Z

   1  C1      6.00   -0.000007592   -0.000000964   -0.171489360
   2  H2      1.00   -1.154133021    1.644336370   -0.521489329
   3  H3      1.00    2.001117514    0.177511830   -0.521258248
   4  H4      1.00   -0.846750153   -1.821742639   -0.521682254
   5  H21     1.00   -0.000143873   -0.000094070    3.607962885

 Bond lengths in Bohr (Angstrom)

 1-2  2.039203461  1-3  2.039203461  1-4  2.039203461
     ( 1.079100000)     ( 1.079100000)     ( 1.079100000)

 Bond angles

  2-1-3  117.11430000   2-1-4  117.12210000   3-1-4  117.11575999

 NUCLEAR CHARGE:                   10
 NUMBER OF PRIMITIVE AOS:          55
 NUMBER OF SYMMETRY AOS:           54
 NUMBER OF CONTRACTIONS:           34   (   34A   )
 NUMBER OF INNER CORE ORBITALS:     0   (    0A   )
 NUMBER OF OUTER CORE ORBITALS:     1   (    1A   )
 NUMBER OF VALENCE ORBITALS:        8   (    8A   )


 NUCLEAR REPULSION ENERGY   11.92996131


 Eigenvalues of metric

         1 0.140E-01 0.358E-01 0.358E-01 0.434E-01 0.546E-01 0.546E-01 0.757E-01 0.120E+00


 Contracted 2-electron integrals neglected if value below      1.0D-11
 AO integral compression algorithm  1   Integral accuracy      1.0D-11

     1.311 MB (compressed) written to integral file (100.0%)

     Node minimum: 0.262 MB, node maximum: 0.524 MB


 NUMBER OF SORTED TWO-ELECTRON INTEGRALS:      44104.     BUFFER LENGTH:  32768
 NUMBER OF SEGMENTS:   1  SEGMENT LENGTH:      44104      RECORD LENGTH: 524288

 Memory used in sort:       0.60 MW

 SORT1 READ      219389. AND WROTE       42411. INTEGRALS IN      1 RECORDS. CPU TIME:     0.01 SEC, REAL TIME:     0.01 SEC
 SORT2 READ      170543. AND WROTE      177310. INTEGRALS IN      4 RECORDS. CPU TIME:     0.01 SEC, REAL TIME:     0.01 SEC

 Node minimum:       44104.  Node maximum:       44551. integrals

 OPERATOR DM      FOR CENTER  0  COORDINATES:    0.000000    0.000000    0.000000


 **********************************************************************************************************************************
 DATASETS  * FILE   NREC   LENGTH (MB)   RECORD NAMES
              1      18       28.65       500      610      700      900      950      970     1000      129      960     1100   
                                          VAR    BASINP    GEOM    SYMINP    ZMAT    AOBASIS   BASIS     P2S    ABASIS      S 
                                         1400     1410     1200     1210     1080     1600     1650     1700   
                                           T        V       H0       H01     AOSYM     SMH    MOLCAS    OPER   

 PROGRAMS   *        TOTAL       INT
 CPU TIMES  *         0.41      0.25
 REAL TIME  *         1.09 SEC
 DISK USED  *        28.95 MB (local),      132.65 MB (total)
 GA USED    *         0.00 MB       (max)       0.00 MB       (current)
 **********************************************************************************************************************************


 Program * Unrestricted Hartree-Fock

 Orbital guess generated from atomic densities.

 Initial occupancy:   5

 Elapsed time for starting guess:      0.01 sec

 NELEC=   10   SYM=1   MS2=0   THRE=1.0D-08   THRD=3.2D-06   THRG=3.2D-06  HFMA2=F  DIIS_START=2   DIIS_MAX=10   DIIS_INCORE=F

 Initial level shifts:    0.20 (ALPHA)    0.20 (BETA)

 ITER         ETOT            DE          GRAD         DDIFF    DIIS  NEXP   TIME(IT)  TIME(TOT)  DIAG
   1    -40.01852808   -40.01852808     0.00D+00     0.00D+00     0     0       0.00      0.01    start
   2    -40.04796258    -0.02943450     0.97D-02     0.15D+00     1     0       0.00      0.01    diag
   3    -40.05357964    -0.00561706     0.48D-02     0.18D-01     2     0       0.00      0.01    diag
   4    -40.05549414    -0.00191450     0.20D-02     0.83D-02     3     0       0.00      0.01    diag
   5    -40.05570601    -0.00021187     0.56D-03     0.60D-02     4     0       0.00      0.01    diag
   6    -40.05574326    -0.00003725     0.22D-03     0.15D-02     5     0       0.00      0.01    diag
   7    -40.05574717    -0.00000391     0.73D-04     0.70D-03     6     0       0.01      0.02    diag
   8    -40.05574763    -0.00000046     0.28D-04     0.20D-03     6     0       0.00      0.02    diag
   9    -40.05574768    -0.00000005     0.92D-05     0.62D-04     6     0       0.00      0.02    diag
  10    -40.05574769    -0.00000001     0.31D-05     0.19D-04     6     0       0.00      0.02    diag/ort
  11    -40.05574769    -0.00000000     0.96D-06     0.63D-05     6     0       0.00      0.02    diag

 Final occupancy:   5

 !UHF STATE 1.1 Energy                -40.055747686044
  UHF One-electron energy             -76.366087505236
  UHF Two-electron energy              24.380378509582
  UHF Kinetic energy                   39.677990250129
  UHF Nuclear energy                   11.929961309610
  UHF Virial quotient                  -1.009520578878

 !UHF STATE 1.1 Dipole moment           0.00005669     0.00003243    -0.73458334
 Dipole moment /Debye                   0.00014410     0.00008243    -1.86712462

 EXPECTATION VALUE OF S**2:            -0.00000000

 Orbital energies for positive spin:

           1.1          2.1          3.1          4.1          5.1          6.1          7.1
    -11.304970    -0.939775    -0.600039    -0.600022    -0.357817     0.081877     0.197200

 Orbital energies for negative spin:

           1.1          2.1          3.1          4.1          5.1          6.1          7.1
    -11.304970    -0.939775    -0.600039    -0.600022    -0.357817     0.081877     0.197200


 HOMO     -5.1    -0.357817 =      -9.7367eV
 LUMO      6.1     0.081877 =       2.2280eV
 LUMO-HOMO         0.439694 =      11.9647eV

 Orbitals saved in record  2200.2

 Occupation number threshold for pseudo-canonical orbitals: 1.9990 (occupied), 0.0010 (virtual)

 Number of pseudo-canonical occupied orbitals per symmetry:    5
 Number of active natural orbitals per symmetry:               0

 Natural orbitals saved to record    2200.2 (Orbital set 3)

 Orbital spaces for UNO-CAS (Min. occupation: 0.020  Max. occupation: 1.980):

 Closed:        5
 Active:        0


 **********************************************************************************************************************************
 DATASETS  * FILE   NREC   LENGTH (MB)   RECORD NAMES
              1      18       28.65       500      610      700      900      950      970     1000      129      960     1100   
                                          VAR    BASINP    GEOM    SYMINP    ZMAT    AOBASIS   BASIS     P2S    ABASIS      S 
                                         1400     1410     1200     1210     1080     1600     1650     1700   
                                           T        V       H0       H01     AOSYM     SMH    MOLCAS    OPER   

              2       4        0.45       700     1000      520     2200   
                                         GEOM     BASIS   MCVARS     UHF  

              4       3        0.20      2900     3000     3100   

 PROGRAMS   *        TOTAL   UHF-SCF       INT
 CPU TIMES  *         0.44      0.03      0.25
 REAL TIME  *         1.18 SEC
 DISK USED  *        29.14 MB (local),      133.38 MB (total)
 SF USED    *         0.20 MB
 GA USED    *         0.00 MB       (max)       0.00 MB       (current)
 **********************************************************************************************************************************
 SETTING SPIN           =      0.0000000D+00                                  

 PROGRAM * MULTI (Direct Multiconfiguration SCF)       Authors: P.J. Knowles, H.-J. Werner (1984)
                                                                D.A. Kreplin, P.J. Knowles, H.-J. Werner (2019)

 Number of closed-shell orbitals:   4 (    4)
 Number of active  orbitals:        2 (    2)
 Number of external orbitals:      28 (   28)

 State symmetry 1

 Number of active electrons:   2    Spin symmetry=Singlet   Space symmetry=1
 Number of states:             1
 Number of CSFs:               3   (4 determinants, 4 intermediate states)

 Molecular orbitals read from record     2200.2  Type=UHF/NATURAL  

 Wavefunction dump at record             2140.2

 Convergence thresholds  0.10E-04 (gradient)  0.10E-05 (energy)
 
 Number of orbital rotations:  176  ( 8 closed/active, 112 closed/virtual, 0 active/active, 56 active/virtual )
 Total number of variables:    180
 
 Second-order MCSCF: L-BFGS accelerated
 
 ITER  MIC  NCI  NEG     ENERGY(VAR)    ENERGY(PROJ) ENERGY CHANGE       GRAD(0)  GRAD(ORB)   GRAD(CI)      STEP      TIME
   1    8    7    0    -40.08785755     -40.10760129   -0.01974374    0.06429211 0.00010265 0.00000000  0.34E+00      0.20
   2    9    8    0    -40.10729925     -40.10733514   -0.00003589    0.00510643 0.00000024 0.00000000  0.11E-01      0.46
   3    7    7    0    -40.10733520     -40.10733520   -0.00000000    0.00001216 0.00000000 0.00000000  0.48E-04      0.66

 CONVERGENCE REACHED!  Final gradient:    0.00000000 ( 0.20E-09)
                       Final energy:    -40.10733520
 
 First order charge density matrix for state 1.1 saved on record 2140.2 (density set 1)
 
 Results for state 1.1
 =====================
 !MCSCF STATE 1.1 Energy                       -40.107335198175
 Nuclear energy                                 11.92996131
 Kinetic energy                                 39.84891453
 One electron energy                           -76.52271508
 Two electron energy                            24.48541857
 Virial ratio                                    2.00648501
 
 !MCSCF STATE 1.1 Dipole moment                  0.00003696     0.00002042    -0.37543545
 Dipole moment /Debye                            0.00009393     0.00005189    -0.95426172
 
 No non-zero expectation values
 
 
 Natural orbital dump at molpro section 2140.2 (Orbital set 2)


 **********************************************************************************************************************************
 DATASETS  * FILE   NREC   LENGTH (MB)   RECORD NAMES
              1      19       28.95       500      610      700      900      950      970     1000      129      960     1100   
                                          VAR    BASINP    GEOM    SYMINP    ZMAT    AOBASIS   BASIS     P2S    ABASIS      S 
                                         1400     1410     1200     1210     1080     1600     1650     1700     1380   
                                           T        V       H0       H01     AOSYM     SMH    MOLCAS    OPER     JKOP   

              2       5        0.58       700     1000      520     2200     2140   
                                         GEOM     BASIS   MCVARS     UHF     MCSCF   

 PROGRAMS   *        TOTAL     MULTI   UHF-SCF       INT
 CPU TIMES  *         0.79      0.34      0.03      0.25
 REAL TIME  *         1.92 SEC
 DISK USED  *        29.57 MB (local),      135.12 MB (total)
 SF USED    *         1.05 MB
 GA USED    *         0.00 MB       (max)       0.00 MB       (current)
 **********************************************************************************************************************************
 SETTING BASIS          =    AUG-CC-PVTZ
 SETTING SPIN           =      0.0000000D+00                                  


 Recomputing integrals since basis changed


 Using spherical harmonics

 Library entry C      S aug-cc-pVTZ          selected for orbital group  1
 Library entry C      P aug-cc-pVTZ          selected for orbital group  1
 Library entry C      D aug-cc-pVTZ          selected for orbital group  1
 Library entry C      F aug-cc-pVTZ          selected for orbital group  1
 Library entry H      S aug-cc-pVTZ          selected for orbital group  2
 Library entry H      P aug-cc-pVTZ          selected for orbital group  2
 Library entry H      D aug-cc-pVTZ          selected for orbital group  2


 PROGRAM * SEWARD (Integral evaluation for generally contracted gaussian basis sets)     Author: Roland Lindh, 1990

 Geometry written to block  1 of record 700

 Orientation using atomic masses  
 Molecule type: Asymmetric top
 Rotational constants:      88.4744671     88.4771717    147.8845936 GHz  (calculated with average atomic masses)

 Point group  C1  



 ATOMIC COORDINATES

 NR  ATOM    CHARGE       X              Y              Z

   1  C1      6.00   -0.000007592   -0.000000964   -0.171489360
   2  H2      1.00   -1.154133021    1.644336370   -0.521489329
   3  H3      1.00    2.001117514    0.177511830   -0.521258248
   4  H4      1.00   -0.846750153   -1.821742639   -0.521682254
   5  H21     1.00   -0.000143873   -0.000094070    3.607962885

 Bond lengths in Bohr (Angstrom)

 1-2  2.039203461  1-3  2.039203461  1-4  2.039203461
     ( 1.079100000)     ( 1.079100000)     ( 1.079100000)

 Bond angles

  2-1-3  117.11430000   2-1-4  117.12210000   3-1-4  117.11575999

 NUCLEAR CHARGE:                   10
 NUMBER OF PRIMITIVE AOS:         175
 NUMBER OF SYMMETRY AOS:          158
 NUMBER OF CONTRACTIONS:          138   (  138A   )
 NUMBER OF INNER CORE ORBITALS:     0   (    0A   )
 NUMBER OF OUTER CORE ORBITALS:     1   (    1A   )
 NUMBER OF VALENCE ORBITALS:        8   (    8A   )


 NUCLEAR REPULSION ENERGY   11.92996131


 Eigenvalues of metric

         1 0.102E-03 0.102E-03 0.110E-03 0.940E-03 0.940E-03 0.999E-03 0.180E-02 0.180E-02


 Contracted 2-electron integrals neglected if value below      1.0D-11
 AO integral compression algorithm  1   Integral accuracy      1.0D-11

     228.852 MB (compressed) written to integral file ( 51.3%)

     Node minimum: 52.429 MB, node maximum: 59.507 MB


 NUMBER OF SORTED TWO-ELECTRON INTEGRALS:   11496012.     BUFFER LENGTH:  32768
 NUMBER OF SEGMENTS:   1  SEGMENT LENGTH:   11496012      RECORD LENGTH: 524288

 Memory used in sort:      12.05 MW

 SORT1 READ    55731597. AND WROTE    11203278. INTEGRALS IN     33 RECORDS. CPU TIME:     0.89 SEC, REAL TIME:     1.20 SEC
 SORT2 READ    44829474. AND WROTE    45998436. INTEGRALS IN    908 RECORDS. CPU TIME:     0.19 SEC, REAL TIME:     0.41 SEC

 Node minimum:    11496012.  Node maximum:    11503206. integrals

 OPERATOR DM      FOR CENTER  0  COORDINATES:    0.000000    0.000000    0.000000


 **********************************************************************************************************************************
 DATASETS  * FILE   NREC   LENGTH (MB)   RECORD NAMES
              1      18       29.30       500      610      700      900      950      970     1001      129      960     1100   
                                          VAR    BASINP    GEOM    SYMINP    ZMAT    AOBASIS   BASIS     P2S    ABASIS      S 
                                         1400     1410     1200     1210     1080     1600     1650     1700   
                                           T        V       H0       H01     AOSYM     SMH    MOLCAS    OPER   

              2       6        0.63       700     1000      520     2200     2140     1001   
                                         GEOM     BASIS   MCVARS     UHF     MCSCF    BASIS   

 PROGRAMS   *        TOTAL       INT     MULTI   UHF-SCF       INT
 CPU TIMES  *         2.63      1.84      0.34      0.03      0.25
 REAL TIME  *         4.55 SEC
 DISK USED  *        29.98 MB (local),      851.16 MB (total)
 SF USED    *         1.05 MB
 GA USED    *         0.00 MB       (max)       0.00 MB       (current)
 **********************************************************************************************************************************

 PROGRAM * MULTI (Direct Multiconfiguration SCF)       Authors: P.J. Knowles, H.-J. Werner (1984)
                                                                D.A. Kreplin, P.J. Knowles, H.-J. Werner (2019)

 Number of closed-shell orbitals:   4 (    4)
 Number of active  orbitals:        2 (    2)
 Number of external orbitals:     132 (  132)

 State symmetry 1

 Number of active electrons:   2    Spin symmetry=Singlet   Space symmetry=1
 Number of states:             1
 Number of CSFs:               3   (4 determinants, 4 intermediate states)

 Molecular orbitals read from record     2140.2  Type=MCSCF/NATURAL (state 1.1)

 Present basis size:      138
 Previous basis size:      34
 Previous occupation:       6
 Previous closed-shells:    4
 Present occupation:        6
 Present closed-shells:     4
 Wavefunction symmetry:    1   Singlet 

 Orbital overlap <old|new>:  < 1.1| 1.1> = 0.999999   < 2.1| 2.1> = 0.999975   < 3.1| 3.1> = 0.999957   < 4.1| 4.1> = 0.999957
                             < 5.1| 5.1> = 0.999959   < 6.1| 6.1> = 0.999905


 Wavefunction dump at record             2141.2

 Convergence thresholds  0.10E-04 (gradient)  0.10E-05 (energy)
 
 Number of orbital rotations:  800  ( 8 closed/active, 528 closed/virtual, 0 active/active, 264 active/virtual )
 Total number of variables:    804
 
 Second-order MCSCF: L-BFGS accelerated
 
 ITER  MIC  NCI  NEG     ENERGY(VAR)    ENERGY(PROJ) ENERGY CHANGE       GRAD(0)  GRAD(ORB)   GRAD(CI)      STEP      TIME
   1   12    4    0    -40.11396799     -40.12187143   -0.00790344    0.23152799 0.00010174 0.00000000  0.57E-01      0.81
   2   10    5    0    -40.12187424     -40.12187435   -0.00000011    0.00049134 0.00000716 0.00000000  0.31E-03      1.35

 CONVERGENCE REACHED!  Final gradient:    0.00000037 ( 0.37E-06)
                       Final energy:    -40.12187435
 
 First order charge density matrix for state 1.1 saved on record 2141.2 (density set 1)
 
 Results for state 1.1
 =====================
 !MCSCF STATE 1.1 Energy                       -40.121874347612
 Nuclear energy                                 11.92996131
 Kinetic energy                                 39.88092909
 One electron energy                           -76.54215351
 Two electron energy                            24.49031785
 Virial ratio                                    2.00604162
 
 !MCSCF STATE 1.1 Dipole moment                  0.00003663     0.00002062    -0.38339139
 Dipole moment /Debye                            0.00009309     0.00005241    -0.97448372
 
 No non-zero expectation values
 
 
 Natural orbital dump at molpro section 2141.2 (Orbital set 2)


 **********************************************************************************************************************************
 DATASETS  * FILE   NREC   LENGTH (MB)   RECORD NAMES
              1      19       34.18       500      610      700      900      950      970     1001      129      960     1100   
                                          VAR    BASINP    GEOM    SYMINP    ZMAT    AOBASIS   BASIS     P2S    ABASIS      S 
                                         1400     1410     1200     1210     1080     1600     1650     1700     1380   
                                           T        V       H0       H01     AOSYM     SMH    MOLCAS    OPER     JKOP   

              2       7        1.25       700     1000      520     2200     2140     1001     2141   
                                         GEOM     BASIS   MCVARS     UHF     MCSCF    BASIS    MCSCF   

 PROGRAMS   *        TOTAL     MULTI       INT     MULTI   UHF-SCF       INT
 CPU TIMES  *         3.78      1.14      1.84      0.34      0.03      0.25
 REAL TIME  *         6.35 SEC
 DISK USED  *        35.48 MB (local),      873.15 MB (total)
 SF USED    *        16.62 MB
 GA USED    *         0.00 MB       (max)       0.00 MB       (current)
 **********************************************************************************************************************************


 PROGRAM * RS2 (Multireference RS Perturbation Theory)     Authors: H.-J. Werner (1993), P. Celani (1998)


 Level shift= 0.20

 Convergence thresholds:  THRVAR = 1.00D-08  THRDEN = 1.00D-06

 Number of optimized states: 1  Roots:    1
 Number of reference states: 1  Roots:    1

 Reference symmetry:                   1   Singlet 
 Number of electrons:                 10
 Maximum number of shells:             4
 Maximum number of spin couplings:     5

 Reference space:        3 conf        3 CSFs
 N elec internal:       15 conf       15 CSFs
 N-1 el internal:       23 conf       32 CSFs
 N-2 el internal:       25 conf       52 CSFs

 Number of electrons in valence space:                      8
 Maximum number of open shell orbitals in reference space:  2
 Maximum number of open shell orbitals in internal spaces:  6


 Number of core orbitals:           1 (   1 )
 Number of closed-shell orbitals:   3 (   3 )
 Number of active  orbitals:        2 (   2 )
 Number of external orbitals:     132 ( 132 )

 Molecular orbitals read from record     2141.2  Type=MCSCF/NATURAL (state 1.1)

 Integral transformation finished. Total CPU:   0.17 sec, npass=  1  Memory used:   0.89 MW


 Number of p-space configurations:   3

 Reference wavefunction optimized for reference space (refopt=1)

 State     Reference Energy 
     1       -40.12187435

 Number of blocks in overlap matrix:     2   Smallest eigenvalue:  0.10D+01
 Number of N-2 electron functions:      22
 Number of N-1 electron functions:      32

 Number of internal configurations:                   15
 Number of singly external configurations:          4224
 Number of doubly external configurations:        191928
 Total number of contracted configurations:       196167
 Total number of uncontracted configurations:     457527

 Weight factors for SA-density in H0:    1.000000

 FIMAX=  0.39D-01  FXMAX=  0.90D-11  DIAG=  F  T  NOREF=1  NOINT=0  IHPPD=2

 Nuclear energy:                      11.92996131
 Core energy:                        -35.83028937
 Zeroth-order valence energy:         -4.74853177
 Zeroth-order total energy:          -28.64885983
 First-order energy:                 -11.47301452

 Using uncontracted singles

 Diagonal Coupling coefficients finished.               Storage:     883 words, CPU-Time:      0.00 seconds.
 Energy denominators for pairs finished in 0 passes.    Storage:   29699 words, CPU-time:      0.00 seconds.

 A level shift of 0.20 is applied.

  ITER. STATE  ROOT     SQ.NORM     CORR.ENERGY   TOTAL ENERGY   ENERGY CHANGE       DEN1      VAR(S)    VAR(P)      TIME
    1     1     1     1.00762628    -0.00152526   -40.12339960    -0.00152526    -0.16459863  0.76D-02  0.42D-01     0.31
    2     1     1     1.05012198    -0.17516751   -40.29704185    -0.17364225    -0.00012509  0.25D-04  0.35D-04     0.32
    3     1     1     1.05024573    -0.17532803   -40.29720237    -0.00016052    -0.00010366  0.55D-06  0.13D-06     0.32
    4     1     1     1.05026591    -0.17533332   -40.29720767    -0.00000529    -0.00000047  0.48D-08  0.38D-08     0.33
    5     1     1     1.05026747    -0.17533365   -40.29720799    -0.00000033    -0.00000097  0.90D-10  0.54D-10     0.34
    6     1     1     1.05026769    -0.17533369   -40.29720803    -0.00000004    -0.00000001  0.23D-11  0.72D-12     0.35

 Energies without level shift correction:

    6     1     1     1.05026769    -0.16528015   -40.28715450

 Energy contributions for state 1.1:
 ===================================

            Energy contr.      SQ.Norm of FOWF
 Space I     -0.00050958          0.00027891
 Space S     -0.01700801          0.00779087
 Space P     -0.14776255          0.04219791


 =====================================
 Analysis of CPU times by interactions
 =====================================

       I      S      P

 I   0.0%
 S   0.0%   2.9%
 P   0.0%   0.0%   2.9%

 Initialization:  85.7%
 Other:            8.6%

 Total CPU:        0.3 seconds
 =====================================



 Reference coefficients greater than 0.0500000
 =============================================
 22220           0.9484269
 22202          -0.3169960


 RESULTS FOR STATE 1.1
 =====================

 Coefficient of reference function:   C(0) = 1.00000000 (fixed)   1.00000000 (relaxed)

 Energy contributions of configuration classes

 CLASS          SQ.NORM        ECORR1        ECORR2
 +++++++++++++++++++++++++++++++++++++++++++++++++++
 Internals    0.00027891   -0.00050958    0.17425251
 Singles      0.00779087   -0.01700801   -0.03608512
 Pairs        0.04219791   -0.14776254   -0.31350107
 Total        1.05026769   -0.16528013   -0.17533369
 +++++++++++++++++++++++++++++++++++++++++++++++++++


 Reference energy                     -40.12187435
 Nuclear energy                        11.92996131
 Kinetic energy                        40.01017606
 One electron energy                  -76.46203855
 Two electron energy                   24.23486921
 Virial quotient                       -1.00717397
 Correlation energy                    -0.17533369
 !RSPT2 STATE 1.1 Energy              -40.297208034590

 Properties without orbital relaxation:

 !RSPT2 STATE 1.1 Dipole moment         0.00003749     0.00002100    -0.38579141
 Dipole moment /Debye                   0.00009528     0.00005337    -0.98058394


 **********************************************************************************************************************************
 DATASETS  * FILE   NREC   LENGTH (MB)   RECORD NAMES
              1      19       34.18       500      610      700      900      950      970     1001      129      960     1100   
                                          VAR    BASINP    GEOM    SYMINP    ZMAT    AOBASIS   BASIS     P2S    ABASIS      S 
                                         1400     1410     1200     1210     1080     1600     1650     1700     1380   
                                           T        V       H0       H01     AOSYM     SMH    MOLCAS    OPER     JKOP   

              2       7        1.25       700     1000      520     2200     2140     1001     2141   
                                         GEOM     BASIS   MCVARS     UHF     MCSCF    BASIS    MCSCF   

 PROGRAMS   *        TOTAL       RS2     MULTI       INT     MULTI   UHF-SCF       INT
 CPU TIMES  *         4.17      0.40      1.14      1.84      0.34      0.03      0.25
 REAL TIME  *         7.15 SEC
 DISK USED  *        35.48 MB (local),      873.15 MB (total)
 SF USED    *        21.35 MB
 GA USED    *         0.00 MB       (max)       0.00 MB       (current)
 **********************************************************************************************************************************
 SETTING EN_S           =       -40.29720803  AU                              
 SETTING SPIN           =         2.00000000                                  

 PROGRAM * MULTI (Direct Multiconfiguration SCF)       Authors: P.J. Knowles, H.-J. Werner (1984)
                                                                D.A. Kreplin, P.J. Knowles, H.-J. Werner (2019)

 Number of closed-shell orbitals:   4 (    4)
 Number of active  orbitals:        2 (    2)
 Number of external orbitals:     132 (  132)

 State symmetry 1

 Number of active electrons:   2    Spin symmetry=Triplet   Space symmetry=1
 Number of states:             1
 Number of CSFs:               1   (1 determinants, 1 intermediate states)

 Molecular orbitals read from record     2141.2  Type=MCSCF/NATURAL (state 1.1)

 Wavefunction dump at record             2142.2

 Convergence thresholds  0.10E-04 (gradient)  0.10E-05 (energy)
 
 Number of orbital rotations:  800  ( 8 closed/active, 528 closed/virtual, 0 active/active, 264 active/virtual )
 Total number of variables:    801
 
 Second-order MCSCF: L-BFGS accelerated
 
 ITER  MIC  NCI  NEG     ENERGY(VAR)    ENERGY(PROJ) ENERGY CHANGE       GRAD(0)  GRAD(ORB)   GRAD(CI)      STEP      TIME
   1    8    4    0    -40.02399806     -40.03958237   -0.01558431    0.11965740 0.00054555 0.00000000  0.17E+00      0.55
   2    9    5    0    -40.03961372     -40.03961862   -0.00000490    0.00290395 0.00000001 0.00000000  0.23E-02      1.19
   3    6    4    0    -40.03961862     -40.03961862   -0.00000000    0.00000239 0.00000000 0.00000000  0.26E-05      1.70

 CONVERGENCE REACHED!  Final gradient:    0.00000000 ( 0.42E-11)
                       Final energy:    -40.03961862
 
 First order charge density matrix for state 1.1 saved on record 2142.2 (density set 1)
 
 Results for state 1.1
 =====================
 !MCSCF STATE 1.1 Energy                       -40.039618622839
 Nuclear energy                                 11.92996131
 Kinetic energy                                 40.15567785
 One electron energy                           -76.51818473
 Two electron energy                            24.54860480
 Virial ratio                                    1.99710977
 
 !MCSCF STATE 1.1 Dipole moment                  0.00001666     0.00000884    -0.22621611
 Dipole moment /Debye                            0.00004235     0.00002248    -0.57498399
 
 No non-zero expectation values
 
 
 Natural orbital dump at molpro section 2142.2 (Orbital set 2)


 **********************************************************************************************************************************
 DATASETS  * FILE   NREC   LENGTH (MB)   RECORD NAMES
              1      19       34.18       500      610      700      900      950      970     1001      129      960     1100   
                                          VAR    BASINP    GEOM    SYMINP    ZMAT    AOBASIS   BASIS     P2S    ABASIS      S 
                                         1400     1410     1200     1210     1080     1600     1650     1700     1380   
                                           T        V       H0       H01     AOSYM     SMH    MOLCAS    OPER     JKOP   

              2       8        2.16       700     1000      520     2200     2140     1001     2141     2142   
                                         GEOM     BASIS   MCVARS     UHF     MCSCF    BASIS    MCSCF    MCSCF   

 PROGRAMS   *        TOTAL     MULTI       RS2     MULTI       INT     MULTI   UHF-SCF       INT
 CPU TIMES  *         5.39      1.21      0.40      1.14      1.84      0.34      0.03      0.25
 REAL TIME  *         9.23 SEC
 DISK USED  *        36.39 MB (local),      876.80 MB (total)
 SF USED    *        21.35 MB
 GA USED    *         0.00 MB       (max)       0.00 MB       (current)
 **********************************************************************************************************************************


 PROGRAM * RS2 (Multireference RS Perturbation Theory)     Authors: H.-J. Werner (1993), P. Celani (1998)


 Level shift= 0.20

 Convergence thresholds:  THRVAR = 1.00D-08  THRDEN = 1.00D-06

 Number of optimized states: 1  Roots:    1
 Number of reference states: 1  Roots:    1

 Reference symmetry:                   1   Triplet 
 Number of electrons:                 10
 Maximum number of shells:             3
 Maximum number of spin couplings:     9

 Reference space:        1 conf        1 CSFs
 N elec internal:       10 conf       10 CSFs
 N-1 el internal:       23 conf       41 CSFs
 N-2 el internal:       13 conf       55 CSFs

 Number of electrons in valence space:                      8
 Maximum number of open shell orbitals in reference space:  2
 Maximum number of open shell orbitals in internal spaces:  6


 Number of core orbitals:           1 (   1 )
 Number of closed-shell orbitals:   3 (   3 )
 Number of active  orbitals:        2 (   2 )
 Number of external orbitals:     132 ( 132 )

 Molecular orbitals read from record     2142.2  Type=MCSCF/NATURAL (state 1.1)

 Integral transformation finished. Total CPU:   0.18 sec, npass=  1  Memory used:   0.89 MW


 Number of p-space configurations:   1

 Reference wavefunction optimized for reference space (refopt=1)

 State     Reference Energy 
     1       -40.03961862

 Number of blocks in overlap matrix:     2   Smallest eigenvalue:  0.10D+01
 Number of N-2 electron functions:      22
 Number of N-1 electron functions:      41

 Number of internal configurations:                   10
 Number of singly external configurations:          5412
 Number of doubly external configurations:        191796
 Total number of contracted configurations:       197218
 Total number of uncontracted configurations:     483328

 Weight factors for SA-density in H0:    1.000000

 FIMAX=  0.23D-01  FXMAX=  0.73D-11  DIAG=  F  T  NOREF=1  NOINT=0  IHPPD=2

 Nuclear energy:                      11.92996131
 Core energy:                        -35.83018367
 Zeroth-order valence energy:         -4.37463052
 Zeroth-order total energy:          -28.27485288
 First-order energy:                 -11.76476574

 Using uncontracted singles

 Diagonal Coupling coefficients finished.               Storage:    1304 words, CPU-Time:      0.00 seconds.
 Energy denominators for pairs finished in 0 passes.    Storage:   30126 words, CPU-time:      0.00 seconds.

 A level shift of 0.20 is applied.

  ITER. STATE  ROOT     SQ.NORM     CORR.ENERGY   TOTAL ENERGY   ENERGY CHANGE       DEN1      VAR(S)    VAR(P)      TIME
    1     1     1     1.00607012    -0.00121402   -40.04083265    -0.00121402    -0.16255799  0.61D-02  0.43D-01     0.30
    2     1     1     1.04942820    -0.17232894   -40.21194757    -0.17111492     0.00005947  0.23D-04  0.54D-05     0.31
    3     1     1     1.04941506    -0.17236883   -40.21198745    -0.00003988    -0.00001532  0.36D-07  0.87D-07     0.31
    4     1     1     1.04944309    -0.17237467   -40.21199329    -0.00000584     0.00000004  0.16D-08  0.90D-10     0.32
    5     1     1     1.04944317    -0.17237466   -40.21199328     0.00000001    -0.00000005  0.66D-11  0.84D-11     0.32

 Energies without level shift correction:

    5     1     1     1.04944317    -0.16248603   -40.20210465

 Energy contributions for state 1.1:
 ===================================

            Energy contr.      SQ.Norm of FOWF
 Space I     -0.00000000          0.00000956
 Space S     -0.01306800          0.00604169
 Space P     -0.14941802          0.04339192


 =====================================
 Analysis of CPU times by interactions
 =====================================

       I      S      P

 I   0.0%
 S   0.0%   0.0%
 P   3.1%   0.0%   0.0%

 Initialization:  90.6%
 Other:            6.3%

 Total CPU:        0.3 seconds
 =====================================



 Reference coefficients greater than 0.0500000
 =============================================
 222//           1.0000000


 RESULTS FOR STATE 1.1
 =====================

 Coefficient of reference function:   C(0) = 1.00000000 (fixed)   1.00000000 (relaxed)

 Energy contributions of configuration classes

 CLASS          SQ.NORM        ECORR1        ECORR2
 +++++++++++++++++++++++++++++++++++++++++++++++++++
 Internals    0.00000956   -0.00000000    0.17237465
 Singles      0.00604169   -0.01306800   -0.02772660
 Pairs        0.04339192   -0.14941802   -0.31702271
 Total        1.04944317   -0.16248602   -0.17237466
 +++++++++++++++++++++++++++++++++++++++++++++++++++


 Reference energy                     -40.03961862
 Nuclear energy                        11.92996131
 Kinetic energy                        40.27779139
 One electron energy                  -76.43022153
 Two electron energy                   24.28826693
 Virial quotient                       -0.99836639
 Correlation energy                    -0.17237466
 !RSPT2 STATE 1.1 Energy              -40.211993283247

 Properties without orbital relaxation:

 !RSPT2 STATE 1.1 Dipole moment         0.00001736     0.00000914    -0.23091709
 Dipole moment /Debye                   0.00004413     0.00002324    -0.58693271


 **********************************************************************************************************************************
 DATASETS  * FILE   NREC   LENGTH (MB)   RECORD NAMES
              1      19       34.18       500      610      700      900      950      970     1001      129      960     1100   
                                          VAR    BASINP    GEOM    SYMINP    ZMAT    AOBASIS   BASIS     P2S    ABASIS      S 
                                         1400     1410     1200     1210     1080     1600     1650     1700     1380   
                                           T        V       H0       H01     AOSYM     SMH    MOLCAS    OPER     JKOP   

              2       8        2.16       700     1000      520     2200     2140     1001     2141     2142   
                                         GEOM     BASIS   MCVARS     UHF     MCSCF    BASIS    MCSCF    MCSCF   

 PROGRAMS   *        TOTAL       RS2     MULTI       RS2     MULTI       INT     MULTI   UHF-SCF       INT
 CPU TIMES  *         5.76      0.37      1.21      0.40      1.14      1.84      0.34      0.03      0.25
 REAL TIME  *         9.98 SEC
 DISK USED  *        36.39 MB (local),      876.80 MB (total)
 SF USED    *        22.35 MB
 GA USED    *         0.00 MB       (max)       0.00 MB       (current)
 **********************************************************************************************************************************
 SETTING EN_T           =       -40.21199328  AU                              
 SETTING SPIN           =         2.00000000                                  

 PROGRAM * MULTI (Direct Multiconfiguration SCF)       Authors: P.J. Knowles, H.-J. Werner (1984)
                                                                D.A. Kreplin, P.J. Knowles, H.-J. Werner (2019)

 Number of closed-shell orbitals:   4 (    4)
 Number of active  orbitals:        2 (    2)
 Number of external orbitals:     132 (  132)

 State symmetry 1

 Number of active electrons:   2    Spin symmetry=Triplet   Space symmetry=1
 Number of states:             1
 Number of CSFs:               1   (1 determinants, 1 intermediate states)

 Molecular orbitals read from record     2142.2  Type=MCSCF/NATURAL (state 1.1)

 Wavefunction dump at record             2101.2

 Convergence thresholds  0.10E-04 (gradient)  0.10E-05 (energy)
 
 Number of orbital rotations:  800  ( 8 closed/active, 528 closed/virtual, 0 active/active, 264 active/virtual )
 Total number of variables:    801
 
 Second-order MCSCF: L-BFGS accelerated
 
 ITER  MIC  NCI  NEG     ENERGY(VAR)    ENERGY(PROJ) ENERGY CHANGE       GRAD(0)  GRAD(ORB)   GRAD(CI)      STEP      TIME
   1    2    2    0    -40.03961862     -40.03961862    0.00000000    0.00000000 0.00000000 0.00000000  0.44E-11      0.41

 CONVERGENCE REACHED!  Final gradient:    0.00000000 ( 0.11E-11)
                       Final energy:    -40.03961862
 
 First order charge density matrix for state 1.1 saved on record 2101.2 (density set 1)
 
 Results for state 1.1
 =====================
 !MCSCF STATE 1.1 Energy                       -40.039618622839
 Nuclear energy                                 11.92996131
 Kinetic energy                                 40.15567785
 One electron energy                           -76.51818473
 Two electron energy                            24.54860480
 Virial ratio                                    1.99710977
 
 !MCSCF STATE 1.1 Dipole moment                  0.00001666     0.00000884    -0.22621611
 Dipole moment /Debye                            0.00004235     0.00002248    -0.57498399
 
 No non-zero expectation values
 
 
 Canonical orbital dump at molpro section 2101.2 (Orbital set 2)


 **********************************************************************************************************************************
 DATASETS  * FILE   NREC   LENGTH (MB)   RECORD NAMES
              1      19       34.18       500      610      700      900      950      970     1001      129      960     1100   
                                          VAR    BASINP    GEOM    SYMINP    ZMAT    AOBASIS   BASIS     P2S    ABASIS      S 
                                         1400     1410     1200     1210     1080     1600     1650     1700     1380   
                                           T        V       H0       H01     AOSYM     SMH    MOLCAS    OPER     JKOP   

              2       9        3.07       700     1000      520     2200     2140     1001     2141     2142     2101   
                                         GEOM     BASIS   MCVARS     UHF     MCSCF    BASIS    MCSCF    MCSCF    MCSCF   

 PROGRAMS   *        TOTAL     MULTI       RS2     MULTI       RS2     MULTI       INT     MULTI   UHF-SCF       INT
 CPU TIMES  *         6.26      0.50      0.37      1.21      0.40      1.14      1.84      0.34      0.03      0.25
 REAL TIME  *        10.79 SEC
 DISK USED  *        37.30 MB (local),      880.45 MB (total)
 SF USED    *        22.35 MB
 GA USED    *         0.00 MB       (max)       0.00 MB       (current)
 **********************************************************************************************************************************


 Program * Restricted Hartree-Fock

 Molecular orbitals read from record     2101.2  Type=MCSCF/CANONICAL (state 1.1)

 Initial alpha occupancy:   6
 Initial beta  occupancy:   4

 NELEC=   10   SYM=1   MS2= 2   THRE=1.0D-08   THRD=3.2D-06   THRG=3.2D-06  HFMA2=F  DIIS_START=2   DIIS_MAX=10   DIIS_INCORE=F

 Level shifts:    0.00 (CLOSED)    0.00 (OPEN)    0.30 (GAP_MIN)

 ITER           ETOT              DE          GRAD        DDIFF     DIIS  NEXP   TIME(IT)  TIME(TOT)  DIAG
   1      -40.03961862     -40.03961862     0.00D+00     0.47D-01     0     0       0.11      0.11    start
   2      -40.03961862       0.00000000     0.19D-11     0.26D-10     0     0       0.13      0.24    diag

 Final alpha occupancy:   6
 Final beta  occupancy:   4

 !RHF STATE 1.1 Energy                -40.039618622839
  RHF One-electron energy             -76.518184728003
  RHF Two-electron energy              24.548604795555
  RHF Kinetic energy                   40.155677848561
  RHF Nuclear energy                   11.929961309610
  RHF Virial quotient                  -0.997109767984

 !RHF STATE 1.1 Dipole moment           0.00001666     0.00000884    -0.22621611
 Dipole moment /Debye                   0.00004235     0.00002248    -0.57498399

 Orbital energies:

           1.1          2.1          3.1          4.1          5.1          6.1          7.1          8.1
    -11.219027    -0.907998    -0.572538    -0.572522    -0.543931    -0.332876     0.033852     0.047460


 HOMO      6.1    -0.332876 =      -9.0580eV
 LUMO      7.1     0.033852 =       0.9212eV
 LUMO-HOMO         0.366728 =       9.9792eV

 Orbitals saved in record  2100.2


 **********************************************************************************************************************************
 DATASETS  * FILE   NREC   LENGTH (MB)   RECORD NAMES
              1      19       34.18       500      610      700      900      950      970     1001      129      960     1100   
                                          VAR    BASINP    GEOM    SYMINP    ZMAT    AOBASIS   BASIS     P2S    ABASIS      S 
                                         1400     1410     1200     1210     1080     1600     1650     1700     1380   
                                           T        V       H0       H01     AOSYM     SMH    MOLCAS    OPER     JKOP   

              2      10        4.06       700     1000      520     2200     2140     1001     2141     2142     2101     2100   
                                         GEOM     BASIS   MCVARS     UHF     MCSCF    BASIS    MCSCF    MCSCF    MCSCF     RHF  

 PROGRAMS   *        TOTAL   RHF-SCF     MULTI       RS2     MULTI       RS2     MULTI       INT     MULTI   UHF-SCF       INT
 CPU TIMES  *         6.52      0.25      0.50      0.37      1.21      0.40      1.14      1.84      0.34      0.03      0.25
 REAL TIME  *        11.19 SEC
 DISK USED  *        38.29 MB (local),      884.38 MB (total)
 SF USED    *        22.35 MB
 GA USED    *         0.00 MB       (max)       0.00 MB       (current)
 **********************************************************************************************************************************


 PROGRAM * CCSD (Unrestricted open-shell coupled cluster)     Authors: C. Hampel, H.-J. Werner, 1991, M. Deegan, P.J. Knowles, 1992


 Convergence thresholds:  THRVAR = 1.00D-08  THRDEN = 1.00D-06

 CCSD(T)     terms to be evaluated (factor= 1.000)


 Number of core orbitals:           1 (   1 )
 Number of closed-shell orbitals:   3 (   3 )
 Number of active  orbitals:        2 (   2 )
 Number of external orbitals:     132 ( 132 )

 Memory could be reduced to 27.82 Mwords without degradation in triples

 Number of N-1 electron functions:               8
 Number of N-2 electron functions:              28
 Number of singly external CSFs:              1072
 Number of doubly external CSFs:            385183
 Total number of CSFs:                      386255

 Molecular orbitals read from record     2100.2  Type=RHF/CANONICAL (state 1.1)

 Integral transformation finished. Total CPU:   0.65 sec, npass=  1  Memory used:   8.82 MW

 Starting RMP2 calculation, locsing= 0

 ITER.      SQ.NORM     CORR.ENERGY   TOTAL ENERGY   ENERGY CHANGE        DEN1      VAR(S)    VAR(P)  DIIS     TIME
   1      1.05200740    -0.16698431   -40.20660293    -0.16698431    -0.00063092  0.12D-04  0.23D-03  1  1     0.78
   2      1.05259610    -0.16766659   -40.20728521    -0.00068228    -0.00000103  0.12D-06  0.39D-06  2  2     0.80
   3      1.05261127    -0.16767621   -40.20729483    -0.00000962    -0.00000000  0.19D-08  0.13D-08  3  3     0.83
   4      1.05261151    -0.16767625   -40.20729488    -0.00000005    -0.00000000  0.24D-10  0.54D-11  4  4     0.85

 Norm of t1 vector:      0.03949253      S-energy:    -0.00255878      T1 diagnostic:  0.00057999
 Norm of t2 vector:      0.22594656      P-energy:    -0.16511747
                                         Alpha-Beta:  -0.13321794
                                         Alpha-Alpha: -0.02370389
                                         Beta-Beta:   -0.00819565

 Spin contamination <S**2-Sz**2-Sz>     0.00021973
  Reference energy                    -40.039618622839
  RHF-RMP2 correlation energy          -0.167676253776
 !RHF-RMP2 energy                     -40.207294876615

 Starting UCCSD calculation

 ITER.      SQ.NORM     CORR.ENERGY   TOTAL ENERGY   ENERGY CHANGE        DEN1      VAR(S)    VAR(P)  DIIS     TIME
   1      1.06267967    -0.18023974   -40.21985836    -0.18023974    -0.00582196  0.37D-03  0.17D-02  1  1     1.32
   2      1.07014117    -0.18710725   -40.22672588    -0.00686752    -0.00026245  0.46D-04  0.78D-04  2  2     1.79
   3      1.07193581    -0.18792613   -40.22754475    -0.00081887    -0.00002775  0.69D-05  0.93D-05  3  3     2.25
   4      1.07256431    -0.18813336   -40.22775198    -0.00020723    -0.00000441  0.94D-06  0.18D-05  4  4     2.72
   5      1.07279504    -0.18818068   -40.22779930    -0.00004732    -0.00000054  0.99D-07  0.23D-06  5  5     3.18
   6      1.07283759    -0.18818290   -40.22780153    -0.00000222    -0.00000006  0.23D-07  0.21D-07  6  6     3.67
   7      1.07284260    -0.18818416   -40.22780278    -0.00000125    -0.00000001  0.64D-08  0.30D-08  6  1     4.14
   8      1.07284251    -0.18818459   -40.22780321    -0.00000043    -0.00000000  0.13D-08  0.46D-09  6  2     4.63

 Norm of t1 vector:      0.05961929      S-energy:    -0.00300861      T1 diagnostic:  0.00822416
                                                                       D1 diagnostic:  0.01514135
                                                                       D2 diagnostic:  0.14103855 (internal)
 Norm of t2 vector:      0.26322623      P-energy:    -0.18517598
                                         Alpha-Beta:  -0.15280262
                                         Alpha-Alpha: -0.02458775
                                         Beta-Beta:   -0.00778560

 Spin contamination <S**2-Sz**2-Sz>     0.00009461

 Memory could be reduced to 29.42 Mwords without degradation in triples


 RESULTS
 =======

  Reference energy                    -40.039618622839
  UCCSD singles energy                 -0.003008609685
  UCCSD pair energy                    -0.185175976817
  UCCSD correlation energy             -0.188184586502
  Triples (T) contribution             -0.005247761555
  Total correlation energy             -0.193432348057

  RHF-UCCSD energy                    -40.227803209341
  RHF-UCCSD[T] energy                 -40.233129109334
  RHF-UCCSD-T energy                  -40.233010085854
 !RHF-UCCSD(T) energy                 -40.233050970896

 Program statistics:

 Available memory in ccsd:               999999744
 Min. memory needed in ccsd:               1580627
 Max. memory used in ccsd:                 1989515
 Max. memory used in cckext:               1403930 ( 8 integral passes)
 Max. memory used in cckint:               8822742 ( 1 integral passes)



 **********************************************************************************************************************************
 DATASETS  * FILE   NREC   LENGTH (MB)   RECORD NAMES
              1      19       34.18       500      610      700      900      950      970     1001      129      960     1100   
                                          VAR    BASINP    GEOM    SYMINP    ZMAT    AOBASIS   BASIS     P2S    ABASIS      S 
                                         1400     1410     1200     1210     1080     1600     1650     1700     1380   
                                           T        V       H0       H01     AOSYM     SMH    MOLCAS    OPER     JKOP   

              2      10        4.06       700     1000      520     2200     2140     1001     2141     2142     2101     2100   
                                         GEOM     BASIS   MCVARS     UHF     MCSCF    BASIS    MCSCF    MCSCF    MCSCF     RHF  

 PROGRAMS   *        TOTAL  UCCSD(T)   RHF-SCF     MULTI       RS2     MULTI       RS2     MULTI       INT     MULTI   UHF-SCF
 CPU TIMES  *        14.65      8.12      0.25      0.50      0.37      1.21      0.40      1.14      1.84      0.34      0.03
 REAL TIME  *        23.50 SEC
 DISK USED  *        84.44 MB (local),        1.04 GB (total)
 SF USED    *       329.93 MB
 GA USED    *         0.00 MB       (max)       0.00 MB       (current)
 **********************************************************************************************************************************
 SETTING EN_CC          =       -40.23305097  AU                              
 SETTING CBSEN          =       -40.31826572  AU                              

 Dump information in style MOLDEN to molpro.molden                                                                   

 Molecular orbitals read from record     2100.2  Type=RHF/CANONICAL (state 1.1)
 Occupation numbers read from record     2100.2  Type=RHF/RHF (state 1.1)
 Orbital energies read from record       2100.2  Type=RHF/CANONICAL (state 1.1)
 Redundancy group numbers read from rec  2100.2  Type=RHF/RHF (state 1.1)

 DUMP ORBITAL  1.1 AS ORBITAL    1  occ=    2.0000  eig=  -11.2190  GROUP=   2
 DUMP ORBITAL  2.1 AS ORBITAL    2  occ=    2.0000  eig=   -0.9080  GROUP=   2
 DUMP ORBITAL  3.1 AS ORBITAL    3  occ=    2.0000  eig=   -0.5725  GROUP=   2
 DUMP ORBITAL  4.1 AS ORBITAL    4  occ=    2.0000  eig=   -0.5725  GROUP=   2
 DUMP ORBITAL  5.1 AS ORBITAL    5  occ=    1.0000  eig=   -0.5439  GROUP=   1
 DUMP ORBITAL  6.1 AS ORBITAL    6  occ=    1.0000  eig=   -0.3329  GROUP=   1

 Total charge:      10.000000

 **********************************************************************************************************************************

 UCCSD(T)/aug-cc-pVTZ energy=    -40.233050970896

        UCCSD(T)         RHF-SCF           MULTI             RS2           MULTI             RS2           MULTI           MULTI
    -40.23305097    -40.03961862    -40.03961862    -40.21199328    -40.03961862    -40.29720803    -40.12187435    -40.10733520
 **********************************************************************************************************************************
 Molpro calculation terminated
