
(0,0)-th SURFACE:

molpro_pot: coordinates (angstrom):

C, -0.315723, -0.117645, 0.57377
H, -0.136768, 0.242827, -0.426505
H, 0.337245, -0.860204, 1.0036
H, -1.14544, 0.26647, 1.14522
H, 4.70422, 1.75169, -8.55409

molpro_pot: interatomic distances matrix (angstrom):

\     C1    H2    H3    H4
H2  1.08
H3  1.08  1.87
H4  1.08  1.87  1.87
H5  10.6  9.58  10.8  11.4

Molpro::pot: 1-th molpro energy = -6.2095e-05 kcal/mole

Molpro::pot: 0-th energy correction = -1.83714e-07 kcal/mole
Molpro::pot: 1-th energy correction = 0 kcal/mole
molpro_pot: 0-th energy = -6.22787e-05 kcal/mol
molpro_pot: 1-th energy = -6.2095e-05 kcal/mol
molpro_pot: coordinates (angstrom):

C, 0.179922, 0.493661, -0.407859
H, -0.531801, 0.351861, -1.20527
H, 1.23591, 0.403346, -0.605988
H, -0.163933, 0.728737, 0.586638
H, -2.68247, -7.36188, 6.08093

molpro_pot: interatomic distances matrix (angstrom):

\     C1    H2    H3    H4
H2  1.08
H3  1.08  1.87
H4  1.08  1.87  1.87
H5  10.6  10.8    11  10.1

Molpro::pot: 1-th molpro energy = -8.09504e-05 kcal/mole

Molpro::pot: 0-th energy correction = -1.83799e-07 kcal/mole
Molpro::pot: 1-th energy correction = 0 kcal/mole
molpro_pot: 0-th energy = -8.11342e-05 kcal/mol
molpro_pot: 1-th energy = -8.09504e-05 kcal/mol
molpro_pot: coordinates (angstrom):

C, 0.08339, 0.374084, 0.543858
H, 0.0959662, 0.709615, -0.480728
H, 0.167936, 1.08955, 1.34603
H, -0.0168009, -0.676141, 0.766369
H, -1.24001, -5.57717, -8.10729

molpro_pot: interatomic distances matrix (angstrom):

\     C1    H2    H3    H4
H2  1.08
H3  1.08  1.87
H4  1.08  1.87  1.87
H5  10.6  9.97  11.7  10.2

Molpro::pot: 1-th molpro energy = -4.68265e-05 kcal/mole

Molpro::pot: 0-th energy correction = -1.8373e-07 kcal/mole
Molpro::pot: 1-th energy correction = 0 kcal/mole
molpro_pot: 0-th energy = -4.70102e-05 kcal/mol
molpro_pot: 1-th energy = -4.68265e-05 kcal/mol
molpro_pot: coordinates (angstrom):

C, -0.339314, 0.335376, -0.463458
H, 0.543724, 0.710664, -0.955308
H, -0.810534, 0.915297, 0.313821
H, -0.752851, -0.618004, -0.750816
H, 5.05982, -5.00122, 6.91062

molpro_pot: interatomic distances matrix (angstrom):

\     C1    H2    H3    H4
H2  1.08
H3  1.08  1.87
H4  1.08  1.87  1.87
H5  10.6  10.7  10.6  10.6

Molpro::pot: 1-th molpro energy = -2.5518e-05 kcal/mole

Molpro::pot: 0-th energy correction = -1.83804e-07 kcal/mole
Molpro::pot: 1-th energy correction = 0 kcal/mole
molpro_pot: 0-th energy = -2.57018e-05 kcal/mol
molpro_pot: 1-th energy = -2.5518e-05 kcal/mol
molpro_pot: coordinates (angstrom):

C, 0.439029, -0.428299, 0.258322
H, -0.154194, 0.194267, 0.908717
H, 0.19633, -1.47254, 0.143567
H, 1.27274, -0.00621458, -0.279544
H, -6.54231, 6.38417, -3.84853

molpro_pot: interatomic distances matrix (angstrom):

\     C1    H2    H3    H4
H2  1.08
H3  1.08  1.87
H4  1.08  1.87  1.87
H5  10.6  10.1  11.1  10.7

Molpro::pot: 1-th molpro energy = -3.5488e-05 kcal/mole

Molpro::pot: 0-th energy correction = -1.83663e-07 kcal/mole
Molpro::pot: 1-th energy correction = 0 kcal/mole
molpro_pot: 0-th energy = -3.56717e-05 kcal/mol
molpro_pot: 1-th energy = -3.5488e-05 kcal/mol

(0,0)-th SURFACE:

molpro_pot: coordinates (angstrom):

C, -0.617441, -0.0327432, 0.245367
H, -1.43191, 0.623372, 0.507419
H, 0.252133, -0.0919689, 0.880073
H, -0.673746, -0.631749, -0.649364
H, 9.20528, 0.490214, -3.65967

molpro_pot: interatomic distances matrix (angstrom):

\     C1    H2    H3    H4
H2  1.08
H3  1.08  1.87
H4  1.08  1.87  1.87
H5  10.6  11.4  10.1  10.4

Molpro::pot: 1-th molpro energy = -5.02424e-05 kcal/mole

Molpro::pot: 0-th energy correction = -1.83775e-07 kcal/mole
Molpro::pot: 1-th energy correction = 0 kcal/mole
molpro_pot: 0-th energy = -5.04261e-05 kcal/mol
molpro_pot: 1-th energy = -5.02424e-05 kcal/mol
molpro_pot: coordinates (angstrom):

C, -0.0215505, 0.487213, -0.452379
H, -0.175978, -0.299648, -1.17315
H, 0.81849, 0.442644, 0.222058
H, -0.705054, 1.31991, -0.408035
H, 0.31914, -7.26407, 6.74553

molpro_pot: interatomic distances matrix (angstrom):

\     C1    H2    H3    H4
H2  1.08
H3  1.08  1.87
H4  1.08  1.87  1.87
H5  10.6  10.6  10.1  11.2

Molpro::pot: 1-th molpro energy = -3.9722e-05 kcal/mole

Molpro::pot: 0-th energy correction = -1.83781e-07 kcal/mole
Molpro::pot: 1-th energy correction = 0 kcal/mole
molpro_pot: 0-th energy = -3.99058e-05 kcal/mol
molpro_pot: 1-th energy = -3.9722e-05 kcal/mol
molpro_pot: coordinates (angstrom):

C, 0.000528109, 0.538918, 0.390433
H, -0.467102, 1.49878, 0.240411
H, -0.587887, -0.362456, 0.32871
H, 1.05673, 0.480139, 0.599031
H, -0.00802431, -8.03327, -5.81697

molpro_pot: interatomic distances matrix (angstrom):

\     C1    H2    H3    H4
H2  1.08
H3  1.08  1.87
H4  1.08  1.87  1.87
H5  10.6  11.3  9.85  10.7

Molpro::pot: 1-th molpro energy = -9.47341e-05 kcal/mole

Molpro::pot: 0-th energy correction = -1.83675e-07 kcal/mole
Molpro::pot: 1-th energy correction = 0 kcal/mole
molpro_pot: 0-th energy = -9.49178e-05 kcal/mol
molpro_pot: 1-th energy = -9.47341e-05 kcal/mol
molpro_pot: coordinates (angstrom):

C, 0.0545916, 0.525067, 0.404726
H, 0.799707, -0.238658, 0.559784
H, -0.986872, 0.304004, 0.575027
H, 0.350985, 1.51038, 0.0824884
H, -0.813832, -7.82761, -6.0363

molpro_pot: interatomic distances matrix (angstrom):

\     C1    H2    H3    H4
H2  1.08
H3  1.08  1.87
H4  1.08  1.87  1.87
H5  10.6  10.2  10.5  11.2

Molpro::pot: 1-th molpro energy = -6.3621e-05 kcal/mole

Molpro::pot: 0-th energy correction = -1.83784e-07 kcal/mole
Molpro::pot: 1-th energy correction = 0 kcal/mole
molpro_pot: 0-th energy = -6.38048e-05 kcal/mol
molpro_pot: 1-th energy = -6.3621e-05 kcal/mol
molpro_pot: coordinates (angstrom):

C, 0.394618, 0.500905, 0.189756
H, 0.656361, 1.14479, 1.01403
H, 0.826097, 0.669825, -0.7838
H, -0.295919, -0.313487, 0.339574
H, -5.88519, -7.46531, -2.82919

molpro_pot: interatomic distances matrix (angstrom):

\     C1    H2    H3    H4
H2  1.08
H3  1.08  1.87
H4  1.08  1.87  1.87
H5  10.6  11.5  10.7  9.61

Molpro::pot: 1-th molpro energy = -8.93297e-05 kcal/mole

Molpro::pot: 0-th energy correction = -1.8374e-07 kcal/mole
Molpro::pot: 1-th energy correction = 0 kcal/mole
molpro_pot: 0-th energy = -8.95134e-05 kcal/mol
molpro_pot: 1-th energy = -8.93297e-05 kcal/mol

(1,0)-th SURFACE:

molpro_pot: coordinates (angstrom):

C, 0.43465, -0.352253, -0.08135
H, 1.10454, 0.36353, 0.367441
H, 0.058843, -0.186834, -1.07831
H, 0.14306, -1.23467, 0.465301
H, -6.48175, 5.25219, 1.21419

molpro_pot: interatomic distances matrix (angstrom):

\     C1    H2    H3    H4
H2  1.08
H3  1.08  1.87
H4  1.08  1.87  1.87
H5     9  9.06  8.81   9.3

Molpro::pot: 1-th molpro energy = -5.69644e-05 kcal/mole

Molpro::pot: 0-th energy correction = -4.39772e-06 kcal/mole
Molpro::pot: 1-th energy correction = 0 kcal/mole
molpro_pot: 0-th energy = -6.13621e-05 kcal/mol
molpro_pot: 1-th energy = -5.69644e-05 kcal/mol
molpro_pot: coordinates (angstrom):

C, -0.403475, -0.267173, 0.292311
H, -0.322409, -0.0469995, 1.34467
H, 0.186178, -1.06009, -0.139094
H, -1.07617, 0.30322, -0.327891
H, 6.01651, 3.98505, -4.35818

molpro_pot: interatomic distances matrix (angstrom):

\     C1    H2    H3    H4
H2  1.08
H3  1.08  1.87
H4  1.08  1.87  1.87
H5     9  9.43  8.79  8.95

Molpro::pot: 1-th molpro energy = -4.06942e-05 kcal/mole

Molpro::pot: 0-th energy correction = -4.39773e-06 kcal/mole
Molpro::pot: 1-th energy correction = 0 kcal/mole
molpro_pot: 0-th energy = -4.50919e-05 kcal/mol
molpro_pot: 1-th energy = -4.06942e-05 kcal/mol
molpro_pot: coordinates (angstrom):

C, 0.47189, -0.126957, -0.284396
H, -0.261034, -0.294363, -1.05726
H, 0.355316, -0.596288, 0.679273
H, 1.3227, 0.507015, -0.476007
H, -7.0357, 1.89529, 4.24024

molpro_pot: interatomic distances matrix (angstrom):

\     C1    H2    H3    H4
H2  1.08
H3  1.08  1.87
H4  1.08  1.87  1.87
H5     9  8.87  8.57   9.7

Molpro::pot: 1-th molpro energy = -9.28693e-05 kcal/mole

Molpro::pot: 0-th energy correction = -4.39726e-06 kcal/mole
Molpro::pot: 1-th energy correction = 0 kcal/mole
molpro_pot: 0-th energy = -9.72665e-05 kcal/mol
molpro_pot: 1-th energy = -9.28693e-05 kcal/mol
molpro_pot: coordinates (angstrom):

C, -0.440677, -0.350337, -0.053469
H, -1.393, -0.85476, -0.0195898
H, 0.0832034, -0.126554, 0.861949
H, -0.0108462, -0.0725262, -1.00246
H, 6.56771, 5.22524, 0.796749

molpro_pot: interatomic distances matrix (angstrom):

\     C1    H2    H3    H4
H2  1.08
H3  1.08  1.87
H4  1.08  1.87  1.87
H5     9  10.1  8.41  8.64

Molpro::pot: 1-th molpro energy = -6.84878e-05 kcal/mole

Molpro::pot: 0-th energy correction = -4.39639e-06 kcal/mole
Molpro::pot: 1-th energy correction = 0 kcal/mole
molpro_pot: 0-th energy = -7.28842e-05 kcal/mol
molpro_pot: 1-th energy = -6.84878e-05 kcal/mol
molpro_pot: coordinates (angstrom):

C, -0.318283, -0.46575, -0.0396356
H, -0.260136, -0.999618, -0.974579
H, 0.00565209, 0.56117, 0.0153077
H, -0.703078, -0.957532, 0.839343
H, 4.7473, 6.94159, 0.591863

molpro_pot: interatomic distances matrix (angstrom):

\     C1    H2    H3    H4
H2  1.08
H3  1.08  1.87
H4  1.08  1.87  1.87
H5     9  9.52  7.97   9.6

Molpro::pot: 1-th molpro energy = -0.000111176 kcal/mole

Molpro::pot: 0-th energy correction = -4.39633e-06 kcal/mole
Molpro::pot: 1-th energy correction = 0 kcal/mole
molpro_pot: 0-th energy = -0.000115572 kcal/mol
molpro_pot: 1-th energy = -0.000111176 kcal/mol

(2,0)-th SURFACE:

molpro_pot: coordinates (angstrom):

C, -0.0773451, -0.112461, 0.497342
H, -0.520439, 0.853203, 0.680857
H, 0.0331702, -0.471083, -0.513448
H, 0.257962, -0.718013, 1.32402
H, 1.15024, 1.67494, -7.41319

molpro_pot: interatomic distances matrix (angstrom):

\     C1    H2    H3    H4
H2  1.08
H3  1.08  1.87
H4  1.08  1.87  1.87
H5   8.2  8.31  7.31   9.1

Molpro::pot: 1-th molpro energy = -0.00022183 kcal/mole

Molpro::pot: 0-th energy correction = -2.14993e-05 kcal/mole
Molpro::pot: 1-th energy correction = 0 kcal/mole
molpro_pot: 0-th energy = -0.000243329 kcal/mol
molpro_pot: 1-th energy = -0.00022183 kcal/mol
molpro_pot: coordinates (angstrom):

C, -0.226181, 0.38301, -0.260576
H, -0.372592, -0.662376, -0.0409234
H, 0.374793, 0.676719, -1.1062
H, -0.683048, 1.13444, 0.363237
H, 3.37395, -5.70922, 3.88653

molpro_pot: interatomic distances matrix (angstrom):

\     C1    H2    H3    H4
H2  1.08
H3  1.08  1.87
H4  1.08  1.87  1.87
H5   8.2  7.41  8.64   8.7

Molpro::pot: 1-th molpro energy = -0.000161662 kcal/mole

Molpro::pot: 0-th energy correction = -2.15087e-05 kcal/mole
Molpro::pot: 1-th energy correction = 0 kcal/mole
molpro_pot: 0-th energy = -0.000183171 kcal/mol
molpro_pot: 1-th energy = -0.000161662 kcal/mol
molpro_pot: coordinates (angstrom):

C, -0.271398, -0.312128, -0.307757
H, 0.621932, -0.257043, 0.293443
H, -0.246645, -0.807342, -1.26519
H, -1.18992, 0.125072, 0.0495872
H, 4.04612, 4.65576, 4.58657

molpro_pot: interatomic distances matrix (angstrom):

\     C1    H2    H3    H4
H2  1.08
H3  1.08  1.87
H4  1.08  1.87  1.87
H5   8.2  7.37  9.08  8.28

Molpro::pot: 1-th molpro energy = -0.000245505 kcal/mole

Molpro::pot: 0-th energy correction = -2.1507e-05 kcal/mole
Molpro::pot: 1-th energy correction = 0 kcal/mole
molpro_pot: 0-th energy = -0.000267012 kcal/mol
molpro_pot: 1-th energy = -0.000245505 kcal/mol
molpro_pot: coordinates (angstrom):

C, -0.50995, -0.0739927, 0.0174588
H, -1.1112, -0.34492, -0.835541
H, -0.984789, 0.205528, 0.944235
H, 0.565738, -0.0855337, -0.0552356
H, 7.60214, 1.10594, -0.261338

molpro_pot: interatomic distances matrix (angstrom):

\     C1    H2    H3    H4
H2  1.08
H3  1.08  1.87
H4  1.08  1.87  1.87
H5   8.2  8.85  8.72  7.14

Molpro::pot: 1-th molpro energy = -0.000213752 kcal/mole

Molpro::pot: 0-th energy correction = -2.15056e-05 kcal/mole
Molpro::pot: 1-th energy correction = 0 kcal/mole
molpro_pot: 0-th energy = -0.000235258 kcal/mol
molpro_pot: 1-th energy = -0.000213752 kcal/mol
molpro_pot: coordinates (angstrom):

C, 0.00276481, 0.266702, -0.441341
H, 0.820579, 0.835668, -0.853619
H, 0.14301, -0.297794, 0.46651
H, -0.955822, 0.26464, -0.934927
H, -0.0406861, -3.97809, 6.57701

molpro_pot: interatomic distances matrix (angstrom):

\     C1    H2    H3    H4
H2  1.08
H3  1.08  1.87
H4  1.08  1.87  1.87
H5   8.2   8.9  7.14  8.68

Molpro::pot: 1-th molpro energy = -0.000220438 kcal/mole

Molpro::pot: 0-th energy correction = -2.15018e-05 kcal/mole
Molpro::pot: 1-th energy correction = 0 kcal/mole
molpro_pot: 0-th energy = -0.00024194 kcal/mol
molpro_pot: 1-th energy = -0.000220438 kcal/mol

(3,0)-th SURFACE:

molpro_pot: coordinates (angstrom):

C, 0.225183, -0.335347, 0.245263
H, 1.21227, -0.0202871, -0.0529243
H, -0.498417, 0.395242, 0.569548
H, -0.0393101, -1.3802, 0.216271
H, -3.35575, 4.99817, -3.6532

molpro_pot: interatomic distances matrix (angstrom):

\     C1    H2    H3    H4
H2  1.08
H3  1.08  1.87
H4  1.08  1.87  1.87
H5  7.51  7.68  6.87  8.16

Molpro::pot: 1-th molpro energy = -0.000317746 kcal/mole

Molpro::pot: 0-th energy correction = -8.50884e-05 kcal/mole
Molpro::pot: 1-th energy correction = 0 kcal/mole
molpro_pot: 0-th energy = -0.000402834 kcal/mol
molpro_pot: 1-th energy = -0.000317746 kcal/mol
molpro_pot: coordinates (angstrom):

C, 0.262263, -0.393031, -0.00864245
H, 0.646105, 0.559902, 0.318618
H, -0.293402, -1.01373, 0.675821
H, 0.431288, -0.723859, -1.02082
H, -3.90671, 5.85743, 0.129286

molpro_pot: interatomic distances matrix (angstrom):

\     C1    H2    H3    H4
H2  1.08
H3  1.08  1.87
H4  1.08  1.87  1.87
H5  7.51  6.99  7.78  7.97

Molpro::pot: 1-th molpro energy = -0.000326086 kcal/mole

Molpro::pot: 0-th energy correction = -8.50864e-05 kcal/mole
Molpro::pot: 1-th energy correction = 0 kcal/mole
molpro_pot: 0-th energy = -0.000411173 kcal/mol
molpro_pot: 1-th energy = -0.000326086 kcal/mol
molpro_pot: coordinates (angstrom):

C, 0.059824, -0.354645, -0.306082
H, 1.03723, -0.0979943, 0.069848
H, -0.607474, 0.421178, -0.645685
H, -0.249095, -1.3869, -0.345334
H, -0.892975, 5.28642, 4.56564

molpro_pot: interatomic distances matrix (angstrom):

\     C1    H2    H3    H4
H2  1.08
H3  1.08  1.87
H4  1.08  1.87  1.87
H5  7.51  7.28  7.14  8.31

Molpro::pot: 1-th molpro energy = -0.000323796 kcal/mole

Molpro::pot: 0-th energy correction = -8.51389e-05 kcal/mole
Molpro::pot: 1-th energy correction = 0 kcal/mole
molpro_pot: 0-th energy = -0.000408935 kcal/mol
molpro_pot: 1-th energy = -0.000323796 kcal/mol
molpro_pot: coordinates (angstrom):

C, 0.197424, 0.187726, 0.385875
H, 0.0380306, -0.304737, -0.559952
H, 0.827957, -0.26927, 1.1316
H, -0.270975, 1.13827, 0.584827
H, -2.94571, -2.79949, -5.75102

molpro_pot: interatomic distances matrix (angstrom):

\     C1    H2    H3    H4
H2  1.08
H3  1.08  1.87
H4  1.08  1.87  1.87
H5  7.51  6.49  8.25  7.92

Molpro::pot: 1-th molpro energy = -0.000379547 kcal/mole

Molpro::pot: 0-th energy correction = -8.51247e-05 kcal/mole
Molpro::pot: 1-th energy correction = 0 kcal/mole
molpro_pot: 0-th energy = -0.000464672 kcal/mol
molpro_pot: 1-th energy = -0.000379547 kcal/mol
molpro_pot: coordinates (angstrom):

C, -0.107614, -0.43985, -0.135188
H, -0.909319, 0.256143, 0.0528996
H, 0.62352, -0.225918, -0.898204
H, -0.0351855, -1.34795, 0.441546
H, 1.60232, 6.55495, 2.01341

molpro_pot: interatomic distances matrix (angstrom):

\     C1    H2    H3    H4
H2  1.08
H3  1.08  1.87
H4  1.08  1.87  1.87
H5  7.51  7.06  7.44  8.22

Molpro::pot: 1-th molpro energy = -0.000271181 kcal/mole

Molpro::pot: 0-th energy correction = -8.50874e-05 kcal/mole
Molpro::pot: 1-th energy correction = 0 kcal/mole
molpro_pot: 0-th energy = -0.000356268 kcal/mol
molpro_pot: 1-th energy = -0.000271181 kcal/mol

(4,0)-th SURFACE:

molpro_pot: coordinates (angstrom):

C, 0.230724, 0.357242, 0.0794132
H, 1.28068, 0.555761, 0.223304
H, -0.154498, 0.188763, -0.91343
H, -0.433294, 0.324119, 0.928238
H, -3.44007, -5.32226, -1.18367

molpro_pot: interatomic distances matrix (angstrom):

\     C1    H2    H3    H4
H2  1.08
H3  1.08  1.87
H4  1.08  1.87  1.87
H5  6.88  7.67  6.42  6.74

Molpro::pot: 1-th molpro energy = -0.000593747 kcal/mole

Molpro::pot: 0-th energy correction = -0.000303002 kcal/mole
Molpro::pot: 1-th energy correction = 0 kcal/mole
molpro_pot: 0-th energy = -0.000896749 kcal/mol
molpro_pot: 1-th energy = -0.000593747 kcal/mol
molpro_pot: coordinates (angstrom):

C, 0.399523, -0.143727, -0.0817208
H, -0.606609, -0.522469, 0.000547507
H, 1.22834, -0.734948, 0.2733
H, 0.577164, 0.824489, -0.521631
H, -5.95595, 2.14426, 1.22082

molpro_pot: interatomic distances matrix (angstrom):

\     C1    H2    H3    H4
H2  1.08
H3  1.08  1.87
H4  1.08  1.87  1.87
H5  6.88   6.1   7.8  6.89

Molpro::pot: 1-th molpro energy = -0.000638693 kcal/mole

Molpro::pot: 0-th energy correction = -0.000303147 kcal/mole
Molpro::pot: 1-th energy correction = 0 kcal/mole
molpro_pot: 0-th energy = -0.00094184 kcal/mol
molpro_pot: 1-th energy = -0.000638693 kcal/mol
molpro_pot: coordinates (angstrom):

C, 0.0723265, 0.096746, 0.415322
H, 0.573273, 0.291364, 1.35004
H, -0.244662, 0.918074, -0.207139
H, -0.108851, -0.918776, 0.101616
H, -1.08094, -1.4426, -6.18968

molpro_pot: interatomic distances matrix (angstrom):

\     C1    H2    H3    H4
H2  1.08
H3  1.08  1.87
H4  1.08  1.87  1.87
H5  6.88  7.91  6.49  6.39

Molpro::pot: 1-th molpro energy = -0.00062918 kcal/mole

Molpro::pot: 0-th energy correction = -0.000303057 kcal/mole
Molpro::pot: 1-th energy correction = 0 kcal/mole
molpro_pot: 0-th energy = -0.000932237 kcal/mol
molpro_pot: 1-th energy = -0.00062918 kcal/mol
molpro_pot: coordinates (angstrom):

C, 0.0505464, -0.387813, 0.184921
H, -0.123042, 0.594389, 0.594388
H, -0.535504, -0.734106, -0.651227
H, 0.811949, -1.02235, 0.609358
H, -0.75525, 5.77969, -2.75434

molpro_pot: interatomic distances matrix (angstrom):

\     C1    H2    H3    H4
H2  1.08
H3  1.08  1.87
H4  1.08  1.87  1.87
H5  6.88   6.2  6.85  7.75

Molpro::pot: 1-th molpro energy = -0.000592884 kcal/mole

Molpro::pot: 0-th energy correction = -0.00030301 kcal/mole
Molpro::pot: 1-th energy correction = 0 kcal/mole
molpro_pot: 0-th energy = -0.000895895 kcal/mol
molpro_pot: 1-th energy = -0.000592884 kcal/mol
molpro_pot: coordinates (angstrom):

C, 0.398944, 0.139599, 0.091163
H, -0.400142, -0.580373, 0.166113
H, 0.508441, 0.903153, 0.844498
H, 1.09017, 0.0942452, -0.735074
H, -5.94863, -2.0792, -1.361

molpro_pot: interatomic distances matrix (angstrom):

\     C1    H2    H3    H4
H2  1.08
H3  1.08  1.87
H4  1.08  1.87  1.87
H5  6.88  5.95  7.45  7.39

Molpro::pot: 1-th molpro energy = -0.000693211 kcal/mole

Molpro::pot: 0-th energy correction = -0.000303147 kcal/mole
Molpro::pot: 1-th energy correction = 0 kcal/mole
molpro_pot: 0-th energy = -0.000996358 kcal/mol
molpro_pot: 1-th energy = -0.000693211 kcal/mol

(4,0)-th SURFACE:

molpro_pot: coordinates (angstrom):

C, 0.0245678, 0.328573, -0.28044
H, 0.189999, 0.972009, 0.568759
H, 0.86157, -0.0161956, -0.86617
H, -0.977134, 0.0274504, -0.542049
H, -0.366959, -4.89553, 4.17861

molpro_pot: interatomic distances matrix (angstrom):

\     C1    H2    H3    H4
H2  1.08
H3  1.08  1.87
H4  1.08  1.87  1.87
H5  6.88  6.91  7.13  6.85

Molpro::pot: 1-th molpro energy = -0.00051701 kcal/mole

Molpro::pot: 0-th energy correction = -0.000302968 kcal/mole
Molpro::pot: 1-th energy correction = 0 kcal/mole
molpro_pot: 0-th energy = -0.000819977 kcal/mol
molpro_pot: 1-th energy = -0.00051701 kcal/mol
molpro_pot: coordinates (angstrom):

C, -0.130484, -0.144096, 0.386363
H, -0.899334, -0.453637, 1.07598
H, -0.341781, -0.0961152, -0.669843
H, 0.848377, 0.120357, 0.75299
H, 1.94639, 2.14512, -5.75948

molpro_pot: interatomic distances matrix (angstrom):

\     C1    H2    H3    H4
H2  1.08
H3  1.08  1.87
H4  1.08  1.87  1.87
H5  6.88  7.85  6.01  6.91

Molpro::pot: 1-th molpro energy = -0.000691196 kcal/mole

Molpro::pot: 0-th energy correction = -0.000303069 kcal/mole
Molpro::pot: 1-th energy correction = 0 kcal/mole
molpro_pot: 0-th energy = -0.000994265 kcal/mol
molpro_pot: 1-th energy = -0.000691196 kcal/mol
molpro_pot: coordinates (angstrom):

C, -0.263732, -0.324193, 0.111305
H, -0.0802537, 0.52473, -0.527585
H, 0.415958, -0.548325, 0.91772
H, -1.12818, -0.94699, -0.054124
H, 3.93269, 4.83069, -1.6613

molpro_pot: interatomic distances matrix (angstrom):

\     C1    H2    H3    H4
H2  1.08
H3  1.08  1.87
H4  1.08  1.87  1.87
H5  6.88  5.99  6.92  7.85

Molpro::pot: 1-th molpro energy = -0.000653739 kcal/mole

Molpro::pot: 0-th energy correction = -0.000303084 kcal/mole
Molpro::pot: 1-th energy correction = 0 kcal/mole
molpro_pot: 0-th energy = -0.000956823 kcal/mol
molpro_pot: 1-th energy = -0.000653739 kcal/mol
molpro_pot: coordinates (angstrom):

C, 0.374807, -0.213984, 0.0280866
H, 0.898263, -1.15554, -0.0164921
H, 0.896938, 0.703504, -0.191263
H, -0.671109, -0.190079, 0.28887
H, -5.58686, 3.18998, -0.415538

molpro_pot: interatomic distances matrix (angstrom):

\     C1    H2    H3    H4
H2  1.08
H3  1.08  1.87
H4  1.08  1.87  1.87
H5  6.88  7.82  6.95  6.01

Molpro::pot: 1-th molpro energy = -0.000708499 kcal/mole

Molpro::pot: 0-th energy correction = -0.000303074 kcal/mole
Molpro::pot: 1-th energy correction = 0 kcal/mole
molpro_pot: 0-th energy = -0.00101157 kcal/mol
molpro_pot: 1-th energy = -0.000708499 kcal/mol
molpro_pot: coordinates (angstrom):

C, 0.110748, 0.288732, -0.302184
H, -0.19742, 1.3202, -0.362302
H, -0.609913, -0.475449, -0.0588867
H, 1.13848, 0.0210568, -0.488306
H, -1.64981, -4.30369, 4.50754

molpro_pot: interatomic distances matrix (angstrom):

\     C1    H2    H3    H4
H2  1.08
H3  1.08  1.87
H4  1.08  1.87  1.87
H5  6.88  7.58  6.05  7.17

Molpro::pot: 1-th molpro energy = -0.000635607 kcal/mole

Molpro::pot: 0-th energy correction = -0.000303153 kcal/mole
Molpro::pot: 1-th energy correction = 0 kcal/mole
molpro_pot: 0-th energy = -0.000938759 kcal/mol
molpro_pot: 1-th energy = -0.000635607 kcal/mol

(5,0)-th SURFACE:

molpro_pot: coordinates (angstrom):

C, 0.168501, -0.248785, 0.267641
H, 0.560191, 0.0038782, 1.23988
H, 0.622918, 0.162151, -0.619577
H, -0.675307, -0.914546, 0.182375
H, -2.51412, 3.71075, -3.98944

molpro_pot: interatomic distances matrix (angstrom):

\     C1    H2    H3    H4
H2  1.08
H3  1.08  1.87
H4  1.08  1.87  1.87
H5   6.4  7.11  5.81  6.49

Molpro::pot: 1-th molpro energy = -0.000935523 kcal/mole

Molpro::pot: 0-th energy correction = -0.000785893 kcal/mole
Molpro::pot: 1-th energy correction = 0 kcal/mole
molpro_pot: 0-th energy = -0.00172142 kcal/mol
molpro_pot: 1-th energy = -0.000935523 kcal/mol
molpro_pot: coordinates (angstrom):

C, -0.257502, -0.218344, -0.219263
H, -0.595007, -0.876544, -1.00372
H, -0.706013, -0.272767, 0.759713
H, 0.53031, 0.491904, -0.412709
H, 3.83675, 3.25719, 3.26745

molpro_pot: interatomic distances matrix (angstrom):

\     C1    H2    H3    H4
H2  1.08
H3  1.08  1.87
H4  1.08  1.87  1.87
H5   6.4  7.41  6.28  5.67

Molpro::pot: 1-th molpro energy = -0.00106626 kcal/mole

Molpro::pot: 0-th energy correction = -0.000785621 kcal/mole
Molpro::pot: 1-th energy correction = 0 kcal/mole
molpro_pot: 0-th energy = -0.00185189 kcal/mol
molpro_pot: 1-th energy = -0.00106626 kcal/mol
molpro_pot: coordinates (angstrom):

C, -0.302015, 0.245515, 0.10347
H, -0.420156, 0.860493, -0.774231
H, -0.885747, -0.654332, 0.213244
H, 0.401775, 0.528522, 0.869699
H, 4.50016, -3.65799, -1.54071

molpro_pot: interatomic distances matrix (angstrom):

\     C1    H2    H3    H4
H2  1.08
H3  1.08  1.87
H4  1.08  1.87  1.87
H5   6.4  6.72  6.41  6.34

Molpro::pot: 1-th molpro energy = -0.000830821 kcal/mole

Molpro::pot: 0-th energy correction = -0.00078535 kcal/mole
Molpro::pot: 1-th energy correction = 0 kcal/mole
molpro_pot: 0-th energy = -0.00161617 kcal/mol
molpro_pot: 1-th energy = -0.000830821 kcal/mol
molpro_pot: coordinates (angstrom):

C, -0.228054, 0.030673, 0.330042
H, -0.931404, 0.0720672, -0.486108
H, 0.31239, 0.917165, 0.620855
H, -0.0674115, -0.896026, 0.857245
H, 3.40182, -0.458424, -4.92175

molpro_pot: interatomic distances matrix (angstrom):

\     C1    H2    H3    H4
H2  1.08
H3  1.08  1.87
H4  1.08  1.87  1.87
H5   6.4  6.22  6.49  6.75

Molpro::pot: 1-th molpro energy = -0.000852636 kcal/mole

Molpro::pot: 0-th energy correction = -0.000785974 kcal/mole
Molpro::pot: 1-th energy correction = 0 kcal/mole
molpro_pot: 0-th energy = -0.00163861 kcal/mol
molpro_pot: 1-th energy = -0.000852636 kcal/mol
molpro_pot: coordinates (angstrom):

C, 0.21069, 0.153649, 0.306657
H, 1.0566, 0.328502, 0.951928
H, -0.636679, 0.819654, 0.33699
H, 0.213344, -0.685043, -0.37092
H, -3.14192, -2.29258, -4.5693

molpro_pot: interatomic distances matrix (angstrom):

\     C1    H2    H3    H4
H2  1.08
H3  1.08  1.87
H4  1.08  1.87  1.87
H5   6.4  7.41  6.33  5.61

Molpro::pot: 1-th molpro energy = -0.00113407 kcal/mole

Molpro::pot: 0-th energy correction = -0.000785662 kcal/mole
Molpro::pot: 1-th energy correction = 0 kcal/mole
molpro_pot: 0-th energy = -0.00191973 kcal/mol
molpro_pot: 1-th energy = -0.00113407 kcal/mol

(6,0)-th SURFACE:

molpro_pot: coordinates (angstrom):

C, -0.0261028, 0.174308, -0.331806
H, -0.928847, 0.605157, 0.0706076
H, -0.0849657, -0.574742, -1.1051
H, 0.93526, 0.494533, 0.0366482
H, 0.389354, -2.6004, 4.9486

molpro_pot: interatomic distances matrix (angstrom):

\     C1    H2    H3    H4
H2  1.08
H3  1.08  1.87
H4  1.08  1.87  1.87
H5  5.98  5.98   6.4  5.83

Molpro::pot: 1-th molpro energy = -0.00153638 kcal/mole

Molpro::pot: 0-th energy correction = -0.00183283 kcal/mole
Molpro::pot: 1-th energy correction = 0 kcal/mole
molpro_pot: 0-th energy = -0.00336921 kcal/mol
molpro_pot: 1-th energy = -0.00153638 kcal/mol
molpro_pot: coordinates (angstrom):

C, 0.131417, -0.325175, 0.134731
H, 1.12377, -0.434242, -0.272511
H, -0.708734, -0.780716, -0.364416
H, -0.020451, 0.236567, 1.04242
H, -1.95935, 4.8502, -2.00971

molpro_pot: interatomic distances matrix (angstrom):

\     C1    H2    H3    H4
H2  1.08
H3  1.08  1.87
H4  1.08  1.87  1.87
H5  5.98  6.36     6  5.86

Molpro::pot: 1-th molpro energy = -0.00144772 kcal/mole

Molpro::pot: 0-th energy correction = -0.00183282 kcal/mole
Molpro::pot: 1-th energy correction = 0 kcal/mole
molpro_pot: 0-th energy = -0.00328054 kcal/mol
molpro_pot: 1-th energy = -0.00144772 kcal/mol
molpro_pot: coordinates (angstrom):

C, 0.337543, -0.0165024, 0.164877
H, 0.55618, 0.17484, -0.87344
H, 0.936406, 0.442713, 0.934944
H, -0.481526, -0.664311, 0.433189
H, -5.03013, 0.24325, -2.45785

molpro_pot: interatomic distances matrix (angstrom):

\     C1    H2    H3    H4
H2  1.08
H3  1.08  1.87
H4  1.08  1.87  1.87
H5  5.98  5.81  6.87  5.47

Molpro::pot: 1-th molpro energy = -0.00167564 kcal/mole

Molpro::pot: 0-th energy correction = -0.0018317 kcal/mole
Molpro::pot: 1-th energy correction = 0 kcal/mole
molpro_pot: 0-th energy = -0.00350734 kcal/mol
molpro_pot: 1-th energy = -0.00167564 kcal/mol
molpro_pot: coordinates (angstrom):

C, -0.369365, -0.0364554, 0.0598602
H, 0.0235123, 0.1849, 1.03923
H, 0.29411, -0.083139, -0.78875
H, -1.42481, -0.214129, -0.0704621
H, 5.50516, 0.546437, -0.892762

molpro_pot: interatomic distances matrix (angstrom):

\     C1    H2    H3    H4
H2  1.08
H3  1.08  1.87
H4  1.08  1.87  1.87
H5  5.98  5.82  5.25  7.02

Molpro::pot: 1-th molpro energy = -0.00194748 kcal/mole

Molpro::pot: 0-th energy correction = -0.00183194 kcal/mole
Molpro::pot: 1-th energy correction = 0 kcal/mole
molpro_pot: 0-th energy = -0.00377942 kcal/mol
molpro_pot: 1-th energy = -0.00194748 kcal/mol
molpro_pot: coordinates (angstrom):

C, 0.330288, -0.0238609, 0.177953
H, 0.957276, -0.7937, 0.598369
H, 0.736588, 0.956018, -0.0151157
H, -0.701764, -0.234594, -0.0522241
H, -4.92478, 0.356383, -2.64989

molpro_pot: interatomic distances matrix (angstrom):

\     C1    H2    H3    H4
H2  1.08
H3  1.08  1.87
H4  1.08  1.87  1.87
H5  5.98  6.82  6.27  4.99

Molpro::pot: 1-th molpro energy = -0.00291615 kcal/mole

Molpro::pot: 0-th energy correction = -0.00183202 kcal/mole
Molpro::pot: 1-th energy correction = 0 kcal/mole
molpro_pot: 0-th energy = -0.00474816 kcal/mol
molpro_pot: 1-th energy = -0.00291615 kcal/mol

(6,0)-th SURFACE:

molpro_pot: coordinates (angstrom):

C, 0.0411133, 0.287593, -0.238696
H, 0.672232, -0.236737, -0.938184
H, -0.620182, 1.0645, -0.587437
H, 0.0689261, 0.0330915, 0.80867
H, -0.610505, -4.28517, 3.55907

molpro_pot: interatomic distances matrix (angstrom):

\     C1    H2    H3    H4
H2  1.08
H3  1.08  1.87
H4  1.08  1.87  1.87
H5  5.98  6.19  6.77  5.16

Molpro::pot: 1-th molpro energy = -0.00222131 kcal/mole

Molpro::pot: 0-th energy correction = -0.00183178 kcal/mole
Molpro::pot: 1-th energy correction = 0 kcal/mole
molpro_pot: 0-th energy = -0.00405309 kcal/mol
molpro_pot: 1-th energy = -0.00222131 kcal/mol
molpro_pot: coordinates (angstrom):

C, 0.129643, -0.321405, -0.1457
H, 0.782643, 0.0159283, -0.934568
H, 0.197809, -1.33585, 0.21314
H, -0.58915, 0.356224, 0.286362
H, -1.93494, 4.79061, 2.16989

molpro_pot: interatomic distances matrix (angstrom):

\     C1    H2    H3    H4
H2  1.08
H3  1.08  1.87
H4  1.08  1.87  1.87
H5  5.98  6.31  6.78     5

Molpro::pot: 1-th molpro energy = -0.00284627 kcal/mole

Molpro::pot: 0-th energy correction = -0.00183197 kcal/mole
Molpro::pot: 1-th energy correction = 0 kcal/mole
molpro_pot: 0-th energy = -0.00467824 kcal/mol
molpro_pot: 1-th energy = -0.00284627 kcal/mol
molpro_pot: coordinates (angstrom):

C, -0.170138, 0.332756, 0.0405069
H, -0.447647, 1.28555, -0.381018
H, -0.588316, 0.0185237, 0.983324
H, 0.522865, -0.306993, -0.481977
H, 2.53891, -4.95915, -0.602638

molpro_pot: interatomic distances matrix (angstrom):

\     C1    H2    H3    H4
H2  1.08
H3  1.08  1.87
H4  1.08  1.87  1.87
H5  5.98  6.93  6.09  5.07

Molpro::pot: 1-th molpro energy = -0.00251706 kcal/mole

Molpro::pot: 0-th energy correction = -0.00183208 kcal/mole
Molpro::pot: 1-th energy correction = 0 kcal/mole
molpro_pot: 0-th energy = -0.00434913 kcal/mol
molpro_pot: 1-th energy = -0.00251706 kcal/mol
molpro_pot: coordinates (angstrom):

C, -0.0201461, 0.134932, -0.350125
H, 0.724464, -0.640522, -0.432236
H, 0.11767, 1.07096, -0.867203
H, -0.90373, -0.0266161, 0.246283
H, 0.301473, -2.01044, 5.22203

molpro_pot: interatomic distances matrix (angstrom):

\     C1    H2    H3    H4
H2  1.08
H3  1.08  1.87
H4  1.08  1.87  1.87
H5  5.98  5.83  6.83  5.49

Molpro::pot: 1-th molpro energy = -0.00161086 kcal/mole

Molpro::pot: 0-th energy correction = -0.00183263 kcal/mole
Molpro::pot: 1-th energy correction = 0 kcal/mole
molpro_pot: 0-th energy = -0.00344349 kcal/mol
molpro_pot: 1-th energy = -0.00161086 kcal/mol
molpro_pot: coordinates (angstrom):

C, 0.372864, 0.0453946, -0.0145291
H, 1.23178, -0.526288, -0.327513
H, -0.576692, -0.444476, 0.129999
H, 0.46407, 1.10597, 0.156883
H, -5.55879, -0.675711, 0.213626

molpro_pot: interatomic distances matrix (angstrom):

\     C1    H2    H3    H4
H2  1.08
H3  1.08  1.87
H4  1.08  1.87  1.87
H5  5.98  6.81  4.99  6.28

Molpro::pot: 1-th molpro energy = -0.00294504 kcal/mole

Molpro::pot: 0-th energy correction = -0.00183215 kcal/mole
Molpro::pot: 1-th energy correction = 0 kcal/mole
molpro_pot: 0-th energy = -0.00477718 kcal/mol
molpro_pot: 1-th energy = -0.00294504 kcal/mol

(7,0)-th SURFACE:

molpro_pot: coordinates (angstrom):

C, 0.284605, -0.190077, 0.0850344
H, -0.56564, 0.409633, -0.197715
H, 0.60167, -0.223361, 1.11502
H, 0.815755, -0.758753, -0.661295
H, -4.24053, 2.83569, -1.2685

molpro_pot: interatomic distances matrix (angstrom):

\     C1    H2    H3    H4
H2  1.08
H3  1.08  1.87
H4  1.08  1.87  1.87
H5  5.61  4.53   6.2  6.23

Molpro::pot: 1-th molpro energy = -0.00608012 kcal/mole

Molpro::pot: 0-th energy correction = -0.00384299 kcal/mole
Molpro::pot: 1-th energy correction = 0 kcal/mole
molpro_pot: 0-th energy = -0.00992311 kcal/mol
molpro_pot: 1-th energy = -0.00608012 kcal/mol
molpro_pot: coordinates (angstrom):

C, -0.1988, -0.216877, 0.194207
H, -0.10873, 0.391322, 1.07993
H, -0.44212, -1.26359, 0.281992
H, -0.0486849, 0.222027, -0.779112
H, 2.96661, 3.23256, -2.89519

molpro_pot: interatomic distances matrix (angstrom):

\     C1    H2    H3    H4
H2  1.08
H3  1.08  1.87
H4  1.08  1.87  1.87
H5  5.61  5.77  6.48  4.76

Molpro::pot: 1-th molpro energy = -0.0042938 kcal/mole

Molpro::pot: 0-th energy correction = -0.00384394 kcal/mole
Molpro::pot: 1-th energy correction = 0 kcal/mole
molpro_pot: 0-th energy = -0.00813774 kcal/mol
molpro_pot: 1-th energy = -0.0042938 kcal/mol
molpro_pot: coordinates (angstrom):

C, -0.257175, 0.238497, -0.0359194
H, -1.20075, 0.752744, -0.123802
H, 0.164863, -0.262803, -0.892132
H, 0.265752, 0.22811, 0.906928
H, 3.83228, -3.5578, 0.536692

molpro_pot: interatomic distances matrix (angstrom):

\     C1    H2    H3    H4
H2  1.08
H3  1.08  1.87
H4  1.08  1.87  1.87
H5  5.61  6.66  5.13  5.21

Molpro::pot: 1-th molpro energy = -0.00288075 kcal/mole

Molpro::pot: 0-th energy correction = -0.00384354 kcal/mole
Molpro::pot: 1-th energy correction = 0 kcal/mole
molpro_pot: 0-th energy = -0.00672428 kcal/mol
molpro_pot: 1-th energy = -0.00288075 kcal/mol
molpro_pot: coordinates (angstrom):

C, 0.171731, -0.212943, 0.222264
H, -0.459098, -0.981571, 0.639134
H, 0.847186, 0.334241, 0.860127
H, 0.129452, 0.00637589, -0.83255
H, -2.56232, 3.17643, -3.31317

molpro_pot: interatomic distances matrix (angstrom):

\     C1    H2    H3    H4
H2  1.08
H3  1.08  1.87
H4  1.08  1.87  1.87
H5  5.61  6.11  6.09  4.84

Molpro::pot: 1-th molpro energy = -0.00403271 kcal/mole

Molpro::pot: 0-th energy correction = -0.00384432 kcal/mole
Molpro::pot: 1-th energy correction = 0 kcal/mole
molpro_pot: 0-th energy = -0.00787703 kcal/mol
molpro_pot: 1-th energy = -0.00403271 kcal/mol
molpro_pot: coordinates (angstrom):

C, 0.0935603, 0.337583, 0.0401755
H, -0.690115, 1.05014, 0.241754
H, -0.152358, -0.638944, -0.3451
H, 1.123, 0.602414, 0.22083
H, -1.39453, -5.03315, -0.595847

molpro_pot: interatomic distances matrix (angstrom):

\     C1    H2    H3    H4
H2  1.08
H3  1.08  1.87
H4  1.08  1.87  1.87
H5  5.61  6.18  4.57  6.23

Molpro::pot: 1-th molpro energy = -0.00572874 kcal/mole

Molpro::pot: 0-th energy correction = -0.00384332 kcal/mole
Molpro::pot: 1-th energy correction = 0 kcal/mole
molpro_pot: 0-th energy = -0.00957207 kcal/mol
molpro_pot: 1-th energy = -0.00572874 kcal/mol

(8,0)-th SURFACE:

molpro_pot: coordinates (angstrom):

C, -0.330964, -0.0290172, 0.0191747
H, -1.13118, -0.517905, 0.551306
H, 0.328659, 0.646284, 0.540121
H, -0.188419, -0.217654, -1.03278
H, 4.93166, 0.434779, -0.286953

molpro_pot: interatomic distances matrix (angstrom):

\     C1    H2    H3    H4
H2  1.08
H3  1.08  1.87
H4  1.08  1.87  1.87
H5  5.29  6.19  4.68  5.22

Molpro::pot: 1-th molpro energy = -0.00577887 kcal/mole

Molpro::pot: 0-th energy correction = -0.00725038 kcal/mole
Molpro::pot: 1-th energy correction = 0 kcal/mole
molpro_pot: 0-th energy = -0.0130292 kcal/mol
molpro_pot: 1-th energy = -0.00577887 kcal/mol
molpro_pot: coordinates (angstrom):

C, 0.191539, 0.0257204, -0.270975
H, -0.559099, -0.746498, -0.218659
H, -0.0638477, 1.04299, -0.0210433
H, 1.19794, -0.219637, -0.570095
H, -2.85562, -0.3831, 4.03625

molpro_pot: interatomic distances matrix (angstrom):

\     C1    H2    H3    H4
H2  1.08
H3  1.08  1.87
H4  1.08  1.87  1.87
H5  5.29  4.85  5.13  6.14

Molpro::pot: 1-th molpro energy = -0.00577715 kcal/mole

Molpro::pot: 0-th energy correction = -0.00724973 kcal/mole
Molpro::pot: 1-th energy correction = 0 kcal/mole
molpro_pot: 0-th energy = -0.0130269 kcal/mol
molpro_pot: 1-th energy = -0.00577715 kcal/mol
molpro_pot: coordinates (angstrom):

C, 0.221649, -0.109604, 0.222427
H, 1.2768, -0.21478, 0.0272169
H, -0.227664, -0.633163, 1.05099
H, -0.383455, 0.521282, -0.408725
H, -3.30482, 1.63169, -3.31789

molpro_pot: interatomic distances matrix (angstrom):

\     C1    H2    H3    H4
H2  1.08
H3  1.08  1.87
H4  1.08  1.87  1.87
H5  5.29  5.97   5.8  4.27

Molpro::pot: 1-th molpro energy = -0.00843118 kcal/mole

Molpro::pot: 0-th energy correction = -0.00725324 kcal/mole
Molpro::pot: 1-th energy correction = 0 kcal/mole
molpro_pot: 0-th energy = -0.0156844 kcal/mol
molpro_pot: 1-th energy = -0.00843118 kcal/mol
molpro_pot: coordinates (angstrom):

C, 0.203132, 0.115327, 0.236981
H, 0.479811, -0.531464, -0.580102
H, 0.904429, 0.846018, 0.606836
H, -0.775514, 0.0336618, 0.68207
H, -3.02738, -1.7214, -3.5305

molpro_pot: interatomic distances matrix (angstrom):

\     C1    H2    H3    H4
H2  1.08
H3  1.08  1.87
H4  1.08  1.87  1.87
H5  5.29  4.74  6.26  5.09

Molpro::pot: 1-th molpro energy = -0.00536159 kcal/mole

Molpro::pot: 0-th energy correction = -0.00725089 kcal/mole
Molpro::pot: 1-th energy correction = 0 kcal/mole
molpro_pot: 0-th energy = -0.0126125 kcal/mol
molpro_pot: 1-th energy = -0.00536159 kcal/mol
molpro_pot: coordinates (angstrom):

C, -0.324918, -0.0114588, 0.070078
H, -1.29905, -0.46612, 0.152987
H, 0.0622508, 0.259678, -0.898996
H, 0.260592, 0.174876, 0.956068
H, 4.84495, 0.168005, -1.04447

molpro_pot: interatomic distances matrix (angstrom):

\     C1    H2    H3    H4
H2  1.08
H3  1.08  1.87
H4  1.08  1.87  1.87
H5  5.29  6.29  4.79     5

Molpro::pot: 1-th molpro energy = -0.0051527 kcal/mole

Molpro::pot: 0-th energy correction = -0.00725326 kcal/mole
Molpro::pot: 1-th energy correction = 0 kcal/mole
molpro_pot: 0-th energy = -0.012406 kcal/mol
molpro_pot: 1-th energy = -0.0051527 kcal/mol

(9,0)-th SURFACE:

molpro_pot: coordinates (angstrom):

C, -0.223922, 0.132314, 0.179162
H, -0.481791, 0.9339, -0.494246
H, 0.458946, 0.311986, 0.993979
H, -0.651082, -0.8478, 0.0397658
H, 3.34013, -1.97352, -2.67275

molpro_pot: interatomic distances matrix (angstrom):

\     C1    H2    H3    H4
H2  1.08
H3  1.08  1.87
H4  1.08  1.87  1.87
H5  5.03  5.27  5.19  4.96

Molpro::pot: 1-th molpro energy = -0.0144934 kcal/mole

Molpro::pot: 0-th energy correction = -0.0123156 kcal/mole
Molpro::pot: 1-th energy correction = 0 kcal/mole
molpro_pot: 0-th energy = -0.026809 kcal/mol
molpro_pot: 1-th energy = -0.0144934 kcal/mol
molpro_pot: coordinates (angstrom):

C, 0.068935, 0.306954, 0.0319191
H, -0.910877, -0.123063, 0.164468
H, 0.840915, 0.123569, 0.761943
H, 0.277705, 0.917576, -0.831838
H, -1.02854, -4.57293, -0.474627

molpro_pot: interatomic distances matrix (angstrom):

\     C1    H2    H3    H4
H2  1.08
H3  1.08  1.87
H4  1.08  1.87  1.87
H5  5.03   4.5   5.2  5.66

Molpro::pot: 1-th molpro energy = -0.0122693 kcal/mole

Molpro::pot: 0-th energy correction = -0.0123061 kcal/mole
Molpro::pot: 1-th energy correction = 0 kcal/mole
molpro_pot: 0-th energy = -0.0245754 kcal/mol
molpro_pot: 1-th energy = -0.0122693 kcal/mol
molpro_pot: coordinates (angstrom):

C, -0.121545, -0.25164, -0.147475
H, -0.981653, -0.11655, 0.488511
H, -0.0493776, -1.12335, -0.7779
H, 0.664675, 0.486138, -0.155426
H, 1.81357, 3.74999, 2.20078

molpro_pot: interatomic distances matrix (angstrom):

\     C1    H2    H3    H4
H2  1.08
H3  1.08  1.87
H4  1.08  1.87  1.87
H5  5.03  5.07  6.01  4.19

Molpro::pot: 1-th molpro energy = -0.00845467 kcal/mole

Molpro::pot: 0-th energy correction = -0.0123118 kcal/mole
Molpro::pot: 1-th energy correction = 0 kcal/mole
molpro_pot: 0-th energy = -0.0207665 kcal/mol
molpro_pot: 1-th energy = -0.00845467 kcal/mol
molpro_pot: coordinates (angstrom):

C, 0.070344, -0.293841, 0.0926166
H, 1.14309, -0.228912, 0.179317
H, -0.438164, -1.20402, 0.367412
H, -0.494071, 0.552036, -0.265782
H, -1.04843, 4.37961, -1.38372

molpro_pot: interatomic distances matrix (angstrom):

\     C1    H2    H3    H4
H2  1.08
H3  1.08  1.87
H4  1.08  1.87  1.87
H5  5.03  5.34  5.88  4.03

Molpro::pot: 1-th molpro energy = -0.0099931 kcal/mole

Molpro::pot: 0-th energy correction = -0.0123109 kcal/mole
Molpro::pot: 1-th energy correction = 0 kcal/mole
molpro_pot: 0-th energy = -0.022304 kcal/mol
molpro_pot: 1-th energy = -0.0099931 kcal/mol
molpro_pot: coordinates (angstrom):

C, 0.231954, -0.207033, -0.056531
H, 0.787158, -0.259336, -0.979314
H, -0.709812, 0.316897, -0.0234822
H, 0.616749, -0.681063, 0.832147
H, -3.45594, 3.0886, 0.843753

molpro_pot: interatomic distances matrix (angstrom):

\     C1    H2    H3    H4
H2  1.08
H3  1.08  1.87
H4  1.08  1.87  1.87
H5  5.03   5.7     4  5.55

Molpro::pot: 1-th molpro energy = -0.0110063 kcal/mole

Molpro::pot: 0-th energy correction = -0.0123112 kcal/mole
Molpro::pot: 1-th energy correction = 0 kcal/mole
molpro_pot: 0-th energy = -0.0233174 kcal/mol
molpro_pot: 1-th energy = -0.0110063 kcal/mol

(9,0)-th SURFACE:

molpro_pot: coordinates (angstrom):

C, -0.109783, 0.0583495, 0.290535
H, 0.0466591, 0.273781, -0.754276
H, 0.585577, -0.572714, 0.820397
H, -0.959492, 0.476261, 0.806155
H, 1.63442, -0.872086, -4.33163

molpro_pot: interatomic distances matrix (angstrom):

\     C1    H2    H3    H4
H2  1.08
H3  1.08  1.87
H4  1.08  1.87  1.87
H5  5.03  4.08  5.27  5.91

Molpro::pot: 1-th molpro energy = -0.0096991 kcal/mole

Molpro::pot: 0-th energy correction = -0.0123109 kcal/mole
Molpro::pot: 1-th energy correction = 0 kcal/mole
molpro_pot: 0-th energy = -0.02201 kcal/mol
molpro_pot: 1-th energy = -0.0096991 kcal/mol
molpro_pot: coordinates (angstrom):

C, 0.248136, -0.119857, -0.155072
H, -0.441169, -0.566885, 0.543169
H, -0.0128464, -0.0484654, -1.19877
H, 1.19676, 0.258462, 0.190631
H, -3.69725, 1.784, 2.31139

molpro_pot: interatomic distances matrix (angstrom):

\     C1    H2    H3    H4
H2  1.08
H3  1.08  1.87
H4  1.08  1.87  1.87
H5  5.03  4.39  5.41  5.55

Molpro::pot: 1-th molpro energy = -0.0123965 kcal/mole

Molpro::pot: 0-th energy correction = -0.0123064 kcal/mole
Molpro::pot: 1-th energy correction = 0 kcal/mole
molpro_pot: 0-th energy = -0.0247029 kcal/mol
molpro_pot: 1-th energy = -0.0123965 kcal/mol
molpro_pot: coordinates (angstrom):

C, 0.144454, -0.129467, 0.24967
H, -0.633629, -0.566258, 0.854911
H, 1.0178, -0.708264, -0.00486083
H, 0.0479195, 0.884655, -0.10354
H, -2.15208, 1.93141, -3.71929

molpro_pot: interatomic distances matrix (angstrom):

\     C1    H2    H3    H4
H2  1.08
H3  1.08  1.87
H4  1.08  1.87  1.87
H5  5.03  5.43  5.55  4.36

Molpro::pot: 1-th molpro energy = -0.0123328 kcal/mole

Molpro::pot: 0-th energy correction = -0.0123072 kcal/mole
Molpro::pot: 1-th energy correction = 0 kcal/mole
molpro_pot: 0-th energy = -0.02464 kcal/mol
molpro_pot: 1-th energy = -0.0123328 kcal/mol
molpro_pot: coordinates (angstrom):

C, 0.301607, 0.0932212, -0.0108
H, -0.200101, -0.0596602, -0.952836
H, 0.612344, -0.754972, 0.577868
H, 0.49532, 1.09382, 0.34106
H, -4.49875, -1.38915, 0.162502

molpro_pot: interatomic distances matrix (angstrom):

\     C1    H2    H3    H4
H2  1.08
H3  1.08  1.87
H4  1.08  1.87  1.87
H5  5.03  4.64  5.17  5.58

Molpro::pot: 1-th molpro energy = -0.0130193 kcal/mole

Molpro::pot: 0-th energy correction = -0.0123146 kcal/mole
Molpro::pot: 1-th energy correction = 0 kcal/mole
molpro_pot: 0-th energy = -0.0253339 kcal/mol
molpro_pot: 1-th energy = -0.0130193 kcal/mol
molpro_pot: coordinates (angstrom):

C, 0.132634, 0.110863, 0.264751
H, 0.453564, 1.13237, 0.391408
H, -0.871117, -0.101201, -0.0669594
H, 0.816042, -0.698264, 0.46671
H, -1.97774, -1.65294, -3.94351

molpro_pot: interatomic distances matrix (angstrom):

\     C1    H2    H3    H4
H2  1.08
H3  1.08  1.87
H4  1.08  1.87  1.87
H5  5.03   5.7  4.32  5.31

Molpro::pot: 1-th molpro energy = -0.0116586 kcal/mole

Molpro::pot: 0-th energy correction = -0.0123067 kcal/mole
Molpro::pot: 1-th energy correction = 0 kcal/mole
molpro_pot: 0-th energy = -0.0239653 kcal/mol
molpro_pot: 1-th energy = -0.0116586 kcal/mol

(10,0)-th SURFACE:

molpro_pot: coordinates (angstrom):

C, 0.135352, -0.138496, 0.206002
H, -0.351832, -0.152913, -0.755746
H, 0.308556, -1.06135, 0.735969
H, 0.452031, 0.798028, 0.636303
H, -2.02037, 2.06528, -3.06935

molpro_pot: interatomic distances matrix (angstrom):

\     C1    H2    H3    H4
H2  1.08
H3  1.08  1.87
H4  1.08  1.87  1.87
H5   4.5  3.61  5.45  4.63

Molpro::pot: 1-th molpro energy = -0.0101167 kcal/mole

Molpro::pot: 0-th energy correction = -0.0354761 kcal/mole
Molpro::pot: 1-th energy correction = 0 kcal/mole
molpro_pot: 0-th energy = -0.0455928 kcal/mol
molpro_pot: 1-th energy = -0.0101167 kcal/mol
molpro_pot: coordinates (angstrom):

C, 0.0802614, -0.132069, 0.236654
H, -0.759956, 0.289364, 0.764806
H, 0.67273, 0.48891, -0.415944
H, 0.329883, -1.1733, 0.36336
H, -1.19832, 1.96754, -3.53002

molpro_pot: interatomic distances matrix (angstrom):

\     C1    H2    H3    H4
H2  1.08
H3  1.08  1.87
H4  1.08  1.87  1.87
H5   4.5  4.63  3.92  5.23

Molpro::pot: 1-th molpro energy = -0.0386069 kcal/mole

Molpro::pot: 0-th energy correction = -0.0354822 kcal/mole
Molpro::pot: 1-th energy correction = 0 kcal/mole
molpro_pot: 0-th energy = -0.0740891 kcal/mol
molpro_pot: 1-th energy = -0.0386069 kcal/mol
molpro_pot: coordinates (angstrom):

C, -0.274271, -0.0395338, -0.0567001
H, 0.37583, 0.536608, 0.582006
H, -1.15024, 0.418358, -0.487442
H, -0.0469309, -1.07227, -0.267148
H, 4.08703, 0.588029, 0.847703

molpro_pot: interatomic distances matrix (angstrom):

\     C1    H2    H3    H4
H2  1.08
H3  1.08  1.87
H4  1.08  1.87  1.87
H5   4.5  3.72  5.41  4.59

Molpro::pot: 1-th molpro energy = -0.0192064 kcal/mole

Molpro::pot: 0-th energy correction = -0.035468 kcal/mole
Molpro::pot: 1-th energy correction = 0 kcal/mole
molpro_pot: 0-th energy = -0.0546744 kcal/mol
molpro_pot: 1-th energy = -0.0192064 kcal/mol
molpro_pot: coordinates (angstrom):

C, 0.127181, 0.226856, -0.110768
H, -0.154284, 0.977875, 0.609831
H, -0.551931, -0.57758, -0.343591
H, 1.08607, 0.281864, -0.600696
H, -1.89418, -3.3833, 1.65335

molpro_pot: interatomic distances matrix (angstrom):

\     C1    H2    H3    H4
H2  1.08
H3  1.08  1.87
H4  1.08  1.87  1.87
H5   4.5  4.81   3.7  5.23

Molpro::pot: 1-th molpro energy = -0.0278715 kcal/mole

Molpro::pot: 0-th energy correction = -0.0354798 kcal/mole
Molpro::pot: 1-th energy correction = 0 kcal/mole
molpro_pot: 0-th energy = -0.0633512 kcal/mol
molpro_pot: 1-th energy = -0.0278715 kcal/mol
molpro_pot: coordinates (angstrom):

C, -0.156444, -0.0890699, -0.21796
H, -0.116957, 0.229246, -1.24734
H, 0.0224876, 0.62163, 0.572867
H, -0.377818, -1.11696, 0.0207173
H, 2.33504, 1.32662, 3.24898

molpro_pot: interatomic distances matrix (angstrom):

\     C1    H2    H3    H4
H2  1.08
H3  1.08  1.87
H4  1.08  1.87  1.87
H5   4.5  5.24  3.61  4.87

Molpro::pot: 1-th molpro energy = -0.0219035 kcal/mole

Molpro::pot: 0-th energy correction = -0.035479 kcal/mole
Molpro::pot: 1-th energy correction = 0 kcal/mole
molpro_pot: 0-th energy = -0.0573824 kcal/mol
molpro_pot: 1-th energy = -0.0219035 kcal/mol

(11,0)-th SURFACE:

molpro_pot: coordinates (angstrom):

C, 0.201213, -0.145278, -0.0957452
H, -0.551327, -0.194038, 0.674852
H, 1.18199, 0.239923, 0.132759
H, -0.0258457, -0.48443, -1.09371
H, -3.00063, 2.16834, 1.42612

molpro_pot: interatomic distances matrix (angstrom):

\     C1    H2    H3    H4
H2  1.08
H3  1.08  1.87
H4  1.08  1.87  1.87
H5  4.23  3.48  4.78  4.72

Molpro::pot: 1-th molpro energy = -0.0612421 kcal/mole

Molpro::pot: 0-th energy correction = -0.0602324 kcal/mole
Molpro::pot: 1-th energy correction = 0 kcal/mole
molpro_pot: 0-th energy = -0.121475 kcal/mol
molpro_pot: 1-th energy = -0.0612421 kcal/mol
molpro_pot: coordinates (angstrom):

C, -0.112513, -0.0804374, 0.227545
H, 0.800966, -0.310867, -0.296835
H, -0.0877354, 0.552326, 1.10019
H, -1.05085, -0.480023, -0.122291
H, 1.67729, 1.19632, -3.3904

molpro_pot: interatomic distances matrix (angstrom):

\     C1    H2    H3    H4
H2  1.08
H3  1.08  1.87
H4  1.08  1.87  1.87
H5  4.23  3.55  4.87  4.58

Molpro::pot: 1-th molpro energy = -0.0678455 kcal/mole

Molpro::pot: 0-th energy correction = -0.0601993 kcal/mole
Molpro::pot: 1-th energy correction = 0 kcal/mole
molpro_pot: 0-th energy = -0.128045 kcal/mol
molpro_pot: 1-th energy = -0.0678455 kcal/mol
molpro_pot: coordinates (angstrom):

C, 0.2279, 0.131972, -0.0372868
H, 0.917171, 0.48777, 0.711598
H, -0.706544, 0.645671, -0.196804
H, 0.474226, -0.735314, -0.628607
H, -3.39842, -1.9695, 0.55778

molpro_pot: interatomic distances matrix (angstrom):

\     C1    H2    H3    H4
H2  1.08
H3  1.08  1.87
H4  1.08  1.87  1.87
H5  4.23  4.97  3.83  4.23

Molpro::pot: 1-th molpro energy = -0.0822028 kcal/mole

Molpro::pot: 0-th energy correction = -0.0602356 kcal/mole
Molpro::pot: 1-th energy correction = 0 kcal/mole
molpro_pot: 0-th energy = -0.142438 kcal/mol
molpro_pot: 1-th energy = -0.0822028 kcal/mol
molpro_pot: coordinates (angstrom):

C, 0.0658703, 0.122569, -0.227059
H, -0.238102, 1.15446, -0.154162
H, 1.1119, -0.126509, -0.306463
H, -0.675578, -0.660172, -0.217445
H, -0.982525, -1.82718, 3.38162

molpro_pot: interatomic distances matrix (angstrom):

\     C1    H2    H3    H4
H2  1.08
H3  1.08  1.87
H4  1.08  1.87  1.87
H5  4.23  4.68  4.57   3.8

Molpro::pot: 1-th molpro energy = -0.100319 kcal/mole

Molpro::pot: 0-th energy correction = -0.0601967 kcal/mole
Molpro::pot: 1-th energy correction = 0 kcal/mole
molpro_pot: 0-th energy = -0.160515 kcal/mol
molpro_pot: 1-th energy = -0.100319 kcal/mol
molpro_pot: coordinates (angstrom):

C, 0.141515, 0.210268, 0.0808084
H, -0.794148, -0.31464, 0.188148
H, 0.265053, 0.935251, -0.707643
H, 0.95233, 0.0126195, 0.763476
H, -2.10822, -3.13686, -1.20615

molpro_pot: interatomic distances matrix (angstrom):

\     C1    H2    H3    H4
H2  1.08
H3  1.08  1.87
H4  1.08  1.87  1.87
H5  4.23  3.41  4.74  4.81

Molpro::pot: 1-th molpro energy = -0.0485688 kcal/mole

Molpro::pot: 0-th energy correction = -0.0602303 kcal/mole
Molpro::pot: 1-th energy correction = 0 kcal/mole
molpro_pot: 0-th energy = -0.108799 kcal/mol
molpro_pot: 1-th energy = -0.0485688 kcal/mol

(11,0)-th SURFACE:

molpro_pot: coordinates (angstrom):

C, -0.183225, 0.031563, 0.190407
H, 0.675267, 0.674092, 0.0778784
H, -0.222261, -0.911456, -0.330851
H, -1.00103, 0.330407, 0.826337
H, 2.72965, -0.468859, -2.84051

molpro_pot: interatomic distances matrix (angstrom):

\     C1    H2    H3    H4
H2  1.08
H3  1.08  1.87
H4  1.08  1.87  1.87
H5  4.23  3.75   3.9  5.29

Molpro::pot: 1-th molpro energy = -0.0129819 kcal/mole

Molpro::pot: 0-th energy correction = -0.0602182 kcal/mole
Molpro::pot: 1-th energy correction = 0 kcal/mole
molpro_pot: 0-th energy = -0.0732001 kcal/mol
molpro_pot: 1-th energy = -0.0129819 kcal/mol
molpro_pot: coordinates (angstrom):

C, 0.180375, 0.0850898, 0.176063
H, 0.0384681, -0.453758, -0.746987
H, 0.678761, -0.389827, 1.00587
H, -0.173155, 1.0995, 0.268345
H, -2.69177, -1.26906, -2.62358

molpro_pot: interatomic distances matrix (angstrom):

\     C1    H2    H3    H4
H2  1.08
H3  1.08  1.87
H4  1.08  1.87  1.87
H5  4.23  3.41  5.03  4.51

Molpro::pot: 1-th molpro energy = -0.0350329 kcal/mole

Molpro::pot: 0-th energy correction = -0.0602293 kcal/mole
Molpro::pot: 1-th energy correction = 0 kcal/mole
molpro_pot: 0-th energy = -0.0952622 kcal/mol
molpro_pot: 1-th energy = -0.0350329 kcal/mol
molpro_pot: coordinates (angstrom):

C, 0.0324927, 0.258271, 0.054413
H, -0.397686, 0.41121, -0.922353
H, 1.09204, 0.0859687, 0.155387
H, -0.596026, 0.280683, 0.930188
H, -0.48521, -3.85305, -0.811109

molpro_pot: interatomic distances matrix (angstrom):

\     C1    H2    H3    H4
H2  1.08
H3  1.08  1.87
H4  1.08  1.87  1.87
H5  4.23  4.27  4.35  4.49

Molpro::pot: 1-th molpro energy = -0.12705 kcal/mole

Molpro::pot: 0-th energy correction = -0.0602413 kcal/mole
Molpro::pot: 1-th energy correction = 0 kcal/mole
molpro_pot: 0-th energy = -0.187292 kcal/mol
molpro_pot: 1-th energy = -0.12705 kcal/mol
molpro_pot: coordinates (angstrom):

C, 0.0259404, -0.12916, -0.231182
H, 0.0321202, -0.721998, 0.669385
H, 0.341446, 0.90137, -0.199852
H, -0.292646, -0.567435, -1.16335
H, -0.38979, 1.92595, 3.44646

molpro_pot: interatomic distances matrix (angstrom):

\     C1    H2    H3    H4
H2  1.08
H3  1.08  1.87
H4  1.08  1.87  1.87
H5  4.23  3.86  3.86  5.24

Molpro::pot: 1-th molpro energy = -0.0286805 kcal/mole

Molpro::pot: 0-th energy correction = -0.0602232 kcal/mole
Molpro::pot: 1-th energy correction = 0 kcal/mole
molpro_pot: 0-th energy = -0.0889037 kcal/mol
molpro_pot: 1-th energy = -0.0286805 kcal/mol
molpro_pot: coordinates (angstrom):

C, 0.0776814, 0.103043, -0.232525
H, 0.995225, -0.402053, -0.48847
H, 0.107863, 1.09915, 0.179041
H, -0.869856, -0.386452, -0.390921
H, -1.15817, -1.53755, 3.46899

molpro_pot: interatomic distances matrix (angstrom):

\     C1    H2    H3    H4
H2  1.08
H3  1.08  1.87
H4  1.08  1.87  1.87
H5  4.23  4.65   4.4  4.04

Molpro::pot: 1-th molpro energy = -0.116985 kcal/mole

Molpro::pot: 0-th energy correction = -0.0602413 kcal/mole
Molpro::pot: 1-th energy correction = 0 kcal/mole
molpro_pot: 0-th energy = -0.177227 kcal/mol
molpro_pot: 1-th energy = -0.116985 kcal/mol

(12,0)-th SURFACE:

molpro_pot: coordinates (angstrom):

C, -0.14498, -0.145236, 0.14214
H, -1.15492, -0.199656, 0.515751
H, 0.0597068, -0.371482, -0.891994
H, 0.659579, 0.138308, 0.80154
H, 2.16189, 2.16213, -2.11774

molpro_pot: interatomic distances matrix (angstrom):

\     C1    H2    H3    H4
H2  1.08
H3  1.08  1.87
H4  1.08  1.87  1.87
H5  3.97  4.85  3.51  3.86

Molpro::pot: 1-th molpro energy = -0.101605 kcal/mole

Molpro::pot: 0-th energy correction = -0.101796 kcal/mole
Molpro::pot: 1-th energy correction = 0 kcal/mole
molpro_pot: 0-th energy = -0.203401 kcal/mol
molpro_pot: 1-th energy = -0.101605 kcal/mol
molpro_pot: coordinates (angstrom):

C, -0.0348412, 0.243342, -0.0430002
H, -0.713285, 0.174211, 0.792134
H, 0.387135, 1.19705, -0.316675
H, 0.224015, -0.641308, -0.602384
H, 0.516984, -3.62738, 0.63892

molpro_pot: interatomic distances matrix (angstrom):

\     C1    H2    H3    H4
H2  1.08
H3  1.08  1.87
H4  1.08  1.87  1.87
H5  3.97     4  4.92  3.25

Molpro::pot: 1-th molpro energy = -0.025994 kcal/mole

Molpro::pot: 0-th energy correction = -0.101811 kcal/mole
Molpro::pot: 1-th energy correction = 0 kcal/mole
molpro_pot: 0-th energy = -0.127805 kcal/mol
molpro_pot: 1-th energy = -0.025994 kcal/mol
molpro_pot: coordinates (angstrom):

C, -0.0714019, -0.175139, -0.162551
H, 0.0212192, -0.436682, -1.20444
H, -1.03717, -0.203031, 0.316019
H, 0.801783, 0.111202, 0.401434
H, 1.06434, 2.61386, 2.42245

molpro_pot: interatomic distances matrix (angstrom):

\     C1    H2    H3    H4
H2  1.08
H3  1.08  1.87
H4  1.08  1.87  1.87
H5  3.97  4.85   4.1  3.23

Molpro::pot: 1-th molpro energy = -0.047331 kcal/mole

Molpro::pot: 0-th energy correction = -0.101842 kcal/mole
Molpro::pot: 1-th energy correction = 0 kcal/mole
molpro_pot: 0-th energy = -0.149173 kcal/mol
molpro_pot: 1-th energy = -0.047331 kcal/mol
molpro_pot: coordinates (angstrom):

C, 0.0098564, -0.228798, 0.0990182
H, 0.307141, -0.438859, -0.915877
H, 0.0502145, -1.00703, 0.844166
H, -0.324721, 0.759855, 0.369472
H, -0.149992, 3.41029, -1.47675

molpro_pot: interatomic distances matrix (angstrom):

\     C1    H2    H3    H4
H2  1.08
H3  1.08  1.87
H4  1.08  1.87  1.87
H5  3.97  3.92  4.99  3.23

Molpro::pot: 1-th molpro energy = 0.0128778 kcal/mole

Molpro::pot: 0-th energy correction = -0.101821 kcal/mole
Molpro::pot: 1-th energy correction = 0 kcal/mole
molpro_pot: 0-th energy = -0.0889432 kcal/mol
molpro_pot: 1-th energy = 0.0128778 kcal/mol
molpro_pot: coordinates (angstrom):

C, -0.0348293, -0.243782, 0.0397845
H, -0.302818, -0.0589344, -0.988091
H, -0.0788511, 0.557106, 0.760311
H, 0.274093, -1.2298, 0.347773
H, 0.522283, 3.6343, -0.593699

molpro_pot: interatomic distances matrix (angstrom):

\     C1    H2    H3    H4
H2  1.08
H3  1.08  1.87
H4  1.08  1.87  1.87
H5  3.97   3.8  3.42  4.96

Molpro::pot: 1-th molpro energy = -0.0386772 kcal/mole

Molpro::pot: 0-th energy correction = -0.10183 kcal/mole
Molpro::pot: 1-th energy correction = 0 kcal/mole
molpro_pot: 0-th energy = -0.140507 kcal/mol
molpro_pot: 1-th energy = -0.0386772 kcal/mol
