
(0,0)-th SURFACE:

molpro_pot: coordinates (angstrom):

C, 0.53052, 0.0633839, 0.396646
H, -0.233827, -0.481516, -0.133799
H, 1.56171, -0.0222996, 0.0936375
H, 0.263543, 0.696155, 1.22782
H, -7.90824, -0.947041, -5.91046

molpro_pot: interatomic distances matrix (angstrom):

\     C1    H2    H3    H4
H2  1.08
H3  1.08  1.87
H4  1.08  1.87  1.87
H5  10.6  9.62  11.3    11

Molpro::pot: 1-th molpro energy = -9.60128e-06 kcal/mole

Molpro::pot: 0-th energy correction = -1.83696e-07 kcal/mole
Molpro::pot: 1-th energy correction = 0 kcal/mole
molpro_pot: 0-th energy = -9.78498e-06 kcal/mol
molpro_pot: 1-th energy = -9.60128e-06 kcal/mol
molpro_pot: coordinates (angstrom):

C, -0.234988, -0.342482, 0.519553
H, -0.901826, 0.304795, -0.0271411
H, 0.370863, 0.0576523, 1.31665
H, -0.176219, -1.39009, 0.271406
H, 3.50515, 5.10552, -7.74714

molpro_pot: interatomic distances matrix (angstrom):

\     C1    H2    H3    H4
H2  1.08
H3  1.08  1.87
H4  1.08  1.87  1.87
H5  10.6  10.1  10.8    11

Molpro::pot: 1-th molpro energy = -3.11445e-05 kcal/mole

Molpro::pot: 0-th energy correction = -1.83792e-07 kcal/mole
Molpro::pot: 1-th energy correction = 0 kcal/mole
molpro_pot: 0-th energy = -3.13283e-05 kcal/mol
molpro_pot: 1-th energy = -3.11445e-05 kcal/mol
molpro_pot: coordinates (angstrom):

C, -0.532899, -0.269525, 0.293801
H, -1.11941, -0.510788, -0.578156
H, 0.440747, -0.712945, 0.427634
H, -0.918453, 0.41725, 1.03015
H, 7.94225, 4.01568, -4.37786

molpro_pot: interatomic distances matrix (angstrom):

\     C1    H2    H3    H4
H2  1.08
H3  1.08  1.87
H4  1.08  1.87  1.87
H5  10.6  10.8  10.1    11

Molpro::pot: 1-th molpro energy = -2.19666e-05 kcal/mole

Molpro::pot: 0-th energy correction = -1.83655e-07 kcal/mole
Molpro::pot: 1-th energy correction = 0 kcal/mole
molpro_pot: 0-th energy = -2.21502e-05 kcal/mol
molpro_pot: 1-th energy = -2.19666e-05 kcal/mol
molpro_pot: coordinates (angstrom):

C, -0.0977247, -0.634496, 0.174715
H, -0.701223, -0.405135, 1.03825
H, 0.468418, 0.14511, -0.309244
H, -0.0578626, -1.64361, -0.202936
H, 1.45426, 9.45847, -2.60638

molpro_pot: interatomic distances matrix (angstrom):

\     C1    H2    H3    H4
H2  1.08
H3  1.08  1.87
H4  1.08  1.87  1.87
H5  10.6  10.7  9.64  11.5

Molpro::pot: 1-th molpro energy = -1.03109e-05 kcal/mole

Molpro::pot: 0-th energy correction = -1.83734e-07 kcal/mole
Molpro::pot: 1-th energy correction = 0 kcal/mole
molpro_pot: 0-th energy = -1.04946e-05 kcal/mol
molpro_pot: 1-th energy = -1.03109e-05 kcal/mol
molpro_pot: coordinates (angstrom):

C, -0.433004, 0.46421, 0.199434
H, -0.15702, -0.486964, -0.226732
H, -1.28798, 0.534066, 0.852623
H, 0.147501, 1.34466, -0.0249473
H, 6.4532, -6.91902, -2.97557

molpro_pot: interatomic distances matrix (angstrom):

\     C1    H2    H3    H4
H2  1.08
H3  1.08  1.87
H4  1.08  1.87  1.87
H5  10.6  9.62  11.4  10.8

Molpro::pot: 1-th molpro energy = -7.01748e-05 kcal/mole

Molpro::pot: 0-th energy correction = -1.83707e-07 kcal/mole
Molpro::pot: 1-th energy correction = 0 kcal/mole
molpro_pot: 0-th energy = -7.03585e-05 kcal/mol
molpro_pot: 1-th energy = -7.01748e-05 kcal/mol

(0,0)-th SURFACE:

molpro_pot: coordinates (angstrom):

C, -0.0462692, 0.37884, -0.544995
H, 0.499651, 0.514678, 0.374806
H, 0.0793242, 1.0799, -1.35448
H, -0.715185, -0.459392, -0.656527
H, 0.68713, -5.64597, 8.12537

molpro_pot: interatomic distances matrix (angstrom):

\     C1    H2    H3    H4
H2  1.08
H3  1.08  1.87
H4  1.08  1.87  1.87
H5  10.6   9.9  11.6  10.3

Molpro::pot: 1-th molpro energy = -6.13997e-05 kcal/mole

Molpro::pot: 0-th energy correction = -1.83728e-07 kcal/mole
Molpro::pot: 1-th energy correction = 0 kcal/mole
molpro_pot: 0-th energy = -6.15834e-05 kcal/mol
molpro_pot: 1-th energy = -6.13997e-05 kcal/mol
molpro_pot: coordinates (angstrom):

C, -0.607934, 0.0737496, -0.260264
H, -0.718562, 1.09065, 0.0805878
H, -1.17501, -0.274744, -1.1085
H, 0.0717612, -0.593588, 0.244906
H, 9.06037, -1.10045, 3.88192

molpro_pot: interatomic distances matrix (angstrom):

\     C1    H2    H3    H4
H2  1.08
H3  1.08  1.87
H4  1.08  1.87  1.87
H5  10.6  10.7  11.4  9.71

Molpro::pot: 1-th molpro energy = -3.28623e-05 kcal/mole

Molpro::pot: 0-th energy correction = -1.83706e-07 kcal/mole
Molpro::pot: 1-th energy correction = 0 kcal/mole
molpro_pot: 0-th energy = -3.3046e-05 kcal/mol
molpro_pot: 1-th energy = -3.28623e-05 kcal/mol
molpro_pot: coordinates (angstrom):

C, -0.110844, 0.208578, 0.622073
H, 0.204035, 0.514175, -0.362801
H, -0.678729, 0.885305, 1.24019
H, 0.139334, -0.774442, 0.987593
H, 1.65516, -3.10854, -9.2719

molpro_pot: interatomic distances matrix (angstrom):

\     C1    H2    H3    H4
H2  1.08
H3  1.08  1.87
H4  1.08  1.87  1.87
H5  10.6  9.73  11.5  10.6

Molpro::pot: 1-th molpro energy = -5.58955e-05 kcal/mole

Molpro::pot: 0-th energy correction = -1.83705e-07 kcal/mole
Molpro::pot: 1-th energy correction = 0 kcal/mole
molpro_pot: 0-th energy = -5.60792e-05 kcal/mol
molpro_pot: 1-th energy = -5.58955e-05 kcal/mol
molpro_pot: coordinates (angstrom):

C, -0.396487, 0.487534, -0.218639
H, -0.746365, 0.105824, -1.16436
H, 0.353981, -0.0526895, 0.335866
H, -0.794583, 1.41067, 0.171049
H, 5.90787, -7.26879, 3.26075

molpro_pot: interatomic distances matrix (angstrom):

\     C1    H2    H3    H4
H2  1.08
H3  1.08  1.87
H4  1.08  1.87  1.87
H5  10.6  10.9  9.56  11.4

Molpro::pot: 1-th molpro energy = 2.24171e-05 kcal/mole

Molpro::pot: 0-th energy correction = -1.83724e-07 kcal/mole
Molpro::pot: 1-th energy correction = 0 kcal/mole
molpro_pot: 0-th energy = 2.22334e-05 kcal/mol
molpro_pot: 1-th energy = 2.24171e-05 kcal/mol
molpro_pot: coordinates (angstrom):

C, 0.321791, -0.318035, -0.488083
H, 0.198121, 0.404345, -1.2789
H, 1.30323, -0.515865, -0.0878757
H, -0.535946, -0.840173, -0.0954268
H, -4.79691, 4.73848, 7.27372

molpro_pot: interatomic distances matrix (angstrom):

\     C1    H2    H3    H4
H2  1.08
H3  1.08  1.87
H4  1.08  1.87  1.87
H5  10.6  10.8  10.9  10.2

Molpro::pot: 1-th molpro energy = -7.33876e-05 kcal/mole

Molpro::pot: 0-th energy correction = -1.83662e-07 kcal/mole
Molpro::pot: 1-th energy correction = 0 kcal/mole
molpro_pot: 0-th energy = -7.35712e-05 kcal/mol
molpro_pot: 1-th energy = -7.33876e-05 kcal/mol

(1,0)-th SURFACE:

molpro_pot: coordinates (angstrom):

C, 0.533355, -0.0585083, -0.179185
H, 0.0440758, 0.816492, -0.576041
H, 1.48498, 0.0357625, 0.318851
H, 0.0698366, -1.02701, -0.277527
H, -7.94946, 0.871406, 2.66824

molpro_pot: interatomic distances matrix (angstrom):

\     C1    H2    H3    H4
H2  1.08
H3  1.08  1.87
H4  1.08  1.87  1.87
H5     9  8.63  9.76  8.75

Molpro::pot: 1-th molpro energy = -6.56353e-05 kcal/mole

Molpro::pot: 0-th energy correction = -4.39478e-06 kcal/mole
Molpro::pot: 1-th energy correction = 0 kcal/mole
molpro_pot: 0-th energy = -7.00301e-05 kcal/mol
molpro_pot: 1-th energy = -6.56353e-05 kcal/mol
molpro_pot: coordinates (angstrom):

C, 0.400709, -0.0967744, -0.387276
H, 0.410103, -0.307371, -1.44467
H, -0.462826, 0.366934, 0.0619471
H, 1.2532, -0.352556, 0.221297
H, -5.97164, 1.44527, 5.77265

molpro_pot: interatomic distances matrix (angstrom):

\     C1    H2    H3    H4
H2  1.08
H3  1.08  1.87
H4  1.08  1.87  1.87
H5     9  9.79  8.01  9.29

Molpro::pot: 1-th molpro energy = -0.000178179 kcal/mole

Molpro::pot: 0-th energy correction = -4.39542e-06 kcal/mole
Molpro::pot: 1-th energy correction = 0 kcal/mole
molpro_pot: 0-th energy = -0.000182575 kcal/mol
molpro_pot: 1-th energy = -0.000178179 kcal/mol
molpro_pot: coordinates (angstrom):

C, 0.151947, -0.410033, 0.358428
H, -0.295773, -1.00477, 1.1384
H, 0.994709, 0.224446, 0.581382
H, -0.240885, -0.452022, -0.644787
H, -2.26726, 6.11453, -5.34274

molpro_pot: interatomic distances matrix (angstrom):

\     C1    H2    H3    H4
H2  1.08
H3  1.08  1.87
H4  1.08  1.87  1.87
H5     9  9.83  8.97  8.32

Molpro::pot: 1-th molpro energy = -0.000140805 kcal/mole

Molpro::pot: 0-th energy correction = -4.39721e-06 kcal/mole
Molpro::pot: 1-th energy correction = 0 kcal/mole
molpro_pot: 0-th energy = -0.000145202 kcal/mol
molpro_pot: 1-th energy = -0.000140805 kcal/mol
molpro_pot: coordinates (angstrom):

C, -0.129033, -0.366495, -0.41069
H, -0.955708, -1.04413, -0.269476
H, 0.837388, -0.601679, 0.00552566
H, -0.267819, 0.544475, -0.970506
H, 1.92252, 5.46512, 6.12448

molpro_pot: interatomic distances matrix (angstrom):

\     C1    H2    H3    H4
H2  1.08
H3  1.08  1.87
H4  1.08  1.87  1.87
H5     9  9.57  8.68  8.91

Molpro::pot: 1-th molpro energy = -0.000126014 kcal/mole

Molpro::pot: 0-th energy correction = -4.39761e-06 kcal/mole
Molpro::pot: 1-th energy correction = 0 kcal/mole
molpro_pot: 0-th energy = -0.000130412 kcal/mol
molpro_pot: 1-th energy = -0.000126014 kcal/mol
molpro_pot: coordinates (angstrom):

C, -0.178203, -0.242016, 0.478914
H, 0.0902285, 0.748276, 0.147579
H, 0.456706, -0.768151, 1.1736
H, -1.08273, -0.704853, 0.118181
H, 2.65763, 3.60637, -7.1417

molpro_pot: interatomic distances matrix (angstrom):

\     C1    H2    H3    H4
H2  1.08
H3  1.08  1.87
H4  1.08  1.87  1.87
H5     9  8.24  9.65  9.23

Molpro::pot: 1-th molpro energy = -7.63828e-05 kcal/mole

Molpro::pot: 0-th energy correction = -4.3972e-06 kcal/mole
Molpro::pot: 1-th energy correction = 0 kcal/mole
molpro_pot: 0-th energy = -8.078e-05 kcal/mol
molpro_pot: 1-th energy = -7.63828e-05 kcal/mol

(2,0)-th SURFACE:

molpro_pot: coordinates (angstrom):

C, -0.178805, 0.238875, -0.420343
H, -0.57101, 0.317127, 0.58094
H, -0.741739, -0.278716, -1.18042
H, 0.774495, 0.680664, -0.662338
H, 2.66725, -3.56332, 6.26677

molpro_pot: interatomic distances matrix (angstrom):

\     C1    H2    H3    H4
H2  1.08
H3  1.08  1.87
H4  1.08  1.87  1.87
H5   8.2  7.61  8.82  8.34

Molpro::pot: 1-th molpro energy = -0.000154216 kcal/mole

Molpro::pot: 0-th energy correction = -2.15101e-05 kcal/mole
Molpro::pot: 1-th energy correction = 0 kcal/mole
molpro_pot: 0-th energy = -0.000175726 kcal/mol
molpro_pot: 1-th energy = -0.000154216 kcal/mol
molpro_pot: coordinates (angstrom):

C, 0.273846, -0.362352, -0.244369
H, 0.125061, 0.081845, -1.21549
H, 1.23938, -0.760338, 0.0237052
H, -0.541652, -0.405813, 0.459617
H, -4.08343, 5.39877, 3.64182

molpro_pot: interatomic distances matrix (angstrom):

\     C1    H2    H3    H4
H2  1.08
H3  1.08  1.87
H4  1.08  1.87  1.87
H5   8.2  8.34  8.91  7.51

Molpro::pot: 1-th molpro energy = -0.000211526 kcal/mole

Molpro::pot: 0-th energy correction = -2.14982e-05 kcal/mole
Molpro::pot: 1-th energy correction = 0 kcal/mole
molpro_pot: 0-th energy = -0.000233024 kcal/mol
molpro_pot: 1-th energy = -0.000211526 kcal/mol
molpro_pot: coordinates (angstrom):

C, -0.495668, -0.138151, 0.0354187
H, -0.248509, 0.895469, 0.217233
H, 0.0390256, -0.695564, -0.716852
H, -1.27507, -0.615153, 0.607714
H, 7.38639, 2.06019, -0.529819

molpro_pot: interatomic distances matrix (angstrom):

\     C1    H2    H3    H4
H2  1.08
H3  1.08  1.87
H4  1.08  1.87  1.87
H5   8.2  7.76  7.85  9.14

Molpro::pot: 1-th molpro energy = -0.00017862 kcal/mole

Molpro::pot: 0-th energy correction = -2.14973e-05 kcal/mole
Molpro::pot: 1-th energy correction = 0 kcal/mole
molpro_pot: 0-th energy = -0.000200117 kcal/mol
molpro_pot: 1-th energy = -0.00017862 kcal/mol
molpro_pot: coordinates (angstrom):

C, -0.321889, -0.202826, -0.34807
H, -1.11683, -0.65749, -0.917165
H, -0.543281, 0.301269, 0.578964
H, 0.694473, -0.25485, -0.704191
H, 4.79831, 3.02609, 5.1868

molpro_pot: interatomic distances matrix (angstrom):

\     C1    H2    H3    H4
H2  1.08
H3  1.08  1.87
H4  1.08  1.87  1.87
H5   8.2  9.26  7.56  7.89

Molpro::pot: 1-th molpro energy = -0.000215991 kcal/mole

Molpro::pot: 0-th energy correction = -2.15025e-05 kcal/mole
Molpro::pot: 1-th energy correction = 0 kcal/mole
molpro_pot: 0-th energy = -0.000237494 kcal/mol
molpro_pot: 1-th energy = -0.000215991 kcal/mol
molpro_pot: coordinates (angstrom):

C, 0.433521, -0.192474, 0.202154
H, 0.674955, -1.15905, -0.210103
H, -0.563677, 0.203952, 0.0974594
H, 1.18805, 0.376178, 0.721609
H, -6.46119, 2.87067, -3.01598

molpro_pot: interatomic distances matrix (angstrom):

\     C1    H2    H3    H4
H2  1.08
H3  1.08  1.87
H4  1.08  1.87  1.87
H5   8.2  8.66  7.18  8.87

Molpro::pot: 1-th molpro energy = -0.000180361 kcal/mole

Molpro::pot: 0-th energy correction = -2.15046e-05 kcal/mole
Molpro::pot: 1-th energy correction = 0 kcal/mole
molpro_pot: 0-th energy = -0.000201866 kcal/mol
molpro_pot: 1-th energy = -0.000180361 kcal/mol

(3,0)-th SURFACE:

molpro_pot: coordinates (angstrom):

C, 0.0400466, -0.446994, 0.146906
H, 0.989442, -0.895991, -0.0971509
H, -0.690104, -0.276268, -0.627852
H, -0.180438, -0.171635, 1.16577
H, -0.595727, 6.66617, -2.18996

molpro_pot: interatomic distances matrix (angstrom):

\     C1    H2    H3    H4
H2  1.08
H3  1.08  1.87
H4  1.08  1.87  1.87
H5  7.51     8  7.12  7.63

Molpro::pot: 1-th molpro energy = -0.000291292 kcal/mole

Molpro::pot: 0-th energy correction = -8.51479e-05 kcal/mole
Molpro::pot: 1-th energy correction = 0 kcal/mole
molpro_pot: 0-th energy = -0.00037644 kcal/mol
molpro_pot: 1-th energy = -0.000291292 kcal/mol
molpro_pot: coordinates (angstrom):

C, 0.0921163, -0.260504, -0.383149
H, 1.16024, -0.145886, -0.291047
H, -0.568029, 0.331341, 0.230404
H, -0.315868, -0.964409, -1.09067
H, -1.37316, 3.88073, 5.71341

molpro_pot: interatomic distances matrix (angstrom):

\     C1    H2    H3    H4
H2  1.08
H3  1.08  1.87
H4  1.08  1.87  1.87
H5  7.51  7.66  6.58  8.42

Molpro::pot: 1-th molpro energy = -0.000341883 kcal/mole

Molpro::pot: 0-th energy correction = -8.51186e-05 kcal/mole
Molpro::pot: 1-th energy correction = 0 kcal/mole
molpro_pot: 0-th energy = -0.000427002 kcal/mol
molpro_pot: 1-th energy = -0.000341883 kcal/mol
molpro_pot: coordinates (angstrom):

C, 0.105323, 0.460248, 0.0108993
H, 0.802578, -0.337854, -0.187553
H, 0.404925, 1.29837, 0.619427
H, -0.890152, 0.421866, -0.401505
H, -1.57141, -6.86248, -0.160145

molpro_pot: interatomic distances matrix (angstrom):

\     C1    H2    H3    H4
H2  1.08
H3  1.08  1.87
H4  1.08  1.87  1.87
H5  7.51  6.94  8.43  7.32

Molpro::pot: 1-th molpro energy = -0.000317286 kcal/mole

Molpro::pot: 0-th energy correction = -8.51386e-05 kcal/mole
Molpro::pot: 1-th energy correction = 0 kcal/mole
molpro_pot: 0-th energy = -0.000402425 kcal/mol
molpro_pot: 1-th energy = -0.000317286 kcal/mol
molpro_pot: coordinates (angstrom):

C, 0.450421, -0.00935596, 0.142304
H, -0.174655, 0.853021, -0.0253266
H, 0.0123295, -0.994001, 0.174979
H, 1.51358, 0.112435, 0.274129
H, -6.71435, 0.139944, -2.11817

molpro_pot: interatomic distances matrix (angstrom):

\     C1    H2    H3    H4
H2  1.08
H3  1.08  1.87
H4  1.08  1.87  1.87
H5  7.51   6.9   7.2  8.57

Molpro::pot: 1-th molpro energy = -0.000319955 kcal/mole

Molpro::pot: 0-th energy correction = -8.51067e-05 kcal/mole
Molpro::pot: 1-th energy correction = 0 kcal/mole
molpro_pot: 0-th energy = -0.000405061 kcal/mol
molpro_pot: 1-th energy = -0.000319955 kcal/mol
molpro_pot: coordinates (angstrom):

C, -0.0982779, -0.460517, 0.039114
H, -0.541767, -1.26358, -0.527383
H, 0.685953, 0.137233, -0.397
H, -0.440929, -0.253204, 1.04018
H, 1.46692, 6.86284, -0.581521

molpro_pot: interatomic distances matrix (angstrom):

\     C1    H2    H3    H4
H2  1.08
H3  1.08  1.87
H4  1.08  1.87  1.87
H5  7.51  8.37  6.77  7.54

Molpro::pot: 1-th molpro energy = -0.000331652 kcal/mole

Molpro::pot: 0-th energy correction = -8.50983e-05 kcal/mole
Molpro::pot: 1-th energy correction = 0 kcal/mole
molpro_pot: 0-th energy = -0.00041675 kcal/mol
molpro_pot: 1-th energy = -0.000331652 kcal/mol

(4,0)-th SURFACE:

molpro_pot: coordinates (angstrom):

C, -0.0114228, -0.170697, -0.396994
H, -0.853039, -0.687655, 0.0353869
H, 0.991709, -0.433163, -0.101432
H, -0.172616, 0.606295, -1.12694
H, 0.169954, 2.54699, 5.91993

molpro_pot: interatomic distances matrix (angstrom):

\     C1    H2    H3    H4
H2  1.08
H3  1.08  1.87
H4  1.08  1.87  1.87
H5  6.88  6.79  6.77  7.32

Molpro::pot: 1-th molpro energy = -0.000532415 kcal/mole

Molpro::pot: 0-th energy correction = -0.000303204 kcal/mole
Molpro::pot: 1-th energy correction = 0 kcal/mole
molpro_pot: 0-th energy = -0.000835619 kcal/mol
molpro_pot: 1-th energy = -0.000532415 kcal/mol
molpro_pot: coordinates (angstrom):

C, -0.150644, 0.288398, -0.285026
H, -0.206422, 1.36454, -0.248554
H, 0.595068, -0.23226, 0.294066
H, -0.842227, -0.26715, -0.897889
H, 2.24728, -4.29903, 4.24614

molpro_pot: interatomic distances matrix (angstrom):

\     C1    H2    H3    H4
H2  1.08
H3  1.08  1.87
H4  1.08  1.87  1.87
H5  6.88  7.64  5.91  7.23

Molpro::pot: 1-th molpro energy = -0.00077952 kcal/mole

Molpro::pot: 0-th energy correction = -0.00030304 kcal/mole
Molpro::pot: 1-th energy correction = 0 kcal/mole
molpro_pot: 0-th energy = -0.00108256 kcal/mol
molpro_pot: 1-th energy = -0.00077952 kcal/mol
molpro_pot: coordinates (angstrom):

C, -0.164467, 0.395708, 0.0584856
H, 0.242354, -0.574436, 0.294776
H, -0.120864, 1.18993, 0.786383
H, -0.611948, 0.572575, -0.906398
H, 2.44874, -5.8997, -0.871139

molpro_pot: interatomic distances matrix (angstrom):

\     C1    H2    H3    H4
H2  1.08
H3  1.08  1.87
H4  1.08  1.87  1.87
H5  6.88  5.88  7.72  7.16

Molpro::pot: 1-th molpro energy = -0.00079311 kcal/mole

Molpro::pot: 0-th energy correction = -0.000303077 kcal/mole
Molpro::pot: 1-th energy correction = 0 kcal/mole
molpro_pot: 0-th energy = -0.00109619 kcal/mol
molpro_pot: 1-th energy = -0.00079311 kcal/mol
molpro_pot: coordinates (angstrom):

C, 0.392183, -0.0487277, -0.175955
H, 0.985674, 0.798112, -0.481155
H, 0.807762, -0.784406, 0.493813
H, -0.61754, -0.158327, -0.53785
H, -5.84555, 0.724813, 2.62026

molpro_pot: interatomic distances matrix (angstrom):

\     C1    H2    H3    H4
H2  1.08
H3  1.08  1.87
H4  1.08  1.87  1.87
H5  6.88   7.5  7.15  6.17

Molpro::pot: 1-th molpro energy = -0.000603319 kcal/mole

Molpro::pot: 0-th energy correction = -0.000303015 kcal/mole
Molpro::pot: 1-th energy correction = 0 kcal/mole
molpro_pot: 0-th energy = -0.000906335 kcal/mol
molpro_pot: 1-th energy = -0.000603319 kcal/mol
molpro_pot: coordinates (angstrom):

C, 0.362738, -0.133458, -0.193992
H, 0.0528737, 0.628127, 0.503495
H, 1.398, -0.20735, -0.486052
H, -0.361723, -0.822885, -0.59694
H, -5.4082, 1.99117, 2.88933

molpro_pot: interatomic distances matrix (angstrom):

\     C1    H2    H3    H4
H2  1.08
H3  1.08  1.87
H4  1.08  1.87  1.87
H5  6.88  6.11  7.91  6.75

Molpro::pot: 1-th molpro energy = -0.000681683 kcal/mole

Molpro::pot: 0-th energy correction = -0.000303099 kcal/mole
Molpro::pot: 1-th energy correction = 0 kcal/mole
molpro_pot: 0-th energy = -0.000984782 kcal/mol
molpro_pot: 1-th energy = -0.000681683 kcal/mol

(4,0)-th SURFACE:

molpro_pot: coordinates (angstrom):

C, -0.330483, -0.195939, -0.198416
H, -0.944845, -0.92035, -0.708616
H, 0.465714, 0.302989, -0.727246
H, -0.514122, 0.0318112, 0.839335
H, 4.92826, 2.91856, 2.95904

molpro_pot: interatomic distances matrix (angstrom):

\     C1    H2    H3    H4
H2  1.08
H3  1.08  1.87
H4  1.08  1.87  1.87
H5  6.88  7.92  6.35  6.52

Molpro::pot: 1-th molpro energy = -0.000605704 kcal/mole

Molpro::pot: 0-th energy correction = -0.000303129 kcal/mole
Molpro::pot: 1-th energy correction = 0 kcal/mole
molpro_pot: 0-th energy = -0.000908833 kcal/mol
molpro_pot: 1-th energy = -0.000605704 kcal/mol
molpro_pot: coordinates (angstrom):

C, 0.162465, 0.358784, -0.178135
H, 1.06978, -0.15104, -0.45986
H, 0.0955278, 0.849625, 0.779525
H, -0.676546, 0.380472, -0.854974
H, -2.42321, -5.35104, 2.65633

molpro_pot: interatomic distances matrix (angstrom):

\     C1    H2    H3    H4
H2  1.08
H3  1.08  1.87
H4  1.08  1.87  1.87
H5  6.88     7  6.95  6.94

Molpro::pot: 1-th molpro energy = -0.000488189 kcal/mole

Molpro::pot: 0-th energy correction = -0.000303218 kcal/mole
Molpro::pot: 1-th energy correction = 0 kcal/mole
molpro_pot: 0-th energy = -0.000791407 kcal/mol
molpro_pot: 1-th energy = -0.000488189 kcal/mol
molpro_pot: coordinates (angstrom):

C, -0.0180946, 0.0913601, -0.422237
H, 0.447843, -0.668456, 0.184474
H, 0.070858, 1.13004, -0.147006
H, -0.57017, -0.187025, -1.30555
H, 0.266918, -1.36237, 6.29558

molpro_pot: interatomic distances matrix (angstrom):

\     C1    H2    H3    H4
H2  1.08
H3  1.08  1.87
H4  1.08  1.87  1.87
H5  6.88  6.15  6.91  7.74

Molpro::pot: 1-th molpro energy = -0.000666399 kcal/mole

Molpro::pot: 0-th energy correction = -0.000303145 kcal/mole
Molpro::pot: 1-th energy correction = 0 kcal/mole
molpro_pot: 0-th energy = -0.000969544 kcal/mol
molpro_pot: 1-th energy = -0.000666399 kcal/mol
molpro_pot: coordinates (angstrom):

C, 0.311885, 0.138902, 0.265534
H, 1.15893, 0.737453, 0.560097
H, -0.400768, 0.526609, -0.444627
H, 0.179113, -0.848175, 0.678539
H, -4.65084, -2.06977, -3.95568

molpro_pot: interatomic distances matrix (angstrom):

\     C1    H2    H3    H4
H2  1.08
H3  1.08  1.87
H4  1.08  1.87  1.87
H5  6.88  7.88  6.09   6.8

Molpro::pot: 1-th molpro energy = -0.000664411 kcal/mole

Molpro::pot: 0-th energy correction = -0.000303063 kcal/mole
Molpro::pot: 1-th energy correction = 0 kcal/mole
molpro_pot: 0-th energy = -0.000967474 kcal/mol
molpro_pot: 1-th energy = -0.000664411 kcal/mol
molpro_pot: coordinates (angstrom):

C, -0.328945, 0.0205595, 0.279958
H, -1.29616, 0.398933, 0.569524
H, 0.287, 0.583004, -0.403261
H, 0.0235995, -0.91835, 0.675789
H, 4.90225, -0.308385, -4.17546

molpro_pot: interatomic distances matrix (angstrom):

\     C1    H2    H3    H4
H2  1.08
H3  1.08  1.87
H4  1.08  1.87  1.87
H5  6.88  7.84  6.03  6.91

Molpro::pot: 1-th molpro energy = -0.000703825 kcal/mole

Molpro::pot: 0-th energy correction = -0.000303113 kcal/mole
Molpro::pot: 1-th energy correction = 0 kcal/mole
molpro_pot: 0-th energy = -0.00100694 kcal/mol
molpro_pot: 1-th energy = -0.000703825 kcal/mol

(5,0)-th SURFACE:

molpro_pot: coordinates (angstrom):

C, -0.371703, 0.129061, -0.0850839
H, -0.537678, 0.0392247, -1.14664
H, -1.21042, 0.234305, 0.58424
H, 0.632359, 0.11056, 0.307394
H, 5.54154, -1.92079, 1.26808

molpro_pot: interatomic distances matrix (angstrom):

\     C1    H2    H3    H4
H2  1.08
H3  1.08  1.87
H4  1.08  1.87  1.87
H5   6.4  6.83  7.12   5.4

Molpro::pot: 1-th molpro energy = -0.0015171 kcal/mole

Molpro::pot: 0-th energy correction = -0.000785619 kcal/mole
Molpro::pot: 1-th energy correction = 0 kcal/mole
molpro_pot: 0-th energy = -0.00230272 kcal/mol
molpro_pot: 1-th energy = -0.0015171 kcal/mol
molpro_pot: coordinates (angstrom):

C, 0.116115, -0.0399126, 0.383198
H, 0.823352, -0.813621, 0.130797
H, -0.90823, -0.118912, 0.0560983
H, 0.432241, 0.810964, 0.965087
H, -1.72993, 0.5968, -5.71466

molpro_pot: interatomic distances matrix (angstrom):

\     C1    H2    H3    H4
H2  1.08
H3  1.08  1.87
H4  1.08  1.87  1.87
H5   6.4  6.53  5.87  7.02

Molpro::pot: 1-th molpro energy = -0.000936441 kcal/mole

Molpro::pot: 0-th energy correction = -0.000785896 kcal/mole
Molpro::pot: 1-th energy correction = 0 kcal/mole
molpro_pot: 0-th energy = -0.00172234 kcal/mol
molpro_pot: 1-th energy = -0.000936441 kcal/mol
molpro_pot: coordinates (angstrom):

C, 0.0583968, -0.206364, -0.340866
H, 0.376916, 0.410027, -1.16617
H, 0.734505, -0.405481, 0.475069
H, -0.936839, -0.62098, -0.329892
H, -0.869903, 3.07358, 5.07962

molpro_pot: interatomic distances matrix (angstrom):

\     C1    H2    H3    H4
H2  1.08
H3  1.08  1.87
H4  1.08  1.87  1.87
H5   6.4   6.9  5.99  6.55

Molpro::pot: 1-th molpro energy = -0.000918106 kcal/mole

Molpro::pot: 0-th energy correction = -0.000785371 kcal/mole
Molpro::pot: 1-th energy correction = 0 kcal/mole
molpro_pot: 0-th energy = -0.00170348 kcal/mol
molpro_pot: 1-th energy = -0.000918106 kcal/mol
molpro_pot: coordinates (angstrom):

C, -0.290517, -0.167642, 0.222397
H, -0.131514, -0.813346, 1.0711
H, 0.367468, -0.226217, -0.629744
H, -1.10899, 0.534228, 0.224417
H, 4.33217, 2.50142, -3.31382

molpro_pot: interatomic distances matrix (angstrom):

\     C1    H2    H3    H4
H2  1.08
H3  1.08  1.87
H4  1.08  1.87  1.87
H5   6.4  7.08  5.51  6.78

Molpro::pot: 1-th molpro energy = -0.0012848 kcal/mole

Molpro::pot: 0-th energy correction = -0.000785804 kcal/mole
Molpro::pot: 1-th energy correction = 0 kcal/mole
molpro_pot: 0-th energy = -0.0020706 kcal/mol
molpro_pot: 1-th energy = -0.0012848 kcal/mol
molpro_pot: coordinates (angstrom):

C, -0.0866859, -0.205712, -0.334978
H, -0.108584, 0.349571, -1.25893
H, 0.0723057, 0.308861, 0.599075
H, -0.226799, -1.27473, -0.344626
H, 1.29523, 3.06568, 4.99301

molpro_pot: interatomic distances matrix (angstrom):

\     C1    H2    H3    H4
H2  1.08
H3  1.08  1.87
H4  1.08  1.87  1.87
H5   6.4  6.96  5.33  7.05

Molpro::pot: 1-th molpro energy = -0.00165254 kcal/mole

Molpro::pot: 0-th energy correction = -0.000785651 kcal/mole
Molpro::pot: 1-th energy correction = 0 kcal/mole
molpro_pot: 0-th energy = -0.00243819 kcal/mol
molpro_pot: 1-th energy = -0.00165254 kcal/mol

(6,0)-th SURFACE:

molpro_pot: coordinates (angstrom):

C, -0.322545, -0.178861, -0.0733648
H, 0.145271, 0.782943, -0.209733
H, -0.507808, -0.813361, -0.92519
H, -0.602212, -0.507459, 0.91473
H, 4.80524, 2.66754, 1.09374

molpro_pot: interatomic distances matrix (angstrom):

\     C1    H2    H3    H4
H2  1.08
H3  1.08  1.87
H4  1.08  1.87  1.87
H5  5.98  5.19  6.66  6.27

Molpro::pot: 1-th molpro energy = -0.00216468 kcal/mole

Molpro::pot: 0-th energy correction = -0.00183162 kcal/mole
Molpro::pot: 1-th energy correction = 0 kcal/mole
molpro_pot: 0-th energy = -0.00399629 kcal/mol
molpro_pot: 1-th energy = -0.00216468 kcal/mol
molpro_pot: coordinates (angstrom):

C, 0.232075, 0.0588524, -0.289843
H, 0.877517, 0.382097, -1.09074
H, 0.647184, -0.454249, 0.562759
H, -0.827627, 0.251312, -0.339962
H, -3.46034, -0.879906, 4.31905

molpro_pot: interatomic distances matrix (angstrom):

\     C1    H2    H3    H4
H2  1.08
H3  1.08  1.87
H4  1.08  1.87  1.87
H5  5.98  7.05  5.58  5.47

Molpro::pot: 1-th molpro energy = -0.00171703 kcal/mole

Molpro::pot: 0-th energy correction = -0.001832 kcal/mole
Molpro::pot: 1-th energy correction = 0 kcal/mole
molpro_pot: 0-th energy = -0.00354903 kcal/mol
molpro_pot: 1-th energy = -0.00171703 kcal/mol
molpro_pot: coordinates (angstrom):

C, 0.251534, -0.128434, 0.248397
H, 1.02832, 0.615307, 0.325678
H, -0.71603, 0.0556521, 0.687089
H, 0.441138, -1.05462, -0.270015
H, -3.74839, 1.9129, -3.70037

molpro_pot: interatomic distances matrix (angstrom):

\     C1    H2    H3    H4
H2  1.08
H3  1.08  1.87
H4  1.08  1.87  1.87
H5  5.98  6.38  5.65  6.17

Molpro::pot: 1-th molpro energy = -0.00158163 kcal/mole

Molpro::pot: 0-th energy correction = -0.00183134 kcal/mole
Molpro::pot: 1-th energy correction = 0 kcal/mole
molpro_pot: 0-th energy = -0.00341297 kcal/mol
molpro_pot: 1-th energy = -0.00158163 kcal/mol
molpro_pot: coordinates (angstrom):

C, 0.0866663, -0.337918, -0.140059
H, 0.300227, -1.28737, -0.604222
H, -0.145728, 0.519923, -0.750485
H, 0.102422, -0.246955, 0.934184
H, -1.28884, 5.03793, 2.08818

molpro_pot: interatomic distances matrix (angstrom):

\     C1    H2    H3    H4
H2  1.08
H3  1.08  1.87
H4  1.08  1.87  1.87
H5  5.98  7.06  5.46  5.59

Molpro::pot: 1-th molpro energy = -0.00170278 kcal/mole

Molpro::pot: 0-th energy correction = -0.00183207 kcal/mole
Molpro::pot: 1-th energy correction = 0 kcal/mole
molpro_pot: 0-th energy = -0.00353485 kcal/mol
molpro_pot: 1-th energy = -0.00170278 kcal/mol
molpro_pot: coordinates (angstrom):

C, 0.0739563, -0.342071, 0.137599
H, 0.922632, -0.96127, 0.380204
H, -0.235204, 0.437596, 0.815137
H, -0.463524, -0.50035, -0.783586
H, -1.10449, 5.09701, -2.05013

molpro_pot: interatomic distances matrix (angstrom):

\     C1    H2    H3    H4
H2  1.08
H3  1.08  1.87
H4  1.08  1.87  1.87
H5  5.98  6.84  5.54  5.77

Molpro::pot: 1-th molpro energy = -0.00160517 kcal/mole

Molpro::pot: 0-th energy correction = -0.00183158 kcal/mole
Molpro::pot: 1-th energy correction = 0 kcal/mole
molpro_pot: 0-th energy = -0.00343675 kcal/mol
molpro_pot: 1-th energy = -0.00160517 kcal/mol

(6,0)-th SURFACE:

molpro_pot: coordinates (angstrom):

C, 0.00250601, 0.368042, 0.0760885
H, 0.554729, -0.526091, 0.317107
H, -1.06994, 0.38486, 0.186028
H, 0.522715, 1.24605, -0.27178
H, -0.0373388, -5.48703, -1.13733

molpro_pot: interatomic distances matrix (angstrom):

\     C1    H2    H3    H4
H2  1.08
H3  1.08  1.87
H4  1.08  1.87  1.87
H5  5.98   5.2  6.11  6.81

Molpro::pot: 1-th molpro energy = -0.00210022 kcal/mole

Molpro::pot: 0-th energy correction = -0.00183239 kcal/mole
Molpro::pot: 1-th energy correction = 0 kcal/mole
molpro_pot: 0-th energy = -0.0039326 kcal/mol
molpro_pot: 1-th energy = -0.00210022 kcal/mol
molpro_pot: coordinates (angstrom):

C, 0.363075, 0.0873543, -0.0433999
H, 1.38194, 0.435932, 0.0107052
H, 0.142223, -0.956908, 0.109109
H, -0.435031, 0.783166, -0.246853
H, -5.4122, -1.3023, 0.643793

molpro_pot: interatomic distances matrix (angstrom):

\     C1    H2    H3    H4
H2  1.08
H3  1.08  1.87
H4  1.08  1.87  1.87
H5  5.98  7.04  5.59  5.47

Molpro::pot: 1-th molpro energy = -0.00171499 kcal/mole

Molpro::pot: 0-th energy correction = -0.00183196 kcal/mole
Molpro::pot: 1-th energy correction = 0 kcal/mole
molpro_pot: 0-th energy = -0.00354695 kcal/mol
molpro_pot: 1-th energy = -0.00171499 kcal/mol
molpro_pot: coordinates (angstrom):

C, 0.0027844, 0.218814, -0.305643
H, -0.119219, 0.792839, -1.21015
H, 0.945619, 0.231393, 0.217256
H, -0.818593, -0.365131, 0.0775909
H, -0.0409602, -3.26448, 4.55454

molpro_pot: interatomic distances matrix (angstrom):

\     C1    H2    H3    H4
H2  1.08
H3  1.08  1.87
H4  1.08  1.87  1.87
H5  5.98  7.05  5.66  5.39

Molpro::pot: 1-th molpro energy = -0.00179047 kcal/mole

Molpro::pot: 0-th energy correction = -0.00183212 kcal/mole
Molpro::pot: 1-th energy correction = 0 kcal/mole
molpro_pot: 0-th energy = -0.00362259 kcal/mol
molpro_pot: 1-th energy = -0.00179047 kcal/mol
molpro_pot: coordinates (angstrom):

C, -0.249287, -0.0639825, -0.274005
H, -0.136331, -0.565631, -1.22169
H, -1.23207, 0.201682, 0.0810608
H, 0.61987, 0.169187, 0.319897
H, 3.71675, 0.956591, 4.08327

molpro_pot: interatomic distances matrix (angstrom):

\     C1    H2    H3    H4
H2  1.08
H3  1.08  1.87
H4  1.08  1.87  1.87
H5  5.98  6.73  6.41  4.94

Molpro::pot: 1-th molpro energy = -0.0032172 kcal/mole

Molpro::pot: 0-th energy correction = -0.00183207 kcal/mole
Molpro::pot: 1-th energy correction = 0 kcal/mole
molpro_pot: 0-th energy = -0.00504927 kcal/mol
molpro_pot: 1-th energy = -0.0032172 kcal/mol
molpro_pot: coordinates (angstrom):

C, 0.230494, -0.163203, 0.248018
H, 1.27873, 0.0221279, 0.41938
H, -0.253835, -0.999527, 0.726043
H, -0.33401, 0.489256, -0.398629
H, -3.43534, 2.43138, -3.6999

molpro_pot: interatomic distances matrix (angstrom):

\     C1    H2    H3    H4
H2  1.08
H3  1.08  1.87
H4  1.08  1.87  1.87
H5  5.98  6.71  6.44  4.93

Molpro::pot: 1-th molpro energy = -0.00327604 kcal/mole

Molpro::pot: 0-th energy correction = -0.00183227 kcal/mole
Molpro::pot: 1-th energy correction = 0 kcal/mole
molpro_pot: 0-th energy = -0.0051083 kcal/mol
molpro_pot: 1-th energy = -0.00327604 kcal/mol

(7,0)-th SURFACE:

molpro_pot: coordinates (angstrom):

C, -0.186475, -0.267032, 0.134811
H, 0.850537, 0.00824551, 0.028309
H, -0.629063, -0.973894, -0.548549
H, -0.779939, 0.16195, 0.926201
H, 2.7788, 3.98321, -2.01114

molpro_pot: interatomic distances matrix (angstrom):

\     C1    H2    H3    H4
H2  1.08
H3  1.08  1.87
H4  1.08  1.87  1.87
H5  5.61  4.87  6.19  5.99

Molpro::pot: 1-th molpro energy = -0.00393465 kcal/mole

Molpro::pot: 0-th energy correction = -0.00384415 kcal/mole
Molpro::pot: 1-th energy correction = 0 kcal/mole
molpro_pot: 0-th energy = -0.0077788 kcal/mol
molpro_pot: 1-th energy = -0.00393465 kcal/mol
molpro_pot: coordinates (angstrom):

C, 0.219261, 0.273936, -0.0363661
H, 0.0622962, -0.683393, 0.434164
H, 0.684215, 0.326937, -1.00772
H, -0.0913671, 1.17775, 0.462785
H, -3.26584, -4.083, 0.543775

molpro_pot: interatomic distances matrix (angstrom):

\     C1    H2    H3    H4
H2  1.08
H3  1.08  1.87
H4  1.08  1.87  1.87
H5  5.61  4.76  6.12  6.14

Molpro::pot: 1-th molpro energy = -0.00443443 kcal/mole

Molpro::pot: 0-th energy correction = -0.00384214 kcal/mole
Molpro::pot: 1-th energy correction = 0 kcal/mole
molpro_pot: 0-th energy = -0.00827657 kcal/mol
molpro_pot: 1-th energy = -0.00443443 kcal/mol
molpro_pot: coordinates (angstrom):

C, -0.11623, -0.0127542, -0.332473
H, 0.447935, -0.926683, -0.427173
H, 0.387999, 0.939029, -0.381271
H, -1.1846, -0.0503948, -0.192132
H, 1.73259, 0.189911, 4.95927

molpro_pot: interatomic distances matrix (angstrom):

\     C1    H2    H3    H4
H2  1.08
H3  1.08  1.87
H4  1.08  1.87  1.87
H5  5.61  5.65  5.56  5.92

Molpro::pot: 1-th molpro energy = -0.00316237 kcal/mole

Molpro::pot: 0-th energy correction = -0.00384463 kcal/mole
Molpro::pot: 1-th energy correction = 0 kcal/mole
molpro_pot: 0-th energy = -0.007007 kcal/mol
molpro_pot: 1-th energy = -0.00316237 kcal/mol
molpro_pot: coordinates (angstrom):

C, 0.0847589, 0.111386, -0.323807
H, 0.272735, 0.274722, 0.725241
H, 0.721211, -0.550999, -0.888337
H, -0.741163, 0.60776, -0.807528
H, -1.26199, -1.65774, 4.82614

molpro_pot: interatomic distances matrix (angstrom):

\     C1    H2    H3    H4
H2  1.08
H3  1.08  1.87
H4  1.08  1.87  1.87
H5  5.61  4.79  6.15  6.09

Molpro::pot: 1-th molpro energy = -0.0042859 kcal/mole

Molpro::pot: 0-th energy correction = -0.0038421 kcal/mole
Molpro::pot: 1-th energy correction = 0 kcal/mole
molpro_pot: 0-th energy = -0.008128 kcal/mol
molpro_pot: 1-th energy = -0.0042859 kcal/mol
molpro_pot: coordinates (angstrom):

C, -0.108573, -0.0278831, 0.334139
H, 0.70108, 0.165278, 1.01946
H, -0.210624, -1.00118, -0.118413
H, -0.817746, 0.750916, 0.103774
H, 1.62005, 0.416982, -4.98336

molpro_pot: interatomic distances matrix (angstrom):

\     C1    H2    H3    H4
H2  1.08
H3  1.08  1.87
H4  1.08  1.87  1.87
H5  5.61  6.08  5.39  5.65

Molpro::pot: 1-th molpro energy = -0.00314479 kcal/mole

Molpro::pot: 0-th energy correction = -0.00384458 kcal/mole
Molpro::pot: 1-th energy correction = 0 kcal/mole
molpro_pot: 0-th energy = -0.00698937 kcal/mol
molpro_pot: 1-th energy = -0.00314479 kcal/mol

(8,0)-th SURFACE:

molpro_pot: coordinates (angstrom):

C, 0.16728, -0.200657, -0.205668
H, 0.773897, 0.334965, -0.918156
H, -0.887817, -0.330017, -0.3861
H, 0.616037, -0.609474, 0.685402
H, -2.49389, 2.99372, 3.06771

molpro_pot: interatomic distances matrix (angstrom):

\     C1    H2    H3    H4
H2  1.08
H3  1.08  1.87
H4  1.08  1.87  1.87
H5  5.29   5.8  5.06  5.32

Molpro::pot: 1-th molpro energy = -0.00667801 kcal/mole

Molpro::pot: 0-th energy correction = -0.00725476 kcal/mole
Molpro::pot: 1-th energy correction = 0 kcal/mole
molpro_pot: 0-th energy = -0.0139328 kcal/mol
molpro_pot: 1-th energy = -0.00667801 kcal/mol
molpro_pot: coordinates (angstrom):

C, -0.312412, 0.0906034, 0.0698537
H, 0.736848, -0.136163, -0.0308789
H, -0.900802, 0.317664, -0.804651
H, -0.773893, 0.0873068, 1.0443
H, 4.65768, -1.34761, -1.04051

molpro_pot: interatomic distances matrix (angstrom):

\     C1    H2    H3    H4
H2  1.08
H3  1.08  1.87
H4  1.08  1.87  1.87
H5  5.29  4.23  5.81  5.99

Molpro::pot: 1-th molpro energy = -0.0088136 kcal/mole

Molpro::pot: 0-th energy correction = -0.00725162 kcal/mole
Molpro::pot: 1-th energy correction = 0 kcal/mole
molpro_pot: 0-th energy = -0.0160652 kcal/mol
molpro_pot: 1-th energy = -0.0088136 kcal/mol
molpro_pot: coordinates (angstrom):

C, 0.0213124, 0.316552, -0.0997726
H, -0.250212, 0.852713, 0.795393
H, -0.416231, -0.647516, -0.303848
H, 0.727728, 0.745562, -0.792195
H, -0.315048, -4.71989, 1.48862

molpro_pot: interatomic distances matrix (angstrom):

\     C1    H2    H3    H4
H2  1.08
H3  1.08  1.87
H4  1.08  1.87  1.87
H5  5.29  5.62  4.45  6.01

Molpro::pot: 1-th molpro energy = -0.00727333 kcal/mole

Molpro::pot: 0-th energy correction = -0.00725326 kcal/mole
Molpro::pot: 1-th energy correction = 0 kcal/mole
molpro_pot: 0-th energy = -0.0145266 kcal/mol
molpro_pot: 1-th energy = -0.00727333 kcal/mol
molpro_pot: coordinates (angstrom):

C, -0.0812244, -0.168229, -0.275347
H, -0.0726734, 0.0974122, 0.769582
H, -0.0808853, 0.604258, -1.02753
H, -0.0869814, -1.20591, -0.568118
H, 1.20767, 2.50731, 4.10458

molpro_pot: interatomic distances matrix (angstrom):

\     C1    H2    H3    H4
H2  1.08
H3  1.08  1.87
H4  1.08  1.87  1.87
H5  5.29  4.31  5.62  6.11

Molpro::pot: 1-th molpro energy = -0.00792451 kcal/mole

Molpro::pot: 0-th energy correction = -0.00725107 kcal/mole
Molpro::pot: 1-th energy correction = 0 kcal/mole
molpro_pot: 0-th energy = -0.0151756 kcal/mol
molpro_pot: 1-th energy = -0.00792451 kcal/mol
molpro_pot: coordinates (angstrom):

C, -0.100044, -0.040198, -0.314509
H, -0.820608, 0.549048, 0.229634
H, -0.233847, -1.10627, -0.404577
H, 0.752369, 0.436733, -0.771072
H, 1.49329, 0.599117, 4.69082

molpro_pot: interatomic distances matrix (angstrom):

\     C1    H2    H3    H4
H2  1.08
H3  1.08  1.87
H4  1.08  1.87  1.87
H5  5.29  5.03  5.64  5.51

Molpro::pot: 1-th molpro energy = -0.00689472 kcal/mole

Molpro::pot: 0-th energy correction = -0.00725486 kcal/mole
Molpro::pot: 1-th energy correction = 0 kcal/mole
molpro_pot: 0-th energy = -0.0141496 kcal/mol
molpro_pot: 1-th energy = -0.00689472 kcal/mol

(9,0)-th SURFACE:

molpro_pot: coordinates (angstrom):

C, 0.306424, 0.0402322, 0.0664858
H, -0.528214, -0.593109, -0.188023
H, 1.17384, 0.0711643, -0.573163
H, 0.272498, 0.644781, 0.958613
H, -4.56666, -0.601874, -0.989062

molpro_pot: interatomic distances matrix (angstrom):

\     C1    H2    H3    H4
H2  1.08
H3  1.08  1.87
H4  1.08  1.87  1.87
H5  5.03  4.12  5.79  5.36

Molpro::pot: 1-th molpro energy = -0.0107454 kcal/mole

Molpro::pot: 0-th energy correction = -0.0123083 kcal/mole
Molpro::pot: 1-th energy correction = 0 kcal/mole
molpro_pot: 0-th energy = -0.0230537 kcal/mol
molpro_pot: 1-th energy = -0.0107454 kcal/mol
molpro_pot: coordinates (angstrom):

C, -0.0354647, 0.1749, -0.260651
H, 0.10663, -0.142921, -1.2811
H, 0.808432, 0.232923, 0.407923
H, -1.02051, 0.437587, 0.0903384
H, 0.527724, -2.61009, 3.88636

molpro_pot: interatomic distances matrix (angstrom):

\     C1    H2    H3    H4
H2  1.08
H3  1.08  1.87
H4  1.08  1.87  1.87
H5  5.03  5.74   4.5  5.11

Molpro::pot: 1-th molpro energy = -0.0116327 kcal/mole

Molpro::pot: 0-th energy correction = -0.0123141 kcal/mole
Molpro::pot: 1-th energy correction = 0 kcal/mole
molpro_pot: 0-th energy = -0.0239468 kcal/mol
molpro_pot: 1-th energy = -0.0116327 kcal/mol
molpro_pot: coordinates (angstrom):

C, 0.117408, 0.287418, 0.0591602
H, -0.784207, -0.121204, -0.368197
H, 0.909414, -0.371444, 0.377193
H, 0.228372, 1.3546, 0.16564
H, -1.75153, -4.28419, -0.879046

molpro_pot: interatomic distances matrix (angstrom):

\     C1    H2    H3    H4
H2  1.08
H3  1.08  1.87
H4  1.08  1.87  1.87
H5  5.03   4.3   4.9  6.07

Molpro::pot: 1-th molpro energy = -0.00747999 kcal/mole

Molpro::pot: 0-th energy correction = -0.0123099 kcal/mole
Molpro::pot: 1-th energy correction = 0 kcal/mole
molpro_pot: 0-th energy = -0.0197899 kcal/mol
molpro_pot: 1-th energy = -0.00747999 kcal/mol
molpro_pot: coordinates (angstrom):

C, 0.0100375, 0.237568, -0.208062
H, 0.847484, -0.0110595, -0.840029
H, -0.40744, 1.23135, -0.233259
H, -0.411818, -0.508066, 0.446605
H, -0.147741, -3.5409, 3.10404

molpro_pot: interatomic distances matrix (angstrom):

\     C1    H2    H3    H4
H2  1.08
H3  1.08  1.87
H4  1.08  1.87  1.87
H5  5.03  5.39  5.83  4.04

Molpro::pot: 1-th molpro energy = -0.0104594 kcal/mole

Molpro::pot: 0-th energy correction = -0.0123124 kcal/mole
Molpro::pot: 1-th energy correction = 0 kcal/mole
molpro_pot: 0-th energy = -0.0227719 kcal/mol
molpro_pot: 1-th energy = -0.0104594 kcal/mol
molpro_pot: coordinates (angstrom):

C, -0.109159, 0.170254, 0.242794
H, -0.425467, 0.419342, 1.243
H, -0.386235, -0.777899, -0.189356
H, 0.481364, 0.870226, -0.326278
H, 1.63008, -2.53886, -3.61827

molpro_pot: interatomic distances matrix (angstrom):

\     C1    H2    H3    H4
H2  1.08
H3  1.08  1.87
H4  1.08  1.87  1.87
H5  5.03  6.05  4.35  4.88

Molpro::pot: 1-th molpro energy = -0.00767529 kcal/mole

Molpro::pot: 0-th energy correction = -0.0123116 kcal/mole
Molpro::pot: 1-th energy correction = 0 kcal/mole
molpro_pot: 0-th energy = -0.0199869 kcal/mol
molpro_pot: 1-th energy = -0.00767529 kcal/mol

(9,0)-th SURFACE:

molpro_pot: coordinates (angstrom):

C, -0.114687, -0.216945, -0.199205
H, -0.14734, -1.14258, 0.352743
H, 0.227704, 0.685229, 0.281803
H, -0.421338, -0.193997, -1.23263
H, 1.70654, 3.23447, 2.96999

molpro_pot: interatomic distances matrix (angstrom):

\     C1    H2    H3    H4
H2  1.08
H3  1.08  1.87
H4  1.08  1.87  1.87
H5  5.03  5.43  3.99  5.83

Molpro::pot: 1-th molpro energy = -0.0104641 kcal/mole

Molpro::pot: 0-th energy correction = -0.0123096 kcal/mole
Molpro::pot: 1-th energy correction = 0 kcal/mole
molpro_pot: 0-th energy = -0.0227737 kcal/mol
molpro_pot: 1-th energy = -0.0104641 kcal/mol
molpro_pot: coordinates (angstrom):

C, 0.264144, -0.172922, 0.015623
H, -0.648754, -0.740176, -0.0701446
H, 1.19541, -0.596318, -0.324948
H, 0.245424, 0.818536, 0.438921
H, -3.9372, 2.57692, -0.229849

molpro_pot: interatomic distances matrix (angstrom):

\     C1    H2    H3    H4
H2  1.08
H3  1.08  1.87
H4  1.08  1.87  1.87
H5  5.03  4.67  6.04  4.59

Molpro::pot: 1-th molpro energy = -0.00789437 kcal/mole

Molpro::pot: 0-th energy correction = -0.012309 kcal/mole
Molpro::pot: 1-th energy correction = 0 kcal/mole
molpro_pot: 0-th energy = -0.0202033 kcal/mol
molpro_pot: 1-th energy = -0.00789437 kcal/mol
molpro_pot: coordinates (angstrom):

C, -0.111614, 0.183149, -0.232252
H, -0.594116, 0.914093, 0.396579
H, 0.365153, 0.491775, -1.14875
H, -0.103127, -0.855572, 0.0567248
H, 1.66106, -2.73102, 3.46083

molpro_pot: interatomic distances matrix (angstrom):

\     C1    H2    H3    H4
H2  1.08
H3  1.08  1.87
H4  1.08  1.87  1.87
H5  5.03  5.27  5.77  4.27

Molpro::pot: 1-th molpro energy = -0.0111272 kcal/mole

Molpro::pot: 0-th energy correction = -0.012308 kcal/mole
Molpro::pot: 1-th energy correction = 0 kcal/mole
molpro_pot: 0-th energy = -0.0234352 kcal/mol
molpro_pot: 1-th energy = -0.0111272 kcal/mol
molpro_pot: coordinates (angstrom):

C, -0.24484, -0.120529, -0.159061
H, -0.102167, -0.306846, -1.21141
H, -1.08803, 0.462356, 0.175305
H, 0.453594, -0.519485, 0.558953
H, 3.65187, 1.7991, 2.37107

molpro_pot: interatomic distances matrix (angstrom):

\     C1    H2    H3    H4
H2  1.08
H3  1.08  1.87
H4  1.08  1.87  1.87
H5  5.03   5.6  5.39  4.35

Molpro::pot: 1-th molpro energy = -0.0121267 kcal/mole

Molpro::pot: 0-th energy correction = -0.0123146 kcal/mole
Molpro::pot: 1-th energy correction = 0 kcal/mole
molpro_pot: 0-th energy = -0.0244413 kcal/mol
molpro_pot: 1-th energy = -0.0121267 kcal/mol
molpro_pot: coordinates (angstrom):

C, -0.191746, 0.0627094, -0.24306
H, 0.00267701, -0.996161, -0.183833
H, 0.612825, 0.746764, -0.460434
H, -1.19087, 0.437214, -0.0880623
H, 2.85846, -0.934487, 3.62641

molpro_pot: interatomic distances matrix (angstrom):

\     C1    H2    H3    H4
H2  1.08
H3  1.08  1.87
H4  1.08  1.87  1.87
H5  5.03  4.76  4.96  5.66

Molpro::pot: 1-th molpro energy = -0.0126149 kcal/mole

Molpro::pot: 0-th energy correction = -0.0123144 kcal/mole
Molpro::pot: 1-th energy correction = 0 kcal/mole
molpro_pot: 0-th energy = -0.0249293 kcal/mol
molpro_pot: 1-th energy = -0.0126149 kcal/mol

(10,0)-th SURFACE:

molpro_pot: coordinates (angstrom):

C, 0.10644, -0.23267, 0.120302
H, 0.655587, -0.347239, -0.800473
H, 0.192606, -0.977496, 0.895111
H, -0.526232, 0.627887, 0.267571
H, -1.58932, 3.46721, -1.79463

molpro_pot: interatomic distances matrix (angstrom):

\     C1    H2    H3    H4
H2  1.08
H3  1.08  1.87
H4  1.08  1.87  1.87
H5   4.5  4.54  5.49  3.67

Molpro::pot: 1-th molpro energy = -0.00918345 kcal/mole

Molpro::pot: 0-th energy correction = -0.0354761 kcal/mole
Molpro::pot: 1-th energy correction = 0 kcal/mole
molpro_pot: 0-th energy = -0.0446596 kcal/mol
molpro_pot: 1-th energy = -0.00918345 kcal/mol
molpro_pot: coordinates (angstrom):

C, 0.226263, -0.16515, -0.0379824
H, -0.19658, 0.380334, 0.790369
H, 1.28976, -0.336767, -0.0832135
H, -0.414378, -0.54159, -0.819259
H, -3.37287, 2.46444, 0.564353

molpro_pot: interatomic distances matrix (angstrom):

\     C1    H2    H3    H4
H2  1.08
H3  1.08  1.87
H4  1.08  1.87  1.87
H5   4.5  3.81  5.48  4.44

Molpro::pot: 1-th molpro energy = -0.0166791 kcal/mole

Molpro::pot: 0-th energy correction = -0.0354793 kcal/mole
Molpro::pot: 1-th energy correction = 0 kcal/mole
molpro_pot: 0-th energy = -0.0521585 kcal/mol
molpro_pot: 1-th energy = -0.0166791 kcal/mol
molpro_pot: coordinates (angstrom):

C, 0.249173, -0.0179377, 0.13281
H, 0.0864014, 0.75404, -0.602085
H, 0.438259, 0.247911, 1.16047
H, 0.219821, -1.05545, -0.159118
H, -3.71134, 0.267083, -1.98061

molpro_pot: interatomic distances matrix (angstrom):

\     C1    H2    H3    H4
H2  1.08
H3  1.08  1.87
H4  1.08  1.87  1.87
H5   4.5  4.07   5.2  4.53

Molpro::pot: 1-th molpro energy = -0.043968 kcal/mole

Molpro::pot: 0-th energy correction = -0.0354624 kcal/mole
Molpro::pot: 1-th energy correction = 0 kcal/mole
molpro_pot: 0-th energy = -0.0794304 kcal/mol
molpro_pot: 1-th energy = -0.043968 kcal/mol
molpro_pot: coordinates (angstrom):

C, -0.230675, 0.163749, 0.00515457
H, 0.358108, 0.017307, 0.896448
H, -0.258905, 1.13181, -0.468749
H, -0.788572, -0.658231, -0.413918
H, 3.43598, -2.44061, -0.0751565

molpro_pot: interatomic distances matrix (angstrom):

\     C1    H2    H3    H4
H2  1.08
H3  1.08  1.87
H4  1.08  1.87  1.87
H5   4.5  4.06  5.15   4.6

Molpro::pot: 1-th molpro energy = -0.0461235 kcal/mole

Molpro::pot: 0-th energy correction = -0.0354619 kcal/mole
Molpro::pot: 1-th energy correction = 0 kcal/mole
molpro_pot: 0-th energy = -0.0815853 kcal/mol
molpro_pot: 1-th energy = -0.0461235 kcal/mol
molpro_pot: coordinates (angstrom):

C, -0.0450424, -0.0417688, 0.276015
H, -0.0210217, -0.814799, 1.02725
H, -0.179881, 0.987741, 0.566613
H, 0.0688192, -0.297673, -0.765172
H, 0.668396, 0.622066, -4.11515

molpro_pot: interatomic distances matrix (angstrom):

\     C1    H2    H3    H4
H2  1.08
H3  1.08  1.87
H4  1.08  1.87  1.87
H5   4.5  5.38  4.77  3.53

Molpro::pot: 1-th molpro energy = -0.00878638 kcal/mole

Molpro::pot: 0-th energy correction = -0.0354736 kcal/mole
Molpro::pot: 1-th energy correction = 0 kcal/mole
molpro_pot: 0-th energy = -0.04426 kcal/mol
molpro_pot: 1-th energy = -0.00878638 kcal/mol

(11,0)-th SURFACE:

molpro_pot: coordinates (angstrom):

C, -0.0449545, -0.261746, -0.0155541
H, 0.36605, 0.565637, -0.571457
H, -1.10097, -0.29459, 0.199537
H, 0.599187, -1.05756, 0.322497
H, 0.671002, 3.90308, 0.234623

molpro_pot: interatomic distances matrix (angstrom):

\     C1    H2    H3    H4
H2  1.08
H3  1.08  1.87
H4  1.08  1.87  1.87
H5  4.23  3.45  4.56  4.96

Molpro::pot: 1-th molpro energy = -0.0469946 kcal/mole

Molpro::pot: 0-th energy correction = -0.0602292 kcal/mole
Molpro::pot: 1-th energy correction = 0 kcal/mole
molpro_pot: 0-th energy = -0.107224 kcal/mol
molpro_pot: 1-th energy = -0.0469946 kcal/mol
molpro_pot: coordinates (angstrom):

C, -0.219448, -0.0322365, -0.147274
H, -0.0731829, -0.919645, 0.447393
H, -1.21312, 0.359153, -0.295443
H, 0.627832, 0.465436, -0.591075
H, 3.2714, 0.47889, 2.19269

molpro_pot: interatomic distances matrix (angstrom):

\     C1    H2    H3    H4
H2  1.08
H3  1.08  1.87
H4  1.08  1.87  1.87
H5  4.23  4.02  5.13  3.84

Molpro::pot: 1-th molpro energy = -0.0554736 kcal/mole

Molpro::pot: 0-th energy correction = -0.0602037 kcal/mole
Molpro::pot: 1-th energy correction = 0 kcal/mole
molpro_pot: 0-th energy = -0.115677 kcal/mol
molpro_pot: 1-th energy = -0.0554736 kcal/mol
molpro_pot: coordinates (angstrom):

C, 0.149343, 0.217326, 0.0346847
H, -0.0162182, -0.485778, 0.835153
H, -0.548706, 1.02286, -0.127682
H, 1.0142, 0.11687, -0.601278
H, -2.22748, -3.24162, -0.519177

molpro_pot: interatomic distances matrix (angstrom):

\     C1    H2    H3    H4
H2  1.08
H3  1.08  1.87
H4  1.08  1.87  1.87
H5  4.23  3.78   4.6  4.67

Molpro::pot: 1-th molpro energy = -0.0994591 kcal/mole

Molpro::pot: 0-th energy correction = -0.0602375 kcal/mole
Molpro::pot: 1-th energy correction = 0 kcal/mole
molpro_pot: 0-th energy = -0.159697 kcal/mol
molpro_pot: 1-th energy = -0.0994591 kcal/mol
molpro_pot: coordinates (angstrom):

C, 0.0529899, 0.186871, 0.181898
H, -0.745773, 0.186517, -0.54232
H, 0.90969, -0.452064, 0.0392593
H, -0.00336541, 0.828127, 1.04685
H, -0.791494, -2.78762, -2.70962

molpro_pot: interatomic distances matrix (angstrom):

\     C1    H2    H3    H4
H2  1.08
H3  1.08  1.87
H4  1.08  1.87  1.87
H5  4.23  3.68  3.99  5.27

Molpro::pot: 1-th molpro energy = -0.0159377 kcal/mole

Molpro::pot: 0-th energy correction = -0.0602197 kcal/mole
Molpro::pot: 1-th energy correction = 0 kcal/mole
molpro_pot: 0-th energy = -0.0761575 kcal/mol
molpro_pot: 1-th energy = -0.0159377 kcal/mol
molpro_pot: coordinates (angstrom):

C, 0.209956, -0.0258456, 0.161198
H, -0.467805, 0.681105, 0.612169
H, 1.23603, 0.25167, -0.0195948
H, -0.137295, -1.01099, -0.106072
H, -3.13084, 0.385951, -2.40586

molpro_pot: interatomic distances matrix (angstrom):

\     C1    H2    H3    H4
H2  1.08
H3  1.08  1.87
H4  1.08  1.87  1.87
H5  4.23  4.04  4.98  4.03

Molpro::pot: 1-th molpro energy = -0.0857231 kcal/mole

Molpro::pot: 0-th energy correction = -0.0602381 kcal/mole
Molpro::pot: 1-th energy correction = 0 kcal/mole
molpro_pot: 0-th energy = -0.145961 kcal/mol
molpro_pot: 1-th energy = -0.0857231 kcal/mol

(11,0)-th SURFACE:

molpro_pot: coordinates (angstrom):

C, -0.0291251, -0.218376, 0.149218
H, -0.781945, -0.972136, -0.0169833
H, 0.590668, -0.2612, 1.03043
H, 0.106031, 0.576184, -0.566973
H, 0.432033, 3.25732, -2.22318

molpro_pot: interatomic distances matrix (angstrom):

\     C1    H2    H3    H4
H2  1.08
H3  1.08  1.87
H4  1.08  1.87  1.87
H5  4.23  4.92  4.79  3.17

Molpro::pot: 1-th molpro energy = 0.00681133 kcal/mole

Molpro::pot: 0-th energy correction = -0.0602228 kcal/mole
Molpro::pot: 1-th energy correction = 0 kcal/mole
molpro_pot: 0-th energy = -0.0534115 kcal/mol
molpro_pot: 1-th energy = 0.00681133 kcal/mol
molpro_pot: coordinates (angstrom):

C, 0.240452, -0.076299, -0.0854134
H, 0.863994, 0.272346, 0.722149
H, -0.501318, -0.837303, 0.0967064
H, 0.356426, 0.338021, -1.07405
H, -3.58213, 1.13542, 1.2722

molpro_pot: interatomic distances matrix (angstrom):

\     C1    H2    H3    H4
H2  1.08
H3  1.08  1.87
H4  1.08  1.87  1.87
H5  4.23  4.56  3.84  4.65

Molpro::pot: 1-th molpro energy = -0.104699 kcal/mole

Molpro::pot: 0-th energy correction = -0.0601929 kcal/mole
Molpro::pot: 1-th energy correction = 0 kcal/mole
molpro_pot: 0-th energy = -0.164892 kcal/mol
molpro_pot: 1-th energy = -0.104699 kcal/mol
molpro_pot: coordinates (angstrom):

C, -0.19542, 0.0893604, -0.157106
H, 0.154439, 0.381767, 0.819937
H, -0.70916, 0.802938, -0.781122
H, -0.0289351, -0.915289, -0.511342
H, 2.91049, -1.33341, 2.34316

molpro_pot: interatomic distances matrix (angstrom):

\     C1    H2    H3    H4
H2  1.08
H3  1.08  1.87
H4  1.08  1.87  1.87
H5  4.23  3.59  5.24  4.12

Molpro::pot: 1-th molpro energy = -0.0190488 kcal/mole

Molpro::pot: 0-th energy correction = -0.0602105 kcal/mole
Molpro::pot: 1-th energy correction = 0 kcal/mole
molpro_pot: 0-th energy = -0.0792593 kcal/mol
molpro_pot: 1-th energy = -0.0190488 kcal/mol
molpro_pot: coordinates (angstrom):

C, -0.11363, -0.0201279, 0.239894
H, -0.223024, 0.31729, -0.778289
H, 0.585606, -0.806594, 0.47454
H, -0.700922, 0.430784, 1.02366
H, 1.69131, 0.298181, -3.57629

molpro_pot: interatomic distances matrix (angstrom):

\     C1    H2    H3    H4
H2  1.08
H3  1.08  1.87
H4  1.08  1.87  1.87
H5  4.23  3.39  4.34  5.19

Molpro::pot: 1-th molpro energy = -0.00829116 kcal/mole

Molpro::pot: 0-th energy correction = -0.0602083 kcal/mole
Molpro::pot: 1-th energy correction = 0 kcal/mole
molpro_pot: 0-th energy = -0.0684995 kcal/mol
molpro_pot: 1-th energy = -0.00829116 kcal/mol
molpro_pot: coordinates (angstrom):

C, 0.00363273, 0.0998358, -0.246886
H, -0.0091493, -0.848878, -0.759032
H, -0.892509, 0.697325, -0.197329
H, 0.911305, 0.449596, 0.218215
H, -0.0529018, -1.48677, 3.67777

molpro_pot: interatomic distances matrix (angstrom):

\     C1    H2    H3    H4
H2  1.08
H3  1.08  1.87
H4  1.08  1.87  1.87
H5  4.23  4.48  4.53  4.08

Molpro::pot: 1-th molpro energy = -0.121077 kcal/mole

Molpro::pot: 0-th energy correction = -0.0601932 kcal/mole
Molpro::pot: 1-th energy correction = 0 kcal/mole
molpro_pot: 0-th energy = -0.18127 kcal/mol
molpro_pot: 1-th energy = -0.121077 kcal/mol

(12,0)-th SURFACE:

molpro_pot: coordinates (angstrom):

C, 0.0580068, -0.217255, -0.107828
H, -0.351553, -0.679762, 0.775836
H, 0.705838, 0.639744, -0.0162539
H, -0.177602, -0.613382, -1.08256
H, -0.86736, 3.24022, 1.60687

molpro_pot: interatomic distances matrix (angstrom):

\     C1    H2    H3    H4
H2  1.08
H3  1.08  1.87
H4  1.08  1.87  1.87
H5  3.97  4.04  3.45  4.75

Molpro::pot: 1-th molpro energy = -0.127665 kcal/mole

Molpro::pot: 0-th energy correction = -0.101843 kcal/mole
Molpro::pot: 1-th energy correction = 0 kcal/mole
molpro_pot: 0-th energy = -0.229508 kcal/mol
molpro_pot: 1-th energy = -0.127665 kcal/mol
molpro_pot: coordinates (angstrom):

C, -0.099544, -0.211771, -0.0864998
H, 0.958993, -0.0445141, -0.204993
H, -0.550064, -1.10989, -0.477555
H, -0.70688, 0.517258, 0.425535
H, 1.4832, 3.15868, 1.28695

molpro_pot: interatomic distances matrix (angstrom):

\     C1    H2    H3    H4
H2  1.08
H3  1.08  1.87
H4  1.08  1.87  1.87
H5  3.97  3.57  5.05  3.54

Molpro::pot: 1-th molpro energy = 0.00515812 kcal/mole

Molpro::pot: 0-th energy correction = -0.101825 kcal/mole
Molpro::pot: 1-th energy correction = 0 kcal/mole
molpro_pot: 0-th energy = -0.0966673 kcal/mol
molpro_pot: 1-th energy = 0.00515812 kcal/mol
molpro_pot: coordinates (angstrom):

C, 0.115094, 0.221229, -0.0110678
H, 1.10552, -0.0172493, 0.342057
H, -0.0111592, 0.863052, -0.86818
H, -0.748729, -0.184384, 0.490738
H, -1.71604, -3.29555, 0.167167

molpro_pot: interatomic distances matrix (angstrom):

\     C1    H2    H3    H4
H2  1.08
H3  1.08  1.87
H4  1.08  1.87  1.87
H5  3.97  4.33  4.61  3.27

Molpro::pot: 1-th molpro energy = -0.116188 kcal/mole

Molpro::pot: 0-th energy correction = -0.101798 kcal/mole
Molpro::pot: 1-th energy correction = 0 kcal/mole
molpro_pot: 0-th energy = -0.217986 kcal/mol
molpro_pot: 1-th energy = -0.116188 kcal/mol
molpro_pot: coordinates (angstrom):

C, -0.248697, -0.0109332, 0.017004
H, -0.934105, -0.156631, -0.802449
H, -0.592355, -0.121971, 1.03292
H, 0.780704, 0.242658, -0.179327
H, 3.70695, 0.166124, -0.253609

molpro_pot: interatomic distances matrix (angstrom):

\     C1    H2    H3    H4
H2  1.08
H3  1.08  1.87
H4  1.08  1.87  1.87
H5  3.97  4.68   4.5  2.93

Molpro::pot: 1-th molpro energy = 0.0411442 kcal/mole

Molpro::pot: 0-th energy correction = -0.101818 kcal/mole
Molpro::pot: 1-th energy correction = 0 kcal/mole
molpro_pot: 0-th energy = -0.0606735 kcal/mol
molpro_pot: 1-th energy = 0.0411442 kcal/mol
molpro_pot: coordinates (angstrom):

C, 0.139563, -0.190777, -0.0799691
H, 0.130858, 0.82414, -0.443816
H, 0.97306, -0.836599, -0.305168
H, -0.683381, -0.558887, 0.511451
H, -2.08229, 2.84289, 1.18971

molpro_pot: interatomic distances matrix (angstrom):

\     C1    H2    H3    H4
H2  1.08
H3  1.08  1.87
H4  1.08  1.87  1.87
H5  3.97  3.41  5.01  3.74

Molpro::pot: 1-th molpro energy = -0.00973408 kcal/mole

Molpro::pot: 0-th energy correction = -0.101814 kcal/mole
Molpro::pot: 1-th energy correction = 0 kcal/mole
molpro_pot: 0-th energy = -0.111548 kcal/mol
molpro_pot: 1-th energy = -0.00973408 kcal/mol
