
(0,0)-th SURFACE:

molpro_pot: coordinates (angstrom):

C, -0.0474853, 0.356132, 0.559912
H, -0.621471, 1.24297, 0.775715
H, 0.362694, 0.206631, -0.425949
H, 0.118941, -0.379488, 1.33042
H, 0.705236, -5.31051, -8.34696

molpro_pot: interatomic distances matrix (angstrom):

\     C1    H2    H3    H4
H2  1.08
H3  1.08  1.87
H4  1.08  1.87  1.87
H5  10.6  11.3  9.66  10.9

Molpro::pot: 1-th molpro energy = -8.11537e-06 kcal/mole

Molpro::pot: 0-th energy correction = -1.83754e-07 kcal/mole
Molpro::pot: 1-th energy correction = 0 kcal/mole
molpro_pot: 0-th energy = -8.29912e-06 kcal/mol
molpro_pot: 1-th energy = -8.11537e-06 kcal/mol
molpro_pot: coordinates (angstrom):

C, 0.303868, 0.194779, -0.558798
H, 1.26214, 0.2247, -0.0655029
H, 0.127513, 0.804308, -1.43052
H, -0.476784, -0.446685, -0.182464
H, -4.53097, -2.90153, 8.332

molpro_pot: interatomic distances matrix (angstrom):

\     C1    H2    H3    H4
H2  1.08
H3  1.08  1.87
H4  1.08  1.87  1.87
H5  10.6  10.7  11.4  9.74

Molpro::pot: 1-th molpro energy = -9.67526e-05 kcal/mole

Molpro::pot: 0-th energy correction = -1.8377e-07 kcal/mole
Molpro::pot: 1-th energy correction = 0 kcal/mole
molpro_pot: 0-th energy = -9.69364e-05 kcal/mol
molpro_pot: 1-th energy = -9.67526e-05 kcal/mol
molpro_pot: coordinates (angstrom):

C, 0.286205, -0.517092, -0.305505
H, 1.02074, -1.05283, -0.885133
H, -0.691283, -0.94389, -0.147771
H, 0.529967, 0.443642, 0.118866
H, -4.26721, 7.71001, 4.55164

molpro_pot: interatomic distances matrix (angstrom):

\     C1    H2    H3    H4
H2  1.08
H3  1.08  1.87
H4  1.08  1.87  1.87
H5  10.6  11.6  10.5  9.77

Molpro::pot: 1-th molpro energy = -8.71563e-05 kcal/mole

Molpro::pot: 0-th energy correction = -1.83742e-07 kcal/mole
Molpro::pot: 1-th energy correction = 0 kcal/mole
molpro_pot: 0-th energy = -8.734e-05 kcal/mol
molpro_pot: 1-th energy = -8.71563e-05 kcal/mol
molpro_pot: coordinates (angstrom):

C, -0.494603, 0.115796, 0.429767
H, -0.194471, -0.176771, -0.563632
H, 0.243611, 0.208504, 1.21013
H, -1.53206, 0.318605, 0.642085
H, 7.37207, -1.7291, -6.40574

molpro_pot: interatomic distances matrix (angstrom):

\     C1    H2    H3    H4
H2  1.08
H3  1.08  1.87
H4  1.08  1.87  1.87
H5  10.6  9.68  10.6  11.5

Molpro::pot: 1-th molpro energy = -8.54704e-05 kcal/mole

Molpro::pot: 0-th energy correction = -1.83712e-07 kcal/mole
Molpro::pot: 1-th energy correction = 0 kcal/mole
molpro_pot: 0-th energy = -8.56541e-05 kcal/mol
molpro_pot: 1-th energy = -8.54704e-05 kcal/mol
molpro_pot: coordinates (angstrom):

C, 0.339662, 0.485762, 0.302368
H, 0.544774, 1.2885, 0.992333
H, 0.897769, -0.434591, 0.3655
H, -0.425341, 0.602044, -0.448478
H, -5.0615, -7.23984, -4.5096

molpro_pot: interatomic distances matrix (angstrom):

\     C1    H2    H3    H4
H2  1.08
H3  1.08  1.87
H4  1.08  1.87  1.87
H5  10.6  11.6  10.3  9.97

Molpro::pot: 1-th molpro energy = -1.40736e-05 kcal/mole

Molpro::pot: 0-th energy correction = -1.83706e-07 kcal/mole
Molpro::pot: 1-th energy correction = 0 kcal/mole
molpro_pot: 0-th energy = -1.42573e-05 kcal/mol
molpro_pot: 1-th energy = -1.40736e-05 kcal/mol

(1,0)-th SURFACE:

molpro_pot: coordinates (angstrom):

C, -0.100576, -0.454917, -0.32093
H, -0.278676, -0.1339, -1.33471
H, 0.896132, -0.417806, 0.0885994
H, -0.919281, -0.810002, 0.28418
H, 1.49937, 6.77833, 4.78319

molpro_pot: interatomic distances matrix (angstrom):

\     C1    H2    H3    H4
H2  1.08
H3  1.08  1.87
H4  1.08  1.87  1.87
H5     9   9.4  8.61  9.15

Molpro::pot: 1-th molpro energy = -0.000128744 kcal/mole

Molpro::pot: 0-th energy correction = -4.39429e-06 kcal/mole
Molpro::pot: 1-th energy correction = 0 kcal/mole
molpro_pot: 0-th energy = -0.000133139 kcal/mol
molpro_pot: 1-th energy = -0.000128744 kcal/mol
molpro_pot: coordinates (angstrom):

C, 0.38684, -0.124948, 0.393292
H, -0.124336, 0.563377, -0.260485
H, 0.349898, 0.0182725, 1.4613
H, 0.932187, -0.957954, -0.0204932
H, -5.76379, 1.86404, -5.86318

molpro_pot: interatomic distances matrix (angstrom):

\     C1    H2    H3    H4
H2  1.08
H3  1.08  1.87
H4  1.08  1.87  1.87
H5     9  8.06  9.72  9.32

Molpro::pot: 1-th molpro energy = -0.000117555 kcal/mole

Molpro::pot: 0-th energy correction = -4.39526e-06 kcal/mole
Molpro::pot: 1-th energy correction = 0 kcal/mole
molpro_pot: 0-th energy = -0.00012195 kcal/mol
molpro_pot: 1-th energy = -0.000117555 kcal/mol
molpro_pot: coordinates (angstrom):

C, -0.0455174, 0.47883, -0.297626
H, -0.341612, 0.949875, 0.625932
H, 0.480951, 1.04714, -1.04754
H, -0.273006, -0.560904, -0.470026
H, 0.675635, -7.13746, 4.43542

molpro_pot: interatomic distances matrix (angstrom):

\     C1    H2    H3    H4
H2  1.08
H3  1.08  1.87
H4  1.08  1.87  1.87
H5     9     9  9.85  8.26

Molpro::pot: 1-th molpro energy = -8.90946e-05 kcal/mole

Molpro::pot: 0-th energy correction = -4.3953e-06 kcal/mole
Molpro::pot: 1-th energy correction = 0 kcal/mole
molpro_pot: 0-th energy = -9.34899e-05 kcal/mol
molpro_pot: 1-th energy = -8.90946e-05 kcal/mol
molpro_pot: coordinates (angstrom):

C, 0.127776, 0.257692, -0.486876
H, 0.399492, 1.25679, -0.186067
H, 0.0561981, 0.0111515, -1.53407
H, -0.0692828, -0.495457, 0.259083
H, -1.90781, -3.84079, 7.2582

molpro_pot: interatomic distances matrix (angstrom):

\     C1    H2    H3    H4
H2  1.08
H3  1.08  1.87
H4  1.08  1.87  1.87
H5     9  9.31   9.8  7.97

Molpro::pot: 1-th molpro energy = -0.000116373 kcal/mole

Molpro::pot: 0-th energy correction = -4.39648e-06 kcal/mole
Molpro::pot: 1-th energy correction = 0 kcal/mole
molpro_pot: 0-th energy = -0.000120769 kcal/mol
molpro_pot: 1-th energy = -0.000116373 kcal/mol
molpro_pot: coordinates (angstrom):

C, -0.0325808, 0.483722, 0.291075
H, 0.967317, 0.0989842, 0.412303
H, -0.846844, -0.190112, 0.0779026
H, -0.218778, 1.54147, 0.386026
H, 0.486239, -7.20994, -4.34202

molpro_pot: interatomic distances matrix (angstrom):

\     C1    H2    H3    H4
H2  1.08
H3  1.08  1.87
H4  1.08  1.87  1.87
H5     9  8.73   8.4  9.97

Molpro::pot: 1-th molpro energy = -8.558e-05 kcal/mole

Molpro::pot: 0-th energy correction = -4.39652e-06 kcal/mole
Molpro::pot: 1-th energy correction = 0 kcal/mole
molpro_pot: 0-th energy = -8.99765e-05 kcal/mol
molpro_pot: 1-th energy = -8.558e-05 kcal/mol

(1,0)-th SURFACE:

molpro_pot: coordinates (angstrom):

C, -0.376942, -0.403529, -0.122957
H, -0.586027, 0.165778, 0.768496
H, -0.249712, 0.101414, -1.06708
H, -0.292028, -1.47707, -0.0698901
H, 5.61595, 6.01464, 1.83249

molpro_pot: interatomic distances matrix (angstrom):

\     C1    H2    H3    H4
H2  1.08
H3  1.08  1.87
H4  1.08  1.87  1.87
H5     9  8.59  8.82  9.73

Molpro::pot: 1-th molpro energy = -0.000104095 kcal/mole

Molpro::pot: 0-th energy correction = -4.39446e-06 kcal/mole
Molpro::pot: 1-th energy correction = 0 kcal/mole
molpro_pot: 0-th energy = -0.000108489 kcal/mol
molpro_pot: 1-th energy = -0.000104095 kcal/mol
molpro_pot: coordinates (angstrom):

C, 0.258511, 0.488745, 0.11855
H, -0.564478, 0.583955, 0.808578
H, 0.130692, -0.0618998, -0.799584
H, 1.20806, 0.946564, 0.344998
H, -3.85232, -7.28802, -1.76555

molpro_pot: interatomic distances matrix (angstrom):

\     C1    H2    H3    H4
H2  1.08
H3  1.08  1.87
H4  1.08  1.87  1.87
H5     9  8.91  8.31  9.89

Molpro::pot: 1-th molpro energy = -9.53203e-05 kcal/mole

Molpro::pot: 0-th energy correction = -4.39668e-06 kcal/mole
Molpro::pot: 1-th energy correction = 0 kcal/mole
molpro_pot: 0-th energy = -9.9717e-05 kcal/mol
molpro_pot: 1-th energy = -9.53203e-05 kcal/mol
molpro_pot: coordinates (angstrom):

C, 0.11416, -0.448863, 0.324846
H, 0.115526, 0.519022, 0.799936
H, -0.755467, -0.780494, -0.219478
H, 0.98314, -1.08366, 0.391362
H, -1.70248, 6.68967, -4.8397

molpro_pot: interatomic distances matrix (angstrom):

\     C1    H2    H3    H4
H2  1.08
H3  1.08  1.87
H4  1.08  1.87  1.87
H5     9  8.55  8.83  9.75

Molpro::pot: 1-th molpro energy = -8.09279e-05 kcal/mole

Molpro::pot: 0-th energy correction = -4.39449e-06 kcal/mole
Molpro::pot: 1-th energy correction = 0 kcal/mole
molpro_pot: 0-th energy = -8.53224e-05 kcal/mol
molpro_pot: 1-th energy = -8.09279e-05 kcal/mol
molpro_pot: coordinates (angstrom):

C, 0.02564, -0.0446698, 0.563363
H, -0.941465, -0.515164, 0.639908
H, 0.722476, -0.365867, -0.194113
H, 0.294732, 0.748811, 1.24196
H, -0.381033, 0.664095, -8.39563

molpro_pot: interatomic distances matrix (angstrom):

\     C1    H2    H3    H4
H2  1.08
H3  1.08  1.87
H4  1.08  1.87  1.87
H5     9  9.13  8.34  9.66

Molpro::pot: 1-th molpro energy = -8.25076e-05 kcal/mole

Molpro::pot: 0-th energy correction = -4.39452e-06 kcal/mole
Molpro::pot: 1-th energy correction = 0 kcal/mole
molpro_pot: 0-th energy = -8.69021e-05 kcal/mol
molpro_pot: 1-th energy = -8.25076e-05 kcal/mol
molpro_pot: coordinates (angstrom):

C, 0.174374, 0.039244, -0.536448
H, 0.475085, 0.761974, -1.2779
H, -0.788188, 0.126443, -0.058546
H, 0.83458, -0.772162, -0.275166
H, -2.59772, -0.583527, 7.99901

molpro_pot: interatomic distances matrix (angstrom):

\     C1    H2    H3    H4
H2  1.08
H3  1.08  1.87
H4  1.08  1.87  1.87
H5     9  9.86  8.29  8.96

Molpro::pot: 1-th molpro energy = -0.000115806 kcal/mole

Molpro::pot: 0-th energy correction = -4.39692e-06 kcal/mole
Molpro::pot: 1-th energy correction = 0 kcal/mole
molpro_pot: 0-th energy = -0.000120203 kcal/mol
molpro_pot: 1-th energy = -0.000115806 kcal/mol

(2,0)-th SURFACE:

molpro_pot: coordinates (angstrom):

C, 0.0742011, -0.503298, -0.0848877
H, 0.331862, -0.462851, 0.961291
H, -0.63876, 0.195917, -0.491464
H, 0.531564, -1.24061, -0.724976
H, -1.10817, 7.50022, 1.26589

molpro_pot: interatomic distances matrix (angstrom):

\     C1    H2    H3    H4
H2  1.08
H3  1.08  1.87
H4  1.08  1.87  1.87
H5   8.2   8.1  7.53  9.11

Molpro::pot: 1-th molpro energy = -0.000207629 kcal/mole

Molpro::pot: 0-th energy correction = -2.14976e-05 kcal/mole
Molpro::pot: 1-th energy correction = 0 kcal/mole
molpro_pot: 0-th energy = -0.000229127 kcal/mol
molpro_pot: 1-th energy = -0.000207629 kcal/mol
molpro_pot: coordinates (angstrom):

C, -0.462888, -0.142849, -0.176454
H, 0.162317, 0.711666, -0.380016
H, -1.52715, -0.0823948, -0.338333
H, -0.0237438, -1.05848, 0.185894
H, 6.90011, 2.13008, 2.63346

molpro_pot: interatomic distances matrix (angstrom):

\     C1    H2    H3    H4
H2  1.08
H3  1.08  1.87
H4  1.08  1.87  1.87
H5   8.2  7.52  9.21  8.01

Molpro::pot: 1-th molpro energy = -0.00018364 kcal/mole

Molpro::pot: 0-th energy correction = -2.15065e-05 kcal/mole
Molpro::pot: 1-th energy correction = 0 kcal/mole
molpro_pot: 0-th energy = -0.000205146 kcal/mol
molpro_pot: 1-th energy = -0.00018364 kcal/mol
molpro_pot: coordinates (angstrom):

C, -0.105176, 0.504613, 0.00678108
H, 0.283452, 1.03198, -0.849585
H, 0.551149, -0.103721, 0.608184
H, -1.14904, 0.587932, 0.263553
H, 1.56675, -7.52453, -0.102893

molpro_pot: interatomic distances matrix (angstrom):

\     C1    H2    H3    H4
H2  1.08
H3  1.08  1.87
H4  1.08  1.87  1.87
H5   8.2  8.68  7.52  8.56

Molpro::pot: 1-th molpro energy = -0.000190212 kcal/mole

Molpro::pot: 0-th energy correction = -2.15092e-05 kcal/mole
Molpro::pot: 1-th energy correction = 0 kcal/mole
molpro_pot: 0-th energy = -0.000211721 kcal/mol
molpro_pot: 1-th energy = -0.000190212 kcal/mol
molpro_pot: coordinates (angstrom):

C, 0.367014, -0.143314, 0.332517
H, -0.330333, -0.486109, -0.414954
H, 0.0200214, 0.458022, 1.15745
H, 1.41042, -0.404271, 0.256878
H, -5.47009, 2.13877, -4.9586

molpro_pot: interatomic distances matrix (angstrom):

\     C1    H2    H3    H4
H2  1.08
H3  1.08  1.87
H4  1.08  1.87  1.87
H5   8.2  7.35  8.39     9

Molpro::pot: 1-th molpro energy = -0.000198617 kcal/mole

Molpro::pot: 0-th energy correction = -2.15065e-05 kcal/mole
Molpro::pot: 1-th energy correction = 0 kcal/mole
molpro_pot: 0-th energy = -0.000220124 kcal/mol
molpro_pot: 1-th energy = -0.000198617 kcal/mol
molpro_pot: coordinates (angstrom):

C, 0.448081, 0.0905644, 0.238918
H, -0.215369, -0.309556, 0.988753
H, 0.511948, -0.37889, -0.729613
H, 1.04517, 0.961617, 0.45635
H, -6.67697, -1.35151, -3.56024

molpro_pot: interatomic distances matrix (angstrom):

\     C1    H2    H3    H4
H2  1.08
H3  1.08  1.87
H4  1.08  1.87  1.87
H5   8.2  7.97  7.79  9.01

Molpro::pot: 1-th molpro energy = -0.000201134 kcal/mole

Molpro::pot: 0-th energy correction = -2.14959e-05 kcal/mole
Molpro::pot: 1-th energy correction = 0 kcal/mole
molpro_pot: 0-th energy = -0.00022263 kcal/mol
molpro_pot: 1-th energy = -0.000201134 kcal/mol

(3,0)-th SURFACE:

molpro_pot: coordinates (angstrom):

C, -0.414469, 0.166055, -0.15484
H, -1.06484, -0.677174, 0.0139614
H, -0.481425, 1.03384, 0.481545
H, 0.304725, 0.140382, -0.957724
H, 6.17655, -2.47423, 2.30587

molpro_pot: interatomic distances matrix (angstrom):

\     C1    H2    H3    H4
H2  1.08
H3  1.08  1.87
H4  1.08  1.87  1.87
H5  7.51  7.81  7.74  7.21

Molpro::pot: 1-th molpro energy = -0.000296524 kcal/mole

Molpro::pot: 0-th energy correction = -8.50857e-05 kcal/mole
Molpro::pot: 1-th energy correction = 0 kcal/mole
molpro_pot: 0-th energy = -0.000381609 kcal/mol
molpro_pot: 1-th energy = -0.000296524 kcal/mol
molpro_pot: coordinates (angstrom):

C, -0.123313, -0.451849, -0.0624281
H, -0.460895, -0.789606, -1.02911
H, 0.652041, -0.992332, 0.456438
H, -0.55865, 0.427794, 0.383925
H, 1.83577, 6.73423, 0.932068

molpro_pot: interatomic distances matrix (angstrom):

\     C1    H2    H3    H4
H2  1.08
H3  1.08  1.87
H4  1.08  1.87  1.87
H5  7.51  8.11  7.83  6.77

Molpro::pot: 1-th molpro energy = -0.00033887 kcal/mole

Molpro::pot: 0-th energy correction = -8.50971e-05 kcal/mole
Molpro::pot: 1-th energy correction = 0 kcal/mole
molpro_pot: 0-th energy = -0.000423967 kcal/mol
molpro_pot: 1-th energy = -0.00033887 kcal/mol
molpro_pot: coordinates (angstrom):

C, 0.442605, -0.0900568, -0.13908
H, 0.65411, -0.456491, 0.85264
H, 0.165801, -0.779544, -0.920428
H, 0.504826, 0.965737, -0.348721
H, -6.59476, 1.34259, 2.07251

molpro_pot: interatomic distances matrix (angstrom):

\     C1    H2    H3    H4
H2  1.08
H3  1.08  1.87
H4  1.08  1.87  1.87
H5  7.51  7.57  7.69  7.51

Molpro::pot: 1-th molpro energy = -0.000303971 kcal/mole

Molpro::pot: 0-th energy correction = -8.50824e-05 kcal/mole
Molpro::pot: 1-th energy correction = 0 kcal/mole
molpro_pot: 0-th energy = -0.000389053 kcal/mol
molpro_pot: 1-th energy = -0.000303971 kcal/mol
molpro_pot: coordinates (angstrom):

C, -0.334941, 0.284622, -0.172792
H, -0.366992, -0.511068, -0.899679
H, -0.674632, 1.27239, -0.440091
H, 0.0337282, 0.0920159, 0.821947
H, 4.99599, -4.24228, 2.57523

molpro_pot: interatomic distances matrix (angstrom):

\     C1    H2    H3    H4
H2  1.08
H3  1.08  1.87
H4  1.08  1.87  1.87
H5  7.51   7.4  8.47  6.82

Molpro::pot: 1-th molpro energy = -0.000363422 kcal/mole

Molpro::pot: 0-th energy correction = -8.51363e-05 kcal/mole
Molpro::pot: 1-th energy correction = 0 kcal/mole
molpro_pot: 0-th energy = -0.000448559 kcal/mol
molpro_pot: 1-th energy = -0.000363422 kcal/mol
molpro_pot: coordinates (angstrom):

C, -0.0830604, -0.364831, 0.288331
H, -0.632241, 0.255595, 0.978248
H, 0.533506, 0.0890565, -0.470847
H, -0.147896, -1.43873, 0.359421
H, 1.23562, 5.43806, -4.29993

molpro_pot: interatomic distances matrix (angstrom):

\     C1    H2    H3    H4
H2  1.08
H3  1.08  1.87
H4  1.08  1.87  1.87
H5  7.51  7.63  6.62  8.42

Molpro::pot: 1-th molpro energy = -0.000343232 kcal/mole

Molpro::pot: 0-th energy correction = -8.51214e-05 kcal/mole
Molpro::pot: 1-th energy correction = 0 kcal/mole
molpro_pot: 0-th energy = -0.000428354 kcal/mol
molpro_pot: 1-th energy = -0.000343232 kcal/mol

(4,0)-th SURFACE:

molpro_pot: coordinates (angstrom):

C, 0.278133, -0.251496, 0.215545
H, 1.30255, -0.586764, 0.189655
H, -0.0426838, 0.550346, -0.429936
H, -0.426011, -0.719872, 0.884369
H, -4.14554, 3.7508, -3.21054

molpro_pot: interatomic distances matrix (angstrom):

\     C1    H2    H3    H4
H2  1.08
H3  1.08  1.87
H4  1.08  1.87  1.87
H5  6.88  7.75   5.9  7.11

Molpro::pot: 1-th molpro energy = -0.000699904 kcal/mole

Molpro::pot: 0-th energy correction = -0.000303068 kcal/mole
Molpro::pot: 1-th energy correction = 0 kcal/mole
molpro_pot: 0-th energy = -0.00100297 kcal/mol
molpro_pot: 1-th energy = -0.000699904 kcal/mol
molpro_pot: coordinates (angstrom):

C, -0.290169, -0.155541, 0.280555
H, 0.681064, 0.0904302, 0.678951
H, -0.580196, 0.20554, -0.69311
H, -0.969989, -0.764911, 0.854171
H, 4.32412, 2.32094, -4.18053

molpro_pot: interatomic distances matrix (angstrom):

\     C1    H2    H3    H4
H2  1.08
H3  1.08  1.87
H4  1.08  1.87  1.87
H5  6.88  6.47  6.38  7.93

Molpro::pot: 1-th molpro energy = -0.00060273 kcal/mole

Molpro::pot: 0-th energy correction = -0.000303043 kcal/mole
Molpro::pot: 1-th energy correction = 0 kcal/mole
molpro_pot: 0-th energy = -0.000905774 kcal/mol
molpro_pot: 1-th energy = -0.00060273 kcal/mol
molpro_pot: coordinates (angstrom):

C, -0.359432, -0.20018, -0.132624
H, -0.235717, -1.08368, 0.472888
H, 0.0327713, -0.176037, -1.13667
H, -0.877825, 0.657752, 0.264542
H, 5.36047, 2.98547, 1.97837

molpro_pot: interatomic distances matrix (angstrom):

\     C1    H2    H3    H4
H2  1.08
H3  1.08  1.87
H4  1.08  1.87  1.87
H5  6.88  7.08  6.93  6.88

Molpro::pot: 1-th molpro energy = -0.000525455 kcal/mole

Molpro::pot: 0-th energy correction = -0.000303218 kcal/mole
Molpro::pot: 1-th energy correction = 0 kcal/mole
molpro_pot: 0-th energy = -0.000828673 kcal/mol
molpro_pot: 1-th energy = -0.000525455 kcal/mol
molpro_pot: coordinates (angstrom):

C, 0.120698, -0.266134, -0.318813
H, 0.749435, -0.556091, 0.507703
H, -0.500208, 0.611909, -0.241127
H, 0.115104, -0.852142, -1.22385
H, -1.80146, 3.96513, 4.75332

molpro_pot: interatomic distances matrix (angstrom):

\     C1    H2    H3    H4
H2  1.08
H3  1.08  1.87
H4  1.08  1.87  1.87
H5  6.88  6.71  6.15  7.91

Molpro::pot: 1-th molpro energy = -0.000663734 kcal/mole

Molpro::pot: 0-th energy correction = -0.000303089 kcal/mole
Molpro::pot: 1-th energy correction = 0 kcal/mole
molpro_pot: 0-th energy = -0.000966823 kcal/mol
molpro_pot: 1-th energy = -0.000663734 kcal/mol
molpro_pot: coordinates (angstrom):

C, -0.0917682, -0.379348, -0.185876
H, -0.919709, -0.190291, 0.478418
H, 0.471227, -1.29468, -0.0979572
H, 0.171226, 0.345148, -0.939839
H, 1.36992, 5.65666, 2.77257

molpro_pot: interatomic distances matrix (angstrom):

\     C1    H2    H3    H4
H2  1.08
H3  1.08  1.87
H4  1.08  1.87  1.87
H5  6.88  6.69  7.57  6.59

Molpro::pot: 1-th molpro energy = -0.0005774 kcal/mole

Molpro::pot: 0-th energy correction = -0.000303202 kcal/mole
Molpro::pot: 1-th energy correction = 0 kcal/mole
molpro_pot: 0-th energy = -0.000880601 kcal/mol
molpro_pot: 1-th energy = -0.0005774 kcal/mol

(5,0)-th SURFACE:

molpro_pot: coordinates (angstrom):

C, -0.373058, -0.123884, -0.0862279
H, -0.587333, 0.816567, 0.395595
H, -1.14041, -0.877519, -0.161857
H, 0.607211, -0.309544, -0.495036
H, 5.56247, 1.84556, 1.288

molpro_pot: interatomic distances matrix (angstrom):

\     C1    H2    H3    H4
H2  1.08
H3  1.08  1.87
H4  1.08  1.87  1.87
H5   6.4   6.3  7.38  5.69

Molpro::pot: 1-th molpro energy = -0.00105215 kcal/mole

Molpro::pot: 0-th energy correction = -0.000785822 kcal/mole
Molpro::pot: 1-th energy correction = 0 kcal/mole
molpro_pot: 0-th energy = -0.00183798 kcal/mol
molpro_pot: 1-th energy = -0.00105215 kcal/mol
molpro_pot: coordinates (angstrom):

C, -0.151944, 0.01274, -0.372366
H, -0.736896, 0.669391, 0.251457
H, -0.643904, -0.661635, -1.0548
H, 0.924607, 0.0325548, -0.316107
H, 2.26537, -0.192004, 5.55314

molpro_pot: interatomic distances matrix (angstrom):

\     C1    H2    H3    H4
H2  1.08
H3  1.08  1.87
H4  1.08  1.87  1.87
H5   6.4  6.15  7.24  6.02

Molpro::pot: 1-th molpro energy = -0.000921855 kcal/mole

Molpro::pot: 0-th energy correction = -0.000785918 kcal/mole
Molpro::pot: 1-th energy correction = 0 kcal/mole
molpro_pot: 0-th energy = -0.00170777 kcal/mol
molpro_pot: 1-th energy = -0.000921855 kcal/mol
molpro_pot: coordinates (angstrom):

C, -0.230186, 0.0977268, 0.315677
H, -0.719509, 0.995589, -0.0262599
H, -0.366429, -0.827626, -0.220679
H, 0.397623, 0.125745, 1.1918
H, 3.4291, -1.45732, -4.70358

molpro_pot: interatomic distances matrix (angstrom):

\     C1    H2    H3    H4
H2  1.08
H3  1.08  1.87
H4  1.08  1.87  1.87
H5   6.4  6.72  5.91  6.82

Molpro::pot: 1-th molpro energy = -0.000910413 kcal/mole

Molpro::pot: 0-th energy correction = -0.000785366 kcal/mole
Molpro::pot: 1-th energy correction = 0 kcal/mole
molpro_pot: 0-th energy = -0.00169578 kcal/mol
molpro_pot: 1-th energy = -0.000910413 kcal/mol
molpro_pot: coordinates (angstrom):

C, -0.0929659, 0.270921, -0.282749
H, -0.051277, -0.076224, 0.737186
H, -0.490823, -0.369192, -1.05378
H, 0.26016, 1.2589, -0.531169
H, 1.38887, -4.0393, 4.21441

molpro_pot: interatomic distances matrix (angstrom):

\     C1    H2    H3    H4
H2  1.08
H3  1.08  1.87
H4  1.08  1.87  1.87
H5   6.4  5.47  6.69   7.2

Molpro::pot: 1-th molpro energy = -0.00134607 kcal/mole

Molpro::pot: 0-th energy correction = -0.000785757 kcal/mole
Molpro::pot: 1-th energy correction = 0 kcal/mole
molpro_pot: 0-th energy = -0.00213182 kcal/mol
molpro_pot: 1-th energy = -0.00134607 kcal/mol
molpro_pot: coordinates (angstrom):

C, -0.263211, -0.299578, 0.0536925
H, -0.756239, -0.25108, 1.01134
H, 0.0738169, -1.24868, -0.331187
H, -0.109984, 0.600164, -0.520334
H, 3.92642, 4.46663, -0.799126

molpro_pot: interatomic distances matrix (angstrom):

\     C1    H2    H3    H4
H2  1.08
H3  1.08  1.87
H4  1.08  1.87  1.87
H5   6.4  6.89  6.91   5.6

Molpro::pot: 1-th molpro energy = -0.0011466 kcal/mole

Molpro::pot: 0-th energy correction = -0.000785909 kcal/mole
Molpro::pot: 1-th energy correction = 0 kcal/mole
molpro_pot: 0-th energy = -0.00193251 kcal/mol
molpro_pot: 1-th energy = -0.0011466 kcal/mol

(5,0)-th SURFACE:

molpro_pot: coordinates (angstrom):

C, 0.327748, -0.00754384, 0.23351
H, 0.104185, 0.80956, -0.433481
H, -0.103203, -0.980044, 0.0573213
H, 0.984436, 0.146888, 1.0746
H, -4.88786, 0.11342, -3.47881

molpro_pot: interatomic distances matrix (angstrom):

\     C1    H2    H3    H4
H2  1.08
H3  1.08  1.87
H4  1.08  1.87  1.87
H5   6.4  5.89  6.05  7.43

Molpro::pot: 1-th molpro energy = -0.000977888 kcal/mole

Molpro::pot: 0-th energy correction = -0.000785728 kcal/mole
Molpro::pot: 1-th energy correction = 0 kcal/mole
molpro_pot: 0-th energy = -0.00176362 kcal/mol
molpro_pot: 1-th energy = -0.000977888 kcal/mol
molpro_pot: coordinates (angstrom):

C, -0.050191, 0.183871, 0.354651
H, -0.669531, -0.698627, 0.366073
H, 0.410925, 0.530151, 1.26568
H, 0.110555, 0.718183, -0.567951
H, 0.745666, -2.73903, -5.28657

molpro_pot: interatomic distances matrix (angstrom):

\     C1    H2    H3    H4
H2  1.08
H3  1.08  1.87
H4  1.08  1.87  1.87
H5   6.4  6.17  7.33  5.88

Molpro::pot: 1-th molpro energy = -0.000935106 kcal/mole

Molpro::pot: 0-th energy correction = -0.000785529 kcal/mole
Molpro::pot: 1-th energy correction = 0 kcal/mole
molpro_pot: 0-th energy = -0.00172064 kcal/mol
molpro_pot: 1-th energy = -0.000935106 kcal/mol
molpro_pot: coordinates (angstrom):

C, -0.268513, -0.0176605, 0.299299
H, -0.00296925, -0.461833, 1.24519
H, 0.262956, -0.298526, -0.595785
H, -1.06723, 0.704783, 0.247877
H, 4.00438, 0.265857, -4.46099

molpro_pot: interatomic distances matrix (angstrom):

\     C1    H2    H3    H4
H2  1.08
H3  1.08  1.87
H4  1.08  1.87  1.87
H5   6.4  7.01  5.41  6.93

Molpro::pot: 1-th molpro energy = -0.00145527 kcal/mole

Molpro::pot: 0-th energy correction = -0.000785751 kcal/mole
Molpro::pot: 1-th energy correction = 0 kcal/mole
molpro_pot: 0-th energy = -0.00224103 kcal/mol
molpro_pot: 1-th energy = -0.00145527 kcal/mol
molpro_pot: coordinates (angstrom):

C, 0.262915, -0.303806, 0.0211384
H, 0.499045, -0.457649, 1.06185
H, 0.933522, 0.262085, -0.605416
H, -0.64188, -0.71826, -0.393706
H, -3.92117, 4.53119, -0.314424

molpro_pot: interatomic distances matrix (angstrom):

\     C1    H2    H3    H4
H2  1.08
H3  1.08  1.87
H4  1.08  1.87  1.87
H5   6.4  6.81  6.47  6.19

Molpro::pot: 1-th molpro energy = -0.000803881 kcal/mole

Molpro::pot: 0-th energy correction = -0.000785989 kcal/mole
Molpro::pot: 1-th energy correction = 0 kcal/mole
molpro_pot: 0-th energy = -0.00158987 kcal/mol
molpro_pot: 1-th energy = -0.000803881 kcal/mol
molpro_pot: coordinates (angstrom):

C, 0.16573, 0.318033, 0.182525
H, 0.911637, 0.608034, 0.905047
H, -0.858805, 0.183585, 0.49037
H, 0.443535, 0.165531, -0.848052
H, -2.46969, -4.74392, -2.72066

molpro_pot: interatomic distances matrix (angstrom):

\     C1    H2    H3    H4
H2  1.08
H3  1.08  1.87
H4  1.08  1.87  1.87
H5   6.4   7.3   6.1  6.01

Molpro::pot: 1-th molpro energy = -0.000923275 kcal/mole

Molpro::pot: 0-th energy correction = -0.000785876 kcal/mole
Molpro::pot: 1-th energy correction = 0 kcal/mole
molpro_pot: 0-th energy = -0.00170915 kcal/mol
molpro_pot: 1-th energy = -0.000923275 kcal/mol

(6,0)-th SURFACE:

molpro_pot: coordinates (angstrom):

C, 0.291802, 0.14447, -0.188026
H, 0.3595, 0.694968, 0.736574
H, 1.18274, -0.0593416, -0.760046
H, -0.66598, -0.204806, -0.538997
H, -4.35069, -2.151, 2.80126

molpro_pot: interatomic distances matrix (angstrom):

\     C1    H2    H3    H4
H2  1.08
H3  1.08  1.87
H4  1.08  1.87  1.87
H5  5.98  5.88   6.9  5.34

Molpro::pot: 1-th molpro energy = -0.00180887 kcal/mole

Molpro::pot: 0-th energy correction = -0.00183179 kcal/mole
Molpro::pot: 1-th energy correction = 0 kcal/mole
molpro_pot: 0-th energy = -0.00364066 kcal/mol
molpro_pot: 1-th energy = -0.00180887 kcal/mol
molpro_pot: coordinates (angstrom):

C, -0.225999, 0.191542, -0.231154
H, -1.03552, 0.87909, -0.0455173
H, -0.422238, -0.866655, -0.296179
H, 0.778915, 0.562185, -0.354815
H, 3.36978, -2.85527, 3.44882

molpro_pot: interatomic distances matrix (angstrom):

\     C1    H2    H3    H4
H2  1.08
H3  1.08  1.87
H4  1.08  1.87  1.87
H5  5.98  6.75  5.69  5.73

Molpro::pot: 1-th molpro energy = -0.00152034 kcal/mole

Molpro::pot: 0-th energy correction = -0.00183265 kcal/mole
Molpro::pot: 1-th energy correction = 0 kcal/mole
molpro_pot: 0-th energy = -0.003353 kcal/mol
molpro_pot: 1-th energy = -0.00152034 kcal/mol
molpro_pot: coordinates (angstrom):

C, -0.207351, -0.0683526, -0.306126
H, -1.23838, 0.247064, -0.30825
H, 0.489721, 0.373615, 0.387613
H, 0.125908, -0.827628, -0.995299
H, 3.09165, 1.02081, 4.56092

molpro_pot: interatomic distances matrix (angstrom):

\     C1    H2    H3    H4
H2  1.08
H3  1.08  1.87
H4  1.08  1.87  1.87
H5  5.98  6.56  4.96  6.56

Molpro::pot: 1-th molpro energy = -0.00309497 kcal/mole

Molpro::pot: 0-th energy correction = -0.00183176 kcal/mole
Molpro::pot: 1-th energy correction = 0 kcal/mole
molpro_pot: 0-th energy = -0.00492673 kcal/mol
molpro_pot: 1-th energy = -0.00309497 kcal/mol
molpro_pot: coordinates (angstrom):

C, -0.206952, -0.0958521, 0.298604
H, -0.00741657, 0.363971, 1.25321
H, -0.0692008, -1.15781, 0.172954
H, -0.547074, 0.505433, -0.529221
H, 3.08784, 1.4297, -4.45237

molpro_pot: interatomic distances matrix (angstrom):

\     C1    H2    H3    H4
H2  1.08
H3  1.08  1.87
H4  1.08  1.87  1.87
H5  5.98  6.58  6.17  5.43

Molpro::pot: 1-th molpro energy = -0.00176338 kcal/mole

Molpro::pot: 0-th energy correction = -0.00183272 kcal/mole
Molpro::pot: 1-th energy correction = 0 kcal/mole
molpro_pot: 0-th energy = -0.0035961 kcal/mol
molpro_pot: 1-th energy = -0.00176338 kcal/mol
molpro_pot: coordinates (angstrom):

C, 0.309978, 0.0629447, 0.203343
H, -0.456258, -0.671611, 0.392621
H, 1.34986, -0.214777, 0.26685
H, 0.0365581, 1.07407, -0.0523821
H, -4.62102, -0.937151, -3.02826

molpro_pot: interatomic distances matrix (angstrom):

\     C1    H2    H3    H4
H2  1.08
H3  1.08  1.87
H4  1.08  1.87  1.87
H5  5.98   5.4  6.86  5.88

Molpro::pot: 1-th molpro energy = -0.00177041 kcal/mole

Molpro::pot: 0-th energy correction = -0.00183168 kcal/mole
Molpro::pot: 1-th energy correction = 0 kcal/mole
molpro_pot: 0-th energy = -0.00360209 kcal/mol
molpro_pot: 1-th energy = -0.00177041 kcal/mol

(7,0)-th SURFACE:

molpro_pot: coordinates (angstrom):

C, 0.20218, 0.272201, 0.096244
H, 0.183799, 0.643856, 1.1082
H, 0.0201655, 0.943583, -0.727549
H, 0.405543, -0.769756, -0.0921416
H, -3.01683, -4.05874, -1.43447

molpro_pot: interatomic distances matrix (angstrom):

\     C1    H2    H3    H4
H2  1.08
H3  1.08  1.87
H4  1.08  1.87  1.87
H5  5.61  6.23  5.89  4.93

Molpro::pot: 1-th molpro energy = -0.00369717 kcal/mole

Molpro::pot: 0-th energy correction = -0.00384437 kcal/mole
Molpro::pot: 1-th energy correction = 0 kcal/mole
molpro_pot: 0-th energy = -0.00754155 kcal/mol
molpro_pot: 1-th energy = -0.00369717 kcal/mol
molpro_pot: coordinates (angstrom):

C, 0.175835, 0.278061, -0.126415
H, 0.885072, -0.471954, -0.437823
H, 0.0951823, 0.543547, 0.915473
H, -0.450372, 0.764678, -0.856887
H, -2.62351, -4.14709, 1.88444

molpro_pot: interatomic distances matrix (angstrom):

\     C1    H2    H3    H4
H2  1.08
H3  1.08  1.87
H4  1.08  1.87  1.87
H5  5.61  5.59  5.51  6.03

Molpro::pot: 1-th molpro energy = -0.00310164 kcal/mole

Molpro::pot: 0-th energy correction = -0.00384456 kcal/mole
Molpro::pot: 1-th energy correction = 0 kcal/mole
molpro_pot: 0-th energy = -0.0069462 kcal/mol
molpro_pot: 1-th energy = -0.00310164 kcal/mol
molpro_pot: coordinates (angstrom):

C, -0.328576, -0.0401962, 0.121069
H, 0.395888, 0.180925, 0.888384
H, -0.281252, -0.977046, -0.410525
H, -1.10196, 0.673838, -0.112505
H, 4.89963, 0.600892, -1.80691

molpro_pot: interatomic distances matrix (angstrom):

\     C1    H2    H3    H4
H2  1.08
H3  1.08  1.87
H4  1.08  1.87  1.87
H5  5.61  5.27  5.59  6.24

Molpro::pot: 1-th molpro energy = -0.00312058 kcal/mole

Molpro::pot: 0-th energy correction = -0.00384434 kcal/mole
Molpro::pot: 1-th energy correction = 0 kcal/mole
molpro_pot: 0-th energy = -0.00696493 kcal/mol
molpro_pot: 1-th energy = -0.00312058 kcal/mol
molpro_pot: coordinates (angstrom):

C, -0.124632, -0.0977177, -0.314957
H, -1.19325, -0.152905, -0.447365
H, 0.528133, -0.661417, -0.961996
H, 0.291289, 0.52329, 0.46214
H, 1.85779, 1.45454, 4.69737

molpro_pot: interatomic distances matrix (angstrom):

\     C1    H2    H3    H4
H2  1.08
H3  1.08  1.87
H4  1.08  1.87  1.87
H5  5.61  6.19  6.19  4.61

Molpro::pot: 1-th molpro energy = -0.00544233 kcal/mole

Molpro::pot: 0-th energy correction = -0.00384387 kcal/mole
Molpro::pot: 1-th energy correction = 0 kcal/mole
molpro_pot: 0-th energy = -0.00928619 kcal/mol
molpro_pot: 1-th energy = -0.00544233 kcal/mol
molpro_pot: coordinates (angstrom):

C, 0.129176, 0.235101, 0.229005
H, -0.594653, 0.972076, 0.537961
H, -0.196212, -0.662588, -0.27179
H, 1.17827, 0.397068, 0.417939
H, -1.92548, -3.50586, -3.41083

molpro_pot: interatomic distances matrix (angstrom):

\     C1    H2    H3    H4
H2  1.08
H3  1.08  1.87
H4  1.08  1.87  1.87
H5  5.61  6.12  4.57  6.29

Molpro::pot: 1-th molpro energy = -0.00573825 kcal/mole

Molpro::pot: 0-th energy correction = -0.00384253 kcal/mole
Molpro::pot: 1-th energy correction = 0 kcal/mole
molpro_pot: 0-th energy = -0.00958078 kcal/mol
molpro_pot: 1-th energy = -0.00573825 kcal/mol

(8,0)-th SURFACE:

molpro_pot: coordinates (angstrom):

C, 0.0464603, 0.163843, 0.286013
H, -0.0317097, -0.592422, 1.05052
H, 0.983507, 0.319134, -0.224229
H, -0.812812, 0.762528, 0.0295998
H, -0.69218, -2.44009, -4.2614

molpro_pot: interatomic distances matrix (angstrom):

\     C1    H2    H3    H4
H2  1.08
H3  1.08  1.87
H4  1.08  1.87  1.87
H5  5.29  5.66  5.17  5.36

Molpro::pot: 1-th molpro energy = -0.00689551 kcal/mole

Molpro::pot: 0-th energy correction = -0.00724907 kcal/mole
Molpro::pot: 1-th energy correction = 0 kcal/mole
molpro_pot: 0-th energy = -0.0141446 kcal/mol
molpro_pot: 1-th energy = -0.00689551 kcal/mol
molpro_pot: coordinates (angstrom):

C, -0.0632606, -0.167536, -0.280474
H, -0.325221, -1.16815, -0.584884
H, -0.490529, 0.251956, 0.616179
H, 0.628059, 0.412308, -0.87071
H, 0.940925, 2.49871, 4.17897

molpro_pot: interatomic distances matrix (angstrom):

\     C1    H2    H3    H4
H2  1.08
H3  1.08  1.87
H4  1.08  1.87  1.87
H5  5.29  6.14  4.45  5.47

Molpro::pot: 1-th molpro energy = -0.00689593 kcal/mole

Molpro::pot: 0-th energy correction = -0.00725061 kcal/mole
Molpro::pot: 1-th energy correction = 0 kcal/mole
molpro_pot: 0-th energy = -0.0141465 kcal/mol
molpro_pot: 1-th energy = -0.00689593 kcal/mol
molpro_pot: coordinates (angstrom):

C, -0.163112, 0.286339, 0.0457787
H, 0.108538, -0.75434, 0.121343
H, -0.679941, 0.768616, 0.859914
H, 0.0846528, 0.845424, -0.842229
H, 2.4289, -4.26909, -0.684107

molpro_pot: interatomic distances matrix (angstrom):

\     C1    H2    H3    H4
H2  1.08
H3  1.08  1.87
H4  1.08  1.87  1.87
H5  5.29  4.29  6.12  5.63

Molpro::pot: 1-th molpro energy = -0.00803992 kcal/mole

Molpro::pot: 0-th energy correction = -0.00725158 kcal/mole
Molpro::pot: 1-th energy correction = 0 kcal/mole
molpro_pot: 0-th energy = -0.0152915 kcal/mol
molpro_pot: 1-th energy = -0.00803992 kcal/mol
molpro_pot: coordinates (angstrom):

C, 0.193069, 0.076431, -0.260001
H, 1.08241, 0.140467, -0.86621
H, -0.432636, -0.800072, -0.312491
H, -0.0689039, 0.887164, 0.400758
H, -2.8797, -1.13761, 3.87374

molpro_pot: interatomic distances matrix (angstrom):

\     C1    H2    H3    H4
H2  1.08
H3  1.08  1.87
H4  1.08  1.87  1.87
H5  5.29  6.31  4.86  4.91

Molpro::pot: 1-th molpro energy = -0.00497864 kcal/mole

Molpro::pot: 0-th energy correction = -0.007251 kcal/mole
Molpro::pot: 1-th energy correction = 0 kcal/mole
molpro_pot: 0-th energy = -0.0122296 kcal/mol
molpro_pot: 1-th energy = -0.00497864 kcal/mol
molpro_pot: coordinates (angstrom):

C, -0.284065, -0.0738647, -0.156224
H, 0.240296, 0.278489, -1.02996
H, -0.508453, 0.60759, 0.648629
H, -0.586699, -1.10651, -0.0886091
H, 4.23717, 1.09993, 2.33007

molpro_pot: interatomic distances matrix (angstrom):

\     C1    H2    H3    H4
H2  1.08
H3  1.08  1.87
H4  1.08  1.87  1.87
H5  5.29  5.29  5.06  5.83

Molpro::pot: 1-th molpro energy = -0.00663225 kcal/mole

Molpro::pot: 0-th energy correction = -0.00725455 kcal/mole
Molpro::pot: 1-th energy correction = 0 kcal/mole
molpro_pot: 0-th energy = -0.0138868 kcal/mol
molpro_pot: 1-th energy = -0.00663225 kcal/mol

(8,0)-th SURFACE:

molpro_pot: coordinates (angstrom):

C, 0.0594253, -0.279681, 0.170094
H, -0.566108, -0.00213357, 1.00327
H, 0.395646, -1.29871, 0.0649226
H, 0.346138, 0.460725, -0.559368
H, -0.883242, 4.17023, -2.53411

molpro_pot: interatomic distances matrix (angstrom):

\     C1    H2    H3    H4
H2  1.08
H3  1.08  1.87
H4  1.08  1.87  1.87
H5  5.29  5.48  6.19  4.38

Molpro::pot: 1-th molpro energy = -0.00710832 kcal/mole

Molpro::pot: 0-th energy correction = -0.00725172 kcal/mole
Molpro::pot: 1-th energy correction = 0 kcal/mole
molpro_pot: 0-th energy = -0.01436 kcal/mol
molpro_pot: 1-th energy = -0.00710832 kcal/mol
molpro_pot: coordinates (angstrom):

C, 0.119634, -0.183125, 0.250697
H, -0.0162365, 0.76868, -0.237281
H, 0.27489, -0.224535, 1.31686
H, 0.097186, -1.09342, -0.326688
H, -1.7803, 2.72971, -3.7379

molpro_pot: interatomic distances matrix (angstrom):

\     C1    H2    H3    H4
H2  1.08
H3  1.08  1.87
H4  1.08  1.87  1.87
H5  5.29  4.38   6.2  5.46

Molpro::pot: 1-th molpro energy = -0.0070111 kcal/mole

Molpro::pot: 0-th energy correction = -0.00725148 kcal/mole
Molpro::pot: 1-th energy correction = 0 kcal/mole
molpro_pot: 0-th energy = -0.0142626 kcal/mol
molpro_pot: 1-th energy = -0.0070111 kcal/mol
molpro_pot: coordinates (angstrom):

C, -0.27332, -0.0896213, 0.167368
H, -0.179049, 0.432352, -0.77134
H, 0.440865, -0.852177, 0.433762
H, -1.0796, 0.152929, 0.840869
H, 4.07216, 1.334, -2.49611

molpro_pot: interatomic distances matrix (angstrom):

\     C1    H2    H3    H4
H2  1.08
H3  1.08  1.87
H4  1.08  1.87  1.87
H5  5.29  4.68  5.15  6.25

Molpro::pot: 1-th molpro energy = -0.00552897 kcal/mole

Molpro::pot: 0-th energy correction = -0.00725034 kcal/mole
Molpro::pot: 1-th energy correction = 0 kcal/mole
molpro_pot: 0-th energy = -0.0127793 kcal/mol
molpro_pot: 1-th energy = -0.00552897 kcal/mol
molpro_pot: coordinates (angstrom):

C, -0.282288, 0.17306, -0.0314321
H, -0.406517, -0.892688, -0.137566
H, 0.642247, 0.640055, -0.330878
H, -1.08333, 0.772091, 0.371081
H, 4.20875, -2.58005, 0.471619

molpro_pot: interatomic distances matrix (angstrom):

\     C1    H2    H3    H4
H2  1.08
H3  1.08  1.87
H4  1.08  1.87  1.87
H5  5.29  4.95  4.87  6.27

Molpro::pot: 1-th molpro energy = -0.00518094 kcal/mole

Molpro::pot: 0-th energy correction = -0.00725305 kcal/mole
Molpro::pot: 1-th energy correction = 0 kcal/mole
molpro_pot: 0-th energy = -0.012434 kcal/mol
molpro_pot: 1-th energy = -0.00518094 kcal/mol
molpro_pot: coordinates (angstrom):

C, 0.0284632, 0.185887, 0.274671
H, 0.939643, 0.726035, 0.0734125
H, -0.913299, 0.563426, -0.0901104
H, 0.0592752, -0.73305, 0.837812
H, -0.424525, -2.76973, -4.09158

molpro_pot: interatomic distances matrix (angstrom):

\     C1    H2    H3    H4
H2  1.08
H3  1.08  1.87
H4  1.08  1.87  1.87
H5  5.29  5.61  5.23  5.36

Molpro::pot: 1-th molpro energy = -0.00693834 kcal/mole

Molpro::pot: 0-th energy correction = -0.00724903 kcal/mole
Molpro::pot: 1-th energy correction = 0 kcal/mole
molpro_pot: 0-th energy = -0.0141874 kcal/mol
molpro_pot: 1-th energy = -0.00693834 kcal/mol

(9,0)-th SURFACE:

molpro_pot: coordinates (angstrom):

C, -0.178576, -0.0619173, -0.253535
H, 0.489292, -0.906695, -0.306626
H, -0.776206, 0.0975906, 0.629592
H, -0.246582, 0.624872, -1.08192
H, 2.65976, 0.921472, 3.77775

molpro_pot: interatomic distances matrix (angstrom):

\     C1    H2    H3    H4
H2  1.08
H3  1.08  1.87
H4  1.08  1.87  1.87
H5  5.03  4.97  4.73  5.67

Molpro::pot: 1-th molpro energy = -0.0125296 kcal/mole

Molpro::pot: 0-th energy correction = -0.0123057 kcal/mole
Molpro::pot: 1-th energy correction = 0 kcal/mole
molpro_pot: 0-th energy = -0.0248353 kcal/mol
molpro_pot: 1-th energy = -0.0125296 kcal/mol
molpro_pot: coordinates (angstrom):

C, -0.274371, 0.121167, 0.0994136
H, -0.369567, 0.676637, -0.819774
H, 0.699656, -0.186915, 0.444195
H, -1.15247, -0.123497, 0.675261
H, 4.08928, -1.80894, -1.48338

molpro_pot: interatomic distances matrix (angstrom):

\     C1    H2    H3    H4
H2  1.08
H3  1.08  1.87
H4  1.08  1.87  1.87
H5  5.03  5.15  4.22  5.91

Molpro::pot: 1-th molpro energy = -0.00966724 kcal/mole

Molpro::pot: 0-th energy correction = -0.0123119 kcal/mole
Molpro::pot: 1-th energy correction = 0 kcal/mole
molpro_pot: 0-th energy = -0.0219791 kcal/mol
molpro_pot: 1-th energy = -0.00966724 kcal/mol
molpro_pot: coordinates (angstrom):

C, 0.133593, -0.189237, 0.215036
H, -0.780167, 0.382383, 0.243463
H, 0.296651, -0.980121, 0.929483
H, 0.882717, 0.0277919, -0.529431
H, -1.98987, 2.82316, -3.20391

molpro_pot: interatomic distances matrix (angstrom):

\     C1    H2    H3    H4
H2  1.08
H3  1.08  1.87
H4  1.08  1.87  1.87
H5  5.03  4.39  6.06  4.82

Molpro::pot: 1-th molpro energy = -0.00745188 kcal/mole

Molpro::pot: 0-th energy correction = -0.0123097 kcal/mole
Molpro::pot: 1-th energy correction = 0 kcal/mole
molpro_pot: 0-th energy = -0.0197616 kcal/mol
molpro_pot: 1-th energy = -0.00745188 kcal/mol
molpro_pot: coordinates (angstrom):

C, -0.284176, 0.124834, 0.0595649
H, 0.572186, 0.210598, 0.70903
H, -0.235526, -0.502535, -0.815969
H, -1.1899, 0.663731, 0.287112
H, 4.23687, -1.85817, -0.889402

molpro_pot: interatomic distances matrix (angstrom):

\     C1    H2    H3    H4
H2  1.08
H3  1.08  1.87
H4  1.08  1.87  1.87
H5  5.03   4.5  4.67   6.1

Molpro::pot: 1-th molpro energy = -0.00683274 kcal/mole

Molpro::pot: 0-th energy correction = -0.0123102 kcal/mole
Molpro::pot: 1-th energy correction = 0 kcal/mole
molpro_pot: 0-th energy = -0.0191429 kcal/mol
molpro_pot: 1-th energy = -0.00683274 kcal/mol
molpro_pot: coordinates (angstrom):

C, -0.0646959, -0.281239, -0.128858
H, 0.211522, 0.655268, 0.328497
H, 0.560613, -1.14978, 0.00210605
H, -0.967434, -0.350089, -0.714386
H, 0.965623, 4.19326, 1.91807

molpro_pot: interatomic distances matrix (angstrom):

\     C1    H2    H3    H4
H2  1.08
H3  1.08  1.87
H4  1.08  1.87  1.87
H5  5.03  3.95  5.69   5.6

Molpro::pot: 1-th molpro energy = -0.0110118 kcal/mole

Molpro::pot: 0-th energy correction = -0.0123102 kcal/mole
Molpro::pot: 1-th energy correction = 0 kcal/mole
molpro_pot: 0-th energy = -0.0233221 kcal/mol
molpro_pot: 1-th energy = -0.0110118 kcal/mol

(10,0)-th SURFACE:

molpro_pot: coordinates (angstrom):

C, -0.108046, -0.0201263, -0.260474
H, -0.287156, 0.752271, 0.470167
H, -0.751692, -0.1072, -1.12109
H, 0.716199, -0.703283, -0.132265
H, 1.60913, 0.297853, 3.88461

molpro_pot: interatomic distances matrix (angstrom):

\     C1    H2    H3    H4
H2  1.08
H3  1.08  1.87
H4  1.08  1.87  1.87
H5   4.5  3.93  5.55  4.23

Molpro::pot: 1-th molpro energy = -0.0123133 kcal/mole

Molpro::pot: 0-th energy correction = -0.0354776 kcal/mole
Molpro::pot: 1-th energy correction = 0 kcal/mole
molpro_pot: 0-th energy = -0.0477909 kcal/mol
molpro_pot: 1-th energy = -0.0123133 kcal/mol
molpro_pot: coordinates (angstrom):

C, 0.19243, -0.0280669, -0.205314
H, 1.04723, 0.515267, 0.164312
H, -0.719858, -0.0523162, 0.368848
H, 0.24877, -0.544401, -1.15017
H, -2.86737, 0.415639, 3.06164

molpro_pot: interatomic distances matrix (angstrom):

\     C1    H2    H3    H4
H2  1.08
H3  1.08  1.87
H4  1.08  1.87  1.87
H5   4.5  4.87  3.48  5.33

Molpro::pot: 1-th molpro energy = -0.00807237 kcal/mole

Molpro::pot: 0-th energy correction = -0.035472 kcal/mole
Molpro::pot: 1-th energy correction = 0 kcal/mole
molpro_pot: 0-th energy = -0.0435443 kcal/mol
molpro_pot: 1-th energy = -0.00807237 kcal/mol
molpro_pot: coordinates (angstrom):

C, -0.140056, -0.212689, 0.123092
H, 0.200053, 0.795969, -0.0485153
H, -0.63502, -0.755818, -0.66592
H, 0.0174368, -0.679234, 1.08229
H, 2.08515, 3.17154, -1.83349

molpro_pot: interatomic distances matrix (angstrom):

\     C1    H2    H3    H4
H2  1.08
H3  1.08  1.87
H4  1.08  1.87  1.87
H5   4.5  3.52  4.92  5.25

Molpro::pot: 1-th molpro energy = -0.0147292 kcal/mole

Molpro::pot: 0-th energy correction = -0.0354678 kcal/mole
Molpro::pot: 1-th energy correction = 0 kcal/mole
molpro_pot: 0-th energy = -0.050197 kcal/mol
molpro_pot: 1-th energy = -0.0147292 kcal/mol
molpro_pot: coordinates (angstrom):

C, 0.190517, -0.0115979, -0.208649
H, 0.723928, 0.205688, -1.12012
H, -0.618904, 0.626905, 0.107058
H, 0.464292, -0.868767, 0.385346
H, -2.83777, 0.174267, 3.11206

molpro_pot: interatomic distances matrix (angstrom):

\     C1    H2    H3    H4
H2  1.08
H3  1.08  1.87
H4  1.08  1.87  1.87
H5   4.5  5.53  3.76  4.41

Molpro::pot: 1-th molpro energy = -0.00956642 kcal/mole

Molpro::pot: 0-th energy correction = -0.0354726 kcal/mole
Molpro::pot: 1-th energy correction = 0 kcal/mole
molpro_pot: 0-th energy = -0.045039 kcal/mol
molpro_pot: 1-th energy = -0.00956642 kcal/mol
molpro_pot: coordinates (angstrom):

C, 0.282639, -9.36502e-05, -0.0101931
H, -0.276683, 0.295935, -0.883143
H, 1.30089, 0.331522, 0.115139
H, -0.177002, -0.624927, 0.738696
H, -4.21254, -0.00141518, 0.150676

molpro_pot: interatomic distances matrix (angstrom):

\     C1    H2    H3    H4
H2  1.08
H3  1.08  1.87
H4  1.08  1.87  1.87
H5   4.5  4.08  5.52  4.13

Molpro::pot: 1-th molpro energy = -0.0169065 kcal/mole

Molpro::pot: 0-th energy correction = -0.0354697 kcal/mole
Molpro::pot: 1-th energy correction = 0 kcal/mole
molpro_pot: 0-th energy = -0.0523763 kcal/mol
molpro_pot: 1-th energy = -0.0169065 kcal/mol

(11,0)-th SURFACE:

molpro_pot: coordinates (angstrom):

C, -0.187471, -0.168571, 0.0848331
H, -0.582027, -0.520471, 1.02452
H, 0.778688, -0.506487, -0.25409
H, -0.760091, 0.518551, -0.517239
H, 2.79561, 2.51555, -1.26328

molpro_pot: interatomic distances matrix (angstrom):

\     C1    H2    H3    H4
H2  1.08
H3  1.08  1.87
H4  1.08  1.87  1.87
H5  4.23  5.09  3.77  4.15

Molpro::pot: 1-th molpro energy = -0.0617934 kcal/mole

Molpro::pot: 0-th energy correction = -0.0602328 kcal/mole
Molpro::pot: 1-th energy correction = 0 kcal/mole
molpro_pot: 0-th energy = -0.122026 kcal/mol
molpro_pot: 1-th energy = -0.0617934 kcal/mol
molpro_pot: coordinates (angstrom):

C, 0.0845684, -0.241179, 0.0746934
H, -0.0194388, -0.906165, 0.917006
H, -0.778767, 0.0176571, -0.517062
H, 1.0509, 0.167319, -0.173994
H, -1.25964, 3.59287, -1.11531

molpro_pot: interatomic distances matrix (angstrom):

\     C1    H2    H3    H4
H2  1.08
H3  1.08  1.87
H4  1.08  1.87  1.87
H5  4.23  5.09  3.66  4.24

Molpro::pot: 1-th molpro energy = -0.0538803 kcal/mole

Molpro::pot: 0-th energy correction = -0.060201 kcal/mole
Molpro::pot: 1-th energy correction = 0 kcal/mole
molpro_pot: 0-th energy = -0.114081 kcal/mol
molpro_pot: 1-th energy = -0.0538803 kcal/mol
molpro_pot: coordinates (angstrom):

C, -0.184672, 0.149167, -0.120046
H, -0.0768523, -0.444313, -1.01373
H, -0.526041, 1.16957, -0.189001
H, 0.0457838, -0.278437, 0.842537
H, 2.75597, -2.22293, 1.78956

molpro_pot: interatomic distances matrix (angstrom):

\     C1    H2    H3    H4
H2  1.08
H3  1.08  1.87
H4  1.08  1.87  1.87
H5  4.23  4.36  5.12  3.47

Molpro::pot: 1-th molpro energy = -0.0306954 kcal/mole

Molpro::pot: 0-th energy correction = -0.0602311 kcal/mole
Molpro::pot: 1-th energy correction = 0 kcal/mole
molpro_pot: 0-th energy = -0.0909264 kcal/mol
molpro_pot: 1-th energy = -0.0306954 kcal/mol
molpro_pot: coordinates (angstrom):

C, -0.208585, -0.157516, -0.0501899
H, 0.719455, -0.613105, -0.356288
H, -1.10966, -0.747957, -0.00597842
H, -0.235043, 0.887334, 0.21459
H, 3.10884, 2.34925, 0.745278

molpro_pot: interatomic distances matrix (angstrom):

\     C1    H2    H3    H4
H2  1.08
H3  1.08  1.87
H4  1.08  1.87  1.87
H5  4.23  3.96  5.29  3.69

Molpro::pot: 1-th molpro energy = -0.012253 kcal/mole

Molpro::pot: 0-th energy correction = -0.0602146 kcal/mole
Molpro::pot: 1-th energy correction = 0 kcal/mole
molpro_pot: 0-th energy = -0.0724676 kcal/mol
molpro_pot: 1-th energy = -0.012253 kcal/mol
molpro_pot: coordinates (angstrom):

C, -0.0751976, 0.158795, 0.199788
H, -0.606287, 0.484399, 1.07981
H, -0.331201, 0.565819, -0.765257
H, 0.713674, -0.571227, 0.285053
H, 1.11918, -2.36973, -2.97844

molpro_pot: interatomic distances matrix (angstrom):

\     C1    H2    H3    H4
H2  1.08
H3  1.08  1.87
H4  1.08  1.87  1.87
H5  4.23  5.25  3.95  3.75

Molpro::pot: 1-th molpro energy = -0.0239604 kcal/mole

Molpro::pot: 0-th energy correction = -0.0602266 kcal/mole
Molpro::pot: 1-th energy correction = 0 kcal/mole
molpro_pot: 0-th energy = -0.0841869 kcal/mol
molpro_pot: 1-th energy = -0.0239604 kcal/mol

(12,0)-th SURFACE:

molpro_pot: coordinates (angstrom):

C, -0.0842887, 0.175529, 0.15615
H, -0.579367, 1.10881, 0.371574
H, -0.660557, -0.730996, 0.0631606
H, 0.986264, 0.149183, 0.0306781
H, 1.25727, -2.61698, -2.32466

molpro_pot: interatomic distances matrix (angstrom):

\     C1    H2    H3    H4
H2  1.08
H3  1.08  1.87
H4  1.08  1.87  1.87
H5  3.97  4.95   3.6  3.64

Molpro::pot: 1-th molpro energy = -0.0561585 kcal/mole

Molpro::pot: 0-th energy correction = -0.101803 kcal/mole
Molpro::pot: 1-th energy correction = 0 kcal/mole
molpro_pot: 0-th energy = -0.157962 kcal/mol
molpro_pot: 1-th energy = -0.0561585 kcal/mol
molpro_pot: coordinates (angstrom):

C, 0.0774676, -0.233728, 0.0414175
H, 1.01794, 0.126943, -0.343228
H, -0.407593, 0.285611, 0.852294
H, -0.379381, -1.11157, -0.386611
H, -1.15335, 3.48198, -0.615607

molpro_pot: interatomic distances matrix (angstrom):

\     C1    H2    H3    H4
H2  1.08
H3  1.08  1.87
H4  1.08  1.87  1.87
H5  3.97  4.01   3.6  4.66

Molpro::pot: 1-th molpro energy = -0.169984 kcal/mole

Molpro::pot: 0-th energy correction = -0.101785 kcal/mole
Molpro::pot: 1-th energy correction = 0 kcal/mole
molpro_pot: 0-th energy = -0.271769 kcal/mol
molpro_pot: 1-th energy = -0.169984 kcal/mol
molpro_pot: coordinates (angstrom):

C, 0.0328244, -0.239032, -0.0627568
H, -0.624018, 0.179932, -0.808104
H, -0.374477, -0.821808, 0.747796
H, 1.09683, -0.0779587, -0.129543
H, -0.489172, 3.56594, 0.937085

molpro_pot: interatomic distances matrix (angstrom):

\     C1    H2    H3    H4
H2  1.08
H3  1.08  1.87
H4  1.08  1.87  1.87
H5  3.97  3.81  4.39  4.11

Molpro::pot: 1-th molpro energy = -0.232508 kcal/mole

Molpro::pot: 0-th energy correction = -0.101858 kcal/mole
Molpro::pot: 1-th energy correction = 0 kcal/mole
molpro_pot: 0-th energy = -0.334366 kcal/mol
molpro_pot: 1-th energy = -0.232508 kcal/mol
molpro_pot: coordinates (angstrom):

C, 0.127081, -0.0950773, -0.19276
H, -0.71208, -0.766915, -0.276177
H, -0.0358512, 0.970581, -0.174185
H, 1.12856, -0.488697, -0.124819
H, -1.89376, 1.4171, 2.87034

molpro_pot: interatomic distances matrix (angstrom):

\     C1    H2    H3    H4
H2  1.08
H3  1.08  1.87
H4  1.08  1.87  1.87
H5  3.97  4.01  3.59  4.66

Molpro::pot: 1-th molpro energy = -0.170166 kcal/mole

Molpro::pot: 0-th energy correction = -0.101785 kcal/mole
Molpro::pot: 1-th energy correction = 0 kcal/mole
molpro_pot: 0-th energy = -0.271951 kcal/mol
molpro_pot: 1-th energy = -0.170166 kcal/mol
molpro_pot: coordinates (angstrom):

C, -0.243032, 0.0469422, -0.0300409
H, 0.232526, -0.909669, -0.175832
H, -0.280847, 0.75857, -0.83916
H, -0.683355, 0.29073, 0.923481
H, 3.62541, -0.698564, 0.449202

molpro_pot: interatomic distances matrix (angstrom):

\     C1    H2    H3    H4
H2  1.08
H3  1.08  1.87
H4  1.08  1.87  1.87
H5  3.97  3.46  4.36  4.45

Molpro::pot: 1-th molpro energy = -0.176008 kcal/mole

Molpro::pot: 0-th energy correction = -0.101851 kcal/mole
Molpro::pot: 1-th energy correction = 0 kcal/mole
molpro_pot: 0-th energy = -0.277859 kcal/mol
molpro_pot: 1-th energy = -0.176008 kcal/mol

(12,0)-th SURFACE:

molpro_pot: coordinates (angstrom):

C, 0.190964, 0.0722984, -0.143589
H, 0.427383, 1.08684, -0.421658
H, -0.181838, -0.142294, 0.845091
H, 0.324313, -0.727001, -0.854826
H, -2.84363, -1.07839, 2.14108

molpro_pot: interatomic distances matrix (angstrom):

\     C1    H2    H3    H4
H2  1.08
H3  1.08  1.87
H4  1.08  1.87  1.87
H5  3.97  4.69   3.1  4.37

Molpro::pot: 1-th molpro energy = -0.0468966 kcal/mole

Molpro::pot: 0-th energy correction = -0.101798 kcal/mole
Molpro::pot: 1-th energy correction = 0 kcal/mole
molpro_pot: 0-th energy = -0.148694 kcal/mol
molpro_pot: 1-th energy = -0.0468966 kcal/mol
molpro_pot: coordinates (angstrom):

C, 0.113931, 0.220967, -0.0185186
H, 0.871686, 0.230327, 0.748447
H, -0.836324, 0.699128, 0.157255
H, 0.307362, -0.263634, -0.962058
H, -1.69928, -3.29684, 0.276853

molpro_pot: interatomic distances matrix (angstrom):

\     C1    H2    H3    H4
H2  1.08
H3  1.08  1.87
H4  1.08  1.87  1.87
H5  3.97  4.39  4.09  3.84

Molpro::pot: 1-th molpro energy = -0.234887 kcal/mole

Molpro::pot: 0-th energy correction = -0.101858 kcal/mole
Molpro::pot: 1-th energy correction = 0 kcal/mole
molpro_pot: 0-th energy = -0.336745 kcal/mol
molpro_pot: 1-th energy = -0.234887 kcal/mol
molpro_pot: coordinates (angstrom):

C, -0.16977, -0.133608, 0.125094
H, -0.0921103, 0.649372, -0.612081
H, 0.015166, -1.15805, -0.155684
H, -0.429217, 0.107978, 1.14335
H, 2.52758, 1.99154, -1.86506

molpro_pot: interatomic distances matrix (angstrom):

\     C1    H2    H3    H4
H2  1.08
H3  1.08  1.87
H4  1.08  1.87  1.87
H5  3.97   3.2  4.38  4.62

Molpro::pot: 1-th molpro energy = -0.0911196 kcal/mole

Molpro::pot: 0-th energy correction = -0.101794 kcal/mole
Molpro::pot: 1-th energy correction = 0 kcal/mole
molpro_pot: 0-th energy = -0.192914 kcal/mol
molpro_pot: 1-th energy = -0.0911196 kcal/mol
molpro_pot: coordinates (angstrom):

C, 0.0836521, -0.156714, 0.175024
H, 0.334583, 0.888457, 0.0903687
H, 0.271762, -0.824405, -0.650399
H, -0.352351, -0.534754, 1.0858
H, -1.25003, 2.33667, -2.60974

molpro_pot: interatomic distances matrix (angstrom):

\     C1    H2    H3    H4
H2  1.08
H3  1.08  1.87
H4  1.08  1.87  1.87
H5  3.97  3.45  4.02  4.77

Molpro::pot: 1-th molpro energy = -0.123681 kcal/mole

Molpro::pot: 0-th energy correction = -0.101843 kcal/mole
Molpro::pot: 1-th energy correction = 0 kcal/mole
molpro_pot: 0-th energy = -0.225524 kcal/mol
molpro_pot: 1-th energy = -0.123681 kcal/mol
molpro_pot: coordinates (angstrom):

C, -0.171256, 0.162569, -0.0799396
H, -0.749371, -0.605338, -0.568425
H, 0.408371, 0.856301, -0.667551
H, -0.17514, 0.238755, 0.995561
H, 2.55526, -2.4254, 1.19224

molpro_pot: interatomic distances matrix (angstrom):

\     C1    H2    H3    H4
H2  1.08
H3  1.08  1.87
H4  1.08  1.87  1.87
H5  3.97  4.16  4.34  3.82

Molpro::pot: 1-th molpro energy = -0.236945 kcal/mole

Molpro::pot: 0-th energy correction = -0.101859 kcal/mole
Molpro::pot: 1-th energy correction = 0 kcal/mole
molpro_pot: 0-th energy = -0.338804 kcal/mol
molpro_pot: 1-th energy = -0.236945 kcal/mol
