
(0,0)-th SURFACE:

molpro_pot: coordinates (angstrom):

C, 0.153147, 0.41871, 0.494074
H, -0.796927, 0.737638, 0.0963816
H, 0.381139, -0.632608, 0.566664
H, 0.876239, 1.15076, 0.816196
H, -2.28395, -6.2413, -7.3621

molpro_pot: interatomic distances matrix (angstrom):

\     C1    H2    H3    H4
H2  1.08
H3  1.08  1.87
H4  1.08  1.87  1.87
H5  10.6  10.3  10.1  11.5

Molpro::pot: 1-th molpro energy = -3.92811e-05 kcal/mole

Molpro::pot: 0-th energy correction = -1.83673e-07 kcal/mole
Molpro::pot: 1-th energy correction = 0 kcal/mole
molpro_pot: 0-th energy = -3.94648e-05 kcal/mol
molpro_pot: 1-th energy = -3.92811e-05 kcal/mol
molpro_pot: coordinates (angstrom):

C, -0.179486, 0.633368, -0.0970664
H, 0.467257, 0.911349, -0.913746
H, -0.314464, -0.40667, 0.153173
H, -0.688669, 1.39517, 0.471186
H, 2.67299, -9.44126, 1.44514

molpro_pot: interatomic distances matrix (angstrom):

\     C1    H2    H3    H4
H2  1.08
H3  1.08  1.87
H4  1.08  1.87  1.87
H5  10.6  10.8   9.6  11.4

Molpro::pot: 1-th molpro energy = -3.33667e-05 kcal/mole

Molpro::pot: 0-th energy correction = -1.83697e-07 kcal/mole
Molpro::pot: 1-th energy correction = 0 kcal/mole
molpro_pot: 0-th energy = -3.35504e-05 kcal/mol
molpro_pot: 1-th energy = -3.33667e-05 kcal/mol
molpro_pot: coordinates (angstrom):

C, -0.270179, -0.175817, -0.582169
H, -1.19844, -0.613612, -0.912592
H, 0.0253297, 0.796371, -0.942785
H, 0.360909, -0.70854, 0.11098
H, 4.02918, 2.6192, 8.67619

molpro_pot: interatomic distances matrix (angstrom):

\     C1    H2    H3    H4
H2  1.08
H3  1.08  1.87
H4  1.08  1.87  1.87
H5  10.6  11.4  10.6  9.89

Molpro::pot: 1-th molpro energy = -2.34792e-05 kcal/mole

Molpro::pot: 0-th energy correction = -1.83687e-07 kcal/mole
Molpro::pot: 1-th energy correction = 0 kcal/mole
molpro_pot: 0-th energy = -2.36628e-05 kcal/mol
molpro_pot: 1-th energy = -2.34792e-05 kcal/mol
molpro_pot: coordinates (angstrom):

C, 0.593368, 0.170968, 0.247803
H, 1.66178, 0.301648, 0.310517
H, -0.0656446, 0.909498, 0.675346
H, 0.183986, -0.696286, -0.244943
H, -8.84525, -2.55054, -3.69147

molpro_pot: interatomic distances matrix (angstrom):

\     C1    H2    H3    H4
H2  1.08
H3  1.08  1.87
H4  1.08  1.87  1.87
H5  10.6  11.6  10.4  9.84

Molpro::pot: 1-th molpro energy = -2.95179e-05 kcal/mole

Molpro::pot: 0-th energy correction = -1.83717e-07 kcal/mole
Molpro::pot: 1-th energy correction = 0 kcal/mole
molpro_pot: 0-th energy = -2.97016e-05 kcal/mol
molpro_pot: 1-th energy = -2.95179e-05 kcal/mol
molpro_pot: coordinates (angstrom):

C, -0.394886, 0.251065, 0.472707
H, -1.38583, -0.167898, 0.401933
H, -0.146273, 1.14266, -0.0802569
H, 0.346309, -0.219514, 1.09857
H, 5.88764, -3.74464, -7.04869

molpro_pot: interatomic distances matrix (angstrom):

\     C1    H2    H3    H4
H2  1.08
H3  1.08  1.87
H4  1.08  1.87  1.87
H5  10.6    11  10.4  10.5

Molpro::pot: 1-th molpro energy = 5.57897e-06 kcal/mole

Molpro::pot: 0-th energy correction = -1.838e-07 kcal/mole
Molpro::pot: 1-th energy correction = 0 kcal/mole
molpro_pot: 0-th energy = 5.39517e-06 kcal/mol
molpro_pot: 1-th energy = 5.57897e-06 kcal/mol

(1,0)-th SURFACE:

molpro_pot: coordinates (angstrom):

C, 0.192592, 0.521014, -0.106427
H, -0.563133, 0.886294, 0.570306
H, 1.01772, 1.15623, -0.386058
H, 0.124988, -0.480115, -0.501003
H, -2.87273, -7.76604, 1.58397

molpro_pot: interatomic distances matrix (angstrom):

\     C1    H2    H3    H4
H2  1.08
H3  1.08  1.87
H4  1.08  1.87  1.87
H5     9  9.01  9.93  8.15

Molpro::pot: 1-th molpro energy = -0.00016839 kcal/mole

Molpro::pot: 0-th energy correction = -4.39574e-06 kcal/mole
Molpro::pot: 1-th energy correction = 0 kcal/mole
molpro_pot: 0-th energy = -0.000172786 kcal/mol
molpro_pot: 1-th energy = -0.00016839 kcal/mol
molpro_pot: coordinates (angstrom):

C, -0.346146, 0.372112, -0.248202
H, -1.26741, 0.742662, -0.668298
H, -0.370527, -0.375852, 0.52799
H, 0.599249, 0.747032, -0.606231
H, 5.16019, -5.54451, 3.70184

molpro_pot: interatomic distances matrix (angstrom):

\     C1    H2    H3    H4
H2  1.08
H3  1.08  1.87
H4  1.08  1.87  1.87
H5     9    10  8.21  8.89

Molpro::pot: 1-th molpro energy = -0.000115168 kcal/mole

Molpro::pot: 0-th energy correction = -4.39563e-06 kcal/mole
Molpro::pot: 1-th energy correction = 0 kcal/mole
molpro_pot: 0-th energy = -0.000119564 kcal/mol
molpro_pot: 1-th energy = -0.000115168 kcal/mol
molpro_pot: coordinates (angstrom):

C, -0.3353, -0.445229, 0.0953812
H, 0.163403, -1.39936, 0.0366571
H, -1.41251, -0.399276, 0.0905986
H, 0.242829, 0.462434, 0.161988
H, 4.99864, 6.63747, -1.42493

molpro_pot: interatomic distances matrix (angstrom):

\     C1    H2    H3    H4
H2  1.08
H3  1.08  1.87
H4  1.08  1.87  1.87
H5     9  9.49  9.64  7.95

Molpro::pot: 1-th molpro energy = -0.000131772 kcal/mole

Molpro::pot: 0-th energy correction = -4.39669e-06 kcal/mole
Molpro::pot: 1-th energy correction = 0 kcal/mole
molpro_pot: 0-th energy = -0.000136168 kcal/mol
molpro_pot: 1-th energy = -0.000131772 kcal/mol
molpro_pot: coordinates (angstrom):

C, 0.039264, 0.535041, 0.178873
H, -0.322473, 1.46003, 0.598466
H, 1.03728, 0.480919, -0.225545
H, -0.595557, -0.336377, 0.166453
H, -0.586759, -7.97521, -2.66918

molpro_pot: interatomic distances matrix (angstrom):

\     C1    H2    H3    H4
H2  1.08
H3  1.08  1.87
H4  1.08  1.87  1.87
H5     9  9.99  8.95  8.15

Molpro::pot: 1-th molpro energy = -0.000124661 kcal/mole

Molpro::pot: 0-th energy correction = -4.39627e-06 kcal/mole
Molpro::pot: 1-th energy correction = 0 kcal/mole
molpro_pot: 0-th energy = -0.000129057 kcal/mol
molpro_pot: 1-th energy = -0.000124661 kcal/mol
molpro_pot: coordinates (angstrom):

C, -0.54182, 0.141909, -0.0784203
H, -1.38202, -0.461452, 0.225768
H, 0.463071, -0.217348, 0.0753581
H, -0.706356, 1.10279, -0.539028
H, 8.07666, -2.11367, 1.17164

molpro_pot: interatomic distances matrix (angstrom):

\     C1    H2    H3    H4
H2  1.08
H3  1.08  1.87
H4  1.08  1.87  1.87
H5     9  9.65  7.92  9.51

Molpro::pot: 1-th molpro energy = -0.000121189 kcal/mole

Molpro::pot: 0-th energy correction = -4.39588e-06 kcal/mole
Molpro::pot: 1-th energy correction = 0 kcal/mole
molpro_pot: 0-th energy = -0.000125585 kcal/mol
molpro_pot: 1-th energy = -0.000121189 kcal/mol

(2,0)-th SURFACE:

molpro_pot: coordinates (angstrom):

C, 0.162711, 0.0890754, 0.481276
H, 0.0752363, 1.14828, 0.299785
H, -0.292629, -0.346965, 1.35595
H, 0.702637, -0.534434, -0.213156
H, -2.42262, -1.32749, -7.17305

molpro_pot: interatomic distances matrix (angstrom):

\     C1    H2    H3    H4
H2  1.08
H3  1.08  1.87
H4  1.08  1.87  1.87
H5   8.2  8.26  8.85  7.67

Molpro::pot: 1-th molpro energy = -0.000139745 kcal/mole

Molpro::pot: 0-th energy correction = -2.1497e-05 kcal/mole
Molpro::pot: 1-th energy correction = 0 kcal/mole
molpro_pot: 0-th energy = -0.000161242 kcal/mol
molpro_pot: 1-th energy = -0.000139745 kcal/mol
molpro_pot: coordinates (angstrom):

C, 0.321439, -0.139506, 0.378247
H, 0.177641, 0.0612869, -0.671286
H, -0.505556, -0.481824, 0.979426
H, 1.29251, -0.00104411, 0.825864
H, -4.79191, 2.08265, -5.63773

molpro_pot: interatomic distances matrix (angstrom):

\     C1    H2    H3    H4
H2  1.08
H3  1.08  1.87
H4  1.08  1.87  1.87
H5   8.2  7.31  8.29  9.12

Molpro::pot: 1-th molpro energy = -0.000164334 kcal/mole

Molpro::pot: 0-th energy correction = -2.15045e-05 kcal/mole
Molpro::pot: 1-th energy correction = 0 kcal/mole
molpro_pot: 0-th energy = -0.000185838 kcal/mol
molpro_pot: 1-th energy = -0.000164334 kcal/mol
molpro_pot: coordinates (angstrom):

C, 0.0693269, -0.134764, 0.49288
H, 0.0480478, -0.36183, 1.54668
H, -0.852727, -0.0626168, -0.0613125
H, 1.01204, 0.0231662, -0.00598239
H, -1.03283, 2.0059, -7.34803

molpro_pot: interatomic distances matrix (angstrom):

\     C1    H2    H3    H4
H2  1.08
H3  1.08  1.87
H4  1.08  1.87  1.87
H5   8.2  9.27  7.58  7.88

Molpro::pot: 1-th molpro energy = -0.000117288 kcal/mole

Molpro::pot: 0-th energy correction = -2.15027e-05 kcal/mole
Molpro::pot: 1-th energy correction = 0 kcal/mole
molpro_pot: 0-th energy = -0.000138791 kcal/mol
molpro_pot: 1-th energy = -0.000117288 kcal/mol
molpro_pot: coordinates (angstrom):

C, 0.306981, 0.175897, -0.375115
H, 0.905498, 1.06147, -0.23349
H, 0.457298, -0.4423, -1.24561
H, -0.439448, -0.0931588, 0.354936
H, -4.57852, -2.62038, 5.59059

molpro_pot: interatomic distances matrix (angstrom):

\     C1    H2    H3    H4
H2  1.08
H3  1.08  1.87
H4  1.08  1.87  1.87
H5   8.2  8.81  8.77  7.14

Molpro::pot: 1-th molpro energy = -0.000279622 kcal/mole

Molpro::pot: 0-th energy correction = -2.15031e-05 kcal/mole
Molpro::pot: 1-th energy correction = 0 kcal/mole
molpro_pot: 0-th energy = -0.000301125 kcal/mol
molpro_pot: 1-th energy = -0.000279622 kcal/mol
molpro_pot: coordinates (angstrom):

C, -0.444873, 0.21944, 0.14008
H, -0.290268, 0.469274, -0.897319
H, -0.423643, 0.994169, 0.889655
H, -0.623722, -0.804226, 0.427556
H, 6.63466, -3.27205, -2.0878

molpro_pot: interatomic distances matrix (angstrom):

\     C1    H2    H3    H4
H2  1.08
H3  1.08  1.87
H4  1.08  1.87  1.87
H5   8.2  7.96  8.77  8.07

Molpro::pot: 1-th molpro energy = -0.000185184 kcal/mole

Molpro::pot: 0-th energy correction = -2.15115e-05 kcal/mole
Molpro::pot: 1-th energy correction = 0 kcal/mole
molpro_pot: 0-th energy = -0.000206695 kcal/mol
molpro_pot: 1-th energy = -0.000185184 kcal/mol

(2,0)-th SURFACE:

molpro_pot: coordinates (angstrom):

C, 0.33402, 0.244929, 0.307343
H, 1.19214, -0.358802, 0.555659
H, -0.134494, 0.143739, -0.658459
H, -0.0574033, 0.947376, 1.02559
H, -4.97736, -3.64865, -4.58226

molpro_pot: interatomic distances matrix (angstrom):

\     C1    H2    H3    H4
H2  1.08
H3  1.08  1.87
H4  1.08  1.87  1.87
H5   8.2  8.68   7.3  8.76

Molpro::pot: 1-th molpro energy = -0.000247564 kcal/mole

Molpro::pot: 0-th energy correction = -2.14976e-05 kcal/mole
Molpro::pot: 1-th energy correction = 0 kcal/mole
molpro_pot: 0-th energy = -0.000269062 kcal/mol
molpro_pot: 1-th energy = -0.000247564 kcal/mol
molpro_pot: coordinates (angstrom):

C, -0.402905, -0.322069, -0.00365482
H, -1.14696, 0.451129, -0.108827
H, 0.444176, -0.348706, -0.670185
H, -0.504161, -1.06655, 0.769656
H, 6.00427, 4.79895, 0.0528726

molpro_pot: interatomic distances matrix (angstrom):

\     C1    H2    H3    H4
H2  1.08
H3  1.08  1.87
H4  1.08  1.87  1.87
H5   8.2  8.37  7.61  8.79

Molpro::pot: 1-th molpro energy = -0.000147991 kcal/mole

Molpro::pot: 0-th energy correction = -2.14954e-05 kcal/mole
Molpro::pot: 1-th energy correction = 0 kcal/mole
molpro_pot: 0-th energy = -0.000169486 kcal/mol
molpro_pot: 1-th energy = -0.000147991 kcal/mol
molpro_pot: coordinates (angstrom):

C, -0.406101, 0.156395, -0.276367
H, -1.3171, -0.306766, -0.619984
H, 0.547806, -0.213582, -0.616509
H, -0.448948, 0.991173, 0.404684
H, 6.05362, -2.333, 4.12247

molpro_pot: interatomic distances matrix (angstrom):

\     C1    H2    H3    H4
H2  1.08
H3  1.08  1.87
H4  1.08  1.87  1.87
H5   8.2     9  7.57  8.19

Molpro::pot: 1-th molpro energy = -0.000162091 kcal/mole

Molpro::pot: 0-th energy correction = -2.15086e-05 kcal/mole
Molpro::pot: 1-th energy correction = 0 kcal/mole
molpro_pot: 0-th energy = -0.0001836 kcal/mol
molpro_pot: 1-th energy = -0.000162091 kcal/mol
molpro_pot: coordinates (angstrom):

C, -0.490538, 0.0979927, 0.125309
H, 0.585708, 0.0463965, 0.0859726
H, -1.06323, 0.104743, -0.788199
H, -0.994146, 0.139698, 1.07776
H, 7.31242, -1.45762, -1.86756

molpro_pot: interatomic distances matrix (angstrom):

\     C1    H2    H3    H4
H2  1.08
H3  1.08  1.87
H4  1.08  1.87  1.87
H5   8.2  7.16  8.59  8.96

Molpro::pot: 1-th molpro energy = -0.000233117 kcal/mole

Molpro::pot: 0-th energy correction = -2.15013e-05 kcal/mole
Molpro::pot: 1-th energy correction = 0 kcal/mole
molpro_pot: 0-th energy = -0.000254618 kcal/mol
molpro_pot: 1-th energy = -0.000233117 kcal/mol
molpro_pot: coordinates (angstrom):

C, 0.346159, 0.300994, -0.23573
H, -0.0955565, -0.212659, -1.07452
H, 0.630918, 1.33684, -0.327622
H, 0.500254, -0.220003, 0.695579
H, -5.15727, -4.48807, 3.51336

molpro_pot: interatomic distances matrix (angstrom):

\     C1    H2    H3    H4
H2  1.08
H3  1.08  1.87
H4  1.08  1.87  1.87
H5   8.2  8.06  9.07  7.63

Molpro::pot: 1-th molpro energy = -0.000162837 kcal/mole

Molpro::pot: 0-th energy correction = -2.14988e-05 kcal/mole
Molpro::pot: 1-th energy correction = 0 kcal/mole
molpro_pot: 0-th energy = -0.000184335 kcal/mol
molpro_pot: 1-th energy = -0.000162837 kcal/mol

(3,0)-th SURFACE:

molpro_pot: coordinates (angstrom):

C, 0.466535, -0.0396515, -0.0635432
H, -0.460819, -0.581309, 0.0320427
H, 0.559168, 0.744384, -0.797864
H, 1.29998, -0.279743, 0.576967
H, -6.95328, 0.588791, 0.945452

molpro_pot: interatomic distances matrix (angstrom):

\     C1    H2    H3    H4
H2  1.08
H3  1.08  1.87
H4  1.08  1.87  1.87
H5  7.51  6.66  7.71  8.31

Molpro::pot: 1-th molpro energy = -0.000397037 kcal/mole

Molpro::pot: 0-th energy correction = -8.50981e-05 kcal/mole
Molpro::pot: 1-th energy correction = 0 kcal/mole
molpro_pot: 0-th energy = -0.000482135 kcal/mol
molpro_pot: 1-th energy = -0.000397037 kcal/mol
molpro_pot: coordinates (angstrom):

C, 0.342507, -0.298069, -0.129645
H, -0.149328, -1.06402, -0.707518
H, 0.458911, -0.418181, 0.935503
H, 0.720576, 0.586246, -0.617059
H, -5.10833, 4.44501, 1.93274

molpro_pot: interatomic distances matrix (angstrom):

\     C1    H2    H3    H4
H2  1.08
H3  1.08  1.87
H4  1.08  1.87  1.87
H5  7.51  7.87  7.46  7.44

Molpro::pot: 1-th molpro energy = -0.000318085 kcal/mole

Molpro::pot: 0-th energy correction = -8.51523e-05 kcal/mole
Molpro::pot: 1-th energy correction = 0 kcal/mole
molpro_pot: 0-th energy = -0.000403238 kcal/mol
molpro_pot: 1-th energy = -0.000318085 kcal/mol
molpro_pot: coordinates (angstrom):

C, -0.431366, -0.170468, -0.0886666
H, -1.30866, 0.44991, 0.000743544
H, -0.352366, -1.07803, 0.488057
H, 0.365302, 0.114889, -0.756808
H, 6.43193, 2.54296, 1.32374

molpro_pot: interatomic distances matrix (angstrom):

\     C1    H2    H3    H4
H2  1.08
H3  1.08  1.87
H4  1.08  1.87  1.87
H5  7.51  8.13  7.74  6.86

Molpro::pot: 1-th molpro energy = -0.000304194 kcal/mole

Molpro::pot: 0-th energy correction = -8.51463e-05 kcal/mole
Molpro::pot: 1-th energy correction = 0 kcal/mole
molpro_pot: 0-th energy = -0.000389341 kcal/mol
molpro_pot: 1-th energy = -0.000304194 kcal/mol
molpro_pot: coordinates (angstrom):

C, 0.0421321, 0.227787, -0.411712
H, 0.941817, 0.364156, 0.166635
H, 0.0190184, 0.520877, -1.44906
H, -0.833171, -0.204338, 0.0461452
H, -0.629325, -3.39292, 6.13846

molpro_pot: interatomic distances matrix (angstrom):

\     C1    H2    H3    H4
H2  1.08
H3  1.08  1.87
H4  1.08  1.87  1.87
H5  7.51  7.23  8.56  6.88

Molpro::pot: 1-th molpro energy = -0.000381678 kcal/mole

Molpro::pot: 0-th energy correction = -8.51154e-05 kcal/mole
Molpro::pot: 1-th energy correction = 0 kcal/mole
molpro_pot: 0-th energy = -0.000466794 kcal/mol
molpro_pot: 1-th energy = -0.000381678 kcal/mol
molpro_pot: coordinates (angstrom):

C, -0.195481, 0.126636, 0.410852
H, 0.1172, -0.882782, 0.196791
H, -0.822109, 0.656234, -0.288706
H, 0.115719, 0.605267, 1.3255
H, 2.91675, -1.88655, -6.12553

molpro_pot: interatomic distances matrix (angstrom):

\     C1    H2    H3    H4
H2  1.08
H3  1.08  1.87
H4  1.08  1.87  1.87
H5  7.51  6.99  7.38  8.34

Molpro::pot: 1-th molpro energy = -0.000295669 kcal/mole

Molpro::pot: 0-th energy correction = -8.5137e-05 kcal/mole
Molpro::pot: 1-th energy correction = 0 kcal/mole
molpro_pot: 0-th energy = -0.000380806 kcal/mol
molpro_pot: 1-th energy = -0.000295669 kcal/mol

(4,0)-th SURFACE:

molpro_pot: coordinates (angstrom):

C, 0.136051, 0.090003, 0.400602
H, -0.660972, -0.615683, 0.571705
H, 0.93829, 0.180208, 1.1153
H, 0.132568, 0.703086, -0.486324
H, -2.02982, -1.33926, -5.97058

molpro_pot: interatomic distances matrix (angstrom):

\     C1    H2    H3    H4
H2  1.08
H3  1.08  1.87
H4  1.08  1.87  1.87
H5  6.88  6.72  7.83  6.24

Molpro::pot: 1-th molpro energy = -0.000593922 kcal/mole

Molpro::pot: 0-th energy correction = -0.00030305 kcal/mole
Molpro::pot: 1-th energy correction = 0 kcal/mole
molpro_pot: 0-th energy = -0.000896972 kcal/mol
molpro_pot: 1-th energy = -0.000593922 kcal/mol
molpro_pot: coordinates (angstrom):

C, 0.285145, 0.121151, -0.301529
H, 1.04974, 0.012927, 0.450935
H, 0.352168, 0.915804, -1.02717
H, -0.544556, -0.566807, -0.33036
H, -4.25252, -1.80445, 4.49685

molpro_pot: interatomic distances matrix (angstrom):

\     C1    H2    H3    H4
H2  1.08
H3  1.08  1.87
H4  1.08  1.87  1.87
H5  6.88  6.91  7.69  6.21

Molpro::pot: 1-th molpro energy = -0.000632543 kcal/mole

Molpro::pot: 0-th energy correction = -0.000303182 kcal/mole
Molpro::pot: 1-th energy correction = 0 kcal/mole
molpro_pot: 0-th energy = -0.000935725 kcal/mol
molpro_pot: 1-th energy = -0.000632543 kcal/mol
molpro_pot: coordinates (angstrom):

C, -0.223515, -0.310373, -0.201536
H, -0.340819, 0.58171, -0.795626
H, -1.05686, -0.981065, -0.0665166
H, 0.727545, -0.533371, 0.254839
H, 3.33148, 4.62828, 3.00696

molpro_pot: interatomic distances matrix (angstrom):

\     C1    H2    H3    H4
H2  1.08
H3  1.08  1.87
H4  1.08  1.87  1.87
H5  6.88  6.66  7.76   6.4

Molpro::pot: 1-th molpro energy = -0.000589664 kcal/mole

Molpro::pot: 0-th energy correction = -0.00030318 kcal/mole
Molpro::pot: 1-th energy correction = 0 kcal/mole
molpro_pot: 0-th energy = -0.000892844 kcal/mol
molpro_pot: 1-th energy = -0.000589664 kcal/mol
molpro_pot: coordinates (angstrom):

C, -0.116349, 0.122323, 0.398173
H, -0.99218, -0.312384, -0.0562097
H, 0.776364, 0.272046, -0.18763
H, -0.134098, 0.410085, 1.43711
H, 1.73526, -1.82622, -5.93426

molpro_pot: interatomic distances matrix (angstrom):

\     C1    H2    H3    H4
H2  1.08
H3  1.08  1.87
H4  1.08  1.87  1.87
H5  6.88  6.65  6.19  7.93

Molpro::pot: 1-th molpro energy = -0.000573573 kcal/mole

Molpro::pot: 0-th energy correction = -0.000303086 kcal/mole
Molpro::pot: 1-th energy correction = 0 kcal/mole
molpro_pot: 0-th energy = -0.000876659 kcal/mol
molpro_pot: 1-th energy = -0.000573573 kcal/mol
molpro_pot: coordinates (angstrom):

C, 0.378308, 0.178119, -0.109811
H, -0.443338, 0.730413, 0.317254
H, 0.811405, 0.494202, -1.04525
H, 0.76881, -0.688096, 0.399797
H, -5.64133, -2.65735, 1.63569

molpro_pot: interatomic distances matrix (angstrom):

\     C1    H2    H3    H4
H2  1.08
H3  1.08  1.87
H4  1.08  1.87  1.87
H5  6.88  6.34  7.67  6.82

Molpro::pot: 1-th molpro energy = -0.000613919 kcal/mole

Molpro::pot: 0-th energy correction = -0.000303184 kcal/mole
Molpro::pot: 1-th energy correction = 0 kcal/mole
molpro_pot: 0-th energy = -0.000917103 kcal/mol
molpro_pot: 1-th energy = -0.000613919 kcal/mol

(5,0)-th SURFACE:

molpro_pot: coordinates (angstrom):

C, 0.0753955, -0.340328, -0.200923
H, -0.929073, -0.730749, -0.23454
H, 0.641694, -0.388628, 0.715315
H, 0.514612, 0.0954335, -1.08394
H, -1.12495, 5.07617, 2.99552

molpro_pot: interatomic distances matrix (angstrom):

\     C1    H2    H3    H4
H2  1.08
H3  1.08  1.87
H4  1.08  1.87  1.87
H5   6.4  6.65  6.18  6.64

Molpro::pot: 1-th molpro energy = -0.000842773 kcal/mole

Molpro::pot: 0-th energy correction = -0.000785973 kcal/mole
Molpro::pot: 1-th energy correction = 0 kcal/mole
molpro_pot: 0-th energy = -0.00162875 kcal/mol
molpro_pot: 1-th energy = -0.000842773 kcal/mol
molpro_pot: coordinates (angstrom):

C, -0.120454, 0.0640078, 0.378606
H, -0.567293, 1.00139, 0.668721
H, 0.74232, 0.055828, -0.267979
H, -0.534244, -0.864752, 0.737361
H, 1.79345, -0.954595, -5.6461

molpro_pot: interatomic distances matrix (angstrom):

\     C1    H2    H3    H4
H2  1.08
H3  1.08  1.87
H4  1.08  1.87  1.87
H5   6.4  7.02  5.57   6.8

Molpro::pot: 1-th molpro energy = -0.00120054 kcal/mole

Molpro::pot: 0-th energy correction = -0.000785834 kcal/mole
Molpro::pot: 1-th energy correction = 0 kcal/mole
molpro_pot: 0-th energy = -0.00198637 kcal/mol
molpro_pot: 1-th energy = -0.00120054 kcal/mol
molpro_pot: coordinates (angstrom):

C, -0.251369, -0.173111, -0.262448
H, -1.07783, 0.157981, -0.870599
H, 0.15991, -1.15975, -0.403538
H, 0.165743, 0.483207, 0.484403
H, 3.74518, 2.57977, 3.91465

molpro_pot: interatomic distances matrix (angstrom):

\     C1    H2    H3    H4
H2  1.08
H3  1.08  1.87
H4  1.08  1.87  1.87
H5   6.4  7.21  6.74  5.38

Molpro::pot: 1-th molpro energy = -0.00148174 kcal/mole

Molpro::pot: 0-th energy correction = -0.00078567 kcal/mole
Molpro::pot: 1-th energy correction = 0 kcal/mole
molpro_pot: 0-th energy = -0.00226741 kcal/mol
molpro_pot: 1-th energy = -0.00148174 kcal/mol
molpro_pot: coordinates (angstrom):

C, -0.155747, -0.0573751, 0.36665
H, 0.0791724, 0.443954, -0.558551
H, 0.586509, -0.125987, 1.14567
H, -1.13349, -0.487249, 0.514104
H, 2.32227, 0.852436, -5.46686

molpro_pot: interatomic distances matrix (angstrom):

\     C1    H2    H3    H4
H2  1.08
H3  1.08  1.87
H4  1.08  1.87  1.87
H5   6.4  5.41  6.91  7.04

Molpro::pot: 1-th molpro energy = -0.00146761 kcal/mole

Molpro::pot: 0-th energy correction = -0.00078577 kcal/mole
Molpro::pot: 1-th energy correction = 0 kcal/mole
molpro_pot: 0-th energy = -0.00225338 kcal/mol
molpro_pot: 1-th energy = -0.00146761 kcal/mol
molpro_pot: coordinates (angstrom):

C, 0.0225953, 0.399514, -0.0441966
H, -0.262324, -0.524889, -0.520447
H, 0.214454, 0.42215, 1.01656
H, 0.118666, 1.30032, -0.628874
H, -0.339834, -5.95452, 0.659005

molpro_pot: interatomic distances matrix (angstrom):

\     C1    H2    H3    H4
H2  1.08
H3  1.08  1.87
H4  1.08  1.87  1.87
H5   6.4  5.56  6.41  7.38

Molpro::pot: 1-th molpro energy = -0.00128919 kcal/mole

Molpro::pot: 0-th energy correction = -0.000785586 kcal/mole
Molpro::pot: 1-th energy correction = 0 kcal/mole
molpro_pot: 0-th energy = -0.00207478 kcal/mol
molpro_pot: 1-th energy = -0.00128919 kcal/mol

(6,0)-th SURFACE:

molpro_pot: coordinates (angstrom):

C, -0.36685, -0.0550405, 0.0595773
H, -0.566304, 0.984207, -0.147056
H, -0.389994, -0.416393, 1.07516
H, -0.147381, -0.733396, -0.749241
H, 5.4717, 0.82094, -0.888239

molpro_pot: interatomic distances matrix (angstrom):

\     C1    H2    H3    H4
H2  1.08
H3  1.08  1.87
H4  1.08  1.87  1.87
H5  5.98  6.09   6.3  5.83

Molpro::pot: 1-th molpro energy = -0.00150574 kcal/mole

Molpro::pot: 0-th energy correction = -0.00183284 kcal/mole
Molpro::pot: 1-th energy correction = 0 kcal/mole
molpro_pot: 0-th energy = -0.00333858 kcal/mol
molpro_pot: 1-th energy = -0.00150574 kcal/mol
molpro_pot: coordinates (angstrom):

C, 0.125365, 0.337276, 0.108845
H, -0.413028, -0.45922, -0.379257
H, 1.00928, 0.115774, 0.685163
H, -0.218151, 1.35526, 0.0181847
H, -1.8708, -5.0277, -1.62009

molpro_pot: interatomic distances matrix (angstrom):

\     C1    H2    H3    H4
H2  1.08
H3  1.08  1.87
H4  1.08  1.87  1.87
H5  5.98  4.95  6.33  6.79

Molpro::pot: 1-th molpro energy = -0.00307174 kcal/mole

Molpro::pot: 0-th energy correction = -0.00183206 kcal/mole
Molpro::pot: 1-th energy correction = 0 kcal/mole
molpro_pot: 0-th energy = -0.0049038 kcal/mol
molpro_pot: 1-th energy = -0.00307174 kcal/mol
molpro_pot: coordinates (angstrom):

C, -0.312655, -0.126579, -0.166409
H, -0.825855, 0.470497, 0.570233
H, 0.325004, 0.347762, -0.895045
H, -0.434541, -1.19785, -0.172577
H, 4.65813, 1.88675, 2.47879

molpro_pot: interatomic distances matrix (angstrom):

\     C1    H2    H3    H4
H2  1.08
H3  1.08  1.87
H4  1.08  1.87  1.87
H5  5.98  5.98   5.7  6.52

Molpro::pot: 1-th molpro energy = -0.00151521 kcal/mole

Molpro::pot: 0-th energy correction = -0.00183133 kcal/mole
Molpro::pot: 1-th energy correction = 0 kcal/mole
molpro_pot: 0-th energy = -0.00334654 kcal/mol
molpro_pot: 1-th energy = -0.00151521 kcal/mol
molpro_pot: coordinates (angstrom):

C, 0.266134, 0.232055, -0.129341
H, 1.03937, 0.594252, 0.529022
H, -0.135631, -0.759331, 0.0057846
H, -0.107443, 0.862028, -0.920602
H, -3.9651, -3.45999, 1.92583

molpro_pot: interatomic distances matrix (angstrom):

\     C1    H2    H3    H4
H2  1.08
H3  1.08  1.87
H4  1.08  1.87  1.87
H5  5.98  6.59  5.06  6.45

Molpro::pot: 1-th molpro energy = -0.00264426 kcal/mole

Molpro::pot: 0-th energy correction = -0.00183163 kcal/mole
Molpro::pot: 1-th energy correction = 0 kcal/mole
molpro_pot: 0-th energy = -0.00447589 kcal/mol
molpro_pot: 1-th energy = -0.00264426 kcal/mol
molpro_pot: coordinates (angstrom):

C, 0.235632, -0.15042, -0.25124
H, 0.975021, -0.754385, -0.752284
H, 0.543485, 0.694079, 0.344214
H, -0.8114, -0.388901, -0.348051
H, -3.51273, 2.24023, 3.74759

molpro_pot: interatomic distances matrix (angstrom):

\     C1    H2    H3    H4
H2  1.08
H3  1.08  1.87
H4  1.08  1.87  1.87
H5  5.98  7.03  5.52  5.57

Molpro::pot: 1-th molpro energy = -0.00167199 kcal/mole

Molpro::pot: 0-th energy correction = -0.00183229 kcal/mole
Molpro::pot: 1-th energy correction = 0 kcal/mole
molpro_pot: 0-th energy = -0.00350428 kcal/mol
molpro_pot: 1-th energy = -0.00167199 kcal/mol

(7,0)-th SURFACE:

molpro_pot: coordinates (angstrom):

C, 0.0957664, 0.0912719, 0.326662
H, -0.410746, 0.981406, 0.663741
H, 1.10123, 0.156306, -0.0571646
H, -0.401741, -0.864004, 0.376221
H, -1.42902, -1.36047, -4.8723

molpro_pot: interatomic distances matrix (angstrom):

\     C1    H2    H3    H4
H2  1.08
H3  1.08  1.87
H4  1.08  1.87  1.87
H5  5.61   6.1  5.65  5.37

Molpro::pot: 1-th molpro energy = -0.00307568 kcal/mole

Molpro::pot: 0-th energy correction = -0.00384463 kcal/mole
Molpro::pot: 1-th energy correction = 0 kcal/mole
molpro_pot: 0-th energy = -0.00692031 kcal/mol
molpro_pot: 1-th energy = -0.00307568 kcal/mol
molpro_pot: coordinates (angstrom):

C, 0.272497, -0.106809, -0.19701
H, 0.928296, 0.746124, -0.267344
H, -0.0540723, -0.456968, 0.769044
H, -0.0591508, -0.607562, -1.09243
H, -4.05964, 1.59017, 2.93649

molpro_pot: interatomic distances matrix (angstrom):

\     C1    H2    H3    H4
H2  1.08
H3  1.08  1.87
H4  1.08  1.87  1.87
H5  5.61  5.99  4.99  6.09

Molpro::pot: 1-th molpro energy = -0.00355328 kcal/mole

Molpro::pot: 0-th energy correction = -0.00384173 kcal/mole
Molpro::pot: 1-th energy correction = 0 kcal/mole
molpro_pot: 0-th energy = -0.00739502 kcal/mol
molpro_pot: 1-th energy = -0.00355328 kcal/mol
molpro_pot: coordinates (angstrom):

C, -0.25711, 0.202587, -0.130685
H, -0.10108, 1.26939, -0.12051
H, -1.10759, -0.222278, 0.377924
H, 0.435281, -0.438914, -0.65183
H, 3.83476, -3.02037, 1.95046

molpro_pot: interatomic distances matrix (angstrom):

\     C1    H2    H3    H4
H2  1.08
H3  1.08  1.87
H4  1.08  1.87  1.87
H5  5.61  6.18  5.89     5

Molpro::pot: 1-th molpro energy = -0.00348748 kcal/mole

Molpro::pot: 0-th energy correction = -0.00384446 kcal/mole
Molpro::pot: 1-th energy correction = 0 kcal/mole
molpro_pot: 0-th energy = -0.00733194 kcal/mol
molpro_pot: 1-th energy = -0.00348748 kcal/mol
molpro_pot: coordinates (angstrom):

C, -0.184959, -0.0807366, -0.289191
H, -0.0564085, 0.984089, -0.179023
H, 0.159761, -0.747821, 0.484556
H, -0.660804, -0.478244, -1.17128
H, 2.75973, 1.20329, 4.3091

molpro_pot: interatomic distances matrix (angstrom):

\     C1    H2    H3    H4
H2  1.08
H3  1.08  1.87
H4  1.08  1.87  1.87
H5  5.61   5.3  5.02  6.68

Molpro::pot: 1-th molpro energy = -0.00304015 kcal/mole

Molpro::pot: 0-th energy correction = -0.003843 kcal/mole
Molpro::pot: 1-th energy correction = 0 kcal/mole
molpro_pot: 0-th energy = -0.00688314 kcal/mol
molpro_pot: 1-th energy = -0.00304015 kcal/mol
molpro_pot: coordinates (angstrom):

C, 0.1574, -0.310065, 0.0575628
H, -0.397104, -0.223271, -0.863038
H, -0.102679, -1.07354, 0.773098
H, 0.973655, 0.364287, 0.261275
H, -2.34801, 4.62441, -0.856724

molpro_pot: interatomic distances matrix (angstrom):

\     C1    H2    H3    H4
H2  1.08
H3  1.08  1.87
H4  1.08  1.87  1.87
H5  5.61  5.23  6.34  5.52

Molpro::pot: 1-th molpro energy = -0.00309663 kcal/mole

Molpro::pot: 0-th energy correction = -0.00384442 kcal/mole
Molpro::pot: 1-th energy correction = 0 kcal/mole
molpro_pot: 0-th energy = -0.00694105 kcal/mol
molpro_pot: 1-th energy = -0.00309663 kcal/mol

(8,0)-th SURFACE:

molpro_pot: coordinates (angstrom):

C, 0.112692, 0.312847, -0.0135959
H, -0.499065, 0.53572, -0.873012
H, 0.152598, 1.00397, 0.813004
H, 0.681931, -0.602202, 0.0206697
H, -1.67727, -4.6625, 0.201222

molpro_pot: interatomic distances matrix (angstrom):

\     C1    H2    H3    H4
H2  1.08
H3  1.08  1.87
H4  1.08  1.87  1.87
H5  5.29  5.44  5.99   4.7

Molpro::pot: 1-th molpro energy = -0.00650115 kcal/mole

Molpro::pot: 0-th energy correction = -0.00725014 kcal/mole
Molpro::pot: 1-th energy correction = 0 kcal/mole
molpro_pot: 0-th energy = -0.0137513 kcal/mol
molpro_pot: 1-th energy = -0.00650115 kcal/mol
molpro_pot: coordinates (angstrom):

C, -0.158347, 0.0900238, 0.278308
H, -0.412693, 0.417904, 1.27346
H, -0.49329, -0.872453, -0.0737872
H, 0.42807, 0.725574, -0.365673
H, 2.36332, -1.34292, -4.14776

molpro_pot: interatomic distances matrix (angstrom):

\     C1    H2    H3    H4
H2  1.08
H3  1.08  1.87
H4  1.08  1.87  1.87
H5  5.29  6.34     5  4.73

Molpro::pot: 1-th molpro energy = -0.00497924 kcal/mole

Molpro::pot: 0-th energy correction = -0.00725284 kcal/mole
Molpro::pot: 1-th energy correction = 0 kcal/mole
molpro_pot: 0-th energy = -0.0122321 kcal/mol
molpro_pot: 1-th energy = -0.00497924 kcal/mol
molpro_pot: coordinates (angstrom):

C, 0.267516, 0.172861, 0.0960522
H, 0.279051, -0.604839, 0.842755
H, 1.09496, 0.860067, 0.0212218
H, -0.569638, 0.2615, -0.577622
H, -3.98965, -2.57496, -1.43003

molpro_pot: interatomic distances matrix (angstrom):

\     C1    H2    H3    H4
H2  1.08
H3  1.08  1.87
H4  1.08  1.87  1.87
H5  5.29  5.22  6.31  4.52

Molpro::pot: 1-th molpro energy = -0.00572336 kcal/mole

Molpro::pot: 0-th energy correction = -0.007252 kcal/mole
Molpro::pot: 1-th energy correction = 0 kcal/mole
molpro_pot: 0-th energy = -0.0129754 kcal/mol
molpro_pot: 1-th energy = -0.00572336 kcal/mol
molpro_pot: coordinates (angstrom):

C, 0.244554, 0.111906, 0.195822
H, 0.652241, -0.346406, -0.690889
H, -0.813556, 0.0533767, 0.394556
H, 0.895043, 0.625894, 0.885171
H, -3.64559, -1.66531, -2.92046

molpro_pot: interatomic distances matrix (angstrom):

\     C1    H2    H3    H4
H2  1.08
H3  1.08  1.87
H4  1.08  1.87  1.87
H5  5.29  5.02  4.69  6.35

Molpro::pot: 1-th molpro energy = -0.0049336 kcal/mole

Molpro::pot: 0-th energy correction = -0.00725191 kcal/mole
Molpro::pot: 1-th energy correction = 0 kcal/mole
molpro_pot: 0-th energy = -0.0121855 kcal/mol
molpro_pot: 1-th energy = -0.0049336 kcal/mol
molpro_pot: coordinates (angstrom):

C, -0.0401547, 0.297882, 0.142136
H, 0.708465, 0.412671, 0.909538
H, -0.874058, -0.36749, 0.298353
H, 0.0433354, 0.85053, -0.77989
H, 0.600372, -4.44254, -2.12039

molpro_pot: interatomic distances matrix (angstrom):

\     C1    H2    H3    H4
H2  1.08
H3  1.08  1.87
H4  1.08  1.87  1.87
H5  5.29  5.72  4.96  5.49

Molpro::pot: 1-th molpro energy = -0.00679119 kcal/mole

Molpro::pot: 0-th energy correction = -0.00725469 kcal/mole
Molpro::pot: 1-th energy correction = 0 kcal/mole
molpro_pot: 0-th energy = -0.0140459 kcal/mol
molpro_pot: 1-th energy = -0.00679119 kcal/mol

(9,0)-th SURFACE:

molpro_pot: coordinates (angstrom):

C, 0.272059, 0.0537407, -0.151727
H, 0.355548, -0.630554, -0.980754
H, 0.735471, 1.02572, -0.206798
H, -0.277207, -0.232519, 0.730817
H, -4.05317, -0.802524, 2.26333

molpro_pot: interatomic distances matrix (angstrom):

\     C1    H2    H3    H4
H2  1.08
H3  1.08  1.87
H4  1.08  1.87  1.87
H5  5.03  5.48  5.69  4.11

Molpro::pot: 1-th molpro energy = -0.0113248 kcal/mole

Molpro::pot: 0-th energy correction = -0.0123087 kcal/mole
Molpro::pot: 1-th energy correction = 0 kcal/mole
molpro_pot: 0-th energy = -0.0236335 kcal/mol
molpro_pot: 1-th energy = -0.0113248 kcal/mol
molpro_pot: coordinates (angstrom):

C, 0.0764585, 0.305938, 0.0203226
H, -0.538298, -0.537245, 0.291675
H, 0.477793, 0.380969, -0.977585
H, 0.287312, 1.0754, 0.745572
H, -1.13719, -4.56188, -0.30164

molpro_pot: interatomic distances matrix (angstrom):

\     C1    H2    H3    H4
H2  1.08
H3  1.08  1.87
H4  1.08  1.87  1.87
H5  5.03  4.11  5.24  5.91

Molpro::pot: 1-th molpro energy = -0.00971857 kcal/mole

Molpro::pot: 0-th energy correction = -0.0123114 kcal/mole
Molpro::pot: 1-th energy correction = 0 kcal/mole
molpro_pot: 0-th energy = -0.0220299 kcal/mol
molpro_pot: 1-th energy = -0.00971857 kcal/mol
molpro_pot: coordinates (angstrom):

C, -0.155502, -0.174312, -0.21306
H, 0.219868, 0.583659, -0.88171
H, 0.385387, -0.412989, 0.688601
H, -1.07299, -0.691283, -0.444306
H, 2.31927, 2.59611, 3.17428

molpro_pot: interatomic distances matrix (angstrom):

\     C1    H2    H3    H4
H2  1.08
H3  1.08  1.87
H4  1.08  1.87  1.87
H5  5.03  4.99  4.36  5.95

Molpro::pot: 1-th molpro energy = -0.00924351 kcal/mole

Molpro::pot: 0-th energy correction = -0.0123073 kcal/mole
Molpro::pot: 1-th energy correction = 0 kcal/mole
molpro_pot: 0-th energy = -0.0215509 kcal/mol
molpro_pot: 1-th energy = -0.00924351 kcal/mol
molpro_pot: coordinates (angstrom):

C, -0.0108072, -0.230743, -0.215473
H, -0.364097, 0.704476, -0.619289
H, -0.485925, -0.655759, 0.654092
H, 0.815249, -0.742381, -0.682783
H, 0.163452, 3.44108, 3.21358

molpro_pot: interatomic distances matrix (angstrom):

\     C1    H2    H3    H4
H2  1.08
H3  1.08  1.87
H4  1.08  1.87  1.87
H5  5.03  4.74  4.87  5.75

Molpro::pot: 1-th molpro energy = -0.0117626 kcal/mole

Molpro::pot: 0-th energy correction = -0.012314 kcal/mole
Molpro::pot: 1-th energy correction = 0 kcal/mole
molpro_pot: 0-th energy = -0.0240766 kcal/mol
molpro_pot: 1-th energy = -0.0117626 kcal/mol
molpro_pot: coordinates (angstrom):

C, 0.0509337, 0.226621, 0.214043
H, -0.775308, 0.824377, 0.564083
H, 0.548693, 0.482684, -0.70747
H, 0.381365, -0.625038, 0.786767
H, -0.761208, -3.38037, -3.19196

molpro_pot: interatomic distances matrix (angstrom):

\     C1    H2    H3    H4
H2  1.08
H3  1.08  1.87
H4  1.08  1.87  1.87
H5  5.03  5.64  4.78  4.97

Molpro::pot: 1-th molpro energy = -0.0128098 kcal/mole

Molpro::pot: 0-th energy correction = -0.0123149 kcal/mole
Molpro::pot: 1-th energy correction = 0 kcal/mole
molpro_pot: 0-th energy = -0.0251247 kcal/mol
molpro_pot: 1-th energy = -0.0128098 kcal/mol

(9,0)-th SURFACE:

molpro_pot: coordinates (angstrom):

C, -0.0855523, 0.063195, 0.297451
H, 0.583473, 0.706435, 0.846234
H, -0.553274, -0.773862, 0.790493
H, -0.289266, 0.258646, -0.743136
H, 1.27772, -0.943671, -4.43529

molpro_pot: interatomic distances matrix (angstrom):

\     C1    H2    H3    H4
H2  1.08
H3  1.08  1.87
H4  1.08  1.87  1.87
H5  5.03  5.58  5.54  4.19

Molpro::pot: 1-th molpro energy = -0.0116749 kcal/mole

Molpro::pot: 0-th energy correction = -0.012314 kcal/mole
Molpro::pot: 1-th energy correction = 0 kcal/mole
molpro_pot: 0-th energy = -0.0239889 kcal/mol
molpro_pot: 1-th energy = -0.0116749 kcal/mol
molpro_pot: coordinates (angstrom):

C, -0.114302, 0.275782, 0.104268
H, 0.596571, 0.982818, -0.29231
H, -0.564282, -0.457641, -0.545445
H, -0.372839, 0.300064, 1.15073
H, 1.70153, -4.10893, -1.55448

molpro_pot: interatomic distances matrix (angstrom):

\     C1    H2    H3    H4
H2  1.08
H3  1.08  1.87
H4  1.08  1.87  1.87
H5  5.03  5.36  4.41  5.57

Molpro::pot: 1-th molpro energy = -0.0123849 kcal/mole

Molpro::pot: 0-th energy correction = -0.0123061 kcal/mole
Molpro::pot: 1-th energy correction = 0 kcal/mole
molpro_pot: 0-th energy = -0.024691 kcal/mol
molpro_pot: 1-th energy = -0.0123849 kcal/mol
molpro_pot: coordinates (angstrom):

C, 0.204352, 0.0828185, 0.226663
H, -0.502285, 0.216636, 1.02995
H, 0.201116, -0.830031, -0.347109
H, 0.911938, 0.862715, -0.00486171
H, -3.04396, -1.23543, -3.37682

molpro_pot: interatomic distances matrix (angstrom):

\     C1    H2    H3    H4
H2  1.08
H3  1.08  1.87
H4  1.08  1.87  1.87
H5  5.03  5.29  4.46  5.61

Molpro::pot: 1-th molpro energy = -0.0124218 kcal/mole

Molpro::pot: 0-th energy correction = -0.012306 kcal/mole
Molpro::pot: 1-th energy correction = 0 kcal/mole
molpro_pot: 0-th energy = -0.0247278 kcal/mol
molpro_pot: 1-th energy = -0.0124218 kcal/mol
molpro_pot: coordinates (angstrom):

C, -0.0617969, -0.300301, 0.0761845
H, 0.287756, -0.0209931, -0.904792
H, -0.922201, 0.190951, 0.501502
H, 0.446884, -1.07268, 0.630431
H, 0.923366, 4.47836, -1.13426

molpro_pot: interatomic distances matrix (angstrom):

\     C1    H2    H3    H4
H2  1.08
H3  1.08  1.87
H4  1.08  1.87  1.87
H5  5.03  4.55  4.95  5.84

Molpro::pot: 1-th molpro energy = -0.0106481 kcal/mole

Molpro::pot: 0-th energy correction = -0.0123134 kcal/mole
Molpro::pot: 1-th energy correction = 0 kcal/mole
molpro_pot: 0-th energy = -0.0229615 kcal/mol
molpro_pot: 1-th energy = -0.0106481 kcal/mol
molpro_pot: coordinates (angstrom):

C, 0.295042, -0.0920681, 0.0659473
H, -0.701935, 0.282517, -0.102097
H, 1.132, 0.35568, -0.445457
H, 0.455483, -0.912029, 0.747448
H, -4.39856, 1.37007, -0.985117

molpro_pot: interatomic distances matrix (angstrom):

\     C1    H2    H3    H4
H2  1.08
H3  1.08  1.87
H4  1.08  1.87  1.87
H5  5.03  3.95  5.65  5.64

Molpro::pot: 1-th molpro energy = -0.0109874 kcal/mole

Molpro::pot: 0-th energy correction = -0.0123107 kcal/mole
Molpro::pot: 1-th energy correction = 0 kcal/mole
molpro_pot: 0-th energy = -0.0232981 kcal/mol
molpro_pot: 1-th energy = -0.0109874 kcal/mol

(10,0)-th SURFACE:

molpro_pot: coordinates (angstrom):

C, -0.19613, 0.183381, -0.0889088
H, -1.10825, -0.391346, -0.0733274
H, 0.690335, -0.199969, 0.390404
H, -0.169519, 1.13967, -0.586232
H, 2.92272, -2.73183, 1.32778

molpro_pot: interatomic distances matrix (angstrom):

\     C1    H2    H3    H4
H2  1.08
H3  1.08  1.87
H4  1.08  1.87  1.87
H5   4.5  4.87   3.5  5.31

Molpro::pot: 1-th molpro energy = -0.0110892 kcal/mole

Molpro::pot: 0-th energy correction = -0.0354683 kcal/mole
Molpro::pot: 1-th energy correction = 0 kcal/mole
molpro_pot: 0-th energy = -0.0465575 kcal/mol
molpro_pot: 1-th energy = -0.0110892 kcal/mol
molpro_pot: coordinates (angstrom):

C, 0.246028, 0.125729, -0.0593604
H, 0.305329, -0.262711, 0.944688
H, 0.476265, 1.16154, -0.25066
H, -0.0403738, -0.522026, -0.872323
H, -3.67063, -1.87384, 0.885089

molpro_pot: interatomic distances matrix (angstrom):

\     C1    H2    H3    H4
H2  1.08
H3  1.08  1.87
H4  1.08  1.87  1.87
H5   4.5  4.29  5.26  4.25

Molpro::pot: 1-th molpro energy = -0.0426055 kcal/mole

Molpro::pot: 0-th energy correction = -0.0354857 kcal/mole
Molpro::pot: 1-th energy correction = 0 kcal/mole
molpro_pot: 0-th energy = -0.0780913 kcal/mol
molpro_pot: 1-th energy = -0.0426055 kcal/mol
molpro_pot: coordinates (angstrom):

C, -0.148153, 0.213707, 0.111473
H, 0.264395, 0.897248, -0.613158
H, -0.397461, -0.794075, -0.179625
H, -0.308485, 0.536756, 1.12757
H, 2.20559, -3.1845, -1.66208

molpro_pot: interatomic distances matrix (angstrom):

\     C1    H2    H3    H4
H2  1.08
H3  1.08  1.87
H4  1.08  1.87  1.87
H5   4.5  4.64  3.83  5.29

Molpro::pot: 1-th molpro energy = -0.0321681 kcal/mole

Molpro::pot: 0-th energy correction = -0.0354625 kcal/mole
Molpro::pot: 1-th energy correction = 0 kcal/mole
molpro_pot: 0-th energy = -0.0676305 kcal/mol
molpro_pot: 1-th energy = -0.0321681 kcal/mol
molpro_pot: coordinates (angstrom):

C, -0.0643816, 0.254662, 0.104432
H, -0.87868, 0.930348, 0.311514
H, 0.0856715, -0.117305, -0.896389
H, 0.601516, -0.046568, 0.897125
H, 0.958073, -3.79869, -1.55571

molpro_pot: interatomic distances matrix (angstrom):

\     C1    H2    H3    H4
H2  1.08
H3  1.08  1.87
H4  1.08  1.87  1.87
H5   4.5  5.41  3.84   4.5

Molpro::pot: 1-th molpro energy = -0.024293 kcal/mole

Molpro::pot: 0-th energy correction = -0.0354803 kcal/mole
Molpro::pot: 1-th energy correction = 0 kcal/mole
molpro_pot: 0-th energy = -0.0597734 kcal/mol
molpro_pot: 1-th energy = -0.024293 kcal/mol
molpro_pot: coordinates (angstrom):

C, -0.139438, -0.0366255, -0.243126
H, 0.374274, -0.879586, -0.676753
H, 0.422409, 0.744355, 0.243613
H, -1.21432, 0.0269802, -0.298869
H, 2.0779, 0.544344, 3.62687

molpro_pot: interatomic distances matrix (angstrom):

\     C1    H2    H3    H4
H2  1.08
H3  1.08  1.87
H4  1.08  1.87  1.87
H5   4.5  4.84  3.77  5.15

Molpro::pot: 1-th molpro energy = -0.0349661 kcal/mole

Molpro::pot: 0-th energy correction = -0.0354815 kcal/mole
Molpro::pot: 1-th energy correction = 0 kcal/mole
molpro_pot: 0-th energy = -0.0704476 kcal/mol
molpro_pot: 1-th energy = -0.0349661 kcal/mol

(11,0)-th SURFACE:

molpro_pot: coordinates (angstrom):

C, -0.168757, 0.0521516, -0.199168
H, 0.816678, -0.385304, -0.207347
H, -0.898683, -0.250788, -0.932621
H, -0.425271, 0.78998, 0.544021
H, 2.51663, -0.774848, 2.9674

molpro_pot: interatomic distances matrix (angstrom):

\     C1    H2    H3    H4
H2  1.08
H3  1.08  1.87
H4  1.08  1.87  1.87
H5  4.23  3.62  5.21  4.12

Molpro::pot: 1-th molpro energy = -0.0279291 kcal/mole

Molpro::pot: 0-th energy correction = -0.0602083 kcal/mole
Molpro::pot: 1-th energy correction = 0 kcal/mole
molpro_pot: 0-th energy = -0.0881374 kcal/mol
molpro_pot: 1-th energy = -0.0279291 kcal/mol
molpro_pot: coordinates (angstrom):

C, -0.0656275, 0.248395, -0.0697923
H, 0.467218, -0.685504, -0.149942
H, -1.13346, 0.273629, -0.216814
H, 0.468586, 1.15624, 0.160336
H, 0.979072, -3.70196, 1.03742

molpro_pot: interatomic distances matrix (angstrom):

\     C1    H2    H3    H4
H2  1.08
H3  1.08  1.87
H4  1.08  1.87  1.87
H5  4.23  3.28  4.67  4.96

Molpro::pot: 1-th molpro energy = -0.0181061 kcal/mole

Molpro::pot: 0-th energy correction = -0.0602057 kcal/mole
Molpro::pot: 1-th energy correction = 0 kcal/mole
molpro_pot: 0-th energy = -0.0783118 kcal/mol
molpro_pot: 1-th energy = -0.0181061 kcal/mol
molpro_pot: coordinates (angstrom):

C, 0.0390292, 0.192633, -0.179178
H, 0.131592, 1.04356, 0.476471
H, -0.617573, 0.239502, -1.03311
H, 0.605132, -0.703749, 0.0171589
H, -0.583864, -2.87296, 2.67293

molpro_pot: interatomic distances matrix (angstrom):

\     C1    H2    H3    H4
H2  1.08
H3  1.08  1.87
H4  1.08  1.87  1.87
H5  4.23  4.55  4.84  3.63

Molpro::pot: 1-th molpro energy = -0.0785633 kcal/mole

Molpro::pot: 0-th energy correction = -0.0602378 kcal/mole
Molpro::pot: 1-th energy correction = 0 kcal/mole
molpro_pot: 0-th energy = -0.138801 kcal/mol
molpro_pot: 1-th energy = -0.0785633 kcal/mol
molpro_pot: coordinates (angstrom):

C, 0.0704268, -0.256042, -0.0200937
H, -0.241264, -1.01736, 0.67687
H, -0.54565, -0.0222286, -0.873499
H, 0.99627, 0.273476, 0.137854
H, -1.04792, 3.81476, 0.298027

molpro_pot: interatomic distances matrix (angstrom):

\     C1    H2    H3    H4
H2  1.08
H3  1.08  1.87
H4  1.08  1.87  1.87
H5  4.23  4.91  4.04  4.09

Molpro::pot: 1-th molpro energy = -0.0948407 kcal/mole

Molpro::pot: 0-th energy correction = -0.0601959 kcal/mole
Molpro::pot: 1-th energy correction = 0 kcal/mole
molpro_pot: 0-th energy = -0.155037 kcal/mol
molpro_pot: 1-th energy = -0.0948407 kcal/mol
molpro_pot: coordinates (angstrom):

C, 0.0893183, -0.242601, 0.0637793
H, 0.285477, 0.070614, 1.07666
H, -0.718166, 0.206332, -0.49205
H, 0.702269, -1.00222, -0.394256
H, -1.33308, 3.61388, -0.949766

molpro_pot: interatomic distances matrix (angstrom):

\     C1    H2    H3    H4
H2  1.08
H3  1.08  1.87
H4  1.08  1.87  1.87
H5  4.23  4.39  3.49  5.08

Molpro::pot: 1-th molpro energy = -0.0403605 kcal/mole

Molpro::pot: 0-th energy correction = -0.0602004 kcal/mole
Molpro::pot: 1-th energy correction = 0 kcal/mole
molpro_pot: 0-th energy = -0.100561 kcal/mol
molpro_pot: 1-th energy = -0.0403605 kcal/mol

(12,0)-th SURFACE:

molpro_pot: coordinates (angstrom):

C, -0.197756, -0.143476, 0.0503639
H, -0.361689, -0.268467, 1.10867
H, -0.813467, -0.675943, -0.65667
H, 0.579501, 0.516062, -0.300923
H, 2.9503, 2.13669, -0.750754

molpro_pot: interatomic distances matrix (angstrom):

\     C1    H2    H3    H4
H2  1.08
H3  1.08  1.87
H4  1.08  1.87  1.87
H5  3.97   4.5   4.7  2.91

Molpro::pot: 1-th molpro energy = 0.0559618 kcal/mole

Molpro::pot: 0-th energy correction = -0.101829 kcal/mole
Molpro::pot: 1-th energy correction = 0 kcal/mole
molpro_pot: 0-th energy = -0.0458669 kcal/mol
molpro_pot: 1-th energy = 0.0559618 kcal/mol
molpro_pot: coordinates (angstrom):

C, -0.0195547, 0.239394, -0.0671374
H, -0.41959, -0.759644, -0.133549
H, 0.541094, 0.650998, -0.891015
H, -0.182674, 0.827822, 0.821493
H, 0.294005, -3.56959, 1.00246

molpro_pot: interatomic distances matrix (angstrom):

\     C1    H2    H3    H4
H2  1.08
H3  1.08  1.87
H4  1.08  1.87  1.87
H5  3.97  3.11  4.63  4.43

Molpro::pot: 1-th molpro energy = -0.0567458 kcal/mole

Molpro::pot: 0-th energy correction = -0.10184 kcal/mole
Molpro::pot: 1-th energy correction = 0 kcal/mole
molpro_pot: 0-th energy = -0.158586 kcal/mol
molpro_pot: 1-th energy = -0.0567458 kcal/mol
molpro_pot: coordinates (angstrom):

C, -0.168006, -0.175976, -0.0556315
H, -0.368119, 0.55111, -0.826227
H, 0.714735, -0.0830704, 0.55646
H, -0.851874, -0.993934, 0.104959
H, 2.50567, 2.62121, 0.827204

molpro_pot: interatomic distances matrix (angstrom):

\     C1    H2    H3    H4
H2  1.08
H3  1.08  1.87
H4  1.08  1.87  1.87
H5  3.97  3.91  3.25  4.99

Molpro::pot: 1-th molpro energy = 0.00401409 kcal/mole

Molpro::pot: 0-th energy correction = -0.101807 kcal/mole
Molpro::pot: 1-th energy correction = 0 kcal/mole
molpro_pot: 0-th energy = -0.0977927 kcal/mol
molpro_pot: 1-th energy = 0.00401409 kcal/mol
molpro_pot: coordinates (angstrom):

C, 0.17795, -0.0221847, -0.17356
H, 0.0790641, 0.617972, -1.0355
H, 1.15277, -0.36607, 0.133
H, -0.697231, -0.315886, 0.383503
H, -2.65343, 0.328133, 2.58554

molpro_pot: interatomic distances matrix (angstrom):

\     C1    H2    H3    H4
H2  1.08
H3  1.08  1.87
H4  1.08  1.87  1.87
H5  3.97  4.55  4.58  3.02

Molpro::pot: 1-th molpro energy = -0.0136532 kcal/mole

Molpro::pot: 0-th energy correction = -0.101809 kcal/mole
Molpro::pot: 1-th energy correction = 0 kcal/mole
molpro_pot: 0-th energy = -0.115462 kcal/mol
molpro_pot: 1-th energy = -0.0136532 kcal/mol
molpro_pot: coordinates (angstrom):

C, 0.132775, 0.0288168, -0.209296
H, 0.728305, -0.278514, 0.635339
H, 0.536254, -0.0408481, -1.20673
H, -0.866962, 0.402766, -0.0569527
H, -1.97853, -0.42652, 3.1204

molpro_pot: interatomic distances matrix (angstrom):

\     C1    H2    H3    H4
H2  1.08
H3  1.08  1.87
H4  1.08  1.87  1.87
H5  3.97  3.68  5.02  3.47

Molpro::pot: 1-th molpro energy = -0.0096735 kcal/mole

Molpro::pot: 0-th energy correction = -0.101816 kcal/mole
Molpro::pot: 1-th energy correction = 0 kcal/mole
molpro_pot: 0-th energy = -0.111489 kcal/mol
molpro_pot: 1-th energy = -0.0096735 kcal/mol
