
(0,0)-th SURFACE:

molpro_pot: coordinates (angstrom):

C, -0.534935, -0.133404, -0.372733
H, -0.068433, 0.806504, -0.62065
H, 0.0740495, -0.992131, -0.139828
H, -1.60998, -0.213875, -0.354668
H, 7.97375, 1.98793, 5.55321

molpro_pot: interatomic distances matrix (angstrom):

\     C1    H2    H3    H4
H2  1.08
H3  1.08  1.87
H4  1.08  1.87  1.87
H5  10.6  10.2  10.2  11.5

Molpro::pot: 1-th molpro energy = -4.2312e-05 kcal/mole

Molpro::pot: 0-th energy correction = -1.83672e-07 kcal/mole
Molpro::pot: 1-th energy correction = 0 kcal/mole
molpro_pot: 0-th energy = -4.24957e-05 kcal/mol
molpro_pot: 1-th energy = -4.2312e-05 kcal/mol
molpro_pot: coordinates (angstrom):

C, 0.431531, -0.36277, 0.353692
H, -0.566585, -0.661496, 0.0761273
H, 1.22612, -0.397087, -0.374301
H, 0.634459, -0.0269033, 1.35795
H, -6.43216, 5.40492, -5.27113

molpro_pot: interatomic distances matrix (angstrom):

\     C1    H2    H3    H4
H2  1.08
H3  1.08  1.87
H4  1.08  1.87  1.87
H5  10.6  9.99  10.8  11.1

Molpro::pot: 1-th molpro energy = -5.04668e-05 kcal/mole

Molpro::pot: 0-th energy correction = -1.83662e-07 kcal/mole
Molpro::pot: 1-th energy correction = 0 kcal/mole
molpro_pot: 0-th energy = -5.06505e-05 kcal/mol
molpro_pot: 1-th energy = -5.04668e-05 kcal/mol
molpro_pot: coordinates (angstrom):

C, 0.551966, -0.073266, -0.363873
H, 1.23458, -0.695188, 0.192696
H, 0.384652, 0.947923, -0.0610573
H, 0.0391758, -0.471314, -1.22476
H, -8.23057, 1.09094, 5.4257

molpro_pot: interatomic distances matrix (angstrom):

\     C1    H2    H3    H4
H2  1.08
H3  1.08  1.87
H4  1.08  1.87  1.87
H5  10.6    11  10.2  10.7

Molpro::pot: 1-th molpro energy = -4.95664e-05 kcal/mole

Molpro::pot: 0-th energy correction = -1.83795e-07 kcal/mole
Molpro::pot: 1-th energy correction = 0 kcal/mole
molpro_pot: 0-th energy = -4.97502e-05 kcal/mol
molpro_pot: 1-th energy = -4.95664e-05 kcal/mol
molpro_pot: coordinates (angstrom):

C, 0.0186384, -0.480868, 0.459382
H, 1.05831, -0.592891, 0.196595
H, -0.442728, -1.17732, 1.14101
H, -0.558722, 0.329048, 0.0431928
H, -0.278781, 7.16677, -6.85058

molpro_pot: interatomic distances matrix (angstrom):

\     C1    H2    H3    H4
H2  1.08
H3  1.08  1.87
H4  1.08  1.87  1.87
H5  10.6  10.6  11.6  9.71

Molpro::pot: 1-th molpro energy = -9.43551e-05 kcal/mole

Molpro::pot: 0-th energy correction = -1.83747e-07 kcal/mole
Molpro::pot: 1-th energy correction = 0 kcal/mole
molpro_pot: 0-th energy = -9.45389e-05 kcal/mol
molpro_pot: 1-th energy = -9.43551e-05 kcal/mol
molpro_pot: coordinates (angstrom):

C, 0.621781, -0.235848, 0.0147055
H, 0.0276196, -0.145573, 0.90988
H, 1.42719, 0.456936, -0.169358
H, 0.412699, -1.02044, -0.694679
H, -9.27095, 3.51728, -0.220938

molpro_pot: interatomic distances matrix (angstrom):

\     C1    H2    H3    H4
H2  1.08
H3  1.08  1.87
H4  1.08  1.87  1.87
H5  10.6  10.1  11.1  10.7

Molpro::pot: 1-th molpro energy = -2.69945e-05 kcal/mole

Molpro::pot: 0-th energy correction = -1.83791e-07 kcal/mole
Molpro::pot: 1-th energy correction = 0 kcal/mole
molpro_pot: 0-th energy = -2.71782e-05 kcal/mol
molpro_pot: 1-th energy = -2.69945e-05 kcal/mol

(0,0)-th SURFACE:

molpro_pot: coordinates (angstrom):

C, 0.237119, -0.609556, 0.122419
H, 0.50593, -1.28276, 0.920574
H, -0.482516, 0.173916, 0.297961
H, 0.689993, -0.71774, -0.850064
H, -3.53674, 9.08447, -1.82609

molpro_pot: interatomic distances matrix (angstrom):

\     C1    H2    H3    H4
H2  1.08
H3  1.08  1.87
H4  1.08  1.87  1.87
H5  10.6  11.5  9.66  10.7

Molpro::pot: 1-th molpro energy = -3.42646e-05 kcal/mole

Molpro::pot: 0-th energy correction = -1.83703e-07 kcal/mole
Molpro::pot: 1-th energy correction = 0 kcal/mole
molpro_pot: 0-th energy = -3.44483e-05 kcal/mol
molpro_pot: 1-th energy = -3.42646e-05 kcal/mol
molpro_pot: coordinates (angstrom):

C, 0.107618, -0.609415, -0.24489
H, -0.199019, -1.05369, 0.68844
H, -0.556288, 0.0616951, -0.76581
H, 1.07896, -0.833648, -0.655675
H, -1.60504, 9.08185, 3.64891

molpro_pot: interatomic distances matrix (angstrom):

\     C1    H2    H3    H4
H2  1.08
H3  1.08  1.87
H4  1.08  1.87  1.87
H5  10.6  10.7  10.1  11.1

Molpro::pot: 1-th molpro energy = -5.23056e-05 kcal/mole

Molpro::pot: 0-th energy correction = -1.83657e-07 kcal/mole
Molpro::pot: 1-th energy correction = 0 kcal/mole
molpro_pot: 0-th energy = -5.24893e-05 kcal/mol
molpro_pot: 1-th energy = -5.23056e-05 kcal/mol
molpro_pot: coordinates (angstrom):

C, 0.139977, 0.635892, 0.137096
H, 0.156891, 1.71376, 0.116571
H, -0.80189, 0.112617, 0.176939
H, 1.06437, 0.0813554, 0.114663
H, -2.08606, -9.4792, -2.04056

molpro_pot: interatomic distances matrix (angstrom):

\     C1    H2    H3    H4
H2  1.08
H3  1.08  1.87
H4  1.08  1.87  1.87
H5  10.6  11.6  9.93  10.3

Molpro::pot: 1-th molpro energy = 3.13255e-05 kcal/mole

Molpro::pot: 0-th energy correction = -1.8371e-07 kcal/mole
Molpro::pot: 1-th energy correction = 0 kcal/mole
molpro_pot: 0-th energy = 3.11417e-05 kcal/mol
molpro_pot: 1-th energy = 3.13255e-05 kcal/mol
molpro_pot: coordinates (angstrom):

C, -0.351991, 0.0272731, -0.564014
H, -0.252511, 0.330359, -1.59394
H, -0.978603, -0.811844, -0.307577
H, 0.17731, 0.561069, 0.208917
H, 5.2449, -0.404322, 8.40822

molpro_pot: interatomic distances matrix (angstrom):

\     C1    H2    H3    H4
H2  1.08
H3  1.08  1.87
H4  1.08  1.87  1.87
H5  10.6  11.4  10.7  9.69

Molpro::pot: 1-th molpro energy = 1.06056e-05 kcal/mole

Molpro::pot: 0-th energy correction = -1.83708e-07 kcal/mole
Molpro::pot: 1-th energy correction = 0 kcal/mole
molpro_pot: 0-th energy = 1.04219e-05 kcal/mol
molpro_pot: 1-th energy = 1.06056e-05 kcal/mol
molpro_pot: coordinates (angstrom):

C, -0.147821, 0.353473, 0.543728
H, -0.960445, -0.205163, 0.979712
H, -0.280494, 1.39513, 0.299039
H, 0.798116, -0.128428, 0.355325
H, 2.2029, -5.27028, -8.10815

molpro_pot: interatomic distances matrix (angstrom):

\     C1    H2    H3    H4
H2  1.08
H3  1.08  1.87
H4  1.08  1.87  1.87
H5  10.6  10.9    11    10

Molpro::pot: 1-th molpro energy = -5.39854e-05 kcal/mole

Molpro::pot: 0-th energy correction = -1.83796e-07 kcal/mole
Molpro::pot: 1-th energy correction = 0 kcal/mole
molpro_pot: 0-th energy = -5.41692e-05 kcal/mol
molpro_pot: 1-th energy = -5.39854e-05 kcal/mol

(1,0)-th SURFACE:

molpro_pot: coordinates (angstrom):

C, 0.432089, 0.336657, -0.141303
H, 0.670579, -0.569762, 0.391652
H, -0.317679, 0.324586, -0.916043
H, 0.940876, 1.25549, 0.102407
H, -6.43858, -5.01884, 2.10446

molpro_pot: interatomic distances matrix (angstrom):

\     C1    H2    H3    H4
H2  1.08
H3  1.08  1.87
H4  1.08  1.87  1.87
H5     9  8.56  8.67  9.89

Molpro::pot: 1-th molpro energy = -6.50197e-05 kcal/mole

Molpro::pot: 0-th energy correction = -4.39472e-06 kcal/mole
Molpro::pot: 1-th energy correction = 0 kcal/mole
molpro_pot: 0-th energy = -6.94144e-05 kcal/mol
molpro_pot: 1-th energy = -6.50197e-05 kcal/mol
molpro_pot: coordinates (angstrom):

C, 0.194183, -0.53073, -0.0179707
H, 0.951214, -0.29438, 0.712479
H, -0.0133749, 0.158293, -0.820894
H, -0.352976, -1.4571, 0.0525879
H, -2.89696, 7.9125, 0.269801

molpro_pot: interatomic distances matrix (angstrom):

\     C1    H2    H3    H4
H2  1.08
H3  1.08  1.87
H4  1.08  1.87  1.87
H5     9  9.08  8.34  9.71

Molpro::pot: 1-th molpro energy = -0.00010949 kcal/mole

Molpro::pot: 0-th energy correction = -4.39706e-06 kcal/mole
Molpro::pot: 1-th energy correction = 0 kcal/mole
molpro_pot: 0-th energy = -0.000113887 kcal/mol
molpro_pot: 1-th energy = -0.00010949 kcal/mol
molpro_pot: coordinates (angstrom):

C, 0.236891, -0.472033, 0.20259
H, 1.18565, 0.0296619, 0.30586
H, -0.114895, -1.1254, 0.984816
H, -0.36136, -0.318089, -0.681105
H, -3.53001, 7.03425, -3.02178

molpro_pot: interatomic distances matrix (angstrom):

\     C1    H2    H3    H4
H2  1.08
H3  1.08  1.87
H4  1.08  1.87  1.87
H5     9  9.08  9.71  8.34

Molpro::pot: 1-th molpro energy = -5.97495e-05 kcal/mole

Molpro::pot: 0-th energy correction = -4.39496e-06 kcal/mole
Molpro::pot: 1-th energy correction = 0 kcal/mole
molpro_pot: 0-th energy = -6.41445e-05 kcal/mol
molpro_pot: 1-th energy = -5.97495e-05 kcal/mol
molpro_pot: coordinates (angstrom):

C, 0.120642, -0.0456561, -0.5508
H, 0.53588, 0.828809, -0.0760326
H, 0.192677, -1.0066, -0.0671438
H, -0.369184, 0.0411685, -1.50738
H, -1.79584, 0.680239, 8.20884

molpro_pot: interatomic distances matrix (angstrom):

\     C1    H2    H3    H4
H2  1.08
H3  1.08  1.87
H4  1.08  1.87  1.87
H5     9  8.61  8.68  9.84

Molpro::pot: 1-th molpro energy = -0.000103021 kcal/mole

Molpro::pot: 0-th energy correction = -4.39461e-06 kcal/mole
Molpro::pot: 1-th energy correction = 0 kcal/mole
molpro_pot: 0-th energy = -0.000107415 kcal/mol
molpro_pot: 1-th energy = -0.000103021 kcal/mol
molpro_pot: coordinates (angstrom):

C, 0.0161885, 0.078444, 0.559921
H, -0.0685514, -0.949975, 0.24737
H, 0.532781, 0.322728, 1.47424
H, -0.412754, 0.862603, -0.043091
H, -0.24423, -1.16938, -8.3454

molpro_pot: interatomic distances matrix (angstrom):

\     C1    H2    H3    H4
H2  1.08
H3  1.08  1.87
H4  1.08  1.87  1.87
H5     9   8.6  9.96  8.55

Molpro::pot: 1-th molpro energy = -0.000115865 kcal/mole

Molpro::pot: 0-th energy correction = -4.39533e-06 kcal/mole
Molpro::pot: 1-th energy correction = 0 kcal/mole
molpro_pot: 0-th energy = -0.00012026 kcal/mol
molpro_pot: 1-th energy = -0.000115865 kcal/mol

(2,0)-th SURFACE:

molpro_pot: coordinates (angstrom):

C, 0.0340002, 0.304214, -0.414807
H, 0.313042, 1.20346, 0.110563
H, -0.732135, -0.338959, -0.0124597
H, 0.518639, 0.0497412, -1.34373
H, -0.50438, -4.53647, 6.18465

molpro_pot: interatomic distances matrix (angstrom):

\     C1    H2    H3    H4
H2  1.08
H3  1.08  1.87
H4  1.08  1.87  1.87
H5   8.2   8.4  7.49  8.87

Molpro::pot: 1-th molpro energy = -0.000259541 kcal/mole

Molpro::pot: 0-th energy correction = -2.15082e-05 kcal/mole
Molpro::pot: 1-th energy correction = 0 kcal/mole
molpro_pot: 0-th energy = -0.000281049 kcal/mol
molpro_pot: 1-th energy = -0.000259541 kcal/mol
molpro_pot: coordinates (angstrom):

C, 0.287448, 0.207111, 0.374854
H, 1.08344, -0.363617, -0.0758972
H, 0.421349, 1.25953, 0.567227
H, -0.643238, -0.273594, 0.630328
H, -4.28415, -3.08836, -5.58498

molpro_pot: interatomic distances matrix (angstrom):

\     C1    H2    H3    H4
H2  1.08
H3  1.08  1.87
H4  1.08  1.87  1.87
H5   8.2  8.16  8.88  7.73

Molpro::pot: 1-th molpro energy = -0.000178093 kcal/mole

Molpro::pot: 0-th energy correction = -2.14969e-05 kcal/mole
Molpro::pot: 1-th energy correction = 0 kcal/mole
molpro_pot: 0-th energy = -0.00019959 kcal/mol
molpro_pot: 1-th energy = -0.000178093 kcal/mol
molpro_pot: coordinates (angstrom):

C, 0.195997, -0.473432, -0.0558289
H, 0.969451, -0.197121, -0.754353
H, -0.724701, -0.904899, -0.414534
H, 0.344301, -0.321253, 1.00123
H, -2.92275, 7.06035, 0.832405

molpro_pot: interatomic distances matrix (angstrom):

\     C1    H2    H3    H4
H2  1.08
H3  1.08  1.87
H4  1.08  1.87  1.87
H5   8.2  8.39  8.36  8.07

Molpro::pot: 1-th molpro energy = -0.000191893 kcal/mole

Molpro::pot: 0-th energy correction = -2.15122e-05 kcal/mole
Molpro::pot: 1-th energy correction = 0 kcal/mole
molpro_pot: 0-th energy = -0.000213405 kcal/mol
molpro_pot: 1-th energy = -0.000191893 kcal/mol
molpro_pot: coordinates (angstrom):

C, -0.304093, -0.234814, 0.343886
H, -0.902893, -0.0151981, 1.21321
H, 0.406527, 0.49083, -0.0180238
H, -0.413564, -1.18089, -0.161568
H, 4.53071, 3.50115, -5.12821

molpro_pot: interatomic distances matrix (angstrom):

\     C1    H2    H3    H4
H2  1.08
H3  1.08  1.87
H4  1.08  1.87  1.87
H5   8.2  9.06  7.22  8.43

Molpro::pot: 1-th molpro energy = -0.000256872 kcal/mole

Molpro::pot: 0-th energy correction = -2.1504e-05 kcal/mole
Molpro::pot: 1-th energy correction = 0 kcal/mole
molpro_pot: 0-th energy = -0.000278376 kcal/mol
molpro_pot: 1-th energy = -0.000256872 kcal/mol
molpro_pot: coordinates (angstrom):

C, -0.138029, 0.15765, -0.471148
H, 0.791916, -0.323265, -0.21339
H, -0.371806, 0.359573, -1.50415
H, -0.835369, 0.433775, 0.303444
H, 2.05874, -2.34719, 7.02397

molpro_pot: interatomic distances matrix (angstrom):

\     C1    H2    H3    H4
H2  1.08
H3  1.08  1.87
H4  1.08  1.87  1.87
H5   8.2  7.62  9.27  7.83

Molpro::pot: 1-th molpro energy = -0.000197795 kcal/mole

Molpro::pot: 0-th energy correction = -2.15032e-05 kcal/mole
Molpro::pot: 1-th energy correction = 0 kcal/mole
molpro_pot: 0-th energy = -0.000219298 kcal/mol
molpro_pot: 1-th energy = -0.000197795 kcal/mol

(3,0)-th SURFACE:

molpro_pot: coordinates (angstrom):

C, -0.332983, -0.194385, -0.27287
H, -0.864658, 0.660778, 0.112531
H, -0.836836, -0.895935, -0.918222
H, 0.702986, -0.346376, -0.0156013
H, 4.96329, 2.89604, 4.07031

molpro_pot: interatomic distances matrix (angstrom):

\     C1    H2    H3    H4
H2  1.08
H3  1.08  1.87
H4  1.08  1.87  1.87
H5  7.51  7.39  8.54  6.73

Molpro::pot: 1-th molpro energy = -0.000361728 kcal/mole

Molpro::pot: 0-th energy correction = -8.5124e-05 kcal/mole
Molpro::pot: 1-th energy correction = 0 kcal/mole
molpro_pot: 0-th energy = -0.000446852 kcal/mol
molpro_pot: 1-th energy = -0.000361728 kcal/mol
molpro_pot: coordinates (angstrom):

C, 0.152036, 0.14119, 0.424365
H, -0.359284, -0.00855929, -0.512994
H, 1.22631, 0.231098, 0.443579
H, -0.41082, 0.204122, 1.34184
H, -2.26648, -2.10778, -6.32527

molpro_pot: interatomic distances matrix (angstrom):

\     C1    H2    H3    H4
H2  1.08
H3  1.08  1.87
H4  1.08  1.87  1.87
H5  7.51  6.47  7.97  8.22

Molpro::pot: 1-th molpro energy = -0.000425894 kcal/mole

Molpro::pot: 0-th energy correction = -8.51214e-05 kcal/mole
Molpro::pot: 1-th energy correction = 0 kcal/mole
molpro_pot: 0-th energy = -0.000511015 kcal/mol
molpro_pot: 1-th energy = -0.000425894 kcal/mol
molpro_pot: coordinates (angstrom):

C, -0.110808, -0.343271, 0.304987
H, 0.624097, -0.851302, 0.908587
H, -1.15248, -0.609106, 0.387329
H, 0.195327, 0.43243, -0.378453
H, 1.65243, 5.11524, -4.54889

molpro_pot: interatomic distances matrix (angstrom):

\     C1    H2    H3    H4
H2  1.08
H3  1.08  1.87
H4  1.08  1.87  1.87
H5  7.51  8.15  8.06  6.44

Molpro::pot: 1-th molpro energy = -0.000452809 kcal/mole

Molpro::pot: 0-th energy correction = -8.51224e-05 kcal/mole
Molpro::pot: 1-th energy correction = 0 kcal/mole
molpro_pot: 0-th energy = -0.000537931 kcal/mol
molpro_pot: 1-th energy = -0.000452809 kcal/mol
molpro_pot: coordinates (angstrom):

C, -0.0502095, 0.285569, 0.372923
H, -1.05748, 0.216649, -0.00545179
H, 0.775738, -0.0596461, -0.228039
H, 0.131449, 0.702363, 1.35058
H, 0.748131, -4.25958, -5.55742

molpro_pot: interatomic distances matrix (angstrom):

\     C1    H2    H3    H4
H2  1.08
H3  1.08  1.87
H4  1.08  1.87  1.87
H5  7.51  7.36  6.79  8.53

Molpro::pot: 1-th molpro energy = -0.000374465 kcal/mole

Molpro::pot: 0-th energy correction = -8.51202e-05 kcal/mole
Molpro::pot: 1-th energy correction = 0 kcal/mole
molpro_pot: 0-th energy = -0.000459585 kcal/mol
molpro_pot: 1-th energy = -0.000374465 kcal/mol
molpro_pot: coordinates (angstrom):

C, -0.352027, -0.273254, 0.156105
H, -0.845024, 0.408761, 0.830142
H, 0.290317, -1.04626, 0.546448
H, -0.503677, -0.184346, -0.907671
H, 5.24991, 4.07544, -2.32763

molpro_pot: interatomic distances matrix (angstrom):

\     C1    H2    H3    H4
H2  1.08
H3  1.08  1.87
H4  1.08  1.87  1.87
H5  7.51  7.78  7.69   7.3

Molpro::pot: 1-th molpro energy = -0.00027785 kcal/mole

Molpro::pot: 0-th energy correction = -8.51531e-05 kcal/mole
Molpro::pot: 1-th energy correction = 0 kcal/mole
molpro_pot: 0-th energy = -0.000363004 kcal/mol
molpro_pot: 1-th energy = -0.00027785 kcal/mol

(3,0)-th SURFACE:

molpro_pot: coordinates (angstrom):

C, 0.0194224, -0.377495, -0.283185
H, -0.232871, -0.0972701, -1.2933
H, -0.00682008, -1.41456, 0.0106236
H, 0.300857, 0.37862, 0.432081
H, -0.292426, 5.62799, 4.22243

molpro_pot: interatomic distances matrix (angstrom):

\     C1    H2    H3    H4
H2  1.08
H3  1.08  1.87
H4  1.08  1.87  1.87
H5  7.51  7.95  8.21   6.5

Molpro::pot: 1-th molpro energy = -0.000355187 kcal/mole

Molpro::pot: 0-th energy correction = -8.51326e-05 kcal/mole
Molpro::pot: 1-th energy correction = 0 kcal/mole
molpro_pot: 0-th energy = -0.00044032 kcal/mol
molpro_pot: 1-th energy = -0.000355187 kcal/mol
molpro_pot: coordinates (angstrom):

C, -0.181058, -0.428621, 0.0805384
H, 0.375588, -0.33561, -0.838161
H, -1.24628, -0.592748, 0.0506673
H, 0.32766, -0.360647, 1.02875
H, 2.69886, 6.39252, -1.20021

molpro_pot: interatomic distances matrix (angstrom):

\     C1    H2    H3    H4
H2  1.08
H3  1.08  1.87
H4  1.08  1.87  1.87
H5  7.51  7.13  8.12   7.5

Molpro::pot: 1-th molpro energy = -0.000346973 kcal/mole

Molpro::pot: 0-th energy correction = -8.51487e-05 kcal/mole
Molpro::pot: 1-th energy correction = 0 kcal/mole
molpro_pot: 0-th energy = -0.000432121 kcal/mol
molpro_pot: 1-th energy = -0.000346973 kcal/mol
molpro_pot: coordinates (angstrom):

C, 0.376888, 0.272467, -0.0817132
H, 0.0393982, 0.824145, 0.780996
H, 0.208767, 0.665056, -1.07173
H, 0.885048, -0.669926, 0.0455276
H, -5.62075, -4.06349, 1.21815

molpro_pot: interatomic distances matrix (angstrom):

\     C1    H2    H3    H4
H2  1.08
H3  1.08  1.87
H4  1.08  1.87  1.87
H5  7.51  7.49  7.85  7.43

Molpro::pot: 1-th molpro energy = -0.000328093 kcal/mole

Molpro::pot: 0-th energy correction = -8.51532e-05 kcal/mole
Molpro::pot: 1-th energy correction = 0 kcal/mole
molpro_pot: 0-th energy = -0.000413246 kcal/mol
molpro_pot: 1-th energy = -0.000328093 kcal/mol
molpro_pot: coordinates (angstrom):

C, -0.320872, -0.285087, -0.197188
H, 0.601381, 0.13022, 0.176288
H, -0.357362, -0.713173, -1.18609
H, -1.20555, -0.275166, 0.419061
H, 4.7821, 4.2526, 2.93863

molpro_pot: interatomic distances matrix (angstrom):

\     C1    H2    H3    H4
H2  1.08
H3  1.08  1.87
H4  1.08  1.87  1.87
H5  7.51  6.49  8.25  7.92

Molpro::pot: 1-th molpro energy = -0.000361411 kcal/mole

Molpro::pot: 0-th energy correction = -8.51248e-05 kcal/mole
Molpro::pot: 1-th energy correction = 0 kcal/mole
molpro_pot: 0-th energy = -0.000446536 kcal/mol
molpro_pot: 1-th energy = -0.000361411 kcal/mol
molpro_pot: coordinates (angstrom):

C, -0.371674, 0.275512, -0.0950227
H, -0.878976, 1.10756, -0.556387
H, -0.440413, 0.126486, 0.970615
H, 0.201615, -0.409072, -0.699345
H, 5.54323, -4.10545, 1.41654

molpro_pot: interatomic distances matrix (angstrom):

\     C1    H2    H3    H4
H2  1.08
H3  1.08  1.87
H4  1.08  1.87  1.87
H5  7.51   8.5  7.34  6.83

Molpro::pot: 1-th molpro energy = -0.000344918 kcal/mole

Molpro::pot: 0-th energy correction = -8.51319e-05 kcal/mole
Molpro::pot: 1-th energy correction = 0 kcal/mole
molpro_pot: 0-th energy = -0.00043005 kcal/mol
molpro_pot: 1-th energy = -0.000344918 kcal/mol

(4,0)-th SURFACE:

molpro_pot: coordinates (angstrom):

C, -0.0340823, 0.358447, 0.239401
H, -0.500251, 1.32935, 0.289863
H, 0.46545, 0.0470652, -0.663941
H, -0.0646855, -0.29966, 1.09291
H, 0.505297, -5.34473, -3.56934

molpro_pot: interatomic distances matrix (angstrom):

\     C1    H2    H3    H4
H2  1.08
H3  1.08  1.87
H4  1.08  1.87  1.87
H5  6.88  7.77  6.12  6.89

Molpro::pot: 1-th molpro energy = -0.000603951 kcal/mole

Molpro::pot: 0-th energy correction = -0.000303144 kcal/mole
Molpro::pot: 1-th energy correction = 0 kcal/mole
molpro_pot: 0-th energy = -0.000907095 kcal/mol
molpro_pot: 1-th energy = -0.000603951 kcal/mol
molpro_pot: coordinates (angstrom):

C, -0.277746, 0.0449549, -0.328439
H, -1.09746, 0.513495, -0.849064
H, 0.00666928, 0.392281, 0.651863
H, 0.255421, -0.772615, -0.786515
H, 4.14244, -0.668432, 4.89438

molpro_pot: interatomic distances matrix (angstrom):

\     C1    H2    H3    H4
H2  1.08
H3  1.08  1.87
H4  1.08  1.87  1.87
H5  6.88  7.86  6.02  6.88

Molpro::pot: 1-th molpro energy = -0.000665926 kcal/mole

Molpro::pot: 0-th energy correction = -0.00030309 kcal/mole
Molpro::pot: 1-th energy correction = 0 kcal/mole
molpro_pot: 0-th energy = -0.000969016 kcal/mol
molpro_pot: 1-th energy = -0.000665926 kcal/mol
molpro_pot: coordinates (angstrom):

C, 0.231154, 0.237813, -0.277333
H, 1.00986, 0.932839, -0.00701446
H, -0.574408, 0.554742, -0.920096
H, 0.25954, -0.774623, 0.0923812
H, -3.4473, -3.54455, 4.13689

molpro_pot: interatomic distances matrix (angstrom):

\     C1    H2    H3    H4
H2  1.08
H3  1.08  1.87
H4  1.08  1.87  1.87
H5  6.88  7.56  7.12  6.15

Molpro::pot: 1-th molpro energy = -0.00061975 kcal/mole

Molpro::pot: 0-th energy correction = -0.000303185 kcal/mole
Molpro::pot: 1-th energy correction = 0 kcal/mole
molpro_pot: 0-th energy = -0.000922935 kcal/mol
molpro_pot: 1-th energy = -0.00061975 kcal/mol
molpro_pot: coordinates (angstrom):

C, -0.0182018, 0.0160709, 0.431745
H, -0.762782, 0.791735, 0.35137
H, 0.645623, -0.181084, -0.394683
H, 0.0646631, -0.560187, 1.33926
H, 0.269221, -0.241817, -6.43666

molpro_pot: interatomic distances matrix (angstrom):

\     C1    H2    H3    H4
H2  1.08
H3  1.08  1.87
H4  1.08  1.87  1.87
H5  6.88  6.94  6.05  7.79

Molpro::pot: 1-th molpro energy = -0.00065766 kcal/mole

Molpro::pot: 0-th energy correction = -0.00030312 kcal/mole
Molpro::pot: 1-th energy correction = 0 kcal/mole
molpro_pot: 0-th energy = -0.000960779 kcal/mol
molpro_pot: 1-th energy = -0.00065766 kcal/mol
molpro_pot: coordinates (angstrom):

C, -0.185193, -0.131183, -0.367901
H, 0.316794, 0.772092, -0.6755
H, -1.24811, -0.121919, -0.18725
H, 0.374874, -1.04414, -0.243969
H, 2.76151, 1.95594, 5.48725

molpro_pot: interatomic distances matrix (angstrom):

\     C1    H2    H3    H4
H2  1.08
H3  1.08  1.87
H4  1.08  1.87  1.87
H5  6.88  6.73  7.25   6.9

Molpro::pot: 1-th molpro energy = -0.000507732 kcal/mole

Molpro::pot: 0-th energy correction = -0.000303215 kcal/mole
Molpro::pot: 1-th energy correction = 0 kcal/mole
molpro_pot: 0-th energy = -0.000810948 kcal/mol
molpro_pot: 1-th energy = -0.000507732 kcal/mol

(5,0)-th SURFACE:

molpro_pot: coordinates (angstrom):

C, -0.386367, 0.00207476, -0.113074
H, -1.26853, -0.184373, 0.478145
H, -0.450698, 0.614148, -0.998369
H, 0.5604, -0.420769, 0.182487
H, 5.75924, -0.0337102, 1.68409

molpro_pot: interatomic distances matrix (angstrom):

\     C1    H2    H3    H4
H2  1.08
H3  1.08  1.87
H4  1.08  1.87  1.87
H5   6.4  7.13   6.8  5.43

Molpro::pot: 1-th molpro energy = -0.00144046 kcal/mole

Molpro::pot: 0-th energy correction = -0.000785597 kcal/mole
Molpro::pot: 1-th energy correction = 0 kcal/mole
molpro_pot: 0-th energy = -0.00222606 kcal/mol
molpro_pot: 1-th energy = -0.00144046 kcal/mol
molpro_pot: coordinates (angstrom):

C, 0.223148, -0.281177, 0.18218
H, 0.787537, 0.123537, -0.642555
H, -0.798317, 0.0266019, 0.33839
H, 0.678931, -0.99572, 0.848671
H, -3.32513, 4.1935, -2.71369

molpro_pot: interatomic distances matrix (angstrom):

\     C1    H2    H3    H4
H2  1.08
H3  1.08  1.87
H4  1.08  1.87  1.87
H5   6.4  6.15  5.75  7.46

Molpro::pot: 1-th molpro energy = -0.00104771 kcal/mole

Molpro::pot: 0-th energy correction = -0.000785646 kcal/mole
Molpro::pot: 1-th energy correction = 0 kcal/mole
molpro_pot: 0-th energy = -0.00183336 kcal/mol
molpro_pot: 1-th energy = -0.00104771 kcal/mol
molpro_pot: coordinates (angstrom):

C, 0.0690199, -0.213195, -0.334492
H, 1.03892, -0.489063, 0.0472157
H, -0.470822, -0.892098, -0.974945
H, -0.362324, 0.739855, -0.0734199
H, -1.02758, 3.17978, 4.98389

molpro_pot: interatomic distances matrix (angstrom):

\     C1    H2    H3    H4
H2  1.08
H3  1.08  1.87
H4  1.08  1.87  1.87
H5   6.4  6.49  7.24  5.65

Molpro::pot: 1-th molpro energy = -0.00106974 kcal/mole

Molpro::pot: 0-th energy correction = -0.000785536 kcal/mole
Molpro::pot: 1-th energy correction = 0 kcal/mole
molpro_pot: 0-th energy = -0.00185527 kcal/mol
molpro_pot: 1-th energy = -0.00106974 kcal/mol
molpro_pot: coordinates (angstrom):

C, 0.0888861, 0.370814, -0.128376
H, 0.269979, -0.155208, -1.05197
H, 0.858103, 0.996717, 0.294791
H, -0.862086, 0.273505, 0.370325
H, -1.32435, -5.53023, 1.9154

molpro_pot: interatomic distances matrix (angstrom):

\     C1    H2    H3    H4
H2  1.08
H3  1.08  1.87
H4  1.08  1.87  1.87
H5   6.4  6.34  7.07  6.02

Molpro::pot: 1-th molpro energy = -0.00091199 kcal/mole

Molpro::pot: 0-th energy correction = -0.00078596 kcal/mole
Molpro::pot: 1-th energy correction = 0 kcal/mole
molpro_pot: 0-th energy = -0.00169795 kcal/mol
molpro_pot: 1-th energy = -0.00091199 kcal/mol
molpro_pot: coordinates (angstrom):

C, -0.395136, 0.0752377, -0.0117927
H, -1.08856, -0.172223, -0.79947
H, -0.494504, 1.00789, 0.52
H, 0.395495, -0.61097, 0.246166
H, 5.8924, -1.12054, 0.173717

molpro_pot: interatomic distances matrix (angstrom):

\     C1    H2    H3    H4
H2  1.08
H3  1.08  1.87
H4  1.08  1.87  1.87
H5   6.4  7.11  6.74  5.52

Molpro::pot: 1-th molpro energy = -0.00123152 kcal/mole

Molpro::pot: 0-th energy correction = -0.000785865 kcal/mole
Molpro::pot: 1-th energy correction = 0 kcal/mole
molpro_pot: 0-th energy = -0.00201739 kcal/mol
molpro_pot: 1-th energy = -0.00123152 kcal/mol

(6,0)-th SURFACE:

molpro_pot: coordinates (angstrom):

C, -0.0936186, -0.364257, 0.000999104
H, -1.15126, -0.154739, 0.00384653
H, 0.354579, -0.862229, -0.843786
H, 0.516226, -0.0732018, 0.841176
H, 1.39516, 5.42731, -0.0131333

molpro_pot: interatomic distances matrix (angstrom):

\     C1    H2    H3    H4
H2  1.08
H3  1.08  1.87
H4  1.08  1.87  1.87
H5  5.98  6.14  6.43  5.64

Molpro::pot: 1-th molpro energy = -0.00154739 kcal/mole

Molpro::pot: 0-th energy correction = -0.00183142 kcal/mole
Molpro::pot: 1-th energy correction = 0 kcal/mole
molpro_pot: 0-th energy = -0.00337882 kcal/mol
molpro_pot: 1-th energy = -0.00154739 kcal/mol
molpro_pot: coordinates (angstrom):

C, 0.108754, -0.336845, -0.126885
H, 0.74246, 0.395513, -0.600788
H, 0.517485, -1.28743, 0.176169
H, -0.932552, -0.11763, 0.0467497
H, -1.62231, 5.0203, 1.88867

molpro_pot: interatomic distances matrix (angstrom):

\     C1    H2    H3    H4
H2  1.08
H3  1.08  1.87
H4  1.08  1.87  1.87
H5  5.98  5.76  6.88   5.5

Molpro::pot: 1-th molpro energy = -0.0016308 kcal/mole

Molpro::pot: 0-th energy correction = -0.0018317 kcal/mole
Molpro::pot: 1-th energy correction = 0 kcal/mole
molpro_pot: 0-th energy = -0.0034625 kcal/mol
molpro_pot: 1-th energy = -0.0016308 kcal/mol
molpro_pot: coordinates (angstrom):

C, 0.100632, -0.334888, 0.137531
H, -0.827471, -0.417315, -0.405007
H, 0.142965, 0.240949, 1.0481
H, 0.985361, -0.8306, -0.228592
H, -1.49906, 4.99442, -2.05206

molpro_pot: interatomic distances matrix (angstrom):

\     C1    H2    H3    H4
H2  1.08
H3  1.08  1.87
H4  1.08  1.87  1.87
H5  5.98   5.7  5.91  6.59

Molpro::pot: 1-th molpro energy = -0.0015417 kcal/mole

Molpro::pot: 0-th energy correction = -0.00183268 kcal/mole
Molpro::pot: 1-th energy correction = 0 kcal/mole
molpro_pot: 0-th energy = -0.00337437 kcal/mol
molpro_pot: 1-th energy = -0.0015417 kcal/mol
molpro_pot: coordinates (angstrom):

C, 0.0925099, -0.280379, 0.232991
H, -0.767038, -0.437468, -0.398686
H, 1.07099, -0.170534, -0.206366
H, -0.0266676, -0.230039, 1.3034
H, -1.37878, 4.17646, -3.47253

molpro_pot: interatomic distances matrix (angstrom):

\     C1    H2    H3    H4
H2  1.08
H3  1.08  1.87
H4  1.08  1.87  1.87
H5  5.98  5.58  5.96  6.64

Molpro::pot: 1-th molpro energy = -0.00157649 kcal/mole

Molpro::pot: 0-th energy correction = -0.00183139 kcal/mole
Molpro::pot: 1-th energy correction = 0 kcal/mole
molpro_pot: 0-th energy = -0.00340789 kcal/mol
molpro_pot: 1-th energy = -0.00157649 kcal/mol
molpro_pot: coordinates (angstrom):

C, -0.266416, 0.00938947, -0.26517
H, -0.328518, 0.847792, 0.409914
H, 0.63545, -0.579735, -0.310855
H, -1.10688, -0.241771, -0.892121
H, 3.97211, -0.138085, 3.9504

molpro_pot: interatomic distances matrix (angstrom):

\     C1    H2    H3    H4
H2  1.08
H3  1.08  1.87
H4  1.08  1.87  1.87
H5  5.98  5.66  5.43  7.02

Molpro::pot: 1-th molpro energy = -0.00173862 kcal/mole

Molpro::pot: 0-th energy correction = -0.00183175 kcal/mole
Molpro::pot: 1-th energy correction = 0 kcal/mole
molpro_pot: 0-th energy = -0.00357037 kcal/mol
molpro_pot: 1-th energy = -0.00173862 kcal/mol

(6,0)-th SURFACE:

molpro_pot: coordinates (angstrom):

C, -0.234659, -0.235948, 0.174698
H, -0.69121, 0.0843003, -0.748079
H, 0.41214, 0.434999, 0.716915
H, -0.42721, -1.22562, 0.556799
H, 3.50033, 3.51571, -2.60573

molpro_pot: interatomic distances matrix (angstrom):

\     C1    H2    H3    H4
H2  1.08
H3  1.08  1.87
H4  1.08  1.87  1.87
H5  5.98  5.73  5.48  6.92

Molpro::pot: 1-th molpro energy = -0.00168782 kcal/mole

Molpro::pot: 0-th energy correction = -0.00183236 kcal/mole
Molpro::pot: 1-th energy correction = 0 kcal/mole
molpro_pot: 0-th energy = -0.00352018 kcal/mol
molpro_pot: 1-th energy = -0.00168782 kcal/mol
molpro_pot: coordinates (angstrom):

C, 0.00428641, 0.242493, -0.287311
H, -0.325653, -0.169042, 0.653059
H, 1.05391, 0.248979, -0.533799
H, -0.715297, 0.644586, -0.982322
H, -0.0640025, -3.61184, 4.28402

molpro_pot: interatomic distances matrix (angstrom):

\     C1    H2    H3    H4
H2  1.08
H3  1.08  1.87
H4  1.08  1.87  1.87
H5  5.98  5.01  6.27   6.8

Molpro::pot: 1-th molpro energy = -0.00277948 kcal/mole

Molpro::pot: 0-th energy correction = -0.00183181 kcal/mole
Molpro::pot: 1-th energy correction = 0 kcal/mole
molpro_pot: 0-th energy = -0.00461129 kcal/mol
molpro_pot: 1-th energy = -0.00277948 kcal/mol
molpro_pot: coordinates (angstrom):

C, 0.360323, -0.103466, -0.0268432
H, 1.1064, -0.270246, -0.78715
H, 0.462366, -0.570475, 0.939598
H, -0.485884, 0.532517, -0.231736
H, -5.37319, 1.54016, 0.398905

molpro_pot: interatomic distances matrix (angstrom):

\     C1    H2    H3    H4
H2  1.08
H3  1.08  1.87
H4  1.08  1.87  1.87
H5  5.98  6.83  6.23  5.03

Molpro::pot: 1-th molpro energy = -0.002727 kcal/mole

Molpro::pot: 0-th energy correction = -0.00183235 kcal/mole
Molpro::pot: 1-th energy correction = 0 kcal/mole
molpro_pot: 0-th energy = -0.00455935 kcal/mol
molpro_pot: 1-th energy = -0.002727 kcal/mol
molpro_pot: coordinates (angstrom):

C, 0.206186, -0.311123, 0.0442865
H, 0.964137, -0.614597, -0.659936
H, -0.623392, 0.293962, -0.284637
H, 0.276035, -0.615131, 1.07638
H, -3.0718, 4.64025, -0.659121

molpro_pot: interatomic distances matrix (angstrom):

\     C1    H2    H3    H4
H2  1.08
H3  1.08  1.87
H4  1.08  1.87  1.87
H5  5.98  6.63     5  6.47

Molpro::pot: 1-th molpro energy = -0.00286481 kcal/mole

Molpro::pot: 0-th energy correction = -0.00183229 kcal/mole
Molpro::pot: 1-th energy correction = 0 kcal/mole
molpro_pot: 0-th energy = -0.0046971 kcal/mol
molpro_pot: 1-th energy = -0.00286481 kcal/mol
molpro_pot: coordinates (angstrom):

C, 0.165997, -0.243236, -0.233443
H, 1.14224, -0.650661, -0.441943
H, -0.341875, 0.346978, -0.979253
H, -0.30361, -0.428467, 0.719279
H, -2.47325, 3.62832, 3.48148

molpro_pot: interatomic distances matrix (angstrom):

\     C1    H2    H3    H4
H2  1.08
H3  1.08  1.87
H4  1.08  1.87  1.87
H5  5.98  6.84  5.93  5.37

Molpro::pot: 1-th molpro energy = -0.0017942 kcal/mole

Molpro::pot: 0-th energy correction = -0.00183256 kcal/mole
Molpro::pot: 1-th energy correction = 0 kcal/mole
molpro_pot: 0-th energy = -0.00362677 kcal/mol
molpro_pot: 1-th energy = -0.0017942 kcal/mol

(7,0)-th SURFACE:

molpro_pot: coordinates (angstrom):

C, 0.0991994, 0.338212, 0.0161697
H, -0.920234, 0.440134, -0.319809
H, 0.30892, -0.119644, 0.969534
H, 0.908837, 0.691153, -0.602248
H, -1.47867, -5.03867, -0.240007

molpro_pot: interatomic distances matrix (angstrom):

\     C1    H2    H3    H4
H2  1.08
H3  1.08  1.87
H4  1.08  1.87  1.87
H5  5.61  5.51  5.37  6.22

Molpro::pot: 1-th molpro energy = -0.00305391 kcal/mole

Molpro::pot: 0-th energy correction = -0.00384159 kcal/mole
Molpro::pot: 1-th energy correction = 0 kcal/mole
molpro_pot: 0-th energy = -0.0068955 kcal/mol
molpro_pot: 1-th energy = -0.00305391 kcal/mol
molpro_pot: coordinates (angstrom):

C, -0.126589, -0.315444, -0.0946088
H, -0.986345, -0.629443, 0.475249
H, -0.259804, 0.154211, -1.05596
H, 0.865912, -0.468172, 0.297994
H, 1.88751, 4.69934, 1.40921

molpro_pot: interatomic distances matrix (angstrom):

\     C1    H2    H3    H4
H2  1.08
H3  1.08  1.87
H4  1.08  1.87  1.87
H5  5.61  6.13   5.6  5.38

Molpro::pot: 1-th molpro energy = -0.00308776 kcal/mole

Molpro::pot: 0-th energy correction = -0.00384168 kcal/mole
Molpro::pot: 1-th energy correction = 0 kcal/mole
molpro_pot: 0-th energy = -0.00692944 kcal/mol
molpro_pot: 1-th energy = -0.00308776 kcal/mol
molpro_pot: coordinates (angstrom):

C, 0.185867, -0.261081, 0.146854
H, 0.912117, 0.535576, 0.126525
H, -0.487365, -0.397566, -0.684199
H, 0.134836, -0.92296, 0.996461
H, -2.77267, 3.89359, -2.18736

molpro_pot: interatomic distances matrix (angstrom):

\     C1    H2    H3    H4
H2  1.08
H3  1.08  1.87
H4  1.08  1.87  1.87
H5  5.61   5.5  5.09  6.46

Molpro::pot: 1-th molpro energy = -0.00311912 kcal/mole

Molpro::pot: 0-th energy correction = -0.00384391 kcal/mole
Molpro::pot: 1-th energy correction = 0 kcal/mole
molpro_pot: 0-th energy = -0.00696303 kcal/mol
molpro_pot: 1-th energy = -0.00311912 kcal/mol
molpro_pot: coordinates (angstrom):

C, 0.248837, 0.220714, 0.116489
H, 0.893534, -0.568073, 0.46961
H, -0.242614, 0.871201, 0.822083
H, 0.098016, 0.361015, -0.941854
H, -3.71179, -3.29215, -1.73685

molpro_pot: interatomic distances matrix (angstrom):

\     C1    H2    H3    H4
H2  1.08
H3  1.08  1.87
H4  1.08  1.87  1.87
H5  5.61  5.79  5.99  5.34

Molpro::pot: 1-th molpro energy = -0.00315819 kcal/mole

Molpro::pot: 0-th energy correction = -0.00384469 kcal/mole
Molpro::pot: 1-th energy correction = 0 kcal/mole
molpro_pot: 0-th energy = -0.00700288 kcal/mol
molpro_pot: 1-th energy = -0.00315819 kcal/mol
molpro_pot: coordinates (angstrom):

C, -0.204639, 0.28381, -0.044885
H, 0.503876, -0.0468397, 0.697539
H, 0.0428908, 0.218908, -1.09228
H, -1.16154, 0.676336, 0.259717
H, 3.05138, -4.22768, 0.669462

molpro_pot: interatomic distances matrix (angstrom):

\     C1    H2    H3    H4
H2  1.08
H3  1.08  1.87
H4  1.08  1.87  1.87
H5  5.61   4.9  5.65  6.48

Molpro::pot: 1-th molpro energy = -0.00360742 kcal/mole

Molpro::pot: 0-th energy correction = -0.00384213 kcal/mole
Molpro::pot: 1-th energy correction = 0 kcal/mole
molpro_pot: 0-th energy = -0.00744955 kcal/mol
molpro_pot: 1-th energy = -0.00360742 kcal/mol

(8,0)-th SURFACE:

molpro_pot: coordinates (angstrom):

C, -0.303766, -0.0598549, 0.121792
H, 0.573772, -0.582097, 0.467776
H, -1.21129, -0.0874768, 0.703299
H, -0.273005, 0.492376, -0.803743
H, 4.52742, 0.88988, -1.81749

molpro_pot: interatomic distances matrix (angstrom):

\     C1    H2    H3    H4
H2  1.08
H3  1.08  1.87
H4  1.08  1.87  1.87
H5  5.29   4.8  6.34  4.92

Molpro::pot: 1-th molpro energy = -0.0047882 kcal/mole

Molpro::pot: 0-th energy correction = -0.00725161 kcal/mole
Molpro::pot: 1-th energy correction = 0 kcal/mole
molpro_pot: 0-th energy = -0.0120398 kcal/mol
molpro_pot: 1-th energy = -0.0047882 kcal/mol
molpro_pot: coordinates (angstrom):

C, -0.0342716, -0.251196, -0.215607
H, 0.0444655, -0.132673, 0.853162
H, -0.974848, -0.537882, -0.657925
H, 0.826343, -0.0801161, -0.842181
H, 0.512105, 3.74162, 3.21414

molpro_pot: interatomic distances matrix (angstrom):

\     C1    H2    H3    H4
H2  1.08
H3  1.08  1.87
H4  1.08  1.87  1.87
H5  5.29  4.56  5.96  5.58

Molpro::pot: 1-th molpro energy = -0.00694335 kcal/mole

Molpro::pot: 0-th energy correction = -0.00725007 kcal/mole
Molpro::pot: 1-th energy correction = 0 kcal/mole
molpro_pot: 0-th energy = -0.0141934 kcal/mol
molpro_pot: 1-th energy = -0.00694335 kcal/mol
molpro_pot: coordinates (angstrom):

C, -0.200615, -0.064455, -0.257368
H, -0.790698, -0.239872, 0.627814
H, 0.875452, -0.106999, -0.204572
H, -0.686363, 0.150366, -1.19568
H, 2.9903, 0.963959, 3.83687

molpro_pot: interatomic distances matrix (angstrom):

\     C1    H2    H3    H4
H2  1.08
H3  1.08  1.87
H4  1.08  1.87  1.87
H5  5.29   5.1  4.69  6.29

Molpro::pot: 1-th molpro energy = -0.00535608 kcal/mole

Molpro::pot: 0-th energy correction = -0.00725272 kcal/mole
Molpro::pot: 1-th energy correction = 0 kcal/mole
molpro_pot: 0-th energy = -0.0126088 kcal/mol
molpro_pot: 1-th energy = -0.00535608 kcal/mol
molpro_pot: coordinates (angstrom):

C, 0.259232, 0.208597, 0.0062449
H, 1.32381, 0.256377, -0.15776
H, -0.419837, 0.350811, -0.819078
H, -0.126194, 0.015611, 0.994538
H, -3.86441, -3.10652, -0.0920567

molpro_pot: interatomic distances matrix (angstrom):

\     C1    H2    H3    H4
H2  1.08
H3  1.08  1.87
H4  1.08  1.87  1.87
H5  5.29  6.18  4.93  4.99

Molpro::pot: 1-th molpro energy = -0.00546851 kcal/mole

Molpro::pot: 0-th energy correction = -0.00725024 kcal/mole
Molpro::pot: 1-th energy correction = 0 kcal/mole
molpro_pot: 0-th energy = -0.0127187 kcal/mol
molpro_pot: 1-th energy = -0.00546851 kcal/mol
molpro_pot: coordinates (angstrom):

C, 0.0411439, -0.140576, 0.29851
H, 0.601679, 0.740269, 0.0293892
H, 0.558801, -1.03917, 0.593608
H, -1.03665, -0.122019, 0.275568
H, -0.613719, 2.09473, -4.45288

molpro_pot: interatomic distances matrix (angstrom):

\     C1    H2    H3    H4
H2  1.08
H3  1.08  1.87
H4  1.08  1.87  1.87
H5  5.29  4.84  6.06  5.24

Molpro::pot: 1-th molpro energy = -0.00606603 kcal/mole

Molpro::pot: 0-th energy correction = -0.00725438 kcal/mole
Molpro::pot: 1-th energy correction = 0 kcal/mole
molpro_pot: 0-th energy = -0.0133204 kcal/mol
molpro_pot: 1-th energy = -0.00606603 kcal/mol

(9,0)-th SURFACE:

molpro_pot: coordinates (angstrom):

C, 0.286614, 0.0827274, -0.104128
H, 0.140141, 0.223752, 0.954726
H, -0.544543, 0.192107, -0.782163
H, 1.26444, -0.16453, -0.485228
H, -4.27271, -1.23635, 1.5525

molpro_pot: interatomic distances matrix (angstrom):

\     C1    H2    H3    H4
H2  1.08
H3  1.08  1.87
H4  1.08  1.87  1.87
H5  5.03  4.69  4.62     6

Molpro::pot: 1-th molpro energy = -0.008547 kcal/mole

Molpro::pot: 0-th energy correction = -0.0123122 kcal/mole
Molpro::pot: 1-th energy correction = 0 kcal/mole
molpro_pot: 0-th energy = -0.0208592 kcal/mol
molpro_pot: 1-th energy = -0.008547 kcal/mol
molpro_pot: coordinates (angstrom):

C, 0.128427, -0.288666, 0.0075761
H, -0.586049, -1.09453, -0.0436481
H, 1.18379, -0.499504, -0.0578462
H, -0.212317, 0.727964, 0.121061
H, -1.91458, 4.30316, -0.109774

molpro_pot: interatomic distances matrix (angstrom):

\     C1    H2    H3    H4
H2  1.08
H3  1.08  1.87
H4  1.08  1.87  1.87
H5  5.03  5.56  5.72  3.97

Molpro::pot: 1-th molpro energy = -0.0109892 kcal/mole

Molpro::pot: 0-th energy correction = -0.0123105 kcal/mole
Molpro::pot: 1-th energy correction = 0 kcal/mole
molpro_pot: 0-th energy = -0.0232998 kcal/mol
molpro_pot: 1-th energy = -0.0109892 kcal/mol
molpro_pot: coordinates (angstrom):

C, 0.23067, -0.207848, 0.0588004
H, 0.114178, 0.385945, -0.833587
H, 1.05721, -0.894866, 0.144571
H, -0.477264, -0.112493, 0.866425
H, -3.44067, 3.09623, -0.877536

molpro_pot: interatomic distances matrix (angstrom):

\     C1    H2    H3    H4
H2  1.08
H3  1.08  1.87
H4  1.08  1.87  1.87
H5  5.03  4.47   6.1   4.7

Molpro::pot: 1-th molpro energy = -0.00680283 kcal/mole

Molpro::pot: 0-th energy correction = -0.012311 kcal/mole
Molpro::pot: 1-th energy correction = 0 kcal/mole
molpro_pot: 0-th energy = -0.0191138 kcal/mol
molpro_pot: 1-th energy = -0.00680283 kcal/mol
molpro_pot: coordinates (angstrom):

C, -0.167891, 0.255159, -0.0814516
H, 0.549371, 0.940163, -0.50432
H, -1.18962, 0.26466, -0.425689
H, 0.137041, -0.441214, 0.683141
H, 2.50226, -3.80174, 1.2167

molpro_pot: interatomic distances matrix (angstrom):

\     C1    H2    H3    H4
H2  1.08
H3  1.08  1.87
H4  1.08  1.87  1.87
H5  5.03  5.41  5.73  4.14

Molpro::pot: 1-th molpro energy = -0.011145 kcal/mole

Molpro::pot: 0-th energy correction = -0.0123086 kcal/mole
Molpro::pot: 1-th energy correction = 0 kcal/mole
molpro_pot: 0-th energy = -0.0234536 kcal/mol
molpro_pot: 1-th energy = -0.011145 kcal/mol
molpro_pot: coordinates (angstrom):

C, -0.278402, -0.0870522, 0.121678
H, 0.283556, 0.0850563, -0.782256
H, -1.22073, -0.609257, 0.0789144
H, 0.103195, 0.260125, 1.06845
H, 4.14887, 1.30059, -1.8139

molpro_pot: interatomic distances matrix (angstrom):

\     C1    H2    H3    H4
H2  1.08
H3  1.08  1.87
H4  1.08  1.87  1.87
H5  5.03  4.18  6.01  5.08

Molpro::pot: 1-th molpro energy = -0.00845237 kcal/mole

Molpro::pot: 0-th energy correction = -0.01231 kcal/mole
Molpro::pot: 1-th energy correction = 0 kcal/mole
molpro_pot: 0-th energy = -0.0207624 kcal/mol
molpro_pot: 1-th energy = -0.00845237 kcal/mol

(9,0)-th SURFACE:

molpro_pot: coordinates (angstrom):

C, -0.0741875, -0.196051, 0.236612
H, 0.431968, 0.527853, -0.381681
H, -0.872697, 0.117741, 0.889633
H, 0.215877, -1.23385, 0.1997
H, 1.10819, 2.92259, -3.52495

molpro_pot: interatomic distances matrix (angstrom):

\     C1    H2    H3    H4
H2  1.08
H3  1.08  1.87
H4  1.08  1.87  1.87
H5  5.03  4.01  5.59  5.65

Molpro::pot: 1-th molpro energy = -0.0111788 kcal/mole

Molpro::pot: 0-th energy correction = -0.0123087 kcal/mole
Molpro::pot: 1-th energy correction = 0 kcal/mole
molpro_pot: 0-th energy = -0.0234875 kcal/mol
molpro_pot: 1-th energy = -0.0111788 kcal/mol
molpro_pot: coordinates (angstrom):

C, -0.220881, -0.222509, -0.0396097
H, -1.05366, -0.906238, -0.000796752
H, 0.579395, -0.387756, -0.743009
H, -0.189787, 0.62787, 0.622515
H, 3.29405, 3.3155, 0.592916

molpro_pot: interatomic distances matrix (angstrom):

\     C1    H2    H3    H4
H2  1.08
H3  1.08  1.87
H4  1.08  1.87  1.87
H5  5.03  6.09  4.78   4.4

Molpro::pot: 1-th molpro energy = -0.0069997 kcal/mole

Molpro::pot: 0-th energy correction = -0.0123109 kcal/mole
Molpro::pot: 1-th energy correction = 0 kcal/mole
molpro_pot: 0-th energy = -0.0193106 kcal/mol
molpro_pot: 1-th energy = -0.0069997 kcal/mol
molpro_pot: coordinates (angstrom):

C, -0.0974427, -0.297378, 0.0456313
H, -0.498635, -0.418591, -0.947781
H, 0.908424, -0.618914, 0.263265
H, -0.700686, 0.148005, 0.820391
H, 1.45113, 4.43033, -0.6792

molpro_pot: interatomic distances matrix (angstrom):

\     C1    H2    H3    H4
H2  1.08
H3  1.08  1.87
H4  1.08  1.87  1.87
H5  5.03  5.23  5.17  5.02

Molpro::pot: 1-th molpro energy = -0.0146058 kcal/mole

Molpro::pot: 0-th energy correction = -0.0123054 kcal/mole
Molpro::pot: 1-th energy correction = 0 kcal/mole
molpro_pot: 0-th energy = -0.0269112 kcal/mol
molpro_pot: 1-th energy = -0.0146058 kcal/mol
molpro_pot: coordinates (angstrom):

C, -0.251249, -0.000730034, 0.191558
H, -0.520011, -0.152978, 1.22456
H, -0.931459, -0.296022, -0.591152
H, 0.695976, 0.449449, -0.0586896
H, 3.74707, 0.00824315, -2.85557

molpro_pot: interatomic distances matrix (angstrom):

\     C1    H2    H3    H4
H2  1.08
H3  1.08  1.87
H4  1.08  1.87  1.87
H5  5.03  5.91  5.21  4.16

Molpro::pot: 1-th molpro energy = -0.00971021 kcal/mole

Molpro::pot: 0-th energy correction = -0.0123128 kcal/mole
Molpro::pot: 1-th energy correction = 0 kcal/mole
molpro_pot: 0-th energy = -0.022023 kcal/mol
molpro_pot: 1-th energy = -0.00971021 kcal/mol
molpro_pot: coordinates (angstrom):

C, 0.0449278, 0.237278, -0.203805
H, -0.546851, -0.495365, 0.321121
H, -0.312268, 0.653375, -1.13213
H, 0.992086, 0.556065, 0.200901
H, -0.667914, -3.53931, 3.03679

molpro_pot: interatomic distances matrix (angstrom):

\     C1    H2    H3    H4
H2  1.08
H3  1.08  1.87
H4  1.08  1.87  1.87
H5  5.03  4.08  5.92  5.25

Molpro::pot: 1-th molpro energy = -0.00953502 kcal/mole

Molpro::pot: 0-th energy correction = -0.0123114 kcal/mole
Molpro::pot: 1-th energy correction = 0 kcal/mole
molpro_pot: 0-th energy = -0.0218464 kcal/mol
molpro_pot: 1-th energy = -0.00953502 kcal/mol

(10,0)-th SURFACE:

molpro_pot: coordinates (angstrom):

C, 0.137897, -0.221397, -0.109402
H, 0.278964, -1.2749, -0.290366
H, -0.0579966, 0.445268, -0.933843
H, 0.189601, 0.164931, 0.895883
H, -2.05248, 3.30083, 1.63096

molpro_pot: interatomic distances matrix (angstrom):

\     C1    H2    H3    H4
H2  1.08
H3  1.08  1.87
H4  1.08  1.87  1.87
H5   4.5  5.48  4.33  3.92

Molpro::pot: 1-th molpro energy = -0.0195636 kcal/mole

Molpro::pot: 0-th energy correction = -0.0354682 kcal/mole
Molpro::pot: 1-th energy correction = 0 kcal/mole
molpro_pot: 0-th energy = -0.0550318 kcal/mol
molpro_pot: 1-th energy = -0.0195636 kcal/mol
molpro_pot: coordinates (angstrom):

C, -0.27592, -0.0176157, 0.0602234
H, 0.192105, 0.915386, 0.330364
H, -0.742877, -0.126229, -0.905526
H, -0.274345, -0.842746, 0.754254
H, 4.11044, 0.263336, -0.896162

molpro_pot: interatomic distances matrix (angstrom):

\     C1    H2    H3    H4
H2  1.08
H3  1.08  1.87
H4  1.08  1.87  1.87
H5   4.5  4.16  4.87  4.81

Molpro::pot: 1-th molpro energy = -0.0554159 kcal/mole

Molpro::pot: 0-th energy correction = -0.0354597 kcal/mole
Molpro::pot: 1-th energy correction = 0 kcal/mole
molpro_pot: 0-th energy = -0.0908756 kcal/mol
molpro_pot: 1-th energy = -0.0554159 kcal/mol
molpro_pot: coordinates (angstrom):

C, 0.280301, -0.00443991, -0.0386077
H, 0.264747, 0.469063, -1.00715
H, 0.286164, 0.598094, 0.855504
H, 0.286859, -1.08004, 0.0359606
H, -4.17526, 0.065749, 0.575377

molpro_pot: interatomic distances matrix (angstrom):

\     C1    H2    H3    H4
H2  1.08
H3  1.08  1.87
H4  1.08  1.87  1.87
H5   4.5  4.73   4.5  4.64

Molpro::pot: 1-th molpro energy = -0.0629573 kcal/mole

Molpro::pot: 0-th energy correction = -0.0354584 kcal/mole
Molpro::pot: 1-th energy correction = 0 kcal/mole
molpro_pot: 0-th energy = -0.0984157 kcal/mol
molpro_pot: 1-th energy = -0.0629573 kcal/mol
molpro_pot: coordinates (angstrom):

C, -0.253436, -0.122417, -0.025198
H, 0.252463, -0.331977, -0.953996
H, -1.14514, 0.483702, -0.0223522
H, 0.130355, -0.521319, 0.90006
H, 3.77994, 1.82719, 0.376316

molpro_pot: interatomic distances matrix (angstrom):

\     C1    H2    H3    H4
H2  1.08
H3  1.08  1.87
H4  1.08  1.87  1.87
H5   4.5  4.34  5.12  4.37

Molpro::pot: 1-th molpro energy = -0.0517403 kcal/mole

Molpro::pot: 0-th energy correction = -0.035487 kcal/mole
Molpro::pot: 1-th energy correction = 0 kcal/mole
molpro_pot: 0-th energy = -0.0872273 kcal/mol
molpro_pot: 1-th energy = -0.0517403 kcal/mol
molpro_pot: coordinates (angstrom):

C, -0.00908255, -0.21633, -0.181824
H, -0.617544, -1.06991, 0.070542
H, 0.554526, -0.209442, -1.10096
H, 0.0334026, 0.631367, 0.483101
H, 0.137759, 3.22379, 2.71227

molpro_pot: interatomic distances matrix (angstrom):

\     C1    H2    H3    H4
H2  1.08
H3  1.08  1.87
H4  1.08  1.87  1.87
H5   4.5   5.1  5.15  3.42

Molpro::pot: 1-th molpro energy = -0.0075016 kcal/mole

Molpro::pot: 0-th energy correction = -0.0354757 kcal/mole
Molpro::pot: 1-th energy correction = 0 kcal/mole
molpro_pot: 0-th energy = -0.0429773 kcal/mol
molpro_pot: 1-th energy = -0.0075016 kcal/mol

(10,0)-th SURFACE:

molpro_pot: coordinates (angstrom):

C, -0.137148, 0.224588, -0.103965
H, -0.406893, -0.781929, -0.380871
H, -0.726779, 0.759596, 0.623098
H, 0.723657, 0.694893, -0.551568
H, 2.04302, -3.34669, 1.54724

molpro_pot: interatomic distances matrix (angstrom):

\     C1    H2    H3    H4
H2  1.08
H3  1.08  1.87
H4  1.08  1.87  1.87
H5   4.5  4.04  5.04  4.74

Molpro::pot: 1-th molpro energy = -0.0492857 kcal/mole

Molpro::pot: 0-th energy correction = -0.035461 kcal/mole
Molpro::pot: 1-th energy correction = 0 kcal/mole
molpro_pot: 0-th energy = -0.0847467 kcal/mol
molpro_pot: 1-th energy = -0.0492857 kcal/mol
molpro_pot: coordinates (angstrom):

C, -0.129788, -0.034752, -0.248853
H, -0.730501, -0.808219, -0.699859
H, -0.223878, 0.985315, -0.5852
H, 0.562522, -0.280622, 0.540308
H, 1.93722, 0.517313, 3.7078

molpro_pot: interatomic distances matrix (angstrom):

\     C1    H2    H3    H4
H2  1.08
H3  1.08  1.87
H4  1.08  1.87  1.87
H5   4.5  5.32  4.83  3.54

Molpro::pot: 1-th molpro energy = -0.0138839 kcal/mole

Molpro::pot: 0-th energy correction = -0.0354708 kcal/mole
Molpro::pot: 1-th energy correction = 0 kcal/mole
molpro_pot: 0-th energy = -0.0493546 kcal/mol
molpro_pot: 1-th energy = -0.0138839 kcal/mol
molpro_pot: coordinates (angstrom):

C, -0.223461, 0.0193101, 0.172347
H, 0.666192, -0.555132, -0.0302611
H, -0.421119, 0.371628, 1.17201
H, -0.91368, 0.244047, -0.624905
H, 3.32932, -0.290465, -2.56895

molpro_pot: interatomic distances matrix (angstrom):

\     C1    H2    H3    H4
H2  1.08
H3  1.08  1.87
H4  1.08  1.87  1.87
H5   4.5  3.69  5.34   4.7

Molpro::pot: 1-th molpro energy = -0.0222966 kcal/mole

Molpro::pot: 0-th energy correction = -0.0354669 kcal/mole
Molpro::pot: 1-th energy correction = 0 kcal/mole
molpro_pot: 0-th energy = -0.0577635 kcal/mol
molpro_pot: 1-th energy = -0.0222966 kcal/mol
molpro_pot: coordinates (angstrom):

C, 0.26888, 0.0843181, 0.0212083
H, 0.0224517, -0.363082, 0.970745
H, 0.616983, 1.10396, -0.0196546
H, 0.170245, -0.488575, -0.886859
H, -4.01119, -1.25627, -0.316756

molpro_pot: interatomic distances matrix (angstrom):

\     C1    H2    H3    H4
H2  1.08
H3  1.08  1.87
H4  1.08  1.87  1.87
H5   4.5  4.33   5.2  4.29

Molpro::pot: 1-th molpro energy = -0.0467716 kcal/mole

Molpro::pot: 0-th energy correction = -0.0354864 kcal/mole
Molpro::pot: 1-th energy correction = 0 kcal/mole
molpro_pot: 0-th energy = -0.082258 kcal/mol
molpro_pot: 1-th energy = -0.0467716 kcal/mol
molpro_pot: coordinates (angstrom):

C, 0.0824843, -0.267999, -0.037353
H, 0.995503, -0.643809, 0.395866
H, -0.83103, -0.832843, 0.0573069
H, 0.082198, 0.673746, -0.562365
H, -1.2288, 3.99392, 0.553948

molpro_pot: interatomic distances matrix (angstrom):

\     C1    H2    H3    H4
H2  1.08
H3  1.08  1.87
H4  1.08  1.87  1.87
H5   4.5  5.15  4.87  3.74

Molpro::pot: 1-th molpro energy = -0.0333024 kcal/mole

Molpro::pot: 0-th energy correction = -0.0354655 kcal/mole
Molpro::pot: 1-th energy correction = 0 kcal/mole
molpro_pot: 0-th energy = -0.0687679 kcal/mol
molpro_pot: 1-th energy = -0.0333024 kcal/mol

(11,0)-th SURFACE:

molpro_pot: coordinates (angstrom):

C, -0.216066, -0.107559, 0.112119
H, -1.01899, -0.657378, -0.352135
H, 0.50704, 0.408601, -0.498795
H, -0.137963, -0.0712687, 1.18688
H, 3.22257, 1.60073, -1.67093

molpro_pot: interatomic distances matrix (angstrom):

\     C1    H2    H3    H4
H2  1.08
H3  1.08  1.87
H4  1.08  1.87  1.87
H5  4.23  4.98  3.19  4.72

Molpro::pot: 1-th molpro energy = 0.00441594 kcal/mole

Molpro::pot: 0-th energy correction = -0.0602178 kcal/mole
Molpro::pot: 1-th energy correction = 0 kcal/mole
molpro_pot: 0-th energy = -0.0558019 kcal/mol
molpro_pot: 1-th energy = 0.00441594 kcal/mol
molpro_pot: coordinates (angstrom):

C, -0.236075, -0.00646393, -0.12226
H, 0.0264435, -0.493493, -1.04768
H, -0.115521, 1.06026, -0.0218821
H, -0.621914, -0.585378, 0.701455
H, 3.5219, 0.0955723, 1.82384

molpro_pot: interatomic distances matrix (angstrom):

\     C1    H2    H3    H4
H2  1.08
H3  1.08  1.87
H4  1.08  1.87  1.87
H5  4.23  4.56  4.19  4.35

Molpro::pot: 1-th molpro energy = -0.124151 kcal/mole

Molpro::pot: 0-th energy correction = -0.0602412 kcal/mole
Molpro::pot: 1-th energy correction = 0 kcal/mole
molpro_pot: 0-th energy = -0.184392 kcal/mol
molpro_pot: 1-th energy = -0.124151 kcal/mol
molpro_pot: coordinates (angstrom):

C, 0.0548929, 0.223007, 0.134658
H, 0.437138, 1.14825, -0.265758
H, -0.737594, 0.239024, 0.865566
H, 0.462756, -0.718038, -0.19791
H, -0.8159, -3.32454, -2.00525

molpro_pot: interatomic distances matrix (angstrom):

\     C1    H2    H3    H4
H2  1.08
H3  1.08  1.87
H4  1.08  1.87  1.87
H5  4.23  4.96  4.58  3.42

Molpro::pot: 1-th molpro energy = -0.043223 kcal/mole

Molpro::pot: 0-th energy correction = -0.0602056 kcal/mole
Molpro::pot: 1-th energy correction = 0 kcal/mole
molpro_pot: 0-th energy = -0.103429 kcal/mol
molpro_pot: 1-th energy = -0.043223 kcal/mol
molpro_pot: coordinates (angstrom):

C, -0.0278268, 0.131496, 0.229815
H, 0.71496, -0.546097, -0.159607
H, 0.278089, 1.03057, 0.740296
H, -1.07613, -0.0882331, 0.106151
H, 0.414414, -1.96195, -3.4232

molpro_pot: interatomic distances matrix (angstrom):

\     C1    H2    H3    H4
H2  1.08
H3  1.08  1.87
H4  1.08  1.87  1.87
H5  4.23  3.57  5.13  4.26

Molpro::pot: 1-th molpro energy = -0.0399265 kcal/mole

Molpro::pot: 0-th energy correction = -0.0602051 kcal/mole
Molpro::pot: 1-th energy correction = 0 kcal/mole
molpro_pot: 0-th energy = -0.100132 kcal/mol
molpro_pot: 1-th energy = -0.0399265 kcal/mol
molpro_pot: coordinates (angstrom):

C, -0.193414, 0.175186, 0.0516311
H, -0.866379, -0.624424, -0.213431
H, -0.500527, 1.20121, -0.0727588
H, 0.785123, -0.0509953, 0.443839
H, 2.88474, -2.6117, -0.772412

molpro_pot: interatomic distances matrix (angstrom):

\     C1    H2    H3    H4
H2  1.08
H3  1.08  1.87
H4  1.08  1.87  1.87
H5  4.23  4.28  5.15  3.53

Molpro::pot: 1-th molpro energy = -0.0327534 kcal/mole

Molpro::pot: 0-th energy correction = -0.0602312 kcal/mole
Molpro::pot: 1-th energy correction = 0 kcal/mole
molpro_pot: 0-th energy = -0.0929846 kcal/mol
molpro_pot: 1-th energy = -0.0327534 kcal/mol

(12,0)-th SURFACE:

molpro_pot: coordinates (angstrom):

C, -0.000552416, 0.0858702, 0.234068
H, -0.212314, -0.963493, 0.362558
H, -0.746464, 0.737722, -0.191636
H, 0.955552, 0.483915, 0.533977
H, 0.00980395, -1.28059, -3.4919

molpro_pot: interatomic distances matrix (angstrom):

\     C1    H2    H3    H4
H2  1.08
H3  1.08  1.87
H4  1.08  1.87  1.87
H5  3.97  3.87  3.94   4.5

Molpro::pot: 1-th molpro energy = -0.221916 kcal/mole

Molpro::pot: 0-th energy correction = -0.101854 kcal/mole
Molpro::pot: 1-th energy correction = 0 kcal/mole
molpro_pot: 0-th energy = -0.32377 kcal/mol
molpro_pot: 1-th energy = -0.221916 kcal/mol
molpro_pot: coordinates (angstrom):

C, -0.0425813, 0.225932, -0.0967297
H, 0.182916, -0.827953, -0.12822
H, 0.719734, 0.931482, 0.192397
H, -1.02906, 0.574527, -0.357226
H, 0.63342, -3.36819, 1.44479

molpro_pot: interatomic distances matrix (angstrom):

\     C1    H2    H3    H4
H2  1.08
H3  1.08  1.87
H4  1.08  1.87  1.87
H5  3.97  3.02  4.48  4.64

Molpro::pot: 1-th molpro energy = -0.0135503 kcal/mole

Molpro::pot: 0-th energy correction = -0.101834 kcal/mole
Molpro::pot: 1-th energy correction = 0 kcal/mole
molpro_pot: 0-th energy = -0.115384 kcal/mol
molpro_pot: 1-th energy = -0.0135503 kcal/mol
molpro_pot: coordinates (angstrom):

C, 0.222675, -0.109615, 0.026636
H, 0.934201, 0.270851, 0.741823
H, 0.00664895, -1.16536, -0.00886579
H, -0.274987, 0.565675, -0.650739
H, -3.31722, 1.63399, -0.399369

molpro_pot: interatomic distances matrix (angstrom):

\     C1    H2    H3    H4
H2  1.08
H3  1.08  1.87
H4  1.08  1.87  1.87
H5  3.97  4.61  4.36  3.23

Molpro::pot: 1-th molpro energy = -0.104234 kcal/mole

Molpro::pot: 0-th energy correction = -0.101799 kcal/mole
Molpro::pot: 1-th energy correction = 0 kcal/mole
molpro_pot: 0-th energy = -0.206033 kcal/mol
molpro_pot: 1-th energy = -0.104234 kcal/mol
molpro_pot: coordinates (angstrom):

C, -0.104099, 0.053249, -0.220501
H, -0.764834, 0.637801, 0.399373
H, 0.106666, 0.368312, -1.22987
H, 0.348186, -0.844341, 0.169746
H, 1.54947, -0.795799, 3.28622

molpro_pot: interatomic distances matrix (angstrom):

\     C1    H2    H3    H4
H2  1.08
H3  1.08  1.87
H4  1.08  1.87  1.87
H5  3.97  3.97  4.88  3.34

Molpro::pot: 1-th molpro energy = -0.0628945 kcal/mole

Molpro::pot: 0-th energy correction = -0.101805 kcal/mole
Molpro::pot: 1-th energy correction = 0 kcal/mole
molpro_pot: 0-th energy = -0.1647 kcal/mol
molpro_pot: 1-th energy = -0.0628945 kcal/mol
molpro_pot: coordinates (angstrom):

C, -0.230914, 0.0744564, 0.057434
H, -0.506215, 1.1129, 0.148815
H, -0.198239, -0.55324, 0.933475
H, 0.00862619, -0.337001, -0.909956
H, 3.44528, -1.1092, -0.856191

molpro_pot: interatomic distances matrix (angstrom):

\     C1    H2    H3    H4
H2  1.08
H3  1.08  1.87
H4  1.08  1.87  1.87
H5  3.97  4.64   4.1  3.52

Molpro::pot: 1-th molpro energy = -0.165623 kcal/mole

Molpro::pot: 0-th energy correction = -0.101853 kcal/mole
Molpro::pot: 1-th energy correction = 0 kcal/mole
molpro_pot: 0-th energy = -0.267476 kcal/mol
molpro_pot: 1-th energy = -0.165623 kcal/mol
