
(0,0)-th SURFACE:

molpro_pot: coordinates (angstrom):

C, 0.178474, 0.0608071, -0.638141
H, 0.3459, 0.126029, 0.424982
H, -0.475675, -0.698976, -1.0348
H, 0.662503, 0.756971, -1.30417
H, -2.65779, -0.908045, 9.51222

molpro_pot: interatomic distances matrix (angstrom):

\     C1    H2    H3    H4
H2  1.08
H3  1.08  1.87
H4  1.08  1.87  1.87
H5  10.6  9.63  10.8  11.4

Molpro::pot: 1-th molpro energy = -5.52572e-05 kcal/mole

Molpro::pot: 0-th energy correction = -1.83702e-07 kcal/mole
Molpro::pot: 1-th energy correction = 0 kcal/mole
molpro_pot: 0-th energy = -5.54409e-05 kcal/mol
molpro_pot: 1-th energy = -5.52572e-05 kcal/mol
molpro_pot: coordinates (angstrom):

C, -0.640676, 0.178657, -0.00933028
H, -0.072166, -0.320648, -0.777449
H, -0.737126, 1.25245, -0.0226261
H, -1.11517, -0.395732, 0.770062
H, 9.55288, -2.66332, 0.141107

molpro_pot: interatomic distances matrix (angstrom):

\     C1    H2    H3    H4
H2  1.08
H3  1.08  1.87
H4  1.08  1.87  1.87
H5  10.6  9.95    11  10.9

Molpro::pot: 1-th molpro energy = 9.80316e-06 kcal/mole

Molpro::pot: 0-th energy correction = -1.83786e-07 kcal/mole
Molpro::pot: 1-th energy correction = 0 kcal/mole
molpro_pot: 0-th energy = 9.61938e-06 kcal/mol
molpro_pot: 1-th energy = 9.80316e-06 kcal/mol
molpro_pot: coordinates (angstrom):

C, -0.187031, -0.391726, 0.504504
H, 0.861811, -0.546437, 0.308262
H, -0.498495, 0.37738, 1.19297
H, -0.924334, -1.00374, 0.0101941
H, 2.78796, 5.83701, -7.51847

molpro_pot: interatomic distances matrix (angstrom):

\     C1    H2    H3    H4
H2  1.08
H3  1.08  1.87
H4  1.08  1.87  1.87
H5  10.6  10.3  10.8  10.8

Molpro::pot: 1-th molpro energy = -2.88558e-05 kcal/mole

Molpro::pot: 0-th energy correction = -1.83653e-07 kcal/mole
Molpro::pot: 1-th energy correction = 0 kcal/mole
molpro_pot: 0-th energy = -2.90395e-05 kcal/mol
molpro_pot: 1-th energy = -2.88558e-05 kcal/mol
molpro_pot: coordinates (angstrom):

C, -0.0232122, 0.638674, -0.185576
H, 0.895767, 0.0774726, -0.24076
H, -0.448818, 1.06456, -1.08
H, -0.518109, 0.771374, 0.763102
H, 0.347543, -9.51799, 2.76728

molpro_pot: interatomic distances matrix (angstrom):

\     C1    H2    H3    H4
H2  1.08
H3  1.08  1.87
H4  1.08  1.87  1.87
H5  10.6  10.1  11.3  10.5

Molpro::pot: 1-th molpro energy = -1.27078e-05 kcal/mole

Molpro::pot: 0-th energy correction = -1.83673e-07 kcal/mole
Molpro::pot: 1-th energy correction = 0 kcal/mole
molpro_pot: 0-th energy = -1.28915e-05 kcal/mol
molpro_pot: 1-th energy = -1.27078e-05 kcal/mol
molpro_pot: coordinates (angstrom):

C, 0.317034, -0.175438, -0.557837
H, 1.16343, 0.064505, 0.0655087
H, -0.429871, 0.574332, -0.763981
H, 0.219078, -1.16379, -0.977452
H, -4.72751, 2.61387, 8.31799

molpro_pot: interatomic distances matrix (angstrom):

\     C1    H2    H3    H4
H2  1.08
H3  1.08  1.87
H4  1.08  1.87  1.87
H5  10.6  10.5  10.3  11.2

Molpro::pot: 1-th molpro energy = 9.52015e-07 kcal/mole

Molpro::pot: 0-th energy correction = -1.83786e-07 kcal/mole
Molpro::pot: 1-th energy correction = 0 kcal/mole
molpro_pot: 0-th energy = 7.6823e-07 kcal/mol
molpro_pot: 1-th energy = 9.52015e-07 kcal/mol

(0,0)-th SURFACE:

molpro_pot: coordinates (angstrom):

C, 0.352364, 0.497545, 0.266189
H, 0.65986, 0.835091, 1.24293
H, -0.662267, 0.17089, 0.103898
H, 1.05829, 0.489535, -0.548754
H, -5.25142, -7.4197, -3.96754

molpro_pot: interatomic distances matrix (angstrom):

\     C1    H2    H3    H4
H2  1.08
H3  1.08  1.87
H4  1.08  1.87  1.87
H5  10.6  11.4  9.76  10.7

Molpro::pot: 1-th molpro energy = -5.9946e-05 kcal/mole

Molpro::pot: 0-th energy correction = -1.83759e-07 kcal/mole
Molpro::pot: 1-th energy correction = 0 kcal/mole
molpro_pot: 0-th energy = -6.01297e-05 kcal/mol
molpro_pot: 1-th energy = -5.9946e-05 kcal/mol
molpro_pot: coordinates (angstrom):

C, 0.584179, 0.316045, -0.0411773
H, 0.485922, 1.02476, 0.765414
H, 0.0489926, -0.61924, -0.00461782
H, 1.2149, 0.543735, -0.885494
H, -8.70553, -4.71235, 0.614989

molpro_pot: interatomic distances matrix (angstrom):

\     C1    H2    H3    H4
H2  1.08
H3  1.08  1.87
H4  1.08  1.87  1.87
H5  10.6  10.8  9.68  11.3

Molpro::pot: 1-th molpro energy = -7.3603e-05 kcal/mole

Molpro::pot: 0-th energy correction = -1.83683e-07 kcal/mole
Molpro::pot: 1-th energy correction = 0 kcal/mole
molpro_pot: 0-th energy = -7.37866e-05 kcal/mol
molpro_pot: 1-th energy = -7.3603e-05 kcal/mol
molpro_pot: coordinates (angstrom):

C, 0.252687, -0.546517, 0.283545
H, 0.880546, 0.159459, -0.235981
H, -0.135858, -0.305117, 1.2599
H, 0.0108694, -1.49225, -0.174312
H, -3.76426, 8.1452, -4.22573

molpro_pot: interatomic distances matrix (angstrom):

\     C1    H2    H3    H4
H2  1.08
H3  1.08  1.87
H4  1.08  1.87  1.87
H5  10.6  10.1  10.7  11.1

Molpro::pot: 1-th molpro energy = 8.73691e-06 kcal/mole

Molpro::pot: 0-th energy correction = -1.83659e-07 kcal/mole
Molpro::pot: 1-th energy correction = 0 kcal/mole
molpro_pot: 0-th energy = 8.55325e-06 kcal/mol
molpro_pot: 1-th energy = 8.73691e-06 kcal/mol
molpro_pot: coordinates (angstrom):

C, -0.339959, -0.139888, 0.554383
H, -0.946454, -0.00531921, -0.326849
H, -0.622805, 0.334266, 1.4805
H, 0.547347, -0.750852, 0.510422
H, 5.06974, 2.08753, -8.26502

molpro_pot: interatomic distances matrix (angstrom):

\     C1    H2    H3    H4
H2  1.08
H3  1.08  1.87
H4  1.08  1.87  1.87
H5  10.6  10.2  11.4  10.3

Molpro::pot: 1-th molpro energy = -2.39932e-05 kcal/mole

Molpro::pot: 0-th energy correction = -1.83783e-07 kcal/mole
Molpro::pot: 1-th energy correction = 0 kcal/mole
molpro_pot: 0-th energy = -2.41769e-05 kcal/mol
molpro_pot: 1-th energy = -2.39932e-05 kcal/mol
molpro_pot: coordinates (angstrom):

C, 0.554337, 0.275172, 0.244238
H, -0.185047, 0.913868, -0.211718
H, 0.515647, -0.790865, 0.0874351
H, 1.33395, 0.702516, 0.854233
H, -8.26495, -4.10195, -3.63805

molpro_pot: interatomic distances matrix (angstrom):

\     C1    H2    H3    H4
H2  1.08
H3  1.08  1.87
H4  1.08  1.87  1.87
H5  10.6  10.1  10.1  11.6

Molpro::pot: 1-th molpro energy = -8.94393e-06 kcal/mole

Molpro::pot: 0-th energy correction = -1.83734e-07 kcal/mole
Molpro::pot: 1-th energy correction = 0 kcal/mole
molpro_pot: 0-th energy = -9.12767e-06 kcal/mol
molpro_pot: 1-th energy = -8.94393e-06 kcal/mol

(1,0)-th SURFACE:

molpro_pot: coordinates (angstrom):

C, 0.376364, 0.420358, -0.0370891
H, -0.38731, 0.08585, 0.646593
H, 0.124637, 0.633012, -1.0637
H, 1.39076, 0.545173, 0.306339
H, -5.60939, -6.26917, 0.552383

molpro_pot: interatomic distances matrix (angstrom):

\     C1    H2    H3    H4
H2  1.08
H3  1.08  1.87
H4  1.08  1.87  1.87
H5     9  8.23  9.12  9.77

Molpro::pot: 1-th molpro energy = -0.000104614 kcal/mole

Molpro::pot: 0-th energy correction = -4.39689e-06 kcal/mole
Molpro::pot: 1-th energy correction = 0 kcal/mole
molpro_pot: 0-th energy = -0.000109011 kcal/mol
molpro_pot: 1-th energy = -0.000104614 kcal/mol
molpro_pot: coordinates (angstrom):

C, 0.532166, -0.1905, 0.0183678
H, -0.0196406, 0.561418, 0.559334
H, 0.131193, -0.600152, -0.894827
H, 1.486, -0.530465, 0.388695
H, -7.93396, 2.83745, -0.271904

molpro_pot: interatomic distances matrix (angstrom):

\     C1    H2    H3    H4
H2  1.08
H3  1.08  1.87
H4  1.08  1.87  1.87
H5     9  8.28  8.79    10

Molpro::pot: 1-th molpro energy = -9.8598e-05 kcal/mole

Molpro::pot: 0-th energy correction = -4.3961e-06 kcal/mole
Molpro::pot: 1-th energy correction = 0 kcal/mole
molpro_pot: 0-th energy = -0.000102994 kcal/mol
molpro_pot: 1-th energy = -9.8598e-05 kcal/mol
molpro_pot: coordinates (angstrom):

C, 0.173829, -0.5253, 0.117542
H, 0.23416, -0.00144059, 1.05799
H, -0.519753, -0.195496, -0.639222
H, 0.808956, -1.37673, -0.0673801
H, -2.59312, 7.82833, -1.75094

molpro_pot: interatomic distances matrix (angstrom):

\     C1    H2    H3    H4
H2  1.08
H3  1.08  1.87
H4  1.08  1.87  1.87
H5     9  8.79  8.36  9.96

Molpro::pot: 1-th molpro energy = -6.02677e-05 kcal/mole

Molpro::pot: 0-th energy correction = -4.39497e-06 kcal/mole
Molpro::pot: 1-th energy correction = 0 kcal/mole
molpro_pot: 0-th energy = -6.46627e-05 kcal/mol
molpro_pot: 1-th energy = -6.02677e-05 kcal/mol
molpro_pot: coordinates (angstrom):

C, 0.454655, 0.196903, -0.272315
H, 0.17511, -0.472865, -1.06967
H, 1.46824, 0.203378, 0.0952639
H, -0.278237, 0.862159, 0.155265
H, -6.77862, -2.93717, 4.06155

molpro_pot: interatomic distances matrix (angstrom):

\     C1    H2    H3    H4
H2  1.08
H3  1.08  1.87
H4  1.08  1.87  1.87
H5     9  8.99  9.67  8.48

Molpro::pot: 1-th molpro energy = -3.66056e-05 kcal/mole

Molpro::pot: 0-th energy correction = -4.39758e-06 kcal/mole
Molpro::pot: 1-th energy correction = 0 kcal/mole
molpro_pot: 0-th energy = -4.10032e-05 kcal/mol
molpro_pot: 1-th energy = -3.66056e-05 kcal/mol
molpro_pot: coordinates (angstrom):

C, 0.41153, -0.378246, -0.0870075
H, 0.508275, -1.30413, 0.456954
H, -0.547583, -0.0827096, -0.481061
H, 1.27283, 0.253427, -0.234249
H, -6.13354, 5.63713, 1.29434

molpro_pot: interatomic distances matrix (angstrom):

\     C1    H2    H3    H4
H2  1.08
H3  1.08  1.87
H4  1.08  1.87  1.87
H5     9  9.64  8.19  9.28

Molpro::pot: 1-th molpro energy = -0.0001402 kcal/mole

Molpro::pot: 0-th energy correction = -4.39478e-06 kcal/mole
Molpro::pot: 1-th energy correction = 0 kcal/mole
molpro_pot: 0-th energy = -0.000144595 kcal/mol
molpro_pot: 1-th energy = -0.0001402 kcal/mol

(2,0)-th SURFACE:

molpro_pot: coordinates (angstrom):

C, 0.207034, -0.471074, -0.0356835
H, -0.194883, 0.117385, 0.773448
H, -0.455381, -0.901348, -0.76957
H, 1.27116, -0.626684, -0.112757
H, -3.08602, 7.01965, 0.533757

molpro_pot: interatomic distances matrix (angstrom):

\     C1    H2    H3    H4
H2  1.08
H3  1.08  1.87
H4  1.08  1.87  1.87
H5   8.2  7.49  8.45  8.82

Molpro::pot: 1-th molpro energy = -0.00018375 kcal/mole

Molpro::pot: 0-th energy correction = -2.14965e-05 kcal/mole
Molpro::pot: 1-th energy correction = 0 kcal/mole
molpro_pot: 0-th energy = -0.000205246 kcal/mol
molpro_pot: 1-th energy = -0.00018375 kcal/mol
molpro_pot: coordinates (angstrom):

C, 0.254047, 0.153728, -0.421352
H, 0.757797, -0.234318, 0.449379
H, 0.0371758, 1.20744, -0.493287
H, -0.0299966, -0.511082, -1.22127
H, -3.78988, -2.29245, 6.28215

molpro_pot: interatomic distances matrix (angstrom):

\     C1    H2    H3    H4
H2  1.08
H3  1.08  1.87
H4  1.08  1.87  1.87
H5   8.2  7.68  8.53  8.58

Molpro::pot: 1-th molpro energy = -0.000183242 kcal/mole

Molpro::pot: 0-th energy correction = -2.15105e-05 kcal/mole
Molpro::pot: 1-th energy correction = 0 kcal/mole
molpro_pot: 0-th energy = -0.000204753 kcal/mol
molpro_pot: 1-th energy = -0.000183242 kcal/mol
molpro_pot: coordinates (angstrom):

C, -0.0834393, -0.1827, 0.474698
H, 0.884972, 0.281846, 0.568991
H, -0.170608, -1.25699, 0.50334
H, -0.964744, 0.426788, 0.354918
H, 1.24388, 2.72374, -7.0794

molpro_pot: interatomic distances matrix (angstrom):

\     C1    H2    H3    H4
H2  1.08
H3  1.08  1.87
H4  1.08  1.87  1.87
H5   8.2  8.04  8.68  8.09

Molpro::pot: 1-th molpro energy = -0.000168081 kcal/mole

Molpro::pot: 0-th energy correction = -2.15118e-05 kcal/mole
Molpro::pot: 1-th energy correction = 0 kcal/mole
molpro_pot: 0-th energy = -0.000189592 kcal/mol
molpro_pot: 1-th energy = -0.000168081 kcal/mol
molpro_pot: coordinates (angstrom):

C, 0.24244, -0.0839119, -0.447527
H, 0.567033, 0.906525, -0.723551
H, 0.748662, -0.616246, 0.341699
H, -0.589987, -0.540702, -0.95834
H, -3.6124, 1.24955, 6.66882

molpro_pot: interatomic distances matrix (angstrom):

\     C1    H2    H3    H4
H2  1.08
H3  1.08  1.87
H4  1.08  1.87  1.87
H5   8.2   8.5  7.91   8.4

Molpro::pot: 1-th molpro energy = -0.00017627 kcal/mole

Molpro::pot: 0-th energy correction = -2.14943e-05 kcal/mole
Molpro::pot: 1-th energy correction = 0 kcal/mole
molpro_pot: 0-th energy = -0.000197764 kcal/mol
molpro_pot: 1-th energy = -0.00017627 kcal/mol
molpro_pot: coordinates (angstrom):

C, -0.074459, 0.0494328, 0.507648
H, 0.625325, 0.801337, 0.179841
H, 0.236177, -0.704564, 1.21299
H, -1.08536, 0.0532662, 0.132708
H, 1.11043, -0.738627, -7.57002

molpro_pot: interatomic distances matrix (angstrom):

\     C1    H2    H3    H4
H2  1.08
H3  1.08  1.87
H4  1.08  1.87  1.87
H5   8.2  7.92  8.83  8.05

Molpro::pot: 1-th molpro energy = -0.000126384 kcal/mole

Molpro::pot: 0-th energy correction = -2.15112e-05 kcal/mole
Molpro::pot: 1-th energy correction = 0 kcal/mole
molpro_pot: 0-th energy = -0.000147895 kcal/mol
molpro_pot: 1-th energy = -0.000126384 kcal/mol

(3,0)-th SURFACE:

molpro_pot: coordinates (angstrom):

C, -0.152306, -0.445673, 0.0354316
H, -0.30971, -0.442722, -1.03121
H, -0.276652, 0.46396, 0.600784
H, 0.126306, -1.3585, 0.537075
H, 2.27354, 6.64382, -0.528523

molpro_pot: interatomic distances matrix (angstrom):

\     C1    H2    H3    H4
H2  1.08
H3  1.08  1.87
H4  1.08  1.87  1.87
H5  7.51  7.56  6.78  8.35

Molpro::pot: 1-th molpro energy = -0.000323399 kcal/mole

Molpro::pot: 0-th energy correction = -8.51319e-05 kcal/mole
Molpro::pot: 1-th energy correction = 0 kcal/mole
molpro_pot: 0-th energy = -0.000408531 kcal/mol
molpro_pot: 1-th energy = -0.000323399 kcal/mol
molpro_pot: coordinates (angstrom):

C, 0.0831357, 0.366164, 0.286784
H, -0.872872, 0.564442, -0.170654
H, 0.518419, -0.618011, 0.220105
H, 0.605182, 1.15246, 0.808054
H, -1.24061, -5.45875, -4.27219

molpro_pot: interatomic distances matrix (angstrom):

\     C1    H2    H3    H4
H2  1.08
H3  1.08  1.87
H4  1.08  1.87  1.87
H5  7.51   7.3  6.83  8.54

Molpro::pot: 1-th molpro energy = -0.000317815 kcal/mole

Molpro::pot: 0-th energy correction = -8.51039e-05 kcal/mole
Molpro::pot: 1-th energy correction = 0 kcal/mole
molpro_pot: 0-th energy = -0.000402919 kcal/mol
molpro_pot: 1-th energy = -0.000317815 kcal/mol
molpro_pot: coordinates (angstrom):

C, -0.217765, 0.075324, -0.412426
H, 0.44854, 0.00284578, 0.432145
H, 0.120183, -0.22191, -1.3922
H, -1.22262, 0.441948, -0.276871
H, 3.24678, -1.11975, 6.14762

molpro_pot: interatomic distances matrix (angstrom):

\     C1    H2    H3    H4
H2  1.08
H3  1.08  1.87
H4  1.08  1.87  1.87
H5  7.51  6.46  8.21  7.98

Molpro::pot: 1-th molpro energy = -0.000387121 kcal/mole

Molpro::pot: 0-th energy correction = -8.51115e-05 kcal/mole
Molpro::pot: 1-th energy correction = 0 kcal/mole
molpro_pot: 0-th energy = -0.000472232 kcal/mol
molpro_pot: 1-th energy = -0.000387121 kcal/mol
molpro_pot: coordinates (angstrom):

C, 0.182662, 0.394512, 0.184311
H, 0.827593, 0.744662, -0.605609
H, 0.48216, -0.443976, 0.792388
H, -0.759998, 0.884514, 0.368187
H, -2.72468, -5.88259, -2.74953

molpro_pot: interatomic distances matrix (angstrom):

\     C1    H2    H3    H4
H2  1.08
H3  1.08  1.87
H4  1.08  1.87  1.87
H5  7.51  7.82  7.24  7.71

Molpro::pot: 1-th molpro energy = -0.000298184 kcal/mole

Molpro::pot: 0-th energy correction = -8.51502e-05 kcal/mole
Molpro::pot: 1-th energy correction = 0 kcal/mole
molpro_pot: 0-th energy = -0.000383335 kcal/mol
molpro_pot: 1-th energy = -0.000298184 kcal/mol
molpro_pot: coordinates (angstrom):

C, -0.453328, -0.0853395, 0.10093
H, -0.807227, 0.613396, -0.640042
H, -0.00678886, 0.276879, 1.01303
H, -0.548687, -1.14585, -0.0686353
H, 6.76041, 1.27169, -1.5061

molpro_pot: interatomic distances matrix (angstrom):

\     C1    H2    H3    H4
H2  1.08
H3  1.08  1.87
H4  1.08  1.87  1.87
H5  7.51  7.65  7.29  7.83

Molpro::pot: 1-th molpro energy = -0.000372508 kcal/mole

Molpro::pot: 0-th energy correction = -8.51501e-05 kcal/mole
Molpro::pot: 1-th energy correction = 0 kcal/mole
molpro_pot: 0-th energy = -0.000457658 kcal/mol
molpro_pot: 1-th energy = -0.000372508 kcal/mol

(3,0)-th SURFACE:

molpro_pot: coordinates (angstrom):

C, 0.165155, -0.42646, -0.118409
H, -0.438985, 0.465287, -0.0702751
H, 0.969726, -0.570609, 0.58473
H, -0.0370608, -1.17526, -0.867361
H, -2.46015, 6.35837, 1.76279

molpro_pot: interatomic distances matrix (angstrom):

\     C1    H2    H3    H4
H2  1.08
H3  1.08  1.87
H4  1.08  1.87  1.87
H5  7.51  6.49  7.82  8.34

Molpro::pot: 1-th molpro energy = -0.00039401 kcal/mole

Molpro::pot: 0-th energy correction = -8.51161e-05 kcal/mole
Molpro::pot: 1-th energy correction = 0 kcal/mole
molpro_pot: 0-th energy = -0.000479126 kcal/mol
molpro_pot: 1-th energy = -0.00039401 kcal/mol
molpro_pot: coordinates (angstrom):

C, -0.344207, -0.1216, 0.299868
H, -0.818835, -0.524009, -0.58065
H, -0.68717, -0.415861, 1.2788
H, 0.47508, 0.572402, 0.201625
H, 5.12934, 1.81534, -4.47025

molpro_pot: interatomic distances matrix (angstrom):

\     C1    H2    H3    H4
H2  1.08
H3  1.08  1.87
H4  1.08  1.87  1.87
H5  7.51  7.48  8.48  6.71

Molpro::pot: 1-th molpro energy = -0.000379813 kcal/mole

Molpro::pot: 0-th energy correction = -8.51124e-05 kcal/mole
Molpro::pot: 1-th energy correction = 0 kcal/mole
molpro_pot: 0-th energy = -0.000464925 kcal/mol
molpro_pot: 1-th energy = -0.000379813 kcal/mol
molpro_pot: coordinates (angstrom):

C, 0.383675, 0.218055, -0.168253
H, 1.12426, -0.47657, -0.530947
H, -0.186564, -0.0157548, 0.716439
H, 0.215481, 1.14753, -0.688171
H, -5.72153, -3.25154, 2.50604

molpro_pot: interatomic distances matrix (angstrom):

\     C1    H2    H3    H4
H2  1.08
H3  1.08  1.87
H4  1.08  1.87  1.87
H5  7.51  7.99  6.66  8.05

Molpro::pot: 1-th molpro energy = -0.000403755 kcal/mole

Molpro::pot: 0-th energy correction = -8.51344e-05 kcal/mole
Molpro::pot: 1-th energy correction = 0 kcal/mole
molpro_pot: 0-th energy = -0.000488889 kcal/mol
molpro_pot: 1-th energy = -0.000403755 kcal/mol
molpro_pot: coordinates (angstrom):

C, -0.0451199, 0.284511, 0.374247
H, 0.186497, 0.344706, 1.42555
H, -0.797634, -0.40522, 0.0270991
H, 0.473298, 0.915937, -0.329361
H, 0.675074, -4.24304, -5.57938

molpro_pot: interatomic distances matrix (angstrom):

\     C1    H2    H3    H4
H2  1.08
H3  1.08  1.87
H4  1.08  1.87  1.87
H5  7.51  8.39  6.95  7.36

Molpro::pot: 1-th molpro energy = -0.000288164 kcal/mole

Molpro::pot: 0-th energy correction = -8.51381e-05 kcal/mole
Molpro::pot: 1-th energy correction = 0 kcal/mole
molpro_pot: 0-th energy = -0.000373302 kcal/mol
molpro_pot: 1-th energy = -0.000288164 kcal/mol
molpro_pot: coordinates (angstrom):

C, 0.203353, 0.24499, -0.348831
H, -0.829266, 0.453801, -0.11946
H, 0.575428, 0.401833, -1.34857
H, 0.864482, -0.11757, 0.42187
H, -3.03193, -3.65512, 5.19963

molpro_pot: interatomic distances matrix (angstrom):

\     C1    H2    H3    H4
H2  1.08
H3  1.08  1.87
H4  1.08  1.87  1.87
H5  7.51  7.07  8.51  7.11

Molpro::pot: 1-th molpro energy = -0.000330819 kcal/mole

Molpro::pot: 0-th energy correction = -8.51358e-05 kcal/mole
Molpro::pot: 1-th energy correction = 0 kcal/mole
molpro_pot: 0-th energy = -0.000415954 kcal/mol
molpro_pot: 1-th energy = -0.000330819 kcal/mol

(4,0)-th SURFACE:

molpro_pot: coordinates (angstrom):

C, 0.0955454, -0.421806, 0.0129824
H, -0.20183, -0.43587, 1.04927
H, -0.642982, -0.555031, -0.761193
H, 1.13052, -0.271493, -0.249238
H, -1.42335, 6.28477, -0.193414

molpro_pot: interatomic distances matrix (angstrom):

\     C1    H2    H3    H4
H2  1.08
H3  1.08  1.87
H4  1.08  1.87  1.87
H5  6.88  6.94  6.91  7.04

Molpro::pot: 1-th molpro energy = -0.000575276 kcal/mole

Molpro::pot: 0-th energy correction = -0.000302963 kcal/mole
Molpro::pot: 1-th energy correction = 0 kcal/mole
molpro_pot: 0-th energy = -0.000878238 kcal/mol
molpro_pot: 1-th energy = -0.000575276 kcal/mol
molpro_pot: coordinates (angstrom):

C, 0.428191, 0.0377571, -0.0473245
H, -0.554694, -0.123588, -0.460145
H, 0.628968, -0.216807, 0.980977
H, 1.2109, 0.450601, -0.663321
H, -6.38356, -0.559773, 0.705974

molpro_pot: interatomic distances matrix (angstrom):

\     C1    H2    H3    H4
H2  1.08
H3  1.08  1.87
H4  1.08  1.87  1.87
H5  6.88  5.96  7.03  7.78

Molpro::pot: 1-th molpro energy = -0.000729049 kcal/mole

Molpro::pot: 0-th energy correction = -0.000303106 kcal/mole
Molpro::pot: 1-th energy correction = 0 kcal/mole
molpro_pot: 0-th energy = -0.00103216 kcal/mol
molpro_pot: 1-th energy = -0.000729049 kcal/mol
molpro_pot: coordinates (angstrom):

C, 0.062185, 0.022508, -0.427394
H, 0.274871, 0.0125106, -1.48436
H, -0.954407, -0.0747633, -0.0815649
H, 0.865994, 0.126614, 0.283643
H, -0.926884, -0.33236, 6.37119

molpro_pot: interatomic distances matrix (angstrom):

\     C1    H2    H3    H4
H2  1.08
H3  1.08  1.87
H4  1.08  1.87  1.87
H5  6.88  7.95  6.46  6.36

Molpro::pot: 1-th molpro energy = -0.0005886 kcal/mole

Molpro::pot: 0-th energy correction = -0.000303088 kcal/mole
Molpro::pot: 1-th energy correction = 0 kcal/mole
molpro_pot: 0-th energy = -0.000891688 kcal/mol
molpro_pot: 1-th energy = -0.0005886 kcal/mol
molpro_pot: coordinates (angstrom):

C, -0.210011, 0.352148, 0.136907
H, -0.900303, 0.545519, -0.668462
H, 0.649882, 0.988066, 0.273692
H, -0.381102, -0.474902, 0.807159
H, 3.13208, -5.25165, -2.04251

molpro_pot: interatomic distances matrix (angstrom):

\     C1    H2    H3    H4
H2  1.08
H3  1.08  1.87
H4  1.08  1.87  1.87
H5  6.88  7.19   7.1  6.58

Molpro::pot: 1-th molpro energy = -0.000526348 kcal/mole

Molpro::pot: 0-th energy correction = -0.000303216 kcal/mole
Molpro::pot: 1-th energy correction = 0 kcal/mole
molpro_pot: 0-th energy = -0.000829564 kcal/mol
molpro_pot: 1-th energy = -0.000526348 kcal/mol
molpro_pot: coordinates (angstrom):

C, -0.330861, -0.186919, 0.206906
H, -0.998682, 0.399524, -0.403515
H, 0.154598, -1.05586, -0.207577
H, -0.146087, 0.0971335, 1.23048
H, 4.92967, 2.78481, -3.08298

molpro_pot: interatomic distances matrix (angstrom):

\     C1    H2    H3    H4
H2  1.08
H3  1.08  1.87
H4  1.08  1.87  1.87
H5  6.88  6.93  6.77  7.18

Molpro::pot: 1-th molpro energy = -0.000594196 kcal/mole

Molpro::pot: 0-th energy correction = -0.000302963 kcal/mole
Molpro::pot: 1-th energy correction = 0 kcal/mole
molpro_pot: 0-th energy = -0.000897159 kcal/mol
molpro_pot: 1-th energy = -0.000594196 kcal/mol

(5,0)-th SURFACE:

molpro_pot: coordinates (angstrom):

C, -0.39549, 0.073086, -0.0112675
H, -0.879511, -0.660779, 0.612976
H, -0.642752, 0.136485, -1.05882
H, 0.333237, 0.745384, 0.412399
H, 5.89806, -1.09131, 0.167602

molpro_pot: interatomic distances matrix (angstrom):

\     C1    H2    H3    H4
H2  1.08
H3  1.08  1.87
H4  1.08  1.87  1.87
H5   6.4  6.81  6.77  5.87

Molpro::pot: 1-th molpro energy = -0.000960368 kcal/mole

Molpro::pot: 0-th energy correction = -0.000785966 kcal/mole
Molpro::pot: 1-th energy correction = 0 kcal/mole
molpro_pot: 0-th energy = -0.00174633 kcal/mol
molpro_pot: 1-th energy = -0.000960368 kcal/mol
molpro_pot: coordinates (angstrom):

C, 0.117194, -0.046147, 0.38228
H, 0.0988849, -1.12403, 0.363729
H, -0.423372, 0.514674, -0.363232
H, 0.673266, 0.47083, 1.14781
H, -1.74419, 0.687993, -5.70005

molpro_pot: interatomic distances matrix (angstrom):

\     C1    H2    H3    H4
H2  1.08
H3  1.08  1.87
H4  1.08  1.87  1.87
H5   6.4  6.59   5.5  7.27

Molpro::pot: 1-th molpro energy = -0.00126919 kcal/mole

Molpro::pot: 0-th energy correction = -0.000785729 kcal/mole
Molpro::pot: 1-th energy correction = 0 kcal/mole
molpro_pot: 0-th energy = -0.00205492 kcal/mol
molpro_pot: 1-th energy = -0.00126919 kcal/mol
molpro_pot: coordinates (angstrom):

C, -0.261449, 0.165968, -0.257349
H, 0.528402, 0.622551, 0.317266
H, -0.126278, -0.821123, -0.669536
H, -1.18731, 0.694896, -0.417166
H, 3.89821, -2.47248, 3.83365

molpro_pot: interatomic distances matrix (angstrom):

\     C1    H2    H3    H4
H2  1.08
H3  1.08  1.87
H4  1.08  1.87  1.87
H5   6.4  5.77  6.26  7.35

Molpro::pot: 1-th molpro energy = -0.0010267 kcal/mole

Molpro::pot: 0-th energy correction = -0.00078548 kcal/mole
Molpro::pot: 1-th energy correction = 0 kcal/mole
molpro_pot: 0-th energy = -0.00181218 kcal/mol
molpro_pot: 1-th energy = -0.0010267 kcal/mol
molpro_pot: coordinates (angstrom):

C, 0.358358, -0.143625, 0.114682
H, -0.132152, -1.09598, -0.00753448
H, 0.928173, 0.277045, -0.698254
H, 0.276596, 0.389391, 1.04835
H, -5.33952, 2.13966, -1.70806

molpro_pot: interatomic distances matrix (angstrom):

\     C1    H2    H3    H4
H2  1.08
H3  1.08  1.87
H4  1.08  1.87  1.87
H5   6.4  6.36  6.62   6.5

Molpro::pot: 1-th molpro energy = -0.000869306 kcal/mole

Molpro::pot: 0-th energy correction = -0.000785342 kcal/mole
Molpro::pot: 1-th energy correction = 0 kcal/mole
molpro_pot: 0-th energy = -0.00165465 kcal/mol
molpro_pot: 1-th energy = -0.000869306 kcal/mol
molpro_pot: coordinates (angstrom):

C, -0.311791, 0.16689, 0.192253
H, -0.124628, -0.0601911, 1.22952
H, 0.280589, -0.301765, -0.577141
H, -1.09303, 0.859957, -0.0757813
H, 4.64951, -2.48513, -2.86572

molpro_pot: interatomic distances matrix (angstrom):

\     C1    H2    H3    H4
H2  1.08
H3  1.08  1.87
H4  1.08  1.87  1.87
H5   6.4  6.74  5.39  7.21

Molpro::pot: 1-th molpro energy = -0.00151874 kcal/mole

Molpro::pot: 0-th energy correction = -0.000785681 kcal/mole
Molpro::pot: 1-th energy correction = 0 kcal/mole
molpro_pot: 0-th energy = -0.00230442 kcal/mol
molpro_pot: 1-th energy = -0.00151874 kcal/mol

(6,0)-th SURFACE:

molpro_pot: coordinates (angstrom):

C, 0.265782, -0.114718, -0.239829
H, 0.911167, -0.478261, -1.0233
H, 0.62006, 0.641178, 0.442539
H, -0.734551, -0.504594, -0.140578
H, -3.9613, 1.7076, 3.57695

molpro_pot: interatomic distances matrix (angstrom):

\     C1    H2    H3    H4
H2  1.08
H3  1.08  1.87
H4  1.08  1.87  1.87
H5  5.98  7.05  5.65   5.4

Molpro::pot: 1-th molpro energy = -0.00172662 kcal/mole

Molpro::pot: 0-th energy correction = -0.00183206 kcal/mole
Molpro::pot: 1-th energy correction = 0 kcal/mole
molpro_pot: 0-th energy = -0.00355868 kcal/mol
molpro_pot: 1-th energy = -0.00172662 kcal/mol
molpro_pot: coordinates (angstrom):

C, 0.164438, -0.316766, 0.118683
H, -0.57497, -0.900553, -0.405707
H, 0.817811, 0.3429, -0.429462
H, 0.248468, -0.3902, 1.19109
H, -2.44924, 4.71953, -1.76906

molpro_pot: interatomic distances matrix (angstrom):

\     C1    H2    H3    H4
H2  1.08
H3  1.08  1.87
H4  1.08  1.87  1.87
H5  5.98  6.08  5.62  6.49

Molpro::pot: 1-th molpro energy = -0.00152306 kcal/mole

Molpro::pot: 0-th energy correction = -0.00183134 kcal/mole
Molpro::pot: 1-th energy correction = 0 kcal/mole
molpro_pot: 0-th energy = -0.0033544 kcal/mol
molpro_pot: 1-th energy = -0.00152306 kcal/mol
molpro_pot: coordinates (angstrom):

C, -0.352029, 0.0700994, -0.111076
H, -0.189194, 0.906915, -0.771181
H, -0.233592, 0.192834, 0.95355
H, -0.636207, -0.888318, -0.515056
H, 5.25054, -1.04609, 1.65525

molpro_pot: interatomic distances matrix (angstrom):

\     C1    H2    H3    H4
H2  1.08
H3  1.08  1.87
H4  1.08  1.87  1.87
H5  5.98  6.27  5.67  6.28

Molpro::pot: 1-th molpro energy = -0.00155339 kcal/mole

Molpro::pot: 0-th energy correction = -0.00183275 kcal/mole
Molpro::pot: 1-th energy correction = 0 kcal/mole
molpro_pot: 0-th energy = -0.00338614 kcal/mol
molpro_pot: 1-th energy = -0.00155339 kcal/mol
molpro_pot: coordinates (angstrom):

C, -0.253561, -0.274369, 0.0406167
H, -0.939665, -0.906202, -0.500274
H, -0.532598, 0.737787, 0.285966
H, 0.709985, -0.655406, 0.338797
H, 3.78139, 4.09069, -0.608105

molpro_pot: interatomic distances matrix (angstrom):

\     C1    H2    H3    H4
H2  1.08
H3  1.08  1.87
H4  1.08  1.87  1.87
H5  5.98  6.88  5.54  5.73

Molpro::pot: 1-th molpro energy = -0.00161547 kcal/mole

Molpro::pot: 0-th energy correction = -0.00183253 kcal/mole
Molpro::pot: 1-th energy correction = 0 kcal/mole
molpro_pot: 0-th energy = -0.003448 kcal/mol
molpro_pot: 1-th energy = -0.00161547 kcal/mol
molpro_pot: coordinates (angstrom):

C, -0.265257, -0.266264, 0.0121496
H, -0.114371, -1.24978, 0.427425
H, -1.09251, 0.338733, 0.347037
H, 0.412558, 0.11343, -0.735459
H, 3.9527, 3.96797, -0.183667

molpro_pot: interatomic distances matrix (angstrom):

\     C1    H2    H3    H4
H2  1.08
H3  1.08  1.87
H4  1.08  1.87  1.87
H5  5.98  6.64  6.24  5.26

Molpro::pot: 1-th molpro energy = -0.00202453 kcal/mole

Molpro::pot: 0-th energy correction = -0.00183163 kcal/mole
Molpro::pot: 1-th energy correction = 0 kcal/mole
molpro_pot: 0-th energy = -0.00385617 kcal/mol
molpro_pot: 1-th energy = -0.00202453 kcal/mol

(6,0)-th SURFACE:

molpro_pot: coordinates (angstrom):

C, 0.166214, 0.0524104, 0.332952
H, 0.380669, -0.559097, -0.52878
H, -0.766652, -0.067787, 0.860049
H, 0.885565, 0.781696, 0.669401
H, -2.47867, -0.778854, -4.96508

molpro_pot: interatomic distances matrix (angstrom):

\     C1    H2    H3    H4
H2  1.08
H3  1.08  1.87
H4  1.08  1.87  1.87
H5  5.98  5.28  6.11  6.75

Molpro::pot: 1-th molpro energy = -0.00193016 kcal/mole

Molpro::pot: 0-th energy correction = -0.00183248 kcal/mole
Molpro::pot: 1-th energy correction = 0 kcal/mole
molpro_pot: 0-th energy = -0.00376264 kcal/mol
molpro_pot: 1-th energy = -0.00193016 kcal/mol
molpro_pot: coordinates (angstrom):

C, 0.342567, 0.0539813, -0.145035
H, 0.905935, -0.830824, 0.104469
H, -0.602789, 0.244429, 0.3372
H, 0.725759, 0.749702, -0.874183
H, -5.1078, -0.806054, 2.15942

molpro_pot: interatomic distances matrix (angstrom):

\     C1    H2    H3    H4
H2  1.08
H3  1.08  1.87
H4  1.08  1.87  1.87
H5  5.98  6.36  4.97  6.76

Molpro::pot: 1-th molpro energy = -0.00303792 kcal/mole

Molpro::pot: 0-th energy correction = -0.00183214 kcal/mole
Molpro::pot: 1-th energy correction = 0 kcal/mole
molpro_pot: 0-th energy = -0.00487006 kcal/mol
molpro_pot: 1-th energy = -0.00303792 kcal/mol
molpro_pot: coordinates (angstrom):

C, 0.0469742, 0.211636, 0.307039
H, 0.161709, -0.848405, 0.146835
H, -0.0354543, 0.599035, 1.30986
H, 0.0177784, 0.884415, -0.535004
H, -0.703347, -3.15495, -4.57755

molpro_pot: interatomic distances matrix (angstrom):

\     C1    H2    H3    H4
H2  1.08
H3  1.08  1.87
H4  1.08  1.87  1.87
H5  5.98  5.33  7.01  5.76

Molpro::pot: 1-th molpro energy = -0.00185024 kcal/mole

Molpro::pot: 0-th energy correction = -0.0018323 kcal/mole
Molpro::pot: 1-th energy correction = 0 kcal/mole
molpro_pot: 0-th energy = -0.00368254 kcal/mol
molpro_pot: 1-th energy = -0.00185024 kcal/mol
molpro_pot: coordinates (angstrom):

C, -0.203623, -0.301491, 0.0945011
H, -0.748589, -1.22634, 0.195398
H, -0.619744, 0.614077, 0.483212
H, 0.758473, -0.292609, -0.392134
H, 3.03437, 4.49468, -1.41168

molpro_pot: interatomic distances matrix (angstrom):

\     C1    H2    H3    H4
H2  1.08
H3  1.08  1.87
H4  1.08  1.87  1.87
H5  5.98  7.04  5.66   5.4

Molpro::pot: 1-th molpro energy = -0.00173741 kcal/mole

Molpro::pot: 0-th energy correction = -0.0018322 kcal/mole
Molpro::pot: 1-th energy correction = 0 kcal/mole
molpro_pot: 0-th energy = -0.0035696 kcal/mol
molpro_pot: 1-th energy = -0.00173741 kcal/mol
molpro_pot: coordinates (angstrom):

C, 0.150574, 0.327467, -0.106134
H, -0.891479, 0.297039, -0.381298
H, 0.910694, 0.289273, -0.86986
H, 0.432479, 0.399182, 0.93209
H, -2.24455, -4.88458, 1.58278

molpro_pot: interatomic distances matrix (angstrom):

\     C1    H2    H3    H4
H2  1.08
H3  1.08  1.87
H4  1.08  1.87  1.87
H5  5.98   5.7  6.54  5.96

Molpro::pot: 1-th molpro energy = -0.00154702 kcal/mole

Molpro::pot: 0-th energy correction = -0.00183277 kcal/mole
Molpro::pot: 1-th energy correction = 0 kcal/mole
molpro_pot: 0-th energy = -0.00337979 kcal/mol
molpro_pot: 1-th energy = -0.00154702 kcal/mol

(7,0)-th SURFACE:

molpro_pot: coordinates (angstrom):

C, -0.04751, 0.2458, 0.248055
H, -0.954153, -0.335198, 0.30242
H, -0.0200883, 1.14734, -0.342698
H, 0.830494, -0.0728419, 0.786661
H, 0.70944, -3.666, -3.69993

molpro_pot: interatomic distances matrix (angstrom):

\     C1    H2    H3    H4
H2  1.08
H3  1.08  1.87
H4  1.08  1.87  1.87
H5  5.61  5.47  5.91  5.75

Molpro::pot: 1-th molpro energy = -0.00311851 kcal/mole

Molpro::pot: 0-th energy correction = -0.00384467 kcal/mole
Molpro::pot: 1-th energy correction = 0 kcal/mole
molpro_pot: 0-th energy = -0.00696318 kcal/mol
molpro_pot: 1-th energy = -0.00311851 kcal/mol
molpro_pot: coordinates (angstrom):

C, -0.256492, -0.206217, -0.126675
H, -0.926824, -1.04782, -0.196493
H, 0.376629, -0.0921971, 0.738586
H, -0.216963, 0.519463, -0.923133
H, 3.82116, 3.07595, 1.88933

molpro_pot: interatomic distances matrix (angstrom):

\     C1    H2    H3    H4
H2  1.08
H3  1.08  1.87
H4  1.08  1.87  1.87
H5  5.61  6.63  4.82  5.55

Molpro::pot: 1-th molpro energy = -0.00373279 kcal/mole

Molpro::pot: 0-th energy correction = -0.00384299 kcal/mole
Molpro::pot: 1-th energy correction = 0 kcal/mole
molpro_pot: 0-th energy = -0.00757579 kcal/mol
molpro_pot: 1-th energy = -0.00373279 kcal/mol
molpro_pot: coordinates (angstrom):

C, 0.0357482, 0.0595031, -0.345605
H, -0.612039, -0.566908, 0.246421
H, 1.09138, -0.153792, -0.397221
H, -0.372295, 0.897048, -0.88832
H, -0.532694, -0.884841, 5.15418

molpro_pot: interatomic distances matrix (angstrom):

\     C1    H2    H3    H4
H2  1.08
H3  1.08  1.87
H4  1.08  1.87  1.87
H5  5.61  4.92  5.83   6.3

Molpro::pot: 1-th molpro energy = -0.00367112 kcal/mole

Molpro::pot: 0-th energy correction = -0.00384407 kcal/mole
Molpro::pot: 1-th energy correction = 0 kcal/mole
molpro_pot: 0-th energy = -0.00751518 kcal/mol
molpro_pot: 1-th energy = -0.00367112 kcal/mol
molpro_pot: coordinates (angstrom):

C, -0.086698, -0.199152, -0.2776
H, -0.7665, -1.01679, -0.0991195
H, 0.799692, -0.355398, -0.871248
H, -0.294682, 0.775131, 0.134754
H, 1.29379, 2.96832, 4.14095

molpro_pot: interatomic distances matrix (angstrom):

\     C1    H2    H3    H4
H2  1.08
H3  1.08  1.87
H4  1.08  1.87  1.87
H5  5.61  6.17  6.03  4.84

Molpro::pot: 1-th molpro energy = -0.00406221 kcal/mole

Molpro::pot: 0-th energy correction = -0.0038443 kcal/mole
Molpro::pot: 1-th energy correction = 0 kcal/mole
molpro_pot: 0-th energy = -0.00790651 kcal/mol
molpro_pot: 1-th energy = -0.00406221 kcal/mol
molpro_pot: coordinates (angstrom):

C, 0.224057, 0.0310323, 0.270278
H, 0.23722, -0.796338, 0.961509
H, -0.445883, 0.859686, 0.434693
H, 0.882711, 0.0313149, -0.583359
H, -3.34185, -0.464159, -4.03099

molpro_pot: interatomic distances matrix (angstrom):

\     C1    H2    H3    H4
H2  1.08
H3  1.08  1.87
H4  1.08  1.87  1.87
H5  5.61  6.15  5.48  5.48

Molpro::pot: 1-th molpro energy = -0.00307649 kcal/mole

Molpro::pot: 0-th energy correction = -0.00384458 kcal/mole
Molpro::pot: 1-th energy correction = 0 kcal/mole
molpro_pot: 0-th energy = -0.00692107 kcal/mol
molpro_pot: 1-th energy = -0.00307649 kcal/mol

(8,0)-th SURFACE:

molpro_pot: coordinates (angstrom):

C, 0.16276, 0.284649, -0.0567567
H, 1.07906, 0.852871, -0.0618361
H, -0.0577941, -0.389039, -0.869172
H, -0.531334, 0.387664, 0.761865
H, -2.4279, -4.24076, 0.844935

molpro_pot: interatomic distances matrix (angstrom):

\     C1    H2    H3    H4
H2  1.08
H3  1.08  1.87
H4  1.08  1.87  1.87
H5  5.29  6.25  4.84     5

Molpro::pot: 1-th molpro energy = -0.00522358 kcal/mole

Molpro::pot: 0-th energy correction = -0.00725058 kcal/mole
Molpro::pot: 1-th energy correction = 0 kcal/mole
molpro_pot: 0-th energy = -0.0124742 kcal/mol
molpro_pot: 1-th energy = -0.00522358 kcal/mol
molpro_pot: coordinates (angstrom):

C, -0.0574189, 0.302562, 0.126355
H, 0.769991, 0.349477, -0.563361
H, -1.06944, 0.351957, -0.242294
H, 0.126925, 0.203174, 1.18402
H, 0.856196, -4.50716, -1.88285

molpro_pot: interatomic distances matrix (angstrom):

\     C1    H2    H3    H4
H2  1.08
H3  1.08  1.87
H4  1.08  1.87  1.87
H5  5.29  5.03  5.48  5.67

Molpro::pot: 1-th molpro energy = -0.00687783 kcal/mole

Molpro::pot: 0-th energy correction = -0.00724908 kcal/mole
Molpro::pot: 1-th energy correction = 0 kcal/mole
molpro_pot: 0-th energy = -0.0141269 kcal/mol
molpro_pot: 1-th energy = -0.00687783 kcal/mol
molpro_pot: coordinates (angstrom):

C, -0.197448, 0.167026, -0.209524
H, 0.285106, 1.12969, -0.155259
H, -0.230773, -0.366796, -1.14571
H, -0.643814, -0.263137, 0.672653
H, 2.94046, -2.48851, 3.12309

molpro_pot: interatomic distances matrix (angstrom):

\     C1    H2    H3    H4
H2  1.08
H3  1.08  1.87
H4  1.08  1.87  1.87
H5  5.29  5.56  5.73  4.88

Molpro::pot: 1-th molpro energy = -0.006842 kcal/mole

Molpro::pot: 0-th energy correction = -0.00724956 kcal/mole
Molpro::pot: 1-th energy correction = 0 kcal/mole
molpro_pot: 0-th energy = -0.0140916 kcal/mol
molpro_pot: 1-th energy = -0.006842 kcal/mol
molpro_pot: coordinates (angstrom):

C, 0.303806, -0.115124, -0.0711948
H, -0.248731, 0.209364, -0.938331
H, -0.216952, -0.543782, 0.769984
H, 1.37696, -0.0139012, -0.0463868
H, -4.52865, 1.71908, 1.06244

molpro_pot: interatomic distances matrix (angstrom):

\     C1    H2    H3    H4
H2  1.08
H3  1.08  1.87
H4  1.08  1.87  1.87
H5  5.29  4.96  4.88  6.25

Molpro::pot: 1-th molpro energy = -0.00522153 kcal/mole

Molpro::pot: 0-th energy correction = -0.00725312 kcal/mole
Molpro::pot: 1-th energy correction = 0 kcal/mole
molpro_pot: 0-th energy = -0.0124747 kcal/mol
molpro_pot: 1-th energy = -0.00522153 kcal/mol
molpro_pot: coordinates (angstrom):

C, -0.163785, 0.261237, -0.12521
H, 0.340343, 0.0671205, -1.05832
H, -1.20638, 0.536024, -0.123249
H, 0.37355, 0.177614, 0.805811
H, 2.44265, -3.89126, 1.86661

molpro_pot: interatomic distances matrix (angstrom):

\     C1    H2    H3    H4
H2  1.08
H3  1.08  1.87
H4  1.08  1.87  1.87
H5  5.29  5.35  6.07  4.69

Molpro::pot: 1-th molpro energy = -0.00630744 kcal/mole

Molpro::pot: 0-th energy correction = -0.00725035 kcal/mole
Molpro::pot: 1-th energy correction = 0 kcal/mole
molpro_pot: 0-th energy = -0.0135578 kcal/mol
molpro_pot: 1-th energy = -0.00630744 kcal/mol

(8,0)-th SURFACE:

molpro_pot: coordinates (angstrom):

C, 0.282226, 0.172124, -0.0390293
H, 0.58546, -0.673904, 0.556623
H, -0.125074, 0.0181502, -1.0254
H, 0.383318, 1.17158, 0.352622
H, -4.20412, -2.56528, 0.580866

molpro_pot: interatomic distances matrix (angstrom):

\     C1    H2    H3    H4
H2  1.08
H3  1.08  1.87
H4  1.08  1.87  1.87
H5  5.29  5.15  5.09  5.92

Molpro::pot: 1-th molpro energy = -0.00645524 kcal/mole

Molpro::pot: 0-th energy correction = -0.00724918 kcal/mole
Molpro::pot: 1-th energy correction = 0 kcal/mole
molpro_pot: 0-th energy = -0.0137044 kcal/mol
molpro_pot: 1-th energy = -0.00645524 kcal/mol
molpro_pot: coordinates (angstrom):

C, 0.299819, 0.0609414, 0.130378
H, -0.16105, -0.739851, -0.425362
H, -0.14455, 0.402782, 1.05136
H, 1.20638, 0.517696, -0.233003
H, -4.47067, -0.906246, -1.94539

molpro_pot: interatomic distances matrix (angstrom):

\     C1    H2    H3    H4
H2  1.08
H3  1.08  1.87
H4  1.08  1.87  1.87
H5  5.29  4.57  5.42   6.1

Molpro::pot: 1-th molpro energy = -0.00657278 kcal/mole

Molpro::pot: 0-th energy correction = -0.00725349 kcal/mole
Molpro::pot: 1-th energy correction = 0 kcal/mole
molpro_pot: 0-th energy = -0.0138263 kcal/mol
molpro_pot: 1-th energy = -0.00657278 kcal/mol
molpro_pot: coordinates (angstrom):

C, -0.0583932, 0.282423, -0.165877
H, -0.376502, 1.26761, -0.467084
H, 0.124183, 0.0702109, 0.875348
H, 0.074129, -0.491173, -0.905139
H, 0.873468, -4.20942, 2.47195

molpro_pot: interatomic distances matrix (angstrom):

\     C1    H2    H3    H4
H2  1.08
H3  1.08  1.87
H4  1.08  1.87  1.87
H5  5.29  6.34  4.63  5.09

Molpro::pot: 1-th molpro energy = -0.00513406 kcal/mole

Molpro::pot: 0-th energy correction = -0.00725165 kcal/mole
Molpro::pot: 1-th energy correction = 0 kcal/mole
molpro_pot: 0-th energy = -0.0123857 kcal/mol
molpro_pot: 1-th energy = -0.00513406 kcal/mol
molpro_pot: coordinates (angstrom):

C, 0.082804, -0.238048, 0.216844
H, 1.12176, 0.0263168, 0.101933
H, -0.237969, -1.25184, 0.0383857
H, -0.634663, 0.510282, 0.513095
H, -1.23506, 3.54964, -3.23533

molpro_pot: interatomic distances matrix (angstrom):

\     C1    H2    H3    H4
H2  1.08
H3  1.08  1.87
H4  1.08  1.87  1.87
H5  5.29  5.39   5.9  4.86

Molpro::pot: 1-th molpro energy = -0.00657825 kcal/mole

Molpro::pot: 0-th energy correction = -0.00725478 kcal/mole
Molpro::pot: 1-th energy correction = 0 kcal/mole
molpro_pot: 0-th energy = -0.013833 kcal/mol
molpro_pot: 1-th energy = -0.00657825 kcal/mol
molpro_pot: coordinates (angstrom):

C, -0.279528, -0.105831, 0.146516
H, 0.381916, -0.668736, 0.785379
H, -0.211754, 0.969776, 0.114996
H, -1.0064, -0.6184, -0.462951
H, 4.16453, 1.57748, -2.18196

molpro_pot: interatomic distances matrix (angstrom):

\     C1    H2    H3    H4
H2  1.08
H3  1.08  1.87
H4  1.08  1.87  1.87
H5  5.29  5.31  4.98  5.87

Molpro::pot: 1-th molpro energy = -0.00652756 kcal/mole

Molpro::pot: 0-th energy correction = -0.00724915 kcal/mole
Molpro::pot: 1-th energy correction = 0 kcal/mole
molpro_pot: 0-th energy = -0.0137767 kcal/mol
molpro_pot: 1-th energy = -0.00652756 kcal/mol

(9,0)-th SURFACE:

molpro_pot: coordinates (angstrom):

C, 0.303338, -0.0433186, -0.0776616
H, 0.0761019, -0.169289, -1.12409
H, -0.461824, 0.294204, 0.60287
H, 1.29445, -0.257718, 0.288743
H, -4.52053, 0.64859, 1.15718

molpro_pot: interatomic distances matrix (angstrom):

\     C1    H2    H3    H4
H2  1.08
H3  1.08  1.87
H4  1.08  1.87  1.87
H5  5.03   5.2  4.11  5.95

Molpro::pot: 1-th molpro energy = -0.00927843 kcal/mole

Molpro::pot: 0-th energy correction = -0.0123088 kcal/mole
Molpro::pot: 1-th energy correction = 0 kcal/mole
molpro_pot: 0-th energy = -0.0215873 kcal/mol
molpro_pot: 1-th energy = -0.00927843 kcal/mol
molpro_pot: coordinates (angstrom):

C, -0.121467, -0.0495129, -0.287677
H, -0.372032, -0.539351, 0.639572
H, -0.885103, 0.465133, -0.848496
H, 0.8929, -0.0716, -0.652496
H, 1.81052, 0.735359, 4.28674

molpro_pot: interatomic distances matrix (angstrom):

\     C1    H2    H3    H4
H2  1.08
H3  1.08  1.87
H4  1.08  1.87  1.87
H5  5.03  4.44  5.81  5.09

Molpro::pot: 1-th molpro energy = -0.0109917 kcal/mole

Molpro::pot: 0-th energy correction = -0.0123072 kcal/mole
Molpro::pot: 1-th energy correction = 0 kcal/mole
molpro_pot: 0-th energy = -0.0232989 kcal/mol
molpro_pot: 1-th energy = -0.0109917 kcal/mol
molpro_pot: coordinates (angstrom):

C, -0.190527, 0.0359855, 0.249646
H, 0.238248, -0.381946, -0.647015
H, 0.45008, 0.461391, 1.0054
H, -1.25965, 0.0313678, 0.389209
H, 2.8399, -0.539287, -3.72008

molpro_pot: interatomic distances matrix (angstrom):

\     C1    H2    H3    H4
H2  1.08
H3  1.08  1.87
H4  1.08  1.87  1.87
H5  5.03  4.03  5.39  5.83

Molpro::pot: 1-th molpro energy = -0.0103897 kcal/mole

Molpro::pot: 0-th energy correction = -0.012309 kcal/mole
Molpro::pot: 1-th energy correction = 0 kcal/mole
molpro_pot: 0-th energy = -0.0226986 kcal/mol
molpro_pot: 1-th energy = -0.0103897 kcal/mol
molpro_pot: coordinates (angstrom):

C, 0.143578, 0.279704, -0.0318457
H, 0.398949, 0.0365396, -1.05075
H, -0.171587, -0.498303, 0.644833
H, 0.206281, 1.29995, 0.311218
H, -2.1432, -4.16858, 0.473883

molpro_pot: interatomic distances matrix (angstrom):

\     C1    H2    H3    H4
H2  1.08
H3  1.08  1.87
H4  1.08  1.87  1.87
H5  5.03  5.14  4.17  5.95

Molpro::pot: 1-th molpro energy = -0.00918243 kcal/mole

Molpro::pot: 0-th energy correction = -0.0123111 kcal/mole
Molpro::pot: 1-th energy correction = 0 kcal/mole
molpro_pot: 0-th energy = -0.0214935 kcal/mol
molpro_pot: 1-th energy = -0.00918243 kcal/mol
molpro_pot: coordinates (angstrom):

C, -0.25012, -0.164093, -0.101473
H, -0.486532, 0.881922, 0.0102283
H, 0.0689227, -0.738498, 0.753388
H, -0.335655, -0.636361, -1.06696
H, 3.7314, 2.44677, 1.51157

molpro_pot: interatomic distances matrix (angstrom):

\     C1    H2    H3    H4
H2  1.08
H3  1.08  1.87
H4  1.08  1.87  1.87
H5  5.03  4.74  4.91  5.72

Molpro::pot: 1-th molpro energy = -0.0120911 kcal/mole

Molpro::pot: 0-th energy correction = -0.0123142 kcal/mole
Molpro::pot: 1-th energy correction = 0 kcal/mole
molpro_pot: 0-th energy = -0.0244053 kcal/mol
molpro_pot: 1-th energy = -0.0120911 kcal/mol

(10,0)-th SURFACE:

molpro_pot: coordinates (angstrom):

C, 0.00469807, -0.209632, -0.189813
H, -0.42496, 0.76702, -0.344925
H, 0.634988, -0.391094, 0.665946
H, -0.198284, -1.00541, -0.888423
H, -0.067684, 3.12554, 2.82747

molpro_pot: interatomic distances matrix (angstrom):

\     C1    H2    H3    H4
H2  1.08
H3  1.08  1.87
H4  1.08  1.87  1.87
H5   4.5  3.97  4.19  5.56

Molpro::pot: 1-th molpro energy = -0.0118132 kcal/mole

Molpro::pot: 0-th energy correction = -0.0354687 kcal/mole
Molpro::pot: 1-th energy correction = 0 kcal/mole
molpro_pot: 0-th energy = -0.0472819 kcal/mol
molpro_pot: 1-th energy = -0.0118132 kcal/mol
molpro_pot: coordinates (angstrom):

C, -0.260805, -0.108985, 0.00182733
H, -0.871641, 0.765323, 0.159875
H, 0.681079, -0.208345, 0.517095
H, -0.59305, -0.885118, -0.668808
H, 3.88897, 1.6258, -0.0299193

molpro_pot: interatomic distances matrix (angstrom):

\     C1    H2    H3    H4
H2  1.08
H3  1.08  1.87
H4  1.08  1.87  1.87
H5   4.5  4.84  3.74  5.18

Molpro::pot: 1-th molpro energy = -0.0321294 kcal/mole

Molpro::pot: 0-th energy correction = -0.0354808 kcal/mole
Molpro::pot: 1-th energy correction = 0 kcal/mole
molpro_pot: 0-th energy = -0.0676102 kcal/mol
molpro_pot: 1-th energy = -0.0321294 kcal/mol
molpro_pot: coordinates (angstrom):

C, -0.01203, 0.280195, -0.0361977
H, -0.442783, -0.586855, 0.438346
H, 0.764635, 0.160163, -0.774372
H, -0.359876, 1.26676, 0.224981
H, 0.181263, -4.17631, 0.542045

molpro_pot: interatomic distances matrix (angstrom):

\     C1    H2    H3    H4
H2  1.08
H3  1.08  1.87
H4  1.08  1.87  1.87
H5   4.5  3.64  4.57  5.48

Molpro::pot: 1-th molpro energy = -0.00924648 kcal/mole

Molpro::pot: 0-th energy correction = -0.0354728 kcal/mole
Molpro::pot: 1-th energy correction = 0 kcal/mole
molpro_pot: 0-th energy = -0.0447192 kcal/mol
molpro_pot: 1-th energy = -0.00924648 kcal/mol
molpro_pot: coordinates (angstrom):

C, 0.177507, -0.139916, 0.170243
H, 0.454423, 0.408229, 1.05645
H, -0.773234, -0.646462, 0.125292
H, 0.849642, -0.178994, -0.671914
H, -2.64438, 2.08318, -2.53689

molpro_pot: interatomic distances matrix (angstrom):

\     C1    H2    H3    H4
H2  1.08
H3  1.08  1.87
H4  1.08  1.87  1.87
H5   4.5  5.03  4.25  4.56

Molpro::pot: 1-th molpro energy = -0.0545335 kcal/mole

Molpro::pot: 0-th energy correction = -0.0354598 kcal/mole
Molpro::pot: 1-th energy correction = 0 kcal/mole
molpro_pot: 0-th energy = -0.0899932 kcal/mol
molpro_pot: 1-th energy = -0.0545335 kcal/mol
molpro_pot: coordinates (angstrom):

C, -0.234618, -0.116045, -0.10729
H, -0.658965, -0.305037, -1.08029
H, 0.797476, -0.360162, 0.0868965
H, -0.841151, 0.319745, 0.670351
H, 3.4962, 1.72718, 1.60053

molpro_pot: interatomic distances matrix (angstrom):

\     C1    H2    H3    H4
H2  1.08
H3  1.08  1.87
H4  1.08  1.87  1.87
H5   4.5  5.35  3.73  4.65

Molpro::pot: 1-th molpro energy = -0.0240906 kcal/mole

Molpro::pot: 0-th energy correction = -0.0354654 kcal/mole
Molpro::pot: 1-th energy correction = 0 kcal/mole
molpro_pot: 0-th energy = -0.059556 kcal/mol
molpro_pot: 1-th energy = -0.0240906 kcal/mol

(10,0)-th SURFACE:

molpro_pot: coordinates (angstrom):

C, -0.197318, -0.0723441, 0.189127
H, -0.821929, -0.350314, 1.02286
H, 0.268079, -0.835847, -0.413357
H, -0.0405932, 0.968619, -0.0440125
H, 2.94388, 1.07893, -2.81739

molpro_pot: interatomic distances matrix (angstrom):

\     C1    H2    H3    H4
H2  1.08
H3  1.08  1.87
H4  1.08  1.87  1.87
H5   4.5  5.57  4.08  4.08

Molpro::pot: 1-th molpro energy = -0.0115865 kcal/mole

Molpro::pot: 0-th energy correction = -0.0354762 kcal/mole
Molpro::pot: 1-th energy correction = 0 kcal/mole
molpro_pot: 0-th energy = -0.0470627 kcal/mol
molpro_pot: 1-th energy = -0.0115865 kcal/mol
molpro_pot: coordinates (angstrom):

C, -0.255753, -0.121011, 0.00103436
H, -1.04758, 0.59205, 0.165555
H, 0.477247, 0.0562754, -0.769548
H, -0.195042, -1.0095, 0.608835
H, 3.81059, 1.80203, -0.0171577

molpro_pot: interatomic distances matrix (angstrom):

\     C1    H2    H3    H4
H2  1.08
H3  1.08  1.87
H4  1.08  1.87  1.87
H5   4.5  5.01  3.84  4.93

Molpro::pot: 1-th molpro energy = -0.0408439 kcal/mole

Molpro::pot: 0-th energy correction = -0.0354615 kcal/mole
Molpro::pot: 1-th energy correction = 0 kcal/mole
molpro_pot: 0-th energy = -0.0763054 kcal/mol
molpro_pot: 1-th energy = -0.0408439 kcal/mol
molpro_pot: coordinates (angstrom):

C, 0.0697965, -0.218052, -0.166271
H, -0.8621, -0.404511, 0.342961
H, 0.173993, 0.649033, -0.798589
H, 0.89823, -0.896649, -0.0408682
H, -1.04118, 3.24843, 2.47625

molpro_pot: interatomic distances matrix (angstrom):

\     C1    H2    H3    H4
H2  1.08
H3  1.08  1.87
H4  1.08  1.87  1.87
H5   4.5  4.23  4.35  5.22

Molpro::pot: 1-th molpro energy = -0.0452427 kcal/mole

Molpro::pot: 0-th energy correction = -0.0354602 kcal/mole
Molpro::pot: 1-th energy correction = 0 kcal/mole
molpro_pot: 0-th energy = -0.0807029 kcal/mol
molpro_pot: 1-th energy = -0.0452427 kcal/mol
molpro_pot: coordinates (angstrom):

C, -0.22976, 0.159544, -0.0423023
H, -1.02324, -0.493264, -0.36902
H, -0.405835, 0.864566, 0.754227
H, 0.740334, 0.105306, -0.50974
H, 3.42446, -2.37626, 0.628219

molpro_pot: interatomic distances matrix (angstrom):

\     C1    H2    H3    H4
H2  1.08
H3  1.08  1.87
H4  1.08  1.87  1.87
H5   4.5  4.93  5.02  3.83

Molpro::pot: 1-th molpro energy = -0.0403172 kcal/mole

Molpro::pot: 0-th energy correction = -0.0354641 kcal/mole
Molpro::pot: 1-th energy correction = 0 kcal/mole
molpro_pot: 0-th energy = -0.0757813 kcal/mol
molpro_pot: 1-th energy = -0.0403172 kcal/mol
molpro_pot: coordinates (angstrom):

C, -0.239862, 0.147255, -0.0257375
H, -0.669753, 1.05133, 0.374708
H, -0.704385, -0.804854, 0.174821
H, 0.652425, 0.195446, -0.62908
H, 3.57771, -2.19527, 0.386004

molpro_pot: interatomic distances matrix (angstrom):

\     C1    H2    H3    H4
H2  1.08
H3  1.08  1.87
H4  1.08  1.87  1.87
H5   4.5  5.35  4.51  3.91

Molpro::pot: 1-th molpro energy = -0.0312179 kcal/mole

Molpro::pot: 0-th energy correction = -0.0354833 kcal/mole
Molpro::pot: 1-th energy correction = 0 kcal/mole
molpro_pot: 0-th energy = -0.0667012 kcal/mol
molpro_pot: 1-th energy = -0.0312179 kcal/mol

(11,0)-th SURFACE:

molpro_pot: coordinates (angstrom):

C, 0.0364049, 0.0722776, -0.253505
H, -0.43337, 1.02341, -0.446295
H, 0.568382, -0.435414, -1.04203
H, -0.0230636, -0.369616, 0.728185
H, -0.545416, -1.07898, 3.77858

molpro_pot: interatomic distances matrix (angstrom):

\     C1    H2    H3    H4
H2  1.08
H3  1.08  1.87
H4  1.08  1.87  1.87
H5  4.23  4.72  4.99  3.18

Molpro::pot: 1-th molpro energy = 0.00829838 kcal/mole

Molpro::pot: 0-th energy correction = -0.0602201 kcal/mole
Molpro::pot: 1-th energy correction = 0 kcal/mole
molpro_pot: 0-th energy = -0.0519217 kcal/mol
molpro_pot: 1-th energy = 0.00829838 kcal/mol
molpro_pot: coordinates (angstrom):

C, 0.241766, 0.108065, 0.0258724
H, 0.679705, 0.561098, -0.849048
H, -0.494835, -0.671757, -0.0828222
H, 0.542491, 0.432478, 1.00915
H, -3.60603, -1.60853, -0.385341

molpro_pot: interatomic distances matrix (angstrom):

\     C1    H2    H3    H4
H2  1.08
H3  1.08  1.87
H4  1.08  1.87  1.87
H5  4.23  4.83  3.26  4.83

Molpro::pot: 1-th molpro energy = -0.0181904 kcal/mole

Molpro::pot: 0-th energy correction = -0.0602237 kcal/mole
Molpro::pot: 1-th energy correction = 0 kcal/mole
molpro_pot: 0-th energy = -0.0784141 kcal/mol
molpro_pot: 1-th energy = -0.0181904 kcal/mol
molpro_pot: coordinates (angstrom):

C, -0.014401, -0.154005, -0.216377
H, -0.0451041, -1.21638, -0.0349298
H, 0.65844, 0.24664, -0.957516
H, -0.658439, 0.507248, 0.340831
H, 0.216574, 2.29621, 3.22798

molpro_pot: interatomic distances matrix (angstrom):

\     C1    H2    H3    H4
H2  1.08
H3  1.08  1.87
H4  1.08  1.87  1.87
H5  4.23   4.8  4.68  3.51

Molpro::pot: 1-th molpro energy = -0.0643692 kcal/mole

Molpro::pot: 0-th energy correction = -0.060236 kcal/mole
Molpro::pot: 1-th energy correction = 0 kcal/mole
molpro_pot: 0-th energy = -0.124605 kcal/mol
molpro_pot: 1-th energy = -0.0643692 kcal/mol
molpro_pot: coordinates (angstrom):

C, -0.0470245, -0.237944, 0.109121
H, 0.832148, -0.562715, -0.423884
H, -0.920635, 0.0808479, -0.436494
H, -0.0537904, -0.234859, 1.1873
H, 0.70219, 3.54988, -1.62621

molpro_pot: interatomic distances matrix (angstrom):

\     C1    H2    H3    H4
H2  1.08
H3  1.08  1.87
H4  1.08  1.87  1.87
H5  4.23  4.29  4.01  4.78

Molpro::pot: 1-th molpro energy = -0.108759 kcal/mole

Molpro::pot: 0-th energy correction = -0.0602377 kcal/mole
Molpro::pot: 1-th energy correction = 0 kcal/mole
molpro_pot: 0-th energy = -0.168996 kcal/mol
molpro_pot: 1-th energy = -0.108759 kcal/mol
molpro_pot: coordinates (angstrom):

C, -0.229789, 0.115379, -0.0678866
H, -0.757261, 0.466873, 0.804318
H, -0.579185, -0.759369, -0.592535
H, 0.644925, 0.640133, -0.417214
H, 3.42758, -1.72144, 1.01374

molpro_pot: interatomic distances matrix (angstrom):

\     C1    H2    H3    H4
H2  1.08
H3  1.08  1.87
H4  1.08  1.87  1.87
H5  4.23  4.73  4.42  3.92

Molpro::pot: 1-th molpro energy = -0.107855 kcal/mole

Molpro::pot: 0-th energy correction = -0.0602405 kcal/mole
Molpro::pot: 1-th energy correction = 0 kcal/mole
molpro_pot: 0-th energy = -0.168096 kcal/mol
molpro_pot: 1-th energy = -0.107855 kcal/mol

(12,0)-th SURFACE:

molpro_pot: coordinates (angstrom):

C, -0.0887332, 0.177241, -0.15146
H, -0.363927, 0.0152112, -1.18128
H, 0.611009, -0.486894, 0.33
H, -0.510665, 1.00485, 0.395858
H, 1.32011, -2.64354, 2.25884

molpro_pot: interatomic distances matrix (angstrom):

\     C1    H2    H3    H4
H2  1.08
H3  1.08  1.87
H4  1.08  1.87  1.87
H5  3.97  4.66  2.98  4.49

Molpro::pot: 1-th molpro energy = 0.0104712 kcal/mole

Molpro::pot: 0-th energy correction = -0.101829 kcal/mole
Molpro::pot: 1-th energy correction = 0 kcal/mole
molpro_pot: 0-th energy = -0.091358 kcal/mol
molpro_pot: 1-th energy = 0.0104712 kcal/mol
molpro_pot: coordinates (angstrom):

C, 0.149383, 0.192578, -0.0526839
H, 0.0749099, 0.345035, -1.11745
H, 1.1011, 0.302546, 0.441942
H, -0.728019, -0.0667062, 0.517805
H, -2.22667, -2.87386, 0.785

molpro_pot: interatomic distances matrix (angstrom):

\     C1    H2    H3    H4
H2  1.08
H3  1.08  1.87
H4  1.08  1.87  1.87
H5  3.97  4.39  4.61  3.19

Molpro::pot: 1-th molpro energy = -0.0894379 kcal/mole

Molpro::pot: 0-th energy correction = -0.101848 kcal/mole
Molpro::pot: 1-th energy correction = 0 kcal/mole
molpro_pot: 0-th energy = -0.191286 kcal/mol
molpro_pot: 1-th energy = -0.0894379 kcal/mol
molpro_pot: coordinates (angstrom):

C, 0.0584406, -0.202652, -0.133335
H, -0.162691, 0.714652, 0.388363
H, 1.0608, -0.397172, -0.479674
H, -0.721701, -0.926599, -0.305959
H, -0.872253, 3.02206, 1.98487

molpro_pot: interatomic distances matrix (angstrom):

\     C1    H2    H3    H4
H2  1.08
H3  1.08  1.87
H4  1.08  1.87  1.87
H5  3.97  2.89  4.64  4.57

Molpro::pot: 1-th molpro energy = 0.0592138 kcal/mole

Molpro::pot: 0-th energy correction = -0.101817 kcal/mole
Molpro::pot: 1-th energy correction = 0 kcal/mole
molpro_pot: 0-th energy = -0.042603 kcal/mol
molpro_pot: 1-th energy = 0.0592138 kcal/mol
molpro_pot: coordinates (angstrom):

C, 0.111825, -0.0878429, 0.204779
H, -0.424374, -0.874595, 0.71077
H, -0.0530373, 0.940989, 0.481986
H, 0.814915, -0.329893, -0.575988
H, -1.66898, 1.30943, -3.05504

molpro_pot: interatomic distances matrix (angstrom):

\     C1    H2    H3    H4
H2  1.08
H3  1.08  1.87
H4  1.08  1.87  1.87
H5  3.97  4.53  3.91  3.87

Molpro::pot: 1-th molpro energy = -0.215942 kcal/mole

Molpro::pot: 0-th energy correction = -0.101856 kcal/mole
Molpro::pot: 1-th energy correction = 0 kcal/mole
molpro_pot: 0-th energy = -0.317799 kcal/mol
molpro_pot: 1-th energy = -0.215942 kcal/mol
molpro_pot: coordinates (angstrom):

C, -0.0818986, 0.173624, 0.159347
H, -0.457338, 0.324979, -0.839979
H, -0.393729, 0.828763, 0.956889
H, 0.602677, -0.634394, 0.361795
H, 1.22354, -2.58666, -2.37603

molpro_pot: interatomic distances matrix (angstrom):

\     C1    H2    H3    H4
H2  1.08
H3  1.08  1.87
H4  1.08  1.87  1.87
H5  3.97   3.7  5.04  3.42

Molpro::pot: 1-th molpro energy = 0.00670649 kcal/mole

Molpro::pot: 0-th energy correction = -0.101823 kcal/mole
Molpro::pot: 1-th energy correction = 0 kcal/mole
molpro_pot: 0-th energy = -0.0951167 kcal/mol
molpro_pot: 1-th energy = 0.00670649 kcal/mol

(12,0)-th SURFACE:

molpro_pot: coordinates (angstrom):

C, -0.138945, -0.14469, 0.148269
H, 0.379364, -1.00934, -0.23415
H, -0.985367, -0.270499, 0.804211
H, 0.190844, 0.84546, -0.122586
H, 2.06955, 2.15719, -2.21289

molpro_pot: interatomic distances matrix (angstrom):

\     C1    H2    H3    H4
H2  1.08
H3  1.08  1.87
H4  1.08  1.87  1.87
H5  3.97   4.1  4.93   3.1

Molpro::pot: 1-th molpro energy = 0.0244663 kcal/mole

Molpro::pot: 0-th energy correction = -0.10183 kcal/mole
Molpro::pot: 1-th energy correction = 0 kcal/mole
molpro_pot: 0-th energy = -0.0773642 kcal/mol
molpro_pot: 1-th energy = 0.0244663 kcal/mol
molpro_pot: coordinates (angstrom):

C, 0.104103, -0.127905, -0.187012
H, 0.264523, -0.34506, 0.856839
H, 0.666983, 0.656707, -0.666666
H, -0.616642, -0.697117, -0.751853
H, -1.5544, 1.90841, 2.7884

molpro_pot: interatomic distances matrix (angstrom):

\     C1    H2    H3    H4
H2  1.08
H3  1.08  1.87
H4  1.08  1.87  1.87
H5  3.97  3.48  4.29  4.49

Molpro::pot: 1-th molpro energy = -0.178907 kcal/mole

Molpro::pot: 0-th energy correction = -0.101851 kcal/mole
Molpro::pot: 1-th energy correction = 0 kcal/mole
molpro_pot: 0-th energy = -0.280758 kcal/mol
molpro_pot: 1-th energy = -0.178907 kcal/mol
molpro_pot: coordinates (angstrom):

C, -0.216523, 0.120666, -0.0290348
H, 0.259693, 0.900445, 0.543397
H, 0.36271, -0.715642, -0.386241
H, -1.27214, 0.175496, -0.241595
H, 3.22784, -1.79705, 0.430151

molpro_pot: interatomic distances matrix (angstrom):

\     C1    H2    H3    H4
H2  1.08
H3  1.08  1.87
H4  1.08  1.87  1.87
H5  3.97  4.01  3.17  4.96

Molpro::pot: 1-th molpro energy = 0.0135119 kcal/mole

Molpro::pot: 0-th energy correction = -0.101808 kcal/mole
Molpro::pot: 1-th energy correction = 0 kcal/mole
molpro_pot: 0-th energy = -0.0882959 kcal/mol
molpro_pot: 1-th energy = 0.0135119 kcal/mol
molpro_pot: coordinates (angstrom):

C, -0.0559751, 0.196067, -0.143881
H, 0.0731097, -0.0801279, -1.17808
H, -0.712367, 1.01027, 0.118316
H, 0.468662, -0.343637, 0.628127
H, 0.837081, -2.92104, 2.14481

molpro_pot: interatomic distances matrix (angstrom):

\     C1    H2    H3    H4
H2  1.08
H3  1.08  1.87
H4  1.08  1.87  1.87
H5  3.97  4.44  4.69  3.01

Molpro::pot: 1-th molpro energy = -0.00517762 kcal/mole

Molpro::pot: 0-th energy correction = -0.101811 kcal/mole
Molpro::pot: 1-th energy correction = 0 kcal/mole
molpro_pot: 0-th energy = -0.106988 kcal/mol
molpro_pot: 1-th energy = -0.00517762 kcal/mol
molpro_pot: coordinates (angstrom):

C, 0.023469, -0.103936, 0.225656
H, 0.064426, 0.255843, 1.24123
H, -0.348446, -1.09481, 0.0198185
H, 0.351361, 0.527941, -0.584121
H, -0.346782, 1.54858, -3.36378

molpro_pot: interatomic distances matrix (angstrom):

\     C1    H2    H3    H4
H2  1.08
H3  1.08  1.87
H4  1.08  1.87  1.87
H5  3.97   4.8  4.29  3.04

Molpro::pot: 1-th molpro energy = 0.00310637 kcal/mole

Molpro::pot: 0-th energy correction = -0.101812 kcal/mole
Molpro::pot: 1-th energy correction = 0 kcal/mole
molpro_pot: 0-th energy = -0.0987056 kcal/mol
molpro_pot: 1-th energy = 0.00310637 kcal/mol
