
(0,0)-th SURFACE:

molpro_pot: coordinates (angstrom):

C, -0.321052, 0.405263, 0.419072
H, 0.100209, 1.38782, 0.278949
H, -0.787887, -0.103743, -0.408876
H, -0.272812, -0.069486, 1.38593
H, 4.7832, -6.03998, -6.24582

molpro_pot: interatomic distances matrix (angstrom):

\     C1    H2    H3    H4
H2  1.08
H3  1.08  1.87
H4  1.08  1.87  1.87
H5  10.6  10.9    10  10.9

Molpro::pot: 1-th molpro energy = -6.5059e-05 kcal/mole

Molpro::pot: 0-th energy correction = -1.83658e-07 kcal/mole
Molpro::pot: 1-th energy correction = 0 kcal/mole
molpro_pot: 0-th energy = -6.52427e-05 kcal/mol
molpro_pot: 1-th energy = -6.5059e-05 kcal/mol
molpro_pot: coordinates (angstrom):

C, 0.406701, 0.354137, -0.389985
H, 0.938511, -0.305747, -1.0565
H, -0.305391, 1.0603, -0.785939
H, 0.584542, 0.305847, 0.672353
H, -6.06018, -5.27705, 5.81358

molpro_pot: interatomic distances matrix (angstrom):

\     C1    H2    H3    H4
H2  1.08
H3  1.08  1.87
H4  1.08  1.87  1.87
H5  10.6    11  10.8  10.1

Molpro::pot: 1-th molpro energy = -2.41967e-05 kcal/mole

Molpro::pot: 0-th energy correction = -1.83666e-07 kcal/mole
Molpro::pot: 1-th energy correction = 0 kcal/mole
molpro_pot: 0-th energy = -2.43804e-05 kcal/mol
molpro_pot: 1-th energy = -2.41967e-05 kcal/mol
molpro_pot: coordinates (angstrom):

C, -0.57491, 0.196743, 0.271226
H, -0.23826, -0.052762, 1.26467
H, 0.134233, 0.2561, -0.538782
H, -1.62068, 0.383797, 0.0871243
H, 8.57006, -2.92972, -4.04245

molpro_pot: interatomic distances matrix (angstrom):

\     C1    H2    H3    H4
H2  1.08
H3  1.08  1.87
H4  1.08  1.87  1.87
H5  10.6  10.7  9.67  11.5

Molpro::pot: 1-th molpro energy = -3.59534e-05 kcal/mole

Molpro::pot: 0-th energy correction = -1.83697e-07 kcal/mole
Molpro::pot: 1-th energy correction = 0 kcal/mole
molpro_pot: 0-th energy = -3.61371e-05 kcal/mol
molpro_pot: 1-th energy = -3.59534e-05 kcal/mol
molpro_pot: coordinates (angstrom):

C, -0.0109928, 0.63358, -0.203472
H, 0.619452, 0.450626, 0.651854
H, 0.312462, 0.329305, -1.18598
H, -0.965881, 1.11781, -0.0760687
H, 0.164856, -9.44167, 3.03289

molpro_pot: interatomic distances matrix (angstrom):

\     C1    H2    H3    H4
H2  1.08
H3  1.08  1.87
H4  1.08  1.87  1.87
H5  10.6  10.2  10.6  11.1

Molpro::pot: 1-th molpro energy = -8.26721e-05 kcal/mole

Molpro::pot: 0-th energy correction = -1.83655e-07 kcal/mole
Molpro::pot: 1-th energy correction = 0 kcal/mole
molpro_pot: 0-th energy = -8.28558e-05 kcal/mol
molpro_pot: 1-th energy = -8.26721e-05 kcal/mol
molpro_pot: coordinates (angstrom):

C, -0.261196, 0.224305, -0.56945
H, 0.10758, 0.310466, 0.440053
H, 0.421182, 0.00711088, -1.37549
H, -1.31235, 0.352196, -0.772524
H, 3.8936, -3.34053, 8.48831

molpro_pot: interatomic distances matrix (angstrom):

\     C1    H2    H3    H4
H2  1.08
H3  1.08  1.87
H4  1.08  1.87  1.87
H5  10.6  9.61    11  11.2

Molpro::pot: 1-th molpro energy = -1.05504e-05 kcal/mole

Molpro::pot: 0-th energy correction = -1.83693e-07 kcal/mole
Molpro::pot: 1-th energy correction = 0 kcal/mole
molpro_pot: 0-th energy = -1.07341e-05 kcal/mol
molpro_pot: 1-th energy = -1.05504e-05 kcal/mol

(1,0)-th SURFACE:

molpro_pot: coordinates (angstrom):

C, -0.233132, 0.506576, 0.0936984
H, 0.257246, -0.379528, 0.46365
H, -1.20609, 0.432084, -0.364911
H, 0.247791, 1.46725, 0.185053
H, 3.47692, -7.55152, -1.39944

molpro_pot: interatomic distances matrix (angstrom):

\     C1    H2    H3    H4
H2  1.08
H3  1.08  1.87
H4  1.08  1.87  1.87
H5     9  8.08  9.31  9.71

Molpro::pot: 1-th molpro energy = -0.000145407 kcal/mole

Molpro::pot: 0-th energy correction = -4.39671e-06 kcal/mole
Molpro::pot: 1-th energy correction = 0 kcal/mole
molpro_pot: 0-th energy = -0.000149804 kcal/mol
molpro_pot: 1-th energy = -0.000145407 kcal/mol
molpro_pot: coordinates (angstrom):

C, 0.188367, -0.0850864, -0.526209
H, -0.164073, -0.99548, -0.983904
H, 1.16584, -0.0537874, -0.0722448
H, -0.435068, 0.7946, -0.525146
H, -2.80956, 1.26778, 7.84678

molpro_pot: interatomic distances matrix (angstrom):

\     C1    H2    H3    H4
H2  1.08
H3  1.08  1.87
H4  1.08  1.87  1.87
H5     9  9.49  8.96  8.71

Molpro::pot: 1-th molpro energy = -8.54618e-05 kcal/mole

Molpro::pot: 0-th energy correction = -4.39773e-06 kcal/mole
Molpro::pot: 1-th energy correction = 0 kcal/mole
molpro_pot: 0-th energy = -8.98595e-05 kcal/mol
molpro_pot: 1-th energy = -8.54618e-05 kcal/mol
molpro_pot: coordinates (angstrom):

C, -0.143724, 0.312168, -0.448904
H, 0.798194, 0.101154, -0.929299
H, -0.431477, 1.3325, -0.252339
H, -0.799097, -0.496577, -0.167942
H, 2.14368, -4.65401, 6.6946

molpro_pot: interatomic distances matrix (angstrom):

\     C1    H2    H3    H4
H2  1.08
H3  1.08  1.87
H4  1.08  1.87  1.87
H5     9  9.09  9.53  8.55

Molpro::pot: 1-th molpro energy = -9.91182e-05 kcal/mole

Molpro::pot: 0-th energy correction = -4.39772e-06 kcal/mole
Molpro::pot: 1-th energy correction = 0 kcal/mole
molpro_pot: 0-th energy = -0.000103516 kcal/mol
molpro_pot: 1-th energy = -9.91182e-05 kcal/mol
molpro_pot: coordinates (angstrom):

C, -0.268913, -0.291825, -0.402876
H, 0.695522, -0.101296, 0.0399331
H, -0.998827, 0.499297, -0.465093
H, -0.502332, -1.2722, -0.786148
H, 4.00754, 4.34891, 6.00828

molpro_pot: interatomic distances matrix (angstrom):

\     C1    H2    H3    H4
H2  1.08
H3  1.08  1.87
H4  1.08  1.87  1.87
H5     9  8.15  9.04   9.9

Molpro::pot: 1-th molpro energy = -0.000102307 kcal/mole

Molpro::pot: 0-th energy correction = -4.39644e-06 kcal/mole
Molpro::pot: 1-th energy correction = 0 kcal/mole
molpro_pot: 0-th energy = -0.000106703 kcal/mol
molpro_pot: 1-th energy = -0.000102307 kcal/mol
molpro_pot: coordinates (angstrom):

C, 0.456968, -0.0301106, 0.332068
H, 0.193887, 0.17816, -0.692592
H, 0.138059, 0.637422, 1.11642
H, 1.03608, -0.90717, 0.572739
H, -6.80906, 0.45011, -4.95044

molpro_pot: interatomic distances matrix (angstrom):

\     C1    H2    H3    H4
H2  1.08
H3  1.08  1.87
H4  1.08  1.87  1.87
H5     9   8.2  9.23  9.69

Molpro::pot: 1-th molpro energy = -0.000103764 kcal/mole

Molpro::pot: 0-th energy correction = -4.3948e-06 kcal/mole
Molpro::pot: 1-th energy correction = 0 kcal/mole
molpro_pot: 0-th energy = -0.000108158 kcal/mol
molpro_pot: 1-th energy = -0.000103764 kcal/mol

(1,0)-th SURFACE:

molpro_pot: coordinates (angstrom):

C, -0.358531, -0.160359, 0.40715
H, 0.564484, -0.594871, 0.756089
H, -0.371848, 0.853483, 0.0404543
H, -1.26731, -0.740379, 0.421957
H, 5.34364, 2.39114, -6.06637

molpro_pot: interatomic distances matrix (angstrom):

\     C1    H2    H3    H4
H2  1.08
H3  1.08  1.87
H4  1.08  1.87  1.87
H5     9  8.85   8.5  9.78

Molpro::pot: 1-th molpro energy = -0.000109544 kcal/mole

Molpro::pot: 0-th energy correction = -4.39453e-06 kcal/mole
Molpro::pot: 1-th energy correction = 0 kcal/mole
molpro_pot: 0-th energy = -0.000113939 kcal/mol
molpro_pot: 1-th energy = -0.000109544 kcal/mol
molpro_pot: coordinates (angstrom):

C, -0.347717, -0.0687154, 0.440592
H, -1.05045, -0.420952, -0.297383
H, 0.386263, 0.674672, 0.173821
H, -0.380842, -0.457357, 1.44577
H, 5.18524, 1.02182, -6.56826

molpro_pot: interatomic distances matrix (angstrom):

\     C1    H2    H3    H4
H2  1.08
H3  1.08  1.87
H4  1.08  1.87  1.87
H5     9  8.96  8.28  9.87

Molpro::pot: 1-th molpro energy = -9.50024e-05 kcal/mole

Molpro::pot: 0-th energy correction = -4.39671e-06 kcal/mole
Molpro::pot: 1-th energy correction = 0 kcal/mole
molpro_pot: 0-th energy = -9.93991e-05 kcal/mol
molpro_pot: 1-th energy = -9.50024e-05 kcal/mol
molpro_pot: coordinates (angstrom):

C, 0.52711, 0.144576, 0.144503
H, 0.916144, -0.697946, 0.693434
H, -0.203917, 0.793132, 0.600016
H, 0.871177, 0.340364, -0.858395
H, -7.85961, -2.15699, -2.15563

molpro_pot: interatomic distances matrix (angstrom):

\     C1    H2    H3    H4
H2  1.08
H3  1.08  1.87
H4  1.08  1.87  1.87
H5     9  9.34  8.65  9.17

Molpro::pot: 1-th molpro energy = -8.8453e-05 kcal/mole

Molpro::pot: 0-th energy correction = -4.39766e-06 kcal/mole
Molpro::pot: 1-th energy correction = 0 kcal/mole
molpro_pot: 0-th energy = -9.28506e-05 kcal/mol
molpro_pot: 1-th energy = -8.8453e-05 kcal/mol
molpro_pot: coordinates (angstrom):

C, 0.148148, 0.30565, 0.451974
H, 0.367465, -0.517815, 1.11252
H, -0.84432, 0.421693, 0.0469313
H, 0.920088, 1.0146, 0.198962
H, -2.2072, -4.5578, -6.74

molpro_pot: interatomic distances matrix (angstrom):

\     C1    H2    H3    H4
H2  1.08
H3  1.08  1.87
H4  1.08  1.87  1.87
H5     9   9.2  8.53  9.43

Molpro::pot: 1-th molpro energy = -7.86173e-05 kcal/mole

Molpro::pot: 0-th energy correction = -4.39748e-06 kcal/mole
Molpro::pot: 1-th energy correction = 0 kcal/mole
molpro_pot: 0-th energy = -8.30148e-05 kcal/mol
molpro_pot: 1-th energy = -7.86173e-05 kcal/mol
molpro_pot: coordinates (angstrom):

C, 0.0837544, 0.501859, 0.247183
H, 0.445733, 1.19017, -0.499618
H, -0.561951, -0.312814, -0.0389848
H, 0.369792, 0.626235, 1.27928
H, -1.25082, -7.47914, -3.68384

molpro_pot: interatomic distances matrix (angstrom):

\     C1    H2    H3    H4
H2  1.08
H3  1.08  1.87
H4  1.08  1.87  1.87
H5     9  9.39  8.07  9.64

Molpro::pot: 1-th molpro energy = -5.82842e-05 kcal/mole

Molpro::pot: 0-th energy correction = -4.39495e-06 kcal/mole
Molpro::pot: 1-th energy correction = 0 kcal/mole
molpro_pot: 0-th energy = -6.26792e-05 kcal/mol
molpro_pot: 1-th energy = -5.82842e-05 kcal/mol

(2,0)-th SURFACE:

molpro_pot: coordinates (angstrom):

C, 0.0651698, -0.492664, -0.137603
H, 0.420332, -1.37352, -0.647964
H, 0.524792, 0.463489, -0.330054
H, -0.751308, -0.567281, 0.562624
H, -0.969781, 7.34338, 2.05381

molpro_pot: interatomic distances matrix (angstrom):

\     C1    H2    H3    H4
H2  1.08
H3  1.08  1.87
H4  1.08  1.87  1.87
H5   8.2  9.23  7.43  8.05

Molpro::pot: 1-th molpro energy = -0.000209278 kcal/mole

Molpro::pot: 0-th energy correction = -2.15026e-05 kcal/mole
Molpro::pot: 1-th energy correction = 0 kcal/mole
molpro_pot: 0-th energy = -0.00023078 kcal/mol
molpro_pot: 1-th energy = -0.000209278 kcal/mol
molpro_pot: coordinates (angstrom):

C, 0.47808, 0.19255, 0.0109579
H, 0.382886, -0.304719, 0.962891
H, -0.305175, 0.847661, -0.33525
H, 1.35751, 0.0372766, -0.593202
H, -7.12764, -2.87287, -0.164913

molpro_pot: interatomic distances matrix (angstrom):

\     C1    H2    H3    H4
H2  1.08
H3  1.08  1.87
H4  1.08  1.87  1.87
H5   8.2  8.02  7.77  8.98

Molpro::pot: 1-th molpro energy = -0.00016115 kcal/mole

Molpro::pot: 0-th energy correction = -2.15086e-05 kcal/mole
Molpro::pot: 1-th energy correction = 0 kcal/mole
molpro_pot: 0-th energy = -0.000182659 kcal/mol
molpro_pot: 1-th energy = -0.00016115 kcal/mol
molpro_pot: coordinates (angstrom):

C, 0.273418, -0.324819, -0.29298
H, 0.276252, -0.89502, 0.622104
H, -0.501801, -0.484967, -1.02504
H, 1.04367, 0.407451, -0.474674
H, -4.07367, 4.84011, 4.36606

molpro_pot: interatomic distances matrix (angstrom):

\     C1    H2    H3    H4
H2  1.08
H3  1.08  1.87
H4  1.08  1.87  1.87
H5   8.2  8.11  8.38  8.32

Molpro::pot: 1-th molpro energy = -0.000197185 kcal/mole

Molpro::pot: 0-th energy correction = -2.14942e-05 kcal/mole
Molpro::pot: 1-th energy correction = 0 kcal/mole
molpro_pot: 0-th energy = -0.000218679 kcal/mol
molpro_pot: 1-th energy = -0.000197185 kcal/mol
molpro_pot: coordinates (angstrom):

C, 0.491226, -0.0754965, 0.136963
H, 1.2591, 0.197279, 0.842988
H, 0.259727, 0.580084, -0.687137
H, -0.0428623, -1.00489, 0.253117
H, -7.32491, 1.12645, -2.03976

molpro_pot: interatomic distances matrix (angstrom):

\     C1    H2    H3    H4
H2  1.08
H3  1.08  1.87
H4  1.08  1.87  1.87
H5   8.2   9.1  7.72  7.93

Molpro::pot: 1-th molpro energy = -0.000123178 kcal/mole

Molpro::pot: 0-th energy correction = -2.15084e-05 kcal/mole
Molpro::pot: 1-th energy correction = 0 kcal/mole
molpro_pot: 0-th energy = -0.000144686 kcal/mol
molpro_pot: 1-th energy = -0.000123178 kcal/mol
molpro_pot: coordinates (angstrom):

C, 0.474391, 0.0265313, 0.200579
H, 1.21319, 0.543776, -0.390305
H, 0.4688, 0.136914, 1.2731
H, -0.260493, -0.598409, -0.280998
H, -7.07, -0.398184, -2.99006

molpro_pot: interatomic distances matrix (angstrom):

\     C1    H2    H3    H4
H2  1.08
H3  1.08  1.87
H4  1.08  1.87  1.87
H5   8.2  8.73  8.68  7.33

Molpro::pot: 1-th molpro energy = -0.000172797 kcal/mole

Molpro::pot: 0-th energy correction = -2.14991e-05 kcal/mole
Molpro::pot: 1-th energy correction = 0 kcal/mole
molpro_pot: 0-th energy = -0.000194296 kcal/mol
molpro_pot: 1-th energy = -0.000172797 kcal/mol

(3,0)-th SURFACE:

molpro_pot: coordinates (angstrom):

C, 0.217992, -0.389445, -0.154378
H, -0.087894, -0.584621, 0.860932
H, 0.822841, 0.474638, -0.378063
H, -0.0781895, -1.05969, -0.945306
H, -3.25235, 5.80673, 2.30059

molpro_pot: interatomic distances matrix (angstrom):

\     C1    H2    H3    H4
H2  1.08
H3  1.08  1.87
H4  1.08  1.87  1.87
H5  7.51  7.28  7.23  8.23

Molpro::pot: 1-th molpro energy = -0.000291338 kcal/mole

Molpro::pot: 0-th energy correction = -8.51421e-05 kcal/mole
Molpro::pot: 1-th energy correction = 0 kcal/mole
molpro_pot: 0-th energy = -0.00037648 kcal/mol
molpro_pot: 1-th energy = -0.000291338 kcal/mol
molpro_pot: coordinates (angstrom):

C, -0.035389, 0.462572, -0.0879631
H, 0.815987, 0.325323, -0.735139
H, 0.0703986, 1.01618, 0.831193
H, -0.992926, 0.049084, -0.361226
H, 0.52791, -6.89835, 1.31253

molpro_pot: interatomic distances matrix (angstrom):

\     C1    H2    H3    H4
H2  1.08
H3  1.08  1.87
H4  1.08  1.87  1.87
H5  7.51  7.51  7.94  7.31

Molpro::pot: 1-th molpro energy = -0.000318008 kcal/mole

Molpro::pot: 0-th energy correction = -8.51526e-05 kcal/mole
Molpro::pot: 1-th energy correction = 0 kcal/mole
molpro_pot: 0-th energy = -0.00040316 kcal/mol
molpro_pot: 1-th energy = -0.000318008 kcal/mol
molpro_pot: coordinates (angstrom):

C, 0.354166, -0.262153, -0.170093
H, 0.270805, -1.10956, -0.831504
H, 1.27459, -0.0826341, 0.36198
H, -0.481446, 0.407284, -0.043102
H, -5.28094, 3.90633, 2.5379

molpro_pot: interatomic distances matrix (angstrom):

\     C1    H2    H3    H4
H2  1.08
H3  1.08  1.87
H4  1.08  1.87  1.87
H5  7.51  8.21  7.98  6.48

Molpro::pot: 1-th molpro energy = -0.000334218 kcal/mole

Molpro::pot: 0-th energy correction = -8.51298e-05 kcal/mole
Molpro::pot: 1-th energy correction = 0 kcal/mole
molpro_pot: 0-th energy = -0.000419348 kcal/mol
molpro_pot: 1-th energy = -0.000334218 kcal/mol
molpro_pot: coordinates (angstrom):

C, -0.281856, -0.119393, -0.359668
H, -0.18879, -0.989796, 0.269818
H, 0.578732, 0.501211, -0.551394
H, -1.23436, 0.12867, -0.799811
H, 4.20042, 1.78151, 5.36389

molpro_pot: interatomic distances matrix (angstrom):

\     C1    H2    H3    H4
H2  1.08
H3  1.08  1.87
H4  1.08  1.87  1.87
H5  7.51  7.27  7.05  8.38

Molpro::pot: 1-th molpro energy = -0.000351629 kcal/mole

Molpro::pot: 0-th energy correction = -8.51353e-05 kcal/mole
Molpro::pot: 1-th energy correction = 0 kcal/mole
molpro_pot: 0-th energy = -0.000436764 kcal/mol
molpro_pot: 1-th energy = -0.000351629 kcal/mol
molpro_pot: coordinates (angstrom):

C, -0.303086, -0.247201, -0.264604
H, -0.810949, 0.634299, -0.621743
H, -0.382919, -0.531961, 0.772246
H, 0.281869, -0.845498, -0.944595
H, 4.52079, 3.68654, 3.94469

molpro_pot: interatomic distances matrix (angstrom):

\     C1    H2    H3    H4
H2  1.08
H3  1.08  1.87
H4  1.08  1.87  1.87
H5  7.51  7.65   7.2   7.9

Molpro::pot: 1-th molpro energy = -0.000302791 kcal/mole

Molpro::pot: 0-th energy correction = -8.51487e-05 kcal/mole
Molpro::pot: 1-th energy correction = 0 kcal/mole
molpro_pot: 0-th energy = -0.00038794 kcal/mol
molpro_pot: 1-th energy = -0.000302791 kcal/mol

(4,0)-th SURFACE:

molpro_pot: coordinates (angstrom):

C, 0.0244882, 0.416088, -0.114883
H, 0.306372, 1.11694, -0.884213
H, 0.727307, 0.155488, 0.660134
H, -0.960835, -0.0216846, -0.118697
H, -0.364421, -6.20503, 1.71067

molpro_pot: interatomic distances matrix (angstrom):

\     C1    H2    H3    H4
H2  1.08
H3  1.08  1.87
H4  1.08  1.87  1.87
H5  6.88   7.8  6.54  6.48

Molpro::pot: 1-th molpro energy = -0.000596737 kcal/mole

Molpro::pot: 0-th energy correction = -0.000303166 kcal/mole
Molpro::pot: 1-th energy correction = 0 kcal/mole
molpro_pot: 0-th energy = -0.000899903 kcal/mol
molpro_pot: 1-th energy = -0.000596737 kcal/mol
molpro_pot: coordinates (angstrom):

C, -0.315915, -0.1193, 0.269912
H, -0.204456, -0.195649, 1.33961
H, -0.536864, -0.99916, -0.312795
H, -0.209558, 0.836982, -0.216642
H, 4.71242, 1.77831, -4.02397

molpro_pot: interatomic distances matrix (angstrom):

\     C1    H2    H3    H4
H2  1.08
H3  1.08  1.87
H4  1.08  1.87  1.87
H5  6.88  7.54     7  6.29

Molpro::pot: 1-th molpro energy = -0.000540066 kcal/mole

Molpro::pot: 0-th energy correction = -0.000303194 kcal/mole
Molpro::pot: 1-th energy correction = 0 kcal/mole
molpro_pot: 0-th energy = -0.00084326 kcal/mol
molpro_pot: 1-th energy = -0.000540066 kcal/mol
molpro_pot: coordinates (angstrom):

C, -0.426328, 0.0718548, 0.00537505
H, 0.419879, -0.334177, 0.536022
H, -0.817085, -0.441317, -0.858617
H, -0.883614, 0.989036, 0.340322
H, 6.35704, -1.06911, -0.0817269

molpro_pot: interatomic distances matrix (angstrom):

\     C1    H2    H3    H4
H2  1.08
H3  1.08  1.87
H4  1.08  1.87  1.87
H5  6.88  6.01  7.24  7.54

Molpro::pot: 1-th molpro energy = -0.000667878 kcal/mole

Molpro::pot: 0-th energy correction = -0.000303152 kcal/mole
Molpro::pot: 1-th energy correction = 0 kcal/mole
molpro_pot: 0-th energy = -0.00097103 kcal/mol
molpro_pot: 1-th energy = -0.000667878 kcal/mol
molpro_pot: coordinates (angstrom):

C, 0.346345, 0.255165, -0.0435882
H, 0.0669858, -0.489256, -0.771813
H, 1.35758, 0.628161, -0.0152865
H, -0.385907, 0.62878, 0.65408
H, -5.16252, -3.80589, 0.652017

molpro_pot: interatomic distances matrix (angstrom):

\     C1    H2    H3    H4
H2  1.08
H3  1.08  1.87
H4  1.08  1.87  1.87
H5  6.88  6.35  7.91  6.52

Molpro::pot: 1-th molpro energy = -0.000625472 kcal/mole

Molpro::pot: 0-th energy correction = -0.00030314 kcal/mole
Molpro::pot: 1-th energy correction = 0 kcal/mole
molpro_pot: 0-th energy = -0.000928612 kcal/mol
molpro_pot: 1-th energy = -0.000625472 kcal/mol
molpro_pot: coordinates (angstrom):

C, 0.28452, 0.295373, -0.137787
H, 1.04829, 0.60363, 0.55802
H, 0.196294, -0.742638, -0.415758
H, -0.39278, 1.02425, -0.553139
H, -4.23954, -4.4022, 2.05149

molpro_pot: interatomic distances matrix (angstrom):

\     C1    H2    H3    H4
H2  1.08
H3  1.08  1.87
H4  1.08  1.87  1.87
H5  6.88  7.43  6.26  7.14

Molpro::pot: 1-th molpro energy = -0.000544107 kcal/mole

Molpro::pot: 0-th energy correction = -0.000302988 kcal/mole
Molpro::pot: 1-th energy correction = 0 kcal/mole
molpro_pot: 0-th energy = -0.000847095 kcal/mol
molpro_pot: 1-th energy = -0.000544107 kcal/mol

(4,0)-th SURFACE:

molpro_pot: coordinates (angstrom):

C, 0.331668, 0.0629015, 0.270309
H, 0.588103, -0.29087, 1.25601
H, 1.0433, 0.641781, -0.296261
H, -0.634805, -0.164676, -0.149999
H, -4.94571, -0.935192, -4.02827

molpro_pot: interatomic distances matrix (angstrom):

\     C1    H2    H3    H4
H2  1.08
H3  1.08  1.87
H4  1.08  1.87  1.87
H5  6.88  7.68  7.23  5.85

Molpro::pot: 1-th molpro energy = -0.000823787 kcal/mole

Molpro::pot: 0-th energy correction = -0.000303096 kcal/mole
Molpro::pot: 1-th energy correction = 0 kcal/mole
molpro_pot: 0-th energy = -0.00112688 kcal/mol
molpro_pot: 1-th energy = -0.000823787 kcal/mol
molpro_pot: coordinates (angstrom):

C, 0.409868, 0.0674632, 0.119997
H, -0.406604, 0.373927, -0.514014
H, 1.0591, -0.736177, -0.188509
H, 0.579018, 0.566412, 1.06072
H, -6.11174, -1.00744, -1.78697

molpro_pot: interatomic distances matrix (angstrom):

\     C1    H2    H3    H4
H2  1.08
H3  1.08  1.87
H4  1.08  1.87  1.87
H5  6.88  6.01  7.35  7.44

Molpro::pot: 1-th molpro energy = -0.000668579 kcal/mole

Molpro::pot: 0-th energy correction = -0.000303156 kcal/mole
Molpro::pot: 1-th energy correction = 0 kcal/mole
molpro_pot: 0-th energy = -0.000971734 kcal/mol
molpro_pot: 1-th energy = -0.000668579 kcal/mol
molpro_pot: coordinates (angstrom):

C, 0.139241, -0.378809, 0.155205
H, 0.174485, 0.578079, 0.650826
H, 0.277883, -0.437881, -0.912413
H, -0.0314798, -1.27665, 0.727267
H, -2.07881, 5.64686, -2.31368

molpro_pot: interatomic distances matrix (angstrom):

\     C1    H2    H3    H4
H2  1.08
H3  1.08  1.87
H4  1.08  1.87  1.87
H5  6.88  6.29  6.67  7.83

Molpro::pot: 1-th molpro energy = -0.000596279 kcal/mole

Molpro::pot: 0-th energy correction = -0.000303134 kcal/mole
Molpro::pot: 1-th energy correction = 0 kcal/mole
molpro_pot: 0-th energy = -0.000899413 kcal/mol
molpro_pot: 1-th energy = -0.000596279 kcal/mol
molpro_pot: coordinates (angstrom):

C, 0.37608, 0.115405, 0.179357
H, -0.575498, 0.575294, 0.392705
H, 0.751793, 0.0987336, -0.831128
H, 0.953231, -0.324922, 0.976558
H, -5.60745, -1.72321, -2.67371

molpro_pot: interatomic distances matrix (angstrom):

\     C1    H2    H3    H4
H2  1.08
H3  1.08  1.87
H4  1.08  1.87  1.87
H5  6.88  6.33  6.87  7.64

Molpro::pot: 1-th molpro energy = -0.000572598 kcal/mole

Molpro::pot: 0-th energy correction = -0.000303169 kcal/mole
Molpro::pot: 1-th energy correction = 0 kcal/mole
molpro_pot: 0-th energy = -0.000875766 kcal/mol
molpro_pot: 1-th energy = -0.000572598 kcal/mol
molpro_pot: coordinates (angstrom):

C, -0.0488083, -0.406605, 0.139113
H, -1.09498, -0.600084, -0.0358401
H, 0.374924, 0.547541, -0.130286
H, 0.572793, -1.16576, 0.586119
H, 0.728413, 6.05967, -2.07638

molpro_pot: interatomic distances matrix (angstrom):

\     C1    H2    H3    H4
H2  1.08
H3  1.08  1.87
H4  1.08  1.87  1.87
H5  6.88   7.2  5.86   7.7

Molpro::pot: 1-th molpro energy = -0.000785435 kcal/mole

Molpro::pot: 0-th energy correction = -0.000303072 kcal/mole
Molpro::pot: 1-th energy correction = 0 kcal/mole
molpro_pot: 0-th energy = -0.00108851 kcal/mol
molpro_pot: 1-th energy = -0.000785435 kcal/mol

(5,0)-th SURFACE:

molpro_pot: coordinates (angstrom):

C, -0.171305, 0.0834043, 0.354625
H, 0.42399, -0.242659, -0.483123
H, 0.304043, 0.539719, 1.20805
H, -1.24183, -0.0439191, 0.337748
H, 2.5535, -1.24622, -5.28514

molpro_pot: interatomic distances matrix (angstrom):

\     C1    H2    H3    H4
H2  1.08
H3  1.08  1.87
H4  1.08  1.87  1.87
H5   6.4  5.35   7.1  6.89

Molpro::pot: 1-th molpro energy = -0.00159611 kcal/mole

Molpro::pot: 0-th energy correction = -0.000785615 kcal/mole
Molpro::pot: 1-th energy correction = 0 kcal/mole
molpro_pot: 0-th energy = -0.00238172 kcal/mol
molpro_pot: 1-th energy = -0.00159611 kcal/mol
molpro_pot: coordinates (angstrom):

C, -0.226376, 0.235346, 0.235083
H, 0.687521, 0.759756, 0.463778
H, -0.325893, -0.80838, 0.48658
H, -1.04164, 0.755115, -0.242104
H, 3.37543, -3.50872, -3.50735

molpro_pot: interatomic distances matrix (angstrom):

\     C1    H2    H3    H4
H2  1.08
H3  1.08  1.87
H4  1.08  1.87  1.87
H5   6.4  6.42  6.08  6.95

Molpro::pot: 1-th molpro energy = -0.000880594 kcal/mole

Molpro::pot: 0-th energy correction = -0.000785933 kcal/mole
Molpro::pot: 1-th energy correction = 0 kcal/mole
molpro_pot: 0-th energy = -0.00166653 kcal/mol
molpro_pot: 1-th energy = -0.000880594 kcal/mol
molpro_pot: coordinates (angstrom):

C, -0.396649, -0.06246, -0.028356
H, -1.03051, 0.643385, 0.484015
H, -0.828395, -0.779915, -0.7076
H, 0.668867, -0.0489325, 0.136
H, 5.91287, 0.929162, 0.425215

molpro_pot: interatomic distances matrix (angstrom):

\     C1    H2    H3    H4
H2  1.08
H3  1.08  1.87
H4  1.08  1.87  1.87
H5   6.4  6.95  7.05  5.34

Molpro::pot: 1-th molpro energy = -0.00166869 kcal/mole

Molpro::pot: 0-th energy correction = -0.000785664 kcal/mole
Molpro::pot: 1-th energy correction = 0 kcal/mole
molpro_pot: 0-th energy = -0.00245436 kcal/mol
molpro_pot: 1-th energy = -0.00166869 kcal/mol
molpro_pot: coordinates (angstrom):

C, 0.330778, 0.227074, 0.0316788
H, -0.525272, 0.375414, 0.670184
H, 1.09595, 0.984351, -0.027959
H, 0.423262, -0.679479, -0.544628
H, -4.93246, -3.38401, -0.47479

molpro_pot: interatomic distances matrix (angstrom):

\     C1    H2    H3    H4
H2  1.08
H3  1.08  1.87
H4  1.08  1.87  1.87
H5   6.4   5.9  7.46     6

Molpro::pot: 1-th molpro energy = -0.000960036 kcal/mole

Molpro::pot: 0-th energy correction = -0.000785772 kcal/mole
Molpro::pot: 1-th energy correction = 0 kcal/mole
molpro_pot: 0-th energy = -0.00174581 kcal/mol
molpro_pot: 1-th energy = -0.000960036 kcal/mol
molpro_pot: coordinates (angstrom):

C, 0.252081, 0.029747, -0.312658
H, 1.28172, -0.0370494, 0.000228997
H, -0.250879, -0.841853, -0.69978
H, -0.275415, 0.966941, -0.23561
H, -3.75691, -0.442231, 4.65792

molpro_pot: interatomic distances matrix (angstrom):

\     C1    H2    H3    H4
H2  1.08
H3  1.08  1.87
H4  1.08  1.87  1.87
H5   6.4  6.87  6.42  6.17

Molpro::pot: 1-th molpro energy = -0.000866027 kcal/mole

Molpro::pot: 0-th energy correction = -0.000785374 kcal/mole
Molpro::pot: 1-th energy correction = 0 kcal/mole
molpro_pot: 0-th energy = -0.0016514 kcal/mol
molpro_pot: 1-th energy = -0.000866027 kcal/mol

(6,0)-th SURFACE:

molpro_pot: coordinates (angstrom):

C, -0.0632969, 0.2581, -0.265962
H, -0.449973, -0.208154, 0.626005
H, -0.281042, 1.29421, -0.469869
H, 0.54346, -0.310561, -0.95225
H, 0.941221, -3.84865, 3.96287

molpro_pot: interatomic distances matrix (angstrom):

\     C1    H2    H3    H4
H2  1.08
H3  1.08  1.87
H4  1.08  1.87  1.87
H5  5.98  5.13   6.9  6.07

Molpro::pot: 1-th molpro energy = -0.00230579 kcal/mole

Molpro::pot: 0-th energy correction = -0.00183187 kcal/mole
Molpro::pot: 1-th energy correction = 0 kcal/mole
molpro_pot: 0-th energy = -0.00413765 kcal/mol
molpro_pot: 1-th energy = -0.00230579 kcal/mol
molpro_pot: coordinates (angstrom):

C, -0.0431343, 0.371217, -0.0420618
H, 0.925438, 0.0738987, 0.326699
H, -0.507192, -0.181069, -0.843404
H, -0.548914, 1.21856, 0.392345
H, 0.644261, -5.53141, 0.625183

molpro_pot: interatomic distances matrix (angstrom):

\     C1    H2    H3    H4
H2  1.08
H3  1.08  1.87
H4  1.08  1.87  1.87
H5  5.98  5.62  5.67  6.86

Molpro::pot: 1-th molpro energy = -0.00155264 kcal/mole

Molpro::pot: 0-th energy correction = -0.00183151 kcal/mole
Molpro::pot: 1-th energy correction = 0 kcal/mole
molpro_pot: 0-th energy = -0.00338415 kcal/mol
molpro_pot: 1-th energy = -0.00155264 kcal/mol
molpro_pot: coordinates (angstrom):

C, -0.155974, 0.341494, 0.0175376
H, 0.832378, 0.044015, -0.294202
H, -0.6105, -0.119734, 0.879624
H, -0.688437, 1.10208, -0.530656
H, 2.32372, -5.09247, -0.263583

molpro_pot: interatomic distances matrix (angstrom):

\     C1    H2    H3    H4
H2  1.08
H3  1.08  1.87
H4  1.08  1.87  1.87
H5  5.98  5.35  5.89  6.89

Molpro::pot: 1-th molpro energy = -0.00181498 kcal/mole

Molpro::pot: 0-th energy correction = -0.00183237 kcal/mole
Molpro::pot: 1-th energy correction = 0 kcal/mole
molpro_pot: 0-th energy = -0.00364735 kcal/mol
molpro_pot: 1-th energy = -0.00181498 kcal/mol
molpro_pot: coordinates (angstrom):

C, 0.00834109, -0.352729, 0.129769
H, -0.669843, 0.477389, 0.245899
H, 0.931204, -0.222559, -0.412354
H, -0.234674, -1.31185, 0.558192
H, -0.126003, 5.2569, -1.93688

molpro_pot: interatomic distances matrix (angstrom):

\     C1    H2    H3    H4
H2  1.08
H3  1.08  1.87
H4  1.08  1.87  1.87
H5  5.98  5.28  5.79  7.03

Molpro::pot: 1-th molpro energy = -0.00187843 kcal/mole

Molpro::pot: 0-th energy correction = -0.00183202 kcal/mole
Molpro::pot: 1-th energy correction = 0 kcal/mole
molpro_pot: 0-th energy = -0.00371045 kcal/mol
molpro_pot: 1-th energy = -0.00187843 kcal/mol
molpro_pot: coordinates (angstrom):

C, 0.135495, 0.201745, -0.286843
H, -0.432506, 0.263056, 0.627559
H, 0.559266, -0.74039, -0.595577
H, 0.277116, 1.08147, -0.893927
H, -2.01719, -3.00628, 4.27733

molpro_pot: interatomic distances matrix (angstrom):

\     C1    H2    H3    H4
H2  1.08
H3  1.08  1.87
H4  1.08  1.87  1.87
H5  5.98  5.15  5.96  6.98

Molpro::pot: 1-th molpro energy = -0.00224655 kcal/mole

Molpro::pot: 0-th energy correction = -0.00183196 kcal/mole
Molpro::pot: 1-th energy correction = 0 kcal/mole
molpro_pot: 0-th energy = -0.00407851 kcal/mol
molpro_pot: 1-th energy = -0.00224655 kcal/mol

(7,0)-th SURFACE:

molpro_pot: coordinates (angstrom):

C, -0.0479861, -0.328938, 0.117945
H, -1.11937, -0.286687, 0.00454562
H, 0.575666, 0.393586, -0.383589
H, 0.399494, -1.09145, 0.735079
H, 0.715575, 4.90116, -1.76038

molpro_pot: interatomic distances matrix (angstrom):

\     C1    H2    H3    H4
H2  1.08
H3  1.08  1.87
H4  1.08  1.87  1.87
H5  5.61  5.78  4.72   6.5

Molpro::pot: 1-th molpro energy = -0.00442985 kcal/mole

Molpro::pot: 0-th energy correction = -0.00384241 kcal/mole
Molpro::pot: 1-th energy correction = 0 kcal/mole
molpro_pot: 0-th energy = -0.00827226 kcal/mol
molpro_pot: 1-th energy = -0.00442985 kcal/mol
molpro_pot: coordinates (angstrom):

C, -0.343373, -0.00588562, -0.0796983
H, -0.404652, -1.03305, 0.24233
H, 0.5702, 0.369441, -0.512171
H, -1.19624, 0.644943, 0.0278003
H, 5.11918, 0.0887406, 1.19099

molpro_pot: interatomic distances matrix (angstrom):

\     C1    H2    H3    H4
H2  1.08
H3  1.08  1.87
H4  1.08  1.87  1.87
H5  5.61  5.72  4.87  6.45

Molpro::pot: 1-th molpro energy = -0.00377771 kcal/mole

Molpro::pot: 0-th energy correction = -0.00384374 kcal/mole
Molpro::pot: 1-th energy correction = 0 kcal/mole
molpro_pot: 0-th energy = -0.00762145 kcal/mol
molpro_pot: 1-th energy = -0.00377771 kcal/mol
molpro_pot: coordinates (angstrom):

C, 0.230108, -0.153201, -0.218707
H, 0.722651, 0.219893, -1.10229
H, -0.247914, -1.11949, -0.2359
H, 0.218196, 0.438311, 0.682677
H, -3.43279, 2.28543, 3.25962

molpro_pot: interatomic distances matrix (angstrom):

\     C1    H2    H3    H4
H2  1.08
H3  1.08  1.87
H4  1.08  1.87  1.87
H5  5.61  6.37  5.83  4.84

Molpro::pot: 1-th molpro energy = -0.00394971 kcal/mole

Molpro::pot: 0-th energy correction = -0.00384416 kcal/mole
Molpro::pot: 1-th energy correction = 0 kcal/mole
molpro_pot: 0-th energy = -0.00779387 kcal/mol
molpro_pot: 1-th energy = -0.00394971 kcal/mol
molpro_pot: coordinates (angstrom):

C, 0.224242, 0.265094, -0.0621498
H, -0.0183431, -0.625911, -0.618726
H, 0.276116, 1.21719, -0.565472
H, 0.411854, 0.204628, 0.997882
H, -3.33964, -3.95235, 0.926323

molpro_pot: interatomic distances matrix (angstrom):

\     C1    H2    H3    H4
H2  1.08
H3  1.08  1.87
H4  1.08  1.87  1.87
H5  5.61  4.95  6.48   5.6

Molpro::pot: 1-th molpro energy = -0.00339471 kcal/mole

Molpro::pot: 0-th energy correction = -0.00384231 kcal/mole
Molpro::pot: 1-th energy correction = 0 kcal/mole
molpro_pot: 0-th energy = -0.00723703 kcal/mol
molpro_pot: 1-th energy = -0.00339471 kcal/mol
molpro_pot: coordinates (angstrom):

C, -0.338964, -0.0584764, 0.0777811
H, 0.72327, -0.152597, -0.081325
H, -0.839972, -0.714636, 0.771297
H, -0.89954, 0.69349, -0.454029
H, 5.05223, 0.870012, -1.16207

molpro_pot: interatomic distances matrix (angstrom):

\     C1    H2    H3    H4
H2  1.08
H3  1.08  1.87
H4  1.08  1.87  1.87
H5  5.61  4.58   6.4     6

Molpro::pot: 1-th molpro energy = -0.00562707 kcal/mole

Molpro::pot: 0-th energy correction = -0.00384293 kcal/mole
Molpro::pot: 1-th energy correction = 0 kcal/mole
molpro_pot: 0-th energy = -0.00947 kcal/mol
molpro_pot: 1-th energy = -0.00562707 kcal/mol

(7,0)-th SURFACE:

molpro_pot: coordinates (angstrom):

C, 0.180207, -0.278962, -0.118582
H, -0.695462, 0.33997, -0.0061472
H, 0.174428, -1.09814, -0.819608
H, 1.06241, -0.0769974, 0.467463
H, -2.68707, 4.15671, 1.77022

molpro_pot: interatomic distances matrix (angstrom):

\     C1    H2    H3    H4
H2  1.08
H3  1.08  1.87
H4  1.08  1.87  1.87
H5  5.61  4.66  6.52   5.8

Molpro::pot: 1-th molpro energy = -0.00487568 kcal/mole

Molpro::pot: 0-th energy correction = -0.00384304 kcal/mole
Molpro::pot: 1-th energy correction = 0 kcal/mole
molpro_pot: 0-th energy = -0.00871871 kcal/mol
molpro_pot: 1-th energy = -0.00487568 kcal/mol
molpro_pot: coordinates (angstrom):

C, 0.198413, 0.281267, -0.0772734
H, 1.22796, 0.12855, -0.358736
H, -0.479958, 0.768121, -0.759406
H, -0.153491, -0.0554606, 0.884651
H, -2.95699, -4.19021, 1.15357

molpro_pot: interatomic distances matrix (angstrom):

\     C1    H2    H3    H4
H2  1.08
H3  1.08  1.87
H4  1.08  1.87  1.87
H5  5.61   6.2  5.86     5

Molpro::pot: 1-th molpro energy = -0.00348 kcal/mole

Molpro::pot: 0-th energy correction = -0.00384201 kcal/mole
Molpro::pot: 1-th energy correction = 0 kcal/mole
molpro_pot: 0-th energy = -0.00732201 kcal/mol
molpro_pot: 1-th energy = -0.00348 kcal/mol
molpro_pot: coordinates (angstrom):

C, -0.333123, -0.0639692, 0.0957761
H, -0.151563, -0.0457002, -0.96687
H, -1.12965, 0.528602, 0.516406
H, 0.279529, -0.676904, 0.73725
H, 4.96812, 0.955673, -1.42718

molpro_pot: interatomic distances matrix (angstrom):

\     C1    H2    H3    H4
H2  1.08
H3  1.08  1.87
H4  1.08  1.87  1.87
H5  5.61  5.24  6.41  5.42

Molpro::pot: 1-th molpro energy = -0.0030313 kcal/mole

Molpro::pot: 0-th energy correction = -0.00384434 kcal/mole
Molpro::pot: 1-th energy correction = 0 kcal/mole
molpro_pot: 0-th energy = -0.00687565 kcal/mol
molpro_pot: 1-th energy = -0.0030313 kcal/mol
molpro_pot: coordinates (angstrom):

C, -0.264744, -0.188387, -0.136867
H, -0.928496, -0.942837, 0.25397
H, 0.716977, -0.060978, 0.290344
H, -0.581304, 0.43638, -0.956609
H, 3.94509, 2.81053, 2.04195

molpro_pot: interatomic distances matrix (angstrom):

\     C1    H2    H3    H4
H2  1.08
H3  1.08  1.87
H4  1.08  1.87  1.87
H5  5.61  6.41  4.66  5.93

Molpro::pot: 1-th molpro energy = -0.00492964 kcal/mole

Molpro::pot: 0-th energy correction = -0.00384352 kcal/mole
Molpro::pot: 1-th energy correction = 0 kcal/mole
molpro_pot: 0-th energy = -0.00877316 kcal/mol
molpro_pot: 1-th energy = -0.00492964 kcal/mol
molpro_pot: coordinates (angstrom):

C, 0.0714224, 0.15554, 0.308477
H, -0.793593, -0.176864, 0.859631
H, 0.527798, -0.494267, -0.4209
H, 0.47812, 1.13849, 0.484314
H, -1.06274, -2.31935, -4.59603

molpro_pot: interatomic distances matrix (angstrom):

\     C1    H2    H3    H4
H2  1.08
H3  1.08  1.87
H4  1.08  1.87  1.87
H5  5.61  5.87  4.83  6.34

Molpro::pot: 1-th molpro energy = -0.00398112 kcal/mole

Molpro::pot: 0-th energy correction = -0.00384199 kcal/mole
Molpro::pot: 1-th energy correction = 0 kcal/mole
molpro_pot: 0-th energy = -0.00782311 kcal/mol
molpro_pot: 1-th energy = -0.00398112 kcal/mol

(8,0)-th SURFACE:

molpro_pot: coordinates (angstrom):

C, -0.265962, -0.0176074, 0.199291
H, 0.324846, 0.723777, 0.712914
H, -0.224898, -0.088905, -0.875767
H, -0.895246, -0.689511, 0.7606
H, 3.96207, 0.264287, -2.97066

molpro_pot: interatomic distances matrix (angstrom):

\     C1    H2    H3    H4
H2  1.08
H3  1.08  1.87
H4  1.08  1.87  1.87
H5  5.29   5.2   4.7   6.2

Molpro::pot: 1-th molpro energy = -0.00573435 kcal/mole

Molpro::pot: 0-th energy correction = -0.00725002 kcal/mole
Molpro::pot: 1-th energy correction = 0 kcal/mole
molpro_pot: 0-th energy = -0.0129844 kcal/mol
molpro_pot: 1-th energy = -0.00573435 kcal/mol
molpro_pot: coordinates (angstrom):

C, -0.0617894, -0.286556, 0.157581
H, 0.00603232, 0.658619, 0.671936
H, -0.959786, -0.878355, 0.234347
H, 0.766795, -0.638441, -0.435837
H, 0.922675, 4.27015, -2.34674

molpro_pot: interatomic distances matrix (angstrom):

\     C1    H2    H3    H4
H2  1.08
H3  1.08  1.87
H4  1.08  1.87  1.87
H5  5.29   4.8  6.06  5.27

Molpro::pot: 1-th molpro energy = -0.00613447 kcal/mole

Molpro::pot: 0-th energy correction = -0.00725 kcal/mole
Molpro::pot: 1-th energy correction = 0 kcal/mole
molpro_pot: 0-th energy = -0.0133845 kcal/mol
molpro_pot: 1-th energy = -0.00613447 kcal/mol
molpro_pot: coordinates (angstrom):

C, -0.283319, 0.165442, -0.0545327
H, -1.0653, 0.443024, -0.742991
H, 0.748614, 0.343612, -0.31122
H, -0.533199, -0.287295, 0.89157
H, 4.22331, -2.46923, 0.811953

molpro_pot: interatomic distances matrix (angstrom):

\     C1    H2    H3    H4
H2  1.08
H3  1.08  1.87
H4  1.08  1.87  1.87
H5  5.29  6.23  4.61  5.23

Molpro::pot: 1-th molpro energy = -0.0058293 kcal/mole

Molpro::pot: 0-th energy correction = -0.00725326 kcal/mole
Molpro::pot: 1-th energy correction = 0 kcal/mole
molpro_pot: 0-th energy = -0.0130826 kcal/mol
molpro_pot: 1-th energy = -0.0058293 kcal/mol
molpro_pot: coordinates (angstrom):

C, -0.156032, -0.198754, 0.2167
H, -0.316086, 0.447749, 1.0646
H, -0.840532, -0.174445, -0.616
H, 0.689865, -0.86711, 0.200022
H, 2.3246, 2.96033, -3.22882

molpro_pot: interatomic distances matrix (angstrom):

\     C1    H2    H3    H4
H2  1.08
H3  1.08  1.87
H4  1.08  1.87  1.87
H5  5.29  5.63  5.16  5.39

Molpro::pot: 1-th molpro energy = -0.00692704 kcal/mole

Molpro::pot: 0-th energy correction = -0.00724904 kcal/mole
Molpro::pot: 1-th energy correction = 0 kcal/mole
molpro_pot: 0-th energy = -0.0141761 kcal/mol
molpro_pot: 1-th energy = -0.00692704 kcal/mol
molpro_pot: coordinates (angstrom):

C, -0.164469, 0.240592, 0.160295
H, 0.122115, -0.0135905, -0.847562
H, 0.512931, 0.050068, 0.977209
H, -1.12678, 0.687965, 0.350924
H, 2.45004, -3.58913, -2.38917

molpro_pot: interatomic distances matrix (angstrom):

\     C1    H2    H3    H4
H2  1.08
H3  1.08  1.87
H4  1.08  1.87  1.87
H5  5.29  4.54  5.32  6.21

Molpro::pot: 1-th molpro energy = -0.00619544 kcal/mole

Molpro::pot: 0-th energy correction = -0.00725294 kcal/mole
Molpro::pot: 1-th energy correction = 0 kcal/mole
molpro_pot: 0-th energy = -0.0134484 kcal/mol
molpro_pot: 1-th energy = -0.00619544 kcal/mol

(9,0)-th SURFACE:

molpro_pot: coordinates (angstrom):

C, 0.284908, -0.0569792, -0.124647
H, 0.290171, 0.469863, 0.816057
H, -0.518568, -0.737614, -0.356342
H, 1.08111, 0.0990065, -0.834748
H, -4.24506, 0.847186, 1.85919

molpro_pot: interatomic distances matrix (angstrom):

\     C1    H2    H3    H4
H2  1.08
H3  1.08  1.87
H4  1.08  1.87  1.87
H5  5.03  4.67  4.62  6.02

Molpro::pot: 1-th molpro energy = -0.00823095 kcal/mole

Molpro::pot: 0-th energy correction = -0.0123075 kcal/mole
Molpro::pot: 1-th energy correction = 0 kcal/mole
molpro_pot: 0-th energy = -0.0205384 kcal/mol
molpro_pot: 1-th energy = -0.00823095 kcal/mol
molpro_pot: coordinates (angstrom):

C, -0.00895995, -0.0420182, -0.313074
H, 0.00535556, -0.0043324, -1.39052
H, -0.54137, 0.711215, 0.245224
H, 0.50629, -0.834311, 0.205877
H, 0.136409, 0.627732, 4.66714

molpro_pot: interatomic distances matrix (angstrom):

\     C1    H2    H3    H4
H2  1.08
H3  1.08  1.87
H4  1.08  1.87  1.87
H5  5.03  6.09  4.47  4.71

Molpro::pot: 1-th molpro energy = -0.0069342 kcal/mole

Molpro::pot: 0-th energy correction = -0.0123112 kcal/mole
Molpro::pot: 1-th energy correction = 0 kcal/mole
molpro_pot: 0-th energy = -0.0192454 kcal/mol
molpro_pot: 1-th energy = -0.0069342 kcal/mol
molpro_pot: coordinates (angstrom):

C, -0.0020232, 0.311888, -0.0500789
H, -0.0920693, -0.247759, 0.867092
H, -0.82418, 0.91901, -0.39356
H, 0.910877, 0.266957, -0.622019
H, 0.0294626, -4.65181, 0.744768

molpro_pot: interatomic distances matrix (angstrom):

\     C1    H2    H3    H4
H2  1.08
H3  1.08  1.87
H4  1.08  1.87  1.87
H5  5.03  4.41  5.75  5.18

Molpro::pot: 1-th molpro energy = -0.0114595 kcal/mole

Molpro::pot: 0-th energy correction = -0.0123141 kcal/mole
Molpro::pot: 1-th energy correction = 0 kcal/mole
molpro_pot: 0-th energy = -0.0237736 kcal/mol
molpro_pot: 1-th energy = -0.0114595 kcal/mol
molpro_pot: coordinates (angstrom):

C, 0.19197, -0.250945, -0.00980493
H, -0.421201, -0.403116, 0.863912
H, -0.0455114, 0.539562, -0.703505
H, 1.04411, -0.886978, -0.18824
H, -2.86316, 3.73849, 0.144579

molpro_pot: interatomic distances matrix (angstrom):

\     C1    H2    H3    H4
H2  1.08
H3  1.08  1.87
H4  1.08  1.87  1.87
H5  5.03  4.86  4.35  6.06

Molpro::pot: 1-th molpro energy = -0.00747742 kcal/mole

Molpro::pot: 0-th energy correction = -0.0123088 kcal/mole
Molpro::pot: 1-th energy correction = 0 kcal/mole
molpro_pot: 0-th energy = -0.0197862 kcal/mol
molpro_pot: 1-th energy = -0.00747742 kcal/mol
molpro_pot: coordinates (angstrom):

C, -0.0668102, -0.284697, -0.120239
H, 0.793047, -0.234369, 0.528319
H, -0.959911, 0.267107, 0.125529
H, -0.0326335, -0.884083, -1.01583
H, 0.994995, 4.24119, 1.79365

molpro_pot: interatomic distances matrix (angstrom):

\     C1    H2    H3    H4
H2  1.08
H3  1.08  1.87
H4  1.08  1.87  1.87
H5  5.03  4.66  4.73  5.93

Molpro::pot: 1-th molpro energy = -0.00948558 kcal/mole

Molpro::pot: 0-th energy correction = -0.0123068 kcal/mole
Molpro::pot: 1-th energy correction = 0 kcal/mole
molpro_pot: 0-th energy = -0.0217924 kcal/mol
molpro_pot: 1-th energy = -0.00948558 kcal/mol

(10,0)-th SURFACE:

molpro_pot: coordinates (angstrom):

C, -0.226185, -0.108751, -0.129884
H, -0.306568, -0.0875379, -1.20487
H, -0.859113, 0.525132, 0.47021
H, 0.484628, -0.765792, 0.345049
H, 3.3742, 1.62308, 1.93613

molpro_pot: interatomic distances matrix (angstrom):

\     C1    H2    H3    H4
H2  1.08
H3  1.08  1.87
H4  1.08  1.87  1.87
H5   4.5  5.13  4.61  4.07

Molpro::pot: 1-th molpro energy = -0.0474384 kcal/mole

Molpro::pot: 0-th energy correction = -0.0354863 kcal/mole
Molpro::pot: 1-th energy correction = 0 kcal/mole
molpro_pot: 0-th energy = -0.0829247 kcal/mol
molpro_pot: 1-th energy = -0.0474384 kcal/mol
molpro_pot: coordinates (angstrom):

C, 0.202749, 0.098731, -0.170712
H, -0.0907527, -0.617181, 0.580182
H, 0.818592, -0.211769, -0.999473
H, -0.12196, 1.12406, -0.0946447
H, -3.01998, -1.47068, 2.54657

molpro_pot: interatomic distances matrix (angstrom):

\     C1    H2    H3    H4
H2  1.08
H3  1.08  1.87
H4  1.08  1.87  1.87
H5   4.5  3.63  5.38   4.7

Molpro::pot: 1-th molpro energy = -0.0165024 kcal/mole

Molpro::pot: 0-th energy correction = -0.0354686 kcal/mole
Molpro::pot: 1-th energy correction = 0 kcal/mole
molpro_pot: 0-th energy = -0.051971 kcal/mol
molpro_pot: 1-th energy = -0.0165024 kcal/mol
molpro_pot: coordinates (angstrom):

C, 0.149248, -0.0267995, -0.238701
H, 0.150727, 0.26599, 0.798982
H, -0.760439, -0.379567, -0.697551
H, 1.05629, 0.0360384, -0.818227
H, -2.22365, 0.396635, 3.55897

molpro_pot: interatomic distances matrix (angstrom):

\     C1    H2    H3    H4
H2  1.08
H3  1.08  1.87
H4  1.08  1.87  1.87
H5   4.5  3.64  4.57  5.48

Molpro::pot: 1-th molpro energy = -0.00893516 kcal/mole

Molpro::pot: 0-th energy correction = -0.0354719 kcal/mole
Molpro::pot: 1-th energy correction = 0 kcal/mole
molpro_pot: 0-th energy = -0.044407 kcal/mol
molpro_pot: 1-th energy = -0.00893516 kcal/mol
molpro_pot: coordinates (angstrom):

C, 0.17645, -0.176004, 0.133748
H, -0.463661, -1.04355, 0.145641
H, -0.0808408, 0.674917, -0.476377
H, 1.07189, -0.158041, 0.734071
H, -2.62835, 2.62232, -1.99585

molpro_pot: interatomic distances matrix (angstrom):

\     C1    H2    H3    H4
H2  1.08
H3  1.08  1.87
H4  1.08  1.87  1.87
H5   4.5  4.77  3.55  5.37

Molpro::pot: 1-th molpro energy = -0.011209 kcal/mole

Molpro::pot: 0-th energy correction = -0.0354682 kcal/mole
Molpro::pot: 1-th energy correction = 0 kcal/mole
molpro_pot: 0-th energy = -0.0466773 kcal/mol
molpro_pot: 1-th energy = -0.011209 kcal/mol
molpro_pot: coordinates (angstrom):

C, 0.00888213, -0.202548, -0.197222
H, -0.690654, -0.0992034, -1.01115
H, 0.968463, -0.663964, -0.366983
H, -0.249711, 0.158129, 0.785409
H, -0.133855, 3.01674, 2.94101

molpro_pot: interatomic distances matrix (angstrom):

\     C1    H2    H3    H4
H2  1.08
H3  1.08  1.87
H4  1.08  1.87  1.87
H5   4.5  5.06  5.07  3.58

Molpro::pot: 1-th molpro energy = -0.0230734 kcal/mole

Molpro::pot: 0-th energy correction = -0.0354682 kcal/mole
Molpro::pot: 1-th energy correction = 0 kcal/mole
molpro_pot: 0-th energy = -0.0585415 kcal/mol
molpro_pot: 1-th energy = -0.0230734 kcal/mol

(11,0)-th SURFACE:

molpro_pot: coordinates (angstrom):

C, -0.183467, 0.10868, 0.159127
H, -0.26247, -0.737053, -0.504958
H, 0.435754, 0.94918, -0.110396
H, -0.725851, 0.115376, 1.09095
H, 2.73708, -1.62154, -2.3703

molpro_pot: interatomic distances matrix (angstrom):

\     C1    H2    H3    H4
H2  1.08
H3  1.08  1.87
H4  1.08  1.87  1.87
H5  4.23  3.64  4.12   5.2

Molpro::pot: 1-th molpro energy = -0.0328027 kcal/mole

Molpro::pot: 0-th energy correction = -0.0602248 kcal/mole
Molpro::pot: 1-th energy correction = 0 kcal/mole
molpro_pot: 0-th energy = -0.0930276 kcal/mol
molpro_pot: 1-th energy = -0.0328027 kcal/mol
molpro_pot: coordinates (angstrom):

C, -0.0981539, 0.0223521, -0.246323
H, -1.14364, 0.0964919, -0.499255
H, 0.643477, -0.0191737, -1.02784
H, 0.205916, -0.00713392, 0.787695
H, 1.46295, -0.336327, 3.67233

molpro_pot: interatomic distances matrix (angstrom):

\     C1    H2    H3    H4
H2  1.08
H3  1.08  1.87
H4  1.08  1.87  1.87
H5  4.23  4.94  4.78  3.16

Molpro::pot: 1-th molpro energy = 0.00855455 kcal/mole

Molpro::pot: 0-th energy correction = -0.0602213 kcal/mole
Molpro::pot: 1-th energy correction = 0 kcal/mole
molpro_pot: 0-th energy = -0.0516668 kcal/mol
molpro_pot: 1-th energy = 0.00855455 kcal/mol
molpro_pot: coordinates (angstrom):

C, 0.0671055, -0.0935088, -0.239847
H, 0.267637, 0.592456, 0.567466
H, -0.442609, 0.250957, -1.12532
H, 0.378859, -1.1228, -0.16315
H, -1.0029, 1.39278, 3.57682

molpro_pot: interatomic distances matrix (angstrom):

\     C1    H2    H3    H4
H2  1.08
H3  1.08  1.87
H4  1.08  1.87  1.87
H5  4.23  3.36  4.87  4.71

Molpro::pot: 1-th molpro energy = -0.0384369 kcal/mole

Molpro::pot: 0-th energy correction = -0.0602292 kcal/mole
Molpro::pot: 1-th energy correction = 0 kcal/mole
molpro_pot: 0-th energy = -0.0986661 kcal/mol
molpro_pot: 1-th energy = -0.0384369 kcal/mol
molpro_pot: coordinates (angstrom):

C, 0.020485, -0.144115, 0.223032
H, 1.09223, -0.0603351, 0.305886
H, -0.589036, 0.744938, 0.198795
H, -0.441428, -1.1164, 0.161313
H, -0.305675, 2.14775, -3.3216

molpro_pot: interatomic distances matrix (angstrom):

\     C1    H2    H3    H4
H2  1.08
H3  1.08  1.87
H4  1.08  1.87  1.87
H5  4.23  4.47   3.8  4.78

Molpro::pot: 1-th molpro energy = -0.0974887 kcal/mole

Molpro::pot: 0-th energy correction = -0.0601934 kcal/mole
Molpro::pot: 1-th energy correction = 0 kcal/mole
molpro_pot: 0-th energy = -0.157682 kcal/mol
molpro_pot: 1-th energy = -0.0974887 kcal/mol
molpro_pot: coordinates (angstrom):

C, -0.00711897, -0.0276613, -0.264764
H, -0.945065, -0.355086, 0.154241
H, 0.446809, 0.887414, 0.0803525
H, 0.47834, -0.616572, -1.02636
H, 0.104681, 0.413603, 3.94427

molpro_pot: interatomic distances matrix (angstrom):

\     C1    H2    H3    H4
H2  1.08
H3  1.08  1.87
H4  1.08  1.87  1.87
H5  4.23  4.01  3.91  5.09

Molpro::pot: 1-th molpro energy = -0.0647519 kcal/mole

Molpro::pot: 0-th energy correction = -0.0601971 kcal/mole
Molpro::pot: 1-th energy correction = 0 kcal/mole
molpro_pot: 0-th energy = -0.124949 kcal/mol
molpro_pot: 1-th energy = -0.0647519 kcal/mol

(11,0)-th SURFACE:

molpro_pot: coordinates (angstrom):

C, 0.207092, -0.134681, 0.0986025
H, -0.509764, -0.84415, 0.479767
H, 1.07604, 0.120316, 0.683777
H, 0.056773, 0.317336, -0.868665
H, -3.08885, 2.01012, -1.46892

molpro_pot: interatomic distances matrix (angstrom):

\     C1    H2    H3    H4
H2  1.08
H3  1.08  1.87
H4  1.08  1.87  1.87
H5  4.23  4.31  5.05  3.62

Molpro::pot: 1-th molpro energy = -0.0567705 kcal/mole

Molpro::pot: 0-th energy correction = -0.060235 kcal/mole
Molpro::pot: 1-th energy correction = 0 kcal/mole
molpro_pot: 0-th energy = -0.117005 kcal/mol
molpro_pot: 1-th energy = -0.0567705 kcal/mol
molpro_pot: coordinates (angstrom):

C, 0.0368144, -0.231864, 0.125287
H, 0.125869, 0.794693, -0.192149
H, 0.905523, -0.763587, 0.479032
H, -0.921094, -0.725647, 0.0919611
H, -0.548641, 3.4553, -1.87061

molpro_pot: interatomic distances matrix (angstrom):

\     C1    H2    H3    H4
H2  1.08
H3  1.08  1.87
H4  1.08  1.87  1.87
H5  4.23  3.22  5.04  4.63

Molpro::pot: 1-th molpro energy = 0.00274719 kcal/mole

Molpro::pot: 0-th energy correction = -0.0602204 kcal/mole
Molpro::pot: 1-th energy correction = 0 kcal/mole
molpro_pot: 0-th energy = -0.0574732 kcal/mol
molpro_pot: 1-th energy = 0.00274719 kcal/mol
molpro_pot: coordinates (angstrom):

C, 0.226863, 0.120457, 0.0704319
H, 0.238087, -0.0322229, -0.996844
H, -0.381763, 0.901892, 0.496406
H, 0.821579, -0.509969, 0.711834
H, -3.37912, -1.79396, -1.05002

molpro_pot: interatomic distances matrix (angstrom):

\     C1    H2    H3    H4
H2  1.08
H3  1.08  1.87
H4  1.08  1.87  1.87
H5  4.23  4.02  4.32  4.73

Molpro::pot: 1-th molpro energy = -0.111959 kcal/mole

Molpro::pot: 0-th energy correction = -0.0601922 kcal/mole
Molpro::pot: 1-th energy correction = 0 kcal/mole
molpro_pot: 0-th energy = -0.172151 kcal/mol
molpro_pot: 1-th energy = -0.111959 kcal/mol
molpro_pot: coordinates (angstrom):

C, -0.0340604, 0.195459, 0.177687
H, -1.09799, 0.328865, 0.290702
H, 0.467996, -0.600187, 0.704381
H, 0.527191, 0.855434, -0.464146
H, 0.508354, -2.9114, -2.64662

molpro_pot: interatomic distances matrix (angstrom):

\     C1    H2    H3    H4
H2  1.08
H3  1.08  1.87
H4  1.08  1.87  1.87
H5  4.23  4.66  4.07  4.35

Molpro::pot: 1-th molpro energy = -0.117399 kcal/mole

Molpro::pot: 0-th energy correction = -0.0601923 kcal/mole
Molpro::pot: 1-th energy correction = 0 kcal/mole
molpro_pot: 0-th energy = -0.177592 kcal/mol
molpro_pot: 1-th energy = -0.117399 kcal/mol
molpro_pot: coordinates (angstrom):

C, 0.0864081, 0.0293897, 0.250165
H, 0.488405, 0.891988, 0.756957
H, -0.97729, -0.058377, 0.0973187
H, 0.747996, -0.7437, -0.106422
H, -1.28796, -0.439848, -3.72653

molpro_pot: interatomic distances matrix (angstrom):

\     C1    H2    H3    H4
H2  1.08
H3  1.08  1.87
H4  1.08  1.87  1.87
H5  4.23     5  3.86  4.16

Molpro::pot: 1-th molpro energy = -0.0783813 kcal/mole

Molpro::pot: 0-th energy correction = -0.0601978 kcal/mole
Molpro::pot: 1-th energy correction = 0 kcal/mole
molpro_pot: 0-th energy = -0.138579 kcal/mol
molpro_pot: 1-th energy = -0.0783813 kcal/mol

(12,0)-th SURFACE:

molpro_pot: coordinates (angstrom):

C, -0.168581, 0.179278, -0.041214
H, -0.526143, 0.375631, -1.03927
H, 0.59787, -0.561649, 0.120336
H, -0.575017, 0.725754, 0.794666
H, 2.51055, -2.67437, 0.614994

molpro_pot: interatomic distances matrix (angstrom):

\     C1    H2    H3    H4
H2  1.08
H3  1.08  1.87
H4  1.08  1.87  1.87
H5  3.97  4.61  2.89  4.59

Molpro::pot: 1-th molpro energy = 0.0597302 kcal/mole

Molpro::pot: 0-th energy correction = -0.101818 kcal/mole
Molpro::pot: 1-th energy correction = 0 kcal/mole
molpro_pot: 0-th energy = -0.0420875 kcal/mol
molpro_pot: 1-th energy = 0.0597302 kcal/mol
molpro_pot: coordinates (angstrom):

C, -0.237015, 0.0363624, -0.0686904
H, -0.433821, 1.09181, -0.167792
H, 0.513274, -0.308919, 0.624394
H, -0.792365, -0.673795, -0.660116
H, 3.53501, -0.542052, 1.0214

molpro_pot: interatomic distances matrix (angstrom):

\     C1    H2    H3    H4
H2  1.08
H3  1.08  1.87
H4  1.08  1.87  1.87
H5  3.97  4.45  3.06  4.64

Molpro::pot: 1-th molpro energy = -0.0304185 kcal/mole

Molpro::pot: 0-th energy correction = -0.101833 kcal/mole
Molpro::pot: 1-th energy correction = 0 kcal/mole
molpro_pot: 0-th energy = -0.132252 kcal/mol
molpro_pot: 1-th energy = -0.0304185 kcal/mol
molpro_pot: coordinates (angstrom):

C, -0.160685, 0.124756, 0.144356
H, -0.636465, 0.96516, 0.623802
H, 0.907296, -0.00372037, 0.218032
H, -0.75291, -0.588644, -0.405963
H, 2.39533, -1.85824, -2.1547

molpro_pot: interatomic distances matrix (angstrom):

\     C1    H2    H3    H4
H2  1.08
H3  1.08  1.87
H4  1.08  1.87  1.87
H5  3.97  4.99  3.36  3.82

Molpro::pot: 1-th molpro energy = -0.0154765 kcal/mole

Molpro::pot: 0-th energy correction = -0.101831 kcal/mole
Molpro::pot: 1-th energy correction = 0 kcal/mole
molpro_pot: 0-th energy = -0.117308 kcal/mol
molpro_pot: 1-th energy = -0.0154765 kcal/mol
molpro_pot: coordinates (angstrom):

C, 0.138865, 0.0693039, 0.195173
H, 0.164083, -0.867388, 0.728547
H, 0.0953345, 0.998548, 0.740269
H, 0.160291, 0.0769983, -0.882789
H, -2.07315, -1.03335, -2.90992

molpro_pot: interatomic distances matrix (angstrom):

\     C1    H2    H3    H4
H2  1.08
H3  1.08  1.87
H4  1.08  1.87  1.87
H5  3.97  4.27  4.71  3.21

Molpro::pot: 1-th molpro energy = -0.0828177 kcal/mole

Molpro::pot: 0-th energy correction = -0.101848 kcal/mole
Molpro::pot: 1-th energy correction = 0 kcal/mole
molpro_pot: 0-th energy = -0.184665 kcal/mol
molpro_pot: 1-th energy = -0.0828177 kcal/mol
molpro_pot: coordinates (angstrom):

C, -0.11365, 0.199069, 0.0987587
H, -0.188938, -0.823605, -0.234383
H, 0.759096, 0.526122, 0.640857
H, -0.909318, 0.895272, -0.112744
H, 1.69237, -2.96807, -1.46963

molpro_pot: interatomic distances matrix (angstrom):

\     C1    H2    H3    H4
H2  1.08
H3  1.08  1.87
H4  1.08  1.87  1.87
H5  3.97  3.11  4.19  4.85

Molpro::pot: 1-th molpro energy = -0.00911394 kcal/mole

Molpro::pot: 0-th energy correction = -0.101803 kcal/mole
Molpro::pot: 1-th energy correction = 0 kcal/mole
molpro_pot: 0-th energy = -0.110917 kcal/mol
molpro_pot: 1-th energy = -0.00911394 kcal/mol
