
(0,0)-th SURFACE:

molpro_pot: coordinates (angstrom):

C, -0.302136, -0.21138, -0.553825
H, 0.34593, -0.271647, -1.41341
H, 0.0614911, 0.218151, 0.365847
H, -1.3144, -0.57763, -0.614687
H, 4.50446, 3.148, 8.25655

molpro_pot: interatomic distances matrix (angstrom):

\     C1    H2    H3    H4
H2  1.08
H3  1.08  1.87
H4  1.08  1.87  1.87
H5  10.6  11.1  9.52  11.2

Molpro::pot: 1-th molpro energy = -5.95845e-06 kcal/mole

Molpro::pot: 0-th energy correction = -1.83726e-07 kcal/mole
Molpro::pot: 1-th energy correction = 0 kcal/mole
molpro_pot: 0-th energy = -6.14218e-06 kcal/mol
molpro_pot: 1-th energy = -5.95845e-06 kcal/mol
molpro_pot: coordinates (angstrom):

C, -0.176123, 0.172209, -0.618055
H, 0.308253, -0.666908, -0.145003
H, -0.272219, 1.10694, -0.0893149
H, -0.561528, 0.0777027, -1.62058
H, 2.62256, -2.5682, 9.21397

molpro_pot: interatomic distances matrix (angstrom):

\     C1    H2    H3    H4
H2  1.08
H3  1.08  1.87
H4  1.08  1.87  1.87
H5  10.6  9.83  10.4  11.6

Molpro::pot: 1-th molpro energy = -7.5793e-05 kcal/mole

Molpro::pot: 0-th energy correction = -1.83732e-07 kcal/mole
Molpro::pot: 1-th energy correction = 0 kcal/mole
molpro_pot: 0-th energy = -7.59767e-05 kcal/mol
molpro_pot: 1-th energy = -7.5793e-05 kcal/mol
molpro_pot: coordinates (angstrom):

C, 0.657081, 0.0632056, 0.0818799
H, -0.0213268, 0.896742, 0.168449
H, 1.09152, -0.180658, -0.874317
H, 0.903441, -0.524398, 0.951679
H, -9.79739, -0.944265, -1.22074

molpro_pot: interatomic distances matrix (angstrom):

\     C1    H2    H3    H4
H2  1.08
H3  1.08  1.87
H4  1.08  1.87  1.87
H5  10.6    10  10.9  10.9

Molpro::pot: 1-th molpro energy = -3.43522e-05 kcal/mole

Molpro::pot: 0-th energy correction = -1.8379e-07 kcal/mole
Molpro::pot: 1-th energy correction = 0 kcal/mole
molpro_pot: 0-th energy = -3.4536e-05 kcal/mol
molpro_pot: 1-th energy = -3.43522e-05 kcal/mol
molpro_pot: coordinates (angstrom):

C, -0.130582, -0.0461562, 0.650744
H, -0.181593, 0.0812403, 1.72018
H, -0.496176, -0.954031, 0.19839
H, 0.282985, 0.735206, 0.0335271
H, 1.94961, 0.687159, -9.70039

molpro_pot: interatomic distances matrix (angstrom):

\     C1    H2    H3    H4
H2  1.08
H3  1.08  1.87
H4  1.08  1.87  1.87
H5  10.6  11.6  10.3  9.88

Molpro::pot: 1-th molpro energy = -9.16042e-05 kcal/mole

Molpro::pot: 0-th energy correction = -1.83737e-07 kcal/mole
Molpro::pot: 1-th energy correction = 0 kcal/mole
molpro_pot: 0-th energy = -9.17879e-05 kcal/mol
molpro_pot: 1-th energy = -9.16042e-05 kcal/mol
molpro_pot: coordinates (angstrom):

C, -0.513911, -0.34006, -0.250662
H, 0.25024, -0.139151, 0.482975
H, -0.497335, -1.26373, -0.806611
H, -1.29612, 0.380956, -0.426163
H, 7.66227, 5.07097, 3.73439

molpro_pot: interatomic distances matrix (angstrom):

\     C1    H2    H3    H4
H2  1.08
H3  1.08  1.87
H4  1.08  1.87  1.87
H5  10.6  9.63  11.3  10.9

Molpro::pot: 1-th molpro energy = -1.62355e-05 kcal/mole

Molpro::pot: 0-th energy correction = -1.83757e-07 kcal/mole
Molpro::pot: 1-th energy correction = 0 kcal/mole
molpro_pot: 0-th energy = -1.64192e-05 kcal/mol
molpro_pot: 1-th energy = -1.62355e-05 kcal/mol

(1,0)-th SURFACE:

molpro_pot: coordinates (angstrom):

C, 0.364669, 0.345651, 0.259986
H, 0.472601, 0.0900172, 1.30187
H, 0.679879, -0.350267, -0.500843
H, -0.0611377, 1.29549, -0.0210962
H, -5.4334, -5.15085, -3.87554

molpro_pot: interatomic distances matrix (angstrom):

\     C1    H2    H3    H4
H2  1.08
H3  1.08  1.87
H4  1.08  1.87  1.87
H5     9  9.44  8.47  9.23

Molpro::pot: 1-th molpro energy = -9.15251e-05 kcal/mole

Molpro::pot: 0-th energy correction = -4.39437e-06 kcal/mole
Molpro::pot: 1-th energy correction = 0 kcal/mole
molpro_pot: 0-th energy = -9.59195e-05 kcal/mol
molpro_pot: 1-th energy = -9.15251e-05 kcal/mol
molpro_pot: coordinates (angstrom):

C, -0.0118695, -0.227478, -0.517548
H, 0.516002, -0.00377688, 0.395592
H, 0.407765, 0.0629991, -1.46731
H, -0.957501, -0.744185, -0.48126
H, 0.175061, 3.39351, 7.71533

molpro_pot: interatomic distances matrix (angstrom):

\     C1    H2    H3    H4
H2  1.08
H3  1.08  1.87
H4  1.08  1.87  1.87
H5     9  8.08  9.77  9.25

Molpro::pot: 1-th molpro energy = -0.000116295 kcal/mole

Molpro::pot: 0-th energy correction = -4.39677e-06 kcal/mole
Molpro::pot: 1-th energy correction = 0 kcal/mole
molpro_pot: 0-th energy = -0.000120692 kcal/mol
molpro_pot: 1-th energy = -0.000116295 kcal/mol
molpro_pot: coordinates (angstrom):

C, -0.0124189, 0.36052, -0.435639
H, -0.594435, 1.09507, -0.968749
H, -0.197035, 0.183811, 0.611838
H, 0.751822, -0.199355, -0.950418
H, 0.187519, -5.37217, 6.49441

molpro_pot: interatomic distances matrix (angstrom):

\     C1    H2    H3    H4
H2  1.08
H3  1.08  1.87
H4  1.08  1.87  1.87
H5     9  9.91   8.1  9.08

Molpro::pot: 1-th molpro energy = -9.98055e-05 kcal/mole

Molpro::pot: 0-th energy correction = -4.39546e-06 kcal/mole
Molpro::pot: 1-th energy correction = 0 kcal/mole
molpro_pot: 0-th energy = -0.000104201 kcal/mol
molpro_pot: 1-th energy = -9.98055e-05 kcal/mol
molpro_pot: coordinates (angstrom):

C, -0.303178, -0.402943, 0.256345
H, -0.74965, 0.475257, 0.694459
H, 0.0855895, -0.365263, -0.748622
H, -0.242644, -1.31763, 0.823969
H, 4.5166, 6.00541, -3.82206

molpro_pot: interatomic distances matrix (angstrom):

\     C1    H2    H3    H4
H2  1.08
H3  1.08  1.87
H4  1.08  1.87  1.87
H5     9  8.87  8.35  9.89

Molpro::pot: 1-th molpro energy = -7.77005e-05 kcal/mole

Molpro::pot: 0-th energy correction = -4.39482e-06 kcal/mole
Molpro::pot: 1-th energy correction = 0 kcal/mole
molpro_pot: 0-th energy = -8.20953e-05 kcal/mol
molpro_pot: 1-th energy = -7.77005e-05 kcal/mol
molpro_pot: coordinates (angstrom):

C, 0.544814, -0.12763, 0.0826938
H, 0.464126, 0.653498, -0.656119
H, -0.272857, -0.3149, 0.760088
H, 1.44153, -0.723355, 0.142157
H, -8.11981, 1.90442, -1.23075

molpro_pot: interatomic distances matrix (angstrom):

\     C1    H2    H3    H4
H2  1.08
H3  1.08  1.87
H4  1.08  1.87  1.87
H5     9  8.69  8.39    10

Molpro::pot: 1-th molpro energy = -0.00012588 kcal/mole

Molpro::pot: 0-th energy correction = -4.39515e-06 kcal/mole
Molpro::pot: 1-th energy correction = 0 kcal/mole
molpro_pot: 0-th energy = -0.000130275 kcal/mol
molpro_pot: 1-th energy = -0.00012588 kcal/mol

(2,0)-th SURFACE:

molpro_pot: coordinates (angstrom):

C, 0.280716, 0.384965, 0.196673
H, 0.255107, 0.905008, -0.747474
H, 1.22067, 0.0387725, 0.595622
H, -0.632802, 0.21385, 0.743231
H, -4.18541, -5.74134, -2.93313

molpro_pot: interatomic distances matrix (angstrom):

\     C1    H2    H3    H4
H2  1.08
H3  1.08  1.87
H4  1.08  1.87  1.87
H5   8.2  8.29  8.67  7.85

Molpro::pot: 1-th molpro energy = -0.000194708 kcal/mole

Molpro::pot: 0-th energy correction = -2.15118e-05 kcal/mole
Molpro::pot: 1-th energy correction = 0 kcal/mole
molpro_pot: 0-th energy = -0.00021622 kcal/mol
molpro_pot: 1-th energy = -0.000194708 kcal/mol
molpro_pot: coordinates (angstrom):

C, 0.352432, -0.37645, -0.01242
H, 0.567848, -0.473031, -1.06446
H, 1.08132, 0.0646725, 0.648376
H, -0.592682, -0.717983, 0.378267
H, -5.25283, 5.60867, 0.185698

molpro_pot: interatomic distances matrix (angstrom):

\     C1    H2    H3    H4
H2  1.08
H3  1.08  1.87
H4  1.08  1.87  1.87
H5   8.2  8.51  8.43  7.86

Molpro::pot: 1-th molpro energy = -0.000201077 kcal/mole

Molpro::pot: 0-th energy correction = -2.14952e-05 kcal/mole
Molpro::pot: 1-th energy correction = 0 kcal/mole
molpro_pot: 0-th energy = -0.000222572 kcal/mol
molpro_pot: 1-th energy = -0.000201077 kcal/mol
molpro_pot: coordinates (angstrom):

C, -0.309202, 0.180756, -0.370922
H, -1.14998, -0.459161, -0.156193
H, 0.659632, -0.0450974, 0.0448514
H, -0.436395, 1.04446, -1.00366
H, 4.60837, -2.69243, 5.53152

molpro_pot: interatomic distances matrix (angstrom):

\     C1    H2    H3    H4
H2  1.08
H3  1.08  1.87
H4  1.08  1.87  1.87
H5   8.2   8.4  7.26  9.06

Molpro::pot: 1-th molpro energy = -0.000174415 kcal/mole

Molpro::pot: 0-th energy correction = -2.15042e-05 kcal/mole
Molpro::pot: 1-th energy correction = 0 kcal/mole
molpro_pot: 0-th energy = -0.00019592 kcal/mol
molpro_pot: 1-th energy = -0.000174415 kcal/mol
molpro_pot: coordinates (angstrom):

C, -0.170192, 0.191131, 0.447536
H, -0.625046, 0.534969, -0.467559
H, 0.899538, 0.0688782, 0.504543
H, -0.784413, -0.0274346, 1.3063
H, 2.53637, -2.85217, -6.67202

molpro_pot: interatomic distances matrix (angstrom):

\     C1    H2    H3    H4
H2  1.08
H3  1.08  1.87
H4  1.08  1.87  1.87
H5   8.2  7.74  7.92  9.09

Molpro::pot: 1-th molpro energy = -0.000153233 kcal/mole

Molpro::pot: 0-th energy correction = -2.15074e-05 kcal/mole
Molpro::pot: 1-th energy correction = 0 kcal/mole
molpro_pot: 0-th energy = -0.00017474 kcal/mol
molpro_pot: 1-th energy = -0.000153233 kcal/mol
molpro_pot: coordinates (angstrom):

C, 0.333666, -0.159699, -0.359454
H, 0.883548, 0.488454, 0.303904
H, 0.679004, -1.16524, -0.538723
H, -0.562903, 0.196407, -0.840985
H, -4.97256, 2.38189, 5.35576

molpro_pot: interatomic distances matrix (angstrom):

\     C1    H2    H3    H4
H2  1.08
H3  1.08  1.87
H4  1.08  1.87  1.87
H5   8.2  7.96   8.9  7.91

Molpro::pot: 1-th molpro energy = -0.000130917 kcal/mole

Molpro::pot: 0-th energy correction = -2.14966e-05 kcal/mole
Molpro::pot: 1-th energy correction = 0 kcal/mole
molpro_pot: 0-th energy = -0.000152414 kcal/mol
molpro_pot: 1-th energy = -0.000130917 kcal/mol

(3,0)-th SURFACE:

molpro_pot: coordinates (angstrom):

C, 0.347779, 0.109384, 0.300399
H, 0.949479, -0.044931, -0.580883
H, 0.798948, 0.497445, 1.1995
H, -0.705291, -0.121307, 0.28178
H, -5.18408, -1.63362, -4.4772

molpro_pot: interatomic distances matrix (angstrom):

\     C1    H2    H3    H4
H2  1.08
H3  1.08  1.87
H4  1.08  1.87  1.87
H5  7.51  7.44  8.52  6.71

Molpro::pot: 1-th molpro energy = -0.000398778 kcal/mole

Molpro::pot: 0-th energy correction = -8.5118e-05 kcal/mole
Molpro::pot: 1-th energy correction = 0 kcal/mole
molpro_pot: 0-th energy = -0.000483896 kcal/mol
molpro_pot: 1-th energy = -0.000398778 kcal/mol
molpro_pot: coordinates (angstrom):

C, 0.0852398, -0.0319236, 0.463725
H, 0.664243, 0.720886, 0.974164
H, -0.975514, 0.104913, 0.327362
H, 0.567206, -0.919803, 0.0870302
H, -1.27087, 0.474113, -6.91005

molpro_pot: interatomic distances matrix (angstrom):

\     C1    H2    H3    H4
H2  1.08
H3  1.08  1.87
H4  1.08  1.87  1.87
H5  7.51  8.12  7.25  7.37

Molpro::pot: 1-th molpro energy = -0.000300489 kcal/mole

Molpro::pot: 0-th energy correction = -8.50872e-05 kcal/mole
Molpro::pot: 1-th energy correction = 0 kcal/mole
molpro_pot: 0-th energy = -0.000385576 kcal/mol
molpro_pot: 1-th energy = -0.000300489 kcal/mol
molpro_pot: coordinates (angstrom):

C, -0.367552, -0.112955, -0.274401
H, -0.620244, 0.537035, 0.547898
H, -1.11452, -0.367328, -1.00915
H, 0.632482, -0.505985, -0.363735
H, 5.47866, 1.68122, 4.09224

molpro_pot: interatomic distances matrix (angstrom):

\     C1    H2    H3    H4
H2  1.08
H3  1.08  1.87
H4  1.08  1.87  1.87
H5  7.51  7.15  8.58  6.94

Molpro::pot: 1-th molpro energy = -0.000369031 kcal/mole

Molpro::pot: 0-th energy correction = -8.51189e-05 kcal/mole
Molpro::pot: 1-th energy correction = 0 kcal/mole
molpro_pot: 0-th energy = -0.00045415 kcal/mol
molpro_pot: 1-th energy = -0.000369031 kcal/mol
molpro_pot: coordinates (angstrom):

C, -0.446335, -0.12182, -0.0962463
H, 0.119669, -0.49104, 0.743891
H, -0.673633, 0.929395, -0.172415
H, -0.7823, -0.802967, -0.861549
H, 6.6507, 1.8151, 1.43606

molpro_pot: interatomic distances matrix (angstrom):

\     C1    H2    H3    H4
H2  1.08
H3  1.08  1.87
H4  1.08  1.87  1.87
H5  7.51  6.96  7.55  8.21

Molpro::pot: 1-th molpro energy = -0.00032769 kcal/mole

Molpro::pot: 0-th energy correction = -8.50885e-05 kcal/mole
Molpro::pot: 1-th energy correction = 0 kcal/mole
molpro_pot: 0-th energy = -0.000412779 kcal/mol
molpro_pot: 1-th energy = -0.00032769 kcal/mol
molpro_pot: coordinates (angstrom):

C, 0.379852, -0.22131, 0.173218
H, 0.107257, -0.854555, -0.655762
H, 1.41559, 0.0230807, 0.346534
H, -0.383164, 0.169966, 0.826847
H, -5.66252, 3.29661, -2.5801

molpro_pot: interatomic distances matrix (angstrom):

\     C1    H2    H3    H4
H2  1.08
H3  1.08  1.87
H4  1.08  1.87  1.87
H5  7.51  7.36  8.33  7.02

Molpro::pot: 1-th molpro energy = -0.00032441 kcal/mole

Molpro::pot: 0-th energy correction = -8.50971e-05 kcal/mole
Molpro::pot: 1-th energy correction = 0 kcal/mole
molpro_pot: 0-th energy = -0.000409507 kcal/mol
molpro_pot: 1-th energy = -0.00032441 kcal/mol

(3,0)-th SURFACE:

molpro_pot: coordinates (angstrom):

C, -0.464556, 0.0822204, -0.026873
H, 0.129837, -0.787058, 0.204574
H, -0.355633, 0.980792, 0.558979
H, -1.16538, 0.0540703, -0.845757
H, 6.92256, -1.22679, 0.402176

molpro_pot: interatomic distances matrix (angstrom):

\     C1    H2    H3    H4
H2  1.08
H3  1.08  1.87
H4  1.08  1.87  1.87
H5  7.51  6.81  7.61  8.28

Molpro::pot: 1-th molpro energy = -0.000321681 kcal/mole

Molpro::pot: 0-th energy correction = -8.50928e-05 kcal/mole
Molpro::pot: 1-th energy correction = 0 kcal/mole
molpro_pot: 0-th energy = -0.000406774 kcal/mol
molpro_pot: 1-th energy = -0.000321681 kcal/mol
molpro_pot: coordinates (angstrom):

C, -0.177456, 0.105399, -0.425085
H, 0.889734, 0.0933747, -0.271868
H, -0.625029, -0.555407, -1.15002
H, -0.797265, 0.775707, 0.148539
H, 2.6455, -1.56864, 6.33477

molpro_pot: interatomic distances matrix (angstrom):

\     C1    H2    H3    H4
H2  1.08
H3  1.08  1.87
H4  1.08  1.87  1.87
H5  7.51  7.04  8.23  7.46

Molpro::pot: 1-th molpro energy = -0.000306135 kcal/mole

Molpro::pot: 0-th energy correction = -8.50923e-05 kcal/mole
Molpro::pot: 1-th energy correction = 0 kcal/mole
molpro_pot: 0-th energy = -0.000391227 kcal/mol
molpro_pot: 1-th energy = -0.000306135 kcal/mol
molpro_pot: coordinates (angstrom):

C, -0.315811, 0.346588, -0.0580493
H, 0.348526, -0.473984, -0.276756
H, -1.31651, 0.150791, 0.292361
H, 0.0213131, 1.36262, -0.186701
H, 4.70698, -5.16618, 0.862278

molpro_pot: interatomic distances matrix (angstrom):

\     C1    H2    H3    H4
H2  1.08
H3  1.08  1.87
H4  1.08  1.87  1.87
H5  7.51   6.5  8.05   8.1

Molpro::pot: 1-th molpro energy = -0.000425805 kcal/mole

Molpro::pot: 0-th energy correction = -8.51045e-05 kcal/mole
Molpro::pot: 1-th energy correction = 0 kcal/mole
molpro_pot: 0-th energy = -0.000510909 kcal/mol
molpro_pot: 1-th energy = -0.000425805 kcal/mol
molpro_pot: coordinates (angstrom):

C, -0.341408, 0.312651, -0.0942774
H, -1.39092, 0.525588, -0.219564
H, -0.0311093, -0.576473, 0.430786
H, 0.397592, 0.986883, -0.496535
H, 5.08952, -4.65868, 1.40786

molpro_pot: interatomic distances matrix (angstrom):

\     C1    H2    H3    H4
H2  1.08
H3  1.08  1.87
H4  1.08  1.87  1.87
H5  7.51  8.46  6.62  7.58

Molpro::pot: 1-th molpro energy = -0.000365855 kcal/mole

Molpro::pot: 0-th energy correction = -8.51101e-05 kcal/mole
Molpro::pot: 1-th energy correction = 0 kcal/mole
molpro_pot: 0-th energy = -0.000450965 kcal/mol
molpro_pot: 1-th energy = -0.000365855 kcal/mol
molpro_pot: coordinates (angstrom):

C, 0.438482, 0.131062, -0.116318
H, 0.429061, 0.527414, -1.11898
H, 0.468313, -0.93516, 0.0411551
H, 0.421213, 0.800635, 0.728606
H, -6.53952, -1.95343, 1.7342

molpro_pot: interatomic distances matrix (angstrom):

\     C1    H2    H3    H4
H2  1.08
H3  1.08  1.87
H4  1.08  1.87  1.87
H5  7.51  7.93  7.28  7.55

Molpro::pot: 1-th molpro energy = -0.00030242 kcal/mole

Molpro::pot: 0-th energy correction = -8.51505e-05 kcal/mole
Molpro::pot: 1-th energy correction = 0 kcal/mole
molpro_pot: 0-th energy = -0.00038757 kcal/mol
molpro_pot: 1-th energy = -0.00030242 kcal/mol

(4,0)-th SURFACE:

molpro_pot: coordinates (angstrom):

C, 0.215368, 0.372276, 0.0436419
H, -0.451237, 0.937152, -0.588076
H, 1.27961, 0.411765, -0.124711
H, -0.181761, -0.229435, 0.845361
H, -3.21097, -5.55211, -0.65221

molpro_pot: interatomic distances matrix (angstrom):

\     C1    H2    H3    H4
H2  1.08
H3  1.08  1.87
H4  1.08  1.87  1.87
H5  6.88  7.05  7.48   6.3

Molpro::pot: 1-th molpro energy = -0.000542557 kcal/mole

Molpro::pot: 0-th energy correction = -0.000303201 kcal/mole
Molpro::pot: 1-th energy correction = 0 kcal/mole
molpro_pot: 0-th energy = -0.000845758 kcal/mol
molpro_pot: 1-th energy = -0.000542557 kcal/mol
molpro_pot: coordinates (angstrom):

C, -0.260617, 0.335043, 0.0831625
H, -1.33717, 0.277803, 0.0998963
H, 0.327319, -0.568337, 0.110616
H, 0.22787, 1.29508, 0.035867
H, 3.8851, -4.99385, -1.23658

molpro_pot: interatomic distances matrix (angstrom):

\     C1    H2    H3    H4
H2  1.08
H3  1.08  1.87
H4  1.08  1.87  1.87
H5  6.88  7.54  5.84  7.39

Molpro::pot: 1-th molpro energy = -0.00085774 kcal/mole

Molpro::pot: 0-th energy correction = -0.000303051 kcal/mole
Molpro::pot: 1-th energy correction = 0 kcal/mole
molpro_pot: 0-th energy = -0.00116079 kcal/mol
molpro_pot: 1-th energy = -0.00085774 kcal/mol
molpro_pot: coordinates (angstrom):

C, 0.430202, -0.0149979, -0.0411345
H, 0.512997, -0.499306, 0.918608
H, 1.31991, 0.275753, -0.576301
H, -0.541771, 0.175742, -0.467054
H, -6.41348, 0.226388, 0.614529

molpro_pot: interatomic distances matrix (angstrom):

\     C1    H2    H3    H4
H2  1.08
H3  1.08  1.87
H4  1.08  1.87  1.87
H5  6.88  6.97  7.82  5.97

Molpro::pot: 1-th molpro energy = -0.000705056 kcal/mole

Molpro::pot: 0-th energy correction = -0.000303121 kcal/mole
Molpro::pot: 1-th energy correction = 0 kcal/mole
molpro_pot: 0-th energy = -0.00100818 kcal/mol
molpro_pot: 1-th energy = -0.000705056 kcal/mol
molpro_pot: coordinates (angstrom):

C, -0.127968, -0.119786, -0.395407
H, -0.377348, -0.180838, -1.44259
H, 0.905108, -0.121141, -0.0867451
H, -0.911177, -0.0542762, 0.342707
H, 1.90711, 1.78252, 5.89467

molpro_pot: interatomic distances matrix (angstrom):

\     C1    H2    H3    H4
H2  1.08
H3  1.08  1.87
H4  1.08  1.87  1.87
H5  6.88  7.93  6.36  6.49

Molpro::pot: 1-th molpro energy = -0.000576991 kcal/mole

Molpro::pot: 0-th energy correction = -0.000303065 kcal/mole
Molpro::pot: 1-th energy correction = 0 kcal/mole
molpro_pot: 0-th energy = -0.000880056 kcal/mol
molpro_pot: 1-th energy = -0.000576991 kcal/mol
molpro_pot: coordinates (angstrom):

C, -0.192962, 0.337192, -0.189864
H, -0.219244, 1.12016, -0.930664
H, 0.725542, 0.119072, 0.330993
H, -1.08551, -0.22542, 0.0322936
H, 2.87677, -5.0287, 2.82806

molpro_pot: interatomic distances matrix (angstrom):

\     C1    H2    H3    H4
H2  1.08
H3  1.08  1.87
H4  1.08  1.87  1.87
H5  6.88  7.84  6.11  6.83

Molpro::pot: 1-th molpro energy = -0.000666342 kcal/mole

Molpro::pot: 0-th energy correction = -0.000303128 kcal/mole
Molpro::pot: 1-th energy correction = 0 kcal/mole
molpro_pot: 0-th energy = -0.00096947 kcal/mol
molpro_pot: 1-th energy = -0.000666342 kcal/mol

(5,0)-th SURFACE:

molpro_pot: coordinates (angstrom):

C, 0.325366, 0.227195, -0.0678307
H, 0.98147, 0.9129, -0.579547
H, -0.147039, 0.52139, 0.855642
H, 0.139229, -0.751188, -0.480917
H, -4.84774, -3.38828, 1.01247

molpro_pot: interatomic distances matrix (angstrom):

\     C1    H2    H3    H4
H2  1.08
H3  1.08  1.87
H4  1.08  1.87  1.87
H5   6.4  7.42  6.12  5.84

Molpro::pot: 1-th molpro energy = -0.00100149 kcal/mole

Molpro::pot: 0-th energy correction = -0.000785573 kcal/mole
Molpro::pot: 1-th energy correction = 0 kcal/mole
molpro_pot: 0-th energy = -0.00178707 kcal/mol
molpro_pot: 1-th energy = -0.00100149 kcal/mol
molpro_pot: coordinates (angstrom):

C, -0.301621, -0.0628584, 0.259023
H, -1.24337, -0.283905, -0.217181
H, -0.222301, -0.0892135, 1.33398
H, 0.561293, 0.181424, -0.339498
H, 4.49572, 0.940138, -3.86144

molpro_pot: interatomic distances matrix (angstrom):

\     C1    H2    H3    H4
H2  1.08
H3  1.08  1.87
H4  1.08  1.87  1.87
H5   6.4  6.91  7.09  5.33

Molpro::pot: 1-th molpro energy = -0.0017081 kcal/mole

Molpro::pot: 0-th energy correction = -0.000785696 kcal/mole
Molpro::pot: 1-th energy correction = 0 kcal/mole
molpro_pot: 0-th energy = -0.0024938 kcal/mol
molpro_pot: 1-th energy = -0.0017081 kcal/mol
molpro_pot: coordinates (angstrom):

C, 0.247264, -0.306348, 0.0830343
H, 0.528625, 0.587729, 0.615928
H, 0.90302, -0.713633, -0.669709
H, -0.688015, -0.794775, 0.304876
H, -3.68776, 4.56832, -1.23977

molpro_pot: interatomic distances matrix (angstrom):

\     C1    H2    H3    H4
H2  1.08
H3  1.08  1.87
H4  1.08  1.87  1.87
H5   6.4  6.09  7.02  6.34

Molpro::pot: 1-th molpro energy = -0.000875724 kcal/mole

Molpro::pot: 0-th energy correction = -0.000785961 kcal/mole
Molpro::pot: 1-th energy correction = 0 kcal/mole
molpro_pot: 0-th energy = -0.00166168 kcal/mol
molpro_pot: 1-th energy = -0.000875724 kcal/mol
molpro_pot: coordinates (angstrom):

C, 0.0791661, 0.0500201, 0.391403
H, 0.934822, 0.625963, 0.705501
H, -0.398233, -0.626005, 1.08249
H, -0.300925, 0.152274, -0.612388
H, -1.17828, -0.747812, -5.83597

molpro_pot: interatomic distances matrix (angstrom):

\     C1    H2    H3    H4
H2  1.08
H3  1.08  1.87
H4  1.08  1.87  1.87
H5   6.4  7.01  6.96  5.37

Molpro::pot: 1-th molpro energy = -0.00157602 kcal/mole

Molpro::pot: 0-th energy correction = -0.000785801 kcal/mole
Molpro::pot: 1-th energy correction = 0 kcal/mole
molpro_pot: 0-th energy = -0.00236182 kcal/mol
molpro_pot: 1-th energy = -0.00157602 kcal/mol
molpro_pot: coordinates (angstrom):

C, -0.214821, 0.184918, -0.285941
H, 0.789833, -0.202071, -0.344473
H, -0.894477, -0.191824, 0.461489
H, -0.538836, 0.950537, -0.972499
H, 3.20132, -2.75843, 4.26014

molpro_pot: interatomic distances matrix (angstrom):

\     C1    H2    H3    H4
H2  1.08
H3  1.08  1.87
H4  1.08  1.87  1.87
H5   6.4  5.79  6.15  7.42

Molpro::pot: 1-th molpro energy = -0.0010101 kcal/mole

Molpro::pot: 0-th energy correction = -0.000785528 kcal/mole
Molpro::pot: 1-th energy correction = 0 kcal/mole
molpro_pot: 0-th energy = -0.00179563 kcal/mol
molpro_pot: 1-th energy = -0.0010101 kcal/mol

(6,0)-th SURFACE:

molpro_pot: coordinates (angstrom):

C, -0.189148, 0.137116, 0.29439
H, 0.0767696, -0.805181, -0.157139
H, -0.733172, 0.873072, -0.275633
H, 0.0860794, 0.342258, 1.31649
H, 2.82248, -2.04277, -4.38897

molpro_pot: interatomic distances matrix (angstrom):

\     C1    H2    H3    H4
H2  1.08
H3  1.08  1.87
H4  1.08  1.87  1.87
H5  5.98  5.19  6.17  6.76

Molpro::pot: 1-th molpro energy = -0.00215069 kcal/mole

Molpro::pot: 0-th energy correction = -0.00183242 kcal/mole
Molpro::pot: 1-th energy correction = 0 kcal/mole
molpro_pot: 0-th energy = -0.00398311 kcal/mol
molpro_pot: 1-th energy = -0.00215069 kcal/mol
molpro_pot: coordinates (angstrom):

C, 0.36498, -0.0906865, -0.00186113
H, 0.586298, -0.637864, 0.90043
H, 0.480453, -0.566574, -0.962442
H, 0.0253541, 0.930969, 0.0563999
H, -5.43786, 1.35326, 0.0277717

molpro_pot: interatomic distances matrix (angstrom):

\     C1    H2    H3    H4
H2  1.08
H3  1.08  1.87
H4  1.08  1.87  1.87
H5  5.98   6.4   6.3  5.48

Molpro::pot: 1-th molpro energy = -0.00166451 kcal/mole

Molpro::pot: 0-th energy correction = -0.00183148 kcal/mole
Molpro::pot: 1-th energy correction = 0 kcal/mole
molpro_pot: 0-th energy = -0.00349599 kcal/mol
molpro_pot: 1-th energy = -0.00166451 kcal/mol
molpro_pot: coordinates (angstrom):

C, -0.167194, 0.119135, 0.314698
H, 0.45597, 0.554659, 1.07923
H, -0.748438, -0.76279, 0.53122
H, -0.211572, 0.567055, -0.665057
H, 2.49479, -1.77745, -4.69245

molpro_pot: interatomic distances matrix (angstrom):

\     C1    H2    H3    H4
H2  1.08
H3  1.08  1.87
H4  1.08  1.87  1.87
H5  5.98  6.55  6.23  5.39

Molpro::pot: 1-th molpro energy = -0.00181545 kcal/mole

Molpro::pot: 0-th energy correction = -0.00183272 kcal/mole
Molpro::pot: 1-th energy correction = 0 kcal/mole
molpro_pot: 0-th energy = -0.00364817 kcal/mol
molpro_pot: 1-th energy = -0.00181545 kcal/mol
molpro_pot: coordinates (angstrom):

C, -0.169621, 0.330247, 0.059179
H, -0.571353, 1.33076, 0.0694584
H, -0.387942, -0.32942, -0.765256
H, 0.452726, -0.00953663, 0.87143
H, 2.52622, -4.92399, -0.880266

molpro_pot: interatomic distances matrix (angstrom):

\     C1    H2    H3    H4
H2  1.08
H3  1.08  1.87
H4  1.08  1.87  1.87
H5  5.98  7.04  5.44  5.61

Molpro::pot: 1-th molpro energy = -0.00173191 kcal/mole

Molpro::pot: 0-th energy correction = -0.00183197 kcal/mole
Molpro::pot: 1-th energy correction = 0 kcal/mole
molpro_pot: 0-th energy = -0.00356388 kcal/mol
molpro_pot: 1-th energy = -0.00173191 kcal/mol
molpro_pot: coordinates (angstrom):

C, -0.240163, 0.289379, 0.00684139
H, 0.254855, 1.13673, 0.453466
H, -0.155358, 0.113329, -1.0535
H, -0.817222, -0.383461, 0.62069
H, 3.5773, -4.31218, -0.102111

molpro_pot: interatomic distances matrix (angstrom):

\     C1    H2    H3    H4
H2  1.08
H3  1.08  1.87
H4  1.08  1.87  1.87
H5  5.98  6.41  5.87  5.94

Molpro::pot: 1-th molpro energy = -0.0014868 kcal/mole

Molpro::pot: 0-th energy correction = -0.00183134 kcal/mole
Molpro::pot: 1-th energy correction = 0 kcal/mole
molpro_pot: 0-th energy = -0.00331814 kcal/mol
molpro_pot: 1-th energy = -0.0014868 kcal/mol

(7,0)-th SURFACE:

molpro_pot: coordinates (angstrom):

C, -0.122881, -0.298872, -0.141581
H, 0.395578, -0.764575, -0.964281
H, -0.00428192, -0.685453, 0.857923
H, -0.757265, 0.554972, -0.317727
H, 1.82909, 4.45368, 2.10986

molpro_pot: interatomic distances matrix (angstrom):

\     C1    H2    H3    H4
H2  1.08
H3  1.08  1.87
H4  1.08  1.87  1.87
H5  5.61  6.22   5.6  5.27

Molpro::pot: 1-th molpro energy = -0.00309661 kcal/mole

Molpro::pot: 0-th energy correction = -0.0038418 kcal/mole
Molpro::pot: 1-th energy correction = 0 kcal/mole
molpro_pot: 0-th energy = -0.00693841 kcal/mol
molpro_pot: 1-th energy = -0.00309661 kcal/mol
molpro_pot: coordinates (angstrom):

C, 0.230243, -0.000263627, 0.267309
H, 1.15821, -0.469573, -0.0175421
H, 0.208086, 1.05235, 0.49974
H, -0.675849, -0.582566, 0.316742
H, -3.43191, 0.00292401, -3.98175

molpro_pot: interatomic distances matrix (angstrom):

\     C1    H2    H3    H4
H2  1.08
H3  1.08  1.87
H4  1.08  1.87  1.87
H5  5.61  6.08  5.87  5.14

Molpro::pot: 1-th molpro energy = -0.00325805 kcal/mole

Molpro::pot: 0-th energy correction = -0.00384184 kcal/mole
Molpro::pot: 1-th energy correction = 0 kcal/mole
molpro_pot: 0-th energy = -0.00709989 kcal/mol
molpro_pot: 1-th energy = -0.00325805 kcal/mol
molpro_pot: coordinates (angstrom):

C, 0.0424054, 0.128452, -0.325498
H, -0.244035, 1.07653, -0.751663
H, -0.262684, -0.789968, -0.800832
H, 0.636303, 0.0986922, 0.573903
H, -0.634497, -1.91471, 4.85424

molpro_pot: interatomic distances matrix (angstrom):

\     C1    H2    H3    H4
H2  1.08
H3  1.08  1.87
H4  1.08  1.87  1.87
H5  5.61  6.37  5.78   4.9

Molpro::pot: 1-th molpro energy = -0.00371629 kcal/mole

Molpro::pot: 0-th energy correction = -0.00384423 kcal/mole
Molpro::pot: 1-th energy correction = 0 kcal/mole
molpro_pot: 0-th energy = -0.00756052 kcal/mol
molpro_pot: 1-th energy = -0.00371629 kcal/mol
molpro_pot: coordinates (angstrom):

C, 0.268142, 0.117497, -0.196201
H, 0.170271, 1.13413, 0.149342
H, -0.148439, -0.170333, -1.14811
H, 0.785054, -0.610353, 0.408413
H, -3.99961, -1.75246, 2.92649

molpro_pot: interatomic distances matrix (angstrom):

\     C1    H2    H3    H4
H2  1.08
H3  1.08  1.87
H4  1.08  1.87  1.87
H5  5.61  5.78  5.83  5.53

Molpro::pot: 1-th molpro energy = -0.00316019 kcal/mole

Molpro::pot: 0-th energy correction = -0.00384473 kcal/mole
Molpro::pot: 1-th energy correction = 0 kcal/mole
molpro_pot: 0-th energy = -0.00700492 kcal/mol
molpro_pot: 1-th energy = -0.00316019 kcal/mol
molpro_pot: coordinates (angstrom):

C, 0.0716737, -0.233781, 0.253995
H, -0.320076, -1.21795, 0.45515
H, 0.644103, 0.282553, 1.00781
H, -0.106232, 0.232688, -0.701661
H, -1.0712, 3.4863, -3.78557

molpro_pot: interatomic distances matrix (angstrom):

\     C1    H2    H3    H4
H2  1.08
H3  1.08  1.87
H4  1.08  1.87  1.87
H5  5.61  6.38  6.02  4.59

Molpro::pot: 1-th molpro energy = -0.0055726 kcal/mole

Molpro::pot: 0-th energy correction = -0.0038436 kcal/mole
Molpro::pot: 1-th energy correction = 0 kcal/mole
molpro_pot: 0-th energy = -0.00941621 kcal/mol
molpro_pot: 1-th energy = -0.0055726 kcal/mol

(8,0)-th SURFACE:

molpro_pot: coordinates (angstrom):

C, 0.144694, -0.0548304, -0.294516
H, 0.618188, -0.996696, -0.0682238
H, -0.394839, 0.475182, 0.47393
H, 0.213256, 0.358467, -1.288
H, -2.15946, 0.815904, 4.38904

molpro_pot: interatomic distances matrix (angstrom):

\     C1    H2    H3    H4
H2  1.08
H3  1.08  1.87
H4  1.08  1.87  1.87
H5  5.29  5.56  4.31  6.17

Molpro::pot: 1-th molpro energy = -0.00771791 kcal/mole

Molpro::pot: 0-th energy correction = -0.00725177 kcal/mole
Molpro::pot: 1-th energy correction = 0 kcal/mole
molpro_pot: 0-th energy = -0.0149697 kcal/mol
molpro_pot: 1-th energy = -0.00771791 kcal/mol
molpro_pot: coordinates (angstrom):

C, -0.126127, 0.151659, -0.268128
H, 0.172791, -0.61542, -0.964371
H, -1.15653, 0.227429, 0.0401622
H, 0.605528, 0.840794, 0.12212
H, 1.87999, -2.25857, 3.99464

molpro_pot: interatomic distances matrix (angstrom):

\     C1    H2    H3    H4
H2  1.08
H3  1.08  1.87
H4  1.08  1.87  1.87
H5  5.29   5.5  5.57  5.12

Molpro::pot: 1-th molpro energy = -0.00690949 kcal/mole

Molpro::pot: 0-th energy correction = -0.00724919 kcal/mole
Molpro::pot: 1-th energy correction = 0 kcal/mole
molpro_pot: 0-th energy = -0.0141587 kcal/mol
molpro_pot: 1-th energy = -0.00690949 kcal/mol
molpro_pot: coordinates (angstrom):

C, 0.270767, 0.133628, -0.139229
H, 1.22383, 0.293277, 0.338996
H, -0.490402, 0.895748, -0.0911388
H, 0.0799405, -0.786435, -0.667991
H, -4.03735, -1.99368, 2.07791

molpro_pot: interatomic distances matrix (angstrom):

\     C1    H2    H3    H4
H2  1.08
H3  1.08  1.87
H4  1.08  1.87  1.87
H5  5.29  5.99  5.06  5.09

Molpro::pot: 1-th molpro energy = -0.00618714 kcal/mole

Molpro::pot: 0-th energy correction = -0.00725452 kcal/mole
Molpro::pot: 1-th energy correction = 0 kcal/mole
molpro_pot: 0-th energy = -0.0134417 kcal/mol
molpro_pot: 1-th energy = -0.00618714 kcal/mol
molpro_pot: coordinates (angstrom):

C, -0.143097, 0.117217, 0.276278
H, -1.01484, -0.429834, 0.597691
H, -0.228741, 0.857548, -0.502885
H, 0.813363, -0.0736904, 0.735908
H, 2.13406, -1.74971, -4.12031

molpro_pot: interatomic distances matrix (angstrom):

\     C1    H2    H3    H4
H2  1.08
H3  1.08  1.87
H4  1.08  1.87  1.87
H5  5.29  5.82  5.05   5.3

Molpro::pot: 1-th molpro energy = -0.00660476 kcal/mole

Molpro::pot: 0-th energy correction = -0.00725474 kcal/mole
Molpro::pot: 1-th energy correction = 0 kcal/mole
molpro_pot: 0-th energy = -0.0138595 kcal/mol
molpro_pot: 1-th energy = -0.00660476 kcal/mol
molpro_pot: coordinates (angstrom):

C, -0.153422, -0.0425078, -0.292045
H, -0.0815348, -0.180304, 0.774895
H, -0.660866, -0.776699, -0.897011
H, 0.279214, 0.830617, -0.753563
H, 2.28996, 0.632519, 4.35301

molpro_pot: interatomic distances matrix (angstrom):

\     C1    H2    H3    H4
H2  1.08
H3  1.08  1.87
H4  1.08  1.87  1.87
H5  5.29  4.37  6.19  5.49

Molpro::pot: 1-th molpro energy = -0.00720102 kcal/mole

Molpro::pot: 0-th energy correction = -0.0072528 kcal/mole
Molpro::pot: 1-th energy correction = 0 kcal/mole
molpro_pot: 0-th energy = -0.0144538 kcal/mol
molpro_pot: 1-th energy = -0.00720102 kcal/mol

(9,0)-th SURFACE:

molpro_pot: coordinates (angstrom):

C, 0.305739, 0.0660188, -0.0450745
H, -0.592028, 0.567109, -0.369787
H, 1.27113, 0.448713, -0.33505
H, 0.238344, -0.815619, 0.571929
H, -4.55783, -0.986277, 0.669603

molpro_pot: interatomic distances matrix (angstrom):

\     C1    H2    H3    H4
H2  1.08
H3  1.08  1.87
H4  1.08  1.87  1.87
H5  5.03  4.38  6.09   4.8

Molpro::pot: 1-th molpro energy = -0.00707183 kcal/mole

Molpro::pot: 0-th energy correction = -0.012311 kcal/mole
Molpro::pot: 1-th energy correction = 0 kcal/mole
molpro_pot: 0-th energy = -0.0193828 kcal/mol
molpro_pot: 1-th energy = -0.00707183 kcal/mol
molpro_pot: coordinates (angstrom):

C, 0.0769977, 0.30526, 0.0294306
H, -0.144561, 0.652633, 1.0258
H, 0.557437, -0.649293, -0.11383
H, -0.184525, 0.910703, -0.823544
H, -1.14515, -4.54873, -0.438854

molpro_pot: interatomic distances matrix (angstrom):

\     C1    H2    H3    H4
H2  1.08
H3  1.08  1.87
H4  1.08  1.87  1.87
H5  5.03   5.5  4.27  5.56

Molpro::pot: 1-th molpro energy = -0.0119346 kcal/mole

Molpro::pot: 0-th energy correction = -0.0123066 kcal/mole
Molpro::pot: 1-th energy correction = 0 kcal/mole
molpro_pot: 0-th energy = -0.0242412 kcal/mol
molpro_pot: 1-th energy = -0.0119346 kcal/mol
molpro_pot: coordinates (angstrom):

C, 0.0798542, 0.0672039, -0.298501
H, 1.00048, 0.62398, -0.368906
H, 0.0811779, -0.92461, 0.124372
H, -0.842293, 0.503157, -0.647944
H, -1.19018, -1.00271, 4.44668

molpro_pot: interatomic distances matrix (angstrom):

\     C1    H2    H3    H4
H2  1.08
H3  1.08  1.87
H4  1.08  1.87  1.87
H5  5.03  5.53  4.51  5.32

Molpro::pot: 1-th molpro energy = -0.0127797 kcal/mole

Molpro::pot: 0-th energy correction = -0.012306 kcal/mole
Molpro::pot: 1-th energy correction = 0 kcal/mole
molpro_pot: 0-th energy = -0.0250857 kcal/mol
molpro_pot: 1-th energy = -0.0127797 kcal/mol
molpro_pot: coordinates (angstrom):

C, -0.21876, 0.144445, -0.176712
H, -0.661347, 1.10969, 0.0102117
H, 0.161365, -0.0930418, -1.15734
H, -0.153461, -0.581963, 0.617384
H, 3.25818, -2.15456, 2.63382

molpro_pot: interatomic distances matrix (angstrom):

\     C1    H2    H3    H4
H2  1.08
H3  1.08  1.87
H4  1.08  1.87  1.87
H5  5.03  5.74  5.31  4.26

Molpro::pot: 1-th molpro energy = -0.0114005 kcal/mole

Molpro::pot: 0-th energy correction = -0.0123078 kcal/mole
Molpro::pot: 1-th energy correction = 0 kcal/mole
molpro_pot: 0-th energy = -0.0237083 kcal/mol
molpro_pot: 1-th energy = -0.0114005 kcal/mol
molpro_pot: coordinates (angstrom):

C, 0.168301, 0.237336, -0.12298
H, 0.516589, -0.548113, 0.528389
H, -0.106968, 1.19542, 0.28789
H, 0.0982102, 0.0658975, -1.18516
H, -2.51176, -3.53912, 1.83318

molpro_pot: interatomic distances matrix (angstrom):

\     C1    H2    H3    H4
H2  1.08
H3  1.08  1.87
H4  1.08  1.87  1.87
H5  5.03  4.45  5.53  5.38

Molpro::pot: 1-th molpro energy = -0.0126643 kcal/mole

Molpro::pot: 0-th energy correction = -0.0123145 kcal/mole
Molpro::pot: 1-th energy correction = 0 kcal/mole
molpro_pot: 0-th energy = -0.0249787 kcal/mol
molpro_pot: 1-th energy = -0.0126643 kcal/mol

(10,0)-th SURFACE:

molpro_pot: coordinates (angstrom):

C, -0.225024, 0.17113, -0.0102132
H, -1.29661, 0.157789, -0.128729
H, 0.232967, -0.35971, 0.808916
H, 0.388652, 0.712485, -0.712252
H, 3.35431, -2.54818, 0.153671

molpro_pot: interatomic distances matrix (angstrom):

\     C1    H2    H3    H4
H2  1.08
H3  1.08  1.87
H4  1.08  1.87  1.87
H5   4.5  5.39  3.87  4.49

Molpro::pot: 1-th molpro energy = -0.0266572 kcal/mole

Molpro::pot: 0-th energy correction = -0.0354651 kcal/mole
Molpro::pot: 1-th energy correction = 0 kcal/mole
molpro_pot: 0-th energy = -0.0621223 kcal/mol
molpro_pot: 1-th energy = -0.0266572 kcal/mol
molpro_pot: coordinates (angstrom):

C, -0.171294, -0.16513, 0.152605
H, -0.945284, 0.565763, 0.323628
H, 0.865222, 0.129705, 0.187612
H, -0.433501, -1.1911, -0.0502854
H, 2.55313, 2.46181, -2.27799

molpro_pot: interatomic distances matrix (angstrom):

\     C1    H2    H3    H4
H2  1.08
H3  1.08  1.87
H4  1.08  1.87  1.87
H5   4.5  4.75  3.79  5.22

Molpro::pot: 1-th molpro energy = -0.0336648 kcal/mole

Molpro::pot: 0-th energy correction = -0.0354811 kcal/mole
Molpro::pot: 1-th energy correction = 0 kcal/mole
molpro_pot: 0-th energy = -0.0691459 kcal/mol
molpro_pot: 1-th energy = -0.0336648 kcal/mol
molpro_pot: coordinates (angstrom):

C, 0.0972935, 0.117364, -0.238393
H, -0.501897, -0.560856, -0.824485
H, -0.376426, 0.789806, 0.458694
H, 1.17001, 0.121076, -0.346998
H, -1.45014, -1.74746, 3.55129

molpro_pot: interatomic distances matrix (angstrom):

\     C1    H2    H3    H4
H2  1.08
H3  1.08  1.87
H4  1.08  1.87  1.87
H5   4.5  4.63  4.14  5.06

Molpro::pot: 1-th molpro energy = -0.0518712 kcal/mole

Molpro::pot: 0-th energy correction = -0.0354593 kcal/mole
Molpro::pot: 1-th energy correction = 0 kcal/mole
molpro_pot: 0-th energy = -0.0873305 kcal/mol
molpro_pot: 1-th energy = -0.0518712 kcal/mol
molpro_pot: coordinates (angstrom):

C, -0.0755043, -0.156085, -0.223509
H, -0.93679, 0.00132292, -0.852734
H, 0.893971, -0.315815, -0.667493
H, -0.182986, -0.150702, 0.84931
H, 1.12482, 2.32367, 3.3322

molpro_pot: interatomic distances matrix (angstrom):

\     C1    H2    H3    H4
H2  1.08
H3  1.08  1.87
H4  1.08  1.87  1.87
H5   4.5  5.21   4.8  3.74

Molpro::pot: 1-th molpro energy = -0.0313643 kcal/mole

Molpro::pot: 0-th energy correction = -0.0354658 kcal/mole
Molpro::pot: 1-th energy correction = 0 kcal/mole
molpro_pot: 0-th energy = -0.0668301 kcal/mol
molpro_pot: 1-th energy = -0.0313643 kcal/mol
molpro_pot: coordinates (angstrom):

C, -0.241216, 0.147458, 0.00256114
H, -0.889215, 0.700273, 0.663627
H, -0.554585, -0.0626106, -1.00748
H, 0.721075, -0.192522, 0.350311
H, 3.59484, -2.2009, -0.0369496

molpro_pot: interatomic distances matrix (angstrom):

\     C1    H2    H3    H4
H2  1.08
H3  1.08  1.87
H4  1.08  1.87  1.87
H5   4.5  5.39  4.77  3.53

Molpro::pot: 1-th molpro energy = -0.00874611 kcal/mole

Molpro::pot: 0-th energy correction = -0.0354764 kcal/mole
Molpro::pot: 1-th energy correction = 0 kcal/mole
molpro_pot: 0-th energy = -0.0442225 kcal/mol
molpro_pot: 1-th energy = -0.00874611 kcal/mol

(10,0)-th SURFACE:

molpro_pot: coordinates (angstrom):

C, 0.107993, 0.259426, 0.0321518
H, -0.760562, 0.897654, 0.0603039
H, -0.00740442, -0.810523, 0.0985647
H, 1.09136, 0.690674, -0.0654878
H, -1.60925, -3.86675, -0.476207

molpro_pot: interatomic distances matrix (angstrom):

\     C1    H2    H3    H4
H2  1.08
H3  1.08  1.87
H4  1.08  1.87  1.87
H5   4.5  4.87   3.5  5.31

Molpro::pot: 1-th molpro energy = -0.010538 kcal/mole

Molpro::pot: 0-th energy correction = -0.0354685 kcal/mole
Molpro::pot: 1-th energy correction = 0 kcal/mole
molpro_pot: 0-th energy = -0.0460065 kcal/mol
molpro_pot: 1-th energy = -0.010538 kcal/mol
molpro_pot: coordinates (angstrom):

C, -0.133963, 0.248455, 0.0199834
H, 0.804472, 0.77455, 0.0912444
H, -0.397376, -0.262013, -0.892461
H, -0.807411, 0.230158, 0.8618
H, 1.99539, -3.70101, -0.298523

molpro_pot: interatomic distances matrix (angstrom):

\     C1    H2    H3    H4
H2  1.08
H3  1.08  1.87
H4  1.08  1.87  1.87
H5   4.5  4.65  4.23  4.97

Molpro::pot: 1-th molpro energy = -0.0561158 kcal/mole

Molpro::pot: 0-th energy correction = -0.0354588 kcal/mole
Molpro::pot: 1-th energy correction = 0 kcal/mole
molpro_pot: 0-th energy = -0.0915746 kcal/mol
molpro_pot: 1-th energy = -0.0561158 kcal/mol
molpro_pot: coordinates (angstrom):

C, -0.198702, -0.154323, -0.128847
H, -1.12682, -0.170054, -0.677361
H, -0.196573, 0.0993533, 0.919086
H, 0.726582, -0.395168, -0.627208
H, 2.96272, 2.30336, 1.91964

molpro_pot: interatomic distances matrix (angstrom):

\     C1    H2    H3    H4
H2  1.08
H3  1.08  1.87
H4  1.08  1.87  1.87
H5   4.5  5.44  3.98  4.33

Molpro::pot: 1-th molpro energy = -0.0251023 kcal/mole

Molpro::pot: 0-th energy correction = -0.0354809 kcal/mole
Molpro::pot: 1-th energy correction = 0 kcal/mole
molpro_pot: 0-th energy = -0.0605832 kcal/mol
molpro_pot: 1-th energy = -0.0251023 kcal/mol
molpro_pot: coordinates (angstrom):

C, 0.126255, -0.250622, -0.0342898
H, 0.401747, 0.656493, 0.479287
H, -0.470073, -0.201929, -0.931252
H, 0.4495, -1.20591, 0.347109
H, -1.88447, 3.73546, 0.513139

molpro_pot: interatomic distances matrix (angstrom):

\     C1    H2    H3    H4
H2  1.08
H3  1.08  1.87
H4  1.08  1.87  1.87
H5   4.5  3.84  4.43  5.47

Molpro::pot: 1-th molpro energy = -0.0187266 kcal/mole

Molpro::pot: 0-th energy correction = -0.0354774 kcal/mole
Molpro::pot: 1-th energy correction = 0 kcal/mole
molpro_pot: 0-th energy = -0.0542039 kcal/mol
molpro_pot: 1-th energy = -0.0187266 kcal/mol
molpro_pot: coordinates (angstrom):

C, -0.130322, -0.0613708, 0.243357
H, -0.593971, 0.911351, 0.206536
H, 0.571503, -0.352856, -0.521494
H, -0.365967, -0.74123, 1.04634
H, 1.94015, 0.913467, -3.62899

molpro_pot: interatomic distances matrix (angstrom):

\     C1    H2    H3    H4
H2  1.08
H3  1.08  1.87
H4  1.08  1.87  1.87
H5   4.5   4.6  3.62  5.47

Molpro::pot: 1-th molpro energy = -0.0088967 kcal/mole

Molpro::pot: 0-th energy correction = -0.0354717 kcal/mole
Molpro::pot: 1-th energy correction = 0 kcal/mole
molpro_pot: 0-th energy = -0.0443684 kcal/mol
molpro_pot: 1-th energy = -0.0088967 kcal/mol

(11,0)-th SURFACE:

molpro_pot: coordinates (angstrom):

C, -0.217053, 0.0653673, 0.139419
H, 0.47513, -0.270551, -0.615934
H, 0.0687659, 0.850265, 0.821153
H, -1.1958, -0.381204, 0.211122
H, 3.23632, -0.976827, -2.07638

molpro_pot: interatomic distances matrix (angstrom):

\     C1    H2    H3    H4
H2  1.08
H3  1.08  1.87
H4  1.08  1.87  1.87
H5  4.23   3.2  4.67  5.02

Molpro::pot: 1-th molpro energy = 0.00425704 kcal/mole

Molpro::pot: 0-th energy correction = -0.0602182 kcal/mole
Molpro::pot: 1-th energy correction = 0 kcal/mole
molpro_pot: 0-th energy = -0.0559611 kcal/mol
molpro_pot: 1-th energy = 0.00425704 kcal/mol
molpro_pot: coordinates (angstrom):

C, 0.0631911, 0.253477, -0.0503647
H, 1.04913, 0.680106, -0.142139
H, -0.134826, -0.487117, 0.70781
H, -0.725282, 0.569493, -0.714417
H, -0.94143, -3.78059, 0.748429

molpro_pot: interatomic distances matrix (angstrom):

\     C1    H2    H3    H4
H2  1.08
H3  1.08  1.87
H4  1.08  1.87  1.87
H5  4.23  4.97  3.39  4.59

Molpro::pot: 1-th molpro energy = -0.037995 kcal/mole

Molpro::pot: 0-th energy correction = -0.0602277 kcal/mole
Molpro::pot: 1-th energy correction = 0 kcal/mole
molpro_pot: 0-th energy = -0.0982227 kcal/mol
molpro_pot: 1-th energy = -0.037995 kcal/mol
molpro_pot: coordinates (angstrom):

C, -0.194191, 0.166872, 0.0723156
H, -0.416395, 0.745435, 0.954588
H, -0.984174, -0.0951178, -0.613109
H, 0.818043, -0.14699, -0.126164
H, 2.89473, -2.49024, -1.07636

molpro_pot: interatomic distances matrix (angstrom):

\     C1    H2    H3    H4
H2  1.08
H3  1.08  1.87
H4  1.08  1.87  1.87
H5  4.23  5.06  4.58  3.27

Molpro::pot: 1-th molpro energy = -0.0077314 kcal/mole

Molpro::pot: 0-th energy correction = -0.0602265 kcal/mole
Molpro::pot: 1-th energy correction = 0 kcal/mole
molpro_pot: 0-th energy = -0.0679578 kcal/mol
molpro_pot: 1-th energy = -0.0077314 kcal/mol
molpro_pot: coordinates (angstrom):

C, 0.211136, 0.0753939, -0.143089
H, 1.08338, -0.554212, -0.215929
H, 0.29297, 1.06171, 0.284696
H, -0.741982, -0.279872, -0.500683
H, -3.14832, -1.12533, 2.13565

molpro_pot: interatomic distances matrix (angstrom):

\     C1    H2    H3    H4
H2  1.08
H3  1.08  1.87
H4  1.08  1.87  1.87
H5  4.23  4.87  4.48  3.67

Molpro::pot: 1-th molpro energy = -0.0802952 kcal/mole

Molpro::pot: 0-th energy correction = -0.0602375 kcal/mole
Molpro::pot: 1-th energy correction = 0 kcal/mole
molpro_pot: 0-th energy = -0.140533 kcal/mol
molpro_pot: 1-th energy = -0.0802952 kcal/mol
molpro_pot: coordinates (angstrom):

C, -0.178966, -0.0897406, 0.175079
H, -0.484869, 0.808447, -0.336973
H, 0.541802, -0.0347946, 0.975075
H, -0.595904, -1.04215, -0.110583
H, 2.66989, 1.33702, -2.61216

molpro_pot: interatomic distances matrix (angstrom):

\     C1    H2    H3    H4
H2  1.08
H3  1.08  1.87
H4  1.08  1.87  1.87
H5  4.23  3.93  4.39  4.75

Molpro::pot: 1-th molpro energy = -0.106832 kcal/mole

Molpro::pot: 0-th energy correction = -0.060238 kcal/mole
Molpro::pot: 1-th energy correction = 0 kcal/mole
molpro_pot: 0-th energy = -0.16707 kcal/mol
molpro_pot: 1-th energy = -0.106832 kcal/mol

(12,0)-th SURFACE:

molpro_pot: coordinates (angstrom):

C, -0.0264961, -0.21771, -0.119001
H, -0.306411, -1.02274, -0.779372
H, -0.183047, 0.805547, -0.420587
H, 0.406941, -0.435773, 0.84386
H, 0.398002, 3.2452, 1.77303

molpro_pot: interatomic distances matrix (angstrom):

\     C1    H2    H3    H4
H2  1.08
H3  1.08  1.87
H4  1.08  1.87  1.87
H5  3.97  5.02  3.33   3.8

Molpro::pot: 1-th molpro energy = 0.00872003 kcal/mole

Molpro::pot: 0-th energy correction = -0.101817 kcal/mole
Molpro::pot: 1-th energy correction = 0 kcal/mole
molpro_pot: 0-th energy = -0.0930969 kcal/mol
molpro_pot: 1-th energy = 0.00872003 kcal/mol
molpro_pot: coordinates (angstrom):

C, 0.0550057, 0.0169651, 0.24285
H, 0.345396, -0.405335, -0.705755
H, 0.803486, 0.427487, 0.901459
H, -0.983742, 0.0315991, 0.531486
H, -0.820084, -0.255752, -3.61876

molpro_pot: interatomic distances matrix (angstrom):

\     C1    H2    H3    H4
H2  1.08
H3  1.08  1.87
H4  1.08  1.87  1.87
H5  3.97  3.14  4.85  4.16

Molpro::pot: 1-th molpro energy = -0.0206553 kcal/mole

Molpro::pot: 0-th energy correction = -0.101806 kcal/mole
Molpro::pot: 1-th energy correction = 0 kcal/mole
molpro_pot: 0-th energy = -0.122462 kcal/mol
molpro_pot: 1-th energy = -0.0206553 kcal/mol
molpro_pot: coordinates (angstrom):

C, -0.062524, -0.0158248, -0.241043
H, -0.925366, 0.593368, -0.024474
H, 0.230939, -0.189919, -1.26383
H, 0.508519, -0.448252, 0.564834
H, 0.930371, 0.233225, 3.59352

molpro_pot: interatomic distances matrix (angstrom):

\     C1    H2    H3    H4
H2  1.08
H3  1.08  1.87
H4  1.08  1.87  1.87
H5  3.97  4.08  4.93  3.13

Molpro::pot: 1-th molpro energy = 0.0103076 kcal/mole

Molpro::pot: 0-th energy correction = -0.101817 kcal/mole
Molpro::pot: 1-th energy correction = 0 kcal/mole
molpro_pot: 0-th energy = -0.0915092 kcal/mol
molpro_pot: 1-th energy = 0.0103076 kcal/mol
molpro_pot: coordinates (angstrom):

C, -0.13433, -0.171493, -0.121457
H, -0.787416, -0.959417, 0.21791
H, 0.802486, 0.00592218, 0.381949
H, -0.416407, 0.436818, -0.965797
H, 2.00078, 2.55862, 1.8121

molpro_pot: interatomic distances matrix (angstrom):

\     C1    H2    H3    H4
H2  1.08
H3  1.08  1.87
H4  1.08  1.87  1.87
H5  3.97  4.76  3.16  4.25

Molpro::pot: 1-th molpro energy = -0.0530347 kcal/mole

Molpro::pot: 0-th energy correction = -0.101837 kcal/mole
Molpro::pot: 1-th energy correction = 0 kcal/mole
molpro_pot: 0-th energy = -0.154872 kcal/mol
molpro_pot: 1-th energy = -0.0530347 kcal/mol
molpro_pot: coordinates (angstrom):

C, -0.0104697, -0.00169983, 0.249423
H, 0.618324, 0.358642, 1.04773
H, -0.713449, 0.664134, -0.224922
H, 0.0657718, -1.02661, -0.0765792
H, 0.154014, 0.0240685, -3.71606

molpro_pot: interatomic distances matrix (angstrom):

\     C1    H2    H3    H4
H2  1.08
H3  1.08  1.87
H4  1.08  1.87  1.87
H5  3.97   4.8  3.65  3.79

Molpro::pot: 1-th molpro energy = -0.13187 kcal/mole

Molpro::pot: 0-th energy correction = -0.101793 kcal/mole
Molpro::pot: 1-th energy correction = 0 kcal/mole
molpro_pot: 0-th energy = -0.233663 kcal/mol
molpro_pot: 1-th energy = -0.13187 kcal/mol
