
(0,0)-th SURFACE:

molpro_pot: coordinates (angstrom):

C, -0.172964, -0.621822, -0.160971
H, -1.08558, -1.18329, -0.280979
H, 0.277735, -0.528409, 0.814048
H, 0.290521, -0.156511, -1.01607
H, 2.57678, 9.27214, 2.39966

molpro_pot: interatomic distances matrix (angstrom):

\     C1    H2    H3    H4
H2  1.08
H3  1.08  1.87
H4  1.08  1.87  1.87
H5  10.6  11.4  10.2  10.3

Molpro::pot: 1-th molpro energy = -6.19668e-05 kcal/mole

Molpro::pot: 0-th energy correction = -1.83781e-07 kcal/mole
Molpro::pot: 1-th energy correction = 0 kcal/mole
molpro_pot: 0-th energy = -6.21505e-05 kcal/mol
molpro_pot: 1-th energy = -6.19668e-05 kcal/mol
molpro_pot: coordinates (angstrom):

C, -0.366375, -0.479921, 0.279962
H, -0.887278, -0.413685, -0.661732
H, 0.699522, -0.641581, 0.295717
H, -0.910556, -0.381461, 1.20554
H, 5.46068, 7.15107, -4.17299

molpro_pot: interatomic distances matrix (angstrom):

\     C1    H2    H3    H4
H2  1.08
H3  1.08  1.87
H4  1.08  1.87  1.87
H5  10.6  10.5  10.2  11.2

Molpro::pot: 1-th molpro energy = -3.45527e-05 kcal/mole

Molpro::pot: 0-th energy correction = -1.83658e-07 kcal/mole
Molpro::pot: 1-th energy correction = 0 kcal/mole
molpro_pot: 0-th energy = -3.47364e-05 kcal/mol
molpro_pot: 1-th energy = -3.45527e-05 kcal/mol
molpro_pot: coordinates (angstrom):

C, -0.171112, -0.419348, -0.487663
H, -0.722107, -0.858226, 0.328613
H, -0.384054, 0.59042, -0.799981
H, 0.594663, -0.988819, -0.989472
H, 2.5489, 6.24973, 7.26736

molpro_pot: interatomic distances matrix (angstrom):

\     C1    H2    H3    H4
H2  1.08
H3  1.08  1.87
H4  1.08  1.87  1.87
H5  10.6  10.5  10.3  11.2

Molpro::pot: 1-th molpro energy = -3.24386e-05 kcal/mole

Molpro::pot: 0-th energy correction = -1.83654e-07 kcal/mole
Molpro::pot: 1-th energy correction = 0 kcal/mole
molpro_pot: 0-th energy = -3.26223e-05 kcal/mol
molpro_pot: 1-th energy = -3.24386e-05 kcal/mol
molpro_pot: coordinates (angstrom):

C, -0.0953674, 0.503301, 0.424331
H, 0.470561, -0.254614, 0.941829
H, -0.961982, 0.942026, 0.892324
H, 0.206897, 0.82466, -0.559481
H, 1.42005, -7.50479, -6.3271

molpro_pot: interatomic distances matrix (angstrom):

\     C1    H2    H3    H4
H2  1.08
H3  1.08  1.87
H4  1.08  1.87  1.87
H5  10.6  10.3  11.4  10.2

Molpro::pot: 1-th molpro energy = -2.73259e-05 kcal/mole

Molpro::pot: 0-th energy correction = -1.83788e-07 kcal/mole
Molpro::pot: 1-th energy correction = 0 kcal/mole
molpro_pot: 0-th energy = -2.75097e-05 kcal/mol
molpro_pot: 1-th energy = -2.73259e-05 kcal/mol
molpro_pot: coordinates (angstrom):

C, -0.403949, -0.500186, 0.171796
H, -0.438515, -1.23364, -0.617741
H, 0.524786, -0.00576832, 0.407425
H, -1.29835, -0.258909, 0.723481
H, 6.02183, 7.45394, -2.55871

molpro_pot: interatomic distances matrix (angstrom):

\     C1    H2    H3    H4
H2  1.08
H3  1.08  1.87
H4  1.08  1.87  1.87
H5  10.6    11  9.73  11.1

Molpro::pot: 1-th molpro energy = -6.52707e-05 kcal/mole

Molpro::pot: 0-th energy correction = -1.83675e-07 kcal/mole
Molpro::pot: 1-th energy correction = 0 kcal/mole
molpro_pot: 0-th energy = -6.54544e-05 kcal/mol
molpro_pot: 1-th energy = -6.52707e-05 kcal/mol

(1,0)-th SURFACE:

molpro_pot: coordinates (angstrom):

C, 0.0849752, 0.102807, -0.549448
H, -0.190164, -0.372301, -1.4774
H, 0.841396, -0.339675, 0.0786884
H, -0.393826, 1.02166, -0.251146
H, -1.26919, -1.53379, 8.19204

molpro_pot: interatomic distances matrix (angstrom):

\     C1    H2    H3    H4
H2  1.08
H3  1.08  1.87
H4  1.08  1.87  1.87
H5     9   9.8  8.47  8.86

Molpro::pot: 1-th molpro energy = -0.000165645 kcal/mole

Molpro::pot: 0-th energy correction = -4.39723e-06 kcal/mole
Molpro::pot: 1-th energy correction = 0 kcal/mole
molpro_pot: 0-th energy = -0.000170042 kcal/mol
molpro_pot: 1-th energy = -0.000165645 kcal/mol
molpro_pot: coordinates (angstrom):

C, -0.0212781, -0.198821, 0.529034
H, -0.220935, -1.00852, 1.21244
H, -0.0836654, -0.363916, -0.534625
H, 0.237639, 0.776405, 0.909059
H, 0.320316, 2.96335, -7.88598

molpro_pot: interatomic distances matrix (angstrom):

\     C1    H2    H3    H4
H2  1.08
H3  1.08  1.87
H4  1.08  1.87  1.87
H5     9  9.94  8.08  9.06

Molpro::pot: 1-th molpro energy = -0.000146409 kcal/mole

Molpro::pot: 0-th energy correction = -4.39586e-06 kcal/mole
Molpro::pot: 1-th energy correction = 0 kcal/mole
molpro_pot: 0-th energy = -0.000150805 kcal/mol
molpro_pot: 1-th energy = -0.000146409 kcal/mol
molpro_pot: coordinates (angstrom):

C, -0.126705, 0.531137, -0.146991
H, -0.348283, 1.5116, 0.243028
H, -0.479851, -0.346668, 0.369985
H, 0.44513, 0.428462, -1.05528
H, 1.89165, -7.91755, 2.19247

molpro_pot: interatomic distances matrix (angstrom):

\     C1    H2    H3    H4
H2  1.08
H3  1.08  1.87
H4  1.08  1.87  1.87
H5     9  9.89  8.14  9.07

Molpro::pot: 1-th molpro energy = -0.000155766 kcal/mole

Molpro::pot: 0-th energy correction = -4.39658e-06 kcal/mole
Molpro::pot: 1-th energy correction = 0 kcal/mole
molpro_pot: 0-th energy = -0.000160163 kcal/mol
molpro_pot: 1-th energy = -0.000155766 kcal/mol
molpro_pot: coordinates (angstrom):

C, -0.0534658, -0.394176, -0.402104
H, 0.648136, 0.359934, -0.0833748
H, 0.305185, -1.33521, -0.787258
H, -1.11333, -0.208648, -0.332866
H, 0.796614, 5.87731, 5.99128

molpro_pot: interatomic distances matrix (angstrom):

\     C1    H2    H3    H4
H2  1.08
H3  1.08  1.87
H4  1.08  1.87  1.87
H5     9  8.21  9.91  8.98

Molpro::pot: 1-th molpro energy = -0.000140758 kcal/mole

Molpro::pot: 0-th energy correction = -4.39538e-06 kcal/mole
Molpro::pot: 1-th energy correction = 0 kcal/mole
molpro_pot: 0-th energy = -0.000145153 kcal/mol
molpro_pot: 1-th energy = -0.000140758 kcal/mol
molpro_pot: coordinates (angstrom):

C, -0.0114379, -0.0563002, 0.5625
H, -0.0237077, -1.13111, 0.64703
H, -0.622045, 0.432661, -0.179521
H, 0.608783, 0.529605, 1.22171
H, 0.173159, 0.839202, -8.38681

molpro_pot: interatomic distances matrix (angstrom):

\     C1    H2    H3    H4
H2  1.08
H3  1.08  1.87
H4  1.08  1.87  1.87
H5     9  9.25  8.26  9.62

Molpro::pot: 1-th molpro energy = -7.43371e-05 kcal/mole

Molpro::pot: 0-th energy correction = -4.39705e-06 kcal/mole
Molpro::pot: 1-th energy correction = 0 kcal/mole
molpro_pot: 0-th energy = -7.87341e-05 kcal/mol
molpro_pot: 1-th energy = -7.43371e-05 kcal/mol

(2,0)-th SURFACE:

molpro_pot: coordinates (angstrom):

C, 0.170601, 0.445818, 0.194787
H, -0.662703, 1.04876, 0.518177
H, 1.14169, 0.895402, 0.062958
H, 0.0337034, -0.60691, 0.00625827
H, -2.54401, -6.64553, -2.90669

molpro_pot: interatomic distances matrix (angstrom):

\     C1    H2    H3    H4
H2  1.08
H3  1.08  1.87
H4  1.08  1.87  1.87
H5   8.2  8.63   8.9  7.18

Molpro::pot: 1-th molpro energy = -0.000219396 kcal/mole

Molpro::pot: 0-th energy correction = -2.15068e-05 kcal/mole
Molpro::pot: 1-th energy correction = 0 kcal/mole
molpro_pot: 0-th energy = -0.000240902 kcal/mol
molpro_pot: 1-th energy = -0.000219396 kcal/mol
molpro_pot: coordinates (angstrom):

C, -0.0226883, -0.0440936, -0.513406
H, 0.800648, -0.517078, -0.0026047
H, -1.02217, -0.129026, -0.118012
H, 0.1537, 0.516216, -1.41754
H, 0.337969, 0.654904, 7.65119

molpro_pot: interatomic distances matrix (angstrom):

\     C1    H2    H3    H4
H2  1.08
H3  1.08  1.87
H4  1.08  1.87  1.87
H5   8.2  7.76  7.93  9.07

Molpro::pot: 1-th molpro energy = -0.000147797 kcal/mole

Molpro::pot: 0-th energy correction = -2.14966e-05 kcal/mole
Molpro::pot: 1-th energy correction = 0 kcal/mole
molpro_pot: 0-th energy = -0.000169294 kcal/mol
molpro_pot: 1-th energy = -0.000147797 kcal/mol
molpro_pot: coordinates (angstrom):

C, -0.308661, -0.134003, 0.390586
H, -1.38611, -0.155974, 0.424217
H, 0.198973, 0.697096, -0.0721231
H, 0.261086, -0.941234, 0.822197
H, 4.60123, 1.99566, -5.82494

molpro_pot: interatomic distances matrix (angstrom):

\     C1    H2    H3    H4
H2  1.08
H3  1.08  1.87
H4  1.08  1.87  1.87
H5   8.2  8.92  7.36  8.46

Molpro::pot: 1-th molpro energy = -0.000176775 kcal/mole

Molpro::pot: 0-th energy correction = -2.15073e-05 kcal/mole
Molpro::pot: 1-th energy correction = 0 kcal/mole
molpro_pot: 0-th energy = -0.000198282 kcal/mol
molpro_pot: 1-th energy = -0.000176775 kcal/mol
molpro_pot: coordinates (angstrom):

C, 0.262069, 0.135016, -0.422937
H, -0.0478839, 0.430542, 0.566563
H, 0.0552623, 0.774869, -1.26575
H, 0.781361, -0.798496, -0.569265
H, -3.90915, -2.01453, 6.30429

molpro_pot: interatomic distances matrix (angstrom):

\     C1    H2    H3    H4
H2  1.08
H3  1.08  1.87
H4  1.08  1.87  1.87
H5   8.2  7.34  8.99  8.41

Molpro::pot: 1-th molpro energy = -0.000192673 kcal/mole

Molpro::pot: 0-th energy correction = -2.15074e-05 kcal/mole
Molpro::pot: 1-th energy correction = 0 kcal/mole
molpro_pot: 0-th energy = -0.000214181 kcal/mol
molpro_pot: 1-th energy = -0.000192673 kcal/mol
molpro_pot: coordinates (angstrom):

C, -0.250963, 0.348374, 0.285222
H, -0.346207, 0.479888, -0.78068
H, 0.606716, 0.747313, 0.80267
H, -1.01454, -0.179147, 0.834029
H, 3.74221, -5.19609, -4.25211

molpro_pot: interatomic distances matrix (angstrom):

\     C1    H2    H3    H4
H2  1.08
H3  1.08  1.87
H4  1.08  1.87  1.87
H5   8.2  7.81  8.41  8.58

Molpro::pot: 1-th molpro energy = -0.000154244 kcal/mole

Molpro::pot: 0-th energy correction = -2.1511e-05 kcal/mole
Molpro::pot: 1-th energy correction = 0 kcal/mole
molpro_pot: 0-th energy = -0.000175755 kcal/mol
molpro_pot: 1-th energy = -0.000154244 kcal/mol

(3,0)-th SURFACE:

molpro_pot: coordinates (angstrom):

C, -0.258492, 0.381915, -0.103016
H, 0.274065, -0.103486, -0.905066
H, -1.32171, 0.542638, -0.182145
H, 0.271307, 0.703721, 0.779183
H, 3.85415, -5.69026, 1.53462

molpro_pot: interatomic distances matrix (angstrom):

\     C1    H2    H3    H4
H2  1.08
H3  1.08  1.87
H4  1.08  1.87  1.87
H5  7.51  7.07  8.28  7.37

Molpro::pot: 1-th molpro energy = -0.000356131 kcal/mole

Molpro::pot: 0-th energy correction = -8.50938e-05 kcal/mole
Molpro::pot: 1-th energy correction = 0 kcal/mole
molpro_pot: 0-th energy = -0.000441224 kcal/mol
molpro_pot: 1-th energy = -0.000356131 kcal/mol
molpro_pot: coordinates (angstrom):

C, 0.107963, 0.423892, -0.178288
H, 0.747041, -0.148991, -0.830898
H, 0.0733903, 1.49803, -0.26514
H, -0.498669, -0.0772786, 0.558832
H, -1.60726, -6.31898, 2.66006

molpro_pot: interatomic distances matrix (angstrom):

\     C1    H2    H3    H4
H2  1.08
H3  1.08  1.87
H4  1.08  1.87  1.87
H5  7.51  7.47  8.51  6.68

Molpro::pot: 1-th molpro energy = -0.000324872 kcal/mole

Molpro::pot: 0-th energy correction = -8.51229e-05 kcal/mole
Molpro::pot: 1-th energy correction = 0 kcal/mole
molpro_pot: 0-th energy = -0.000409995 kcal/mol
molpro_pot: 1-th energy = -0.000324872 kcal/mol
molpro_pot: coordinates (angstrom):

C, -0.199133, 0.0568695, -0.424811
H, 0.169839, -0.94958, -0.540715
H, -1.01416, 0.257178, 0.252038
H, 0.248695, 0.863242, -0.983143
H, 2.96666, -0.847976, 6.32997

molpro_pot: interatomic distances matrix (angstrom):

\     C1    H2    H3    H4
H2  1.08
H3  1.08  1.87
H4  1.08  1.87  1.87
H5  7.51  7.42  7.35  7.99

Molpro::pot: 1-th molpro energy = -0.000294751 kcal/mole

Molpro::pot: 0-th energy correction = -8.50824e-05 kcal/mole
Molpro::pot: 1-th energy correction = 0 kcal/mole
molpro_pot: 0-th energy = -0.000379834 kcal/mol
molpro_pot: 1-th energy = -0.000294751 kcal/mol
molpro_pot: coordinates (angstrom):

C, -0.00269296, 0.0918159, -0.46346
H, 0.277034, 0.999862, -0.973088
H, 0.254837, -0.865299, -0.887876
H, -0.537012, 0.140768, 0.471755
H, 0.0372055, -1.36857, 6.90755

molpro_pot: interatomic distances matrix (angstrom):

\     C1    H2    H3    H4
H2  1.08
H3  1.08  1.87
H4  1.08  1.87  1.87
H5  7.51  8.23  7.81  6.64

Molpro::pot: 1-th molpro energy = -0.000366725 kcal/mole

Molpro::pot: 0-th energy correction = -8.51039e-05 kcal/mole
Molpro::pot: 1-th energy correction = 0 kcal/mole
molpro_pot: 0-th energy = -0.000451829 kcal/mol
molpro_pot: 1-th energy = -0.000366725 kcal/mol
molpro_pot: coordinates (angstrom):

C, 0.32049, 0.257662, -0.232357
H, -0.16461, 0.0862415, 0.71517
H, 0.679087, 1.243, -0.483443
H, 0.449771, -0.556503, -0.927298
H, -4.78027, -3.84067, 3.46221

molpro_pot: interatomic distances matrix (angstrom):

\     C1    H2    H3    H4
H2  1.08
H3  1.08  1.87
H4  1.08  1.87  1.87
H5  7.51  6.65  8.44  7.58

Molpro::pot: 1-th molpro energy = -0.000402615 kcal/mole

Molpro::pot: 0-th energy correction = -8.5129e-05 kcal/mole
Molpro::pot: 1-th energy correction = 0 kcal/mole
molpro_pot: 0-th energy = -0.000487744 kcal/mol
molpro_pot: 1-th energy = -0.000402615 kcal/mol

(3,0)-th SURFACE:

molpro_pot: coordinates (angstrom):

C, -0.296709, -0.36563, -0.0364976
H, 0.483152, 0.209594, -0.509202
H, -1.31535, -0.274915, -0.378039
H, -0.0576777, -1.03365, 0.775375
H, 4.42275, 5.45246, 0.546437

molpro_pot: interatomic distances matrix (angstrom):

\     C1    H2    H3    H4
H2  1.08
H3  1.08  1.87
H4  1.08  1.87  1.87
H5  7.51  6.64  8.16  7.89

Molpro::pot: 1-th molpro energy = -0.000330479 kcal/mole

Molpro::pot: 0-th energy correction = -8.51362e-05 kcal/mole
Molpro::pot: 1-th energy correction = 0 kcal/mole
molpro_pot: 0-th energy = -0.000415616 kcal/mol
molpro_pot: 1-th energy = -0.000330479 kcal/mol
molpro_pot: coordinates (angstrom):

C, 0.0743533, -0.0435359, -0.464315
H, -0.826196, -0.339785, 0.049263
H, 0.626245, -0.765885, -1.0441
H, 0.421283, 0.975346, -0.400749
H, -1.10664, 0.648699, 6.9241

molpro_pot: interatomic distances matrix (angstrom):

\     C1    H2    H3    H4
H2  1.08
H3  1.08  1.87
H4  1.08  1.87  1.87
H5  7.51  6.95  8.28  7.49

Molpro::pot: 1-th molpro energy = -0.000348778 kcal/mole

Molpro::pot: 0-th energy correction = -8.51436e-05 kcal/mole
Molpro::pot: 1-th energy correction = 0 kcal/mole
molpro_pot: 0-th energy = -0.000433922 kcal/mol
molpro_pot: 1-th energy = -0.000348778 kcal/mol
molpro_pot: coordinates (angstrom):

C, 0.234114, 0.301269, -0.278644
H, 0.260468, 1.15105, -0.941736
H, -0.482295, 0.268277, 0.526458
H, 0.921767, -0.516652, -0.422376
H, -3.48749, -4.48983, 4.15541

molpro_pot: interatomic distances matrix (angstrom):

\     C1    H2    H3    H4
H2  1.08
H3  1.08  1.87
H4  1.08  1.87  1.87
H5  7.51  8.48   6.7   7.5

Molpro::pot: 1-th molpro energy = -0.000352023 kcal/mole

Molpro::pot: 0-th energy correction = -8.51072e-05 kcal/mole
Molpro::pot: 1-th energy correction = 0 kcal/mole
molpro_pot: 0-th energy = -0.00043713 kcal/mol
molpro_pot: 1-th energy = -0.000352023 kcal/mol
molpro_pot: coordinates (angstrom):

C, 0.149675, 0.113674, -0.433392
H, -0.270183, -0.253761, -1.35601
H, -0.168525, -0.305285, 0.507746
H, 0.889706, 0.897594, -0.451953
H, -2.23315, -1.69205, 6.46055

molpro_pot: interatomic distances matrix (angstrom):

\     C1    H2    H3    H4
H2  1.08
H3  1.08  1.87
H4  1.08  1.87  1.87
H5  7.51  8.19  6.45  8.02

Molpro::pot: 1-th molpro energy = -0.000396273 kcal/mole

Molpro::pot: 0-th energy correction = -8.51182e-05 kcal/mole
Molpro::pot: 1-th energy correction = 0 kcal/mole
molpro_pot: 0-th energy = -0.000481391 kcal/mol
molpro_pot: 1-th energy = -0.000396273 kcal/mol
molpro_pot: coordinates (angstrom):

C, -0.257972, 0.101245, -0.382593
H, -0.982541, -0.689209, -0.269906
H, -0.450702, 0.91575, -1.06227
H, 0.657595, 0.0789178, 0.186406
H, 3.84728, -1.51096, 5.70123

molpro_pot: interatomic distances matrix (angstrom):

\     C1    H2    H3    H4
H2  1.08
H3  1.08  1.87
H4  1.08  1.87  1.87
H5  7.51  7.72  8.37  6.57

Molpro::pot: 1-th molpro energy = -0.0004121 kcal/mole

Molpro::pot: 0-th energy correction = -8.51139e-05 kcal/mole
Molpro::pot: 1-th energy correction = 0 kcal/mole
molpro_pot: 0-th energy = -0.000497214 kcal/mol
molpro_pot: 1-th energy = -0.0004121 kcal/mol

(4,0)-th SURFACE:

molpro_pot: coordinates (angstrom):

C, 0.291389, -0.292396, -0.129628
H, -0.720944, -0.643378, -0.250079
H, 0.76324, 0.271896, -0.917948
H, 0.830679, -0.502893, 0.779976
H, -4.34249, 4.35588, 1.9315

molpro_pot: interatomic distances matrix (angstrom):

\     C1    H2    H3    H4
H2  1.08
H3  1.08  1.87
H4  1.08  1.87  1.87
H5  6.88  6.55  7.13  7.19

Molpro::pot: 1-th molpro energy = -0.000530518 kcal/mole

Molpro::pot: 0-th energy correction = -0.000302971 kcal/mole
Molpro::pot: 1-th energy correction = 0 kcal/mole
molpro_pot: 0-th energy = -0.000833489 kcal/mol
molpro_pot: 1-th energy = -0.000530518 kcal/mol
molpro_pot: coordinates (angstrom):

C, 0.175514, -0.30954, -0.245488
H, -0.407286, -0.56175, 0.625861
H, 1.23663, -0.50033, -0.257505
H, -0.30301, 0.130427, -1.1057
H, -2.61616, 4.61729, 3.66032

molpro_pot: interatomic distances matrix (angstrom):

\     C1    H2    H3    H4
H2  1.08
H3  1.08  1.87
H4  1.08  1.87  1.87
H5  6.88   6.4  7.51  6.94

Molpro::pot: 1-th molpro energy = -0.00052417 kcal/mole

Molpro::pot: 0-th energy correction = -0.000303196 kcal/mole
Molpro::pot: 1-th energy correction = 0 kcal/mole
molpro_pot: 0-th energy = -0.000827367 kcal/mol
molpro_pot: 1-th energy = -0.00052417 kcal/mol
molpro_pot: coordinates (angstrom):

C, -0.137449, -0.286419, 0.293343
H, 0.355938, 0.11497, 1.16396
H, -0.626249, -1.24603, 0.345688
H, -0.144767, 0.272873, -0.628427
H, 2.05166, 4.26853, -4.37401

molpro_pot: interatomic distances matrix (angstrom):

\     C1    H2    H3    H4
H2  1.08
H3  1.08  1.87
H4  1.08  1.87  1.87
H5  6.88  7.13  7.74   5.9

Molpro::pot: 1-th molpro energy = -0.000758082 kcal/mole

Molpro::pot: 0-th energy correction = -0.00030313 kcal/mole
Molpro::pot: 1-th energy correction = 0 kcal/mole
molpro_pot: 0-th energy = -0.00106121 kcal/mol
molpro_pot: 1-th energy = -0.000758082 kcal/mol
molpro_pot: coordinates (angstrom):

C, 0.274461, -0.311392, 0.122093
H, 0.0207676, -0.433725, -0.918671
H, 0.795863, 0.573942, 0.448959
H, 0.00418138, -1.07257, 0.836289
H, -4.08877, 4.64004, -1.82031

molpro_pot: interatomic distances matrix (angstrom):

\     C1    H2    H3    H4
H2  1.08
H3  1.08  1.87
H4  1.08  1.87  1.87
H5  6.88  6.59  6.75  7.51

Molpro::pot: 1-th molpro energy = -0.000526859 kcal/mole

Molpro::pot: 0-th energy correction = -0.000302975 kcal/mole
Molpro::pot: 1-th energy correction = 0 kcal/mole
molpro_pot: 0-th energy = -0.000829833 kcal/mol
molpro_pot: 1-th energy = -0.000526859 kcal/mol
molpro_pot: coordinates (angstrom):

C, 0.386353, -0.107804, -0.161205
H, -0.335768, 0.121713, -0.928263
H, 0.818985, -1.09388, -0.1064
H, 0.678116, 0.649257, 0.548904
H, -5.76158, 1.60651, 2.4052

molpro_pot: interatomic distances matrix (angstrom):

\     C1    H2    H3    H4
H2  1.08
H3  1.08  1.87
H4  1.08  1.87  1.87
H5  6.88  6.54  7.54  6.77

Molpro::pot: 1-th molpro energy = -0.000552489 kcal/mole

Molpro::pot: 0-th energy correction = -0.000303201 kcal/mole
Molpro::pot: 1-th energy correction = 0 kcal/mole
molpro_pot: 0-th energy = -0.00085569 kcal/mol
molpro_pot: 1-th energy = -0.000552489 kcal/mol

(5,0)-th SURFACE:

molpro_pot: coordinates (angstrom):

C, 0.113992, 0.00944871, -0.386122
H, -0.178852, 0.878689, 0.180604
H, 1.01817, -0.519941, -0.131719
H, -0.498623, -0.332185, -1.20497
H, -1.69798, -0.139068, 5.75358

molpro_pot: interatomic distances matrix (angstrom):

\     C1    H2    H3    H4
H2  1.08
H3  1.08  1.87
H4  1.08  1.87  1.87
H5   6.4  5.87  6.49  7.06

Molpro::pot: 1-th molpro energy = -0.00091853 kcal/mole

Molpro::pot: 0-th energy correction = -0.000785394 kcal/mole
Molpro::pot: 1-th energy correction = 0 kcal/mole
molpro_pot: 0-th energy = -0.00170392 kcal/mol
molpro_pot: 1-th energy = -0.00091853 kcal/mol
molpro_pot: coordinates (angstrom):

C, 0.379493, -0.00362943, -0.13377
H, 0.965382, 0.219589, -1.01094
H, 0.0585408, -1.01521, 0.0565326
H, 0.117228, 0.783783, 0.554503
H, -5.65971, 0.0550523, 1.99267

molpro_pot: interatomic distances matrix (angstrom):

\     C1    H2    H3    H4
H2  1.08
H3  1.08  1.87
H4  1.08  1.87  1.87
H5   6.4  7.28  6.13     6

Molpro::pot: 1-th molpro energy = -0.000954555 kcal/mole

Molpro::pot: 0-th energy correction = -0.000785884 kcal/mole
Molpro::pot: 1-th energy correction = 0 kcal/mole
molpro_pot: 0-th energy = -0.00174044 kcal/mol
molpro_pot: 1-th energy = -0.000954555 kcal/mol
molpro_pot: coordinates (angstrom):

C, -0.314287, 0.12423, -0.218598
H, 0.00154459, -0.472616, 0.621961
H, -1.28103, -0.0436754, -0.665514
H, 0.334992, 0.89078, -0.610212
H, 4.68665, -1.85368, 3.25658

molpro_pot: interatomic distances matrix (angstrom):

\     C1    H2    H3    H4
H2  1.08
H3  1.08  1.87
H4  1.08  1.87  1.87
H5   6.4  5.55  7.37  6.44

Molpro::pot: 1-th molpro energy = -0.00123211 kcal/mole

Molpro::pot: 0-th energy correction = -0.000785744 kcal/mole
Molpro::pot: 1-th energy correction = 0 kcal/mole
molpro_pot: 0-th energy = -0.00201785 kcal/mol
molpro_pot: 1-th energy = -0.00123211 kcal/mol
molpro_pot: coordinates (angstrom):

C, -0.124926, 0.0601942, -0.377963
H, -0.731484, -0.74419, 0.006183
H, -0.50264, 0.690033, -1.16736
H, 0.857727, 0.23671, 0.0291688
H, 1.86387, -0.899274, 5.63235

molpro_pot: interatomic distances matrix (angstrom):

\     C1    H2    H3    H4
H2  1.08
H3  1.08  1.87
H4  1.08  1.87  1.87
H5   6.4   6.2  7.37  5.81

Molpro::pot: 1-th molpro energy = -0.00096446 kcal/mole

Molpro::pot: 0-th energy correction = -0.000785566 kcal/mole
Molpro::pot: 1-th energy correction = 0 kcal/mole
molpro_pot: 0-th energy = -0.00175003 kcal/mol
molpro_pot: 1-th energy = -0.00096446 kcal/mol
molpro_pot: coordinates (angstrom):

C, -0.221337, -0.0258474, 0.335177
H, -0.584673, 0.256586, 1.31023
H, 0.799855, 0.183196, 0.0595232
H, -0.877942, -0.519907, -0.362889
H, 3.29818, 0.387886, -4.99776

molpro_pot: interatomic distances matrix (angstrom):

\     C1    H2    H3    H4
H2  1.08
H3  1.08  1.87
H4  1.08  1.87  1.87
H5   6.4  7.41  5.64   6.3

Molpro::pot: 1-th molpro energy = -0.00108533 kcal/mole

Molpro::pot: 0-th energy correction = -0.00078573 kcal/mole
Molpro::pot: 1-th energy correction = 0 kcal/mole
molpro_pot: 0-th energy = -0.00187106 kcal/mol
molpro_pot: 1-th energy = -0.00108533 kcal/mol

(6,0)-th SURFACE:

molpro_pot: coordinates (angstrom):

C, -0.0905745, -0.332529, -0.150233
H, -0.139427, -1.22079, -0.759428
H, 0.824128, -0.0801473, 0.361764
H, -0.955056, 0.304821, -0.0554812
H, 1.34881, 4.95548, 2.24194

molpro_pot: interatomic distances matrix (angstrom):

\     C1    H2    H3    H4
H2  1.08
H3  1.08  1.87
H4  1.08  1.87  1.87
H5  5.98  7.03   5.4  5.68

Molpro::pot: 1-th molpro energy = -0.0017281 kcal/mole

Molpro::pot: 0-th energy correction = -0.00183191 kcal/mole
Molpro::pot: 1-th energy correction = 0 kcal/mole
molpro_pot: 0-th energy = -0.00356 kcal/mol
molpro_pot: 1-th energy = -0.0017281 kcal/mol
molpro_pot: coordinates (angstrom):

C, -0.0505435, -0.33893, 0.154658
H, 0.992424, -0.491113, 0.381756
H, -0.803593, -0.911295, 0.672185
H, -0.340629, 0.387493, -0.587421
H, 0.75361, 5.0505, -2.30801

molpro_pot: interatomic distances matrix (angstrom):

\     C1    H2    H3    H4
H2  1.08
H3  1.08  1.87
H4  1.08  1.87  1.87
H5  5.98  6.16  6.84  5.09

Molpro::pot: 1-th molpro energy = -0.00248084 kcal/mole

Molpro::pot: 0-th energy correction = -0.00183192 kcal/mole
Molpro::pot: 1-th energy correction = 0 kcal/mole
molpro_pot: 0-th energy = -0.00431276 kcal/mol
molpro_pot: 1-th energy = -0.00248084 kcal/mol
molpro_pot: coordinates (angstrom):

C, -0.264997, 0.106798, 0.24404
H, -0.635519, -0.580527, 0.987554
H, -0.936933, 0.517134, -0.492604
H, 0.776376, 0.386151, 0.238974
H, 3.95135, -1.59438, -3.63966

molpro_pot: interatomic distances matrix (angstrom):

\     C1    H2    H3    H4
H2  1.08
H3  1.08  1.87
H4  1.08  1.87  1.87
H5  5.98  6.59  6.19  5.39

Molpro::pot: 1-th molpro energy = -0.00177078 kcal/mole

Molpro::pot: 0-th energy correction = -0.00183271 kcal/mole
Molpro::pot: 1-th energy correction = 0 kcal/mole
molpro_pot: 0-th energy = -0.00360349 kcal/mol
molpro_pot: 1-th energy = -0.00177078 kcal/mol
molpro_pot: coordinates (angstrom):

C, -0.15642, -0.0580367, -0.336653
H, 0.355891, 0.379988, -1.17819
H, -1.02837, 0.425141, 0.0741487
H, 0.201146, -0.980475, 0.0920376
H, 2.3338, 0.866379, 5.02047

molpro_pot: interatomic distances matrix (angstrom):

\     C1    H2    H3    H4
H2  1.08
H3  1.08  1.87
H4  1.08  1.87  1.87
H5  5.98  6.52     6  5.68

Molpro::pot: 1-th molpro energy = -0.00152158 kcal/mole

Molpro::pot: 0-th energy correction = -0.00183278 kcal/mole
Molpro::pot: 1-th energy correction = 0 kcal/mole
molpro_pot: 0-th energy = -0.00335435 kcal/mol
molpro_pot: 1-th energy = -0.00152158 kcal/mol
molpro_pot: coordinates (angstrom):

C, -0.0741916, -0.24435, -0.275685
H, -1.03354, 0.246508, -0.310663
H, 0.329565, -0.571085, 0.669166
H, 0.47986, -0.411237, -1.18546
H, 1.1075, 3.64525, 4.1095

molpro_pot: interatomic distances matrix (angstrom):

\     C1    H2    H3    H4
H2  1.08
H3  1.08  1.87
H4  1.08  1.87  1.87
H5  5.98  5.97   5.5   6.7

Molpro::pot: 1-th molpro energy = -0.0016113 kcal/mole

Molpro::pot: 0-th energy correction = -0.00183257 kcal/mole
Molpro::pot: 1-th energy correction = 0 kcal/mole
molpro_pot: 0-th energy = -0.00344387 kcal/mol
molpro_pot: 1-th energy = -0.0016113 kcal/mol

(7,0)-th SURFACE:

molpro_pot: coordinates (angstrom):

C, -0.323322, -0.0235104, -0.138537
H, 0.728128, -0.221517, -0.271806
H, -0.685047, 0.99219, -0.143633
H, -1.01328, -0.840939, -0.00331564
H, 4.81995, 0.350201, 2.06829

molpro_pot: interatomic distances matrix (angstrom):

\     C1    H2    H3    H4
H2  1.08
H3  1.08  1.87
H4  1.08  1.87  1.87
H5  5.61  4.75  5.97   6.3

Molpro::pot: 1-th molpro energy = -0.00441035 kcal/mole

Molpro::pot: 0-th energy correction = -0.00384384 kcal/mole
Molpro::pot: 1-th energy correction = 0 kcal/mole
molpro_pot: 0-th energy = -0.00825419 kcal/mol
molpro_pot: 1-th energy = -0.00441035 kcal/mol
molpro_pot: coordinates (angstrom):

C, 0.293364, 0.139995, -0.137151
H, 1.23688, -0.378807, -0.193174
H, -0.445823, -0.00150062, -0.909226
H, 0.0877802, 0.797649, 0.692154
H, -4.37188, -2.08423, 2.04328

molpro_pot: interatomic distances matrix (angstrom):

\     C1    H2    H3    H4
H2  1.08
H3  1.08  1.87
H4  1.08  1.87  1.87
H5  5.61  6.27  5.34  5.48

Molpro::pot: 1-th molpro energy = -0.00304457 kcal/mole

Molpro::pot: 0-th energy correction = -0.00384178 kcal/mole
Molpro::pot: 1-th energy correction = 0 kcal/mole
molpro_pot: 0-th energy = -0.00688635 kcal/mol
molpro_pot: 1-th energy = -0.00304457 kcal/mol
molpro_pot: coordinates (angstrom):

C, -0.190782, 0.0380838, 0.294304
H, -0.977911, -0.654093, 0.04165
H, 0.391016, -0.111301, 1.18969
H, 0.0166043, 0.877598, -0.34969
H, 2.8419, -0.565661, -4.38588

molpro_pot: interatomic distances matrix (angstrom):

\     C1    H2    H3    H4
H2  1.08
H3  1.08  1.87
H4  1.08  1.87  1.87
H5  5.61  5.85  6.11  5.13

Molpro::pot: 1-th molpro energy = -0.00330708 kcal/mole

Molpro::pot: 0-th energy correction = -0.00384187 kcal/mole
Molpro::pot: 1-th energy correction = 0 kcal/mole
molpro_pot: 0-th energy = -0.00714895 kcal/mol
molpro_pot: 1-th energy = -0.00330708 kcal/mol
molpro_pot: coordinates (angstrom):

C, 0.0878564, -0.287796, -0.183579
H, -0.872096, 0.172599, -0.0131571
H, 0.529137, -0.910946, 0.577653
H, 0.604992, -0.127691, -1.11603
H, -1.30812, 4.29277, 2.73738

molpro_pot: interatomic distances matrix (angstrom):

\     C1    H2    H3    H4
H2  1.08
H3  1.08  1.87
H4  1.08  1.87  1.87
H5  5.61  4.97  5.93  6.17

Molpro::pot: 1-th molpro energy = -0.00362466 kcal/mole

Molpro::pot: 0-th energy correction = -0.00384423 kcal/mole
Molpro::pot: 1-th energy correction = 0 kcal/mole
molpro_pot: 0-th energy = -0.00746889 kcal/mol
molpro_pot: 1-th energy = -0.00362466 kcal/mol
molpro_pot: coordinates (angstrom):

C, 0.115277, -0.230046, 0.241095
H, 0.900186, -0.325978, 0.974055
H, -0.630178, -1.00318, 0.145829
H, 0.0739391, 0.640074, -0.394281
H, -1.71653, 3.42821, -3.59628

molpro_pot: interatomic distances matrix (angstrom):

\     C1    H2    H3    H4
H2  1.08
H3  1.08  1.87
H4  1.08  1.87  1.87
H5  5.61  6.47   5.9  4.61

Molpro::pot: 1-th molpro energy = -0.0052883 kcal/mole

Molpro::pot: 0-th energy correction = -0.00384324 kcal/mole
Molpro::pot: 1-th energy correction = 0 kcal/mole
molpro_pot: 0-th energy = -0.00913154 kcal/mol
molpro_pot: 1-th energy = -0.0052883 kcal/mol

(8,0)-th SURFACE:

molpro_pot: coordinates (angstrom):

C, 0.0832936, 0.0985272, 0.3068
H, -0.759314, 0.556934, 0.799132
H, -0.0553254, -0.798942, -0.274451
H, 1.06361, 0.539041, 0.393057
H, -1.24074, -1.47018, -4.57076

molpro_pot: interatomic distances matrix (angstrom):

\     C1    H2    H3    H4
H2  1.08
H3  1.08  1.87
H4  1.08  1.87  1.87
H5  5.29  5.76  4.51  5.83

Molpro::pot: 1-th molpro energy = -0.00724666 kcal/mole

Molpro::pot: 0-th energy correction = -0.00724983 kcal/mole
Molpro::pot: 1-th energy correction = 0 kcal/mole
molpro_pot: 0-th energy = -0.0144965 kcal/mol
molpro_pot: 1-th energy = -0.00724666 kcal/mol
molpro_pot: coordinates (angstrom):

C, -0.0934807, 0.278291, -0.156914
H, -0.179863, -0.343501, -1.03351
H, -0.744083, 0.11315, 0.686866
H, 0.645234, 1.06293, -0.12277
H, 1.39177, -4.14615, 2.33776

molpro_pot: interatomic distances matrix (angstrom):

\     C1    H2    H3    H4
H2  1.08
H3  1.08  1.87
H4  1.08  1.87  1.87
H5  5.29  5.32  5.04  5.81

Molpro::pot: 1-th molpro energy = -0.00664222 kcal/mole

Molpro::pot: 0-th energy correction = -0.00724907 kcal/mole
Molpro::pot: 1-th energy correction = 0 kcal/mole
molpro_pot: 0-th energy = -0.0138913 kcal/mol
molpro_pot: 1-th energy = -0.00664222 kcal/mol
molpro_pot: coordinates (angstrom):

C, 0.0638778, -0.021062, 0.326016
H, 0.453108, 0.960149, 0.106381
H, -0.981295, -0.146097, 0.559464
H, 0.718814, -0.877389, 0.309206
H, -0.951209, 0.314119, -4.85687

molpro_pot: interatomic distances matrix (angstrom):

\     C1    H2    H3    H4
H2  1.08
H3  1.08  1.87
H4  1.08  1.87  1.87
H5  5.29   5.2  5.44  5.56

Molpro::pot: 1-th molpro energy = -0.00695695 kcal/mole

Molpro::pot: 0-th energy correction = -0.00724898 kcal/mole
Molpro::pot: 1-th energy correction = 0 kcal/mole
molpro_pot: 0-th energy = -0.0142059 kcal/mol
molpro_pot: 1-th energy = -0.00695695 kcal/mol
molpro_pot: coordinates (angstrom):

C, 0.240997, 0.209969, 0.0926245
H, 1.3048, 0.37964, 0.0474511
H, -0.332178, 0.13835, -0.817793
H, -0.249058, 0.108849, 1.04769
H, -3.59307, -3.1269, -1.38021

molpro_pot: interatomic distances matrix (angstrom):

\     C1    H2    H3    H4
H2  1.08
H3  1.08  1.87
H4  1.08  1.87  1.87
H5  5.29  6.19  4.65  5.25

Molpro::pot: 1-th molpro energy = -0.00589263 kcal/mole

Molpro::pot: 0-th energy correction = -0.0072504 kcal/mole
Molpro::pot: 1-th energy correction = 0 kcal/mole
molpro_pot: 0-th energy = -0.013143 kcal/mol
molpro_pot: 1-th energy = -0.00589263 kcal/mol
molpro_pot: coordinates (angstrom):

C, -0.116756, 0.101602, 0.294421
H, -0.209303, -0.00554221, 1.36328
H, -0.800431, 0.737868, -0.244349
H, 0.66103, -0.424818, -0.235156
H, 1.7389, -1.51726, -4.3894

molpro_pot: interatomic distances matrix (angstrom):

\     C1    H2    H3    H4
H2  1.08
H3  1.08  1.87
H4  1.08  1.87  1.87
H5  5.29  6.26  5.36  4.43

Molpro::pot: 1-th molpro energy = -0.00643118 kcal/mole

Molpro::pot: 0-th energy correction = -0.00725273 kcal/mole
Molpro::pot: 1-th energy correction = 0 kcal/mole
molpro_pot: 0-th energy = -0.0136839 kcal/mol
molpro_pot: 1-th energy = -0.00643118 kcal/mol

(9,0)-th SURFACE:

molpro_pot: coordinates (angstrom):

C, 0.113566, -0.282715, 0.0844638
H, 1.14865, -0.58039, 0.134495
H, -0.510845, -0.355685, 0.960423
H, -0.296257, 0.0907062, -0.840265
H, -1.69376, 4.2116, -1.26035

molpro_pot: interatomic distances matrix (angstrom):

\     C1    H2    H3    H4
H2  1.08
H3  1.08  1.87
H4  1.08  1.87  1.87
H5  5.03  5.74  5.21  4.37

Molpro::pot: 1-th molpro energy = -0.011444 kcal/mole

Molpro::pot: 0-th energy correction = -0.0123074 kcal/mole
Molpro::pot: 1-th energy correction = 0 kcal/mole
molpro_pot: 0-th energy = -0.0237514 kcal/mol
molpro_pot: 1-th energy = -0.011444 kcal/mol
molpro_pot: coordinates (angstrom):

C, -0.0201579, -0.193232, -0.249178
H, 0.32063, -0.199719, 0.773728
H, 0.422543, -0.863192, -0.968683
H, -0.805455, 0.480715, -0.551877
H, 0.302298, 2.88297, 3.71375

molpro_pot: interatomic distances matrix (angstrom):

\     C1    H2    H3    H4
H2  1.08
H3  1.08  1.87
H4  1.08  1.87  1.87
H5  5.03  4.26     6  5.02

Molpro::pot: 1-th molpro energy = -0.0085744 kcal/mole

Molpro::pot: 0-th energy correction = -0.0123122 kcal/mole
Molpro::pot: 1-th energy correction = 0 kcal/mole
molpro_pot: 0-th energy = -0.0208866 kcal/mol
molpro_pot: 1-th energy = -0.0085744 kcal/mol
molpro_pot: coordinates (angstrom):

C, 0.0986698, -0.0151844, -0.3
H, -0.143551, -0.668071, -1.12316
H, -0.270432, 0.997815, -0.289306
H, 0.707156, -0.375978, 0.513691
H, -1.46802, 0.227032, 4.47082

molpro_pot: interatomic distances matrix (angstrom):

\     C1    H2    H3    H4
H2  1.08
H3  1.08  1.87
H4  1.08  1.87  1.87
H5  5.03  5.82  4.97  4.56

Molpro::pot: 1-th molpro energy = -0.01101 kcal/mole

Molpro::pot: 0-th energy correction = -0.0123071 kcal/mole
Molpro::pot: 1-th energy correction = 0 kcal/mole
molpro_pot: 0-th energy = -0.0233171 kcal/mol
molpro_pot: 1-th energy = -0.01101 kcal/mol
molpro_pot: coordinates (angstrom):

C, 0.0448299, 0.0406072, -0.310313
H, -0.928103, 0.418186, -0.0394778
H, 0.829751, -0.00423101, 0.427526
H, 0.231986, -0.294916, -1.31774
H, -0.667415, -0.602542, 4.62454

molpro_pot: interatomic distances matrix (angstrom):

\     C1    H2    H3    H4
H2  1.08
H3  1.08  1.87
H4  1.08  1.87  1.87
H5  5.03  4.78   4.5  6.02

Molpro::pot: 1-th molpro energy = -0.00819171 kcal/mole

Molpro::pot: 0-th energy correction = -0.0123076 kcal/mole
Molpro::pot: 1-th energy correction = 0 kcal/mole
molpro_pot: 0-th energy = -0.0204993 kcal/mol
molpro_pot: 1-th energy = -0.00819171 kcal/mol
molpro_pot: coordinates (angstrom):

C, 0.0768858, -0.235708, 0.195886
H, 0.712268, 0.583756, 0.491325
H, -0.282886, -0.299761, -0.818501
H, -0.196156, -0.992536, 0.913646
H, -1.14869, 3.51507, -2.91885

molpro_pot: interatomic distances matrix (angstrom):

\     C1    H2    H3    H4
H2  1.08
H3  1.08  1.87
H4  1.08  1.87  1.87
H5  5.03  4.87  4.44  5.99

Molpro::pot: 1-th molpro energy = -0.00863997 kcal/mole

Molpro::pot: 0-th energy correction = -0.012312 kcal/mole
Molpro::pot: 1-th energy correction = 0 kcal/mole
molpro_pot: 0-th energy = -0.020952 kcal/mol
molpro_pot: 1-th energy = -0.00863997 kcal/mol

(9,0)-th SURFACE:

molpro_pot: coordinates (angstrom):

C, -0.0656648, 0.254545, -0.175162
H, 0.338889, 1.25329, -0.138334
H, -1.13024, 0.101459, -0.0991871
H, 0.593715, -0.590626, -0.291025
H, 0.979491, -3.79495, 2.61416

molpro_pot: interatomic distances matrix (angstrom):

\     C1    H2    H3    H4
H2  1.08
H3  1.08  1.87
H4  1.08  1.87  1.87
H5  5.03  5.79   5.2  4.34

Molpro::pot: 1-th molpro energy = -0.0111008 kcal/mole

Molpro::pot: 0-th energy correction = -0.0123141 kcal/mole
Molpro::pot: 1-th energy correction = 0 kcal/mole
molpro_pot: 0-th energy = -0.0234149 kcal/mol
molpro_pot: 1-th energy = -0.0111008 kcal/mol
molpro_pot: coordinates (angstrom):

C, -0.15435, -0.274391, -0.0286584
H, -0.0775425, 0.574261, 0.631952
H, 0.0395834, -0.155854, -1.08263
H, -0.421946, -1.24188, 0.364898
H, 2.29773, 4.0906, 0.427011

molpro_pot: interatomic distances matrix (angstrom):

\     C1    H2    H3    H4
H2  1.08
H3  1.08  1.87
H4  1.08  1.87  1.87
H5  5.03  4.25  5.04  5.99

Molpro::pot: 1-th molpro energy = -0.00878155 kcal/mole

Molpro::pot: 0-th energy correction = -0.0123083 kcal/mole
Molpro::pot: 1-th energy correction = 0 kcal/mole
molpro_pot: 0-th energy = -0.0210898 kcal/mol
molpro_pot: 1-th energy = -0.00878155 kcal/mol
molpro_pot: coordinates (angstrom):

C, -0.289846, -0.123905, -0.0208508
H, -0.182018, 0.791849, -0.579673
H, -1.2241, -0.350059, 0.467554
H, 0.535162, -0.814757, 0.0470292
H, 4.3221, 1.84828, 0.313357

molpro_pot: interatomic distances matrix (angstrom):

\     C1    H2    H3    H4
H2  1.08
H3  1.08  1.87
H4  1.08  1.87  1.87
H5  5.03  4.71  5.97  4.64

Molpro::pot: 1-th molpro energy = -0.00901355 kcal/mole

Molpro::pot: 0-th energy correction = -0.0123137 kcal/mole
Molpro::pot: 1-th energy correction = 0 kcal/mole
molpro_pot: 0-th energy = -0.0213272 kcal/mol
molpro_pot: 1-th energy = -0.00901355 kcal/mol
molpro_pot: coordinates (angstrom):

C, 0.311986, 0.047975, -0.0190836
H, 0.830556, -0.663911, -0.641032
H, -0.227253, 0.865309, -0.470421
H, 0.329993, -0.0590882, 1.05364
H, -4.64806, -0.71354, 0.285039

molpro_pot: interatomic distances matrix (angstrom):

\     C1    H2    H3    H4
H2  1.08
H3  1.08  1.87
H4  1.08  1.87  1.87
H5  5.03  5.56  4.75  5.08

Molpro::pot: 1-th molpro energy = -0.0133183 kcal/mole

Molpro::pot: 0-th energy correction = -0.0123057 kcal/mole
Molpro::pot: 1-th energy correction = 0 kcal/mole
molpro_pot: 0-th energy = -0.025624 kcal/mol
molpro_pot: 1-th energy = -0.0133183 kcal/mol
molpro_pot: coordinates (angstrom):

C, 0.082186, 0.26058, 0.158845
H, -0.846871, 0.697552, 0.488123
H, 1.01719, 0.616542, 0.560805
H, 0.0761914, -0.534145, -0.569782
H, -1.22509, -3.88263, -2.37049

molpro_pot: interatomic distances matrix (angstrom):

\     C1    H2    H3    H4
H2  1.08
H3  1.08  1.87
H4  1.08  1.87  1.87
H5  5.03  5.41  5.82  4.02

Molpro::pot: 1-th molpro energy = -0.0104779 kcal/mole

Molpro::pot: 0-th energy correction = -0.0123101 kcal/mole
Molpro::pot: 1-th energy correction = 0 kcal/mole
molpro_pot: 0-th energy = -0.0227881 kcal/mol
molpro_pot: 1-th energy = -0.0104779 kcal/mol

(10,0)-th SURFACE:

molpro_pot: coordinates (angstrom):

C, 0.131595, -0.183195, -0.170499
H, 0.531012, -0.85001, -0.917721
H, 0.375623, -0.33118, 0.869246
H, -0.50909, 0.633157, -0.463093
H, -1.96443, 2.72931, 2.54167

molpro_pot: interatomic distances matrix (angstrom):

\     C1    H2    H3    H4
H2  1.08
H3  1.08  1.87
H4  1.08  1.87  1.87
H5   4.5  5.57   4.2  3.94

Molpro::pot: 1-th molpro energy = -0.0101229 kcal/mole

Molpro::pot: 0-th energy correction = -0.0354748 kcal/mole
Molpro::pot: 1-th energy correction = 0 kcal/mole
molpro_pot: 0-th energy = -0.0455978 kcal/mol
molpro_pot: 1-th energy = -0.0101229 kcal/mol
molpro_pot: coordinates (angstrom):

C, 0.103443, 0.0106178, 0.263044
H, 0.76974, 0.760153, 0.658973
H, -0.494771, 0.227355, -0.607406
H, 0.0375917, -0.956354, 0.735431
H, -1.54424, -0.157578, -3.91902

molpro_pot: interatomic distances matrix (angstrom):

\     C1    H2    H3    H4
H2  1.08
H3  1.08  1.87
H4  1.08  1.87  1.87
H5   4.5  5.21   3.5  4.98

Molpro::pot: 1-th molpro energy = -0.0138826 kcal/mole

Molpro::pot: 0-th energy correction = -0.0354676 kcal/mole
Molpro::pot: 1-th energy correction = 0 kcal/mole
molpro_pot: 0-th energy = -0.0493502 kcal/mol
molpro_pot: 1-th energy = -0.0138826 kcal/mol
molpro_pot: coordinates (angstrom):

C, -0.21623, 0.122185, 0.135351
H, -0.794555, 0.275332, 1.03235
H, 0.860835, 0.147253, 0.178029
H, -0.71459, -0.059044, -0.803432
H, 3.22292, -1.81837, -2.01854

molpro_pot: interatomic distances matrix (angstrom):

\     C1    H2    H3    H4
H2  1.08
H3  1.08  1.87
H4  1.08  1.87  1.87
H5   4.5  5.46  3.78  4.48

Molpro::pot: 1-th molpro energy = -0.0170998 kcal/mole

Molpro::pot: 0-th energy correction = -0.0354678 kcal/mole
Molpro::pot: 1-th energy correction = 0 kcal/mole
molpro_pot: 0-th energy = -0.0525675 kcal/mol
molpro_pot: 1-th energy = -0.0170998 kcal/mol
molpro_pot: coordinates (angstrom):

C, 0.0365306, -0.077155, -0.269501
H, 0.830949, -0.795746, -0.39215
H, -0.377645, 0.420344, -1.13175
H, -0.345755, 0.141645, 0.714625
H, -0.542513, 1.15243, 4.01818

molpro_pot: interatomic distances matrix (angstrom):

\     C1    H2    H3    H4
H2  1.08
H3  1.08  1.87
H4  1.08  1.87  1.87
H5   4.5  5.01   5.2  3.46

Molpro::pot: 1-th molpro energy = -0.0107887 kcal/mole

Molpro::pot: 0-th energy correction = -0.0354785 kcal/mole
Molpro::pot: 1-th energy correction = 0 kcal/mole
molpro_pot: 0-th energy = -0.0462672 kcal/mol
molpro_pot: 1-th energy = -0.0107887 kcal/mol
molpro_pot: coordinates (angstrom):

C, 0.135728, -0.248057, -0.0107056
H, 1.14011, -0.164054, -0.393676
H, -0.0749354, 0.0201639, 1.01213
H, -0.658336, -0.597176, -0.651095
H, -2.02293, 3.69463, 0.160109

molpro_pot: interatomic distances matrix (angstrom):

\     C1    H2    H3    H4
H2  1.08
H3  1.08  1.87
H4  1.08  1.87  1.87
H5   4.5  5.02  4.25  4.58

Molpro::pot: 1-th molpro energy = -0.0548491 kcal/mole

Molpro::pot: 0-th energy correction = -0.0354597 kcal/mole
Molpro::pot: 1-th energy correction = 0 kcal/mole
molpro_pot: 0-th energy = -0.0903087 kcal/mol
molpro_pot: 1-th energy = -0.0548491 kcal/mol

(11,0)-th SURFACE:

molpro_pot: coordinates (angstrom):

C, 0.114108, -0.126055, 0.204467
H, -0.105571, 0.709224, 0.849885
H, 1.11785, -0.276106, -0.15954
H, -0.668896, -0.812833, -0.0743949
H, -1.70204, 1.88063, -3.0505

molpro_pot: interatomic distances matrix (angstrom):

\     C1    H2    H3    H4
H2  1.08
H3  1.08  1.87
H4  1.08  1.87  1.87
H5  4.23  4.37  4.58  4.14

Molpro::pot: 1-th molpro energy = -0.122689 kcal/mole

Molpro::pot: 0-th energy correction = -0.060242 kcal/mole
Molpro::pot: 1-th energy correction = 0 kcal/mole
molpro_pot: 0-th energy = -0.182931 kcal/mol
molpro_pot: 1-th energy = -0.122689 kcal/mol
molpro_pot: coordinates (angstrom):

C, -0.0834439, 0.157259, 0.1977
H, -0.988796, -0.387177, 0.413206
H, 0.0282958, 1.17361, 0.539833
H, 0.711168, -0.315387, -0.357024
H, 1.24288, -2.34351, -2.95

molpro_pot: interatomic distances matrix (angstrom):

\     C1    H2    H3    H4
H2  1.08
H3  1.08  1.87
H4  1.08  1.87  1.87
H5  4.23  4.49   5.1  3.33

Molpro::pot: 1-th molpro energy = -0.0135476 kcal/mole

Molpro::pot: 0-th energy correction = -0.0602281 kcal/mole
Molpro::pot: 1-th energy correction = 0 kcal/mole
molpro_pot: 0-th energy = -0.0737757 kcal/mol
molpro_pot: 1-th energy = -0.0135476 kcal/mol
molpro_pot: coordinates (angstrom):

C, -0.150548, -0.152118, 0.157946
H, -0.561313, 0.624588, -0.466966
H, -0.426673, -0.208561, 1.19866
H, 0.53366, -0.874004, -0.258301
H, 2.24688, 2.26922, -2.35403

molpro_pot: interatomic distances matrix (angstrom):

\     C1    H2    H3    H4
H2  1.08
H3  1.08  1.87
H4  1.08  1.87  1.87
H5  4.23  3.76  5.09  4.15

Molpro::pot: 1-th molpro energy = -0.0604796 kcal/mole

Molpro::pot: 0-th energy correction = -0.0602342 kcal/mole
Molpro::pot: 1-th energy correction = 0 kcal/mole
molpro_pot: 0-th energy = -0.120714 kcal/mol
molpro_pot: 1-th energy = -0.0604796 kcal/mol
molpro_pot: coordinates (angstrom):

C, -0.091518, -0.0428047, 0.246428
H, -0.847055, 0.433361, -0.357678
H, 0.188592, -1.06555, 0.0513401
H, 0.385994, 0.504416, 1.04333
H, 1.36216, 0.637436, -3.67117

molpro_pot: interatomic distances matrix (angstrom):

\     C1    H2    H3    H4
H2  1.08
H3  1.08  1.87
H4  1.08  1.87  1.87
H5  4.23  3.99  4.26  4.82

Molpro::pot: 1-th molpro energy = -0.10458 kcal/mole

Molpro::pot: 0-th energy correction = -0.0601928 kcal/mole
Molpro::pot: 1-th energy correction = 0 kcal/mole
molpro_pot: 0-th energy = -0.164772 kcal/mol
molpro_pot: 1-th energy = -0.10458 kcal/mol
molpro_pot: coordinates (angstrom):

C, -0.118404, -0.19993, -0.129872
H, 0.341766, -0.0285611, -1.08976
H, 0.199822, 0.368586, 0.729221
H, -0.898637, -0.937296, -0.0296288
H, 1.76687, 2.9778, 1.93654

molpro_pot: interatomic distances matrix (angstrom):

\     C1    H2    H3    H4
H2  1.08
H3  1.08  1.87
H4  1.08  1.87  1.87
H5  4.23   4.5  3.27  5.13

Molpro::pot: 1-th molpro energy = 0.0013779 kcal/mole

Molpro::pot: 0-th energy correction = -0.0602101 kcal/mole
Molpro::pot: 1-th energy correction = 0 kcal/mole
molpro_pot: 0-th energy = -0.0588322 kcal/mol
molpro_pot: 1-th energy = 0.0013779 kcal/mol

(12,0)-th SURFACE:

molpro_pot: coordinates (angstrom):

C, 0.120054, -0.0478188, 0.213499
H, -0.630757, 0.24481, -0.502857
H, 0.661574, -0.970523, 0.0797435
H, 0.331526, 0.583422, 1.06164
H, -1.7918, 0.711661, -3.18062

molpro_pot: interatomic distances matrix (angstrom):

\     C1    H2    H3    H4
H2  1.08
H3  1.08  1.87
H4  1.08  1.87  1.87
H5  3.97  2.96  4.41  4.75

Molpro::pot: 1-th molpro energy = 0.0339133 kcal/mole

Molpro::pot: 0-th energy correction = -0.101809 kcal/mole
Molpro::pot: 1-th energy correction = 0 kcal/mole
molpro_pot: 0-th energy = -0.067896 kcal/mol
molpro_pot: 1-th energy = 0.0339133 kcal/mol
molpro_pot: coordinates (angstrom):

C, 0.0827019, -0.00275747, 0.23555
H, 0.0951131, -0.997501, -0.180198
H, 0.423655, 0.832253, -0.355234
H, -0.273396, 0.157458, 1.24056
H, -1.23009, 0.0406223, -3.50979

molpro_pot: interatomic distances matrix (angstrom):

\     C1    H2    H3    H4
H2  1.08
H3  1.08  1.87
H4  1.08  1.87  1.87
H5  3.97  3.73  3.65  4.85

Molpro::pot: 1-th molpro energy = -0.110942 kcal/mole

Molpro::pot: 0-th energy correction = -0.101791 kcal/mole
Molpro::pot: 1-th energy correction = 0 kcal/mole
molpro_pot: 0-th energy = -0.212733 kcal/mol
molpro_pot: 1-th energy = -0.110942 kcal/mol
molpro_pot: coordinates (angstrom):

C, 0.0844476, 0.0827473, 0.219834
H, 0.13163, -0.617441, -0.598717
H, 0.271548, 1.12999, 0.0443234
H, -0.152773, -0.26358, 1.21296
H, -1.25591, -1.23422, -3.27609

molpro_pot: interatomic distances matrix (angstrom):

\     C1    H2    H3    H4
H2  1.08
H3  1.08  1.87
H4  1.08  1.87  1.87
H5  3.97  3.08  4.35  4.72

Molpro::pot: 1-th molpro energy = -0.0294935 kcal/mole

Molpro::pot: 0-th energy correction = -0.1018 kcal/mole
Molpro::pot: 1-th energy correction = 0 kcal/mole
molpro_pot: 0-th energy = -0.131294 kcal/mol
molpro_pot: 1-th energy = -0.0294935 kcal/mol
molpro_pot: coordinates (angstrom):

C, 0.187506, 0.0711501, 0.148639
H, 0.698304, -0.187744, 1.06219
H, 0.393404, -0.476045, -0.757288
H, -0.531193, 0.874856, 0.141589
H, -2.79311, -1.05824, -2.21631

molpro_pot: interatomic distances matrix (angstrom):

\     C1    H2    H3    H4
H2  1.08
H3  1.08  1.87
H4  1.08  1.87  1.87
H5  3.97  4.87  3.55   3.8

Molpro::pot: 1-th molpro energy = -0.0970056 kcal/mole

Molpro::pot: 0-th energy correction = -0.101797 kcal/mole
Molpro::pot: 1-th energy correction = 0 kcal/mole
molpro_pot: 0-th energy = -0.198803 kcal/mol
molpro_pot: 1-th energy = -0.0970056 kcal/mol
molpro_pot: coordinates (angstrom):

C, -0.187938, 0.0700971, 0.148309
H, 0.702376, 0.0216006, -0.457911
H, -0.118111, -0.0449142, 1.21808
H, -1.14736, 0.236623, -0.31462
H, 2.80084, -1.04794, -2.21145

molpro_pot: interatomic distances matrix (angstrom):

\     C1    H2    H3    H4
H2  1.08
H3  1.08  1.87
H4  1.08  1.87  1.87
H5  3.97  2.94  4.61  4.56

Molpro::pot: 1-th molpro energy = 0.0320603 kcal/mole

Molpro::pot: 0-th energy correction = -0.101829 kcal/mole
Molpro::pot: 1-th energy correction = 0 kcal/mole
molpro_pot: 0-th energy = -0.0697682 kcal/mol
molpro_pot: 1-th energy = 0.0320603 kcal/mol
