
(0,0)-th SURFACE:

molpro_pot: coordinates (angstrom):

C, -0.497983, -0.390204, 0.205857
H, 0.12343, -0.333345, -0.67342
H, -1.37793, -1.01326, 0.204188
H, -0.237959, 0.173301, 1.08754
H, 7.42186, 5.8194, -3.06941

molpro_pot: interatomic distances matrix (angstrom):

\     C1    H2    H3    H4
H2  1.08
H3  1.08  1.87
H4  1.08  1.87  1.87
H5  10.6  9.84  11.6  10.4

Molpro::pot: 1-th molpro energy = 4.153e-05 kcal/mole

Molpro::pot: 0-th energy correction = -1.83744e-07 kcal/mole
Molpro::pot: 1-th energy correction = 0 kcal/mole
molpro_pot: 0-th energy = 4.13463e-05 kcal/mol
molpro_pot: 1-th energy = 4.153e-05 kcal/mol
molpro_pot: coordinates (angstrom):

C, 0.581354, 0.278889, -0.163742
H, 1.35799, -0.26403, 0.350646
H, 0.781871, 1.26239, -0.557494
H, -0.394521, -0.162668, -0.287103
H, -8.66742, -4.15637, 2.44359

molpro_pot: interatomic distances matrix (angstrom):

\     C1    H2    H3    H4
H2  1.08
H3  1.08  1.87
H4  1.08  1.87  1.87
H5  10.6    11  11.3  9.58

Molpro::pot: 1-th molpro energy = -8.27105e-05 kcal/mole

Molpro::pot: 0-th energy correction = -1.83761e-07 kcal/mole
Molpro::pot: 1-th energy correction = 0 kcal/mole
molpro_pot: 0-th energy = -8.28943e-05 kcal/mol
molpro_pot: 1-th energy = -8.27105e-05 kcal/mol
molpro_pot: coordinates (angstrom):

C, 0.430229, -0.0366044, -0.50602
H, 0.347257, 0.34246, -1.51197
H, 0.702466, -1.06645, -0.339205
H, 0.244092, 0.614608, 0.332906
H, -6.41647, 0.545222, 7.54336

molpro_pot: interatomic distances matrix (angstrom):

\     C1    H2    H3    H4
H2  1.08
H3  1.08  1.87
H4  1.08  1.87  1.87
H5  10.6  11.3  10.7  9.82

Molpro::pot: 1-th molpro energy = -2.72206e-05 kcal/mole

Molpro::pot: 0-th energy correction = -1.8378e-07 kcal/mole
Molpro::pot: 1-th energy correction = 0 kcal/mole
molpro_pot: 0-th energy = -2.74043e-05 kcal/mol
molpro_pot: 1-th energy = -2.72206e-05 kcal/mol
molpro_pot: coordinates (angstrom):

C, 0.545247, 0.13509, 0.356864
H, 0.779827, 1.11446, -0.0282635
H, -0.479049, -0.131977, 0.561826
H, 1.33424, -0.57808, 0.534071
H, -8.12718, -2.0129, -5.31675

molpro_pot: interatomic distances matrix (angstrom):

\     C1    H2    H3    H4
H2  1.08
H3  1.08  1.87
H4  1.08  1.87  1.87
H5  10.6  10.8  9.83  11.2

Molpro::pot: 1-th molpro energy = -4.42402e-05 kcal/mole

Molpro::pot: 0-th energy correction = -1.83669e-07 kcal/mole
Molpro::pot: 1-th energy correction = 0 kcal/mole
molpro_pot: 0-th energy = -4.44239e-05 kcal/mol
molpro_pot: 1-th energy = -4.42402e-05 kcal/mol
molpro_pot: coordinates (angstrom):

C, -0.487435, 0.179687, -0.415567
H, 0.153444, 0.732434, -1.08359
H, -1.55749, 0.297977, -0.474871
H, -0.058711, -0.493439, 0.309428
H, 7.26656, -2.67647, 6.19712

molpro_pot: interatomic distances matrix (angstrom):

\     C1    H2    H3    H4
H2  1.08
H3  1.08  1.87
H4  1.08  1.87  1.87
H5  10.6  10.7  11.5  9.65

Molpro::pot: 1-th molpro energy = -5.16492e-05 kcal/mole

Molpro::pot: 0-th energy correction = -1.83757e-07 kcal/mole
Molpro::pot: 1-th energy correction = 0 kcal/mole
molpro_pot: 0-th energy = -5.1833e-05 kcal/mol
molpro_pot: 1-th energy = -5.16492e-05 kcal/mol

(1,0)-th SURFACE:

molpro_pot: coordinates (angstrom):

C, -0.315, 0.368065, -0.292145
H, -1.02376, 0.559485, 0.497498
H, 0.366218, 1.14338, -0.604141
H, -0.285284, -0.599209, -0.767559
H, 4.69348, -5.48615, 4.35272

molpro_pot: interatomic distances matrix (angstrom):

\     C1    H2    H3    H4
H2  1.08
H3  1.08  1.87
H4  1.08  1.87  1.87
H5     9  9.17  9.34  8.65

Molpro::pot: 1-th molpro energy = -8.2963e-05 kcal/mole

Molpro::pot: 0-th energy correction = -4.39441e-06 kcal/mole
Molpro::pot: 1-th energy correction = 0 kcal/mole
molpro_pot: 0-th energy = -8.73575e-05 kcal/mol
molpro_pot: 1-th energy = -8.2963e-05 kcal/mol
molpro_pot: coordinates (angstrom):

C, -0.451781, -0.225746, 0.254869
H, 0.366128, -0.885884, 0.495196
H, -0.317235, 0.842374, 0.31432
H, -1.40297, -0.633382, -0.047788
H, 6.73336, 3.36481, -3.79641

molpro_pot: interatomic distances matrix (angstrom):

\     C1    H2    H3    H4
H2  1.08
H3  1.08  1.87
H4  1.08  1.87  1.87
H5     9  8.78  8.54  9.81

Molpro::pot: 1-th molpro energy = -0.000131041 kcal/mole

Molpro::pot: 0-th energy correction = -4.39456e-06 kcal/mole
Molpro::pot: 1-th energy correction = 0 kcal/mole
molpro_pot: 0-th energy = -0.000135435 kcal/mol
molpro_pot: 1-th energy = -0.000131041 kcal/mol
molpro_pot: coordinates (angstrom):

C, -0.0919585, 0.513523, -0.218669
H, -0.572558, 0.964311, -1.07209
H, -0.562161, 0.558775, 0.750547
H, 0.856966, 0.0149661, -0.334874
H, 1.37269, -7.65248, 3.26007

molpro_pot: interatomic distances matrix (angstrom):

\     C1    H2    H3    H4
H2  1.08
H3  1.08  1.87
H4  1.08  1.87  1.87
H5     9  9.84   8.8  8.48

Molpro::pot: 1-th molpro energy = -8.65374e-05 kcal/mole

Molpro::pot: 0-th energy correction = -4.39493e-06 kcal/mole
Molpro::pot: 1-th energy correction = 0 kcal/mole
molpro_pot: 0-th energy = -9.09323e-05 kcal/mol
molpro_pot: 1-th energy = -8.65374e-05 kcal/mol
molpro_pot: coordinates (angstrom):

C, -0.47484, 0.0834853, 0.295624
H, -1.13044, 0.269811, 1.13108
H, -0.858859, 0.128321, -0.710874
H, 0.565057, -0.144541, 0.466326
H, 7.07808, -1.24764, -4.40648

molpro_pot: interatomic distances matrix (angstrom):

\     C1    H2    H3    H4
H2  1.08
H3  1.08  1.87
H4  1.08  1.87  1.87
H5     9    10  8.86  8.21

Molpro::pot: 1-th molpro energy = -0.000115049 kcal/mole

Molpro::pot: 0-th energy correction = -4.39604e-06 kcal/mole
Molpro::pot: 1-th energy correction = 0 kcal/mole
molpro_pot: 0-th energy = -0.000119445 kcal/mol
molpro_pot: 1-th energy = -0.000115049 kcal/mol
molpro_pot: coordinates (angstrom):

C, 0.357511, -0.435886, 0.0442921
H, -0.696191, -0.238904, -0.0715771
H, 0.960359, 0.206311, 0.666124
H, 0.807682, -1.2765, -0.458932
H, -5.32867, 6.49912, -0.662994

molpro_pot: interatomic distances matrix (angstrom):

\     C1    H2    H3    H4
H2  1.08
H3  1.08  1.87
H4  1.08  1.87  1.87
H5     9   8.2     9  9.91

Molpro::pot: 1-th molpro energy = -0.000104935 kcal/mole

Molpro::pot: 0-th energy correction = -4.39653e-06 kcal/mole
Molpro::pot: 1-th energy correction = 0 kcal/mole
molpro_pot: 0-th energy = -0.000109331 kcal/mol
molpro_pot: 1-th energy = -0.000104935 kcal/mol

(2,0)-th SURFACE:

molpro_pot: coordinates (angstrom):

C, -0.16305, -0.484007, 0.071297
H, 0.752838, -1.00718, 0.294799
H, -0.152086, 0.584806, -0.0702552
H, -1.08906, -1.02971, -0.0137053
H, 2.42971, 7.21507, -1.05976

molpro_pot: interatomic distances matrix (angstrom):

\     C1    H2    H3    H4
H2  1.08
H3  1.08  1.87
H4  1.08  1.87  1.87
H5   8.2   8.5  7.18  9.03

Molpro::pot: 1-th molpro energy = -0.000170257 kcal/mole

Molpro::pot: 0-th energy correction = -2.15013e-05 kcal/mole
Molpro::pot: 1-th energy correction = 0 kcal/mole
molpro_pot: 0-th energy = -0.000191759 kcal/mol
molpro_pot: 1-th energy = -0.000170257 kcal/mol
molpro_pot: coordinates (angstrom):

C, -0.279403, 0.260278, -0.346285
H, -0.843071, -0.655873, -0.420189
H, 0.78161, 0.256876, -0.538006
H, -0.776969, 1.18009, -0.0838077
H, 4.16524, -3.88018, 5.16516

molpro_pot: interatomic distances matrix (angstrom):

\     C1    H2    H3    H4
H2  1.08
H3  1.08  1.87
H4  1.08  1.87  1.87
H5   8.2  8.17  7.82  8.81

Molpro::pot: 1-th molpro energy = -0.000174415 kcal/mole

Molpro::pot: 0-th energy correction = -2.15099e-05 kcal/mole
Molpro::pot: 1-th energy correction = 0 kcal/mole
molpro_pot: 0-th energy = -0.000195925 kcal/mol
molpro_pot: 1-th energy = -0.000174415 kcal/mol
molpro_pot: coordinates (angstrom):

C, -0.0481891, 0.394513, 0.328672
H, -0.455647, -0.478865, -0.154758
H, 0.909168, 0.339985, 0.821635
H, -0.596339, 1.3229, 0.316547
H, 0.716597, -5.88142, -4.89687

molpro_pot: interatomic distances matrix (angstrom):

\     C1    H2    H3    H4
H2  1.08
H3  1.08  1.87
H4  1.08  1.87  1.87
H5   8.2  7.28  8.45  8.99

Molpro::pot: 1-th molpro energy = -0.000196579 kcal/mole

Molpro::pot: 0-th energy correction = -2.14989e-05 kcal/mole
Molpro::pot: 1-th energy correction = 0 kcal/mole
molpro_pot: 0-th energy = -0.000218078 kcal/mol
molpro_pot: 1-th energy = -0.000196579 kcal/mol
molpro_pot: coordinates (angstrom):

C, -0.210923, -0.404327, 0.241085
H, -1.06601, -0.0855993, 0.815324
H, -0.29783, -0.538575, -0.825191
H, 0.73155, -0.585773, 0.732353
H, 3.14372, 6.0242, -3.59304

molpro_pot: interatomic distances matrix (angstrom):

\     C1    H2    H3    H4
H2  1.08
H3  1.08  1.87
H4  1.08  1.87  1.87
H5   8.2  8.63  7.91  8.26

Molpro::pot: 1-th molpro energy = -0.000170908 kcal/mole

Molpro::pot: 0-th energy correction = -2.14947e-05 kcal/mole
Molpro::pot: 1-th energy correction = 0 kcal/mole
molpro_pot: 0-th energy = -0.000192403 kcal/mol
molpro_pot: 1-th energy = -0.000170908 kcal/mol
molpro_pot: coordinates (angstrom):

C, 0.0123089, 0.486338, -0.17143
H, -0.868146, 0.938836, -0.5987
H, 0.271231, 0.678209, 0.857484
H, 0.631961, -0.16025, -0.771826
H, -0.181605, -7.24754, 2.55423

molpro_pot: interatomic distances matrix (angstrom):

\     C1    H2    H3    H4
H2  1.08
H3  1.08  1.87
H4  1.08  1.87  1.87
H5   8.2   8.8  8.12  7.87

Molpro::pot: 1-th molpro energy = -0.000176443 kcal/mole

Molpro::pot: 0-th energy correction = -2.14958e-05 kcal/mole
Molpro::pot: 1-th energy correction = 0 kcal/mole
molpro_pot: 0-th energy = -0.000197938 kcal/mol
molpro_pot: 1-th energy = -0.000176443 kcal/mol

(2,0)-th SURFACE:

molpro_pot: coordinates (angstrom):

C, 0.285159, 0.400811, -0.155073
H, -0.144561, 1.28948, -0.588797
H, 0.95741, 0.481863, 0.683991
H, 0.0403841, -0.56878, -0.558186
H, -4.24858, -5.97495, 2.30942

molpro_pot: interatomic distances matrix (angstrom):

\     C1    H2    H3    H4
H2  1.08
H3  1.08  1.87
H4  1.08  1.87  1.87
H5   8.2  8.83  8.45  7.47

Molpro::pot: 1-th molpro energy = -0.000167508 kcal/mole

Molpro::pot: 0-th energy correction = -2.14979e-05 kcal/mole
Molpro::pot: 1-th energy correction = 0 kcal/mole
molpro_pot: 0-th energy = -0.000189006 kcal/mol
molpro_pot: 1-th energy = -0.000167508 kcal/mol
molpro_pot: coordinates (angstrom):

C, 0.230079, -0.0694139, 0.456385
H, 0.239135, 0.674003, -0.32449
H, -0.613986, -0.139535, 1.12358
H, 1.0633, -0.744515, 0.568168
H, -3.42796, 1.03655, -6.80136

molpro_pot: interatomic distances matrix (angstrom):

\     C1    H2    H3    H4
H2  1.08
H3  1.08  1.87
H4  1.08  1.87  1.87
H5   8.2  7.45  8.49  8.81

Molpro::pot: 1-th molpro energy = -0.000136386 kcal/mole

Molpro::pot: 0-th energy correction = -2.14967e-05 kcal/mole
Molpro::pot: 1-th energy correction = 0 kcal/mole
molpro_pot: 0-th energy = -0.000157883 kcal/mol
molpro_pot: 1-th energy = -0.000136386 kcal/mol
molpro_pot: coordinates (angstrom):

C, 0.292192, 0.29451, 0.306015
H, 0.184816, -0.398981, 1.12458
H, -0.569073, 0.574939, -0.278879
H, 1.25982, 0.709856, 0.0742859
H, -4.35464, -4.3925, -4.56366

molpro_pot: interatomic distances matrix (angstrom):

\     C1    H2    H3    H4
H2  1.08
H3  1.08  1.87
H4  1.08  1.87  1.87
H5   8.2   8.3  7.57  8.89

Molpro::pot: 1-th molpro energy = -0.000125287 kcal/mole

Molpro::pot: 0-th energy correction = -2.15086e-05 kcal/mole
Molpro::pot: 1-th energy correction = 0 kcal/mole
molpro_pot: 0-th energy = -0.000146796 kcal/mol
molpro_pot: 1-th energy = -0.000125287 kcal/mol
molpro_pot: coordinates (angstrom):

C, 0.21046, 0.447499, 0.145602
H, 0.725778, 1.30646, -0.253337
H, 0.740683, -0.260259, 0.762417
H, -0.835411, 0.297893, -0.0695608
H, -3.13696, -6.67238, -2.17317

molpro_pot: interatomic distances matrix (angstrom):

\     C1    H2    H3    H4
H2  1.08
H3  1.08  1.87
H4  1.08  1.87  1.87
H5   8.2  9.07  8.05  7.64

Molpro::pot: 1-th molpro energy = -0.000218824 kcal/mole

Molpro::pot: 0-th energy correction = -2.15089e-05 kcal/mole
Molpro::pot: 1-th energy correction = 0 kcal/mole
molpro_pot: 0-th energy = -0.000240333 kcal/mol
molpro_pot: 1-th energy = -0.000218824 kcal/mol
molpro_pot: coordinates (angstrom):

C, 0.0835394, -0.0393092, -0.50721
H, 1.15191, 0.00891573, -0.370181
H, -0.345785, 0.173442, -1.4731
H, -0.555109, -0.303188, 0.320447
H, -1.2457, 0.588879, 7.5621

molpro_pot: interatomic distances matrix (angstrom):

\     C1    H2    H3    H4
H2  1.08
H3  1.08  1.87
H4  1.08  1.87  1.87
H5   8.2  8.31  9.09  7.33

Molpro::pot: 1-th molpro energy = -0.000253462 kcal/mole

Molpro::pot: 0-th energy correction = -2.15073e-05 kcal/mole
Molpro::pot: 1-th energy correction = 0 kcal/mole
molpro_pot: 0-th energy = -0.000274969 kcal/mol
molpro_pot: 1-th energy = -0.000253462 kcal/mol

(3,0)-th SURFACE:

molpro_pot: coordinates (angstrom):

C, 0.112909, -0.434754, -0.146131
H, -0.533084, -0.211674, -0.980064
H, 0.547505, -1.4167, -0.049031
H, 0.326772, 0.324637, 0.58879
H, -1.68558, 6.48028, 2.18026

molpro_pot: interatomic distances matrix (angstrom):

\     C1    H2    H3    H4
H2  1.08
H3  1.08  1.87
H4  1.08  1.87  1.87
H5  7.51  7.49   8.5  6.67

Molpro::pot: 1-th molpro energy = -0.000375132 kcal/mole

Molpro::pot: 0-th energy correction = -8.51254e-05 kcal/mole
Molpro::pot: 1-th energy correction = 0 kcal/mole
molpro_pot: 0-th energy = -0.000460257 kcal/mol
molpro_pot: 1-th energy = -0.000375132 kcal/mol
molpro_pot: coordinates (angstrom):

C, -0.400227, 0.224726, -0.112234
H, 0.470666, 0.361235, 0.508593
H, -0.518186, 0.808974, -1.01071
H, -1.15141, -0.4979, 0.163557
H, 5.96437, -3.34808, 1.67491

molpro_pot: interatomic distances matrix (angstrom):

\     C1    H2    H3    H4
H2  1.08
H3  1.08  1.87
H4  1.08  1.87  1.87
H5  7.51  6.73  8.16  7.81

Molpro::pot: 1-th molpro energy = -0.000370393 kcal/mole

Molpro::pot: 0-th energy correction = -8.50954e-05 kcal/mole
Molpro::pot: 1-th energy correction = 0 kcal/mole
molpro_pot: 0-th energy = -0.000455488 kcal/mol
molpro_pot: 1-th energy = -0.000370393 kcal/mol
molpro_pot: coordinates (angstrom):

C, 0.153488, -0.377975, 0.238093
H, 0.18369, 0.378472, 1.00581
H, 0.534623, -1.3661, 0.440228
H, -0.260484, -0.147408, -0.730405
H, -2.28539, 5.63553, -3.55056

molpro_pot: interatomic distances matrix (angstrom):

\     C1    H2    H3    H4
H2  1.08
H3  1.08  1.87
H4  1.08  1.87  1.87
H5  7.51  7.38  8.54  6.75

Molpro::pot: 1-th molpro energy = -0.000330374 kcal/mole

Molpro::pot: 0-th energy correction = -8.51257e-05 kcal/mole
Molpro::pot: 1-th energy correction = 0 kcal/mole
molpro_pot: 0-th energy = -0.0004155 kcal/mol
molpro_pot: 1-th energy = -0.000330374 kcal/mol
molpro_pot: coordinates (angstrom):

C, 0.124563, 0.0816666, -0.448454
H, 1.12422, -0.311284, -0.35473
H, -0.52471, -0.278565, -1.23024
H, -0.226856, 0.832294, 0.241171
H, -1.85581, -1.21484, 6.68347

molpro_pot: interatomic distances matrix (angstrom):

\     C1    H2    H3    H4
H2  1.08
H3  1.08  1.87
H4  1.08  1.87  1.87
H5  7.51   7.7  8.08  6.95

Molpro::pot: 1-th molpro energy = -0.000248207 kcal/mole

Molpro::pot: 0-th energy correction = -8.50924e-05 kcal/mole
Molpro::pot: 1-th energy correction = 0 kcal/mole
molpro_pot: 0-th energy = -0.0003333 kcal/mol
molpro_pot: 1-th energy = -0.000248207 kcal/mol
molpro_pot: coordinates (angstrom):

C, -0.469395, -0.0145644, 0.0524679
H, -1.11467, -0.810261, 0.388631
H, -0.195361, 0.778941, 0.729057
H, -0.0957448, -0.0139024, -0.95892
H, 6.99478, 0.218639, -0.783494

molpro_pot: interatomic distances matrix (angstrom):

\     C1    H2    H3    H4
H2  1.08
H3  1.08  1.87
H4  1.08  1.87  1.87
H5  7.51  8.26  7.37   7.1

Molpro::pot: 1-th molpro energy = -0.000329938 kcal/mole

Molpro::pot: 0-th energy correction = -8.50923e-05 kcal/mole
Molpro::pot: 1-th energy correction = 0 kcal/mole
molpro_pot: 0-th energy = -0.00041503 kcal/mol
molpro_pot: 1-th energy = -0.000329938 kcal/mol

(4,0)-th SURFACE:

molpro_pot: coordinates (angstrom):

C, 0.210146, 0.00848775, -0.377676
H, 0.208927, 1.01257, 0.0151788
H, -0.674916, -0.386003, -0.850498
H, 1.09698, -0.599865, -0.300568
H, -3.13317, -0.127763, 5.63281

molpro_pot: interatomic distances matrix (angstrom):

\     C1    H2    H3    H4
H2  1.08
H3  1.08  1.87
H4  1.08  1.87  1.87
H5  6.88  6.64  6.94   7.3

Molpro::pot: 1-th molpro energy = -0.000500976 kcal/mole

Molpro::pot: 0-th energy correction = -0.000303205 kcal/mole
Molpro::pot: 1-th energy correction = 0 kcal/mole
molpro_pot: 0-th energy = -0.00080418 kcal/mol
molpro_pot: 1-th energy = -0.000500976 kcal/mol
molpro_pot: coordinates (angstrom):

C, 0.419452, 0.104587, -0.0124643
H, 0.614448, 0.483629, 0.977899
H, -0.591839, -0.113156, -0.316434
H, 1.235, -0.0537591, -0.699722
H, -6.25195, -1.56201, 0.186667

molpro_pot: interatomic distances matrix (angstrom):

\     C1    H2    H3    H4
H2  1.08
H3  1.08  1.87
H4  1.08  1.87  1.87
H5  6.88  7.21  5.86  7.69

Molpro::pot: 1-th molpro energy = -0.00074849 kcal/mole

Molpro::pot: 0-th energy correction = -0.000303092 kcal/mole
Molpro::pot: 1-th energy correction = 0 kcal/mole
molpro_pot: 0-th energy = -0.00105158 kcal/mol
molpro_pot: 1-th energy = -0.00074849 kcal/mol
molpro_pot: coordinates (angstrom):

C, -0.278717, 0.330213, -0.0114286
H, -1.10252, -0.33824, 0.181016
H, 0.0552777, 0.496181, -1.02307
H, 0.208966, 0.834939, 0.807069
H, 4.15691, -4.92468, 0.171064

molpro_pot: interatomic distances matrix (angstrom):

\     C1    H2    H3    H4
H2  1.08
H3  1.08  1.87
H4  1.08  1.87  1.87
H5  6.88  6.98   6.9  7.01

Molpro::pot: 1-th molpro energy = -0.000508807 kcal/mole

Molpro::pot: 0-th energy correction = -0.000303217 kcal/mole
Molpro::pot: 1-th energy correction = 0 kcal/mole
molpro_pot: 0-th energy = -0.000812024 kcal/mol
molpro_pot: 1-th energy = -0.000508807 kcal/mol
molpro_pot: coordinates (angstrom):

C, 0.198267, 0.0138786, -0.38389
H, 0.974508, 0.527225, 0.160573
H, -0.225575, 0.461597, -1.26844
H, -0.151903, -0.948204, -0.0458082
H, -2.95776, -0.205868, 5.72459

molpro_pot: interatomic distances matrix (angstrom):

\     C1    H2    H3    H4
H2  1.08
H3  1.08  1.87
H4  1.08  1.87  1.87
H5  6.88  6.85  7.54  6.46

Molpro::pot: 1-th molpro energy = -0.00056734 kcal/mole

Molpro::pot: 0-th energy correction = -0.000303203 kcal/mole
Molpro::pot: 1-th energy correction = 0 kcal/mole
molpro_pot: 0-th energy = -0.000870543 kcal/mol
molpro_pot: 1-th energy = -0.00056734 kcal/mol
molpro_pot: coordinates (angstrom):

C, -0.0120532, -0.13193, -0.411857
H, 0.696955, -0.338136, 0.373828
H, -0.906202, -0.727872, -0.50057
H, 0.171382, 0.67184, -1.10671
H, 0.181381, 1.96504, 6.13737

molpro_pot: interatomic distances matrix (angstrom):

\     C1    H2    H3    H4
H2  1.08
H3  1.08  1.87
H4  1.08  1.87  1.87
H5  6.88  6.23  7.25  7.36

Molpro::pot: 1-th molpro energy = -0.000558623 kcal/mole

Molpro::pot: 0-th energy correction = -0.000302991 kcal/mole
Molpro::pot: 1-th energy correction = 0 kcal/mole
molpro_pot: 0-th energy = -0.000861613 kcal/mol
molpro_pot: 1-th energy = -0.000558623 kcal/mol

(5,0)-th SURFACE:

molpro_pot: coordinates (angstrom):

C, 0.00667299, -0.166082, 0.366718
H, -0.362248, -0.503673, -0.588501
H, 0.56377, -0.839898, 0.997696
H, -0.178694, 0.845807, 0.689581
H, -0.102282, 2.47527, -5.46523

molpro_pot: interatomic distances matrix (angstrom):

\     C1    H2    H3    H4
H2  1.08
H3  1.08  1.87
H4  1.08  1.87  1.87
H5   6.4  5.72  7.29  6.37

Molpro::pot: 1-th molpro energy = -0.00103172 kcal/mole

Molpro::pot: 0-th energy correction = -0.000785519 kcal/mole
Molpro::pot: 1-th energy correction = 0 kcal/mole
molpro_pot: 0-th energy = -0.00181724 kcal/mol
molpro_pot: 1-th energy = -0.00103172 kcal/mol
molpro_pot: coordinates (angstrom):

C, -0.24444, 0.211029, 0.240265
H, -0.811428, 1.12799, 0.225443
H, -0.248524, -0.410622, 1.1212
H, 0.323951, -0.0858227, -0.626529
H, 3.64651, -3.14423, -3.58092

molpro_pot: interatomic distances matrix (angstrom):

\     C1    H2    H3    H4
H2  1.08
H3  1.08  1.87
H4  1.08  1.87  1.87
H5   6.4  7.25  6.69   5.4

Molpro::pot: 1-th molpro energy = -0.00146855 kcal/mole

Molpro::pot: 0-th energy correction = -0.000785711 kcal/mole
Molpro::pot: 1-th energy correction = 0 kcal/mole
molpro_pot: 0-th energy = -0.00225426 kcal/mol
molpro_pot: 1-th energy = -0.00146855 kcal/mol
molpro_pot: coordinates (angstrom):

C, 0.234451, -0.0433095, 0.324347
H, -0.244699, 0.647642, -0.350573
H, 0.674886, 0.316378, 1.2404
H, 0.270493, -1.09397, 0.0849081
H, -3.49224, 0.64563, -4.83668

molpro_pot: interatomic distances matrix (angstrom):

\     C1    H2    H3    H4
H2  1.08
H3  1.08  1.87
H4  1.08  1.87  1.87
H5   6.4  5.54  7.38  6.43

Molpro::pot: 1-th molpro energy = -0.00119318 kcal/mole

Molpro::pot: 0-th energy correction = -0.000785648 kcal/mole
Molpro::pot: 1-th energy correction = 0 kcal/mole
molpro_pot: 0-th energy = -0.00197883 kcal/mol
molpro_pot: 1-th energy = -0.00119318 kcal/mol
molpro_pot: coordinates (angstrom):

C, 0.261364, 0.241463, 0.188095
H, 1.19557, 0.0166478, -0.301016
H, 0.241716, 0.91913, 1.02649
H, -0.653323, -0.208729, -0.162896
H, -3.89599, -3.60211, -2.80219

molpro_pot: interatomic distances matrix (angstrom):

\     C1    H2    H3    H4
H2  1.08
H3  1.08  1.87
H4  1.08  1.87  1.87
H5   6.4  6.73  7.23  5.38

Molpro::pot: 1-th molpro energy = -0.00154496 kcal/mole

Molpro::pot: 0-th energy correction = -0.000785742 kcal/mole
Molpro::pot: 1-th energy correction = 0 kcal/mole
molpro_pot: 0-th energy = -0.0023307 kcal/mol
molpro_pot: 1-th energy = -0.00154496 kcal/mol
molpro_pot: coordinates (angstrom):

C, 0.317811, 0.230211, 0.0903906
H, -0.26176, 0.329212, 0.994167
H, 0.467864, -0.742709, -0.349416
H, 0.744605, 1.10406, -0.375188
H, -4.73484, -3.43165, -1.34583

molpro_pot: interatomic distances matrix (angstrom):

\     C1    H2    H3    H4
H2  1.08
H3  1.08  1.87
H4  1.08  1.87  1.87
H5   6.4   6.3  5.94  7.18

Molpro::pot: 1-th molpro energy = -0.000962749 kcal/mole

Molpro::pot: 0-th energy correction = -0.000785398 kcal/mole
Molpro::pot: 1-th energy correction = 0 kcal/mole
molpro_pot: 0-th energy = -0.00174815 kcal/mol
molpro_pot: 1-th energy = -0.000962749 kcal/mol

(5,0)-th SURFACE:

molpro_pot: coordinates (angstrom):

C, 0.219644, -0.260203, 0.214301
H, -0.490853, -0.871193, 0.747595
H, 0.876323, 0.400545, 0.757166
H, 0.275663, -0.312137, -0.861192
H, -3.27639, 3.88098, -3.19521

molpro_pot: interatomic distances matrix (angstrom):

\     C1    H2    H3    H4
H2  1.08
H3  1.08  1.87
H4  1.08  1.87  1.87
H5   6.4  6.77  6.71  5.97

Molpro::pot: 1-th molpro energy = -0.000899919 kcal/mole

Molpro::pot: 0-th energy correction = -0.00078598 kcal/mole
Molpro::pot: 1-th energy correction = 0 kcal/mole
molpro_pot: 0-th energy = -0.0016859 kcal/mol
molpro_pot: 1-th energy = -0.000899919 kcal/mol
molpro_pot: coordinates (angstrom):

C, 0.324699, -0.150888, 0.183647
H, 0.620139, -0.694335, 1.06676
H, 0.429638, 0.921696, 0.150941
H, -0.0726346, -0.680005, -0.667636
H, -4.84328, 2.24924, -2.73672

molpro_pot: interatomic distances matrix (angstrom):

\     C1    H2    H3    H4
H2  1.08
H3  1.08  1.87
H4  1.08  1.87  1.87
H5   6.4  7.28  6.16  5.97

Molpro::pot: 1-th molpro energy = -0.000895272 kcal/mole

Molpro::pot: 0-th energy correction = -0.000785883 kcal/mole
Molpro::pot: 1-th energy correction = 0 kcal/mole
molpro_pot: 0-th energy = -0.00168115 kcal/mol
molpro_pot: 1-th energy = -0.000895272 kcal/mol
molpro_pot: coordinates (angstrom):

C, -0.146226, -0.121034, 0.354943
H, -0.360571, 0.242955, 1.34695
H, 0.489975, 0.44961, -0.302424
H, -0.565341, -1.05678, 0.0214222
H, 2.17703, 1.80535, -5.2922

molpro_pot: interatomic distances matrix (angstrom):

\     C1    H2    H3    H4
H2  1.08
H3  1.08  1.87
H4  1.08  1.87  1.87
H5   6.4  7.28  5.44  6.63

Molpro::pot: 1-th molpro energy = -0.00134983 kcal/mole

Molpro::pot: 0-th energy correction = -0.000785702 kcal/mole
Molpro::pot: 1-th energy correction = 0 kcal/mole
molpro_pot: 0-th energy = -0.00213554 kcal/mol
molpro_pot: 1-th energy = -0.00134983 kcal/mol
molpro_pot: coordinates (angstrom):

C, -0.0826481, -0.015899, -0.393625
H, -0.0838938, -0.241645, 0.660676
H, 0.762574, 0.486617, -0.835888
H, -0.924872, -0.295268, -1.00611
H, 1.23027, 0.239602, 5.86815

molpro_pot: interatomic distances matrix (angstrom):

\     C1    H2    H3    H4
H2  1.08
H3  1.08  1.87
H4  1.08  1.87  1.87
H5   6.4  5.39  6.72  7.22

Molpro::pot: 1-th molpro energy = -0.00153546 kcal/mole

Molpro::pot: 0-th energy correction = -0.000785686 kcal/mole
Molpro::pot: 1-th energy correction = 0 kcal/mole
molpro_pot: 0-th energy = -0.00232114 kcal/mol
molpro_pot: 1-th energy = -0.00153546 kcal/mol
molpro_pot: coordinates (angstrom):

C, -0.24805, -0.241727, -0.205393
H, -0.249032, 0.703392, 0.313515
H, 0.0698698, -0.290881, -1.23448
H, -0.561889, -1.1379, 0.305398
H, 3.69455, 3.60358, 3.06115

molpro_pot: interatomic distances matrix (angstrom):

\     C1    H2    H3    H4
H2  1.08
H3  1.08  1.87
H4  1.08  1.87  1.87
H5   6.4  5.61  6.84  6.94

Molpro::pot: 1-th molpro energy = -0.00113233 kcal/mole

Molpro::pot: 0-th energy correction = -0.000785446 kcal/mole
Molpro::pot: 1-th energy correction = 0 kcal/mole
molpro_pot: 0-th energy = -0.00191778 kcal/mol
molpro_pot: 1-th energy = -0.00113233 kcal/mol

(6,0)-th SURFACE:

molpro_pot: coordinates (angstrom):

C, -0.340891, 0.102678, 0.12076
H, -1.23793, 0.477317, 0.587108
H, -0.0347635, 0.482405, -0.840807
H, 0.251531, -0.649134, 0.617083
H, 5.08009, -1.53316, -1.80125

molpro_pot: interatomic distances matrix (angstrom):

\     C1    H2    H3    H4
H2  1.08
H3  1.08  1.87
H4  1.08  1.87  1.87
H5  5.98  7.05  5.58  5.47

Molpro::pot: 1-th molpro energy = -0.00169191 kcal/mole

Molpro::pot: 0-th energy correction = -0.00183199 kcal/mole
Molpro::pot: 1-th energy correction = 0 kcal/mole
molpro_pot: 0-th energy = -0.0035239 kcal/mol
molpro_pot: 1-th energy = -0.00169191 kcal/mol
molpro_pot: coordinates (angstrom):

C, -0.234698, -0.292862, 0.0243105
H, 0.495307, -0.995933, 0.392142
H, -0.282525, 0.700912, 0.439814
H, -0.914601, -0.582324, -0.760842
H, 3.49633, 4.36441, -0.360575

molpro_pot: interatomic distances matrix (angstrom):

\     C1    H2    H3    H4
H2  1.08
H3  1.08  1.87
H4  1.08  1.87  1.87
H5  5.98  6.19  5.32  6.64

Molpro::pot: 1-th molpro energy = -0.00186813 kcal/mole

Molpro::pot: 0-th energy correction = -0.00183145 kcal/mole
Molpro::pot: 1-th energy correction = 0 kcal/mole
molpro_pot: 0-th energy = -0.00369959 kcal/mol
molpro_pot: 1-th energy = -0.00186813 kcal/mol
molpro_pot: coordinates (angstrom):

C, 0.062281, 0.0592233, 0.365946
H, -0.549536, -0.589535, 0.972005
H, 0.783424, 0.710645, 0.83298
H, -0.044734, 0.0544085, -0.706922
H, -0.930723, -0.88068, -5.45532

molpro_pot: interatomic distances matrix (angstrom):

\     C1    H2    H3    H4
H2  1.08
H3  1.08  1.87
H4  1.08  1.87  1.87
H5  5.98  6.45  6.71  4.92

Molpro::pot: 1-th molpro energy = -0.0033416 kcal/mole

Molpro::pot: 0-th energy correction = -0.00183213 kcal/mole
Molpro::pot: 1-th energy correction = 0 kcal/mole
molpro_pot: 0-th energy = -0.00517373 kcal/mol
molpro_pot: 1-th energy = -0.0033416 kcal/mol
molpro_pot: coordinates (angstrom):

C, -0.24342, -0.163848, 0.234737
H, -0.142014, 0.855724, -0.100978
H, 0.156905, -0.458219, 1.19161
H, -0.747645, -0.888121, -0.384705
H, 3.63112, 2.44153, -3.5009

molpro_pot: interatomic distances matrix (angstrom):

\     C1    H2    H3    H4
H2  1.08
H3  1.08  1.87
H4  1.08  1.87  1.87
H5  5.98  5.32  6.52  6.32

Molpro::pot: 1-th molpro energy = -0.00189739 kcal/mole

Molpro::pot: 0-th energy correction = -0.00183263 kcal/mole
Molpro::pot: 1-th energy correction = 0 kcal/mole
molpro_pot: 0-th energy = -0.00373002 kcal/mol
molpro_pot: 1-th energy = -0.00189739 kcal/mol
molpro_pot: coordinates (angstrom):

C, 0.211982, 0.297648, -0.0874178
H, 0.6083, -0.628858, -0.470866
H, 0.531362, 0.662557, 0.875576
H, -0.501084, 0.860669, -0.667991
H, -3.16261, -4.43841, 1.30415

molpro_pot: interatomic distances matrix (angstrom):

\     C1    H2    H3    H4
H2  1.08
H3  1.08  1.87
H4  1.08  1.87  1.87
H5  5.98  5.65  6.31  6.25

Molpro::pot: 1-th molpro energy = -0.00155859 kcal/mole

Molpro::pot: 0-th energy correction = -0.00183277 kcal/mole
Molpro::pot: 1-th energy correction = 0 kcal/mole
molpro_pot: 0-th energy = -0.00339136 kcal/mol
molpro_pot: 1-th energy = -0.00155859 kcal/mol

(7,0)-th SURFACE:

molpro_pot: coordinates (angstrom):

C, -0.0133213, -0.130543, 0.327293
H, 0.123455, -0.468646, -0.687346
H, -0.000593222, -0.841065, 1.13817
H, -0.159679, 0.918001, 0.531395
H, 0.195431, 1.94606, -4.87924

molpro_pot: interatomic distances matrix (angstrom):

\     C1    H2    H3    H4
H2  1.08
H3  1.08  1.87
H4  1.08  1.87  1.87
H5  5.61  4.84  6.63  5.52

Molpro::pot: 1-th molpro energy = -0.003672 kcal/mole

Molpro::pot: 0-th energy correction = -0.00384321 kcal/mole
Molpro::pot: 1-th energy correction = 0 kcal/mole
molpro_pot: 0-th energy = -0.00751522 kcal/mol
molpro_pot: 1-th energy = -0.003672 kcal/mol
molpro_pot: coordinates (angstrom):

C, 0.0480703, 0.26034, 0.232717
H, 0.711266, 1.10283, 0.346303
H, 0.293257, -0.683919, 0.691821
H, -0.861495, 0.3628, -0.337119
H, -0.715392, -3.88153, -3.47192

molpro_pot: interatomic distances matrix (angstrom):

\     C1    H2    H3    H4
H2  1.08
H3  1.08  1.87
H4  1.08  1.87  1.87
H5  5.61  6.44  5.35  5.28

Molpro::pot: 1-th molpro energy = -0.00298813 kcal/mole

Molpro::pot: 0-th energy correction = -0.00384425 kcal/mole
Molpro::pot: 1-th energy correction = 0 kcal/mole
molpro_pot: 0-th energy = -0.00683238 kcal/mol
molpro_pot: 1-th energy = -0.00298813 kcal/mol
molpro_pot: coordinates (angstrom):

C, 0.342478, 0.0154582, -0.0824624
H, 0.340884, -1.05967, -0.163755
H, -0.467477, 0.518805, 0.420661
H, 1.15518, 0.586907, -0.501364
H, -5.10642, -0.230099, 1.22632

molpro_pot: interatomic distances matrix (angstrom):

\     C1    H2    H3    H4
H2  1.08
H3  1.08  1.87
H4  1.08  1.87  1.87
H5  5.61  5.68  4.77  6.55

Molpro::pot: 1-th molpro energy = -0.00407052 kcal/mole

Molpro::pot: 0-th energy correction = -0.00384332 kcal/mole
Molpro::pot: 1-th energy correction = 0 kcal/mole
molpro_pot: 0-th energy = -0.00791383 kcal/mol
molpro_pot: 1-th energy = -0.00407052 kcal/mol
molpro_pot: coordinates (angstrom):

C, -0.083717, -0.0430356, 0.339806
H, -0.831901, -0.539547, 0.936642
H, 0.68003, 0.549664, 0.817212
H, -0.0973282, -0.141632, -0.733792
H, 1.246, 0.643932, -5.06608

molpro_pot: interatomic distances matrix (angstrom):

\     C1    H2    H3    H4
H2  1.08
H3  1.08  1.87
H4  1.08  1.87  1.87
H5  5.61  6.46  5.91   4.6

Molpro::pot: 1-th molpro energy = -0.00534884 kcal/mole

Molpro::pot: 0-th energy correction = -0.00384333 kcal/mole
Molpro::pot: 1-th energy correction = 0 kcal/mole
molpro_pot: 0-th energy = -0.00919217 kcal/mol
molpro_pot: 1-th energy = -0.00534884 kcal/mol
molpro_pot: coordinates (angstrom):

C, -0.000221938, 0.352381, -0.0155315
H, -0.635827, -0.460399, 0.297377
H, 0.132918, 1.20941, 0.625006
H, 0.504538, 0.306872, -0.967197
H, 0.00101243, -5.25162, 0.229745

molpro_pot: interatomic distances matrix (angstrom):

\     C1    H2    H3    H4
H2  1.08
H3  1.08  1.87
H4  1.08  1.87  1.87
H5  5.61  4.83  6.47  5.71

Molpro::pot: 1-th molpro energy = -0.0038473 kcal/mole

Molpro::pot: 0-th energy correction = -0.00384241 kcal/mole
Molpro::pot: 1-th energy correction = 0 kcal/mole
molpro_pot: 0-th energy = -0.00768971 kcal/mol
molpro_pot: 1-th energy = -0.0038473 kcal/mol

(8,0)-th SURFACE:

molpro_pot: coordinates (angstrom):

C, -0.263967, 0.00781229, 0.202333
H, 0.162926, -0.115722, -0.780019
H, -1.29835, -0.242355, 0.375495
H, 0.343994, 0.378419, 1.012
H, 3.93444, -0.113362, -3.01662

molpro_pot: interatomic distances matrix (angstrom):

\     C1    H2    H3    H4
H2  1.08
H3  1.08  1.87
H4  1.08  1.87  1.87
H5  5.29  4.38  6.24  5.42

Molpro::pot: 1-th molpro energy = -0.00686931 kcal/mole

Molpro::pot: 0-th energy correction = -0.00725186 kcal/mole
Molpro::pot: 1-th energy correction = 0 kcal/mole
molpro_pot: 0-th energy = -0.0141212 kcal/mol
molpro_pot: 1-th energy = -0.00686931 kcal/mol
molpro_pot: coordinates (angstrom):

C, -0.043898, -0.0381994, -0.327708
H, 0.739049, -0.778637, -0.363215
H, -0.747286, -0.0367924, 0.489459
H, -0.121651, 0.702486, -1.10736
H, 0.652573, 0.567778, 4.88308

molpro_pot: interatomic distances matrix (angstrom):

\     C1    H2    H3    H4
H2  1.08
H3  1.08  1.87
H4  1.08  1.87  1.87
H5  5.29  5.42  4.65  6.04

Molpro::pot: 1-th molpro energy = -0.00646042 kcal/mole

Molpro::pot: 0-th energy correction = -0.00724968 kcal/mole
Molpro::pot: 1-th energy correction = 0 kcal/mole
molpro_pot: 0-th energy = -0.0137101 kcal/mol
molpro_pot: 1-th energy = -0.00646042 kcal/mol
molpro_pot: coordinates (angstrom):

C, 0.00184168, 0.169186, 0.286516
H, -0.225559, 1.22281, 0.312483
H, -0.255593, -0.416193, -0.581572
H, 0.489266, -0.298349, 1.12696
H, -0.0300432, -2.52274, -4.26937

molpro_pot: interatomic distances matrix (angstrom):

\     C1    H2    H3    H4
H2  1.08
H3  1.08  1.87
H4  1.08  1.87  1.87
H5  5.29  5.92  4.25  5.86

Molpro::pot: 1-th molpro energy = -0.00858922 kcal/mole

Molpro::pot: 0-th energy correction = -0.00725098 kcal/mole
Molpro::pot: 1-th energy correction = 0 kcal/mole
molpro_pot: 0-th energy = -0.0158402 kcal/mol
molpro_pot: 1-th energy = -0.00858922 kcal/mol
molpro_pot: coordinates (angstrom):

C, 0.318132, -0.090083, 0.0382327
H, 0.714475, -0.101489, 1.04088
H, 0.072486, -1.01714, -0.45445
H, 0.164545, 0.848081, -0.470472
H, -4.73945, 1.34315, -0.571186

molpro_pot: interatomic distances matrix (angstrom):

\     C1    H2    H3    H4
H2  1.08
H3  1.08  1.87
H4  1.08  1.87  1.87
H5  5.29  5.87  5.36  4.93

Molpro::pot: 1-th molpro energy = -0.00656303 kcal/mole

Molpro::pot: 0-th energy correction = -0.00724955 kcal/mole
Molpro::pot: 1-th energy correction = 0 kcal/mole
molpro_pot: 0-th energy = -0.0138126 kcal/mol
molpro_pot: 1-th energy = -0.00656303 kcal/mol
molpro_pot: coordinates (angstrom):

C, 0.141278, 0.19341, 0.23065
H, -0.141223, 1.21541, 0.0351301
H, 1.15659, -0.0412668, 0.507378
H, -0.591873, -0.593297, 0.152528
H, -2.10567, -2.88375, -3.44134

molpro_pot: interatomic distances matrix (angstrom):

\     C1    H2    H3    H4
H2  1.08
H3  1.08  1.87
H4  1.08  1.87  1.87
H5  5.29  5.72  5.86  4.52

Molpro::pot: 1-th molpro energy = -0.00718881 kcal/mole

Molpro::pot: 0-th energy correction = -0.00725431 kcal/mole
Molpro::pot: 1-th energy correction = 0 kcal/mole
molpro_pot: 0-th energy = -0.0144431 kcal/mol
molpro_pot: 1-th energy = -0.00718881 kcal/mol

(8,0)-th SURFACE:

molpro_pot: coordinates (angstrom):

C, 0.208594, 0.102247, 0.238334
H, 1.05405, -0.23563, -0.339214
H, 0.184128, 1.11114, 0.617878
H, -0.613524, -0.567436, 0.433698
H, -3.10835, -1.52551, -3.55016

molpro_pot: interatomic distances matrix (angstrom):

\     C1    H2    H3    H4
H2  1.08
H3  1.08  1.87
H4  1.08  1.87  1.87
H5  5.29  5.41  5.93   4.8

Molpro::pot: 1-th molpro energy = -0.00653422 kcal/mole

Molpro::pot: 0-th energy correction = -0.00724989 kcal/mole
Molpro::pot: 1-th energy correction = 0 kcal/mole
molpro_pot: 0-th energy = -0.0137841 kcal/mol
molpro_pot: 1-th energy = -0.00653422 kcal/mol
molpro_pot: coordinates (angstrom):

C, 0.157314, -0.269556, -0.115779
H, 1.07841, 0.257728, 0.0741203
H, -0.333141, -0.802006, 0.683264
H, -0.274877, -0.261891, -1.10354
H, -2.3435, 4.01572, 1.72471

molpro_pot: interatomic distances matrix (angstrom):

\     C1    H2    H3    H4
H2  1.08
H3  1.08  1.87
H4  1.08  1.87  1.87
H5  5.29  5.34  5.32  5.53

Molpro::pot: 1-th molpro energy = -0.00696733 kcal/mole

Molpro::pot: 0-th energy correction = -0.00724894 kcal/mole
Molpro::pot: 1-th energy correction = 0 kcal/mole
molpro_pot: 0-th energy = -0.0142163 kcal/mol
molpro_pot: 1-th energy = -0.00696733 kcal/mol
molpro_pot: coordinates (angstrom):

C, -0.120488, -0.268702, -0.154374
H, 0.0535074, -1.20175, 0.357147
H, 0.287487, -0.110399, -1.13977
H, -0.704803, 0.50462, 0.31793
H, 1.79844, 4.00692, 2.3028

molpro_pot: interatomic distances matrix (angstrom):

\     C1    H2    H3    H4
H2  1.08
H3  1.08  1.87
H4  1.08  1.87  1.87
H5  5.29  5.83  5.58  4.74

Molpro::pot: 1-th molpro energy = -0.0066979 kcal/mole

Molpro::pot: 0-th energy correction = -0.00725468 kcal/mole
Molpro::pot: 1-th energy correction = 0 kcal/mole
molpro_pot: 0-th energy = -0.0139526 kcal/mol
molpro_pot: 1-th energy = -0.0066979 kcal/mol
molpro_pot: coordinates (angstrom):

C, -0.0830503, -0.256208, -0.194966
H, -1.09878, -0.442636, -0.504883
H, 0.278925, -0.661347, 0.736353
H, 0.571461, 0.332502, -0.817506
H, 1.23726, 3.82211, 2.90746

molpro_pot: interatomic distances matrix (angstrom):

\     C1    H2    H3    H4
H2  1.08
H3  1.08  1.87
H4  1.08  1.87  1.87
H5  5.29  5.94  5.07  5.15

Molpro::pot: 1-th molpro energy = -0.00632833 kcal/mole

Molpro::pot: 0-th energy correction = -0.00725462 kcal/mole
Molpro::pot: 1-th energy correction = 0 kcal/mole
molpro_pot: 0-th energy = -0.013583 kcal/mol
molpro_pot: 1-th energy = -0.00632833 kcal/mol
molpro_pot: coordinates (angstrom):

C, 0.182905, 0.229639, 0.156425
H, -0.864885, 0.24476, -0.0973911
H, 0.627367, 1.07306, 0.66003
H, 0.785399, -0.629769, -0.0904373
H, -2.7257, -3.42232, -2.33472

molpro_pot: interatomic distances matrix (angstrom):

\     C1    H2    H3    H4
H2  1.08
H3  1.08  1.87
H4  1.08  1.87  1.87
H5  5.29  4.68  6.36  5.02

Molpro::pot: 1-th molpro energy = -0.00494122 kcal/mole

Molpro::pot: 0-th energy correction = -0.00725233 kcal/mole
Molpro::pot: 1-th energy correction = 0 kcal/mole
molpro_pot: 0-th energy = -0.0121935 kcal/mol
molpro_pot: 1-th energy = -0.00494122 kcal/mol

(9,0)-th SURFACE:

molpro_pot: coordinates (angstrom):

C, -0.0904364, -0.25127, -0.168635
H, -1.04519, 0.230402, -0.0309963
H, 0.109383, -1.19728, 0.308501
H, 0.663149, 0.211266, -0.785636
H, 1.34947, 3.74744, 2.51604

molpro_pot: interatomic distances matrix (angstrom):

\     C1    H2    H3    H4
H2  1.08
H3  1.08  1.87
H4  1.08  1.87  1.87
H5  5.03  4.96  5.56  4.89

Molpro::pot: 1-th molpro energy = -0.0134187 kcal/mole

Molpro::pot: 0-th energy correction = -0.0123154 kcal/mole
Molpro::pot: 1-th energy correction = 0 kcal/mole
molpro_pot: 0-th energy = -0.0257341 kcal/mol
molpro_pot: 1-th energy = -0.0134187 kcal/mol
molpro_pot: coordinates (angstrom):

C, -0.226116, 0.218646, 0.0309041
H, -0.919194, 0.188857, -0.794487
H, 0.634186, -0.431259, 0.0355998
H, -0.39149, 0.900207, 0.849835
H, 3.36882, -3.26119, -0.458918

molpro_pot: interatomic distances matrix (angstrom):

\     C1    H2    H3    H4
H2  1.08
H3  1.08  1.87
H4  1.08  1.87  1.87
H5  5.03  5.51  3.97  5.76

Molpro::pot: 1-th molpro energy = -0.0107962 kcal/mole

Molpro::pot: 0-th energy correction = -0.0123101 kcal/mole
Molpro::pot: 1-th energy correction = 0 kcal/mole
molpro_pot: 0-th energy = -0.0231062 kcal/mol
molpro_pot: 1-th energy = -0.0107962 kcal/mol
molpro_pot: coordinates (angstrom):

C, -0.1301, 0.1008, 0.269757
H, -0.607598, 0.614617, 1.0886
H, 0.810682, -0.402552, 0.424951
H, -0.594615, 0.0876415, -0.703163
H, 1.94061, -1.49992, -4.02233

molpro_pot: interatomic distances matrix (angstrom):

\     C1    H2    H3    H4
H2  1.08
H3  1.08  1.87
H4  1.08  1.87  1.87
H5  5.03  6.09  4.72  4.47

Molpro::pot: 1-th molpro energy = -0.00699059 kcal/mole

Molpro::pot: 0-th energy correction = -0.0123114 kcal/mole
Molpro::pot: 1-th energy correction = 0 kcal/mole
molpro_pot: 0-th energy = -0.019302 kcal/mol
molpro_pot: 1-th energy = -0.00699059 kcal/mol
molpro_pot: coordinates (angstrom):

C, 0.147146, 0.0960174, 0.262829
H, -0.650518, 0.384952, -0.402576
H, 0.251365, -0.934194, 0.563364
H, 0.842227, 0.836358, 0.625154
H, -2.19512, -1.43038, -3.9154

molpro_pot: interatomic distances matrix (angstrom):

\     C1    H2    H3    H4
H2  1.08
H3  1.08  1.87
H4  1.08  1.87  1.87
H5  5.03  4.25  5.13  5.91

Molpro::pot: 1-th molpro energy = -0.00969208 kcal/mole

Molpro::pot: 0-th energy correction = -0.0123077 kcal/mole
Molpro::pot: 1-th energy correction = 0 kcal/mole
molpro_pot: 0-th energy = -0.0219998 kcal/mol
molpro_pot: 1-th energy = -0.00969208 kcal/mol
molpro_pot: coordinates (angstrom):

C, -0.108946, -0.237576, -0.177962
H, -1.1067, -0.283653, -0.584028
H, 0.551336, 0.566321, -0.461327
H, 0.227443, -0.993304, 0.513585
H, 1.62512, 3.53941, 2.65074

molpro_pot: interatomic distances matrix (angstrom):

\     C1    H2    H3    H4
H2  1.08
H3  1.08  1.87
H4  1.08  1.87  1.87
H5  5.03   5.7  4.44   5.2

Molpro::pot: 1-th molpro energy = -0.0118818 kcal/mole

Molpro::pot: 0-th energy correction = -0.0123065 kcal/mole
Molpro::pot: 1-th energy correction = 0 kcal/mole
molpro_pot: 0-th energy = -0.0241883 kcal/mol
molpro_pot: 1-th energy = -0.0118818 kcal/mol

(10,0)-th SURFACE:

molpro_pot: coordinates (angstrom):

C, 0.0892015, -0.267361, -0.022421
H, 0.936232, -0.896332, -0.244795
H, 0.0713869, 0.753996, -0.36743
H, -0.741109, -0.660384, 0.54206
H, -1.32862, 3.98614, 0.337128

molpro_pot: interatomic distances matrix (angstrom):

\     C1    H2    H3    H4
H2  1.08
H3  1.08  1.87
H4  1.08  1.87  1.87
H5   4.5  5.41  3.59  4.69

Molpro::pot: 1-th molpro energy = -0.0114246 kcal/mole

Molpro::pot: 0-th energy correction = -0.0354756 kcal/mole
Molpro::pot: 1-th energy correction = 0 kcal/mole
molpro_pot: 0-th energy = -0.0469003 kcal/mol
molpro_pot: 1-th energy = -0.0114246 kcal/mol
molpro_pot: coordinates (angstrom):

C, 0.209305, 0.148827, -0.11834
H, 0.834363, 0.347547, -0.974102
H, -0.515467, -0.648628, -0.154241
H, 0.311024, 0.745241, 0.774109
H, -3.12208, -2.21622, 1.76329

molpro_pot: interatomic distances matrix (angstrom):

\     C1    H2    H3    H4
H2  1.08
H3  1.08  1.87
H4  1.08  1.87  1.87
H5   4.5  5.45   3.6  4.64

Molpro::pot: 1-th molpro energy = -0.00868547 kcal/mole

Molpro::pot: 0-th energy correction = -0.035473 kcal/mole
Molpro::pot: 1-th energy correction = 0 kcal/mole
molpro_pot: 0-th energy = -0.0441585 kcal/mol
molpro_pot: 1-th energy = -0.00868547 kcal/mol
molpro_pot: coordinates (angstrom):

C, 0.203593, 0.185211, 0.0646156
H, 0.810132, 1.06704, 0.19502
H, 0.133241, -0.281656, -0.904716
H, -0.329951, -0.231471, 0.903798
H, -3.03757, -2.75919, -0.963469

molpro_pot: interatomic distances matrix (angstrom):

\     C1    H2    H3    H4
H2  1.08
H3  1.08  1.87
H4  1.08  1.87  1.87
H5   4.5  5.55  4.02  4.15

Molpro::pot: 1-th molpro energy = -0.0135751 kcal/mole

Molpro::pot: 0-th energy correction = -0.0354773 kcal/mole
Molpro::pot: 1-th energy correction = 0 kcal/mole
molpro_pot: 0-th energy = -0.0490524 kcal/mol
molpro_pot: 1-th energy = -0.0135751 kcal/mol
molpro_pot: coordinates (angstrom):

C, -0.147815, -0.240866, 0.00570361
H, -0.0637179, -1.29942, 0.192529
H, 0.407713, 0.209505, -0.801187
H, -0.78953, 0.366637, 0.623491
H, 2.20554, 3.59123, -0.0827449

molpro_pot: interatomic distances matrix (angstrom):

\     C1    H2    H3    H4
H2  1.08
H3  1.08  1.87
H4  1.08  1.87  1.87
H5   4.5   5.4   3.9  4.46

Molpro::pot: 1-th molpro energy = -0.0266911 kcal/mole

Molpro::pot: 0-th energy correction = -0.0354811 kcal/mole
Molpro::pot: 1-th energy correction = 0 kcal/mole
molpro_pot: 0-th energy = -0.0621721 kcal/mol
molpro_pot: 1-th energy = -0.0266911 kcal/mol
molpro_pot: coordinates (angstrom):

C, -0.178493, 0.215786, -0.0379342
H, 0.0772029, -0.185413, 0.929627
H, -1.10377, -0.0698169, -0.512082
H, 0.489269, 0.904714, -0.529863
H, 2.66258, -3.21882, 0.563994

molpro_pot: interatomic distances matrix (angstrom):

\     C1    H2    H3    H4
H2  1.08
H3  1.08  1.87
H4  1.08  1.87  1.87
H5   4.5     4  5.03  4.79

Molpro::pot: 1-th molpro energy = -0.0483443 kcal/mole

Molpro::pot: 0-th energy correction = -0.0354855 kcal/mole
Molpro::pot: 1-th energy correction = 0 kcal/mole
molpro_pot: 0-th energy = -0.0838299 kcal/mol
molpro_pot: 1-th energy = -0.0483443 kcal/mol

(11,0)-th SURFACE:

molpro_pot: coordinates (angstrom):

C, 0.0423458, 0.230241, 0.12662
H, -0.73164, 0.803014, -0.358554
H, 0.238215, -0.783144, -0.185158
H, 0.622373, 0.671599, 0.921159
H, -0.633152, -3.43291, -1.88509

molpro_pot: interatomic distances matrix (angstrom):

\     C1    H2    H3    H4
H2  1.08
H3  1.08  1.87
H4  1.08  1.87  1.87
H5  4.23   4.5  3.27  5.13

Molpro::pot: 1-th molpro energy = 0.00288917 kcal/mole

Molpro::pot: 0-th energy correction = -0.060215 kcal/mole
Molpro::pot: 1-th energy correction = 0 kcal/mole
molpro_pot: 0-th energy = -0.0573258 kcal/mol
molpro_pot: 1-th energy = 0.00288917 kcal/mol
molpro_pot: coordinates (angstrom):

C, 0.032663, -0.118896, -0.236012
H, -0.809866, -0.0497722, -0.905252
H, 0.319245, 0.733343, 0.359033
H, 0.586557, -1.04078, -0.159464
H, -0.484848, 1.77288, 3.51584

molpro_pot: interatomic distances matrix (angstrom):

\     C1    H2    H3    H4
H2  1.08
H3  1.08  1.87
H4  1.08  1.87  1.87
H5  4.23  4.79  3.42  4.75

Molpro::pot: 1-th molpro energy = -0.0505054 kcal/mole

Molpro::pot: 0-th energy correction = -0.0601996 kcal/mole
Molpro::pot: 1-th energy correction = 0 kcal/mole
molpro_pot: 0-th energy = -0.110705 kcal/mol
molpro_pot: 1-th energy = -0.0505054 kcal/mol
molpro_pot: coordinates (angstrom):

C, -0.00562762, -0.261555, -0.0486001
H, -0.65553, -1.05132, -0.38979
H, -0.423057, 0.61359, 0.422983
H, 1.0615, -0.348174, -0.176087
H, 0.0840922, 3.9002, 0.721567

molpro_pot: interatomic distances matrix (angstrom):

\     C1    H2    H3    H4
H2  1.08
H3  1.08  1.87
H4  1.08  1.87  1.87
H5  4.23  5.13  3.34  4.45

Molpro::pot: 1-th molpro energy = -0.0102162 kcal/mole

Molpro::pot: 0-th energy correction = -0.0602222 kcal/mole
Molpro::pot: 1-th energy correction = 0 kcal/mole
molpro_pot: 0-th energy = -0.0704384 kcal/mol
molpro_pot: 1-th energy = -0.0102162 kcal/mol
molpro_pot: coordinates (angstrom):

C, 0.13445, 0.226567, -0.0381517
H, 1.0142, 0.0321207, -0.630386
H, -0.339331, 1.19423, -0.0790095
H, -0.273255, -0.547229, 0.592354
H, -2.00249, -3.37683, 0.571307

molpro_pot: interatomic distances matrix (angstrom):

\     C1    H2    H3    H4
H2  1.08
H3  1.08  1.87
H4  1.08  1.87  1.87
H5  4.23  4.71  4.91  3.32

Molpro::pot: 1-th molpro energy = -0.0280804 kcal/mole

Molpro::pot: 0-th energy correction = -0.0602085 kcal/mole
Molpro::pot: 1-th energy correction = 0 kcal/mole
molpro_pot: 0-th energy = -0.088289 kcal/mol
molpro_pot: 1-th energy = -0.0280804 kcal/mol
molpro_pot: coordinates (angstrom):

C, -0.164955, -0.146381, 0.148683
H, -0.0981767, -0.680161, -0.785734
H, -0.545806, 0.862153, 0.16688
H, 0.146053, -0.621926, 1.06501
H, 2.46202, 2.18286, -2.21649

molpro_pot: interatomic distances matrix (angstrom):

\     C1    H2    H3    H4
H2  1.08
H3  1.08  1.87
H4  1.08  1.87  1.87
H5  4.23   4.1  4.06   4.9

Molpro::pot: 1-th molpro energy = -0.0971562 kcal/mole

Molpro::pot: 0-th energy correction = -0.0602359 kcal/mole
Molpro::pot: 1-th energy correction = 0 kcal/mole
molpro_pot: 0-th energy = -0.157392 kcal/mol
molpro_pot: 1-th energy = -0.0971562 kcal/mol

(12,0)-th SURFACE:

molpro_pot: coordinates (angstrom):

C, -0.136125, 0.0267883, 0.207465
H, -0.101084, 0.651766, -0.670424
H, -1.05903, -0.0830339, 0.753999
H, 0.750537, -0.490663, 0.537004
H, 2.0304, -0.397034, -3.09083

molpro_pot: interatomic distances matrix (angstrom):

\     C1    H2    H3    H4
H2  1.08
H3  1.08  1.87
H4  1.08  1.87  1.87
H5  3.97  3.39  4.94  3.85

Molpro::pot: 1-th molpro energy = -0.0443751 kcal/mole

Molpro::pot: 0-th energy correction = -0.101806 kcal/mole
Molpro::pot: 1-th energy correction = 0 kcal/mole
molpro_pot: 0-th energy = -0.146181 kcal/mol
molpro_pot: 1-th energy = -0.0443751 kcal/mol
molpro_pot: coordinates (angstrom):

C, 0.100663, 0.131657, -0.186486
H, 1.09646, 0.417067, 0.112599
H, -0.588181, -0.263865, 0.542605
H, -0.207293, 0.244571, -1.21359
H, -1.49956, -1.96539, 2.77884

molpro_pot: interatomic distances matrix (angstrom):

\     C1    H2    H3    H4
H2  1.08
H3  1.08  1.87
H4  1.08  1.87  1.87
H5  3.97  4.42  2.95  4.74

Molpro::pot: 1-th molpro energy = 0.0345114 kcal/mole

Molpro::pot: 0-th energy correction = -0.101823 kcal/mole
Molpro::pot: 1-th energy correction = 0 kcal/mole
molpro_pot: 0-th energy = -0.0673121 kcal/mol
molpro_pot: 1-th energy = 0.0345114 kcal/mol
molpro_pot: coordinates (angstrom):

C, -0.163872, 0.168992, -0.082682
H, 0.326897, -0.771902, 0.108052
H, -1.03159, 0.204106, -0.7217
H, 0.210976, 1.074, 0.367838
H, 2.44492, -2.51836, 1.23029

molpro_pot: interatomic distances matrix (angstrom):

\     C1    H2    H3    H4
H2  1.08
H3  1.08  1.87
H4  1.08  1.87  1.87
H5  3.97  2.97  4.83  4.32

Molpro::pot: 1-th molpro energy = 0.0476507 kcal/mole

Molpro::pot: 0-th energy correction = -0.101822 kcal/mole
Molpro::pot: 1-th energy correction = 0 kcal/mole
molpro_pot: 0-th energy = -0.0541709 kcal/mol
molpro_pot: 1-th energy = 0.0476507 kcal/mol
molpro_pot: coordinates (angstrom):

C, -0.0822302, 0.0230027, -0.234298
H, 0.427906, -0.814863, 0.213204
H, 0.419482, 0.973012, -0.325323
H, -1.09257, -0.0898074, -0.593476
H, 1.22428, -0.342231, 3.49534

molpro_pot: interatomic distances matrix (angstrom):

\     C1    H2    H3    H4
H2  1.08
H3  1.08  1.87
H4  1.08  1.87  1.87
H5  3.97  3.41  4.12  4.71

Molpro::pot: 1-th molpro energy = -0.132692 kcal/mole

Molpro::pot: 0-th energy correction = -0.101845 kcal/mole
Molpro::pot: 1-th energy correction = 0 kcal/mole
molpro_pot: 0-th energy = -0.234536 kcal/mol
molpro_pot: 1-th energy = -0.132692 kcal/mol
molpro_pot: coordinates (angstrom):

C, -0.217006, -0.112478, -0.0495142
H, -1.23004, 0.0212516, 0.29456
H, 0.576077, -0.27801, 0.661919
H, 0.00251388, -0.0837997, -1.10474
H, 3.23531, 1.67982, 0.737821

molpro_pot: interatomic distances matrix (angstrom):

\     C1    H2    H3    H4
H2  1.08
H3  1.08  1.87
H4  1.08  1.87  1.87
H5  3.97  4.78   3.3  4.12

Molpro::pot: 1-th molpro energy = -0.0888669 kcal/mole

Molpro::pot: 0-th energy correction = -0.101842 kcal/mole
Molpro::pot: 1-th energy correction = 0 kcal/mole
molpro_pot: 0-th energy = -0.190709 kcal/mol
molpro_pot: 1-th energy = -0.0888669 kcal/mol

(12,0)-th SURFACE:

molpro_pot: coordinates (angstrom):

C, -0.244329, 0.0454413, 0.0201015
H, -1.04783, -0.655252, -0.140932
H, 0.0477396, 0.720546, -0.768218
H, 0.264912, 0.0732337, 0.970061
H, 3.64436, -0.679589, -0.300256

molpro_pot: interatomic distances matrix (angstrom):

\     C1    H2    H3    H4
H2  1.08
H3  1.08  1.87
H4  1.08  1.87  1.87
H5  3.97  4.69  3.89  3.69

Molpro::pot: 1-th molpro energy = -0.169281 kcal/mole

Molpro::pot: 0-th energy correction = -0.101853 kcal/mole
Molpro::pot: 1-th energy correction = 0 kcal/mole
molpro_pot: 0-th energy = -0.271134 kcal/mol
molpro_pot: 1-th energy = -0.169281 kcal/mol
molpro_pot: coordinates (angstrom):

C, -0.126765, -0.136787, -0.165607
H, -1.15105, 0.128245, -0.373244
H, 0.258835, -0.0518377, 0.837695
H, 0.510873, -0.489579, -0.960262
H, 1.89071, 2.04187, 2.46767

molpro_pot: interatomic distances matrix (angstrom):

\     C1    H2    H3    H4
H2  1.08
H3  1.08  1.87
H4  1.08  1.87  1.87
H5  3.97  4.58  3.12  4.48

Molpro::pot: 1-th molpro energy = -0.0609654 kcal/mole

Molpro::pot: 0-th energy correction = -0.101838 kcal/mole
Molpro::pot: 1-th energy correction = 0 kcal/mole
molpro_pot: 0-th energy = -0.162803 kcal/mol
molpro_pot: 1-th energy = -0.0609654 kcal/mol
molpro_pot: coordinates (angstrom):

C, 0.133777, -0.195643, -0.0785231
H, 0.426259, 0.838857, -0.160859
H, 0.475283, -0.787203, 0.755712
H, -0.502472, -0.637668, -0.828404
H, -1.99193, 2.9155, 1.16851

molpro_pot: interatomic distances matrix (angstrom):

\     C1    H2    H3    H4
H2  1.08
H3  1.08  1.87
H4  1.08  1.87  1.87
H5  3.97  3.45  4.47  4.34

Molpro::pot: 1-th molpro energy = -0.174533 kcal/mole

Molpro::pot: 0-th energy correction = -0.101788 kcal/mole
Molpro::pot: 1-th energy correction = 0 kcal/mole
molpro_pot: 0-th energy = -0.276321 kcal/mol
molpro_pot: 1-th energy = -0.174533 kcal/mol
molpro_pot: coordinates (angstrom):

C, -0.0718313, -0.230155, 0.0638752
H, 0.32052, -0.709387, 0.946435
H, -0.549407, -0.819861, -0.702079
H, 0.0105359, 0.838702, -0.0513697
H, 1.07363, 3.43096, -0.953537

molpro_pot: interatomic distances matrix (angstrom):

\     C1    H2    H3    H4
H2  1.08
H3  1.08  1.87
H4  1.08  1.87  1.87
H5  3.97  4.62  4.56  2.94

Molpro::pot: 1-th molpro energy = 0.0278614 kcal/mole

Molpro::pot: 0-th energy correction = -0.101836 kcal/mole
Molpro::pot: 1-th energy correction = 0 kcal/mole
molpro_pot: 0-th energy = -0.0739743 kcal/mol
molpro_pot: 1-th energy = 0.0278614 kcal/mol
molpro_pot: coordinates (angstrom):

C, 0.106308, -0.0779801, 0.211991
H, 0.771497, 0.418206, 0.900349
H, -0.924112, -0.243125, 0.483063
H, 0.470491, -0.406166, -0.748314
H, -1.58367, 1.15958, -3.15923

molpro_pot: interatomic distances matrix (angstrom):

\     C1    H2    H3    H4
H2  1.08
H3  1.08  1.87
H4  1.08  1.87  1.87
H5  3.97  4.75  3.96  3.53

Molpro::pot: 1-th molpro energy = -0.138942 kcal/mole

Molpro::pot: 0-th energy correction = -0.101794 kcal/mole
Molpro::pot: 1-th energy correction = 0 kcal/mole
molpro_pot: 0-th energy = -0.240736 kcal/mol
molpro_pot: 1-th energy = -0.138942 kcal/mol
