
(0,0)-th SURFACE:

molpro_pot: coordinates (angstrom):

C, -0.556799, -0.21524, 0.294244
H, 0.34458, -0.256733, 0.884422
H, -1.23957, 0.611012, 0.411067
H, -0.773897, -0.998028, -0.414722
H, 8.29859, 3.20658, -4.38428

molpro_pot: interatomic distances matrix (angstrom):

\     C1    H2    H3    H4
H2  1.08
H3  1.08  1.87
H4  1.08  1.87  1.87
H5  10.6  10.1    11  10.8

Molpro::pot: 1-th molpro energy = -2.52143e-05 kcal/mole

Molpro::pot: 0-th energy correction = -1.83659e-07 kcal/mole
Molpro::pot: 1-th energy correction = 0 kcal/mole
molpro_pot: 0-th energy = -2.5398e-05 kcal/mol
molpro_pot: 1-th energy = -2.52143e-05 kcal/mol
molpro_pot: coordinates (angstrom):

C, -0.137267, -0.211732, 0.615708
H, -0.766084, 0.647497, 0.7855
H, 0.245049, -0.412639, -0.372213
H, 0.111736, -0.868125, 1.43404
H, 2.04371, 3.15432, -9.17846

molpro_pot: interatomic distances matrix (angstrom):

\     C1    H2    H3    H4
H2  1.08
H3  1.08  1.87
H4  1.08  1.87  1.87
H5  10.6  10.7  9.67  11.5

Molpro::pot: 1-th molpro energy = -2.98772e-05 kcal/mole

Molpro::pot: 0-th energy correction = -1.83704e-07 kcal/mole
Molpro::pot: 1-th energy correction = 0 kcal/mole
molpro_pot: 0-th energy = -3.00609e-05 kcal/mol
molpro_pot: 1-th energy = -2.98772e-05 kcal/mol
molpro_pot: coordinates (angstrom):

C, 0.0862019, -0.28948, 0.592973
H, -0.100316, -0.0981936, 1.63755
H, -0.735425, -0.31719, -0.104651
H, 1.0942, -0.449931, 0.245539
H, -1.28485, 4.3121, -8.83887

molpro_pot: interatomic distances matrix (angstrom):

\     C1    H2    H3    H4
H2  1.08
H3  1.08  1.87
H4  1.08  1.87  1.87
H5  10.6  11.4   9.9  10.5

Molpro::pot: 1-th molpro energy = -2.82619e-05 kcal/mole

Molpro::pot: 0-th energy correction = -1.83682e-07 kcal/mole
Molpro::pot: 1-th energy correction = 0 kcal/mole
molpro_pot: 0-th energy = -2.84456e-05 kcal/mol
molpro_pot: 1-th energy = -2.82619e-05 kcal/mol
molpro_pot: coordinates (angstrom):

C, -0.334114, 0.554857, 0.152157
H, 0.170907, -0.301144, -0.265852
H, 0.233344, 1.42008, 0.455315
H, -1.40646, 0.546979, 0.264146
H, 4.98045, -8.27249, -2.26532

molpro_pot: interatomic distances matrix (angstrom):

\     C1    H2    H3    H4
H2  1.08
H3  1.08  1.87
H4  1.08  1.87  1.87
H5  10.6  9.52  11.1  11.2

Molpro::pot: 1-th molpro energy = -0.000108864 kcal/mole

Molpro::pot: 0-th energy correction = -1.83737e-07 kcal/mole
Molpro::pot: 1-th energy correction = 0 kcal/mole
molpro_pot: 0-th energy = -0.000109048 kcal/mol
molpro_pot: 1-th energy = -0.000108864 kcal/mol
molpro_pot: coordinates (angstrom):

C, 0.37706, -0.48971, 0.245823
H, -0.0146921, -1.43173, -0.10295
H, -0.00505159, -0.0502407, 1.15322
H, 1.15278, 0.0112115, -0.310825
H, -5.62263, 7.30165, -3.66642

molpro_pot: interatomic distances matrix (angstrom):

\     C1    H2    H3    H4
H2  1.08
H3  1.08  1.87
H4  1.08  1.87  1.87
H5  10.6    11  10.4  10.5

Molpro::pot: 1-th molpro energy = 8.16287e-06 kcal/mole

Molpro::pot: 0-th energy correction = -1.838e-07 kcal/mole
Molpro::pot: 1-th energy correction = 0 kcal/mole
molpro_pot: 0-th energy = 7.97907e-06 kcal/mol
molpro_pot: 1-th energy = 8.16287e-06 kcal/mol

(1,0)-th SURFACE:

molpro_pot: coordinates (angstrom):

C, 0.0691661, 0.516011, 0.220407
H, 0.974864, 0.771894, 0.746477
H, -0.828324, 0.287736, 0.772603
H, 0.0600189, 0.4914, -0.857476
H, -1.03011, -7.69508, -3.28595

molpro_pot: interatomic distances matrix (angstrom):

\     C1    H2    H3    H4
H2  1.08
H3  1.08  1.87
H4  1.08  1.87  1.87
H5     9  9.59  8.96  8.61

Molpro::pot: 1-th molpro energy = -9.54544e-05 kcal/mole

Molpro::pot: 0-th energy correction = -4.39764e-06 kcal/mole
Molpro::pot: 1-th energy correction = 0 kcal/mole
molpro_pot: 0-th energy = -9.9852e-05 kcal/mol
molpro_pot: 1-th energy = -9.54544e-05 kcal/mol
molpro_pot: coordinates (angstrom):

C, 0.0779226, 0.557828, 0.0490637
H, -0.741412, 0.597064, -0.650698
H, 0.940586, 1.1882, -0.0957058
H, 0.0333802, -0.109213, 0.894991
H, -1.16036, -8.31802, -0.73278

molpro_pot: interatomic distances matrix (angstrom):

\     C1    H2    H3    H4
H2  1.08
H3  1.08  1.87
H4  1.08  1.87  1.87
H5     9  8.93  9.76  8.45

Molpro::pot: 1-th molpro energy = -8.51164e-05 kcal/mole

Molpro::pot: 0-th energy correction = -4.39748e-06 kcal/mole
Molpro::pot: 1-th energy correction = 0 kcal/mole
molpro_pot: 0-th energy = -8.95139e-05 kcal/mol
molpro_pot: 1-th energy = -8.51164e-05 kcal/mol
molpro_pot: coordinates (angstrom):

C, -0.0434358, -0.340479, 0.449682
H, -1.11995, -0.30025, 0.404759
H, 0.52981, -0.449716, -0.456946
H, 0.459867, -0.268397, 1.40048
H, 0.647454, 5.07239, -6.70257

molpro_pot: interatomic distances matrix (angstrom):

\     C1    H2    H3    H4
H2  1.08
H3  1.08  1.87
H4  1.08  1.87  1.87
H5     9  9.08  8.34  9.71

Molpro::pot: 1-th molpro energy = -0.000146947 kcal/mole

Molpro::pot: 0-th energy correction = -4.39456e-06 kcal/mole
Molpro::pot: 1-th energy correction = 0 kcal/mole
molpro_pot: 0-th energy = -0.000151341 kcal/mol
molpro_pot: 1-th energy = -0.000146947 kcal/mol
molpro_pot: coordinates (angstrom):

C, 0.49601, -0.139256, 0.233454
H, 0.0170071, 0.470459, 0.982666
H, 1.21086, -0.891083, 0.527154
H, 0.258039, 0.000597504, -0.808819
H, -7.39182, 2.07812, -3.48069

molpro_pot: interatomic distances matrix (angstrom):

\     C1    H2    H3    H4
H2  1.08
H3  1.08  1.87
H4  1.08  1.87  1.87
H5     9   8.8  9.94  8.37

Molpro::pot: 1-th molpro energy = -8.95529e-05 kcal/mole

Molpro::pot: 0-th energy correction = -4.39539e-06 kcal/mole
Molpro::pot: 1-th energy correction = 0 kcal/mole
molpro_pot: 0-th energy = -9.39483e-05 kcal/mol
molpro_pot: 1-th energy = -8.95529e-05 kcal/mol
molpro_pot: coordinates (angstrom):

C, 0.559458, -0.0432253, 0.0720428
H, 0.777459, -0.963933, -0.444956
H, 0.0687988, 0.763599, -0.448348
H, 0.829163, 0.0695934, 1.10985
H, -8.33679, 0.645417, -1.07435

molpro_pot: interatomic distances matrix (angstrom):

\     C1    H2    H3    H4
H2  1.08
H3  1.08  1.87
H4  1.08  1.87  1.87
H5     9  9.28  8.43  9.44

Molpro::pot: 1-th molpro energy = -5.93795e-05 kcal/mole

Molpro::pot: 0-th energy correction = -4.39437e-06 kcal/mole
Molpro::pot: 1-th energy correction = 0 kcal/mole
molpro_pot: 0-th energy = -6.37738e-05 kcal/mol
molpro_pot: 1-th energy = -5.93795e-05 kcal/mol

(1,0)-th SURFACE:

molpro_pot: coordinates (angstrom):

C, -0.492974, 0.155128, 0.22935
H, 0.122713, -0.69923, 0.46069
H, -0.955248, 0.238993, -0.741107
H, -0.648916, 0.92384, 0.969137
H, 7.35121, -2.31068, -3.41955

molpro_pot: interatomic distances matrix (angstrom):

\     C1    H2    H3    H4
H2  1.08
H3  1.08  1.87
H4  1.08  1.87  1.87
H5     9  8.36  9.09  9.68

Molpro::pot: 1-th molpro energy = -0.000103228 kcal/mole

Molpro::pot: 0-th energy correction = -4.39718e-06 kcal/mole
Molpro::pot: 1-th energy correction = 0 kcal/mole
molpro_pot: 0-th energy = -0.000107625 kcal/mol
molpro_pot: 1-th energy = -0.000103228 kcal/mol
molpro_pot: coordinates (angstrom):

C, 0.131514, -0.252431, -0.488793
H, 0.988912, -0.905204, -0.524436
H, -0.750636, -0.490144, -1.06135
H, 0.154993, 0.636088, 0.121538
H, -1.95918, 3.76491, 7.28422

molpro_pot: interatomic distances matrix (angstrom):

\     C1    H2    H3    H4
H2  1.08
H3  1.08  1.87
H4  1.08  1.87  1.87
H5     9  9.56  9.45   8.1

Molpro::pot: 1-th molpro energy = -0.000105964 kcal/mole

Molpro::pot: 0-th energy correction = -4.39527e-06 kcal/mole
Molpro::pot: 1-th energy correction = 0 kcal/mole
molpro_pot: 0-th energy = -0.000110359 kcal/mol
molpro_pot: 1-th energy = -0.000105964 kcal/mol
molpro_pot: coordinates (angstrom):

C, -0.457229, -0.220982, 0.248779
H, -1.34024, 0.14517, -0.249958
H, -0.55162, -0.825598, 1.1365
H, 0.519746, 0.0147276, -0.141709
H, 6.81626, 3.2969, -3.707

molpro_pot: interatomic distances matrix (angstrom):

\     C1    H2    H3    H4
H2  1.08
H3  1.08  1.87
H4  1.08  1.87  1.87
H5     9   9.4  9.73  7.95

Molpro::pot: 1-th molpro energy = -0.000114532 kcal/mole

Molpro::pot: 0-th energy correction = -4.39646e-06 kcal/mole
Molpro::pot: 1-th energy correction = 0 kcal/mole
molpro_pot: 0-th energy = -0.000118928 kcal/mol
molpro_pot: 1-th energy = -0.000114532 kcal/mol
molpro_pot: coordinates (angstrom):

C, 0.276409, -0.444389, -0.214702
H, 0.818606, 0.426178, 0.117939
H, 0.580421, -1.4258, 0.112302
H, -0.571362, -0.333491, -0.871595
H, -4.11882, 6.62438, 3.19778

molpro_pot: interatomic distances matrix (angstrom):

\     C1    H2    H3    H4
H2  1.08
H3  1.08  1.87
H4  1.08  1.87  1.87
H5     9   8.5  9.82  8.81

Molpro::pot: 1-th molpro energy = -0.000125883 kcal/mole

Molpro::pot: 0-th energy correction = -4.39492e-06 kcal/mole
Molpro::pot: 1-th energy correction = 0 kcal/mole
molpro_pot: 0-th energy = -0.000130278 kcal/mol
molpro_pot: 1-th energy = -0.000125883 kcal/mol
molpro_pot: coordinates (angstrom):

C, 0.14421, -0.537666, -0.0992547
H, 0.769567, 0.240321, 0.308396
H, -0.486913, -0.331704, -0.948832
H, 0.152198, -1.5221, 0.340469
H, -2.15194, 8.01538, 1.48178

molpro_pot: interatomic distances matrix (angstrom):

\     C1    H2    H3    H4
H2  1.08
H3  1.08  1.87
H4  1.08  1.87  1.87
H5     9  8.39  8.85  9.88

Molpro::pot: 1-th molpro energy = -0.000147706 kcal/mole

Molpro::pot: 0-th energy correction = -4.39684e-06 kcal/mole
Molpro::pot: 1-th energy correction = 0 kcal/mole
molpro_pot: 0-th energy = -0.000152103 kcal/mol
molpro_pot: 1-th energy = -0.000147706 kcal/mol

(2,0)-th SURFACE:

molpro_pot: coordinates (angstrom):

C, -0.37701, 0.0617661, 0.346253
H, -1.04059, 0.866964, 0.617978
H, 0.559667, 0.277295, -0.142317
H, -0.648475, -0.958358, 0.56574
H, 5.61839, -0.92134, -5.16417

molpro_pot: interatomic distances matrix (angstrom):

\     C1    H2    H3    H4
H2  1.08
H3  1.08  1.87
H4  1.08  1.87  1.87
H5   8.2     9  7.23  8.49

Molpro::pot: 1-th molpro energy = -0.000216023 kcal/mole

Molpro::pot: 0-th energy correction = -2.1505e-05 kcal/mole
Molpro::pot: 1-th energy correction = 0 kcal/mole
molpro_pot: 0-th energy = -0.000237528 kcal/mol
molpro_pot: 1-th energy = -0.000216023 kcal/mol
molpro_pot: coordinates (angstrom):

C, -0.395472, -0.0385898, 0.328533
H, -0.95294, -0.222155, 1.23299
H, 0.123475, -0.848741, -0.158157
H, -0.359446, 0.954048, -0.0908623
H, 5.89773, 0.57633, -4.89576

molpro_pot: interatomic distances matrix (angstrom):

\     C1    H2    H3    H4
H2  1.08
H3  1.08  1.87
H4  1.08  1.87  1.87
H5   8.2  9.23   7.6   7.9

Molpro::pot: 1-th molpro energy = -0.000161163 kcal/mole

Molpro::pot: 0-th energy correction = -2.15059e-05 kcal/mole
Molpro::pot: 1-th energy correction = 0 kcal/mole
molpro_pot: 0-th energy = -0.000182669 kcal/mol
molpro_pot: 1-th energy = -0.000161163 kcal/mol
molpro_pot: coordinates (angstrom):

C, -0.0775831, -0.484436, 0.159009
H, -0.237268, 0.57912, 0.235585
H, -0.189655, -0.978814, -0.792595
H, 0.197092, -1.05299, 1.03298
H, 1.1536, 7.22078, -2.36926

molpro_pot: interatomic distances matrix (angstrom):

\     C1    H2    H3    H4
H2  1.08
H3  1.08  1.87
H4  1.08  1.87  1.87
H5   8.2  7.27  8.46     9

Molpro::pot: 1-th molpro energy = -0.000236361 kcal/mole

Molpro::pot: 0-th energy correction = -2.14992e-05 kcal/mole
Molpro::pot: 1-th energy correction = 0 kcal/mole
molpro_pot: 0-th energy = -0.00025786 kcal/mol
molpro_pot: 1-th energy = -0.000236361 kcal/mol
molpro_pot: coordinates (angstrom):

C, -0.0815101, 0.267053, -0.433277
H, -1.0163, 0.098571, 0.076922
H, 0.306643, -0.479843, -1.10707
H, 0.463452, 1.18335, -0.272206
H, 1.21673, -3.98183, 6.46131

molpro_pot: interatomic distances matrix (angstrom):

\     C1    H2    H3    H4
H2  1.08
H3  1.08  1.87
H4  1.08  1.87  1.87
H5   8.2   7.9  8.39  8.52

Molpro::pot: 1-th molpro energy = -0.000213325 kcal/mole

Molpro::pot: 0-th energy correction = -2.15114e-05 kcal/mole
Molpro::pot: 1-th energy correction = 0 kcal/mole
molpro_pot: 0-th energy = -0.000234836 kcal/mol
molpro_pot: 1-th energy = -0.000213325 kcal/mol
molpro_pot: coordinates (angstrom):

C, -0.160424, 0.47806, 0.10736
H, -1.03159, 1.10764, 0.02249
H, 0.129537, -0.154236, -0.716438
H, 0.422403, 0.482987, 1.01445
H, 2.38979, -7.12857, -1.59882

molpro_pot: interatomic distances matrix (angstrom):

\     C1    H2    H3    H4
H2  1.08
H3  1.08  1.87
H4  1.08  1.87  1.87
H5   8.2  9.06  7.38  8.28

Molpro::pot: 1-th molpro energy = -0.000164388 kcal/mole

Molpro::pot: 0-th energy correction = -2.15066e-05 kcal/mole
Molpro::pot: 1-th energy correction = 0 kcal/mole
molpro_pot: 0-th energy = -0.000185895 kcal/mol
molpro_pot: 1-th energy = -0.000164388 kcal/mol

(3,0)-th SURFACE:

molpro_pot: coordinates (angstrom):

C, -0.355, 0.304131, -0.0692215
H, -0.55433, -0.141284, -1.03067
H, -1.12593, 0.326665, 0.684227
H, 0.615783, 0.724097, 0.139899
H, 5.29139, -4.53071, 1.03076

molpro_pot: interatomic distances matrix (angstrom):

\     C1    H2    H3    H4
H2  1.08
H3  1.08  1.87
H4  1.08  1.87  1.87
H5  7.51   7.6  8.06  7.09

Molpro::pot: 1-th molpro energy = -0.000328526 kcal/mole

Molpro::pot: 0-th energy correction = -8.50896e-05 kcal/mole
Molpro::pot: 1-th energy correction = 0 kcal/mole
molpro_pot: 0-th energy = -0.000413615 kcal/mol
molpro_pot: 1-th energy = -0.000328526 kcal/mol
molpro_pot: coordinates (angstrom):

C, 0.0963349, 0.462429, 0.00382623
H, 0.495466, -0.333049, -0.604798
H, -0.412477, 0.231675, 0.925987
H, 0.20862, 1.48845, -0.307924
H, -1.43865, -6.89315, -0.0588235

molpro_pot: interatomic distances matrix (angstrom):

\     C1    H2    H3    H4
H2  1.08
H3  1.08  1.87
H4  1.08  1.87  1.87
H5  7.51  6.86  7.27  8.55

Molpro::pot: 1-th molpro energy = -0.00030838 kcal/mole

Molpro::pot: 0-th energy correction = -8.51213e-05 kcal/mole
Molpro::pot: 1-th energy correction = 0 kcal/mole
molpro_pot: 0-th energy = -0.000393501 kcal/mol
molpro_pot: 1-th energy = -0.00030838 kcal/mol
molpro_pot: coordinates (angstrom):

C, -0.434001, 0.0854192, -0.165941
H, -1.47439, 0.0982648, -0.448697
H, -0.131165, 0.477789, 0.791585
H, 0.30295, -0.322428, -0.839055
H, 6.47018, -1.2707, 2.47199

molpro_pot: interatomic distances matrix (angstrom):

\     C1    H2    H3    H4
H2  1.08
H3  1.08  1.87
H4  1.08  1.87  1.87
H5  7.51  8.57  7.03  7.06

Molpro::pot: 1-th molpro energy = -0.000383438 kcal/mole

Molpro::pot: 0-th energy correction = -8.51116e-05 kcal/mole
Molpro::pot: 1-th energy correction = 0 kcal/mole
molpro_pot: 0-th energy = -0.000468549 kcal/mol
molpro_pot: 1-th energy = -0.000383438 kcal/mol
molpro_pot: coordinates (angstrom):

C, 0.471935, 0.0121419, -0.0103327
H, 0.416849, -1.0245, -0.301627
H, 1.03173, 0.296322, 0.866247
H, -0.0299483, 0.764741, -0.597043
H, -7.03787, -0.181133, 0.155452

molpro_pot: interatomic distances matrix (angstrom):

\     C1    H2    H3    H4
H2  1.08
H3  1.08  1.87
H4  1.08  1.87  1.87
H5  7.51  7.52  8.11  7.11

Molpro::pot: 1-th molpro energy = -0.000314948 kcal/mole

Molpro::pot: 0-th energy correction = -8.51501e-05 kcal/mole
Molpro::pot: 1-th energy correction = 0 kcal/mole
molpro_pot: 0-th energy = -0.000400098 kcal/mol
molpro_pot: 1-th energy = -0.000314948 kcal/mol
molpro_pot: coordinates (angstrom):

C, -0.464563, 0.0803287, 0.027931
H, -1.19206, 0.875985, 0.0417913
H, -0.526626, -0.718907, 0.748964
H, 0.322897, 0.0821635, -0.708563
H, 6.92726, -1.1957, -0.414762

molpro_pot: interatomic distances matrix (angstrom):

\     C1    H2    H3    H4
H2  1.08
H3  1.08  1.87
H4  1.08  1.87  1.87
H5  7.51  8.39  7.56  6.73

Molpro::pot: 1-th molpro energy = -0.000333952 kcal/mole

Molpro::pot: 0-th energy correction = -8.51366e-05 kcal/mole
Molpro::pot: 1-th energy correction = 0 kcal/mole
molpro_pot: 0-th energy = -0.000419089 kcal/mol
molpro_pot: 1-th energy = -0.000333952 kcal/mol

(4,0)-th SURFACE:

molpro_pot: coordinates (angstrom):

C, 0.420882, -0.0988672, -0.00933659
H, 1.36413, -0.463487, 0.36464
H, 0.38696, 0.462977, -0.928955
H, -0.488518, -0.298598, 0.534374
H, -6.27393, 1.4763, 0.14111

molpro_pot: interatomic distances matrix (angstrom):

\     C1    H2    H3    H4
H2  1.08
H3  1.08  1.87
H4  1.08  1.87  1.87
H5  6.88  7.88  6.82  6.06

Molpro::pot: 1-th molpro energy = -0.000697302 kcal/mole

Molpro::pot: 0-th energy correction = -0.000303113 kcal/mole
Molpro::pot: 1-th energy correction = 0 kcal/mole
molpro_pot: 0-th energy = -0.00100042 kcal/mol
molpro_pot: 1-th energy = -0.000697302 kcal/mol
molpro_pot: coordinates (angstrom):

C, 0.118307, -0.354895, 0.217115
H, 0.662096, -1.02377, 0.864741
H, -0.485369, 0.432044, 0.639986
H, 0.180549, -0.470878, -0.853023
H, -1.76594, 5.28827, -3.23686

molpro_pot: interatomic distances matrix (angstrom):

\     C1    H2    H3    H4
H2  1.08
H3  1.08  1.87
H4  1.08  1.87  1.87
H5  6.88  7.91  6.34  6.53

Molpro::pot: 1-th molpro energy = -0.000615622 kcal/mole

Molpro::pot: 0-th energy correction = -0.000303055 kcal/mole
Molpro::pot: 1-th energy correction = 0 kcal/mole
molpro_pot: 0-th energy = -0.000918676 kcal/mol
molpro_pot: 1-th energy = -0.000615622 kcal/mol
molpro_pot: coordinates (angstrom):

C, -0.349375, 0.172846, 0.187538
H, -0.939959, 0.68893, -0.552315
H, 0.386046, -0.552855, -0.120735
H, -0.491892, 0.384542, 1.2351
H, 5.20575, -2.57867, -2.79504

molpro_pot: interatomic distances matrix (angstrom):

\     C1    H2    H3    H4
H2  1.08
H3  1.08  1.87
H4  1.08  1.87  1.87
H5  6.88  7.31  5.87  7.58

Molpro::pot: 1-th molpro energy = -0.000717677 kcal/mole

Molpro::pot: 0-th energy correction = -0.000303039 kcal/mole
Molpro::pot: 1-th energy correction = 0 kcal/mole
molpro_pot: 0-th energy = -0.00102072 kcal/mol
molpro_pot: 1-th energy = -0.000717677 kcal/mol
molpro_pot: coordinates (angstrom):

C, 0.104325, 0.128055, 0.399656
H, 0.656761, 0.703311, 1.1252
H, 0.53313, -0.0711884, -0.569336
H, -0.87523, -0.250487, 0.643992
H, -1.55684, -1.90636, -5.95849

molpro_pot: interatomic distances matrix (angstrom):

\     C1    H2    H3    H4
H2  1.08
H3  1.08  1.87
H4  1.08  1.87  1.87
H5  6.88  7.87  6.06  6.84

Molpro::pot: 1-th molpro energy = -0.000676632 kcal/mole

Molpro::pot: 0-th energy correction = -0.00030311 kcal/mole
Molpro::pot: 1-th energy correction = 0 kcal/mole
molpro_pot: 0-th energy = -0.000979742 kcal/mol
molpro_pot: 1-th energy = -0.000676632 kcal/mol
molpro_pot: coordinates (angstrom):

C, -0.345647, -0.254394, 0.0520538
H, 0.344722, -0.390873, -0.764818
H, -1.39518, -0.109782, -0.148139
H, 0.012793, -0.265597, 1.06887
H, 5.15323, 3.79528, -0.775709

molpro_pot: interatomic distances matrix (angstrom):

\     C1    H2    H3    H4
H2  1.08
H3  1.08  1.87
H4  1.08  1.87  1.87
H5  6.88  6.38  7.65  6.81

Molpro::pot: 1-th molpro energy = -0.000517525 kcal/mole

Molpro::pot: 0-th energy correction = -0.000303187 kcal/mole
Molpro::pot: 1-th energy correction = 0 kcal/mole
molpro_pot: 0-th energy = -0.000820712 kcal/mol
molpro_pot: 1-th energy = -0.000517525 kcal/mol

(5,0)-th SURFACE:

molpro_pot: coordinates (angstrom):

C, 0.10793, -0.0404159, -0.385903
H, -0.669921, -0.787022, -0.379256
H, -0.138211, 0.992229, -0.574522
H, 1.13111, -0.325746, -0.200955
H, -1.60808, 0.601762, 5.74962

molpro_pot: interatomic distances matrix (angstrom):

\     C1    H2    H3    H4
H2  1.08
H3  1.08  1.87
H4  1.08  1.87  1.87
H5   6.4  6.35   6.5  6.62

Molpro::pot: 1-th molpro energy = -0.00082175 kcal/mole

Molpro::pot: 0-th energy correction = -0.000785336 kcal/mole
Molpro::pot: 1-th energy correction = 0 kcal/mole
molpro_pot: 0-th energy = -0.00160709 kcal/mol
molpro_pot: 1-th energy = -0.00082175 kcal/mol
molpro_pot: coordinates (angstrom):

C, 0.127618, 0.301783, 0.23417
H, -0.934611, 0.340878, 0.414878
H, 0.692192, -0.568766, 0.527292
H, 0.624657, 1.13154, -0.242258
H, -1.90177, -4.49692, -3.48814

molpro_pot: interatomic distances matrix (angstrom):

\     C1    H2    H3    H4
H2  1.08
H3  1.08  1.87
H4  1.08  1.87  1.87
H5   6.4  6.29  6.19  6.97

Molpro::pot: 1-th molpro energy = -0.000900099 kcal/mole

Molpro::pot: 0-th energy correction = -0.000785353 kcal/mole
Molpro::pot: 1-th energy correction = 0 kcal/mole
molpro_pot: 0-th energy = -0.00168545 kcal/mol
molpro_pot: 1-th energy = -0.000900099 kcal/mol
molpro_pot: coordinates (angstrom):

C, -0.259649, 0.30776, -0.000751465
H, 0.514255, 0.762775, -0.597869
H, -1.29208, 0.396433, -0.298652
H, -0.00110624, -0.238359, 0.892238
H, 3.87053, -4.5853, 0.0132299

molpro_pot: interatomic distances matrix (angstrom):

\     C1    H2    H3    H4
H2  1.08
H3  1.08  1.87
H4  1.08  1.87  1.87
H5   6.4  6.34  7.18  5.89

Molpro::pot: 1-th molpro energy = -0.000952355 kcal/mole

Molpro::pot: 0-th energy correction = -0.000785471 kcal/mole
Molpro::pot: 1-th energy correction = 0 kcal/mole
molpro_pot: 0-th energy = -0.00173783 kcal/mol
molpro_pot: 1-th energy = -0.000952355 kcal/mol
molpro_pot: coordinates (angstrom):

C, 0.32028, 0.118022, -0.213508
H, 0.372723, -0.295406, 0.780897
H, -0.581666, 0.0109509, -0.794497
H, 1.16828, 0.641017, -0.625689
H, -4.77286, -1.76183, 3.18149

molpro_pot: interatomic distances matrix (angstrom):

\     C1    H2    H3    H4
H2  1.08
H3  1.08  1.87
H4  1.08  1.87  1.87
H5   6.4  5.86  6.04  7.45

Molpro::pot: 1-th molpro energy = -0.000988867 kcal/mole

Molpro::pot: 0-th energy correction = -0.000785549 kcal/mole
Molpro::pot: 1-th energy correction = 0 kcal/mole
molpro_pot: 0-th energy = -0.00177442 kcal/mol
molpro_pot: 1-th energy = -0.000988867 kcal/mol
molpro_pot: coordinates (angstrom):

C, 0.0731666, -0.394665, 0.0278577
H, -0.406006, -1.04336, 0.743469
H, 1.09938, -0.097401, 0.172902
H, -0.472583, -0.0458071, -0.834103
H, -1.09197, 5.88578, -0.413964

molpro_pot: interatomic distances matrix (angstrom):

\     C1    H2    H3    H4
H2  1.08
H3  1.08  1.87
H4  1.08  1.87  1.87
H5   6.4  7.06   6.4  5.98

Molpro::pot: 1-th molpro energy = -0.000876925 kcal/mole

Molpro::pot: 0-th energy correction = -0.000785949 kcal/mole
Molpro::pot: 1-th energy correction = 0 kcal/mole
molpro_pot: 0-th energy = -0.00166287 kcal/mol
molpro_pot: 1-th energy = -0.000876925 kcal/mol

(5,0)-th SURFACE:

molpro_pot: coordinates (angstrom):

C, 0.252513, 0.256451, -0.179847
H, 1.13745, 0.0364838, 0.395487
H, -0.521343, 0.879417, 0.239173
H, 0.142756, -0.143782, -1.17498
H, -3.7655, -3.82563, 2.68173

molpro_pot: interatomic distances matrix (angstrom):

\     C1    H2    H3    H4
H2  1.08
H3  1.08  1.87
H4  1.08  1.87  1.87
H5   6.4  6.65  6.22  6.61

Molpro::pot: 1-th molpro energy = -0.000817874 kcal/mole

Molpro::pot: 0-th energy correction = -0.000785978 kcal/mole
Molpro::pot: 1-th energy correction = 0 kcal/mole
molpro_pot: 0-th energy = -0.00160385 kcal/mol
molpro_pot: 1-th energy = -0.000817874 kcal/mol
molpro_pot: coordinates (angstrom):

C, -0.202569, -0.340181, 0.073787
H, -0.453194, -0.282487, -0.973292
H, 0.662804, -0.899967, 0.39047
H, -0.815211, 0.164226, 0.803693
H, 3.01755, 5.0687, -1.09944

molpro_pot: interatomic distances matrix (angstrom):

\     C1    H2    H3    H4
H2  1.08
H3  1.08  1.87
H4  1.08  1.87  1.87
H5   6.4  6.38  6.59  6.51

Molpro::pot: 1-th molpro energy = -0.000834283 kcal/mole

Molpro::pot: 0-th energy correction = -0.00078534 kcal/mole
Molpro::pot: 1-th energy correction = 0 kcal/mole
molpro_pot: 0-th energy = -0.00161962 kcal/mol
molpro_pot: 1-th energy = -0.000834283 kcal/mol
molpro_pot: coordinates (angstrom):

C, 0.401064, 0.0329033, -0.000187195
H, -0.409034, -0.336783, 0.607751
H, 0.987057, 0.873096, 0.336273
H, 0.627149, -0.439273, -0.942766
H, -5.98057, -0.488814, 0.000970999

molpro_pot: interatomic distances matrix (angstrom):

\     C1    H2    H3    H4
H2  1.08
H3  1.08  1.87
H4  1.08  1.87  1.87
H5   6.4  5.61  7.11  6.67

Molpro::pot: 1-th molpro energy = -0.00113381 kcal/mole

Molpro::pot: 0-th energy correction = -0.000785861 kcal/mole
Molpro::pot: 1-th energy correction = 0 kcal/mole
molpro_pot: 0-th energy = -0.00191967 kcal/mol
molpro_pot: 1-th energy = -0.00113381 kcal/mol
molpro_pot: coordinates (angstrom):

C, -0.191779, -0.342998, -0.0870211
H, -0.883249, 0.453442, -0.310776
H, 0.631732, -0.167995, 0.586568
H, -0.325444, -1.31495, -0.534187
H, 2.86044, 5.11353, 1.29454

molpro_pot: interatomic distances matrix (angstrom):

\     C1    H2    H3    H4
H2  1.08
H3  1.08  1.87
H4  1.08  1.87  1.87
H5   6.4  6.19  5.78   7.4

Molpro::pot: 1-th molpro energy = -0.000977164 kcal/mole

Molpro::pot: 0-th energy correction = -0.000785734 kcal/mole
Molpro::pot: 1-th energy correction = 0 kcal/mole
molpro_pot: 0-th energy = -0.0017629 kcal/mol
molpro_pot: 1-th energy = -0.000977164 kcal/mol
molpro_pot: coordinates (angstrom):

C, -0.321116, -0.226222, 0.088027
H, -0.146751, 0.786389, -0.238672
H, 0.510775, -0.853433, 0.365664
H, -1.32714, -0.610581, 0.140071
H, 4.78658, 3.37121, -1.31518

molpro_pot: interatomic distances matrix (angstrom):

\     C1    H2    H3    H4
H2  1.08
H3  1.08  1.87
H4  1.08  1.87  1.87
H5   6.4  5.67  6.24  7.44

Molpro::pot: 1-th molpro energy = -0.00111643 kcal/mole

Molpro::pot: 0-th energy correction = -0.000785655 kcal/mole
Molpro::pot: 1-th energy correction = 0 kcal/mole
molpro_pot: 0-th energy = -0.00190208 kcal/mol
molpro_pot: 1-th energy = -0.00111643 kcal/mol

(6,0)-th SURFACE:

molpro_pot: coordinates (angstrom):

C, -0.235284, 0.00310434, -0.292903
H, -0.974281, 0.742182, -0.0280182
H, -0.429117, -1.04178, -0.1108
H, 0.695915, 0.308397, -0.742553
H, 3.50897, -0.0457598, 4.36892

molpro_pot: interatomic distances matrix (angstrom):

\     C1    H2    H3    H4
H2  1.08
H3  1.08  1.87
H4  1.08  1.87  1.87
H5  5.98  6.33  6.05  5.85

Molpro::pot: 1-th molpro energy = -0.00149794 kcal/mole

Molpro::pot: 0-th energy correction = -0.00183283 kcal/mole
Molpro::pot: 1-th energy correction = 0 kcal/mole
molpro_pot: 0-th energy = -0.00333077 kcal/mol
molpro_pot: 1-th energy = -0.00149794 kcal/mol
molpro_pot: coordinates (angstrom):

C, -0.100929, 0.275689, -0.234483
H, -0.490446, -0.663022, -0.594501
H, 0.646936, 0.802816, -0.804881
H, -0.461298, 0.688734, 0.693983
H, 1.50655, -4.11111, 3.49734

molpro_pot: interatomic distances matrix (angstrom):

\     C1    H2    H3    H4
H2  1.08
H3  1.08  1.87
H4  1.08  1.87  1.87
H5  5.98  5.71  6.59   5.9

Molpro::pot: 1-th molpro energy = -0.00153693 kcal/mole

Molpro::pot: 0-th energy correction = -0.00183276 kcal/mole
Molpro::pot: 1-th energy correction = 0 kcal/mole
molpro_pot: 0-th energy = -0.00336969 kcal/mol
molpro_pot: 1-th energy = -0.00153693 kcal/mol
molpro_pot: coordinates (angstrom):

C, 0.349535, -0.0978161, 0.0971967
H, 1.27549, 0.154513, -0.394178
H, -0.0155095, -1.11199, 0.0704385
H, -0.209664, 0.662981, 0.617778
H, -5.21218, 1.45917, -1.45134

molpro_pot: interatomic distances matrix (angstrom):

\     C1    H2    H3    H4
H2  1.08
H3  1.08  1.87
H4  1.08  1.87  1.87
H5  5.98   6.7  5.99  5.47

Molpro::pot: 1-th molpro energy = -0.0016659 kcal/mole

Molpro::pot: 0-th energy correction = -0.00183268 kcal/mole
Molpro::pot: 1-th energy correction = 0 kcal/mole
molpro_pot: 0-th energy = -0.00349858 kcal/mol
molpro_pot: 1-th energy = -0.0016659 kcal/mol
molpro_pot: coordinates (angstrom):

C, 0.143273, -0.304589, -0.16755
H, 0.122602, -0.197522, 0.905122
H, -0.470566, 0.332027, -0.784348
H, 0.779801, -1.04584, -0.623518
H, -2.13776, 4.53802, 2.49774

molpro_pot: interatomic distances matrix (angstrom):

\     C1    H2    H3    H4
H2  1.08
H3  1.08  1.87
H4  1.08  1.87  1.87
H5  5.98  5.48  5.59  7.03

Molpro::pot: 1-th molpro energy = -0.00172125 kcal/mole

Molpro::pot: 0-th energy correction = -0.00183178 kcal/mole
Molpro::pot: 1-th energy correction = 0 kcal/mole
molpro_pot: 0-th energy = -0.00355303 kcal/mol
molpro_pot: 1-th energy = -0.00172125 kcal/mol
molpro_pot: coordinates (angstrom):

C, -0.139257, 0.0787361, -0.340335
H, 0.636087, -0.599971, -0.657689
H, -0.622059, -0.0629914, 0.613255
H, -0.429615, 0.900686, -0.974851
H, 2.07369, -1.17522, 5.07159

molpro_pot: interatomic distances matrix (angstrom):

\     C1    H2    H3    H4
H2  1.08
H3  1.08  1.87
H4  1.08  1.87  1.87
H5  5.98  5.93  5.33  6.87

Molpro::pot: 1-th molpro energy = -0.00183401 kcal/mole

Molpro::pot: 0-th energy correction = -0.00183156 kcal/mole
Molpro::pot: 1-th energy correction = 0 kcal/mole
molpro_pot: 0-th energy = -0.00366558 kcal/mol
molpro_pot: 1-th energy = -0.00183401 kcal/mol

(7,0)-th SURFACE:

molpro_pot: coordinates (angstrom):

C, -0.0611807, 0.27736, -0.209246
H, -0.158448, -0.194144, -1.17399
H, -0.849972, 0.911622, 0.16229
H, 0.823098, 0.112274, 0.38516
H, 0.91379, -4.13223, 3.118

molpro_pot: interatomic distances matrix (angstrom):

\     C1    H2    H3    H4
H2  1.08
H3  1.08  1.87
H4  1.08  1.87  1.87
H5  5.61  5.92  6.11  5.05

Molpro::pot: 1-th molpro energy = -0.00340021 kcal/mole

Molpro::pot: 0-th energy correction = -0.00384195 kcal/mole
Molpro::pot: 1-th energy correction = 0 kcal/mole
molpro_pot: 0-th energy = -0.00724216 kcal/mol
molpro_pot: 1-th energy = -0.00340021 kcal/mol
molpro_pot: coordinates (angstrom):

C, -0.310422, -0.0412404, -0.161746
H, 0.194497, 0.562516, -0.898665
H, -1.29198, 0.240227, 0.184427
H, 0.164615, -0.927821, 0.226629
H, 4.62901, 0.61612, 2.4135

molpro_pot: interatomic distances matrix (angstrom):

\     C1    H2    H3    H4
H2  1.08
H3  1.08  1.87
H4  1.08  1.87  1.87
H5  5.61  5.54  6.34  5.21

Molpro::pot: 1-th molpro energy = -0.00306502 kcal/mole

Molpro::pot: 0-th energy correction = -0.00384447 kcal/mole
Molpro::pot: 1-th energy correction = 0 kcal/mole
molpro_pot: 0-th energy = -0.00690949 kcal/mol
molpro_pot: 1-th energy = -0.00306502 kcal/mol
molpro_pot: coordinates (angstrom):

C, 0.186936, -0.090667, 0.284781
H, 0.0382755, -1.11158, -0.0285201
H, 0.351449, 0.13464, 1.32627
H, 0.1742, 0.704371, -0.443418
H, -2.78974, 1.35212, -4.24516

molpro_pot: interatomic distances matrix (angstrom):

\     C1    H2    H3    H4
H2  1.08
H3  1.08  1.87
H4  1.08  1.87  1.87
H5  5.61  5.64  6.51  4.86

Molpro::pot: 1-th molpro energy = -0.00376525 kcal/mole

Molpro::pot: 0-th energy correction = -0.00384402 kcal/mole
Molpro::pot: 1-th energy correction = 0 kcal/mole
molpro_pot: 0-th energy = -0.00760927 kcal/mol
molpro_pot: 1-th energy = -0.00376525 kcal/mol
molpro_pot: coordinates (angstrom):

C, -0.25359, -0.186592, -0.158741
H, -0.8656, -0.998082, -0.518524
H, -0.28066, 0.769854, -0.655727
H, 0.38294, -0.330446, 0.699546
H, 3.78278, 2.7804, 2.36481

molpro_pot: interatomic distances matrix (angstrom):

\     C1    H2    H3    H4
H2  1.08
H3  1.08  1.87
H4  1.08  1.87  1.87
H5  5.61  6.65  5.45   4.9

Molpro::pot: 1-th molpro energy = -0.00337624 kcal/mole

Molpro::pot: 0-th energy correction = -0.00384339 kcal/mole
Molpro::pot: 1-th energy correction = 0 kcal/mole
molpro_pot: 0-th energy = -0.00721963 kcal/mol
molpro_pot: 1-th energy = -0.00337624 kcal/mol
molpro_pot: coordinates (angstrom):

C, -0.21058, 0.163947, 0.230518
H, -0.953937, 0.494307, 0.938188
H, 0.828536, 0.403769, 0.389396
H, -0.505721, -0.408655, -0.634086
H, 3.13846, -2.44151, -3.43823

molpro_pot: interatomic distances matrix (angstrom):

\     C1    H2    H3    H4
H2  1.08
H3  1.08  1.87
H4  1.08  1.87  1.87
H5  5.61  6.67   5.3  5.03

Molpro::pot: 1-th molpro energy = -0.00302464 kcal/mole

Molpro::pot: 0-th energy correction = -0.00384299 kcal/mole
Molpro::pot: 1-th energy correction = 0 kcal/mole
molpro_pot: 0-th energy = -0.00686762 kcal/mol
molpro_pot: 1-th energy = -0.00302464 kcal/mol

(8,0)-th SURFACE:

molpro_pot: coordinates (angstrom):

C, -0.0722554, 0.10676, -0.306859
H, -0.907195, -0.195742, -0.91832
H, -0.210298, 0.84613, 0.465666
H, 0.899689, -0.332116, -0.465708
H, 1.07814, -1.58945, 4.57208

molpro_pot: interatomic distances matrix (angstrom):

\     C1    H2    H3    H4
H2  1.08
H3  1.08  1.87
H4  1.08  1.87  1.87
H5  5.29     6  4.95   5.2

Molpro::pot: 1-th molpro energy = -0.00620092 kcal/mole

Molpro::pot: 0-th energy correction = -0.00724962 kcal/mole
Molpro::pot: 1-th energy correction = 0 kcal/mole
molpro_pot: 0-th energy = -0.0134505 kcal/mol
molpro_pot: 1-th energy = -0.00620092 kcal/mol
molpro_pot: coordinates (angstrom):

C, 0.300267, -0.108812, -0.092605
H, 0.595789, -1.12658, 0.105731
H, 1.00471, 0.694542, 0.0519685
H, -0.698296, 0.105338, -0.438341
H, -4.47743, 1.6223, 1.38327

molpro_pot: interatomic distances matrix (angstrom):

\     C1    H2    H3    H4
H2  1.08
H3  1.08  1.87
H4  1.08  1.87  1.87
H5  5.29  5.91  5.72  4.46

Molpro::pot: 1-th molpro energy = -0.00743452 kcal/mole

Molpro::pot: 0-th energy correction = -0.0072541 kcal/mole
Molpro::pot: 1-th energy correction = 0 kcal/mole
molpro_pot: 0-th energy = -0.0146886 kcal/mol
molpro_pot: 1-th energy = -0.00743452 kcal/mol
molpro_pot: coordinates (angstrom):

C, 0.0701616, 0.324191, -0.0279292
H, 0.473037, 0.245379, 0.969064
H, 0.735074, 0.372334, -0.875332
H, -0.997217, 0.351733, -0.177813
H, -1.0463, -4.82953, 0.41663

molpro_pot: interatomic distances matrix (angstrom):

\     C1    H2    H3    H4
H2  1.08
H3  1.08  1.87
H4  1.08  1.87  1.87
H5  5.29  5.33  5.65  5.22

Molpro::pot: 1-th molpro energy = -0.0069011 kcal/mole

Molpro::pot: 0-th energy correction = -0.00724916 kcal/mole
Molpro::pot: 1-th energy correction = 0 kcal/mole
molpro_pot: 0-th energy = -0.0141503 kcal/mol
molpro_pot: 1-th energy = -0.0069011 kcal/mol
molpro_pot: coordinates (angstrom):

C, 0.184007, 0.142311, 0.237721
H, 0.220563, -0.809121, 0.743643
H, -0.661459, 0.389651, -0.383993
H, 0.991064, 0.847452, 0.355855
H, -2.74111, -2.12246, -3.54601

molpro_pot: interatomic distances matrix (angstrom):

\     C1    H2    H3    H4
H2  1.08
H3  1.08  1.87
H4  1.08  1.87  1.87
H5  5.29  5.38  4.54  6.16

Molpro::pot: 1-th molpro energy = -0.00638281 kcal/mole

Molpro::pot: 0-th energy correction = -0.00725308 kcal/mole
Molpro::pot: 1-th energy correction = 0 kcal/mole
molpro_pot: 0-th energy = -0.0136359 kcal/mol
molpro_pot: 1-th energy = -0.00638281 kcal/mol
molpro_pot: coordinates (angstrom):

C, 0.0944045, -0.317437, 0.0322002
H, 0.0392206, 0.645731, 0.513632
H, -0.0902941, -1.21499, 0.600358
H, 0.331133, -0.38298, -1.01765
H, -1.40412, 4.73191, -0.479743

molpro_pot: interatomic distances matrix (angstrom):

\     C1    H2    H3    H4
H2  1.08
H3  1.08  1.87
H4  1.08  1.87  1.87
H5  5.29  4.45  6.19  5.43

Molpro::pot: 1-th molpro energy = -0.00673247 kcal/mole

Molpro::pot: 0-th energy correction = -0.00725105 kcal/mole
Molpro::pot: 1-th energy correction = 0 kcal/mole
molpro_pot: 0-th energy = -0.0139835 kcal/mol
molpro_pot: 1-th energy = -0.00673247 kcal/mol

(8,0)-th SURFACE:

molpro_pot: coordinates (angstrom):

C, -0.209268, -0.0065192, -0.25862
H, -0.728614, -0.871117, 0.122517
H, -0.730313, 0.704483, -0.879512
H, 0.82986, 0.148745, -0.0164901
H, 3.12078, 0.095512, 3.85283

molpro_pot: interatomic distances matrix (angstrom):

\     C1    H2    H3    H4
H2  1.08
H3  1.08  1.87
H4  1.08  1.87  1.87
H5  5.29  5.45  6.13   4.5

Molpro::pot: 1-th molpro energy = -0.00670167 kcal/mole

Molpro::pot: 0-th energy correction = -0.00725096 kcal/mole
Molpro::pot: 1-th energy correction = 0 kcal/mole
molpro_pot: 0-th energy = -0.0139526 kcal/mol
molpro_pot: 1-th energy = -0.00670167 kcal/mol
molpro_pot: coordinates (angstrom):

C, 0.161449, 0.0183344, 0.290393
H, 0.510941, -0.991537, 0.433678
H, 0.758392, 0.848537, 0.632361
H, -0.783126, 0.198166, -0.197417
H, -2.40855, -0.273471, -4.32629

molpro_pot: interatomic distances matrix (angstrom):

\     C1    H2    H3    H4
H2  1.08
H3  1.08  1.87
H4  1.08  1.87  1.87
H5  5.29  5.63  5.99  4.46

Molpro::pot: 1-th molpro energy = -0.00727352 kcal/mole

Molpro::pot: 0-th energy correction = -0.00725073 kcal/mole
Molpro::pot: 1-th energy correction = 0 kcal/mole
molpro_pot: 0-th energy = -0.0145242 kcal/mol
molpro_pot: 1-th energy = -0.00727352 kcal/mol
molpro_pot: coordinates (angstrom):

C, -0.140073, -0.285612, 0.0970393
H, 0.641695, -0.887727, 0.531564
H, 0.0812551, 0.369043, -0.730583
H, -1.14345, -0.340349, 0.487877
H, 2.08833, 4.25976, -1.44429

molpro_pot: interatomic distances matrix (angstrom):

\     C1    H2    H3    H4
H2  1.08
H3  1.08  1.87
H4  1.08  1.87  1.87
H5  5.29   5.7  4.44  5.94

Molpro::pot: 1-th molpro energy = -0.00743969 kcal/mole

Molpro::pot: 0-th energy correction = -0.00725333 kcal/mole
Molpro::pot: 1-th energy correction = 0 kcal/mole
molpro_pot: 0-th energy = -0.014693 kcal/mol
molpro_pot: 1-th energy = -0.00743969 kcal/mol
molpro_pot: coordinates (angstrom):

C, 0.313273, 0.11142, 0.00607421
H, -0.326273, -0.614676, -0.469614
H, 1.09844, -0.214703, 0.669159
H, 0.169799, 1.16307, -0.183581
H, -4.67205, -1.66035, -0.088288

molpro_pot: interatomic distances matrix (angstrom):

\     C1    H2    H3    H4
H2  1.08
H3  1.08  1.87
H4  1.08  1.87  1.87
H5  5.29  4.49     6  5.61

Molpro::pot: 1-th molpro energy = -0.00717365 kcal/mole

Molpro::pot: 0-th energy correction = -0.00725375 kcal/mole
Molpro::pot: 1-th energy correction = 0 kcal/mole
molpro_pot: 0-th energy = -0.0144274 kcal/mol
molpro_pot: 1-th energy = -0.00717365 kcal/mol
molpro_pot: coordinates (angstrom):

C, 0.0327897, -0.329648, -0.0321319
H, -0.620209, -0.810232, -0.742868
H, 0.583146, 0.552603, -0.317195
H, 0.133102, -0.729252, 0.964249
H, -0.48646, 4.91194, 0.478404

molpro_pot: interatomic distances matrix (angstrom):

\     C1    H2    H3    H4
H2  1.08
H3  1.08  1.87
H4  1.08  1.87  1.87
H5  5.29  5.85  4.56   5.7

Molpro::pot: 1-th molpro energy = -0.00711008 kcal/mole

Molpro::pot: 0-th energy correction = -0.00724975 kcal/mole
Molpro::pot: 1-th energy correction = 0 kcal/mole
molpro_pot: 0-th energy = -0.0143598 kcal/mol
molpro_pot: 1-th energy = -0.00711008 kcal/mol

(9,0)-th SURFACE:

molpro_pot: coordinates (angstrom):

C, 0.0399448, -0.29704, 0.100735
H, 0.541449, -0.197502, -0.848528
H, 0.58531, -0.642021, 0.964496
H, -1.00573, -0.0487776, 0.187038
H, -0.596644, 4.42511, -1.50244

molpro_pot: interatomic distances matrix (angstrom):

\     C1    H2    H3    H4
H2  1.08
H3  1.08  1.87
H4  1.08  1.87  1.87
H5  5.03  4.81  5.76   4.8

Molpro::pot: 1-th molpro energy = -0.0116893 kcal/mole

Molpro::pot: 0-th energy correction = -0.0123067 kcal/mole
Molpro::pot: 1-th energy correction = 0 kcal/mole
molpro_pot: 0-th energy = -0.023996 kcal/mol
molpro_pot: 1-th energy = -0.0116893 kcal/mol
molpro_pot: coordinates (angstrom):

C, 0.065744, 0.14437, 0.273177
H, -0.0792561, -0.0566578, 1.3225
H, -0.397719, 1.00639, -0.179195
H, 0.676458, -0.514553, -0.322952
H, -0.982285, -2.15417, -4.07303

molpro_pot: interatomic distances matrix (angstrom):

\     C1    H2    H3    H4
H2  1.08
H3  1.08  1.87
H4  1.08  1.87  1.87
H5  5.03  5.86  5.05  4.42

Molpro::pot: 1-th molpro energy = -0.0104183 kcal/mole

Molpro::pot: 0-th energy correction = -0.0123139 kcal/mole
Molpro::pot: 1-th energy correction = 0 kcal/mole
molpro_pot: 0-th energy = -0.0227323 kcal/mol
molpro_pot: 1-th energy = -0.0104183 kcal/mol
molpro_pot: coordinates (angstrom):

C, 0.26429, -0.124497, 0.120101
H, 1.142, -0.289408, -0.484007
H, -0.581526, -0.787542, 0.0335848
H, 0.233487, 0.70125, 0.812714
H, -3.94082, 1.85807, -1.79231

molpro_pot: interatomic distances matrix (angstrom):

\     C1    H2    H3    H4
H2  1.08
H3  1.08  1.87
H4  1.08  1.87  1.87
H5  5.03  5.67  4.65  5.05

Molpro::pot: 1-th molpro energy = -0.01243 kcal/mole

Molpro::pot: 0-th energy correction = -0.0123146 kcal/mole
Molpro::pot: 1-th energy correction = 0 kcal/mole
molpro_pot: 0-th energy = -0.0247446 kcal/mol
molpro_pot: 1-th energy = -0.01243 kcal/mol
molpro_pot: coordinates (angstrom):

C, 0.287274, -0.0322029, -0.12766
H, 0.44764, -1.09352, -0.229696
H, -0.489134, 0.335035, 0.524142
H, 0.905022, 0.661762, -0.674761
H, -4.28405, 0.480153, 1.90034

molpro_pot: interatomic distances matrix (angstrom):

\     C1    H2    H3    H4
H2  1.08
H3  1.08  1.87
H4  1.08  1.87  1.87
H5  5.03  5.42  4.04   5.8

Molpro::pot: 1-th molpro energy = -0.0106858 kcal/mole

Molpro::pot: 0-th energy correction = -0.0123112 kcal/mole
Molpro::pot: 1-th energy correction = 0 kcal/mole
molpro_pot: 0-th energy = -0.022997 kcal/mol
molpro_pot: 1-th energy = -0.0106858 kcal/mol
molpro_pot: coordinates (angstrom):

C, -0.0508193, 0.310555, 0.029611
H, -0.0647533, -0.236995, 0.958325
H, 0.153043, -0.203688, -0.895868
H, -0.243712, 1.37136, 0.0258742
H, 0.760518, -4.6284, -0.440904

molpro_pot: interatomic distances matrix (angstrom):

\     C1    H2    H3    H4
H2  1.08
H3  1.08  1.87
H4  1.08  1.87  1.87
H5  5.03  4.68  4.49   6.1

Molpro::pot: 1-th molpro energy = -0.00680082 kcal/mole

Molpro::pot: 0-th energy correction = -0.0123095 kcal/mole
Molpro::pot: 1-th energy correction = 0 kcal/mole
molpro_pot: 0-th energy = -0.0191103 kcal/mol
molpro_pot: 1-th energy = -0.00680082 kcal/mol

(10,0)-th SURFACE:

molpro_pot: coordinates (angstrom):

C, 0.0987468, 0.182551, -0.191982
H, 0.197024, -0.638114, 0.500381
H, -0.455878, 1.06273, 0.0912027
H, 0.557472, 0.124464, -1.166
H, -1.47438, -2.72268, 2.86032

molpro_pot: interatomic distances matrix (angstrom):

\     C1    H2    H3    H4
H2  1.08
H3  1.08  1.87
H4  1.08  1.87  1.87
H5   4.5  3.56   4.8  5.33

Molpro::pot: 1-th molpro energy = -0.0146527 kcal/mole

Molpro::pot: 0-th energy correction = -0.0354767 kcal/mole
Molpro::pot: 1-th energy correction = 0 kcal/mole
molpro_pot: 0-th energy = -0.0501295 kcal/mol
molpro_pot: 1-th energy = -0.0146527 kcal/mol
molpro_pot: coordinates (angstrom):

C, 0.20975, 0.143036, 0.124273
H, 0.542626, 1.07755, 0.546647
H, 0.0853773, 0.0480224, -0.942508
H, 0.00427443, -0.697122, 0.768039
H, -3.12973, -2.13155, -1.85188

molpro_pot: interatomic distances matrix (angstrom):

\     C1    H2    H3    H4
H2  1.08
H3  1.08  1.87
H4  1.08  1.87  1.87
H5   4.5  5.43  3.99  4.33

Molpro::pot: 1-th molpro energy = -0.0257189 kcal/mole

Molpro::pot: 0-th energy correction = -0.0354811 kcal/mole
Molpro::pot: 1-th energy correction = 0 kcal/mole
molpro_pot: 0-th energy = -0.0611999 kcal/mol
molpro_pot: 1-th energy = -0.0257189 kcal/mol
molpro_pot: coordinates (angstrom):

C, -0.165483, -0.012064, 0.229072
H, 0.00102767, -0.11393, -0.831312
H, -0.578656, -0.83436, 0.790886
H, 0.0839209, 0.910587, 0.728105
H, 2.46409, 0.181347, -3.4152

molpro_pot: interatomic distances matrix (angstrom):

\     C1    H2    H3    H4
H2  1.08
H3  1.08  1.87
H4  1.08  1.87  1.87
H5   4.5  3.58  5.29  4.83

Molpro::pot: 1-th molpro energy = -0.0181136 kcal/mole

Molpro::pot: 0-th energy correction = -0.0354678 kcal/mole
Molpro::pot: 1-th energy correction = 0 kcal/mole
molpro_pot: 0-th energy = -0.0535814 kcal/mol
molpro_pot: 1-th energy = -0.0181136 kcal/mol
molpro_pot: coordinates (angstrom):

C, 0.139248, -0.245909, -0.00816732
H, 0.266756, -0.368739, 1.0554
H, -0.00817019, 0.738366, -0.422883
H, 0.162225, -1.10659, -0.657184
H, -2.07881, 3.66495, 0.121917

molpro_pot: interatomic distances matrix (angstrom):

\     C1    H2    H3    H4
H2  1.08
H3  1.08  1.87
H4  1.08  1.87  1.87
H5   4.5  4.76  3.63  5.33

Molpro::pot: 1-th molpro energy = -0.0191327 kcal/mole

Molpro::pot: 0-th energy correction = -0.0354774 kcal/mole
Molpro::pot: 1-th energy correction = 0 kcal/mole
molpro_pot: 0-th energy = -0.0546101 kcal/mol
molpro_pot: 1-th energy = -0.0191327 kcal/mol
molpro_pot: coordinates (angstrom):

C, 0.0078094, -0.185246, 0.213659
H, -0.867734, -0.788464, 0.392732
H, 0.257722, 0.11662, -0.790801
H, 0.631543, 0.118638, 1.03897
H, -0.114516, 2.7589, -3.18489

molpro_pot: interatomic distances matrix (angstrom):

\     C1    H2    H3    H4
H2  1.08
H3  1.08  1.87
H4  1.08  1.87  1.87
H5   4.5  5.09  3.58  5.04

Molpro::pot: 1-th molpro energy = -0.0232791 kcal/mole

Molpro::pot: 0-th energy correction = -0.0354649 kcal/mole
Molpro::pot: 1-th energy correction = 0 kcal/mole
molpro_pot: 0-th energy = -0.058744 kcal/mol
molpro_pot: 1-th energy = -0.0232791 kcal/mol

(11,0)-th SURFACE:

molpro_pot: coordinates (angstrom):

C, -0.143636, -0.0838356, -0.207659
H, 0.530804, 0.0529159, -1.03769
H, -0.116099, 0.598373, 0.626817
H, -0.847481, -0.900592, -0.213406
H, 2.14303, 1.24752, 3.09684

molpro_pot: interatomic distances matrix (angstrom):

\     C1    H2    H3    H4
H2  1.08
H3  1.08  1.87
H4  1.08  1.87  1.87
H5  4.23   4.6  3.41  4.95

Molpro::pot: 1-th molpro energy = -0.042188 kcal/mole

Molpro::pot: 0-th energy correction = -0.0602273 kcal/mole
Molpro::pot: 1-th energy correction = 0 kcal/mole
molpro_pot: 0-th energy = -0.102415 kcal/mol
molpro_pot: 1-th energy = -0.042188 kcal/mol
molpro_pot: coordinates (angstrom):

C, 0.202101, 0.158013, -0.070199
H, -0.311703, 0.465575, 0.82642
H, 0.341414, 0.858123, -0.878256
H, 0.579205, -0.848304, -0.157596
H, -3.0153, -2.35683, 1.04528

molpro_pot: interatomic distances matrix (angstrom):

\     C1    H2    H3    H4
H2  1.08
H3  1.08  1.87
H4  1.08  1.87  1.87
H5  4.23  3.91  5.03  4.08

Molpro::pot: 1-th molpro energy = -0.0759717 kcal/mole

Molpro::pot: 0-th energy correction = -0.0602366 kcal/mole
Molpro::pot: 1-th energy correction = 0 kcal/mole
molpro_pot: 0-th energy = -0.136208 kcal/mol
molpro_pot: 1-th energy = -0.0759717 kcal/mol
molpro_pot: coordinates (angstrom):

C, 0.00399298, -0.160017, -0.212792
H, -0.719503, 0.585673, -0.500916
H, 0.829794, 0.109199, 0.42603
H, -0.0998793, -1.17523, -0.560757
H, -0.0579559, 2.38565, 3.16933

molpro_pot: interatomic distances matrix (angstrom):

\     C1    H2    H3    H4
H2  1.08
H3  1.08  1.87
H4  1.08  1.87  1.87
H5  4.23  4.14  3.67  5.16

Molpro::pot: 1-th molpro energy = -0.0428508 kcal/mole

Molpro::pot: 0-th energy correction = -0.0602002 kcal/mole
Molpro::pot: 1-th energy correction = 0 kcal/mole
molpro_pot: 0-th energy = -0.103051 kcal/mol
molpro_pot: 1-th energy = -0.0428508 kcal/mol
molpro_pot: coordinates (angstrom):

C, -0.254744, 0.0673586, -0.0365285
H, -0.839049, 0.924933, -0.329221
H, 0.334601, 0.0996381, 0.865773
H, -0.262132, -0.823283, -0.644166
H, 3.79978, -1.00332, 0.542552

molpro_pot: interatomic distances matrix (angstrom):

\     C1    H2    H3    H4
H2  1.08
H3  1.08  1.87
H4  1.08  1.87  1.87
H5  4.23   5.1  3.65  4.24

Molpro::pot: 1-th molpro energy = -0.0521323 kcal/mole

Molpro::pot: 0-th energy correction = -0.0602309 kcal/mole
Molpro::pot: 1-th energy correction = 0 kcal/mole
molpro_pot: 0-th energy = -0.112363 kcal/mol
molpro_pot: 1-th energy = -0.0521323 kcal/mol
molpro_pot: coordinates (angstrom):

C, 0.0538797, -0.260502, -0.00872499
H, -0.29234, 0.71355, -0.315107
H, 0.249702, -1.01989, -0.748664
H, 0.207216, -0.474223, 1.0369
H, -0.806114, 3.88232, 0.130757

molpro_pot: interatomic distances matrix (angstrom):

\     C1    H2    H3    H4
H2  1.08
H3  1.08  1.87
H4  1.08  1.87  1.87
H5  4.23  3.24  5.09  4.56

Molpro::pot: 1-th molpro energy = 0.00295499 kcal/mole

Molpro::pot: 0-th energy correction = -0.0602141 kcal/mole
Molpro::pot: 1-th energy correction = 0 kcal/mole
molpro_pot: 0-th energy = -0.0572591 kcal/mol
molpro_pot: 1-th energy = 0.00295499 kcal/mol

(12,0)-th SURFACE:

molpro_pot: coordinates (angstrom):

C, 0.0919943, -0.192384, -0.129373
H, 0.9867, -0.057833, -0.715813
H, -0.605469, 0.622031, -0.0162708
H, -0.106812, -1.14186, 0.341261
H, -1.36978, 2.86834, 1.93124

molpro_pot: interatomic distances matrix (angstrom):

\     C1    H2    H3    H4
H2  1.08
H3  1.08  1.87
H4  1.08  1.87  1.87
H5  3.97   4.6  3.07  4.49

Molpro::pot: 1-th molpro energy = -0.0398881 kcal/mole

Molpro::pot: 0-th energy correction = -0.101835 kcal/mole
Molpro::pot: 1-th energy correction = 0 kcal/mole
molpro_pot: 0-th energy = -0.141723 kcal/mol
molpro_pot: 1-th energy = -0.0398881 kcal/mol
molpro_pot: coordinates (angstrom):

C, -0.215498, -0.0018596, -0.125884
H, -1.1377, -0.15908, 0.410151
H, 0.678776, 0.273331, 0.409899
H, -0.186726, -0.122774, -1.1969
H, 3.21155, 0.0306656, 1.87573

molpro_pot: interatomic distances matrix (angstrom):

\     C1    H2    H3    H4
H2  1.08
H3  1.08  1.87
H4  1.08  1.87  1.87
H5  3.97  4.59  2.94  4.58

Molpro::pot: 1-th molpro energy = 0.031396 kcal/mole

Molpro::pot: 0-th energy correction = -0.101806 kcal/mole
Molpro::pot: 1-th energy correction = 0 kcal/mole
molpro_pot: 0-th energy = -0.0704102 kcal/mol
molpro_pot: 1-th energy = 0.031396 kcal/mol
molpro_pot: coordinates (angstrom):

C, -0.188472, -0.144894, 0.0760164
H, -0.129767, -0.399324, 1.12212
H, 0.379408, 0.686987, -0.3087
H, -0.812355, -0.723938, -0.585797
H, 2.80681, 2.1615, -1.13274

molpro_pot: interatomic distances matrix (angstrom):

\     C1    H2    H3    H4
H2  1.08
H3  1.08  1.87
H4  1.08  1.87  1.87
H5  3.97   4.5  2.96  4.66

Molpro::pot: 1-th molpro energy = 0.0220039 kcal/mole

Molpro::pot: 0-th energy correction = -0.101805 kcal/mole
Molpro::pot: 1-th energy correction = 0 kcal/mole
molpro_pot: 0-th energy = -0.0798006 kcal/mol
molpro_pot: 1-th energy = 0.0220039 kcal/mol
molpro_pot: coordinates (angstrom):

C, -0.0296061, -0.13555, -0.207261
H, -0.569888, -0.582473, -1.02633
H, 0.0425682, -0.652414, 0.736222
H, 0.440976, 0.826426, -0.332467
H, 0.438859, 2.02243, 3.0904

molpro_pot: interatomic distances matrix (angstrom):

\     C1    H2    H3    H4
H2  1.08
H3  1.08  1.87
H4  1.08  1.87  1.87
H5  3.97  4.97  3.59  3.63

Molpro::pot: 1-th molpro energy = -0.0428572 kcal/mole

Molpro::pot: 0-th energy correction = -0.101837 kcal/mole
Molpro::pot: 1-th energy correction = 0 kcal/mole
molpro_pot: 0-th energy = -0.144694 kcal/mol
molpro_pot: 1-th energy = -0.0428572 kcal/mol
molpro_pot: coordinates (angstrom):

C, 0.228576, 0.0926171, -0.0384522
H, 0.509856, 0.733043, -0.858971
H, -0.780834, 0.113864, 0.33991
H, 0.9555, -0.571067, 0.401577
H, -3.40614, -1.37862, 0.575328

molpro_pot: interatomic distances matrix (angstrom):

\     C1    H2    H3    H4
H2  1.08
H3  1.08  1.87
H4  1.08  1.87  1.87
H5  3.97  4.67  3.03  4.44

Molpro::pot: 1-th molpro energy = -0.0143776 kcal/mole

Molpro::pot: 0-th energy correction = -0.101801 kcal/mole
Molpro::pot: 1-th energy correction = 0 kcal/mole
molpro_pot: 0-th energy = -0.116179 kcal/mol
molpro_pot: 1-th energy = -0.0143776 kcal/mol

(12,0)-th SURFACE:

molpro_pot: coordinates (angstrom):

C, 0.00740438, -0.177768, 0.174798
H, 0.821094, -0.670351, 0.682526
H, 0.0912747, 0.0590494, -0.873726
H, -0.891062, 0.0751571, 0.714527
H, -0.109469, 2.6528, -2.60462

molpro_pot: interatomic distances matrix (angstrom):

\     C1    H2    H3    H4
H2  1.08
H3  1.08  1.87
H4  1.08  1.87  1.87
H5  3.97  4.77  3.12  4.27

Molpro::pot: 1-th molpro energy = -0.0390208 kcal/mole

Molpro::pot: 0-th energy correction = -0.101836 kcal/mole
Molpro::pot: 1-th energy correction = 0 kcal/mole
molpro_pot: 0-th energy = -0.140856 kcal/mol
molpro_pot: 1-th energy = -0.0390208 kcal/mol
molpro_pot: coordinates (angstrom):

C, 0.182294, -0.137144, 0.101164
H, -0.442245, 0.517725, -0.48502
H, 1.04821, 0.256358, 0.608971
H, -0.0606222, -1.1845, 0.182114
H, -2.71589, 2.04337, -1.51061

molpro_pot: interatomic distances matrix (angstrom):

\     C1    H2    H3    H4
H2  1.08
H3  1.08  1.87
H4  1.08  1.87  1.87
H5  3.97  2.92  4.67  4.51

Molpro::pot: 1-th molpro energy = 0.0429098 kcal/mole

Molpro::pot: 0-th energy correction = -0.101812 kcal/mole
Molpro::pot: 1-th energy correction = 0 kcal/mole
molpro_pot: 0-th energy = -0.0589023 kcal/mol
molpro_pot: 1-th energy = 0.0429098 kcal/mol
molpro_pot: coordinates (angstrom):

C, -0.119966, 0.0814393, 0.203068
H, -0.43166, 1.09483, 0.399024
H, -0.526742, -0.729444, 0.785751
H, 0.595867, -0.121433, -0.577283
H, 1.79095, -1.21364, -3.02539

molpro_pot: interatomic distances matrix (angstrom):

\     C1    H2    H3    H4
H2  1.08
H3  1.08  1.87
H4  1.08  1.87  1.87
H5  3.97  4.69  4.49  2.94

Molpro::pot: 1-th molpro energy = 0.0376618 kcal/mole

Molpro::pot: 0-th energy correction = -0.101817 kcal/mole
Molpro::pot: 1-th energy correction = 0 kcal/mole
molpro_pot: 0-th energy = -0.0641552 kcal/mol
molpro_pot: 1-th energy = 0.0376618 kcal/mol
molpro_pot: coordinates (angstrom):

C, -0.0229481, 0.0207626, -0.24758
H, 1.01661, -0.264741, -0.229921
H, -0.551181, 0.0735426, -1.18604
H, -0.535006, 0.25041, 0.673061
H, 0.342812, -0.306428, 3.69079

molpro_pot: interatomic distances matrix (angstrom):

\     C1    H2    H3    H4
H2  1.08
H3  1.08  1.87
H4  1.08  1.87  1.87
H5  3.97  3.98  4.97  3.19

Molpro::pot: 1-th molpro energy = 0.0134898 kcal/mole

Molpro::pot: 0-th energy correction = -0.10182 kcal/mole
Molpro::pot: 1-th energy correction = 0 kcal/mole
molpro_pot: 0-th energy = -0.0883298 kcal/mol
molpro_pot: 1-th energy = 0.0134898 kcal/mol
molpro_pot: coordinates (angstrom):

C, -0.0325697, -0.212534, 0.126193
H, 0.14708, -0.934795, -0.653923
H, -0.975879, -0.207054, 0.648358
H, 0.731847, 0.502002, 0.386244
H, 0.484754, 3.17046, -1.88324

molpro_pot: interatomic distances matrix (angstrom):

\     C1    H2    H3    H4
H2  1.08
H3  1.08  1.87
H4  1.08  1.87  1.87
H5  3.97   4.3  4.47  3.51

Molpro::pot: 1-th molpro energy = -0.186983 kcal/mole

Molpro::pot: 0-th energy correction = -0.101856 kcal/mole
Molpro::pot: 1-th energy correction = 0 kcal/mole
molpro_pot: 0-th energy = -0.288839 kcal/mol
molpro_pot: 1-th energy = -0.186983 kcal/mol
