
(0,0)-th SURFACE:

molpro_pot: coordinates (angstrom):

C, -0.445455, -0.467614, 0.160122
H, 0.0650348, 0.438762, 0.443671
H, -0.30441, -0.879195, -0.8264
H, -1.09432, -0.963984, 0.863758
H, 6.63765, 6.97221, -2.38757

molpro_pot: interatomic distances matrix (angstrom):

\     C1    H2    H3    H4
H2  1.08
H3  1.08  1.87
H4  1.08  1.87  1.87
H5  10.6  9.69  10.6  11.5

Molpro::pot: 1-th molpro energy = -5.66717e-06 kcal/mole

Molpro::pot: 0-th energy correction = -1.83714e-07 kcal/mole
Molpro::pot: 1-th energy correction = 0 kcal/mole
molpro_pot: 0-th energy = -5.85088e-06 kcal/mol
molpro_pot: 1-th energy = -5.66717e-06 kcal/mol
molpro_pot: coordinates (angstrom):

C, -0.341084, -0.544682, -0.172234
H, -0.52741, -1.16956, -1.03091
H, -0.675197, -0.857241, 0.804082
H, 0.181855, 0.39093, -0.289227
H, 5.08198, 8.1213, 2.56682

molpro_pot: interatomic distances matrix (angstrom):

\     C1    H2    H3    H4
H2  1.08
H3  1.08  1.87
H4  1.08  1.87  1.87
H5  10.6  11.4  10.8  9.59

Molpro::pot: 1-th molpro energy = -3.63759e-05 kcal/mole

Molpro::pot: 0-th energy correction = -1.83728e-07 kcal/mole
Molpro::pot: 1-th energy correction = 0 kcal/mole
molpro_pot: 0-th energy = -3.65597e-05 kcal/mol
molpro_pot: 1-th energy = -3.63759e-05 kcal/mol
molpro_pot: coordinates (angstrom):

C, -0.121523, 0.36511, -0.542826
H, 0.181176, 0.584351, 0.468521
H, 0.0523833, 1.08609, -1.32543
H, -0.595137, -0.575961, -0.772163
H, 1.80853, -5.44178, 8.0924

molpro_pot: interatomic distances matrix (angstrom):

\     C1    H2    H3    H4
H2  1.08
H3  1.08  1.87
H4  1.08  1.87  1.87
H5  10.6  9.85  11.6  10.4

Molpro::pot: 1-th molpro energy = -6.54002e-05 kcal/mole

Molpro::pot: 0-th energy correction = -1.83714e-07 kcal/mole
Molpro::pot: 1-th energy correction = 0 kcal/mole
molpro_pot: 0-th energy = -6.5584e-05 kcal/mol
molpro_pot: 1-th energy = -6.54002e-05 kcal/mol
molpro_pot: coordinates (angstrom):

C, 0.466806, -0.301037, 0.366598
H, 0.831181, -0.47841, -0.632545
H, 1.01438, 0.346321, 1.03264
H, -0.446387, -0.76831, 0.698643
H, -6.95735, 4.48479, -5.46375

molpro_pot: interatomic distances matrix (angstrom):

\     C1    H2    H3    H4
H2  1.08
H3  1.08  1.87
H4  1.08  1.87  1.87
H5  10.6  10.4  11.1  10.4

Molpro::pot: 1-th molpro energy = -4.6954e-05 kcal/mole

Molpro::pot: 0-th energy correction = -1.83661e-07 kcal/mole
Molpro::pot: 1-th energy correction = 0 kcal/mole
molpro_pot: 0-th energy = -4.71376e-05 kcal/mol
molpro_pot: 1-th energy = -4.6954e-05 kcal/mol
molpro_pot: coordinates (angstrom):

C, 0.406441, 0.165279, 0.500053
H, 1.3467, 0.507811, 0.0986811
H, -0.138249, -0.619991, 0.000870262
H, 0.0124414, 0.60561, 1.40194
H, -6.06031, -2.46138, -7.45553

molpro_pot: interatomic distances matrix (angstrom):

\     C1    H2    H3    H4
H2  1.08
H3  1.08  1.87
H4  1.08  1.87  1.87
H5  10.6    11   9.7  11.2

Molpro::pot: 1-th molpro energy = -6.7851e-05 kcal/mole

Molpro::pot: 0-th energy correction = -1.8376e-07 kcal/mole
Molpro::pot: 1-th energy correction = 0 kcal/mole
molpro_pot: 0-th energy = -6.80347e-05 kcal/mol
molpro_pot: 1-th energy = -6.7851e-05 kcal/mol

(0,0)-th SURFACE:

molpro_pot: coordinates (angstrom):

C, 0.605085, -0.0523158, -0.271569
H, 1.28918, 0.392056, -0.976595
H, 0.789341, -1.04574, 0.10483
H, -0.261282, 0.497606, 0.0593639
H, -9.02188, 0.778993, 4.04593

molpro_pot: interatomic distances matrix (angstrom):

\     C1    H2    H3    H4
H2  1.08
H3  1.08  1.87
H4  1.08  1.87  1.87
H5  10.6  11.5  10.7  9.63

Molpro::pot: 1-th molpro energy = -3.61757e-05 kcal/mole

Molpro::pot: 0-th energy correction = -1.83746e-07 kcal/mole
Molpro::pot: 1-th energy correction = 0 kcal/mole
molpro_pot: 0-th energy = -3.63595e-05 kcal/mol
molpro_pot: 1-th energy = -3.61757e-05 kcal/mol
molpro_pot: coordinates (angstrom):

C, 0.249885, -0.278882, 0.550144
H, 0.605028, -0.633325, -0.404193
H, 0.0769942, 0.774303, 0.703211
H, 0.0647153, -0.977572, 1.35018
H, -3.72207, 4.15719, -8.19967

molpro_pot: interatomic distances matrix (angstrom):

\     C1    H2    H3    H4
H2  1.08
H3  1.08  1.87
H4  1.08  1.87  1.87
H5  10.6  10.1  10.3  11.5

Molpro::pot: 1-th molpro energy = -1.15528e-06 kcal/mole

Molpro::pot: 0-th energy correction = -1.83674e-07 kcal/mole
Molpro::pot: 1-th energy correction = 0 kcal/mole
molpro_pot: 0-th energy = -1.33896e-06 kcal/mol
molpro_pot: 1-th energy = -1.15528e-06 kcal/mol
molpro_pot: coordinates (angstrom):

C, -0.0257881, 0.61461, 0.253762
H, -0.568744, 0.0705107, 1.00985
H, 0.584841, 1.4587, 0.531558
H, -0.0908966, 0.312946, -0.77933
H, 0.381854, -9.1602, -3.78358

molpro_pot: interatomic distances matrix (angstrom):

\     C1    H2    H3    H4
H2  1.08
H3  1.08  1.87
H4  1.08  1.87  1.87
H5  10.6  10.4  11.5  9.95

Molpro::pot: 1-th molpro energy = -5.96298e-05 kcal/mole

Molpro::pot: 0-th energy correction = -1.83694e-07 kcal/mole
Molpro::pot: 1-th energy correction = 0 kcal/mole
molpro_pot: 0-th energy = -5.98135e-05 kcal/mol
molpro_pot: 1-th energy = -5.96298e-05 kcal/mol
molpro_pot: coordinates (angstrom):

C, 0.505012, -0.0920428, 0.423468
H, 1.30131, -0.786806, 0.209642
H, 0.0067486, 0.42111, -0.383333
H, 0.20492, 0.087251, 1.44343
H, -7.52607, 1.37438, -6.31189

molpro_pot: interatomic distances matrix (angstrom):

\     C1    H2    H3    H4
H2  1.08
H3  1.08  1.87
H4  1.08  1.87  1.87
H5  10.6  11.2  9.63    11

Molpro::pot: 1-th molpro energy = -2.38251e-05 kcal/mole

Molpro::pot: 0-th energy correction = -1.83686e-07 kcal/mole
Molpro::pot: 1-th energy correction = 0 kcal/mole
molpro_pot: 0-th energy = -2.40087e-05 kcal/mol
molpro_pot: 1-th energy = -2.38251e-05 kcal/mol
molpro_pot: coordinates (angstrom):

C, 0.36112, 0.541706, -0.137601
H, -0.491198, -0.116927, -0.185265
H, 0.795278, 0.792583, 0.816907
H, 0.781114, 0.946892, -1.04422
H, -5.38499, -8.07256, 2.05096

molpro_pot: interatomic distances matrix (angstrom):

\     C1    H2    H3    H4
H2  1.08
H3  1.08  1.87
H4  1.08  1.87  1.87
H5  10.6   9.6  10.9  11.4

Molpro::pot: 1-th molpro energy = -7.22064e-05 kcal/mole

Molpro::pot: 0-th energy correction = -1.83699e-07 kcal/mole
Molpro::pot: 1-th energy correction = 0 kcal/mole
molpro_pot: 0-th energy = -7.23901e-05 kcal/mol
molpro_pot: 1-th energy = -7.22064e-05 kcal/mol

(1,0)-th SURFACE:

molpro_pot: coordinates (angstrom):

C, -0.358133, 0.416604, -0.134768
H, -0.0244054, -0.503819, -0.586389
H, -1.39495, 0.539631, 0.134313
H, 0.345153, 1.21256, 0.0505865
H, 5.33843, -6.20881, 2.00615

molpro_pot: interatomic distances matrix (angstrom):

\     C1    H2    H3    H4
H2  1.08
H3  1.08  1.87
H4  1.08  1.87  1.87
H5     9  8.25  9.72  9.16

Molpro::pot: 1-th molpro energy = -0.000120214 kcal/mole

Molpro::pot: 0-th energy correction = -4.39491e-06 kcal/mole
Molpro::pot: 1-th energy correction = 0 kcal/mole
molpro_pot: 0-th energy = -0.000124609 kcal/mol
molpro_pot: 1-th energy = -0.000120214 kcal/mol
molpro_pot: coordinates (angstrom):

C, 0.415408, -0.383602, 0.0183086
H, 1.07546, -0.339307, 0.869707
H, -0.579105, -0.785365, 0.128079
H, 0.748526, -0.0234602, -0.941822
H, -6.19108, 5.71562, -0.273961

molpro_pot: interatomic distances matrix (angstrom):

\     C1    H2    H3    H4
H2  1.08
H3  1.08  1.87
H4  1.08  1.87  1.87
H5     9  9.53   8.6  9.03

Molpro::pot: 1-th molpro energy = -7.36801e-05 kcal/mole

Molpro::pot: 0-th energy correction = -4.39438e-06 kcal/mole
Molpro::pot: 1-th energy correction = 0 kcal/mole
molpro_pot: 0-th energy = -7.80745e-05 kcal/mol
molpro_pot: 1-th energy = -7.36801e-05 kcal/mol
molpro_pot: coordinates (angstrom):

C, -0.434017, 0.209051, 0.296082
H, -0.522582, 0.923412, 1.0988
H, 0.353907, -0.526723, 0.314293
H, -1.13489, 0.228379, -0.523014
H, 6.47133, -3.1142, -4.41548

molpro_pot: interatomic distances matrix (angstrom):

\     C1    H2    H3    H4
H2  1.08
H3  1.08  1.87
H4  1.08  1.87  1.87
H5     9  9.78  8.15  9.17

Molpro::pot: 1-th molpro energy = -6.80748e-05 kcal/mole

Molpro::pot: 0-th energy correction = -4.39681e-06 kcal/mole
Molpro::pot: 1-th energy correction = 0 kcal/mole
molpro_pot: 0-th energy = -7.24716e-05 kcal/mol
molpro_pot: 1-th energy = -6.80748e-05 kcal/mol
molpro_pot: coordinates (angstrom):

C, 0.398779, -0.287046, -0.280368
H, 0.455238, 0.259344, 0.647417
H, 0.157324, -1.33784, -0.272822
H, 0.580633, 0.217725, -1.2156
H, -5.94139, 4.27857, 4.1793

molpro_pot: interatomic distances matrix (angstrom):

\     C1    H2    H3    H4
H2  1.08
H3  1.08  1.87
H4  1.08  1.87  1.87
H5     9  8.34  9.41  9.39

Molpro::pot: 1-th molpro energy = -0.000146979 kcal/mole

Molpro::pot: 0-th energy correction = -4.39456e-06 kcal/mole
Molpro::pot: 1-th energy correction = 0 kcal/mole
molpro_pot: 0-th energy = -0.000151374 kcal/mol
molpro_pot: 1-th energy = -0.000146979 kcal/mol
molpro_pot: coordinates (angstrom):

C, 0.553767, -0.0590705, -0.0990099
H, -0.402533, -0.540194, -0.227562
H, 1.19367, 0.103894, -0.951353
H, 0.868809, 0.26179, 0.880948
H, -8.25355, 0.877853, 1.47686

molpro_pot: interatomic distances matrix (angstrom):

\     C1    H2    H3    H4
H2  1.08
H3  1.08  1.87
H4  1.08  1.87  1.87
H5     9  8.16  9.78  9.16

Molpro::pot: 1-th molpro energy = -0.000125536 kcal/mole

Molpro::pot: 0-th energy correction = -4.39515e-06 kcal/mole
Molpro::pot: 1-th energy correction = 0 kcal/mole
molpro_pot: 0-th energy = -0.000129931 kcal/mol
molpro_pot: 1-th energy = -0.000125536 kcal/mol

(2,0)-th SURFACE:

molpro_pot: coordinates (angstrom):

C, -0.211686, -0.310979, 0.352801
H, 0.0470518, 0.684429, 0.676425
H, -1.11387, -0.777551, 0.714598
H, 0.429815, -0.8385, -0.334744
H, 3.15751, 4.6344, -5.25703

molpro_pot: interatomic distances matrix (angstrom):

\     C1    H2    H3    H4
H2  1.08
H3  1.08  1.87
H4  1.08  1.87  1.87
H5   8.2  7.78  9.12  7.85

Molpro::pot: 1-th molpro energy = -0.000202105 kcal/mole

Molpro::pot: 0-th energy correction = -2.14989e-05 kcal/mole
Molpro::pot: 1-th energy correction = 0 kcal/mole
molpro_pot: 0-th energy = -0.000223603 kcal/mol
molpro_pot: 1-th energy = -0.000202105 kcal/mol
molpro_pot: coordinates (angstrom):

C, -0.318416, 0.159595, 0.372671
H, 0.161503, 0.044582, 1.3313
H, -0.36546, -0.673943, -0.30962
H, -0.753875, 1.10682, 0.0975936
H, 4.74916, -2.37772, -5.5566

molpro_pot: interatomic distances matrix (angstrom):

\     C1    H2    H3    H4
H2  1.08
H3  1.08  1.87
H4  1.08  1.87  1.87
H5   8.2  8.62  7.52  8.63

Molpro::pot: 1-th molpro energy = -0.000248661 kcal/mole

Molpro::pot: 0-th energy correction = -2.15092e-05 kcal/mole
Molpro::pot: 1-th energy correction = 0 kcal/mole
molpro_pot: 0-th energy = -0.00027017 kcal/mol
molpro_pot: 1-th energy = -0.000248661 kcal/mol
molpro_pot: coordinates (angstrom):

C, 0.156148, -0.0793635, 0.484957
H, 1.19489, -0.292923, 0.679716
H, -0.539755, 0.00262275, 1.30442
H, -0.186074, 0.055243, -0.528594
H, -2.32829, 1.18003, -7.22983

molpro_pot: interatomic distances matrix (angstrom):

\     C1    H2    H3    H4
H2  1.08
H3  1.08  1.87
H4  1.08  1.87  1.87
H5   8.2  8.78   8.8  7.12

Molpro::pot: 1-th molpro energy = -0.000284298 kcal/mole

Molpro::pot: 0-th energy correction = -2.15041e-05 kcal/mole
Molpro::pot: 1-th energy correction = 0 kcal/mole
molpro_pot: 0-th energy = -0.000305802 kcal/mol
molpro_pot: 1-th energy = -0.000284298 kcal/mol
molpro_pot: coordinates (angstrom):

C, -0.306294, 0.0466732, -0.412371
H, 0.445643, -0.0215363, -1.18208
H, -0.231673, -0.568991, 0.46962
H, -1.13089, 0.732459, -0.523063
H, 4.56391, -0.697662, 6.14556

molpro_pot: interatomic distances matrix (angstrom):

\     C1    H2    H3    H4
H2  1.08
H3  1.08  1.87
H4  1.08  1.87  1.87
H5   8.2  8.43  7.43  8.89

Molpro::pot: 1-th molpro energy = -0.000155418 kcal/mole

Molpro::pot: 0-th energy correction = -2.14966e-05 kcal/mole
Molpro::pot: 1-th energy correction = 0 kcal/mole
molpro_pot: 0-th energy = -0.000176915 kcal/mol
molpro_pot: 1-th energy = -0.000155418 kcal/mol
molpro_pot: coordinates (angstrom):

C, -0.184308, -0.288929, 0.385153
H, -1.24974, -0.15707, 0.48503
H, 0.386299, -0.701378, 1.20174
H, 0.309967, -0.0113786, -0.532005
H, 2.748, 4.31006, -5.74071

molpro_pot: interatomic distances matrix (angstrom):

\     C1    H2    H3    H4
H2  1.08
H3  1.08  1.87
H4  1.08  1.87  1.87
H5   8.2  8.64  8.88  7.19

Molpro::pot: 1-th molpro energy = -0.000192778 kcal/mole

Molpro::pot: 0-th energy correction = -2.15071e-05 kcal/mole
Molpro::pot: 1-th energy correction = 0 kcal/mole
molpro_pot: 0-th energy = -0.000214286 kcal/mol
molpro_pot: 1-th energy = -0.000192778 kcal/mol

(3,0)-th SURFACE:

molpro_pot: coordinates (angstrom):

C, -0.217994, 0.418798, -0.00891753
H, -0.726842, 0.0656018, -0.891437
H, 0.852352, 0.548255, -0.0197895
H, -0.779509, 0.645432, 0.883192
H, 3.24962, -6.24585, 0.134215

molpro_pot: interatomic distances matrix (angstrom):

\     C1    H2    H3    H4
H2  1.08
H3  1.08  1.87
H4  1.08  1.87  1.87
H5  7.51  7.53  7.21  8.02

Molpro::pot: 1-th molpro energy = -0.000302527 kcal/mole

Molpro::pot: 0-th energy correction = -8.51471e-05 kcal/mole
Molpro::pot: 1-th energy correction = 0 kcal/mole
molpro_pot: 0-th energy = -0.000387674 kcal/mol
molpro_pot: 1-th energy = -0.000302527 kcal/mol
molpro_pot: coordinates (angstrom):

C, -0.291416, 0.337782, -0.155418
H, -0.178818, -0.534058, 0.468868
H, 0.534833, 0.678967, -0.758264
H, -1.23079, 0.866487, -0.179296
H, 4.34461, -5.03331, 2.31923

molpro_pot: interatomic distances matrix (angstrom):

\     C1    H2    H3    H4
H2  1.08
H3  1.08  1.87
H4  1.08  1.87  1.87
H5  7.51  6.64  7.52  8.49

Molpro::pot: 1-th molpro energy = -0.000378773 kcal/mole

Molpro::pot: 0-th energy correction = -8.51144e-05 kcal/mole
Molpro::pot: 1-th energy correction = 0 kcal/mole
molpro_pot: 0-th energy = -0.000463887 kcal/mol
molpro_pot: 1-th energy = -0.000378773 kcal/mol
molpro_pot: coordinates (angstrom):

C, 0.126222, 0.355874, -0.283781
H, 0.883736, 1.0828, -0.529273
H, -0.866536, 0.453262, -0.693005
H, 0.362092, -0.469861, 0.368177
H, -1.8822, -5.30353, 4.23303

molpro_pot: interatomic distances matrix (angstrom):

\     C1    H2    H3    H4
H2  1.08
H3  1.08  1.87
H4  1.08  1.87  1.87
H5  7.51  8.43  7.64  6.58

Molpro::pot: 1-th molpro energy = -0.000376568 kcal/mole

Molpro::pot: 0-th energy correction = -8.51261e-05 kcal/mole
Molpro::pot: 1-th energy correction = 0 kcal/mole
molpro_pot: 0-th energy = -0.000461694 kcal/mol
molpro_pot: 1-th energy = -0.000376568 kcal/mol
molpro_pot: coordinates (angstrom):

C, -0.133812, 0.374392, -0.255485
H, 0.273024, 0.700943, 0.688106
H, 0.52481, 0.0217817, -1.03292
H, -1.19905, 0.397475, -0.420583
H, 1.9945, -5.57802, 3.80741

molpro_pot: interatomic distances matrix (angstrom):

\     C1    H2    H3    H4
H2  1.08
H3  1.08  1.87
H4  1.08  1.87  1.87
H5  7.51  7.22  7.55  7.99

Molpro::pot: 1-th molpro energy = -0.000328355 kcal/mole

Molpro::pot: 0-th energy correction = -8.50833e-05 kcal/mole
Molpro::pot: 1-th energy correction = 0 kcal/mole
molpro_pot: 0-th energy = -0.000413438 kcal/mol
molpro_pot: 1-th energy = -0.000328355 kcal/mol
molpro_pot: coordinates (angstrom):

C, 0.318741, -0.210739, 0.277593
H, 0.41251, 0.341819, -0.643495
H, -0.406295, -1.0047, 0.358017
H, 0.951819, 0.0284131, 1.11696
H, -4.75323, 3.1437, -4.13674

molpro_pot: interatomic distances matrix (angstrom):

\     C1    H2    H3    H4
H2  1.08
H3  1.08  1.87
H4  1.08  1.87  1.87
H5  7.51  6.84   7.5  8.36

Molpro::pot: 1-th molpro energy = -0.000333979 kcal/mole

Molpro::pot: 0-th energy correction = -8.51342e-05 kcal/mole
Molpro::pot: 1-th energy correction = 0 kcal/mole
molpro_pot: 0-th energy = -0.000419113 kcal/mol
molpro_pot: 1-th energy = -0.000333979 kcal/mol

(4,0)-th SURFACE:

molpro_pot: coordinates (angstrom):

C, -0.186385, 0.383, 0.076021
H, 0.00821171, 0.868398, -0.866866
H, -1.14329, -0.0800549, 0.256102
H, 0.576607, 0.357902, 0.837424
H, 2.77772, -5.70656, -1.13183

molpro_pot: interatomic distances matrix (angstrom):

\     C1    H2    H3    H4
H2  1.08
H3  1.08  1.87
H4  1.08  1.87  1.87
H5  6.88  7.14     7  6.75

Molpro::pot: 1-th molpro energy = -0.000508795 kcal/mole

Molpro::pot: 0-th energy correction = -0.00030297 kcal/mole
Molpro::pot: 1-th energy correction = 0 kcal/mole
molpro_pot: 0-th energy = -0.000811765 kcal/mol
molpro_pot: 1-th energy = -0.000508795 kcal/mol
molpro_pot: coordinates (angstrom):

C, 0.151602, -0.404793, -0.00424824
H, 0.197102, -0.0946002, -1.03586
H, -0.712961, -0.935475, 0.361025
H, 0.971605, -0.187178, 0.661154
H, -2.26085, 6.03706, 0.0642655

molpro_pot: interatomic distances matrix (angstrom):

\     C1    H2    H3    H4
H2  1.08
H3  1.08  1.87
H4  1.08  1.87  1.87
H5  6.88   6.7  7.15  7.04

Molpro::pot: 1-th molpro energy = -0.000504624 kcal/mole

Molpro::pot: 0-th energy correction = -0.000303214 kcal/mole
Molpro::pot: 1-th energy correction = 0 kcal/mole
molpro_pot: 0-th energy = -0.000807838 kcal/mol
molpro_pot: 1-th energy = -0.000504624 kcal/mol
molpro_pot: coordinates (angstrom):

C, -0.185424, 0.238018, 0.309991
H, 0.724688, 0.0811967, -0.246443
H, -1.12806, 0.310259, -0.208414
H, -0.153428, 0.319484, 1.38464
H, 2.76461, -3.54498, -4.62078

molpro_pot: interatomic distances matrix (angstrom):

\     C1    H2    H3    H4
H2  1.08
H3  1.08  1.87
H4  1.08  1.87  1.87
H5  6.88  6.04  7.03  7.71

Molpro::pot: 1-th molpro energy = -0.00074487 kcal/mole

Molpro::pot: 0-th energy correction = -0.000303025 kcal/mole
Molpro::pot: 1-th energy correction = 0 kcal/mole
molpro_pot: 0-th energy = -0.00104789 kcal/mol
molpro_pot: 1-th energy = -0.00074487 kcal/mol
molpro_pot: coordinates (angstrom):

C, -0.114394, 0.349986, 0.226535
H, 0.463881, -0.227534, 0.929802
H, -1.0191, -0.0604803, -0.192448
H, 0.210142, 1.33879, -0.0553495
H, 1.70714, -5.218, -3.37932

molpro_pot: interatomic distances matrix (angstrom):

\     C1    H2    H3    H4
H2  1.08
H3  1.08  1.87
H4  1.08  1.87  1.87
H5  6.88  6.71  6.65   7.5

Molpro::pot: 1-th molpro energy = -0.000533509 kcal/mole

Molpro::pot: 0-th energy correction = -0.000303189 kcal/mole
Molpro::pot: 1-th energy correction = 0 kcal/mole
molpro_pot: 0-th energy = -0.000836699 kcal/mol
molpro_pot: 1-th energy = -0.000533509 kcal/mol
molpro_pot: coordinates (angstrom):

C, 0.0984616, 0.401741, 0.125722
H, -0.918616, 0.703075, -0.0673226
H, 0.913831, 1.05349, -0.144297
H, 0.300079, -0.549578, 0.591409
H, -1.46766, -5.99045, -1.87674

molpro_pot: interatomic distances matrix (angstrom):

\     C1    H2    H3    H4
H2  1.08
H3  1.08  1.87
H4  1.08  1.87  1.87
H5  6.88  6.96  7.63  6.23

Molpro::pot: 1-th molpro energy = -0.000576325 kcal/mole

Molpro::pot: 0-th energy correction = -0.000303188 kcal/mole
Molpro::pot: 1-th energy correction = 0 kcal/mole
molpro_pot: 0-th energy = -0.000879513 kcal/mol
molpro_pot: 1-th energy = -0.000576325 kcal/mol

(4,0)-th SURFACE:

molpro_pot: coordinates (angstrom):

C, 0.0803117, -0.265319, -0.331861
H, 0.561737, -0.728707, -1.17804
H, -0.916492, 0.133508, -0.431043
H, 0.594175, -0.203493, 0.613995
H, -1.19568, 3.9578, 4.94649

molpro_pot: interatomic distances matrix (angstrom):

\     C1    H2    H3    H4
H2  1.08
H3  1.08  1.87
H4  1.08  1.87  1.87
H5  6.88  7.91   6.6  6.27

Molpro::pot: 1-th molpro energy = -0.000615781 kcal/mole

Molpro::pot: 0-th energy correction = -0.000303132 kcal/mole
Molpro::pot: 1-th energy correction = 0 kcal/mole
molpro_pot: 0-th energy = -0.000918914 kcal/mol
molpro_pot: 1-th energy = -0.000615781 kcal/mol
molpro_pot: coordinates (angstrom):

C, 0.0701006, -0.41963, -0.0777957
H, -0.205084, 0.606537, 0.105972
H, -0.131169, -0.867679, -1.03762
H, 0.549164, -0.996674, 0.696826
H, -1.04759, 6.25428, 1.16112

molpro_pot: interatomic distances matrix (angstrom):

\     C1    H2    H3    H4
H2  1.08
H3  1.08  1.87
H4  1.08  1.87  1.87
H5  6.88  5.81  7.51  7.44

Molpro::pot: 1-th molpro energy = -0.000827004 kcal/mole

Molpro::pot: 0-th energy correction = -0.000303076 kcal/mole
Molpro::pot: 1-th energy correction = 0 kcal/mole
molpro_pot: 0-th energy = -0.00113008 kcal/mol
molpro_pot: 1-th energy = -0.000827004 kcal/mol
molpro_pot: coordinates (angstrom):

C, 0.425836, 0.0254301, -0.0705708
H, -0.45003, -0.19927, 0.516698
H, 0.816774, 1.03003, -0.0920757
H, 0.91247, -0.75471, -0.633679
H, -6.34957, -0.378844, 1.04933

molpro_pot: interatomic distances matrix (angstrom):

\     C1    H2    H3    H4
H2  1.08
H3  1.08  1.87
H4  1.08  1.87  1.87
H5  6.88  5.93  7.39  7.46

Molpro::pot: 1-th molpro energy = -0.000719078 kcal/mole

Molpro::pot: 0-th energy correction = -0.000303141 kcal/mole
Molpro::pot: 1-th energy correction = 0 kcal/mole
molpro_pot: 0-th energy = -0.00102222 kcal/mol
molpro_pot: 1-th energy = -0.000719078 kcal/mol
molpro_pot: coordinates (angstrom):

C, -0.0940663, -0.380004, -0.183735
H, -0.331446, -1.40683, -0.41131
H, 0.287181, 0.268623, -0.956037
H, -0.240752, -0.00100245, 0.814945
H, 1.40505, 5.66386, 2.7401

molpro_pot: interatomic distances matrix (angstrom):

\     C1    H2    H3    H4
H2  1.08
H3  1.08  1.87
H4  1.08  1.87  1.87
H5  6.88  7.93  6.63  6.21

Molpro::pot: 1-th molpro energy = -0.0005912 kcal/mole

Molpro::pot: 0-th energy correction = -0.000303108 kcal/mole
Molpro::pot: 1-th energy correction = 0 kcal/mole
molpro_pot: 0-th energy = -0.000894307 kcal/mol
molpro_pot: 1-th energy = -0.0005912 kcal/mol
molpro_pot: coordinates (angstrom):

C, -0.363539, -0.00894215, -0.233933
H, -0.734913, -0.384633, -1.17386
H, 0.616976, 0.43643, -0.181468
H, -0.973567, -0.0757308, 0.652591
H, 5.4201, 0.130407, 3.48813

molpro_pot: interatomic distances matrix (angstrom):

\     C1    H2    H3    H4
H2  1.08
H3  1.08  1.87
H4  1.08  1.87  1.87
H5  6.88  7.74  6.05     7

Molpro::pot: 1-th molpro energy = -0.000698618 kcal/mole

Molpro::pot: 0-th energy correction = -0.000303139 kcal/mole
Molpro::pot: 1-th energy correction = 0 kcal/mole
molpro_pot: 0-th energy = -0.00100176 kcal/mol
molpro_pot: 1-th energy = -0.000698618 kcal/mol

(5,0)-th SURFACE:

molpro_pot: coordinates (angstrom):

C, 0.365891, -0.0236117, -0.16656
H, 0.652901, 0.949454, -0.531641
H, 0.845139, -0.433739, 0.707875
H, -0.402208, -0.585089, -0.673795
H, -5.45244, 0.350515, 2.48076

molpro_pot: interatomic distances matrix (angstrom):

\     C1    H2    H3    H4
H2  1.08
H3  1.08  1.87
H4  1.08  1.87  1.87
H5   6.4  6.83  6.59  6.03

Molpro::pot: 1-th molpro energy = -0.000885175 kcal/mole

Molpro::pot: 0-th energy correction = -0.000785389 kcal/mole
Molpro::pot: 1-th energy correction = 0 kcal/mole
molpro_pot: 0-th energy = -0.00167056 kcal/mol
molpro_pot: 1-th energy = -0.000885175 kcal/mol
molpro_pot: coordinates (angstrom):

C, -0.134697, 0.0110843, 0.379202
H, 0.706241, -0.229682, -0.251171
H, 0.0179173, 0.211497, 1.42756
H, -1.12749, 0.0544917, -0.0391274
H, 2.00715, -0.168286, -5.65236

molpro_pot: interatomic distances matrix (angstrom):

\     C1    H2    H3    H4
H2  1.08
H3  1.08  1.87
H4  1.08  1.87  1.87
H5   6.4  5.56  7.36  6.43

Molpro::pot: 1-th molpro energy = -0.00118343 kcal/mole

Molpro::pot: 0-th energy correction = -0.000785616 kcal/mole
Molpro::pot: 1-th energy correction = 0 kcal/mole
molpro_pot: 0-th energy = -0.00196904 kcal/mol
molpro_pot: 1-th energy = -0.00118343 kcal/mol
molpro_pot: coordinates (angstrom):

C, 0.243754, -0.320375, -0.00798854
H, 0.0256895, -1.37626, 6.67193e-05
H, -0.403843, 0.359356, -0.538178
H, 1.1073, 0.0561234, 0.516474
H, -3.63149, 4.77544, 0.116756

molpro_pot: interatomic distances matrix (angstrom):

\     C1    H2    H3    H4
H2  1.08
H3  1.08  1.87
H4  1.08  1.87  1.87
H5   6.4  7.16  5.51   6.7

Molpro::pot: 1-th molpro energy = -0.00126475 kcal/mole

Molpro::pot: 0-th energy correction = -0.000785499 kcal/mole
Molpro::pot: 1-th energy correction = 0 kcal/mole
molpro_pot: 0-th energy = -0.00205025 kcal/mol
molpro_pot: 1-th energy = -0.00126475 kcal/mol
molpro_pot: coordinates (angstrom):

C, -0.139202, -0.0924923, 0.366107
H, -1.18031, 0.183213, 0.416982
H, 0.408471, -0.298009, 1.27183
H, 0.353335, -0.165704, -0.590224
H, 2.07597, 1.38179, -5.45776

molpro_pot: interatomic distances matrix (angstrom):

\     C1    H2    H3    H4
H2  1.08
H3  1.08  1.87
H4  1.08  1.87  1.87
H5   6.4  6.82  7.13  5.39

Molpro::pot: 1-th molpro energy = -0.00147924 kcal/mole

Molpro::pot: 0-th energy correction = -0.000785799 kcal/mole
Molpro::pot: 1-th energy correction = 0 kcal/mole
molpro_pot: 0-th energy = -0.00226504 kcal/mol
molpro_pot: 1-th energy = -0.00147924 kcal/mol
molpro_pot: coordinates (angstrom):

C, 0.399374, -0.0312527, 0.0400326
H, -0.213401, 0.483868, 0.762303
H, -0.0629969, -0.598553, -0.751739
H, 1.47407, 0.0233727, 0.107575
H, -5.95295, 0.463432, -0.594799

molpro_pot: interatomic distances matrix (angstrom):

\     C1    H2    H3    H4
H2  1.08
H3  1.08  1.87
H4  1.08  1.87  1.87
H5   6.4   5.9  5.99  7.47

Molpro::pot: 1-th molpro energy = -0.00098349 kcal/mole

Molpro::pot: 0-th energy correction = -0.00078558 kcal/mole
Molpro::pot: 1-th energy correction = 0 kcal/mole
molpro_pot: 0-th energy = -0.00176907 kcal/mol
molpro_pot: 1-th energy = -0.00098349 kcal/mol

(6,0)-th SURFACE:

molpro_pot: coordinates (angstrom):

C, 0.0559508, -0.217625, -0.301605
H, 0.989208, -0.596573, 0.0830287
H, -0.838429, -0.279733, 0.297349
H, 0.0175881, 0.226076, -1.28353
H, -0.834564, 3.24145, 4.49432

molpro_pot: interatomic distances matrix (angstrom):

\     C1    H2    H3    H4
H2  1.08
H3  1.08  1.87
H4  1.08  1.87  1.87
H5  5.98  6.13  5.48  6.57

Molpro::pot: 1-th molpro energy = -0.00165147 kcal/mole

Molpro::pot: 0-th energy correction = -0.00183138 kcal/mole
Molpro::pot: 1-th energy correction = 0 kcal/mole
molpro_pot: 0-th energy = -0.00348285 kcal/mol
molpro_pot: 1-th energy = -0.00165147 kcal/mol
molpro_pot: coordinates (angstrom):

C, -0.0781987, -0.367438, 0.0134936
H, 0.776435, -0.988132, 0.229953
H, 0.0594523, 0.675762, -0.221677
H, -1.06987, -0.790362, 0.0291276
H, 1.16508, 5.47775, -0.198069

molpro_pot: interatomic distances matrix (angstrom):

\     C1    H2    H3    H4
H2  1.08
H3  1.08  1.87
H4  1.08  1.87  1.87
H5  5.98  6.49  4.93  6.66

Molpro::pot: 1-th molpro energy = -0.00329967 kcal/mole

Molpro::pot: 0-th energy correction = -0.00183211 kcal/mole
Molpro::pot: 1-th energy correction = 0 kcal/mole
molpro_pot: 0-th energy = -0.00513178 kcal/mol
molpro_pot: 1-th energy = -0.00329967 kcal/mol
molpro_pot: coordinates (angstrom):

C, 0.292116, -0.164797, 0.170044
H, -0.0706595, 0.821423, -0.0713667
H, 0.399662, -0.461776, 1.20095
H, 0.544335, -0.854923, -0.619026
H, -4.35152, 2.45748, -2.53524

molpro_pot: interatomic distances matrix (angstrom):

\     C1    H2    H3    H4
H2  1.08
H3  1.08  1.87
H4  1.08  1.87  1.87
H5  5.98   5.2  6.71  6.21

Molpro::pot: 1-th molpro energy = -0.00217632 kcal/mole

Molpro::pot: 0-th energy correction = -0.00183163 kcal/mole
Molpro::pot: 1-th energy correction = 0 kcal/mole
molpro_pot: 0-th energy = -0.00400795 kcal/mol
molpro_pot: 1-th energy = -0.00217632 kcal/mol
molpro_pot: coordinates (angstrom):

C, 0.0913355, -0.237981, -0.276538
H, 0.798153, 0.350406, -0.839321
H, 0.425222, -1.10909, 0.264026
H, -0.948423, 0.0462868, -0.251724
H, -1.36247, 3.54599, 4.11971

molpro_pot: interatomic distances matrix (angstrom):

\     C1    H2    H3    H4
H2  1.08
H3  1.08  1.87
H4  1.08  1.87  1.87
H5  5.98  6.28   6.3  5.62

Molpro::pot: 1-th molpro energy = -0.00158832 kcal/mole

Molpro::pot: 0-th energy correction = -0.00183141 kcal/mole
Molpro::pot: 1-th energy correction = 0 kcal/mole
molpro_pot: 0-th energy = -0.00341973 kcal/mol
molpro_pot: 1-th energy = -0.00158832 kcal/mol
molpro_pot: coordinates (angstrom):

C, 0.358584, -0.10513, -0.0416237
H, 0.0719764, 0.902348, -0.297279
H, 1.36286, -0.311159, 0.292307
H, -0.359567, -0.905829, -0.116863
H, -5.34486, 1.5664, 0.61744

molpro_pot: interatomic distances matrix (angstrom):

\     C1    H2    H3    H4
H2  1.08
H3  1.08  1.87
H4  1.08  1.87  1.87
H5  5.98  5.53  6.97  5.61

Molpro::pot: 1-th molpro energy = -0.00169352 kcal/mole

Molpro::pot: 0-th energy correction = -0.00183182 kcal/mole
Molpro::pot: 1-th energy correction = 0 kcal/mole
molpro_pot: 0-th energy = -0.00352534 kcal/mol
molpro_pot: 1-th energy = -0.00169352 kcal/mol

(6,0)-th SURFACE:

molpro_pot: coordinates (angstrom):

C, -0.172636, -0.287614, -0.16964
H, -0.136135, -0.5802, 0.86746
H, -0.664246, -0.92056, -0.8909
H, 0.279549, 0.639007, -0.484954
H, 2.57638, 4.28632, 2.52826

molpro_pot: interatomic distances matrix (angstrom):

\     C1    H2    H3    H4
H2  1.08
H3  1.08  1.87
H4  1.08  1.87  1.87
H5  5.98  5.81  7.02  5.26

Molpro::pot: 1-th molpro energy = -0.00194399 kcal/mole

Molpro::pot: 0-th energy correction = -0.00183214 kcal/mole
Molpro::pot: 1-th energy correction = 0 kcal/mole
molpro_pot: 0-th energy = -0.00377612 kcal/mol
molpro_pot: 1-th energy = -0.00194399 kcal/mol
molpro_pot: coordinates (angstrom):

C, 0.321961, 0.135774, 0.138418
H, -0.0838029, 0.937551, 0.734258
H, 1.3763, 0.111678, -0.0858691
H, -0.325723, -0.643309, -0.230439
H, -4.80031, -2.02256, -2.06607

molpro_pot: interatomic distances matrix (angstrom):

\     C1    H2    H3    H4
H2  1.08
H3  1.08  1.87
H4  1.08  1.87  1.87
H5  5.98  6.23  6.83  5.03

Molpro::pot: 1-th molpro energy = -0.0027251 kcal/mole

Molpro::pot: 0-th energy correction = -0.00183238 kcal/mole
Molpro::pot: 1-th energy correction = 0 kcal/mole
molpro_pot: 0-th energy = -0.00455747 kcal/mol
molpro_pot: 1-th energy = -0.0027251 kcal/mol
molpro_pot: coordinates (angstrom):

C, -0.105184, 0.266346, -0.243814
H, 0.228571, 0.481176, 0.758668
H, 0.590614, -0.117502, -0.972542
H, -1.13499, 0.432327, -0.516716
H, 1.56821, -3.96734, 3.63364

molpro_pot: interatomic distances matrix (angstrom):

\     C1    H2    H3    H4
H2  1.08
H3  1.08  1.87
H4  1.08  1.87  1.87
H5  5.98  5.46  6.08  6.62

Molpro::pot: 1-th molpro energy = -0.00169944 kcal/mole

Molpro::pot: 0-th energy correction = -0.00183142 kcal/mole
Molpro::pot: 1-th energy correction = 0 kcal/mole
molpro_pot: 0-th energy = -0.00353086 kcal/mol
molpro_pot: 1-th energy = -0.00169944 kcal/mol
molpro_pot: coordinates (angstrom):

C, 0.368238, -0.069446, -0.0303361
H, 0.801179, -0.193726, -1.00994
H, 0.997445, 0.179912, 0.808971
H, -0.693886, -0.1914, 0.109458
H, -5.48928, 1.03209, 0.452722

molpro_pot: interatomic distances matrix (angstrom):

\     C1    H2    H3    H4
H2  1.08
H3  1.08  1.87
H4  1.08  1.87  1.87
H5  5.98  6.57  6.55  4.96

Molpro::pot: 1-th molpro energy = -0.00307018 kcal/mole

Molpro::pot: 0-th energy correction = -0.00183194 kcal/mole
Molpro::pot: 1-th energy correction = 0 kcal/mole
molpro_pot: 0-th energy = -0.00490213 kcal/mol
molpro_pot: 1-th energy = -0.00307018 kcal/mol
molpro_pot: coordinates (angstrom):

C, -0.0925059, -0.0140465, 0.364081
H, -0.78015, 0.0479306, 1.19222
H, 0.92125, -0.342049, 0.5291
H, -0.419235, 0.248877, -0.629217
H, 1.37959, 0.212491, -5.42715

molpro_pot: interatomic distances matrix (angstrom):

\     C1    H2    H3    H4
H2  1.08
H3  1.08  1.87
H4  1.08  1.87  1.87
H5  5.98  6.96     6  5.12

Molpro::pot: 1-th molpro energy = -0.00230336 kcal/mole

Molpro::pot: 0-th energy correction = -0.0018321 kcal/mole
Molpro::pot: 1-th energy correction = 0 kcal/mole
molpro_pot: 0-th energy = -0.00413546 kcal/mol
molpro_pot: 1-th energy = -0.00230336 kcal/mol

(7,0)-th SURFACE:

molpro_pot: coordinates (angstrom):

C, 0.166772, -0.310087, 0.018501
H, -0.590324, 0.45365, 0.0961384
H, 0.813891, -0.514208, 0.856409
H, 0.274766, -0.871666, -0.895549
H, -2.48406, 4.62438, -0.277287

molpro_pot: interatomic distances matrix (angstrom):

\     C1    H2    H3    H4
H2  1.08
H3  1.08  1.87
H4  1.08  1.87  1.87
H5  5.61   4.6  6.21  6.18

Molpro::pot: 1-th molpro energy = -0.00553946 kcal/mole

Molpro::pot: 0-th energy correction = -0.00384355 kcal/mole
Molpro::pot: 1-th energy correction = 0 kcal/mole
molpro_pot: 0-th energy = -0.00938301 kcal/mol
molpro_pot: 1-th energy = -0.00553946 kcal/mol
molpro_pot: coordinates (angstrom):

C, -0.245098, 0.249918, 0.0414506
H, 0.367379, -0.207844, 0.801609
H, -1.31668, 0.277574, 0.157488
H, 0.213924, 0.682631, -0.832952
H, 3.65371, -3.72809, -0.619691

molpro_pot: interatomic distances matrix (angstrom):

\     C1    H2    H3    H4
H2  1.08
H3  1.08  1.87
H4  1.08  1.87  1.87
H5  5.61  5.02  6.43   5.6

Molpro::pot: 1-th molpro energy = -0.00328786 kcal/mole

Molpro::pot: 0-th energy correction = -0.00384419 kcal/mole
Molpro::pot: 1-th energy correction = 0 kcal/mole
molpro_pot: 0-th energy = -0.00713205 kcal/mol
molpro_pot: 1-th energy = -0.00328786 kcal/mol
molpro_pot: coordinates (angstrom):

C, 0.284292, 0.0883885, -0.189274
H, 1.21491, 0.554193, 0.0926813
H, 0.137936, -0.966785, -0.0228197
H, -0.500881, 0.67801, -0.634663
H, -4.23697, -1.31784, 2.81845

molpro_pot: interatomic distances matrix (angstrom):

\     C1    H2    H3    H4
H2  1.08
H3  1.08  1.87
H4  1.08  1.87  1.87
H5  5.61  6.38  5.23  5.46

Molpro::pot: 1-th molpro energy = -0.00307292 kcal/mole

Molpro::pot: 0-th energy correction = -0.00384192 kcal/mole
Molpro::pot: 1-th energy correction = 0 kcal/mole
molpro_pot: 0-th energy = -0.00691484 kcal/mol
molpro_pot: 1-th energy = -0.00307292 kcal/mol
molpro_pot: coordinates (angstrom):

C, -0.121379, 0.079105, 0.321486
H, -1.15902, -0.134137, 0.52232
H, 0.523236, 0.415661, 1.11755
H, 0.272347, -0.0470871, -0.674293
H, 1.80868, -1.17633, -4.79346

molpro_pot: interatomic distances matrix (angstrom):

\     C1    H2    H3    H4
H2  1.08
H3  1.08  1.87
H4  1.08  1.87  1.87
H5  5.61  6.18  6.26  4.54

Molpro::pot: 1-th molpro energy = -0.00599407 kcal/mole

Molpro::pot: 0-th energy correction = -0.00384317 kcal/mole
Molpro::pot: 1-th energy correction = 0 kcal/mole
molpro_pot: 0-th energy = -0.00983724 kcal/mol
molpro_pot: 1-th energy = -0.00599407 kcal/mol
molpro_pot: coordinates (angstrom):

C, -0.166778, 0.262848, 0.165406
H, -0.518654, -0.304066, 1.01235
H, -0.245614, -0.148223, -0.828236
H, 0.26094, 1.24173, 0.311602
H, 2.48913, -3.91912, -2.46517

molpro_pot: interatomic distances matrix (angstrom):

\     C1    H2    H3    H4
H2  1.08
H3  1.08  1.87
H4  1.08  1.87  1.87
H5  5.61  5.85  4.94  6.27

Molpro::pot: 1-th molpro energy = -0.00370529 kcal/mole

Molpro::pot: 0-th energy correction = -0.00384405 kcal/mole
Molpro::pot: 1-th energy correction = 0 kcal/mole
molpro_pot: 0-th energy = -0.00754934 kcal/mol
molpro_pot: 1-th energy = -0.00370529 kcal/mol

(8,0)-th SURFACE:

molpro_pot: coordinates (angstrom):

C, 0.227603, -0.234617, 0.0619062
H, 1.16148, -0.772708, 0.0328251
H, 0.15598, 0.744491, -0.383891
H, -0.635196, -0.67664, 0.533833
H, -3.39229, 3.49841, -0.919873

molpro_pot: interatomic distances matrix (angstrom):

\     C1    H2    H3    H4
H2  1.08
H3  1.08  1.87
H4  1.08  1.87  1.87
H5  5.29  6.32  4.52  5.21

Molpro::pot: 1-th molpro energy = -0.00567331 kcal/mole

Molpro::pot: 0-th energy correction = -0.00725181 kcal/mole
Molpro::pot: 1-th energy correction = 0 kcal/mole
molpro_pot: 0-th energy = -0.0129251 kcal/mol
molpro_pot: 1-th energy = -0.00567331 kcal/mol
molpro_pot: coordinates (angstrom):

C, -0.0272827, -0.133071, -0.303734
H, 0.91475, -0.636175, -0.155492
H, -0.478202, 0.415959, 0.507288
H, -0.516769, -0.176318, -1.26345
H, 0.405072, 1.98098, 4.52817

molpro_pot: interatomic distances matrix (angstrom):

\     C1    H2    H3    H4
H2  1.08
H3  1.08  1.87
H4  1.08  1.87  1.87
H5  5.29  5.39   4.4  6.25

Molpro::pot: 1-th molpro energy = -0.00668489 kcal/mole

Molpro::pot: 0-th energy correction = -0.00725125 kcal/mole
Molpro::pot: 1-th energy correction = 0 kcal/mole
molpro_pot: 0-th energy = -0.0139361 kcal/mol
molpro_pot: 1-th energy = -0.00668489 kcal/mol
molpro_pot: coordinates (angstrom):

C, 0.25264, 0.193101, 0.0973716
H, -0.803354, 0.328239, 0.268044
H, 0.882242, 1.04866, -0.0873979
H, 0.679507, -0.796854, 0.11451
H, -3.76654, -2.87927, -1.45454

molpro_pot: interatomic distances matrix (angstrom):

\     C1    H2    H3    H4
H2  1.08
H3  1.08  1.87
H4  1.08  1.87  1.87
H5  5.29  4.69  6.24  5.15

Molpro::pot: 1-th molpro energy = -0.00554834 kcal/mole

Molpro::pot: 0-th energy correction = -0.00725365 kcal/mole
Molpro::pot: 1-th energy correction = 0 kcal/mole
molpro_pot: 0-th energy = -0.012802 kcal/mol
molpro_pot: 1-th energy = -0.00554834 kcal/mol
molpro_pot: coordinates (angstrom):

C, -0.284241, -0.131209, 0.11266
H, -1.18563, -0.67236, -0.126428
H, 0.55154, -0.149305, -0.568266
H, -0.219664, 0.430369, 1.0308
H, 4.23817, 1.95358, -1.67753

molpro_pot: interatomic distances matrix (angstrom):

\     C1    H2    H3    H4
H2  1.08
H3  1.08  1.87
H4  1.08  1.87  1.87
H5  5.29  6.22  4.39  5.43

Molpro::pot: 1-th molpro energy = -0.0068845 kcal/mole

Molpro::pot: 0-th energy correction = -0.00725136 kcal/mole
Molpro::pot: 1-th energy correction = 0 kcal/mole
molpro_pot: 0-th energy = -0.0141359 kcal/mol
molpro_pot: 1-th energy = -0.0068845 kcal/mol
molpro_pot: coordinates (angstrom):

C, -0.144287, 0.12078, 0.274216
H, 0.133539, -0.326613, 1.21505
H, -1.09759, 0.614237, 0.173082
H, 0.532121, 0.0775024, -0.564306
H, 2.14993, -1.80323, -4.08887

molpro_pot: interatomic distances matrix (angstrom):

\     C1    H2    H3    H4
H2  1.08
H3  1.08  1.87
H4  1.08  1.87  1.87
H5  5.29  5.86  5.88  4.31

Molpro::pot: 1-th molpro energy = -0.00820785 kcal/mole

Molpro::pot: 0-th energy correction = -0.00725355 kcal/mole
Molpro::pot: 1-th energy correction = 0 kcal/mole
molpro_pot: 0-th energy = -0.0154614 kcal/mol
molpro_pot: 1-th energy = -0.00820785 kcal/mol

(9,0)-th SURFACE:

molpro_pot: coordinates (angstrom):

C, 0.294911, -0.0668333, -0.0920505
H, 1.36491, -0.198357, -0.0738996
H, -0.3126, -0.484886, 0.694512
H, -0.1672, 0.485142, -0.894732
H, -4.39657, 0.993874, 1.37015

molpro_pot: interatomic distances matrix (angstrom):

\     C1    H2    H3    H4
H2  1.08
H3  1.08  1.87
H4  1.08  1.87  1.87
H5  5.03  6.06   4.4  4.82

Molpro::pot: 1-th molpro energy = -0.00761413 kcal/mole

Molpro::pot: 0-th energy correction = -0.0123092 kcal/mole
Molpro::pot: 1-th energy correction = 0 kcal/mole
molpro_pot: 0-th energy = -0.0199233 kcal/mol
molpro_pot: 1-th energy = -0.00761413 kcal/mol
molpro_pot: coordinates (angstrom):

C, -0.250309, 0.190617, -0.0318547
H, -0.137523, -0.304364, -0.983058
H, -0.454384, -0.38727, 0.85523
H, -0.156007, 1.26273, 0.0328865
H, 3.7283, -2.84074, 0.474231

molpro_pot: interatomic distances matrix (angstrom):

\     C1    H2    H3    H4
H2  1.08
H3  1.08  1.87
H4  1.08  1.87  1.87
H5  5.03  4.85  4.86  5.67

Molpro::pot: 1-th molpro energy = -0.0125292 kcal/mole

Molpro::pot: 0-th energy correction = -0.0123056 kcal/mole
Molpro::pot: 1-th energy correction = 0 kcal/mole
molpro_pot: 0-th energy = -0.0248348 kcal/mol
molpro_pot: 1-th energy = -0.0125292 kcal/mol
molpro_pot: coordinates (angstrom):

C, 0.0539702, -0.120366, -0.287082
H, 0.486353, -0.069085, -1.27345
H, -1.01667, -0.171437, -0.170262
H, 0.691985, -0.123709, 0.582082
H, -0.804286, 1.79741, 4.27988

molpro_pot: interatomic distances matrix (angstrom):

\     C1    H2    H3    H4
H2  1.08
H3  1.08  1.87
H4  1.08  1.87  1.87
H5  5.03     6  4.87  4.43

Molpro::pot: 1-th molpro energy = -0.00852706 kcal/mole

Molpro::pot: 0-th energy correction = -0.0123129 kcal/mole
Molpro::pot: 1-th energy correction = 0 kcal/mole
molpro_pot: 0-th energy = -0.02084 kcal/mol
molpro_pot: 1-th energy = -0.00852706 kcal/mol
molpro_pot: coordinates (angstrom):

C, 0.00842925, 0.25163, 0.191254
H, -0.202749, 1.29731, 0.0347908
H, -0.743654, -0.488709, -0.029624
H, 0.972325, -0.0539272, 0.565501
H, -0.126287, -3.75079, -2.8479

molpro_pot: interatomic distances matrix (angstrom):

\     C1    H2    H3    H4
H2  1.08
H3  1.08  1.87
H4  1.08  1.87  1.87
H5  5.03  5.81  4.35  5.15

Molpro::pot: 1-th molpro energy = -0.010876 kcal/mole

Molpro::pot: 0-th energy correction = -0.0123071 kcal/mole
Molpro::pot: 1-th energy correction = 0 kcal/mole
molpro_pot: 0-th energy = -0.0231831 kcal/mol
molpro_pot: 1-th energy = -0.010876 kcal/mol
molpro_pot: coordinates (angstrom):

C, -0.117969, 0.22757, 0.184878
H, -1.08404, 0.284451, -0.290496
H, 0.0565821, 0.746158, 1.11392
H, 0.672373, -0.350157, -0.266909
H, 1.75973, -3.39008, -2.75782

molpro_pot: interatomic distances matrix (angstrom):

\     C1    H2    H3    H4
H2  1.08
H3  1.08  1.87
H4  1.08  1.87  1.87
H5  5.03  5.26  5.92  4.08

Molpro::pot: 1-th molpro energy = -0.00963 kcal/mole

Molpro::pot: 0-th energy correction = -0.0123103 kcal/mole
Molpro::pot: 1-th energy correction = 0 kcal/mole
molpro_pot: 0-th energy = -0.0219403 kcal/mol
molpro_pot: 1-th energy = -0.00963 kcal/mol

(10,0)-th SURFACE:

molpro_pot: coordinates (angstrom):

C, -0.0449196, -0.237324, -0.147104
H, 0.813723, -0.403292, 0.483532
H, -0.565632, 0.706104, -0.110772
H, -0.38094, -1.01326, -0.816085
H, 0.667698, 3.53623, 2.19487

molpro_pot: interatomic distances matrix (angstrom):

\     C1    H2    H3    H4
H2  1.08
H3  1.08  1.87
H4  1.08  1.87  1.87
H5   4.5   4.3  3.85  5.56

Molpro::pot: 1-th molpro energy = -0.00980244 kcal/mole

Molpro::pot: 0-th energy correction = -0.0354708 kcal/mole
Molpro::pot: 1-th energy correction = 0 kcal/mole
molpro_pot: 0-th energy = -0.0452732 kcal/mol
molpro_pot: 1-th energy = -0.00980244 kcal/mol
molpro_pot: coordinates (angstrom):

C, 0.0177216, 0.179469, -0.217623
H, -0.510076, -0.756327, -0.126894
H, 0.689438, 0.340976, -1.04541
H, -0.128412, 0.954679, 0.51737
H, -0.261957, -2.67623, 3.24613

molpro_pot: interatomic distances matrix (angstrom):

\     C1    H2    H3    H4
H2  1.08
H3  1.08  1.87
H4  1.08  1.87  1.87
H5   4.5  3.89  5.33  4.54

Molpro::pot: 1-th molpro energy = -0.0315072 kcal/mole

Molpro::pot: 0-th energy correction = -0.035483 kcal/mole
Molpro::pot: 1-th energy correction = 0 kcal/mole
molpro_pot: 0-th energy = -0.0669902 kcal/mol
molpro_pot: 1-th energy = -0.0315072 kcal/mol
molpro_pot: coordinates (angstrom):

C, -0.0432238, 0.24793, 0.128797
H, 0.40529, 1.03366, 0.715296
H, -1.11624, 0.149187, 0.0914166
H, 0.580821, -0.436926, -0.42262
H, 0.644791, -3.69798, -1.91765

molpro_pot: interatomic distances matrix (angstrom):

\     C1    H2    H3    H4
H2  1.08
H3  1.08  1.87
H4  1.08  1.87  1.87
H5   4.5  5.42  4.68  3.59

Molpro::pot: 1-th molpro energy = -0.0106696 kcal/mole

Molpro::pot: 0-th energy correction = -0.0354776 kcal/mole
Molpro::pot: 1-th energy correction = 0 kcal/mole
molpro_pot: 0-th energy = -0.0461472 kcal/mol
molpro_pot: 1-th energy = -0.0106696 kcal/mol
molpro_pot: coordinates (angstrom):

C, -0.104987, -0.130972, -0.227461
H, 0.667765, 0.0648916, 0.498491
H, 0.101016, -0.0113877, -1.27902
H, -1.08246, -0.449284, 0.0977203
H, 1.56374, 1.95525, 3.39115

molpro_pot: interatomic distances matrix (angstrom):

\     C1    H2    H3    H4
H2  1.08
H3  1.08  1.87
H4  1.08  1.87  1.87
H5   4.5  3.57  5.27  4.86

Molpro::pot: 1-th molpro energy = -0.0178061 kcal/mole

Molpro::pot: 0-th energy correction = -0.035479 kcal/mole
Molpro::pot: 1-th energy correction = 0 kcal/mole
molpro_pot: 0-th energy = -0.0532851 kcal/mol
molpro_pot: 1-th energy = -0.0178061 kcal/mol
molpro_pot: coordinates (angstrom):

C, -0.204485, 0.0769587, -0.179346
H, -0.997277, -0.306943, -0.80113
H, 0.429382, 0.869739, -0.54298
H, -0.04749, -0.329542, 0.806874
H, 3.05016, -1.14959, 2.67268

molpro_pot: interatomic distances matrix (angstrom):

\     C1    H2    H3    H4
H2  1.08
H3  1.08  1.87
H4  1.08  1.87  1.87
H5   4.5   5.4  4.61  3.71

Molpro::pot: 1-th molpro energy = -0.0191305 kcal/mole

Molpro::pot: 0-th energy correction = -0.0354806 kcal/mole
Molpro::pot: 1-th energy correction = 0 kcal/mole
molpro_pot: 0-th energy = -0.0546111 kcal/mol
molpro_pot: 1-th energy = -0.0191305 kcal/mol

(10,0)-th SURFACE:

molpro_pot: coordinates (angstrom):

C, 0.22335, 0.130514, -0.114593
H, -0.358125, 0.51565, 0.707643
H, 1.22092, -0.240294, 0.0582317
H, -0.193614, 0.113277, -1.10876
H, -3.32857, -1.94264, 1.70732

molpro_pot: interatomic distances matrix (angstrom):

\     C1    H2    H3    H4
H2  1.08
H3  1.08  1.87
H4  1.08  1.87  1.87
H5   4.5  3.98  5.13  4.69

Molpro::pot: 1-th molpro energy = -0.0448529 kcal/mole

Molpro::pot: 0-th energy correction = -0.0354619 kcal/mole
Molpro::pot: 1-th energy correction = 0 kcal/mole
molpro_pot: 0-th energy = -0.0803149 kcal/mol
molpro_pot: 1-th energy = -0.0448529 kcal/mol
molpro_pot: coordinates (angstrom):

C, 0.0433629, 0.0524058, 0.274608
H, -0.747131, -0.317674, -0.358381
H, 0.596087, -0.62961, 0.900603
H, 0.283191, 1.10359, 0.27938
H, -0.648462, -0.780289, -4.09131

molpro_pot: interatomic distances matrix (angstrom):

\     C1    H2    H3    H4
H2  1.08
H3  1.08  1.87
H4  1.08  1.87  1.87
H5   4.5  3.76  5.15  4.85

Molpro::pot: 1-th molpro energy = -0.0345984 kcal/mole

Molpro::pot: 0-th energy correction = -0.0354637 kcal/mole
Molpro::pot: 1-th energy correction = 0 kcal/mole
molpro_pot: 0-th energy = -0.0700621 kcal/mol
molpro_pot: 1-th energy = -0.0345984 kcal/mol
molpro_pot: coordinates (angstrom):

C, -0.224788, -0.0644039, 0.158969
H, -0.713732, -0.237194, -0.786331
H, 0.717867, 0.458033, 0.190277
H, -0.679723, -0.411131, 1.07294
H, 3.3521, 0.957139, -2.3697

molpro_pot: interatomic distances matrix (angstrom):

\     C1    H2    H3    H4
H2  1.08
H3  1.08  1.87
H4  1.08  1.87  1.87
H5   4.5  4.52  3.71  5.48

Molpro::pot: 1-th molpro energy = -0.0128248 kcal/mole

Molpro::pot: 0-th energy correction = -0.0354747 kcal/mole
Molpro::pot: 1-th energy correction = 0 kcal/mole
molpro_pot: 0-th energy = -0.0482995 kcal/mol
molpro_pot: 1-th energy = -0.0128248 kcal/mol
molpro_pot: coordinates (angstrom):

C, 0.272209, 0.0257143, -0.0729261
H, 0.489347, -0.269406, 0.941111
H, 0.248219, -0.714964, -0.856086
H, 0.0760716, 1.06059, -0.303314
H, -4.05478, -0.382398, 1.08661

molpro_pot: interatomic distances matrix (angstrom):

\     C1    H2    H3    H4
H2  1.08
H3  1.08  1.87
H4  1.08  1.87  1.87
H5   4.5  4.55  4.73  4.59

Molpro::pot: 1-th molpro energy = -0.063133 kcal/mole

Molpro::pot: 0-th energy correction = -0.0354586 kcal/mole
Molpro::pot: 1-th energy correction = 0 kcal/mole
molpro_pot: 0-th energy = -0.0985916 kcal/mol
molpro_pot: 1-th energy = -0.063133 kcal/mol
molpro_pot: coordinates (angstrom):

C, 0.242658, -0.139546, 0.0392436
H, 0.865547, 0.690904, -0.252093
H, 0.619216, -1.14717, -0.0343919
H, -0.755284, 0.037616, 0.407001
H, -3.61877, 2.0802, -0.587783

molpro_pot: interatomic distances matrix (angstrom):

\     C1    H2    H3    H4
H2  1.08
H3  1.08  1.87
H4  1.08  1.87  1.87
H5   4.5  4.71  5.36  3.66

Molpro::pot: 1-th molpro energy = -0.0193229 kcal/mole

Molpro::pot: 0-th energy correction = -0.0354813 kcal/mole
Molpro::pot: 1-th energy correction = 0 kcal/mole
molpro_pot: 0-th energy = -0.0548043 kcal/mol
molpro_pot: 1-th energy = -0.0193229 kcal/mol

(11,0)-th SURFACE:

molpro_pot: coordinates (angstrom):

C, -0.204924, -0.159098, -0.0596025
H, 0.853656, -0.338953, -0.15745
H, -0.882859, -0.988134, 0.0653914
H, -0.585214, 0.849526, -0.0836146
H, 3.05442, 2.37192, 0.88535

molpro_pot: interatomic distances matrix (angstrom):

\     C1    H2    H3    H4
H2  1.08
H3  1.08  1.87
H4  1.08  1.87  1.87
H5  4.23  3.64  5.24  4.06

Molpro::pot: 1-th molpro energy = -0.0222374 kcal/mole

Molpro::pot: 0-th energy correction = -0.06021 kcal/mole
Molpro::pot: 1-th energy correction = 0 kcal/mole
molpro_pot: 0-th energy = -0.0824474 kcal/mol
molpro_pot: 1-th energy = -0.0222374 kcal/mol
molpro_pot: coordinates (angstrom):

C, -0.0152067, 0.256606, -0.0691812
H, -0.588725, 1.01968, 0.43213
H, 0.913494, 0.511894, -0.553807
H, -0.368584, -0.761945, -0.0832728
H, 0.224879, -3.82499, 1.02868

molpro_pot: interatomic distances matrix (angstrom):

\     C1    H2    H3    H4
H2  1.08
H3  1.08  1.87
H4  1.08  1.87  1.87
H5  4.23  4.95  4.67  3.31

Molpro::pot: 1-th molpro energy = -0.0251666 kcal/mole

Molpro::pot: 0-th energy correction = -0.0602088 kcal/mole
Molpro::pot: 1-th energy correction = 0 kcal/mole
molpro_pot: 0-th energy = -0.0853754 kcal/mol
molpro_pot: 1-th energy = -0.0251666 kcal/mol
molpro_pot: coordinates (angstrom):

C, -0.22037, -0.0715167, -0.13095
H, -0.495653, -1.08761, 0.102064
H, -0.876275, 0.540627, -0.728935
H, 0.708955, 0.333364, 0.236403
H, 3.28688, 1.06515, 1.94967

molpro_pot: interatomic distances matrix (angstrom):

\     C1    H2    H3    H4
H2  1.08
H3  1.08  1.87
H4  1.08  1.87  1.87
H5  4.23  4.73  4.98  3.18

Molpro::pot: 1-th molpro energy = 0.00609935 kcal/mole

Molpro::pot: 0-th energy correction = -0.0602175 kcal/mole
Molpro::pot: 1-th energy correction = 0 kcal/mole
molpro_pot: 0-th energy = -0.0541182 kcal/mol
molpro_pot: 1-th energy = 0.00609935 kcal/mol
molpro_pot: coordinates (angstrom):

C, -0.0453779, 0.175062, 0.195066
H, -0.37702, 0.0447875, -0.822557
H, 0.890125, 0.671483, 0.39735
H, -0.650381, -0.188136, 1.01028
H, 0.677583, -2.61257, -2.90769

molpro_pot: interatomic distances matrix (angstrom):

\     C1    H2    H3    H4
H2  1.08
H3  1.08  1.87
H4  1.08  1.87  1.87
H5  4.23  3.54  4.66  4.79

Molpro::pot: 1-th molpro energy = -0.0690064 kcal/mole

Molpro::pot: 0-th energy correction = -0.0602331 kcal/mole
Molpro::pot: 1-th energy correction = 0 kcal/mole
molpro_pot: 0-th energy = -0.12924 kcal/mol
molpro_pot: 1-th energy = -0.0690064 kcal/mol
molpro_pot: coordinates (angstrom):

C, -0.0722437, 0.250693, 0.0516077
H, 0.06885, 0.165088, -1.01389
H, 0.543361, 0.925954, 0.623947
H, -0.830673, -0.336371, 0.544214
H, 1.07866, -3.73963, -0.768758

molpro_pot: interatomic distances matrix (angstrom):

\     C1    H2    H3    H4
H2  1.08
H3  1.08  1.87
H4  1.08  1.87  1.87
H5  4.23  4.04   4.9  4.12

Molpro::pot: 1-th molpro energy = -0.0970934 kcal/mole

Molpro::pot: 0-th energy correction = -0.0602392 kcal/mole
Molpro::pot: 1-th energy correction = 0 kcal/mole
molpro_pot: 0-th energy = -0.157333 kcal/mol
molpro_pot: 1-th energy = -0.0970934 kcal/mol

(12,0)-th SURFACE:

molpro_pot: coordinates (angstrom):

C, -0.199528, 0.010317, 0.14919
H, 0.614103, 0.715228, 0.209365
H, -0.0571734, -1.00609, 0.479591
H, -1.15607, 0.322369, -0.23832
H, 2.97489, -0.154348, -2.22702

molpro_pot: interatomic distances matrix (angstrom):

\     C1    H2    H3    H4
H2  1.08
H3  1.08  1.87
H4  1.08  1.87  1.87
H5  3.97   3.5  4.15  4.61

Molpro::pot: 1-th molpro energy = -0.168804 kcal/mole

Molpro::pot: 0-th energy correction = -0.101849 kcal/mole
Molpro::pot: 1-th energy correction = 0 kcal/mole
molpro_pot: 0-th energy = -0.270653 kcal/mol
molpro_pot: 1-th energy = -0.168804 kcal/mol
molpro_pot: coordinates (angstrom):

C, -0.0185437, -0.0839875, 0.233992
H, -0.350932, -0.93589, -0.337231
H, -0.740015, 0.555902, 0.716216
H, 1.03498, 0.126266, 0.3256
H, 0.276759, 1.25375, -3.49069

molpro_pot: interatomic distances matrix (angstrom):

\     C1    H2    H3    H4
H2  1.08
H3  1.08  1.87
H4  1.08  1.87  1.87
H5  3.97  3.89  4.38  4.05

Molpro::pot: 1-th molpro energy = -0.237811 kcal/mole

Molpro::pot: 0-th energy correction = -0.101858 kcal/mole
Molpro::pot: 1-th energy correction = 0 kcal/mole
molpro_pot: 0-th energy = -0.339669 kcal/mol
molpro_pot: 1-th energy = -0.237811 kcal/mol
molpro_pot: coordinates (angstrom):

C, -0.00884248, -0.24422, -0.0496753
H, -0.901961, 0.333407, 0.126968
H, 0.78364, -0.247911, 0.681404
H, 0.0905581, -0.82042, -0.955563
H, 0.133048, 3.64281, 0.738666

molpro_pot: interatomic distances matrix (angstrom):

\     C1    H2    H3    H4
H2  1.08
H3  1.08  1.87
H4  1.08  1.87  1.87
H5  3.97  3.52  3.95  4.77

Molpro::pot: 1-th molpro energy = -0.130633 kcal/mole

Molpro::pot: 0-th energy correction = -0.101844 kcal/mole
Molpro::pot: 1-th energy correction = 0 kcal/mole
molpro_pot: 0-th energy = -0.232477 kcal/mol
molpro_pot: 1-th energy = -0.130633 kcal/mol
molpro_pot: coordinates (angstrom):

C, 0.0147205, -0.189071, 0.162081
H, -0.361432, 0.339992, 1.02296
H, 0.317748, -1.21979, 0.253296
H, 0.0849555, 0.311339, -0.790378
H, -0.216547, 2.81969, -2.41574

molpro_pot: interatomic distances matrix (angstrom):

\     C1    H2    H3    H4
H2  1.08
H3  1.08  1.87
H4  1.08  1.87  1.87
H5  3.97  4.24  4.87     3

Molpro::pot: 1-th molpro energy = 0.04172 kcal/mole

Molpro::pot: 0-th energy correction = -0.101827 kcal/mole
Molpro::pot: 1-th energy correction = 0 kcal/mole
molpro_pot: 0-th energy = -0.0601068 kcal/mol
molpro_pot: 1-th energy = 0.04172 kcal/mol
molpro_pot: coordinates (angstrom):

C, 0.0546158, 0.110651, 0.216749
H, 0.948946, 0.403494, 0.742992
H, -0.00352712, -0.860747, -0.247497
H, -0.782455, 0.787633, 0.157355
H, -0.813264, -1.64788, -3.23365

molpro_pot: interatomic distances matrix (angstrom):

\     C1    H2    H3    H4
H2  1.08
H3  1.08  1.87
H4  1.08  1.87  1.87
H5  3.97  4.81  3.19  4.18

Molpro::pot: 1-th molpro energy = -0.0509539 kcal/mole

Molpro::pot: 0-th energy correction = -0.101837 kcal/mole
Molpro::pot: 1-th energy correction = 0 kcal/mole
molpro_pot: 0-th energy = -0.152791 kcal/mol
molpro_pot: 1-th energy = -0.0509539 kcal/mol
