
(0,0)-th SURFACE:

molpro_pot: coordinates (angstrom):

C, -0.263485, -0.555658, -0.253961
H, -0.214053, 0.0902412, -1.11587
H, -0.566175, -1.58417, -0.368247
H, -0.00737512, -0.174155, 0.721429
H, 3.92488, 8.2842, 3.78655

molpro_pot: interatomic distances matrix (angstrom):

\     C1    H2    H3    H4
H2  1.08
H3  1.08  1.87
H4  1.08  1.87  1.87
H5  10.6  10.4  11.6  9.82

Molpro::pot: 1-th molpro energy = -5.33878e-05 kcal/mole

Molpro::pot: 0-th energy correction = -1.83729e-07 kcal/mole
Molpro::pot: 1-th energy correction = 0 kcal/mole
molpro_pot: 0-th energy = -5.35716e-05 kcal/mol
molpro_pot: 1-th energy = -5.33878e-05 kcal/mol
molpro_pot: coordinates (angstrom):

C, 0.338341, 0.461854, 0.33874
H, 1.25229, -0.0279941, 0.634132
H, -0.601926, -0.0600572, 0.416363
H, 0.36415, 1.47427, -0.0312178
H, -5.04308, -6.88544, -5.0526

molpro_pot: interatomic distances matrix (angstrom):

\     C1    H2    H3    H4
H2  1.08
H3  1.08  1.87
H4  1.08  1.87  1.87
H5  10.6  10.9  9.81  11.2

Molpro::pot: 1-th molpro energy = -1.18982e-05 kcal/mole

Molpro::pot: 0-th energy correction = -1.8377e-07 kcal/mole
Molpro::pot: 1-th energy correction = 0 kcal/mole
molpro_pot: 0-th energy = -1.2082e-05 kcal/mol
molpro_pot: 1-th energy = -1.18982e-05 kcal/mol
molpro_pot: coordinates (angstrom):

C, -0.597137, -0.18485, 0.228463
H, -1.18881, 0.236684, -0.568251
H, 0.186137, -0.890467, 0.00239909
H, -0.786518, 0.101388, 1.25058
H, 8.89919, 2.75337, -3.40499

molpro_pot: interatomic distances matrix (angstrom):

\     C1    H2    H3    H4
H2  1.08
H3  1.08  1.87
H4  1.08  1.87  1.87
H5  10.6  10.8    10  11.1

Molpro::pot: 1-th molpro energy = -5.74254e-05 kcal/mole

Molpro::pot: 0-th energy correction = -1.83657e-07 kcal/mole
Molpro::pot: 1-th energy correction = 0 kcal/mole
molpro_pot: 0-th energy = -5.76091e-05 kcal/mol
molpro_pot: 1-th energy = -5.74254e-05 kcal/mol
molpro_pot: coordinates (angstrom):

C, 0.451057, 0.182751, 0.453458
H, 0.542879, 1.22208, 0.725274
H, 1.33095, -0.388933, 0.205497
H, -0.519874, -0.285627, 0.432581
H, -6.72461, -2.7235, -6.7626

molpro_pot: interatomic distances matrix (angstrom):

\     C1    H2    H3    H4
H2  1.08
H3  1.08  1.87
H4  1.08  1.87  1.87
H5  10.6  11.2  10.9  9.81

Molpro::pot: 1-th molpro energy = -5.85285e-05 kcal/mole

Molpro::pot: 0-th energy correction = -1.83785e-07 kcal/mole
Molpro::pot: 1-th energy correction = 0 kcal/mole
molpro_pot: 0-th energy = -5.87123e-05 kcal/mol
molpro_pot: 1-th energy = -5.85285e-05 kcal/mol
molpro_pot: coordinates (angstrom):

C, -0.22395, -0.547222, -0.304703
H, 0.830068, -0.42866, -0.111044
H, -0.646806, -0.180964, -1.22642
H, -0.854394, -1.03458, 0.421616
H, 3.33767, 8.15988, 4.54389

molpro_pot: interatomic distances matrix (angstrom):

\     C1    H2    H3    H4
H2  1.08
H3  1.08  1.87
H4  1.08  1.87  1.87
H5  10.6  10.1  10.9  10.9

Molpro::pot: 1-th molpro energy = 1.1135e-05 kcal/mole

Molpro::pot: 0-th energy correction = -1.83792e-07 kcal/mole
Molpro::pot: 1-th energy correction = 0 kcal/mole
molpro_pot: 0-th energy = 1.09512e-05 kcal/mol
molpro_pot: 1-th energy = 1.1135e-05 kcal/mol

(1,0)-th SURFACE:

molpro_pot: coordinates (angstrom):

C, -0.291111, 0.475727, -0.093577
H, -0.978516, 1.20501, -0.491247
H, -0.0203413, -0.386254, -0.681957
H, 0.127818, 0.609849, 0.890817
H, 4.33725, -7.093, 1.39659

molpro_pot: interatomic distances matrix (angstrom):

\     C1    H2    H3    H4
H2  1.08
H3  1.08  1.87
H4  1.08  1.87  1.87
H5     9    10  8.26  8.79

Molpro::pot: 1-th molpro energy = -0.000141445 kcal/mole

Molpro::pot: 0-th energy correction = -4.39618e-06 kcal/mole
Molpro::pot: 1-th energy correction = 0 kcal/mole
molpro_pot: 0-th energy = -0.000145841 kcal/mol
molpro_pot: 1-th energy = -0.000141445 kcal/mol
molpro_pot: coordinates (angstrom):

C, 0.34925, 0.442773, -0.0440372
H, 1.00991, -0.240094, 0.465602
H, -0.48693, 0.0627927, -0.608782
H, 0.522784, 1.50536, 0.0135225
H, -5.20422, -6.60009, 0.654001

molpro_pot: interatomic distances matrix (angstrom):

\     C1    H2    H3    H4
H2  1.08
H3  1.08  1.87
H4  1.08  1.87  1.87
H5     9  8.89  8.26  9.95

Molpro::pot: 1-th molpro energy = -7.78723e-05 kcal/mole

Molpro::pot: 0-th energy correction = -4.39505e-06 kcal/mole
Molpro::pot: 1-th energy correction = 0 kcal/mole
molpro_pot: 0-th energy = -8.22674e-05 kcal/mol
molpro_pot: 1-th energy = -7.78723e-05 kcal/mol
molpro_pot: coordinates (angstrom):

C, -0.0184625, -0.124711, -0.55134
H, 0.134555, 0.42131, 0.3657
H, 0.530502, 0.147691, -1.43844
H, -0.717839, -0.944795, -0.580592
H, 0.272612, 1.8607, 8.21805

molpro_pot: interatomic distances matrix (angstrom):

\     C1    H2    H3    H4
H2  1.08
H3  1.08  1.87
H4  1.08  1.87  1.87
H5     9  7.98  9.81  9.29

Molpro::pot: 1-th molpro energy = -8.72313e-05 kcal/mole

Molpro::pot: 0-th energy correction = -4.39578e-06 kcal/mole
Molpro::pot: 1-th energy correction = 0 kcal/mole
molpro_pot: 0-th energy = -9.16271e-05 kcal/mol
molpro_pot: 1-th energy = -8.72313e-05 kcal/mol
molpro_pot: coordinates (angstrom):

C, -0.303037, 0.361233, 0.312491
H, -0.708693, 0.392182, 1.31099
H, 0.726215, 0.0797989, 0.157719
H, -0.927125, 0.608591, -0.531221
H, 4.51781, -5.38171, -4.65826

molpro_pot: interatomic distances matrix (angstrom):

\     C1    H2    H3    H4
H2  1.08
H3  1.08  1.87
H4  1.08  1.87  1.87
H5     9  9.81  8.21  9.09

Molpro::pot: 1-th molpro energy = -0.000115163 kcal/mole

Molpro::pot: 0-th energy correction = -4.39499e-06 kcal/mole
Molpro::pot: 1-th energy correction = 0 kcal/mole
molpro_pot: 0-th energy = -0.000119558 kcal/mol
molpro_pot: 1-th energy = -0.000115163 kcal/mol
molpro_pot: coordinates (angstrom):

C, 0.260769, -0.484471, -0.130209
H, 1.33854, -0.455711, -0.120095
H, -0.289114, 0.162204, -0.795009
H, -0.266932, -1.16179, 0.521937
H, -3.88743, 7.2238, 1.94355

molpro_pot: interatomic distances matrix (angstrom):

\     C1    H2    H3    H4
H2  1.08
H3  1.08  1.87
H4  1.08  1.87  1.87
H5     9  9.52  8.39  9.24

Molpro::pot: 1-th molpro energy = -0.000139866 kcal/mole

Molpro::pot: 0-th energy correction = -4.39735e-06 kcal/mole
Molpro::pot: 1-th energy correction = 0 kcal/mole
molpro_pot: 0-th energy = -0.000144264 kcal/mol
molpro_pot: 1-th energy = -0.000139866 kcal/mol

(1,0)-th SURFACE:

molpro_pot: coordinates (angstrom):

C, -0.477913, 0.159084, -0.257524
H, -0.372204, 0.11491, 0.814572
H, -0.501158, 1.11402, -0.757602
H, -0.557238, -0.751308, -0.829725
H, 7.12103, -2.37181, 3.83905

molpro_pot: interatomic distances matrix (angstrom):

\     C1    H2    H3    H4
H2  1.08
H3  1.08  1.87
H4  1.08  1.87  1.87
H5     9  8.45  9.56  9.13

Molpro::pot: 1-th molpro energy = -0.000110786 kcal/mole

Molpro::pot: 0-th energy correction = -4.39455e-06 kcal/mole
Molpro::pot: 1-th energy correction = 0 kcal/mole
molpro_pot: 0-th energy = -0.000115181 kcal/mol
molpro_pot: 1-th energy = -0.000110786 kcal/mol
molpro_pot: coordinates (angstrom):

C, 0.16145, 0.188655, -0.507929
H, 0.674244, 0.886628, 0.134247
H, -0.391982, 0.54779, -1.36072
H, 0.20456, -0.868289, -0.299282
H, -2.40918, -2.81241, 7.57358

molpro_pot: interatomic distances matrix (angstrom):

\     C1    H2    H3    H4
H2  1.08
H3  1.08  1.87
H4  1.08  1.87  1.87
H5     9  8.86  9.76  8.52

Molpro::pot: 1-th molpro energy = -9.89857e-05 kcal/mole

Molpro::pot: 0-th energy correction = -4.3975e-06 kcal/mole
Molpro::pot: 1-th energy correction = 0 kcal/mole
molpro_pot: 0-th energy = -0.000103383 kcal/mol
molpro_pot: 1-th energy = -9.89857e-05 kcal/mol
molpro_pot: coordinates (angstrom):

C, -0.289542, 0.454688, 0.170482
H, -1.2805, 0.0951659, 0.396897
H, 0.066032, 0.448998, -0.847385
H, 0.34453, 0.822658, 0.961097
H, 4.31746, -6.78072, -2.54051

molpro_pot: interatomic distances matrix (angstrom):

\     C1    H2    H3    H4
H2  1.08
H3  1.08  1.87
H4  1.08  1.87  1.87
H5     9  9.34  8.56  9.27

Molpro::pot: 1-th molpro energy = -0.00011167 kcal/mole

Molpro::pot: 0-th energy correction = -4.39756e-06 kcal/mole
Molpro::pot: 1-th energy correction = 0 kcal/mole
molpro_pot: 0-th energy = -0.000116068 kcal/mol
molpro_pot: 1-th energy = -0.00011167 kcal/mol
molpro_pot: coordinates (angstrom):

C, -0.101211, -0.535224, 0.151607
H, -0.263401, -1.27383, -0.616947
H, -0.635951, -0.603141, 1.08539
H, 0.597706, 0.269258, -0.0122407
H, 1.50674, 7.98052, -2.26136

molpro_pot: interatomic distances matrix (angstrom):

\     C1    H2    H3    H4
H2  1.08
H3  1.08  1.87
H4  1.08  1.87  1.87
H5     9  9.56  9.46  8.08

Molpro::pot: 1-th molpro energy = -0.000102265 kcal/mole

Molpro::pot: 0-th energy correction = -4.39716e-06 kcal/mole
Molpro::pot: 1-th energy correction = 0 kcal/mole
molpro_pot: 0-th energy = -0.000106662 kcal/mol
molpro_pot: 1-th energy = -0.000102265 kcal/mol
molpro_pot: coordinates (angstrom):

C, -0.436848, -0.30999, 0.181866
H, -0.479153, -1.04512, -0.605731
H, 0.516597, 0.063582, 0.519365
H, -1.34768, 0.053785, 0.629728
H, 6.5117, 4.61875, -2.70881

molpro_pot: interatomic distances matrix (angstrom):

\     C1    H2    H3    H4
H2  1.08
H3  1.08  1.87
H4  1.08  1.87  1.87
H5     9  9.24  8.19  9.68

Molpro::pot: 1-th molpro energy = -0.000141799 kcal/mole

Molpro::pot: 0-th energy correction = -4.39472e-06 kcal/mole
Molpro::pot: 1-th energy correction = 0 kcal/mole
molpro_pot: 0-th energy = -0.000146194 kcal/mol
molpro_pot: 1-th energy = -0.000141799 kcal/mol

(2,0)-th SURFACE:

molpro_pot: coordinates (angstrom):

C, -0.305827, 0.381373, 0.164543
H, -0.697396, -0.374661, 0.826058
H, 0.752511, 0.42531, -0.0367253
H, -0.972593, 1.0913, -0.298006
H, 4.5589, -5.68289, -2.45051

molpro_pot: interatomic distances matrix (angstrom):

\     C1    H2    H3    H4
H2  1.08
H3  1.08  1.87
H4  1.08  1.87  1.87
H5   8.2  8.16  7.59  9.01

Molpro::pot: 1-th molpro energy = -0.000212343 kcal/mole

Molpro::pot: 0-th energy correction = -2.14964e-05 kcal/mole
Molpro::pot: 1-th energy correction = 0 kcal/mole
molpro_pot: 0-th energy = -0.00023384 kcal/mol
molpro_pot: 1-th energy = -0.000212343 kcal/mol
molpro_pot: coordinates (angstrom):

C, -0.368076, -0.0777942, 0.352739
H, -0.608178, 0.0504408, 1.39601
H, 0.34188, 0.58068, -0.121489
H, -0.83534, -0.866083, -0.215404
H, 5.48425, 1.16124, -5.25912

molpro_pot: interatomic distances matrix (angstrom):

\     C1    H2    H3    H4
H2  1.08
H3  1.08  1.87
H4  1.08  1.87  1.87
H5   8.2  9.09  7.29  8.34

Molpro::pot: 1-th molpro energy = -0.000173325 kcal/mole

Molpro::pot: 0-th energy correction = -2.15003e-05 kcal/mole
Molpro::pot: 1-th energy correction = 0 kcal/mole
molpro_pot: 0-th energy = -0.000194826 kcal/mol
molpro_pot: 1-th energy = -0.000173325 kcal/mol
molpro_pot: coordinates (angstrom):

C, -0.11923, -0.253974, -0.432699
H, -0.637986, -0.0325763, -1.35161
H, 0.220286, 0.549393, 0.201217
H, 0.0572672, -1.27832, -0.146187
H, 1.78008, 3.78553, 6.44864

molpro_pot: interatomic distances matrix (angstrom):

\     C1    H2    H3    H4
H2  1.08
H3  1.08  1.87
H4  1.08  1.87  1.87
H5   8.2  9.01  7.21  8.49

Molpro::pot: 1-th molpro energy = -0.000275058 kcal/mole

Molpro::pot: 0-th energy correction = -2.15007e-05 kcal/mole
Molpro::pot: 1-th energy correction = 0 kcal/mole
molpro_pot: 0-th energy = -0.000296558 kcal/mol
molpro_pot: 1-th energy = -0.000275058 kcal/mol
molpro_pot: coordinates (angstrom):

C, 0.206589, 0.37693, -0.284714
H, 0.399831, 0.781416, -1.26531
H, 0.848852, 0.636934, 0.54137
H, -0.630364, -0.284837, -0.129488
H, -3.07814, -5.62156, 4.24347

molpro_pot: interatomic distances matrix (angstrom):

\     C1    H2    H3    H4
H2  1.08
H3  1.08  1.87
H4  1.08  1.87  1.87
H5   8.2  9.13  8.26  7.32

Molpro::pot: 1-th molpro energy = -0.000232298 kcal/mole

Molpro::pot: 0-th energy correction = -2.1506e-05 kcal/mole
Molpro::pot: 1-th energy correction = 0 kcal/mole
molpro_pot: 0-th energy = -0.000253804 kcal/mol
molpro_pot: 1-th energy = -0.000232298 kcal/mol
molpro_pot: coordinates (angstrom):

C, -0.379864, -0.295254, 0.186105
H, -0.476597, -0.732531, -0.794684
H, 0.400801, -0.629685, 0.850361
H, -1.06152, 0.478317, 0.501461
H, 5.6603, 4.39944, -2.77306

molpro_pot: interatomic distances matrix (angstrom):

\     C1    H2    H3    H4
H2  1.08
H3  1.08  1.87
H4  1.08  1.87  1.87
H5   8.2  8.24  8.13  8.44

Molpro::pot: 1-th molpro energy = -0.000149023 kcal/mole

Molpro::pot: 0-th energy correction = -2.1494e-05 kcal/mole
Molpro::pot: 1-th energy correction = 0 kcal/mole
molpro_pot: 0-th energy = -0.000170517 kcal/mol
molpro_pot: 1-th energy = -0.000149023 kcal/mol

(3,0)-th SURFACE:

molpro_pot: coordinates (angstrom):

C, -0.0119546, -0.461183, -0.10255
H, -0.457835, -0.289929, 0.864083
H, -0.587935, -0.29434, -0.998612
H, 1.01045, -0.796164, -0.173299
H, 0.177666, 6.87166, 1.52887

molpro_pot: interatomic distances matrix (angstrom):

\     C1    H2    H3    H4
H2  1.08
H3  1.08  1.87
H4  1.08  1.87  1.87
H5  7.51  7.22  7.64   7.9

Molpro::pot: 1-th molpro energy = -0.000342261 kcal/mole

Molpro::pot: 0-th energy correction = -8.5083e-05 kcal/mole
Molpro::pot: 1-th energy correction = 0 kcal/mole
molpro_pot: 0-th energy = -0.000427344 kcal/mol
molpro_pot: 1-th energy = -0.000342261 kcal/mol
molpro_pot: coordinates (angstrom):

C, 0.420431, -0.140312, 0.163905
H, 0.770991, -0.835957, -0.581549
H, 0.969131, 0.768345, 0.353081
H, -0.480134, -0.351642, 0.71784
H, -6.26598, 2.08993, -2.44096

molpro_pot: interatomic distances matrix (angstrom):

\     C1    H2    H3    H4
H2  1.08
H3  1.08  1.87
H4  1.08  1.87  1.87
H5  7.51  7.84  7.87  7.03

Molpro::pot: 1-th molpro energy = -0.000312713 kcal/mole

Molpro::pot: 0-th energy correction = -8.50892e-05 kcal/mole
Molpro::pot: 1-th energy correction = 0 kcal/mole
molpro_pot: 0-th energy = -0.000397802 kcal/mol
molpro_pot: 1-th energy = -0.000312713 kcal/mol
molpro_pot: coordinates (angstrom):

C, -0.0235631, -0.298961, -0.364838
H, 0.896137, -0.492116, 0.163706
H, -0.079315, -0.467675, -1.4283
H, -0.888134, 0.0598085, 0.170253
H, 0.351874, 4.45967, 5.4384

molpro_pot: interatomic distances matrix (angstrom):

\     C1    H2    H3    H4
H2  1.08
H3  1.08  1.87
H4  1.08  1.87  1.87
H5  7.51  7.26  8.46  6.97

Molpro::pot: 1-th molpro energy = -0.00036241 kcal/mole

Molpro::pot: 0-th energy correction = -8.51386e-05 kcal/mole
Molpro::pot: 1-th energy correction = 0 kcal/mole
molpro_pot: 0-th energy = -0.000447549 kcal/mol
molpro_pot: 1-th energy = -0.00036241 kcal/mol
molpro_pot: coordinates (angstrom):

C, 0.185967, -0.0440647, 0.432121
H, -0.445948, 0.214522, 1.26659
H, -0.254804, -0.361063, -0.499411
H, 1.25814, 0.0172541, 0.528043
H, -2.77167, 0.653958, -6.44041

molpro_pot: interatomic distances matrix (angstrom):

\     C1    H2    H3    H4
H2  1.08
H3  1.08  1.87
H4  1.08  1.87  1.87
H5  7.51  8.06  6.53  8.07

Molpro::pot: 1-th molpro energy = -0.000395468 kcal/mole

Molpro::pot: 0-th energy correction = -8.51001e-05 kcal/mole
Molpro::pot: 1-th energy correction = 0 kcal/mole
molpro_pot: 0-th energy = -0.000480568 kcal/mol
molpro_pot: 1-th energy = -0.000395468 kcal/mol
molpro_pot: coordinates (angstrom):

C, 0.0157874, 0.450559, 0.141298
H, -0.145068, -0.0200759, 1.09793
H, 0.504368, 1.41026, 0.088493
H, -0.308978, -0.0396214, -0.762456
H, -0.238301, -6.71528, -2.10638

molpro_pot: interatomic distances matrix (angstrom):

\     C1    H2    H3    H4
H2  1.08
H3  1.08  1.87
H4  1.08  1.87  1.87
H5  7.51  7.42  8.45  6.81

Molpro::pot: 1-th molpro energy = -0.000382203 kcal/mole

Molpro::pot: 0-th energy correction = -8.51067e-05 kcal/mole
Molpro::pot: 1-th energy correction = 0 kcal/mole
molpro_pot: 0-th energy = -0.00046731 kcal/mol
molpro_pot: 1-th energy = -0.000382203 kcal/mol

(4,0)-th SURFACE:

molpro_pot: coordinates (angstrom):

C, -0.0921297, -0.000447169, 0.422733
H, 0.478458, -0.77846, -0.0585569
H, 0.395863, 0.906472, 0.741918
H, -1.15086, -0.127881, 0.58204
H, 1.37351, 0.00519397, -6.29881

molpro_pot: interatomic distances matrix (angstrom):

\     C1    H2    H3    H4
H2  1.08
H3  1.08  1.87
H4  1.08  1.87  1.87
H5  6.88  6.35  7.17  7.33

Molpro::pot: 1-th molpro energy = -0.000587088 kcal/mole

Molpro::pot: 0-th energy correction = -0.000302981 kcal/mole
Molpro::pot: 1-th energy correction = 0 kcal/mole
molpro_pot: 0-th energy = -0.000890069 kcal/mol
molpro_pot: 1-th energy = -0.000587088 kcal/mol
molpro_pot: coordinates (angstrom):

C, 0.239255, -0.185416, -0.308697
H, 0.190474, 0.859104, -0.045804
H, 0.143563, -0.48644, -1.33959
H, 0.386766, -0.928463, 0.458533
H, -3.56958, 2.76352, 4.60247

molpro_pot: interatomic distances matrix (angstrom):

\     C1    H2    H3    H4
H2  1.08
H3  1.08  1.87
H4  1.08  1.87  1.87
H5  6.88  6.27  7.72  6.82

Molpro::pot: 1-th molpro energy = -0.00055188 kcal/mole

Molpro::pot: 0-th energy correction = -0.000303174 kcal/mole
Molpro::pot: 1-th energy correction = 0 kcal/mole
molpro_pot: 0-th energy = -0.000855054 kcal/mol
molpro_pot: 1-th energy = -0.00055188 kcal/mol
molpro_pot: coordinates (angstrom):

C, -0.313909, 0.146595, -0.258679
H, -0.499367, 1.20727, -0.314256
H, -1.10153, -0.551015, -0.494302
H, 0.659611, -0.216445, 0.0293857
H, 4.67894, -2.18529, 3.85922

molpro_pot: interatomic distances matrix (angstrom):

\     C1    H2    H3    H4
H2  1.08
H3  1.08  1.87
H4  1.08  1.87  1.87
H5  6.88  7.47  7.42  5.89

Molpro::pot: 1-th molpro energy = -0.000774224 kcal/mole

Molpro::pot: 0-th energy correction = -0.000303154 kcal/mole
Molpro::pot: 1-th energy correction = 0 kcal/mole
molpro_pot: 0-th energy = -0.00107738 kcal/mol
molpro_pot: 1-th energy = -0.000774224 kcal/mol
molpro_pot: coordinates (angstrom):

C, -0.417295, 0.0775, -0.0832758
H, 0.652257, 0.1088, -0.215912
H, -0.866732, -0.722857, 0.482368
H, -1.03699, 0.847869, -0.513434
H, 6.22012, -1.15659, 1.23853

molpro_pot: interatomic distances matrix (angstrom):

\     C1    H2    H3    H4
H2  1.08
H3  1.08  1.87
H4  1.08  1.87  1.87
H5  6.88  5.89  7.14  7.73

Molpro::pot: 1-th molpro energy = -0.000765109 kcal/mole

Molpro::pot: 0-th energy correction = -0.000303061 kcal/mole
Molpro::pot: 1-th energy correction = 0 kcal/mole
molpro_pot: 0-th energy = -0.00106817 kcal/mol
molpro_pot: 1-th energy = -0.000765109 kcal/mol
molpro_pot: coordinates (angstrom):

C, -0.176375, -0.320358, -0.230874
H, 0.0432601, 0.679891, 0.106433
H, 0.187296, -1.16875, 0.326347
H, -0.762047, -0.472289, -1.1233
H, 2.63156, 4.7756, 3.4395

molpro_pot: interatomic distances matrix (angstrom):

\     C1    H2    H3    H4
H2  1.08
H3  1.08  1.87
H4  1.08  1.87  1.87
H5  6.88  5.88  7.14  7.74

Molpro::pot: 1-th molpro energy = -0.000752996 kcal/mole

Molpro::pot: 0-th energy correction = -0.000303087 kcal/mole
Molpro::pot: 1-th energy correction = 0 kcal/mole
molpro_pot: 0-th energy = -0.00105608 kcal/mol
molpro_pot: 1-th energy = -0.000752996 kcal/mol

(5,0)-th SURFACE:

molpro_pot: coordinates (angstrom):

C, 0.362628, 0.140042, 0.104974
H, 0.0930752, -0.554081, -0.674801
H, 0.954116, 1.01048, -0.129528
H, 0.0382753, -0.0344601, 1.11832
H, -5.40322, -2.08939, -1.5639

molpro_pot: interatomic distances matrix (angstrom):

\     C1    H2    H3    H4
H2  1.08
H3  1.08  1.87
H4  1.08  1.87  1.87
H5   6.4  5.78  7.22  6.41

Molpro::pot: 1-th molpro energy = -0.000984124 kcal/mole

Molpro::pot: 0-th energy correction = -0.000785479 kcal/mole
Molpro::pot: 1-th energy correction = 0 kcal/mole
molpro_pot: 0-th energy = -0.0017696 kcal/mol
molpro_pot: 1-th energy = -0.000984124 kcal/mol
molpro_pot: coordinates (angstrom):

C, 0.140487, 0.212046, -0.312103
H, -0.595774, 0.972689, -0.107517
H, 0.38816, -0.515216, 0.44438
H, 0.626691, 0.176682, -1.27381
H, -2.09184, -3.15895, 4.65311

molpro_pot: interatomic distances matrix (angstrom):

\     C1    H2    H3    H4
H2  1.08
H3  1.08  1.87
H4  1.08  1.87  1.87
H5   6.4  6.48  5.55  7.32

Molpro::pot: 1-th molpro energy = -0.0012296 kcal/mole

Molpro::pot: 0-th energy correction = -0.000785521 kcal/mole
Molpro::pot: 1-th energy correction = 0 kcal/mole
molpro_pot: 0-th energy = -0.00201512 kcal/mol
molpro_pot: 1-th energy = -0.0012296 kcal/mol
molpro_pot: coordinates (angstrom):

C, 0.0241571, 0.368926, 0.159209
H, 0.563105, -0.373561, -0.407151
H, 0.442376, 1.35388, 0.291372
H, -0.934045, 0.127638, 0.590659
H, -0.359071, -5.5007, -2.37055

molpro_pot: interatomic distances matrix (angstrom):

\     C1    H2    H3    H4
H2  1.08
H3  1.08  1.87
H4  1.08  1.87  1.87
H5   6.4  5.57   7.4  6.39

Molpro::pot: 1-th molpro energy = -0.0011529 kcal/mole

Molpro::pot: 0-th energy correction = -0.000785661 kcal/mole
Molpro::pot: 1-th energy correction = 0 kcal/mole
molpro_pot: 0-th energy = -0.00193856 kcal/mol
molpro_pot: 1-th energy = -0.0011529 kcal/mol
molpro_pot: coordinates (angstrom):

C, 0.123504, -0.171097, 0.342633
H, 0.155411, 0.852179, 0.0043974
H, 1.02518, -0.654097, 0.683522
H, -0.810204, -0.710274, 0.342946
H, -1.84093, 2.54942, -5.11054

molpro_pot: interatomic distances matrix (angstrom):

\     C1    H2    H3    H4
H2  1.08
H3  1.08  1.87
H4  1.08  1.87  1.87
H5   6.4  5.75  7.21  6.44

Molpro::pot: 1-th molpro energy = -0.00100199 kcal/mole

Molpro::pot: 0-th energy correction = -0.00078588 kcal/mole
Molpro::pot: 1-th energy correction = 0 kcal/mole
molpro_pot: 0-th energy = -0.00178787 kcal/mol
molpro_pot: 1-th energy = -0.00100199 kcal/mol
molpro_pot: coordinates (angstrom):

C, 0.179217, 0.336924, 0.127978
H, 0.223103, 1.24516, 0.707372
H, 0.997948, 0.0724455, -0.521829
H, -0.681624, -0.308209, 0.200619
H, -2.67334, -5.0211, -1.90997

molpro_pot: interatomic distances matrix (angstrom):

\     C1    H2    H3    H4
H2  1.08
H3  1.08  1.87
H4  1.08  1.87  1.87
H5   6.4  7.38  6.43  5.53

Molpro::pot: 1-th molpro energy = -0.00124981 kcal/mole

Molpro::pot: 0-th energy correction = -0.000785704 kcal/mole
Molpro::pot: 1-th energy correction = 0 kcal/mole
molpro_pot: 0-th energy = -0.00203551 kcal/mol
molpro_pot: 1-th energy = -0.00124981 kcal/mol

(5,0)-th SURFACE:

molpro_pot: coordinates (angstrom):

C, -0.11912, -0.0422727, -0.382242
H, 0.0037642, -0.380936, -1.39847
H, 0.193616, -0.670399, 0.436398
H, -0.551698, 0.92539, -0.184693
H, 1.77266, 0.629279, 5.69805

molpro_pot: interatomic distances matrix (angstrom):

\     C1    H2    H3    H4
H2  1.08
H3  1.08  1.87
H4  1.08  1.87  1.87
H5   6.4  7.38  5.65  6.33

Molpro::pot: 1-th molpro energy = -0.00109509 kcal/mole

Molpro::pot: 0-th energy correction = -0.000785567 kcal/mole
Molpro::pot: 1-th energy correction = 0 kcal/mole
molpro_pot: 0-th energy = -0.00188065 kcal/mol
molpro_pot: 1-th energy = -0.00109509 kcal/mol
molpro_pot: coordinates (angstrom):

C, 0.071173, 0.218232, -0.33044
H, 0.757541, 0.477854, 0.459503
H, -0.904577, 0.675411, -0.368092
H, 0.361466, -0.495939, -1.08424
H, -1.06187, -3.25577, 4.92732

molpro_pot: interatomic distances matrix (angstrom):

\     C1    H2    H3    H4
H2  1.08
H3  1.08  1.87
H4  1.08  1.87  1.87
H5   6.4   6.1   6.6  6.77

Molpro::pot: 1-th molpro energy = -0.000878868 kcal/mole

Molpro::pot: 0-th energy correction = -0.000785965 kcal/mole
Molpro::pot: 1-th energy correction = 0 kcal/mole
molpro_pot: 0-th energy = -0.00166483 kcal/mol
molpro_pot: 1-th energy = -0.000878868 kcal/mol
molpro_pot: coordinates (angstrom):

C, -0.217416, 0.150192, 0.30376
H, 0.0970498, 1.17714, 0.208855
H, -1.20503, -0.0790144, 0.67063
H, 0.454256, -0.647237, 0.0290154
H, 3.24246, -2.23919, -4.52533

molpro_pot: interatomic distances matrix (angstrom):

\     C1    H2    H3    H4
H2  1.08
H3  1.08  1.87
H4  1.08  1.87  1.87
H5   6.4  6.63  7.17  5.57

Molpro::pot: 1-th molpro energy = -0.00116391 kcal/mole

Molpro::pot: 0-th energy correction = -0.000785543 kcal/mole
Molpro::pot: 1-th energy correction = 0 kcal/mole
molpro_pot: 0-th energy = -0.00194945 kcal/mol
molpro_pot: 1-th energy = -0.00116391 kcal/mol
molpro_pot: coordinates (angstrom):

C, -0.234662, 0.327202, 0.00479961
H, -0.374265, 0.124825, -1.045
H, -0.12691, -0.488984, 0.701038
H, -0.199704, 1.34534, 0.357912
H, 3.49496, -4.87713, -0.0711025

molpro_pot: interatomic distances matrix (angstrom):

\     C1    H2    H3    H4
H2  1.08
H3  1.08  1.87
H4  1.08  1.87  1.87
H5   6.4   6.4  5.74  7.25

Molpro::pot: 1-th molpro energy = -0.00103849 kcal/mole

Molpro::pot: 0-th energy correction = -0.00078544 kcal/mole
Molpro::pot: 1-th energy correction = 0 kcal/mole
molpro_pot: 0-th energy = -0.00182393 kcal/mol
molpro_pot: 1-th energy = -0.00103849 kcal/mol
molpro_pot: coordinates (angstrom):

C, 0.0742872, -0.388152, -0.0775485
H, -0.0328178, -0.941845, 0.841401
H, -0.793559, -0.169046, -0.678676
H, 1.04836, -0.0509706, -0.39378
H, -1.10651, 5.78352, 1.15441

molpro_pot: interatomic distances matrix (angstrom):

\     C1    H2    H3    H4
H2  1.08
H3  1.08  1.87
H4  1.08  1.87  1.87
H5   6.4  6.82  6.24  6.41

Molpro::pot: 1-th molpro energy = -0.000807169 kcal/mole

Molpro::pot: 0-th energy correction = -0.000785354 kcal/mole
Molpro::pot: 1-th energy correction = 0 kcal/mole
molpro_pot: 0-th energy = -0.00159252 kcal/mol
molpro_pot: 1-th energy = -0.000807169 kcal/mol

(6,0)-th SURFACE:

molpro_pot: coordinates (angstrom):

C, -0.110521, -0.206372, -0.294335
H, -0.856325, -0.965656, -0.121766
H, -0.359595, 0.673263, -0.865931
H, 0.883097, -0.325096, 0.107098
H, 1.64878, 3.07473, 4.3852

molpro_pot: interatomic distances matrix (angstrom):

\     C1    H2    H3    H4
H2  1.08
H3  1.08  1.87
H4  1.08  1.87  1.87
H5  5.98  6.55  6.11  5.52

Molpro::pot: 1-th molpro energy = -0.00163141 kcal/mole

Molpro::pot: 0-th energy correction = -0.00183148 kcal/mole
Molpro::pot: 1-th energy correction = 0 kcal/mole
molpro_pot: 0-th energy = -0.00346288 kcal/mol
molpro_pot: 1-th energy = -0.00163141 kcal/mol
molpro_pot: coordinates (angstrom):

C, -0.0676865, -0.363632, 0.0677619
H, -0.713392, -1.2031, -0.134405
H, 0.692757, -0.0852808, -0.644112
H, -0.184308, 0.199237, 0.979956
H, 1.01087, 5.41885, -1.00827

molpro_pot: interatomic distances matrix (angstrom):

\     C1    H2    H3    H4
H2  1.08
H3  1.08  1.87
H4  1.08  1.87  1.87
H5  5.98   6.9  5.53  5.71

Molpro::pot: 1-th molpro energy = -0.0016169 kcal/mole

Molpro::pot: 0-th energy correction = -0.00183165 kcal/mole
Molpro::pot: 1-th energy correction = 0 kcal/mole
molpro_pot: 0-th energy = -0.00344856 kcal/mol
molpro_pot: 1-th energy = -0.0016169 kcal/mol
molpro_pot: coordinates (angstrom):

C, 0.267599, -0.176819, 0.196444
H, 0.147405, -0.551808, -0.807275
H, 0.916231, 0.663946, 0.383282
H, -0.262968, -0.640358, 1.01263
H, -3.98692, 2.63357, -2.92766

molpro_pot: interatomic distances matrix (angstrom):

\     C1    H2    H3    H4
H2  1.08
H3  1.08  1.87
H4  1.08  1.87  1.87
H5  5.98  5.63  6.24  6.33

Molpro::pot: 1-th molpro energy = -0.00160327 kcal/mole

Molpro::pot: 0-th energy correction = -0.00183135 kcal/mole
Molpro::pot: 1-th energy correction = 0 kcal/mole
molpro_pot: 0-th energy = -0.00343462 kcal/mol
molpro_pot: 1-th energy = -0.00160327 kcal/mol
molpro_pot: coordinates (angstrom):

C, -0.31336, 0.0959461, -0.18431
H, -0.506202, 0.811353, 0.598965
H, -0.684568, 0.274934, -1.18065
H, 0.253092, -0.79661, 0.0278144
H, 4.6688, -1.43209, 2.74842

molpro_pot: interatomic distances matrix (angstrom):

\     C1    H2    H3    H4
H2  1.08
H3  1.08  1.87
H4  1.08  1.87  1.87
H5  5.98  6.04  6.86  5.23

Molpro::pot: 1-th molpro energy = -0.00208291 kcal/mole

Molpro::pot: 0-th energy correction = -0.0018318 kcal/mole
Molpro::pot: 1-th energy correction = 0 kcal/mole
molpro_pot: 0-th energy = -0.00391472 kcal/mol
molpro_pot: 1-th energy = -0.00208291 kcal/mol
molpro_pot: coordinates (angstrom):

C, 0.0999193, -0.0679902, -0.356032
H, -0.324727, 0.363631, 0.536097
H, 1.0814, 0.233099, -0.685522
H, -0.4553, -0.802689, -0.916809
H, -1.49109, 1.01551, 5.30545

molpro_pot: interatomic distances matrix (angstrom):

\     C1    H2    H3    H4
H2  1.08
H3  1.08  1.87
H4  1.08  1.87  1.87
H5  5.98  4.95  6.57  6.56

Molpro::pot: 1-th molpro energy = -0.00317659 kcal/mole

Molpro::pot: 0-th energy correction = -0.00183183 kcal/mole
Molpro::pot: 1-th energy correction = 0 kcal/mole
molpro_pot: 0-th energy = -0.00500842 kcal/mol
molpro_pot: 1-th energy = -0.00317659 kcal/mol

(7,0)-th SURFACE:

molpro_pot: coordinates (angstrom):

C, -0.140769, 0.245368, 0.210337
H, -0.772903, 1.11642, 0.275047
H, 0.923158, 0.360503, 0.0787217
H, -0.571879, -0.740415, 0.280308
H, 2.09774, -3.65807, -3.13853

molpro_pot: interatomic distances matrix (angstrom):

\     C1    H2    H3    H4
H2  1.08
H3  1.08  1.87
H4  1.08  1.87  1.87
H5  5.61  6.53  5.28  5.23

Molpro::pot: 1-th molpro energy = -0.00292449 kcal/mole

Molpro::pot: 0-th energy correction = -0.00384405 kcal/mole
Molpro::pot: 1-th energy correction = 0 kcal/mole
molpro_pot: 0-th energy = -0.00676853 kcal/mol
molpro_pot: 1-th energy = -0.00292449 kcal/mol
molpro_pot: coordinates (angstrom):

C, -0.3503, 0.0307818, -0.0274366
H, -1.28841, 0.552544, 0.0736914
H, 0.204019, 0.0931665, -0.950127
H, 0.0349549, -0.550637, 0.794787
H, 5.2204, -0.461587, 0.408331

molpro_pot: interatomic distances matrix (angstrom):

\     C1    H2    H3    H4
H2  1.08
H3  1.08  1.87
H4  1.08  1.87  1.87
H5  5.61   6.6  5.23   5.2

Molpro::pot: 1-th molpro energy = -0.00291386 kcal/mole

Molpro::pot: 0-th energy correction = -0.00384245 kcal/mole
Molpro::pot: 1-th energy correction = 0 kcal/mole
molpro_pot: 0-th energy = -0.00675631 kcal/mol
molpro_pot: 1-th energy = -0.00291386 kcal/mol
molpro_pot: coordinates (angstrom):

C, 0.0756551, -0.343208, -0.0297063
H, 0.559398, 0.0964589, 0.827732
H, -0.680642, 0.209393, -0.563715
H, 0.350207, -1.33384, -0.354965
H, -1.12978, 5.11451, 0.444655

molpro_pot: interatomic distances matrix (angstrom):

\     C1    H2    H3    H4
H2  1.08
H3  1.08  1.87
H4  1.08  1.87  1.87
H5  5.61  5.31  5.03  6.66

Molpro::pot: 1-th molpro energy = -0.00304393 kcal/mole

Molpro::pot: 0-th energy correction = -0.00384258 kcal/mole
Molpro::pot: 1-th energy correction = 0 kcal/mole
molpro_pot: 0-th energy = -0.00688651 kcal/mol
molpro_pot: 1-th energy = -0.00304393 kcal/mol
molpro_pot: coordinates (angstrom):

C, -0.143919, -0.320443, 0.0331849
H, -1.05802, -0.0569902, -0.474287
H, 0.764598, -0.458812, -0.530703
H, -0.137527, -0.442469, 1.10444
H, 2.14457, 4.77373, -0.494578

molpro_pot: interatomic distances matrix (angstrom):

\     C1    H2    H3    H4
H2  1.08
H3  1.08  1.87
H4  1.08  1.87  1.87
H5  5.61   5.8  5.41  5.91

Molpro::pot: 1-th molpro energy = -0.00313518 kcal/mole

Molpro::pot: 0-th energy correction = -0.00384149 kcal/mole
Molpro::pot: 1-th energy correction = 0 kcal/mole
molpro_pot: 0-th energy = -0.00697668 kcal/mol
molpro_pot: 1-th energy = -0.00313518 kcal/mol
molpro_pot: coordinates (angstrom):

C, 0.0813498, 0.13154, -0.31703
H, -0.820038, 0.221308, -0.9018
H, 0.0298385, 0.158108, 0.759613
H, 1.03356, 0.0121384, -0.808515
H, -1.21198, -1.95778, 4.72552

molpro_pot: interatomic distances matrix (angstrom):

\     C1    H2    H3    H4
H2  1.08
H3  1.08  1.87
H4  1.08  1.87  1.87
H5  5.61  6.05  4.66  6.29

Molpro::pot: 1-th molpro energy = -0.00497858 kcal/mole

Molpro::pot: 0-th energy correction = -0.00384225 kcal/mole
Molpro::pot: 1-th energy correction = 0 kcal/mole
molpro_pot: 0-th energy = -0.00882083 kcal/mol
molpro_pot: 1-th energy = -0.00497858 kcal/mol

(8,0)-th SURFACE:

molpro_pot: coordinates (angstrom):

C, 0.223154, -0.209862, 0.129508
H, -0.338121, 0.172482, -0.707927
H, -0.254314, -0.857209, 0.84748
H, 1.2623, 0.0524613, 0.247338
H, -3.32693, 3.13105, -1.92892

molpro_pot: interatomic distances matrix (angstrom):

\     C1    H2    H3    H4
H2  1.08
H3  1.08  1.87
H4  1.08  1.87  1.87
H5  5.29  4.38  5.75  5.94

Molpro::pot: 1-th molpro energy = -0.0077616 kcal/mole

Molpro::pot: 0-th energy correction = -0.00725331 kcal/mole
Molpro::pot: 1-th energy correction = 0 kcal/mole
molpro_pot: 0-th energy = -0.0150149 kcal/mol
molpro_pot: 1-th energy = -0.0077616 kcal/mol
molpro_pot: coordinates (angstrom):

C, -0.315937, 0.0489901, 0.0917793
H, 0.602528, 0.613735, 0.0930685
H, -1.16538, 0.400807, 0.654972
H, -0.386042, -0.865591, -0.47492
H, 4.7107, -0.732268, -1.36592

molpro_pot: interatomic distances matrix (angstrom):

\     C1    H2    H3    H4
H2  1.08
H3  1.08  1.87
H4  1.08  1.87  1.87
H5  5.29  4.56  6.32  5.18

Molpro::pot: 1-th molpro energy = -0.00550569 kcal/mole

Molpro::pot: 0-th energy correction = -0.00725271 kcal/mole
Molpro::pot: 1-th energy correction = 0 kcal/mole
molpro_pot: 0-th energy = -0.0127584 kcal/mol
molpro_pot: 1-th energy = -0.00550569 kcal/mol
molpro_pot: coordinates (angstrom):

C, 0.307342, 0.120271, -0.0402257
H, -0.057159, 0.0345954, -1.05132
H, 0.674521, -0.752351, 0.475748
H, 0.307597, 1.07868, 0.453712
H, -4.58442, -1.79298, 0.600822

molpro_pot: interatomic distances matrix (angstrom):

\     C1    H2    H3    H4
H2  1.08
H3  1.08  1.87
H4  1.08  1.87  1.87
H5  5.29  5.15  5.36  5.67

Molpro::pot: 1-th molpro energy = -0.00687013 kcal/mole

Molpro::pot: 0-th energy correction = -0.00725483 kcal/mole
Molpro::pot: 1-th energy correction = 0 kcal/mole
molpro_pot: 0-th energy = -0.014125 kcal/mol
molpro_pot: 1-th energy = -0.00687013 kcal/mol
molpro_pot: coordinates (angstrom):

C, -0.0972418, 0.27489, 0.160025
H, 0.396973, -0.268591, -0.629213
H, 0.204437, 0.129519, 1.1849
H, -0.890727, 0.965794, -0.0756725
H, 1.44716, -4.09979, -2.38541

molpro_pot: interatomic distances matrix (angstrom):

\     C1    H2    H3    H4
H2  1.08
H3  1.08  1.87
H4  1.08  1.87  1.87
H5  5.29  4.34  5.67  6.04

Molpro::pot: 1-th molpro energy = -0.00779652 kcal/mole

Molpro::pot: 0-th energy correction = -0.00725296 kcal/mole
Molpro::pot: 1-th energy correction = 0 kcal/mole
molpro_pot: 0-th energy = -0.0150495 kcal/mol
molpro_pot: 1-th energy = -0.00779652 kcal/mol
molpro_pot: coordinates (angstrom):

C, 0.0919088, 0.207149, 0.243352
H, 0.826197, 0.29351, 1.02813
H, -0.931179, -0.0306933, 0.486745
H, 0.379815, 0.361594, -0.784158
H, -1.36918, -3.0909, -3.62827

molpro_pot: interatomic distances matrix (angstrom):

\     C1    H2    H3    H4
H2  1.08
H3  1.08  1.87
H4  1.08  1.87  1.87
H5  5.29  6.16  5.15   4.8

Molpro::pot: 1-th molpro energy = -0.00570734 kcal/mole

Molpro::pot: 0-th energy correction = -0.00725404 kcal/mole
Molpro::pot: 1-th energy correction = 0 kcal/mole
molpro_pot: 0-th energy = -0.0129614 kcal/mol
molpro_pot: 1-th energy = -0.00570734 kcal/mol

(8,0)-th SURFACE:

molpro_pot: coordinates (angstrom):

C, -0.271719, 0.024885, -0.190199
H, -0.892008, -0.112362, -1.06136
H, 0.687156, 0.509183, -0.282577
H, -0.611398, -0.319201, 0.773515
H, 4.05156, -0.373921, 2.83509

molpro_pot: interatomic distances matrix (angstrom):

\     C1    H2    H3    H4
H2  1.08
H3  1.08  1.87
H4  1.08  1.87  1.87
H5  5.29   6.3  4.67   5.1

Molpro::pot: 1-th molpro energy = -0.00528647 kcal/mole

Molpro::pot: 0-th energy correction = -0.007253 kcal/mole
Molpro::pot: 1-th energy correction = 0 kcal/mole
molpro_pot: 0-th energy = -0.0125395 kcal/mol
molpro_pot: 1-th energy = -0.00528647 kcal/mol
molpro_pot: coordinates (angstrom):

C, 0.294573, -0.121789, -0.095486
H, 1.33932, 0.139456, -0.14806
H, -0.00282931, -1.07251, 0.317065
H, -0.452736, 0.568601, -0.452432
H, -4.39119, 1.81458, 1.42036

molpro_pot: interatomic distances matrix (angstrom):

\     C1    H2    H3    H4
H2  1.08
H3  1.08  1.87
H4  1.08  1.87  1.87
H5  5.29  6.17  5.37  4.54

Molpro::pot: 1-th molpro energy = -0.00632319 kcal/mole

Molpro::pot: 0-th energy correction = -0.00725088 kcal/mole
Molpro::pot: 1-th energy correction = 0 kcal/mole
molpro_pot: 0-th energy = -0.0135741 kcal/mol
molpro_pot: 1-th energy = -0.00632319 kcal/mol
molpro_pot: coordinates (angstrom):

C, -0.261049, 0.206049, 0.00544076
H, -1.32635, 0.226286, -0.159616
H, 0.294592, 1.12893, 0.0510294
H, 0.248036, -0.73647, 0.127964
H, 3.89199, -3.07214, -0.0841602

molpro_pot: interatomic distances matrix (angstrom):

\     C1    H2    H3    H4
H2  1.08
H3  1.08  1.87
H4  1.08  1.87  1.87
H5  5.29  6.17  5.53  4.33

Molpro::pot: 1-th molpro energy = -0.00753997 kcal/mole

Molpro::pot: 0-th energy correction = -0.00725286 kcal/mole
Molpro::pot: 1-th energy correction = 0 kcal/mole
molpro_pot: 0-th energy = -0.0147928 kcal/mol
molpro_pot: 1-th energy = -0.00753997 kcal/mol
molpro_pot: coordinates (angstrom):

C, 0.268924, 0.0848588, -0.176344
H, 0.958614, 0.889858, -0.373367
H, 0.0798132, -0.659736, -0.932871
H, -0.22916, 0.0226306, 0.777889
H, -4.0113, -1.26315, 2.62804

molpro_pot: interatomic distances matrix (angstrom):

\     C1    H2    H3    H4
H2  1.08
H3  1.08  1.87
H4  1.08  1.87  1.87
H5  5.29  6.19  5.46   4.4

Molpro::pot: 1-th molpro energy = -0.00694068 kcal/mole

Molpro::pot: 0-th energy correction = -0.00725318 kcal/mole
Molpro::pot: 1-th energy correction = 0 kcal/mole
molpro_pot: 0-th energy = -0.0141939 kcal/mol
molpro_pot: 1-th energy = -0.00694068 kcal/mol
molpro_pot: coordinates (angstrom):

C, -0.276861, -0.137673, 0.122647
H, -0.00216137, 0.204778, 1.10742
H, 0.465959, -0.186529, -0.657321
H, -1.29324, -0.434112, -0.081369
H, 4.12598, 2.05511, -1.82907

molpro_pot: interatomic distances matrix (angstrom):

\     C1    H2    H3    H4
H2  1.08
H3  1.08  1.87
H4  1.08  1.87  1.87
H5  5.29  5.39  4.45  6.21

Molpro::pot: 1-th molpro energy = -0.0065818 kcal/mole

Molpro::pot: 0-th energy correction = -0.00725252 kcal/mole
Molpro::pot: 1-th energy correction = 0 kcal/mole
molpro_pot: 0-th energy = -0.0138343 kcal/mol
molpro_pot: 1-th energy = -0.0065818 kcal/mol

(9,0)-th SURFACE:

molpro_pot: coordinates (angstrom):

C, -0.00258146, 0.261328, 0.177342
H, 0.0111258, -0.388444, 1.03765
H, -0.893645, 0.819104, -0.06226
H, 0.875349, 0.355746, -0.441402
H, 0.0379079, -3.898, -2.64557

molpro_pot: interatomic distances matrix (angstrom):

\     C1    H2    H3    H4
H2  1.08
H3  1.08  1.87
H4  1.08  1.87  1.87
H5  5.03  5.09  5.46  4.86

Molpro::pot: 1-th molpro energy = -0.0139544 kcal/mole

Molpro::pot: 0-th energy correction = -0.0123155 kcal/mole
Molpro::pot: 1-th energy correction = 0 kcal/mole
molpro_pot: 0-th energy = -0.0262699 kcal/mol
molpro_pot: 1-th energy = -0.0139544 kcal/mol
molpro_pot: coordinates (angstrom):

C, -0.113976, -0.0325843, 0.292843
H, 0.114786, -0.158894, 1.3389
H, 0.00485649, -0.859936, -0.388249
H, -0.464389, 0.919755, -0.0715478
H, 1.70184, 0.487051, -4.36594

molpro_pot: interatomic distances matrix (angstrom):

\     C1    H2    H3    H4
H2  1.08
H3  1.08  1.87
H4  1.08  1.87  1.87
H5  5.03  5.96  4.53  4.83

Molpro::pot: 1-th molpro energy = -0.00921244 kcal/mole

Molpro::pot: 0-th energy correction = -0.0123132 kcal/mole
Molpro::pot: 1-th energy correction = 0 kcal/mole
molpro_pot: 0-th energy = -0.0215256 kcal/mol
molpro_pot: 1-th energy = -0.00921244 kcal/mol
molpro_pot: coordinates (angstrom):

C, -0.219203, -0.172954, -0.148029
H, 0.719903, -0.695204, -0.0594287
H, -0.272942, 0.880421, 0.0756518
H, -1.10362, -0.703074, -0.463156
H, 3.26667, 2.57719, 2.20949

molpro_pot: interatomic distances matrix (angstrom):

\     C1    H2    H3    H4
H2  1.08
H3  1.08  1.87
H4  1.08  1.87  1.87
H5  5.03  4.73  4.47  6.08

Molpro::pot: 1-th molpro energy = -0.00714098 kcal/mole

Molpro::pot: 0-th energy correction = -0.0123106 kcal/mole
Molpro::pot: 1-th energy correction = 0 kcal/mole
molpro_pot: 0-th energy = -0.0194516 kcal/mol
molpro_pot: 1-th energy = -0.00714098 kcal/mol
molpro_pot: coordinates (angstrom):

C, -0.229397, 0.126976, 0.176657
H, -0.361867, -0.892727, -0.147646
H, 0.763696, 0.525168, 0.309806
H, -1.08956, 0.749276, 0.364779
H, 3.41912, -1.8936, -2.63036

molpro_pot: interatomic distances matrix (angstrom):

\     C1    H2    H3    H4
H2  1.08
H3  1.08  1.87
H4  1.08  1.87  1.87
H5  5.03  4.63  4.64  6.02

Molpro::pot: 1-th molpro energy = -0.00816642 kcal/mole

Molpro::pot: 0-th energy correction = -0.0123076 kcal/mole
Molpro::pot: 1-th energy correction = 0 kcal/mole
molpro_pot: 0-th energy = -0.020474 kcal/mol
molpro_pot: 1-th energy = -0.00816642 kcal/mol
molpro_pot: coordinates (angstrom):

C, 0.153823, 0.276081, 0.00541091
H, -0.177858, -0.199074, 0.914658
H, 0.96219, 0.988989, 0.0341047
H, -0.320524, 0.0362007, -0.932658
H, -2.29535, -4.11337, -0.0805312

molpro_pot: interatomic distances matrix (angstrom):

\     C1    H2    H3    H4
H2  1.08
H3  1.08  1.87
H4  1.08  1.87  1.87
H5  5.03  4.56  6.05  4.67

Molpro::pot: 1-th molpro energy = -0.00759881 kcal/mole

Molpro::pot: 0-th energy correction = -0.0123092 kcal/mole
Molpro::pot: 1-th energy correction = 0 kcal/mole
molpro_pot: 0-th energy = -0.019908 kcal/mol
molpro_pot: 1-th energy = -0.00759881 kcal/mol

(10,0)-th SURFACE:

molpro_pot: coordinates (angstrom):

C, -0.279991, -0.00945053, 0.0376951
H, -0.20577, -0.587372, -0.869506
H, -1.22157, 0.435001, 0.31771
H, 0.586181, 0.121447, 0.666292
H, 4.17496, 0.14345, -0.563326

molpro_pot: interatomic distances matrix (angstrom):

\     C1    H2    H3    H4
H2  1.08
H3  1.08  1.87
H4  1.08  1.87  1.87
H5   4.5  4.45  5.48  3.79

Molpro::pot: 1-th molpro energy = -0.0164246 kcal/mole

Molpro::pot: 0-th energy correction = -0.0354802 kcal/mole
Molpro::pot: 1-th energy correction = 0 kcal/mole
molpro_pot: 0-th energy = -0.0519048 kcal/mol
molpro_pot: 1-th energy = -0.0164246 kcal/mol
molpro_pot: coordinates (angstrom):

C, -0.0958592, 0.239536, -0.115873
H, -0.177842, 0.932803, 0.705817
H, 0.385754, -0.714042, 0.0299187
H, -0.49803, 0.498353, -1.0822
H, 1.4315, -3.56923, 1.72615

molpro_pot: interatomic distances matrix (angstrom):

\     C1    H2    H3    H4
H2  1.08
H3  1.08  1.87
H4  1.08  1.87  1.87
H5   4.5  4.89  3.48  5.31

Molpro::pot: 1-th molpro energy = -0.00945871 kcal/mole

Molpro::pot: 0-th energy correction = -0.0354691 kcal/mole
Molpro::pot: 1-th energy correction = 0 kcal/mole
molpro_pot: 0-th energy = -0.0449278 kcal/mol
molpro_pot: 1-th energy = -0.00945871 kcal/mol
molpro_pot: coordinates (angstrom):

C, 0.116495, -0.257075, 0.0143397
H, -0.522251, -1.006, -0.42569
H, -0.193644, 0.256571, 0.910164
H, 1.06639, -0.0240028, -0.439425
H, -1.73758, 3.83438, -0.21579

molpro_pot: interatomic distances matrix (angstrom):

\     C1    H2    H3    H4
H2  1.08
H3  1.08  1.87
H4  1.08  1.87  1.87
H5   4.5     5  4.06  4.77

Molpro::pot: 1-th molpro energy = -0.0508121 kcal/mole

Molpro::pot: 0-th energy correction = -0.0354853 kcal/mole
Molpro::pot: 1-th energy correction = 0 kcal/mole
molpro_pot: 0-th energy = -0.0862974 kcal/mol
molpro_pot: 1-th energy = -0.0508121 kcal/mol
molpro_pot: coordinates (angstrom):

C, 0.0908899, 0.144619, -0.225296
H, -0.80042, -0.0899592, 0.334217
H, 0.891415, -0.57478, -0.289658
H, 0.180461, 1.09695, -0.722859
H, -1.35367, -2.15417, 3.36086

molpro_pot: interatomic distances matrix (angstrom):

\     C1    H2    H3    H4
H2  1.08
H3  1.08  1.87
H4  1.08  1.87  1.87
H5   4.5  3.71  4.57  5.44

Molpro::pot: 1-th molpro energy = -0.0157901 kcal/mole

Molpro::pot: 0-th energy correction = -0.0354766 kcal/mole
Molpro::pot: 1-th energy correction = 0 kcal/mole
molpro_pot: 0-th energy = -0.0512667 kcal/mol
molpro_pot: 1-th energy = -0.0157901 kcal/mol
molpro_pot: coordinates (angstrom):

C, -0.0773481, -0.151528, -0.225745
H, 0.317478, 0.753903, -0.657974
H, -0.743806, -0.775935, -0.798868
H, 0.196544, -0.434144, 0.778064
H, 1.15075, 2.2604, 3.36669

molpro_pot: interatomic distances matrix (angstrom):

\     C1    H2    H3    H4
H2  1.08
H3  1.08  1.87
H4  1.08  1.87  1.87
H5   4.5  4.38  5.49  3.86

Molpro::pot: 1-th molpro energy = -0.016931 kcal/mole

Molpro::pot: 0-th energy correction = -0.0354803 kcal/mole
Molpro::pot: 1-th energy correction = 0 kcal/mole
molpro_pot: 0-th energy = -0.0524113 kcal/mol
molpro_pot: 1-th energy = -0.016931 kcal/mol

(11,0)-th SURFACE:

molpro_pot: coordinates (angstrom):

C, 0.154507, -0.214535, 0.0313699
H, 1.00328, 0.39186, 0.304104
H, -0.841598, 0.193114, 0.0955287
H, 0.301867, -1.22715, -0.308349
H, -2.30324, 3.19662, -0.464799

molpro_pot: interatomic distances matrix (angstrom):

\     C1    H2    H3    H4
H2  1.08
H3  1.08  1.87
H4  1.08  1.87  1.87
H5  4.23   4.4  3.39  5.14

Molpro::pot: 1-th molpro energy = -0.0167142 kcal/mole

Molpro::pot: 0-th energy correction = -0.0602047 kcal/mole
Molpro::pot: 1-th energy correction = 0 kcal/mole
molpro_pot: 0-th energy = -0.0769189 kcal/mol
molpro_pot: 1-th energy = -0.0167142 kcal/mol
molpro_pot: coordinates (angstrom):

C, -0.252837, -0.0142864, 0.082014
H, -1.09865, 0.286775, 0.679068
H, 0.494205, 0.710953, -0.19812
H, -0.152382, -1.04078, -0.232231
H, 3.76731, 0.213154, -1.22524

molpro_pot: interatomic distances matrix (angstrom):

\     C1    H2    H3    H4
H2  1.08
H3  1.08  1.87
H4  1.08  1.87  1.87
H5  4.23  5.23  3.47  4.23

Molpro::pot: 1-th molpro energy = -0.0100697 kcal/mole

Molpro::pot: 0-th energy correction = -0.0602104 kcal/mole
Molpro::pot: 1-th energy correction = 0 kcal/mole
molpro_pot: 0-th energy = -0.0702801 kcal/mol
molpro_pot: 1-th energy = -0.0100697 kcal/mol
molpro_pot: coordinates (angstrom):

C, 0.0770183, 0.243731, 0.0743379
H, -0.443058, 0.199309, -0.869094
H, 0.0581831, 1.15034, 0.657629
H, 0.613161, -0.619021, 0.435905
H, -1.14533, -3.63268, -1.10957

molpro_pot: interatomic distances matrix (angstrom):

\     C1    H2    H3    H4
H2  1.08
H3  1.08  1.87
H4  1.08  1.87  1.87
H5  4.23   3.9  5.24  3.82

Molpro::pot: 1-th molpro energy = -0.0290058 kcal/mole

Molpro::pot: 0-th energy correction = -0.0602091 kcal/mole
Molpro::pot: 1-th energy correction = 0 kcal/mole
molpro_pot: 0-th energy = -0.0892149 kcal/mol
molpro_pot: 1-th energy = -0.0290058 kcal/mol
molpro_pot: coordinates (angstrom):

C, 0.206555, -0.131874, -0.103472
H, 0.59973, -0.604285, -0.989336
H, -0.203901, -0.734106, 0.691111
H, 0.226594, 0.942149, -0.0107681
H, -3.08184, 1.96644, 1.54101

molpro_pot: interatomic distances matrix (angstrom):

\     C1    H2    H3    H4
H2  1.08
H3  1.08  1.87
H4  1.08  1.87  1.87
H5  4.23  5.15  4.04   3.8

Molpro::pot: 1-th molpro energy = -0.0492811 kcal/mole

Molpro::pot: 0-th energy correction = -0.0602319 kcal/mole
Molpro::pot: 1-th energy correction = 0 kcal/mole
molpro_pot: 0-th energy = -0.109513 kcal/mol
molpro_pot: 1-th energy = -0.0492811 kcal/mol
molpro_pot: coordinates (angstrom):

C, 0.0819932, 0.238763, 0.0838727
H, -0.0478362, 1.04669, 0.78595
H, -0.328652, 0.317549, -0.909949
H, 0.624888, -0.646334, 0.374373
H, -1.22468, -3.56081, -1.24903

molpro_pot: interatomic distances matrix (angstrom):

\     C1    H2    H3    H4
H2  1.08
H3  1.08  1.87
H4  1.08  1.87  1.87
H5  4.23  5.17  3.99  3.81

Molpro::pot: 1-th molpro energy = -0.0457371 kcal/mole

Molpro::pot: 0-th energy correction = -0.0602312 kcal/mole
Molpro::pot: 1-th energy correction = 0 kcal/mole
molpro_pot: 0-th energy = -0.105968 kcal/mol
molpro_pot: 1-th energy = -0.0457371 kcal/mol

(12,0)-th SURFACE:

molpro_pot: coordinates (angstrom):

C, 0.0392223, 0.11678, 0.217017
H, 0.503753, -0.850741, 0.113917
H, 0.396366, 0.809088, 0.962454
H, -0.780095, 0.393189, -0.427063
H, -0.587037, -1.74202, -3.23329

molpro_pot: interatomic distances matrix (angstrom):

\     C1    H2    H3    H4
H2  1.08
H3  1.08  1.87
H4  1.08  1.87  1.87
H5  3.97  3.63  5.01  3.53

Molpro::pot: 1-th molpro energy = -0.0206612 kcal/mole

Molpro::pot: 0-th energy correction = -0.101813 kcal/mole
Molpro::pot: 1-th energy correction = 0 kcal/mole
molpro_pot: 0-th energy = -0.122474 kcal/mol
molpro_pot: 1-th energy = -0.0206612 kcal/mol
molpro_pot: coordinates (angstrom):

C, 0.041441, -0.242193, 0.043967
H, -0.889037, -0.418731, 0.559292
H, 0.126048, 0.579746, -0.648692
H, 0.887967, -0.885383, 0.22347
H, -0.618408, 3.60812, -0.657577

molpro_pot: interatomic distances matrix (angstrom):

\     C1    H2    H3    H4
H2  1.08
H3  1.08  1.87
H4  1.08  1.87  1.87
H5  3.97  4.22  3.12  4.82

Molpro::pot: 1-th molpro energy = -0.0224372 kcal/mole

Molpro::pot: 0-th energy correction = -0.101799 kcal/mole
Molpro::pot: 1-th energy correction = 0 kcal/mole
molpro_pot: 0-th energy = -0.124237 kcal/mol
molpro_pot: 1-th energy = -0.0224372 kcal/mol
molpro_pot: coordinates (angstrom):

C, 0.0799523, -0.219706, -0.0874017
H, 0.653387, -1.07099, 0.242751
H, -0.629294, 0.243469, 0.579649
H, 0.217854, 0.170253, -1.08311
H, -1.19393, 3.27327, 1.30139

molpro_pot: interatomic distances matrix (angstrom):

\     C1    H2    H3    H4
H2  1.08
H3  1.08  1.87
H4  1.08  1.87  1.87
H5  3.97  4.84  3.17  4.16

Molpro::pot: 1-th molpro energy = -0.0332681 kcal/mole

Molpro::pot: 0-th energy correction = -0.101802 kcal/mole
Molpro::pot: 1-th energy correction = 0 kcal/mole
molpro_pot: 0-th energy = -0.13507 kcal/mol
molpro_pot: 1-th energy = -0.0332681 kcal/mol
molpro_pot: coordinates (angstrom):

C, 0.0279105, -0.198647, 0.148552
H, 0.206445, -0.000466793, -0.896133
H, 0.811545, -0.618188, 0.758815
H, -0.932823, 0.025458, 0.583625
H, -0.417492, 2.95846, -2.21509

molpro_pot: interatomic distances matrix (angstrom):

\     C1    H2    H3    H4
H2  1.08
H3  1.08  1.87
H4  1.08  1.87  1.87
H5  3.97   3.3  4.81  4.09

Molpro::pot: 1-th molpro energy = -0.07963 kcal/mole

Molpro::pot: 0-th energy correction = -0.1018 kcal/mole
Molpro::pot: 1-th energy correction = 0 kcal/mole
molpro_pot: 0-th energy = -0.18143 kcal/mol
molpro_pot: 1-th energy = -0.07963 kcal/mol
molpro_pot: coordinates (angstrom):

C, 0.20087, 0.148194, 0.000872624
H, -0.204805, -0.79143, -0.338315
H, -0.279252, 1.07326, -0.275278
H, 1.08451, 0.162726, 0.618526
H, -2.99217, -2.20908, -0.0153226

molpro_pot: interatomic distances matrix (angstrom):

\     C1    H2    H3    H4
H2  1.08
H3  1.08  1.87
H4  1.08  1.87  1.87
H5  3.97  3.14  4.27  4.76

Molpro::pot: 1-th molpro energy = -0.0480832 kcal/mole

Molpro::pot: 0-th energy correction = -0.101798 kcal/mole
Molpro::pot: 1-th energy correction = 0 kcal/mole
molpro_pot: 0-th energy = -0.149881 kcal/mol
molpro_pot: 1-th energy = -0.0480832 kcal/mol

(12,0)-th SURFACE:

molpro_pot: coordinates (angstrom):

C, -0.10078, 0.205165, -0.0999618
H, 0.306691, 1.20254, -0.0584294
H, 0.285053, -0.56192, 0.552138
H, -0.895871, -0.0243812, -0.79109
H, 1.50409, -3.0591, 1.48761

molpro_pot: interatomic distances matrix (angstrom):

\     C1    H2    H3    H4
H2  1.08
H3  1.08  1.87
H4  1.08  1.87  1.87
H5  3.97  4.69  2.93  4.49

Molpro::pot: 1-th molpro energy = 0.039613 kcal/mole

Molpro::pot: 0-th energy correction = -0.101824 kcal/mole
Molpro::pot: 1-th energy correction = 0 kcal/mole
molpro_pot: 0-th energy = -0.0622113 kcal/mol
molpro_pot: 1-th energy = 0.039613 kcal/mol
molpro_pot: coordinates (angstrom):

C, 0.103204, -0.119705, 0.192802
H, 0.890628, -0.679486, -0.285867
H, -0.907662, -0.494595, 0.181623
H, 0.326961, 0.813056, 0.685154
H, -1.53876, 1.78633, -2.87657

molpro_pot: interatomic distances matrix (angstrom):

\     C1    H2    H3    H4
H2  1.08
H3  1.08  1.87
H4  1.08  1.87  1.87
H5  3.97  4.32  3.87  4.14

Molpro::pot: 1-th molpro energy = -0.24135 kcal/mole

Molpro::pot: 0-th energy correction = -0.101857 kcal/mole
Molpro::pot: 1-th energy correction = 0 kcal/mole
molpro_pot: 0-th energy = -0.343207 kcal/mol
molpro_pot: 1-th energy = -0.24135 kcal/mol
molpro_pot: coordinates (angstrom):

C, -0.227883, -0.0384519, -0.0945566
H, -0.218051, 0.565403, 0.798627
H, 0.0803761, 0.387246, -1.03598
H, -0.542871, -1.06847, -0.0459053
H, 3.39391, 0.573661, 1.40913

molpro_pot: interatomic distances matrix (angstrom):

\     C1    H2    H3    H4
H2  1.08
H3  1.08  1.87
H4  1.08  1.87  1.87
H5  3.97  3.66  4.12  4.51

Molpro::pot: 1-th molpro energy = -0.206247 kcal/mole

Molpro::pot: 0-th energy correction = -0.101784 kcal/mole
Molpro::pot: 1-th energy correction = 0 kcal/mole
molpro_pot: 0-th energy = -0.308031 kcal/mol
molpro_pot: 1-th energy = -0.206247 kcal/mol
molpro_pot: coordinates (angstrom):

C, -0.207498, -0.0822339, -0.111241
H, 0.320301, 0.853178, -0.0166441
H, -1.25679, -0.135551, 0.130982
H, 0.312937, -0.963324, -0.450872
H, 3.09419, 1.22484, 1.66106

molpro_pot: interatomic distances matrix (angstrom):

\     C1    H2    H3    H4
H2  1.08
H3  1.08  1.87
H4  1.08  1.87  1.87
H5  3.97  3.26  4.81  4.12

Molpro::pot: 1-th molpro energy = -0.0714788 kcal/mole

Molpro::pot: 0-th energy correction = -0.101843 kcal/mole
Molpro::pot: 1-th energy correction = 0 kcal/mole
molpro_pot: 0-th energy = -0.173321 kcal/mol
molpro_pot: 1-th energy = -0.0714788 kcal/mol
molpro_pot: coordinates (angstrom):

C, 0.0755548, 0.17381, 0.162587
H, -0.654843, 0.163924, 0.955642
H, 0.924184, -0.490018, 0.20357
H, -0.0441472, 0.84501, -0.672687
H, -1.12481, -2.58844, -2.42242

molpro_pot: interatomic distances matrix (angstrom):

\     C1    H2    H3    H4
H2  1.08
H3  1.08  1.87
H4  1.08  1.87  1.87
H5  3.97  4.38  3.94     4

Molpro::pot: 1-th molpro energy = -0.238721 kcal/mole

Molpro::pot: 0-th energy correction = -0.101782 kcal/mole
Molpro::pot: 1-th energy correction = 0 kcal/mole
molpro_pot: 0-th energy = -0.340503 kcal/mol
molpro_pot: 1-th energy = -0.238721 kcal/mol
