
(0,0)-th SURFACE:

molpro_pot: coordinates (angstrom):

C, -0.472466, 0.149371, 0.444052
H, -0.70253, -0.867011, 0.720734
H, -0.810863, 0.965586, 1.06195
H, 0.0984024, 0.349435, -0.448475
H, 7.04056, -2.22654, -6.62146

molpro_pot: interatomic distances matrix (angstrom):

\     C1    H2    H3    H4
H2  1.08
H3  1.08  1.87
H4  1.08  1.87  1.87
H5  10.6  10.8  11.4  9.64

Molpro::pot: 1-th molpro energy = -2.87378e-05 kcal/mole

Molpro::pot: 0-th energy correction = -1.83718e-07 kcal/mole
Molpro::pot: 1-th energy correction = 0 kcal/mole
molpro_pot: 0-th energy = -2.89215e-05 kcal/mol
molpro_pot: 1-th energy = -2.87378e-05 kcal/mol
molpro_pot: coordinates (angstrom):

C, -0.656634, -0.00891732, 0.105769
H, -0.168716, 0.374115, 0.987663
H, -0.687933, -1.07158, -0.0739208
H, -1.1158, 0.670136, -0.594642
H, 9.79088, 0.133506, -1.57847

molpro_pot: interatomic distances matrix (angstrom):

\     C1    H2    H3    H4
H2  1.08
H3  1.08  1.87
H4  1.08  1.87  1.87
H5  10.6  10.3  10.7    11

Molpro::pot: 1-th molpro energy = -4.24549e-05 kcal/mole

Molpro::pot: 0-th energy correction = -1.83796e-07 kcal/mole
Molpro::pot: 1-th energy correction = 0 kcal/mole
molpro_pot: 0-th energy = -4.26387e-05 kcal/mol
molpro_pot: 1-th energy = -4.24549e-05 kcal/mol
molpro_pot: coordinates (angstrom):

C, 0.517952, 0.215991, 0.35745
H, 0.0245009, 0.745486, -0.44171
H, 0.249746, -0.805889, 0.572725
H, 1.28149, 0.707062, 0.939154
H, -7.72291, -3.21843, -5.32626

molpro_pot: interatomic distances matrix (angstrom):

\     C1    H2    H3    H4
H2  1.08
H3  1.08  1.87
H4  1.08  1.87  1.87
H5  10.6  9.98  10.2  11.7

Molpro::pot: 1-th molpro energy = -2.56398e-05 kcal/mole

Molpro::pot: 0-th energy correction = -1.83724e-07 kcal/mole
Molpro::pot: 1-th energy correction = 0 kcal/mole
molpro_pot: 0-th energy = -2.58235e-05 kcal/mol
molpro_pot: 1-th energy = -2.56398e-05 kcal/mol
molpro_pot: coordinates (angstrom):

C, 0.356047, 0.0721458, -0.55741
H, 0.42315, 1.1405, -0.686408
H, 0.926127, -0.584274, -1.19509
H, -0.278451, -0.339641, 0.210942
H, -5.31021, -1.07561, 8.30755

molpro_pot: interatomic distances matrix (angstrom):

\     C1    H2    H3    H4
H2  1.08
H3  1.08  1.87
H4  1.08  1.87  1.87
H5  10.6  10.9  11.4  9.56

Molpro::pot: 1-th molpro energy = -5.83224e-05 kcal/mole

Molpro::pot: 0-th energy correction = -1.83728e-07 kcal/mole
Molpro::pot: 1-th energy correction = 0 kcal/mole
molpro_pot: 0-th energy = -5.85061e-05 kcal/mol
molpro_pot: 1-th energy = -5.83224e-05 kcal/mol
molpro_pot: coordinates (angstrom):

C, 0.517496, -0.383531, -0.165848
H, 1.02118, 0.351018, -0.77351
H, -0.143274, -1.10109, -0.625204
H, 0.676834, -0.402585, 0.900345
H, -7.71648, 5.7193, 2.4731

molpro_pot: interatomic distances matrix (angstrom):

\     C1    H2    H3    H4
H2  1.08
H3  1.08  1.87
H4  1.08  1.87  1.87
H5  10.6  10.8  10.7  10.5

Molpro::pot: 1-th molpro energy = 2.84841e-06 kcal/mole

Molpro::pot: 0-th energy correction = -1.83804e-07 kcal/mole
Molpro::pot: 1-th energy correction = 0 kcal/mole
molpro_pot: 0-th energy = 2.66461e-06 kcal/mol
molpro_pot: 1-th energy = 2.84841e-06 kcal/mol

(0,0)-th SURFACE:

molpro_pot: coordinates (angstrom):

C, -0.213859, -0.534774, -0.333124
H, 0.762491, -0.990185, -0.290035
H, -1.0591, -1.1048, -0.684064
H, -0.34562, 0.489274, -0.0225043
H, 3.1886, 7.97318, 4.96305

molpro_pot: interatomic distances matrix (angstrom):

\     C1    H2    H3    H4
H2  1.08
H3  1.08  1.87
H4  1.08  1.87  1.87
H5  10.6  10.7  11.5  9.66

Molpro::pot: 1-th molpro energy = -4.31302e-05 kcal/mole

Molpro::pot: 0-th energy correction = -1.83725e-07 kcal/mole
Molpro::pot: 1-th energy correction = 0 kcal/mole
molpro_pot: 0-th energy = -4.33139e-05 kcal/mol
molpro_pot: 1-th energy = -4.31302e-05 kcal/mol
molpro_pot: coordinates (angstrom):

C, -0.57381, -0.200513, 0.27108
H, -0.593049, 0.834578, -0.0301362
H, -0.63841, -0.979048, -0.47204
H, -0.48689, -0.457108, 1.31469
H, 8.55061, 2.98905, -4.04022

molpro_pot: interatomic distances matrix (angstrom):

\     C1    H2    H3    H4
H2  1.08
H3  1.08  1.87
H4  1.08  1.87  1.87
H5  10.6  10.2  10.6  11.1

Molpro::pot: 1-th molpro energy = -7.7411e-06 kcal/mole

Molpro::pot: 0-th energy correction = -1.83654e-07 kcal/mole
Molpro::pot: 1-th energy correction = 0 kcal/mole
molpro_pot: 0-th energy = -7.92475e-06 kcal/mol
molpro_pot: 1-th energy = -7.7411e-06 kcal/mol
molpro_pot: coordinates (angstrom):

C, 0.307174, -0.585864, 0.07204
H, 0.115876, 0.442867, -0.188021
H, 0.406897, -0.870162, 1.10729
H, 0.39565, -1.33061, -0.702582
H, -4.57589, 8.7337, -1.07446

molpro_pot: interatomic distances matrix (angstrom):

\     C1    H2    H3    H4
H2  1.08
H3  1.08  1.87
H4  1.08  1.87  1.87
H5  10.6  9.57    11  11.2

Molpro::pot: 1-th molpro energy = 2.97525e-05 kcal/mole

Molpro::pot: 0-th energy correction = -1.837e-07 kcal/mole
Molpro::pot: 1-th energy correction = 0 kcal/mole
molpro_pot: 0-th energy = 2.95688e-05 kcal/mol
molpro_pot: 1-th energy = 2.97525e-05 kcal/mol
molpro_pot: coordinates (angstrom):

C, 0.280539, -0.529161, 0.289677
H, 0.637423, -1.4223, -0.197606
H, 0.284448, -0.464528, 1.36593
H, -0.0772391, 0.300269, -0.299017
H, -4.18496, 7.88719, -4.31844

molpro_pot: interatomic distances matrix (angstrom):

\     C1    H2    H3    H4
H2  1.08
H3  1.08  1.87
H4  1.08  1.87  1.87
H5  10.6  11.3    11  9.52

Molpro::pot: 1-th molpro energy = 2.50386e-05 kcal/mole

Molpro::pot: 0-th energy correction = -1.83743e-07 kcal/mole
Molpro::pot: 1-th energy correction = 0 kcal/mole
molpro_pot: 0-th energy = 2.48549e-05 kcal/mol
molpro_pot: 1-th energy = 2.50386e-05 kcal/mol
molpro_pot: coordinates (angstrom):

C, 0.27432, 0.502281, -0.339536
H, -0.456502, 0.510841, -1.13222
H, 0.677618, 1.4309, 0.0313353
H, 0.599491, -0.434281, 0.0842983
H, -4.08689, -7.48803, 5.05939

molpro_pot: interatomic distances matrix (angstrom):

\     C1    H2    H3    H4
H2  1.08
H3  1.08  1.87
H4  1.08  1.87  1.87
H5  10.6  10.7  11.3  9.82

Molpro::pot: 1-th molpro energy = -0.00010861 kcal/mole

Molpro::pot: 0-th energy correction = -1.83689e-07 kcal/mole
Molpro::pot: 1-th energy correction = 0 kcal/mole
molpro_pot: 0-th energy = -0.000108794 kcal/mol
molpro_pot: 1-th energy = -0.00010861 kcal/mol

(1,0)-th SURFACE:

molpro_pot: coordinates (angstrom):

C, -0.387071, 0.107499, 0.397773
H, -0.879454, -0.79672, 0.0776752
H, -0.805993, 1.06791, 0.14354
H, 0.522186, 0.051438, 0.974514
H, 5.77205, -1.6026, -5.93194

molpro_pot: interatomic distances matrix (angstrom):

\     C1    H2    H3    H4
H2  1.08
H3  1.08  1.87
H4  1.08  1.87  1.87
H5     9     9  9.34  8.83

Molpro::pot: 1-th molpro energy = -0.000103218 kcal/mole

Molpro::pot: 0-th energy correction = -4.39785e-06 kcal/mole
Molpro::pot: 1-th energy correction = 0 kcal/mole
molpro_pot: 0-th energy = -0.000107616 kcal/mol
molpro_pot: 1-th energy = -0.000103218 kcal/mol
molpro_pot: coordinates (angstrom):

C, -0.358805, 0.321049, -0.296332
H, -0.0985813, 0.3706, -1.34148
H, 0.156909, 0.943418, 0.417261
H, -1.13653, -0.348295, 0.0347921
H, 5.35043, -4.78839, 4.4178

molpro_pot: interatomic distances matrix (angstrom):

\     C1    H2    H3    H4
H2  1.08
H3  1.08  1.87
H4  1.08  1.87  1.87
H5     9  9.46  8.71     9

Molpro::pot: 1-th molpro energy = -5.43613e-05 kcal/mole

Molpro::pot: 0-th energy correction = -4.39767e-06 kcal/mole
Molpro::pot: 1-th energy correction = 0 kcal/mole
molpro_pot: 0-th energy = -5.8759e-05 kcal/mol
molpro_pot: 1-th energy = -5.43613e-05 kcal/mol
molpro_pot: coordinates (angstrom):

C, 0.500287, -0.0687652, -0.254741
H, 0.229247, 0.878484, 0.183177
H, -0.110633, -0.939113, -0.0764427
H, 1.38014, -0.145084, -0.873248
H, -7.45559, 1.02449, 3.79967

molpro_pot: interatomic distances matrix (angstrom):

\     C1    H2    H3    H4
H2  1.08
H3  1.08  1.87
H4  1.08  1.87  1.87
H5     9  8.49  8.53  10.1

Molpro::pot: 1-th molpro energy = -9.31388e-05 kcal/mole

Molpro::pot: 0-th energy correction = -4.39548e-06 kcal/mole
Molpro::pot: 1-th energy correction = 0 kcal/mole
molpro_pot: 0-th energy = -9.75343e-05 kcal/mol
molpro_pot: 1-th energy = -9.31388e-05 kcal/mol
molpro_pot: coordinates (angstrom):

C, 0.0303235, -0.0880204, -0.557903
H, 0.45067, -0.222855, 0.425786
H, -1.03657, 0.00995912, -0.678974
H, 0.67674, -0.0480599, -1.41992
H, -0.451896, 1.309, 8.31596

molpro_pot: interatomic distances matrix (angstrom):

\     C1    H2    H3    H4
H2  1.08
H3  1.08  1.87
H4  1.08  1.87  1.87
H5     9  8.09  9.11  9.89

Molpro::pot: 1-th molpro energy = -0.000140638 kcal/mole

Molpro::pot: 0-th energy correction = -4.39537e-06 kcal/mole
Molpro::pot: 1-th energy correction = 0 kcal/mole
molpro_pot: 0-th energy = -0.000145033 kcal/mol
molpro_pot: 1-th energy = -0.000140638 kcal/mol
molpro_pot: coordinates (angstrom):

C, 0.0472973, -0.556588, -0.0892502
H, 1.11255, -0.653145, 0.0464773
H, -0.501396, 0.186515, 0.466855
H, -0.468684, -1.20073, -0.783057
H, -0.705634, 8.29455, 1.33241

molpro_pot: interatomic distances matrix (angstrom):

\     C1    H2    H3    H4
H2  1.08
H3  1.08  1.87
H4  1.08  1.87  1.87
H5     9  9.22  8.16  9.73

Molpro::pot: 1-th molpro energy = -9.53457e-05 kcal/mole

Molpro::pot: 0-th energy correction = -4.39482e-06 kcal/mole
Molpro::pot: 1-th energy correction = 0 kcal/mole
molpro_pot: 0-th energy = -9.97405e-05 kcal/mol
molpro_pot: 1-th energy = -9.53457e-05 kcal/mol

(2,0)-th SURFACE:

molpro_pot: coordinates (angstrom):

C, -0.49609, -0.0683908, 0.123702
H, 0.0846282, -0.469098, 0.939004
H, -0.398349, 0.970519, -0.14765
H, -1.172, -0.706959, -0.422093
H, 7.39258, 1.01986, -1.84217

molpro_pot: interatomic distances matrix (angstrom):

\     C1    H2    H3    H4
H2  1.08
H3  1.08  1.87
H4  1.08  1.87  1.87
H5   8.2  7.96  7.97  8.85

Molpro::pot: 1-th molpro energy = -0.000165724 kcal/mole

Molpro::pot: 0-th energy correction = -2.14949e-05 kcal/mole
Molpro::pot: 1-th energy correction = 0 kcal/mole
molpro_pot: 0-th energy = -0.000187219 kcal/mol
molpro_pot: 1-th energy = -0.000165724 kcal/mol
molpro_pot: coordinates (angstrom):

C, -0.152124, -0.0389623, 0.491362
H, -0.560318, 0.95338, 0.596954
H, -0.802279, -0.866821, 0.257979
H, 0.906211, -0.202999, 0.616019
H, 2.2677, 0.580357, -7.32152

molpro_pot: interatomic distances matrix (angstrom):

\     C1    H2    H3    H4
H2  1.08
H3  1.08  1.87
H4  1.08  1.87  1.87
H5   8.2  8.42   8.3  8.09

Molpro::pot: 1-th molpro energy = -0.000172943 kcal/mole

Molpro::pot: 0-th energy correction = -2.14944e-05 kcal/mole
Molpro::pot: 1-th energy correction = 0 kcal/mole
molpro_pot: 0-th energy = -0.000194437 kcal/mol
molpro_pot: 1-th energy = -0.000172943 kcal/mol
molpro_pot: coordinates (angstrom):

C, -0.175576, 0.0100136, -0.484608
H, -0.813016, -0.723508, -0.951653
H, 0.690668, -0.306597, 0.0738713
H, -0.402441, 1.05989, -0.578532
H, 2.61534, -0.149011, 7.22646

molpro_pot: interatomic distances matrix (angstrom):

\     C1    H2    H3    H4
H2  1.08
H3  1.08  1.87
H4  1.08  1.87  1.87
H5   8.2  8.89  7.41  8.45

Molpro::pot: 1-th molpro energy = -0.000246893 kcal/mole

Molpro::pot: 0-th energy correction = -2.15079e-05 kcal/mole
Molpro::pot: 1-th energy correction = 0 kcal/mole
molpro_pot: 0-th energy = -0.000268401 kcal/mol
molpro_pot: 1-th energy = -0.000246893 kcal/mol
molpro_pot: coordinates (angstrom):

C, -0.0864325, -0.181396, 0.474662
H, -0.382063, 0.770197, 0.886474
H, 0.80715, -0.668299, 0.830967
H, -0.685724, -0.647465, -0.290942
H, 1.28977, 2.70542, -7.07821

molpro_pot: interatomic distances matrix (angstrom):

\     C1    H2    H3    H4
H2  1.08
H3  1.08  1.87
H4  1.08  1.87  1.87
H5   8.2  8.37  8.61  7.82

Molpro::pot: 1-th molpro energy = -0.000171011 kcal/mole

Molpro::pot: 0-th energy correction = -2.15118e-05 kcal/mole
Molpro::pot: 1-th energy correction = 0 kcal/mole
molpro_pot: 0-th energy = -0.000192523 kcal/mol
molpro_pot: 1-th energy = -0.000171011 kcal/mol
molpro_pot: coordinates (angstrom):

C, -0.387436, -0.0191546, 0.339648
H, -1.39268, -0.0484153, -0.0491363
H, -0.222941, 0.0750902, 1.40105
H, 0.453021, -0.08722, -0.332304
H, 5.77573, 0.288616, -5.06375

molpro_pot: interatomic distances matrix (angstrom):

\     C1    H2    H3    H4
H2  1.08
H3  1.08  1.87
H4  1.08  1.87  1.87
H5   8.2  8.75  8.82  7.13

Molpro::pot: 1-th molpro energy = -0.000252897 kcal/mole

Molpro::pot: 0-th energy correction = -2.15053e-05 kcal/mole
Molpro::pot: 1-th energy correction = 0 kcal/mole
molpro_pot: 0-th energy = -0.000274403 kcal/mol
molpro_pot: 1-th energy = -0.000252897 kcal/mol

(3,0)-th SURFACE:

molpro_pot: coordinates (angstrom):

C, -0.183924, -0.434404, -0.0212007
H, -1.14665, -0.0419602, -0.306965
H, -0.107495, -1.12873, 0.80013
H, 0.70169, -0.135114, -0.558447
H, 2.74241, 6.47819, 0.317714

molpro_pot: interatomic distances matrix (angstrom):

\     C1    H2    H3    H4
H2  1.08
H3  1.08  1.87
H4  1.08  1.87  1.87
H5  7.51  7.62  8.14  6.98

Molpro::pot: 1-th molpro energy = -0.000293524 kcal/mole

Molpro::pot: 0-th energy correction = -8.51486e-05 kcal/mole
Molpro::pot: 1-th energy correction = 0 kcal/mole
molpro_pot: 0-th energy = -0.000378672 kcal/mol
molpro_pot: 1-th energy = -0.000293524 kcal/mol
molpro_pot: coordinates (angstrom):

C, 0.13386, -0.242159, -0.382639
H, 0.744377, -0.710952, 0.372356
H, 0.598496, 0.289536, -1.19746
H, -0.940791, -0.307599, -0.324639
H, -1.99593, 3.61236, 5.70576

molpro_pot: interatomic distances matrix (angstrom):

\     C1    H2    H3    H4
H2  1.08
H3  1.08  1.87
H4  1.08  1.87  1.87
H5  7.51  7.39  8.09  7.27

Molpro::pot: 1-th molpro energy = -0.000313326 kcal/mole

Molpro::pot: 0-th energy correction = -8.51508e-05 kcal/mole
Molpro::pot: 1-th energy correction = 0 kcal/mole
molpro_pot: 0-th energy = -0.000398477 kcal/mol
molpro_pot: 1-th energy = -0.000313326 kcal/mol
molpro_pot: coordinates (angstrom):

C, 0.127816, 0.0376104, -0.453089
H, 0.815481, -0.581951, -1.00606
H, 0.440694, 0.49822, 0.470201
H, -0.871347, 0.199085, -0.824734
H, -1.90671, -0.563174, 6.75544

molpro_pot: interatomic distances matrix (angstrom):

\     C1    H2    H3    H4
H2  1.08
H3  1.08  1.87
H4  1.08  1.87  1.87
H5  7.51  8.23  6.79  7.69

Molpro::pot: 1-th molpro energy = -0.000343197 kcal/mole

Molpro::pot: 0-th energy correction = -8.51385e-05 kcal/mole
Molpro::pot: 1-th energy correction = 0 kcal/mole
molpro_pot: 0-th energy = -0.000428335 kcal/mol
molpro_pot: 1-th energy = -0.000343197 kcal/mol
molpro_pot: coordinates (angstrom):

C, 0.0468516, 0.305067, 0.357797
H, -0.664491, -0.295116, -0.186527
H, 0.776058, -0.169264, 0.994812
H, 0.0310905, 1.37896, 0.262821
H, -0.700511, -4.54696, -5.33133

molpro_pot: interatomic distances matrix (angstrom):

\     C1    H2    H3    H4
H2  1.08
H3  1.08  1.87
H4  1.08  1.87  1.87
H5  7.51  6.67  7.83  8.18

Molpro::pot: 1-th molpro energy = -0.00034086 kcal/mole

Molpro::pot: 0-th energy correction = -8.50955e-05 kcal/mole
Molpro::pot: 1-th energy correction = 0 kcal/mole
molpro_pot: 0-th energy = -0.000425956 kcal/mol
molpro_pot: 1-th energy = -0.00034086 kcal/mol
molpro_pot: coordinates (angstrom):

C, -0.219431, 0.104738, 0.404804
H, 0.4478, 0.72854, 0.977682
H, 0.00583557, -0.940617, 0.266934
H, -1.11318, 0.525305, -0.0274679
H, 3.27227, -1.56032, -6.03708

molpro_pot: interatomic distances matrix (angstrom):

\     C1    H2    H3    H4
H2  1.08
H3  1.08  1.87
H4  1.08  1.87  1.87
H5  7.51   7.9  7.13  7.73

Molpro::pot: 1-th molpro energy = -0.000326417 kcal/mole

Molpro::pot: 0-th energy correction = -8.51484e-05 kcal/mole
Molpro::pot: 1-th energy correction = 0 kcal/mole
molpro_pot: 0-th energy = -0.000411566 kcal/mol
molpro_pot: 1-th energy = -0.000326417 kcal/mol

(3,0)-th SURFACE:

molpro_pot: coordinates (angstrom):

C, 0.0378571, 0.0854787, -0.462996
H, -0.734951, -0.000206115, 0.283959
H, 0.920526, -0.530298, -0.397934
H, -0.0732504, 0.784402, -1.27643
H, -0.563083, -1.27168, 6.90322

molpro_pot: interatomic distances matrix (angstrom):

\     C1    H2    H3    H4
H2  1.08
H3  1.08  1.87
H4  1.08  1.87  1.87
H5  7.51  6.74  7.49  8.45

Molpro::pot: 1-th molpro energy = -0.000319768 kcal/mole

Molpro::pot: 0-th energy correction = -8.5127e-05 kcal/mole
Molpro::pot: 1-th energy correction = 0 kcal/mole
molpro_pot: 0-th energy = -0.000404895 kcal/mol
molpro_pot: 1-th energy = -0.000319768 kcal/mol
molpro_pot: coordinates (angstrom):

C, -0.326926, -0.295893, 0.169154
H, 0.246941, -1.14403, 0.506577
H, -0.0902506, 0.17474, -0.771594
H, -1.13914, 0.0796212, 0.77067
H, 4.8751, 4.41282, -2.51974

molpro_pot: interatomic distances matrix (angstrom):

\     C1    H2    H3    H4
H2  1.08
H3  1.08  1.87
H4  1.08  1.87  1.87
H5  7.51  7.84  6.76  8.11

Molpro::pot: 1-th molpro energy = -0.000346174 kcal/mole

Molpro::pot: 0-th energy correction = -8.51375e-05 kcal/mole
Molpro::pot: 1-th energy correction = 0 kcal/mole
molpro_pot: 0-th energy = -0.000431312 kcal/mol
molpro_pot: 1-th energy = -0.000346174 kcal/mol
molpro_pot: coordinates (angstrom):

C, 0.206312, -0.159593, 0.393908
H, 0.315466, -0.366752, 1.44637
H, -0.776777, -0.108741, -0.0459447
H, 1.07968, -0.00026489, -0.217941
H, -3.07489, 2.376, -5.87268

molpro_pot: interatomic distances matrix (angstrom):

\     C1    H2    H3    H4
H2  1.08
H3  1.08  1.87
H4  1.08  1.87  1.87
H5  7.51  8.52  6.74  7.41

Molpro::pot: 1-th molpro energy = -0.000296135 kcal/mole

Molpro::pot: 0-th energy correction = -8.51103e-05 kcal/mole
Molpro::pot: 1-th energy correction = 0 kcal/mole
molpro_pot: 0-th energy = -0.000381245 kcal/mol
molpro_pot: 1-th energy = -0.000296135 kcal/mol
molpro_pot: coordinates (angstrom):

C, 0.405849, 0.16895, 0.173392
H, 0.710584, 1.19664, 0.0571865
H, -0.298655, -0.100139, 0.943966
H, 0.803012, -0.588951, -0.482633
H, -6.04731, -2.51921, -2.58307

molpro_pot: interatomic distances matrix (angstrom):

\     C1    H2    H3    H4
H2  1.08
H3  1.08  1.87
H4  1.08  1.87  1.87
H5  7.51  8.15  7.17  7.42

Molpro::pot: 1-th molpro energy = -0.000308885 kcal/mole

Molpro::pot: 0-th energy correction = -8.50878e-05 kcal/mole
Molpro::pot: 1-th energy correction = 0 kcal/mole
molpro_pot: 0-th energy = -0.000393973 kcal/mol
molpro_pot: 1-th energy = -0.000308885 kcal/mol
molpro_pot: coordinates (angstrom):

C, 0.452877, 0.0558955, 0.122562
H, 1.07776, 0.351762, 0.949907
H, -0.432301, -0.533602, 0.299963
H, 0.711275, 0.35196, -0.881479
H, -6.74906, -0.835658, -1.82771

molpro_pot: interatomic distances matrix (angstrom):

\     C1    H2    H3    H4
H2  1.08
H3  1.08  1.87
H4  1.08  1.87  1.87
H5  7.51  8.39  6.67  7.61

Molpro::pot: 1-th molpro energy = -0.000366822 kcal/mole

Molpro::pot: 0-th energy correction = -8.51021e-05 kcal/mole
Molpro::pot: 1-th energy correction = 0 kcal/mole
molpro_pot: 0-th energy = -0.000451924 kcal/mol
molpro_pot: 1-th energy = -0.000366822 kcal/mol

(4,0)-th SURFACE:

molpro_pot: coordinates (angstrom):

C, 0.168679, 0.2385, 0.318804
H, 0.663729, 0.350526, 1.27006
H, -0.707835, -0.384133, 0.23775
H, 0.548071, 0.751306, -0.550456
H, -2.5124, -3.55748, -4.75329

molpro_pot: interatomic distances matrix (angstrom):

\     C1    H2    H3    H4
H2  1.08
H3  1.08  1.87
H4  1.08  1.87  1.87
H5  6.88  7.85  6.18  6.75

Molpro::pot: 1-th molpro energy = -0.000604308 kcal/mole

Molpro::pot: 0-th energy correction = -0.000303136 kcal/mole
Molpro::pot: 1-th energy correction = 0 kcal/mole
molpro_pot: 0-th energy = -0.000907443 kcal/mol
molpro_pot: 1-th energy = -0.000604308 kcal/mol
molpro_pot: coordinates (angstrom):

C, 0.421925, 0.0946906, 0.0106012
H, -0.12811, 0.986796, 0.263829
H, 1.40993, -0.0614138, 0.413101
H, -0.0169828, -0.642542, -0.642368
H, -6.28862, -1.4103, -0.160789

molpro_pot: interatomic distances matrix (angstrom):

\     C1    H2    H3    H4
H2  1.08
H3  1.08  1.87
H4  1.08  1.87  1.87
H5  6.88  6.62  7.84  6.34

Molpro::pot: 1-th molpro energy = -0.000632897 kcal/mole

Molpro::pot: 0-th energy correction = -0.000303045 kcal/mole
Molpro::pot: 1-th energy correction = 0 kcal/mole
molpro_pot: 0-th energy = -0.000935942 kcal/mol
molpro_pot: 1-th energy = -0.000632897 kcal/mol
molpro_pot: coordinates (angstrom):

C, -0.306608, -0.243376, -0.184076
H, -0.299383, 0.609948, 0.47494
H, -0.923336, -0.235763, -1.06844
H, 0.304955, -1.10277, 0.0394344
H, 4.56849, 3.62642, 2.74583

molpro_pot: interatomic distances matrix (angstrom):

\     C1    H2    H3    H4
H2  1.08
H3  1.08  1.87
H4  1.08  1.87  1.87
H5  6.88  6.16  7.72  6.92

Molpro::pot: 1-th molpro energy = -0.000600237 kcal/mole

Molpro::pot: 0-th energy correction = -0.000303028 kcal/mole
Molpro::pot: 1-th energy correction = 0 kcal/mole
molpro_pot: 0-th energy = -0.000903265 kcal/mol
molpro_pot: 1-th energy = -0.000600237 kcal/mol
molpro_pot: coordinates (angstrom):

C, 0.355628, -0.070092, 0.23563
H, 0.651061, 0.953586, 0.0703476
H, 1.10217, -0.84725, 0.270516
H, -0.685589, -0.316223, 0.369074
H, -5.30205, 1.04446, -3.51554

molpro_pot: interatomic distances matrix (angstrom):

\     C1    H2    H3    H4
H2  1.08
H3  1.08  1.87
H4  1.08  1.87  1.87
H5  6.88  6.95  7.68  6.18

Molpro::pot: 1-th molpro energy = -0.000597108 kcal/mole

Molpro::pot: 0-th energy correction = -0.000303181 kcal/mole
Molpro::pot: 1-th energy correction = 0 kcal/mole
molpro_pot: 0-th energy = -0.000900289 kcal/mol
molpro_pot: 1-th energy = -0.000597108 kcal/mol
molpro_pot: coordinates (angstrom):

C, 0.150962, 0.171672, -0.36717
H, 0.243942, 0.356875, -1.42527
H, -0.818902, -0.0206472, 0.0628254
H, 1.02779, 0.175693, 0.260273
H, -2.25031, -2.55599, 5.474

molpro_pot: interatomic distances matrix (angstrom):

\     C1    H2    H3    H4
H2  1.08
H3  1.08  1.87
H4  1.08  1.87  1.87
H5  6.88  7.89  6.14  6.74

Molpro::pot: 1-th molpro energy = -0.000697074 kcal/mole

Molpro::pot: 0-th energy correction = -0.000303063 kcal/mole
Molpro::pot: 1-th energy correction = 0 kcal/mole
molpro_pot: 0-th energy = -0.00100014 kcal/mol
molpro_pot: 1-th energy = -0.000697074 kcal/mol

(5,0)-th SURFACE:

molpro_pot: coordinates (angstrom):

C, 0.240191, 0.0513045, -0.319118
H, 0.27737, 0.731534, 0.516597
H, 1.08976, -0.573621, -0.543197
H, -0.64728, -0.00630307, -0.928707
H, -3.57977, -0.762484, 4.755

molpro_pot: interatomic distances matrix (angstrom):

\     C1    H2    H3    H4
H2  1.08
H3  1.08  1.87
H4  1.08  1.87  1.87
H5   6.4  5.92  7.06  6.44

Molpro::pot: 1-th molpro energy = -0.000882413 kcal/mole

Molpro::pot: 0-th energy correction = -0.00078542 kcal/mole
Molpro::pot: 1-th energy correction = 0 kcal/mole
molpro_pot: 0-th energy = -0.00166783 kcal/mol
molpro_pot: 1-th energy = -0.000882413 kcal/mol
molpro_pot: coordinates (angstrom):

C, -0.124752, 0.374475, -0.079576
H, 0.00609417, -0.386938, 0.672518
H, 0.566967, 1.19956, -0.136816
H, -0.945138, 0.309303, -0.776168
H, 1.85748, -5.58074, 1.18796

molpro_pot: interatomic distances matrix (angstrom):

\     C1    H2    H3    H4
H2  1.08
H3  1.08  1.87
H4  1.08  1.87  1.87
H5   6.4  5.54  7.03  6.81

Molpro::pot: 1-th molpro energy = -0.00123208 kcal/mole

Molpro::pot: 0-th energy correction = -0.000785485 kcal/mole
Molpro::pot: 1-th energy correction = 0 kcal/mole
molpro_pot: 0-th energy = -0.00201757 kcal/mol
molpro_pot: 1-th energy = -0.00123208 kcal/mol
molpro_pot: coordinates (angstrom):

C, 0.0623806, -0.395764, 0.0400764
H, 0.169663, -0.618247, 1.0896
H, -0.544705, -1.03009, -0.5857
H, 0.55942, 0.462426, -0.382986
H, -0.927134, 5.89821, -0.5981

molpro_pot: interatomic distances matrix (angstrom):

\     C1    H2    H3    H4
H2  1.08
H3  1.08  1.87
H4  1.08  1.87  1.87
H5   6.4  6.82  6.94  5.64

Molpro::pot: 1-th molpro energy = -0.00106744 kcal/mole

Molpro::pot: 0-th energy correction = -0.000785486 kcal/mole
Molpro::pot: 1-th energy correction = 0 kcal/mole
molpro_pot: 0-th energy = -0.00185293 kcal/mol
molpro_pot: 1-th energy = -0.00106744 kcal/mol
molpro_pot: coordinates (angstrom):

C, 0.378002, -0.136314, -0.0230742
H, 0.344878, 0.409365, -0.952404
H, -0.538651, -0.446066, 0.452657
H, 1.3274, -0.3749, 0.428849
H, -5.63443, 2.03467, 0.345639

molpro_pot: interatomic distances matrix (angstrom):

\     C1    H2    H3    H4
H2  1.08
H3  1.08  1.87
H4  1.08  1.87  1.87
H5   6.4  6.33  5.67  7.37

Molpro::pot: 1-th molpro energy = -0.00106789 kcal/mole

Molpro::pot: 0-th energy correction = -0.000785735 kcal/mole
Molpro::pot: 1-th energy correction = 0 kcal/mole
molpro_pot: 0-th energy = -0.00185362 kcal/mol
molpro_pot: 1-th energy = -0.00106789 kcal/mol
molpro_pot: coordinates (angstrom):

C, 0.257372, 0.280834, -0.130218
H, 0.610848, 1.0277, -0.822868
H, -0.781114, -0.00907842, -0.134307
H, 0.942627, -0.178241, 0.564187
H, -3.83685, -4.18421, 1.94347

molpro_pot: interatomic distances matrix (angstrom):

\     C1    H2    H3    H4
H2  1.08
H3  1.08  1.87
H4  1.08  1.87  1.87
H5   6.4  7.39  5.58  6.39

Molpro::pot: 1-th molpro energy = -0.00121668 kcal/mole

Molpro::pot: 0-th energy correction = -0.000785607 kcal/mole
Molpro::pot: 1-th energy correction = 0 kcal/mole
molpro_pot: 0-th energy = -0.00200229 kcal/mol
molpro_pot: 1-th energy = -0.00121668 kcal/mol

(6,0)-th SURFACE:

molpro_pot: coordinates (angstrom):

C, 0.269742, -0.215367, 0.14904
H, 0.749712, -1.11669, 0.495114
H, -0.308527, -0.228325, -0.760881
H, 0.365358, 0.697855, 0.714199
H, -4.01831, 3.21149, -2.22303

molpro_pot: interatomic distances matrix (angstrom):

\     C1    H2    H3    H4
H2  1.08
H3  1.08  1.87
H4  1.08  1.87  1.87
H5  5.98  6.99  5.27  5.84

Molpro::pot: 1-th molpro energy = -0.00197679 kcal/mole

Molpro::pot: 0-th energy correction = -0.00183187 kcal/mole
Molpro::pot: 1-th energy correction = 0 kcal/mole
molpro_pot: 0-th energy = -0.00380867 kcal/mol
molpro_pot: 1-th energy = -0.00197679 kcal/mol
molpro_pot: coordinates (angstrom):

C, -0.366707, 0.0200659, -0.0809491
H, -0.74132, -0.558863, -0.909817
H, 0.279185, -0.440325, 0.649381
H, -0.635299, 1.05977, 0.0159614
H, 5.46376, -0.299504, 1.20832

molpro_pot: interatomic distances matrix (angstrom):

\     C1    H2    H3    H4
H2  1.08
H3  1.08  1.87
H4  1.08  1.87  1.87
H5  5.98  6.56  5.22  6.36

Molpro::pot: 1-th molpro energy = -0.00209127 kcal/mole

Molpro::pot: 0-th energy correction = -0.00183151 kcal/mole
Molpro::pot: 1-th energy correction = 0 kcal/mole
molpro_pot: 0-th energy = -0.00392278 kcal/mol
molpro_pot: 1-th energy = -0.00209127 kcal/mol
molpro_pot: coordinates (angstrom):

C, 0.0958206, -0.35401, -0.0821771
H, -0.022618, 0.0765193, -1.06357
H, -0.497184, 0.010668, 0.741154
H, 0.804716, -1.151, 0.0752892
H, -1.42583, 5.27895, 1.22559

molpro_pot: interatomic distances matrix (angstrom):

\     C1    H2    H3    H4
H2  1.08
H3  1.08  1.87
H4  1.08  1.87  1.87
H5  5.98  5.85  5.37   6.9

Molpro::pot: 1-th molpro energy = -0.00177185 kcal/mole

Molpro::pot: 0-th energy correction = -0.00183235 kcal/mole
Molpro::pot: 1-th energy correction = 0 kcal/mole
molpro_pot: 0-th energy = -0.0036042 kcal/mol
molpro_pot: 1-th energy = -0.00177185 kcal/mol
molpro_pot: coordinates (angstrom):

C, 0.289104, -0.106315, 0.215581
H, -0.665096, 0.383985, 0.107772
H, 0.506153, -0.672379, 1.1072
H, 1.02486, -0.0332308, -0.569174
H, -4.30824, 1.5875, -3.21268

molpro_pot: interatomic distances matrix (angstrom):

\     C1    H2    H3    H4
H2  1.08
H3  1.08  1.87
H4  1.08  1.87  1.87
H5  5.98  5.07  6.85  6.17

Molpro::pot: 1-th molpro energy = -0.00254601 kcal/mole

Molpro::pot: 0-th energy correction = -0.00183186 kcal/mole
Molpro::pot: 1-th energy correction = 0 kcal/mole
molpro_pot: 0-th energy = -0.00437786 kcal/mol
molpro_pot: 1-th energy = -0.00254601 kcal/mol
molpro_pot: coordinates (angstrom):

C, -0.207456, 0.129689, -0.285302
H, 0.000755999, -0.109608, 0.745183
H, -0.8309, -0.523436, -0.874593
H, 0.205012, 1.02332, -0.725543
H, 3.09527, -1.93447, 4.252

molpro_pot: interatomic distances matrix (angstrom):

\     C1    H2    H3    H4
H2  1.08
H3  1.08  1.87
H4  1.08  1.87  1.87
H5  5.98  5.02  6.61  6.47

Molpro::pot: 1-th molpro energy = -0.00278433 kcal/mole

Molpro::pot: 0-th energy correction = -0.00183237 kcal/mole
Molpro::pot: 1-th energy correction = 0 kcal/mole
molpro_pot: 0-th energy = -0.0046167 kcal/mol
molpro_pot: 1-th energy = -0.00278433 kcal/mol

(6,0)-th SURFACE:

molpro_pot: coordinates (angstrom):

C, -0.0535076, -0.198969, 0.314646
H, -1.01512, 0.23475, 0.537603
H, 0.0151867, -1.23335, 0.0182543
H, 0.83879, 0.402176, 0.385014
H, 0.798246, 2.96552, -4.68731

molpro_pot: interatomic distances matrix (angstrom):

\     C1    H2    H3    H4
H2  1.08
H3  1.08  1.87
H4  1.08  1.87  1.87
H5  5.98  6.17  6.36  5.68

Molpro::pot: 1-th molpro energy = -0.00153932 kcal/mole

Molpro::pot: 0-th energy correction = -0.0018314 kcal/mole
Molpro::pot: 1-th energy correction = 0 kcal/mole
molpro_pot: 0-th energy = -0.00337072 kcal/mol
molpro_pot: 1-th energy = -0.00153932 kcal/mol
molpro_pot: coordinates (angstrom):

C, 0.240831, -0.245235, 0.152323
H, 0.0567606, -0.89599, 0.992057
H, -0.558621, 0.357999, -0.247054
H, 1.22466, -0.19533, -0.285975
H, -3.59034, 3.6533, -2.27272

molpro_pot: interatomic distances matrix (angstrom):

\     C1    H2    H3    H4
H2  1.08
H3  1.08  1.87
H4  1.08  1.87  1.87
H5  5.98  6.68  4.91  6.48

Molpro::pot: 1-th molpro energy = -0.00335283 kcal/mole

Molpro::pot: 0-th energy correction = -0.00183194 kcal/mole
Molpro::pot: 1-th energy correction = 0 kcal/mole
molpro_pot: 0-th energy = -0.00518477 kcal/mol
molpro_pot: 1-th energy = -0.00335283 kcal/mol
molpro_pot: coordinates (angstrom):

C, -0.178365, 0.212938, -0.253499
H, 0.627193, -0.265873, -0.786726
H, -1.17849, 0.191209, -0.655736
H, 0.0154277, 0.710635, 0.683124
H, 2.65963, -3.17138, 3.77771

molpro_pot: interatomic distances matrix (angstrom):

\     C1    H2    H3    H4
H2  1.08
H3  1.08  1.87
H4  1.08  1.87  1.87
H5  5.98  5.78  6.76  5.62

Molpro::pot: 1-th molpro energy = -0.00155934 kcal/mole

Molpro::pot: 0-th energy correction = -0.00183157 kcal/mole
Molpro::pot: 1-th energy correction = 0 kcal/mole
molpro_pot: 0-th energy = -0.00339091 kcal/mol
molpro_pot: 1-th energy = -0.00155934 kcal/mol
molpro_pot: coordinates (angstrom):

C, -0.135681, -0.34189, 0.0782678
H, -0.557881, 0.625321, -0.14256
H, -0.116583, -1.10733, -0.680846
H, 0.270091, -0.542691, 1.05681
H, 2.0199, 5.09553, -1.16533

molpro_pot: interatomic distances matrix (angstrom):

\     C1    H2    H3    H4
H2  1.08
H3  1.08  1.87
H4  1.08  1.87  1.87
H5  5.98  5.26  6.58  6.31

Molpro::pot: 1-th molpro energy = -0.00196999 kcal/mole

Molpro::pot: 0-th energy correction = -0.00183154 kcal/mole
Molpro::pot: 1-th energy correction = 0 kcal/mole
molpro_pot: 0-th energy = -0.00380153 kcal/mol
molpro_pot: 1-th energy = -0.00196999 kcal/mol
molpro_pot: coordinates (angstrom):

C, -0.102679, 0.274206, -0.235651
H, -0.26488, -0.35526, 0.624569
H, -0.914837, 0.477773, -0.914973
H, 0.870438, 0.7025, -0.414893
H, 1.53186, -4.08993, 3.51116

molpro_pot: interatomic distances matrix (angstrom):

\     C1    H2    H3    H4
H2  1.08
H3  1.08  1.87
H4  1.08  1.87  1.87
H5  5.98  5.05  6.81  6.23

Molpro::pot: 1-th molpro energy = -0.00263792 kcal/mole

Molpro::pot: 0-th energy correction = -0.00183233 kcal/mole
Molpro::pot: 1-th energy correction = 0 kcal/mole
molpro_pot: 0-th energy = -0.00447024 kcal/mol
molpro_pot: 1-th energy = -0.00263792 kcal/mol

(7,0)-th SURFACE:

molpro_pot: coordinates (angstrom):

C, 0.14931, -0.242592, -0.207675
H, 0.103536, -1.17266, -0.751176
H, 0.700692, -0.185712, 0.717129
H, -0.353466, 0.6311, -0.590296
H, -2.22857, 3.61578, 3.09709

molpro_pot: interatomic distances matrix (angstrom):

\     C1    H2    H3    H4
H2  1.08
H3  1.08  1.87
H4  1.08  1.87  1.87
H5  5.61  6.57  5.36   5.1

Molpro::pot: 1-th molpro energy = -0.00301065 kcal/mole

Molpro::pot: 0-th energy correction = -0.00384394 kcal/mole
Molpro::pot: 1-th energy correction = 0 kcal/mole
molpro_pot: 0-th energy = -0.00685459 kcal/mol
molpro_pot: 1-th energy = -0.00301065 kcal/mol
molpro_pot: coordinates (angstrom):

C, 0.330721, 0.08591, -0.0865936
H, -0.321667, -0.558888, -0.653287
H, 1.35394, -0.204244, 0.0904413
H, -0.0389732, 1.02194, 0.300316
H, -4.93114, -1.28172, 1.29358

molpro_pot: interatomic distances matrix (angstrom):

\     C1    H2    H3    H4
H2  1.08
H3  1.08  1.87
H4  1.08  1.87  1.87
H5  5.61  5.06  6.49   5.5

Molpro::pot: 1-th molpro energy = -0.00313123 kcal/mole

Molpro::pot: 0-th energy correction = -0.00384414 kcal/mole
Molpro::pot: 1-th energy correction = 0 kcal/mole
molpro_pot: 0-th energy = -0.00697537 kcal/mol
molpro_pot: 1-th energy = -0.00313123 kcal/mol
molpro_pot: coordinates (angstrom):

C, -0.201409, 0.25337, 0.139991
H, -0.486256, 1.22321, -0.235231
H, -0.728379, -0.176542, 0.976649
H, 0.608028, -0.287785, -0.323133
H, 3.00475, -3.77571, -2.08513

molpro_pot: interatomic distances matrix (angstrom):

\     C1    H2    H3    H4
H2  1.08
H3  1.08  1.87
H4  1.08  1.87  1.87
H5  5.61  6.37  6.02  4.58

Molpro::pot: 1-th molpro energy = -0.0056051 kcal/mole

Molpro::pot: 0-th energy correction = -0.003843 kcal/mole
Molpro::pot: 1-th energy correction = 0 kcal/mole
molpro_pot: 0-th energy = -0.0094481 kcal/mol
molpro_pot: 1-th energy = -0.0056051 kcal/mol
molpro_pot: coordinates (angstrom):

C, 0.0998237, -0.124256, 0.314729
H, -0.963079, -0.286652, 0.234854
H, 0.758898, -0.955833, 0.50609
H, 0.50391, 0.868782, 0.200228
H, -1.48831, 1.8532, -4.68859

molpro_pot: interatomic distances matrix (angstrom):

\     C1    H2    H3    H4
H2  1.08
H3  1.08  1.87
H4  1.08  1.87  1.87
H5  5.61  5.39  6.32  5.37

Molpro::pot: 1-th molpro energy = -0.00300958 kcal/mole

Molpro::pot: 0-th energy correction = -0.00384192 kcal/mole
Molpro::pot: 1-th energy correction = 0 kcal/mole
molpro_pot: 0-th energy = -0.0068515 kcal/mol
molpro_pot: 1-th energy = -0.00300958 kcal/mol
molpro_pot: coordinates (angstrom):

C, 0.173371, -0.144538, -0.271163
H, -0.621504, -0.69027, -0.753726
H, 0.596676, 0.724858, -0.748115
H, 0.542759, -0.46615, 0.689378
H, -2.58223, 2.15255, 4.04116

molpro_pot: interatomic distances matrix (angstrom):

\     C1    H2    H3    H4
H2  1.08
H3  1.08  1.87
H4  1.08  1.87  1.87
H5  5.61  5.91  5.92  5.28

Molpro::pot: 1-th molpro energy = -0.0032033 kcal/mole

Molpro::pot: 0-th energy correction = -0.00384171 kcal/mole
Molpro::pot: 1-th energy correction = 0 kcal/mole
molpro_pot: 0-th energy = -0.00704501 kcal/mol
molpro_pot: 1-th energy = -0.0032033 kcal/mol

(8,0)-th SURFACE:

molpro_pot: coordinates (angstrom):

C, 0.323951, 0.0732395, -0.02147
H, -0.00227693, 1.09898, 0.041332
H, 1.08508, -0.291951, 0.649226
H, -0.112901, -0.587963, -0.75256
H, -4.82714, -1.09112, 0.317641

molpro_pot: interatomic distances matrix (angstrom):

\     C1    H2    H3    H4
H2  1.08
H3  1.08  1.87
H4  1.08  1.87  1.87
H5  5.29  5.31  5.98  4.86

Molpro::pot: 1-th molpro energy = -0.00630791 kcal/mole

Molpro::pot: 0-th energy correction = -0.00724988 kcal/mole
Molpro::pot: 1-th energy correction = 0 kcal/mole
molpro_pot: 0-th energy = -0.0135578 kcal/mol
molpro_pot: 1-th energy = -0.00630791 kcal/mol
molpro_pot: coordinates (angstrom):

C, 0.272339, -0.171112, -0.0857584
H, 0.782978, 0.579355, -0.667619
H, 0.572717, -0.359978, 0.932388
H, -0.540387, -0.730384, -0.520744
H, -4.058, 2.54841, 1.27709

molpro_pot: interatomic distances matrix (angstrom):

\     C1    H2    H3    H4
H2  1.08
H3  1.08  1.87
H4  1.08  1.87  1.87
H5  5.29  5.58  5.48  5.13

Molpro::pot: 1-th molpro energy = -0.00693716 kcal/mole

Molpro::pot: 0-th energy correction = -0.00724917 kcal/mole
Molpro::pot: 1-th energy correction = 0 kcal/mole
molpro_pot: 0-th energy = -0.0141863 kcal/mol
molpro_pot: 1-th energy = -0.00693716 kcal/mol
molpro_pot: coordinates (angstrom):

C, 0.125426, 0.243088, -0.189125
H, -0.624379, -0.454173, -0.526965
H, 0.887016, 0.587134, -0.870397
H, 0.111917, 0.598617, 0.828685
H, -1.86798, -3.62599, 2.82056

molpro_pot: interatomic distances matrix (angstrom):

\     C1    H2    H3    H4
H2  1.08
H3  1.08  1.87
H4  1.08  1.87  1.87
H5  5.29  4.78  6.24  5.07

Molpro::pot: 1-th molpro energy = -0.00537782 kcal/mole

Molpro::pot: 0-th energy correction = -0.00725375 kcal/mole
Molpro::pot: 1-th energy correction = 0 kcal/mole
molpro_pot: 0-th energy = -0.0126316 kcal/mol
molpro_pot: 1-th energy = -0.00537782 kcal/mol
molpro_pot: coordinates (angstrom):

C, 0.0671645, -0.279769, 0.167275
H, 0.576122, -0.500904, -0.757158
H, 0.00445264, 0.738028, 0.517527
H, -0.381619, -1.07563, 0.739741
H, -0.998673, 4.16967, -2.49183

molpro_pot: interatomic distances matrix (angstrom):

\     C1    H2    H3    H4
H2  1.08
H3  1.08  1.87
H4  1.08  1.87  1.87
H5  5.29  5.23  4.67  6.19

Molpro::pot: 1-th molpro energy = -0.00582155 kcal/mole

Molpro::pot: 0-th energy correction = -0.00725003 kcal/mole
Molpro::pot: 1-th energy correction = 0 kcal/mole
molpro_pot: 0-th energy = -0.0130716 kcal/mol
molpro_pot: 1-th energy = -0.00582155 kcal/mol
molpro_pot: coordinates (angstrom):

C, 0.177544, 0.00186021, 0.28152
H, 0.792139, -0.783969, 0.690496
H, 0.574941, 0.656903, -0.477106
H, -0.835059, 0.130741, 0.628718
H, -2.64601, -0.0258247, -4.19412

molpro_pot: interatomic distances matrix (angstrom):

\     C1    H2    H3    H4
H2  1.08
H3  1.08  1.87
H4  1.08  1.87  1.87
H5  5.29  6.02  4.97  5.15

Molpro::pot: 1-th molpro energy = -0.00613145 kcal/mole

Molpro::pot: 0-th energy correction = -0.00724967 kcal/mole
Molpro::pot: 1-th energy correction = 0 kcal/mole
molpro_pot: 0-th energy = -0.0133811 kcal/mol
molpro_pot: 1-th energy = -0.00613145 kcal/mol

(8,0)-th SURFACE:

molpro_pot: coordinates (angstrom):

C, 0.318997, 0.00730753, -0.0937375
H, 1.04683, 0.459432, -0.748227
H, 0.241201, -1.06646, -0.0346471
H, -0.328724, 0.628554, 0.503783
H, -4.75755, -0.108536, 1.39521

molpro_pot: interatomic distances matrix (angstrom):

\     C1    H2    H3    H4
H2  1.08
H3  1.08  1.87
H4  1.08  1.87  1.87
H5  5.29  6.21  5.29  4.58

Molpro::pot: 1-th molpro energy = -0.00601743 kcal/mole

Molpro::pot: 0-th energy correction = -0.00725359 kcal/mole
Molpro::pot: 1-th energy correction = 0 kcal/mole
molpro_pot: 0-th energy = -0.013271 kcal/mol
molpro_pot: 1-th energy = -0.00601743 kcal/mol
molpro_pot: coordinates (angstrom):

C, 0.0480463, 0.321215, 0.0727731
H, -0.845803, 0.817542, -0.269583
H, 0.288995, 0.309874, 1.12365
H, 0.699146, -0.166268, -0.635005
H, -0.714417, -4.7858, -1.08555

molpro_pot: interatomic distances matrix (angstrom):

\     C1    H2    H3    H4
H2  1.08
H3  1.08  1.87
H4  1.08  1.87  1.87
H5  5.29  5.66  5.64  4.85

Molpro::pot: 1-th molpro energy = -0.00685829 kcal/mole

Molpro::pot: 0-th energy correction = -0.00724958 kcal/mole
Molpro::pot: 1-th energy correction = 0 kcal/mole
molpro_pot: 0-th energy = -0.0141079 kcal/mol
molpro_pot: 1-th energy = -0.00685829 kcal/mol
molpro_pot: coordinates (angstrom):

C, 0.220232, -0.17816, 0.174792
H, 0.622241, 0.774749, -0.129953
H, -0.65273, -0.217363, 0.806393
H, 0.689061, -1.09159, -0.154396
H, -3.28084, 2.65552, -2.60326

molpro_pot: interatomic distances matrix (angstrom):

\     C1    H2    H3    H4
H2  1.08
H3  1.08  1.87
H4  1.08  1.87  1.87
H5  5.29  4.99  5.18  5.98

Molpro::pot: 1-th molpro energy = -0.00624113 kcal/mole

Molpro::pot: 0-th energy correction = -0.00724931 kcal/mole
Molpro::pot: 1-th energy correction = 0 kcal/mole
molpro_pot: 0-th energy = -0.0134904 kcal/mol
molpro_pot: 1-th energy = -0.00624113 kcal/mol
molpro_pot: coordinates (angstrom):

C, 0.126094, -0.259456, 0.165723
H, 0.730635, -0.681494, -0.620998
H, 0.254264, -0.594886, 1.18237
H, -0.604189, 0.499922, -0.0635179
H, -1.88209, 3.86576, -2.47109

molpro_pot: interatomic distances matrix (angstrom):

\     C1    H2    H3    H4
H2  1.08
H3  1.08  1.87
H4  1.08  1.87  1.87
H5  5.29  5.56  6.15  4.33

Molpro::pot: 1-th molpro energy = -0.00756428 kcal/mole

Molpro::pot: 0-th energy correction = -0.0072518 kcal/mole
Molpro::pot: 1-th energy correction = 0 kcal/mole
molpro_pot: 0-th energy = -0.0148161 kcal/mol
molpro_pot: 1-th energy = -0.00756428 kcal/mol
molpro_pot: coordinates (angstrom):

C, -0.104122, 0.217685, 0.229053
H, 0.031228, 0.580898, -0.777064
H, -0.693968, 0.784375, 0.931522
H, 0.347564, -0.713363, 0.531792
H, 1.55494, -3.24384, -3.41355

molpro_pot: interatomic distances matrix (angstrom):

\     C1    H2    H3    H4
H2  1.08
H3  1.08  1.87
H4  1.08  1.87  1.87
H5  5.29  4.89  6.34  4.84

Molpro::pot: 1-th molpro energy = -0.00483012 kcal/mole

Molpro::pot: 0-th energy correction = -0.00725154 kcal/mole
Molpro::pot: 1-th energy correction = 0 kcal/mole
molpro_pot: 0-th energy = -0.0120817 kcal/mol
molpro_pot: 1-th energy = -0.00483012 kcal/mol

(9,0)-th SURFACE:

molpro_pot: coordinates (angstrom):

C, 0.196186, -0.171753, -0.178961
H, -0.49202, -0.0326522, -0.997215
H, 0.924292, 0.590399, 0.0479872
H, 0.154369, -1.07121, 0.414117
H, -2.9226, 2.5585, 2.66597

molpro_pot: interatomic distances matrix (angstrom):

\     C1    H2    H3    H4
H2  1.08
H3  1.08  1.87
H4  1.08  1.87  1.87
H5  5.03   5.1  5.05  5.26

Molpro::pot: 1-th molpro energy = -0.0145663 kcal/mole

Molpro::pot: 0-th energy correction = -0.0123052 kcal/mole
Molpro::pot: 1-th energy correction = 0 kcal/mole
molpro_pot: 0-th energy = -0.0268715 kcal/mol
molpro_pot: 1-th energy = -0.0145663 kcal/mol
molpro_pot: coordinates (angstrom):

C, 0.030284, 0.287107, 0.128465
H, 0.0290326, 0.866751, -0.78067
H, 0.192529, 0.773303, 1.07705
H, -0.133713, -0.777837, 0.0894624
H, -0.448436, -4.28075, -1.91545

molpro_pot: interatomic distances matrix (angstrom):

\     C1    H2    H3    H4
H2  1.08
H3  1.08  1.87
H4  1.08  1.87  1.87
H5  5.03  5.29  5.91  4.05

Molpro::pot: 1-th molpro energy = -0.00976071 kcal/mole

Molpro::pot: 0-th energy correction = -0.0123116 kcal/mole
Molpro::pot: 1-th energy correction = 0 kcal/mole
molpro_pot: 0-th energy = -0.0220723 kcal/mol
molpro_pot: 1-th energy = -0.00976071 kcal/mol
molpro_pot: coordinates (angstrom):

C, -0.190563, -0.202636, -0.150271
H, -0.114564, -1.17374, 0.31201
H, -1.15962, 0.208675, -0.383248
H, 0.701927, 0.358355, -0.376701
H, 2.84126, 3.01946, 2.23719

molpro_pot: interatomic distances matrix (angstrom):

\     C1    H2    H3    H4
H2  1.08
H3  1.08  1.87
H4  1.08  1.87  1.87
H5  5.03  5.48  5.55   4.3

Molpro::pot: 1-th molpro energy = -0.0121678 kcal/mole

Molpro::pot: 0-th energy correction = -0.0123075 kcal/mole
Molpro::pot: 1-th energy correction = 0 kcal/mole
molpro_pot: 0-th energy = -0.0244753 kcal/mol
molpro_pot: 1-th energy = -0.0121678 kcal/mol
molpro_pot: coordinates (angstrom):

C, 0.0685158, -0.165421, -0.260311
H, -0.0176925, 0.0420554, -1.31484
H, 0.0196173, -1.18245, 0.0943275
H, 0.206673, 0.643454, 0.439085
H, -1.0244, 2.46658, 3.88091

molpro_pot: interatomic distances matrix (angstrom):

\     C1    H2    H3    H4
H2  1.08
H3  1.08  1.87
H4  1.08  1.87  1.87
H5  5.03  5.82  5.36  4.08

Molpro::pot: 1-th molpro energy = -0.010436 kcal/mole

Molpro::pot: 0-th energy correction = -0.0123128 kcal/mole
Molpro::pot: 1-th energy correction = 0 kcal/mole
molpro_pot: 0-th energy = -0.0227488 kcal/mol
molpro_pot: 1-th energy = -0.010436 kcal/mol
molpro_pot: coordinates (angstrom):

C, -0.187423, 0.210768, 0.142123
H, 0.4904, 0.503277, 0.927942
H, -0.85366, -0.624221, 0.288545
H, -0.201272, 0.754874, -0.788617
H, 2.79614, -3.1435, -2.12011

molpro_pot: interatomic distances matrix (angstrom):

\     C1    H2    H3    H4
H2  1.08
H3  1.08  1.87
H4  1.08  1.87  1.87
H5  5.03  5.28  5.05  5.09

Molpro::pot: 1-th molpro energy = -0.0145859 kcal/mole

Molpro::pot: 0-th energy correction = -0.0123156 kcal/mole
Molpro::pot: 1-th energy correction = 0 kcal/mole
molpro_pot: 0-th energy = -0.0269015 kcal/mol
molpro_pot: 1-th energy = -0.0145859 kcal/mol

(10,0)-th SURFACE:

molpro_pot: coordinates (angstrom):

C, 0.273151, 0.00535976, 0.0728489
H, 0.556717, -0.969993, -0.288803
H, 1.01557, 0.655729, 0.506847
H, -0.751782, 0.331541, -0.00223303
H, -4.07287, -0.0810948, -1.08321

molpro_pot: interatomic distances matrix (angstrom):

\     C1    H2    H3    H4
H2  1.08
H3  1.08  1.87
H4  1.08  1.87  1.87
H5   4.5  4.78  5.38  3.52

Molpro::pot: 1-th molpro energy = -0.00828167 kcal/mole

Molpro::pot: 0-th energy correction = -0.0354749 kcal/mole
Molpro::pot: 1-th energy correction = 0 kcal/mole
molpro_pot: 0-th energy = -0.0437566 kcal/mol
molpro_pot: 1-th energy = -0.00828167 kcal/mol
molpro_pot: coordinates (angstrom):

C, -0.181441, 0.217037, 0.00647531
H, 0.372875, 1.13913, -0.0642307
H, -0.198424, -0.466521, -0.827178
H, -0.71605, -0.0229493, 0.911528
H, 2.70199, -3.23388, -0.0972201

molpro_pot: interatomic distances matrix (angstrom):

\     C1    H2    H3    H4
H2  1.08
H3  1.08  1.87
H4  1.08  1.87  1.87
H5   4.5  4.95  4.07   4.8

Molpro::pot: 1-th molpro energy = -0.0520192 kcal/mole

Molpro::pot: 0-th energy correction = -0.0354598 kcal/mole
Molpro::pot: 1-th energy correction = 0 kcal/mole
molpro_pot: 0-th energy = -0.087479 kcal/mol
molpro_pot: 1-th energy = -0.0520192 kcal/mol
molpro_pot: coordinates (angstrom):

C, -0.144034, -0.0432113, -0.239316
H, 0.337448, -0.51055, -1.08329
H, 0.304734, 0.818906, 0.227461
H, -1.07548, -0.435852, 0.135872
H, 2.14828, 0.642006, 3.56944

molpro_pot: interatomic distances matrix (angstrom):

\     C1    H2    H3    H4
H2  1.08
H3  1.08  1.87
H4  1.08  1.87  1.87
H5   4.5  5.12  3.82  4.83

Molpro::pot: 1-th molpro energy = -0.0382499 kcal/mole

Molpro::pot: 0-th energy correction = -0.0354827 kcal/mole
Molpro::pot: 1-th energy correction = 0 kcal/mole
molpro_pot: 0-th energy = -0.0737326 kcal/mol
molpro_pot: 1-th energy = -0.0382499 kcal/mol
molpro_pot: coordinates (angstrom):

C, -0.166191, -0.219919, 0.063798
H, 0.885924, -0.148296, 0.288384
H, -0.856008, 0.496002, 0.481085
H, -0.528057, -1.00524, -0.580286
H, 2.47695, 3.27607, -0.948815

molpro_pot: interatomic distances matrix (angstrom):

\     C1    H2    H3    H4
H2  1.08
H3  1.08  1.87
H4  1.08  1.87  1.87
H5   4.5  3.97  4.57  5.24

Molpro::pot: 1-th molpro energy = -0.0394917 kcal/mole

Molpro::pot: 0-th energy correction = -0.0354615 kcal/mole
Molpro::pot: 1-th energy correction = 0 kcal/mole
molpro_pot: 0-th energy = -0.0749532 kcal/mol
molpro_pot: 1-th energy = -0.0394917 kcal/mol
molpro_pot: coordinates (angstrom):

C, -0.0306175, -0.119978, -0.254289
H, -0.0711111, -0.911507, -0.985285
H, -0.590562, -0.204911, 0.66319
H, 0.571981, 0.75478, -0.439206
H, 0.45425, 1.79019, 3.78907

molpro_pot: interatomic distances matrix (angstrom):

\     C1    H2    H3    H4
H2  1.08
H3  1.08  1.87
H4  1.08  1.87  1.87
H5   4.5  5.51  3.85  4.35

Molpro::pot: 1-th molpro energy = -0.014781 kcal/mole

Molpro::pot: 0-th energy correction = -0.0354689 kcal/mole
Molpro::pot: 1-th energy correction = 0 kcal/mole
molpro_pot: 0-th energy = -0.05025 kcal/mol
molpro_pot: 1-th energy = -0.014781 kcal/mol

(10,0)-th SURFACE:

molpro_pot: coordinates (angstrom):

C, 0.0852171, -0.187636, -0.193669
H, 0.77111, 0.644235, -0.201252
H, -0.755563, -0.186396, 0.481316
H, 0.238184, -1.01904, -0.862918
H, -1.2684, 2.79535, 2.88884

molpro_pot: interatomic distances matrix (angstrom):

\     C1    H2    H3    H4
H2  1.08
H3  1.08  1.87
H4  1.08  1.87  1.87
H5   4.5  4.28  3.87  5.56

Molpro::pot: 1-th molpro energy = -0.00983537 kcal/mole

Molpro::pot: 0-th energy correction = -0.0354712 kcal/mole
Molpro::pot: 1-th energy correction = 0 kcal/mole
molpro_pot: 0-th energy = -0.0453065 kcal/mol
molpro_pot: 1-th energy = -0.00983537 kcal/mol
molpro_pot: coordinates (angstrom):

C, 0.244106, 0.142261, -0.0139866
H, 0.659594, 1.1296, 0.108662
H, 0.475677, -0.632059, 0.699681
H, -0.40518, -0.0699642, -0.848198
H, -3.63662, -2.12146, 0.206391

molpro_pot: interatomic distances matrix (angstrom):

\     C1    H2    H3    H4
H2  1.08
H3  1.08  1.87
H4  1.08  1.87  1.87
H5   4.5  5.39   4.4  3.97

Molpro::pot: 1-th molpro energy = -0.0293871 kcal/mole

Molpro::pot: 0-th energy correction = -0.0354656 kcal/mole
Molpro::pot: 1-th energy correction = 0 kcal/mole
molpro_pot: 0-th energy = -0.0648527 kcal/mol
molpro_pot: 1-th energy = -0.0293871 kcal/mol
molpro_pot: coordinates (angstrom):

C, 0.276136, -0.00560722, -0.0612791
H, -0.579146, 0.576328, -0.365187
H, 0.538315, -0.0732488, 0.982371
H, 0.867247, -0.522258, -0.800319
H, -4.11432, 0.0859434, 0.912774

molpro_pot: interatomic distances matrix (angstrom):

\     C1    H2    H3    H4
H2  1.08
H3  1.08  1.87
H4  1.08  1.87  1.87
H5   4.5  3.79  4.66   5.3

Molpro::pot: 1-th molpro energy = -0.0294952 kcal/mole

Molpro::pot: 0-th energy correction = -0.0354636 kcal/mole
Molpro::pot: 1-th energy correction = 0 kcal/mole
molpro_pot: 0-th energy = -0.0649588 kcal/mol
molpro_pot: 1-th energy = -0.0294952 kcal/mol
molpro_pot: coordinates (angstrom):

C, 0.0210549, 0.140409, -0.244313
H, 0.991026, -0.321802, -0.333937
H, -0.0596031, 1.21289, -0.168178
H, -0.86815, -0.469287, -0.233936
H, -0.31397, -2.09363, 3.64504

molpro_pot: interatomic distances matrix (angstrom):

\     C1    H2    H3    H4
H2  1.08
H3  1.08  1.87
H4  1.08  1.87  1.87
H5   4.5  4.55  5.05  4.24

Molpro::pot: 1-th molpro energy = -0.0538484 kcal/mole

Molpro::pot: 0-th energy correction = -0.0354875 kcal/mole
Molpro::pot: 1-th energy correction = 0 kcal/mole
molpro_pot: 0-th energy = -0.0893359 kcal/mol
molpro_pot: 1-th energy = -0.0538484 kcal/mol
molpro_pot: coordinates (angstrom):

C, -0.0905475, -0.167194, 0.209082
H, 0.428734, 0.122444, 1.10851
H, 0.465823, -0.52219, -0.643531
H, -1.16597, -0.104843, 0.163234
H, 1.34955, 2.49534, -3.11772

molpro_pot: interatomic distances matrix (angstrom):

\     C1    H2    H3    H4
H2  1.08
H3  1.08  1.87
H4  1.08  1.87  1.87
H5   4.5  4.93     4  4.88

Molpro::pot: 1-th molpro energy = -0.049279 kcal/mole

Molpro::pot: 0-th energy correction = -0.0354848 kcal/mole
Molpro::pot: 1-th energy correction = 0 kcal/mole
molpro_pot: 0-th energy = -0.0847638 kcal/mol
molpro_pot: 1-th energy = -0.049279 kcal/mol

(11,0)-th SURFACE:

molpro_pot: coordinates (angstrom):

C, 0.0884941, 0.209974, -0.137321
H, 0.70956, 1.0836, -0.253832
H, -0.805884, 0.261028, 0.462679
H, 0.359935, -0.71354, -0.623081
H, -1.31729, -3.13121, 2.04929

molpro_pot: interatomic distances matrix (angstrom):

\     C1    H2    H3    H4
H2  1.08
H3  1.08  1.87
H4  1.08  1.87  1.87
H5  4.23  5.21  3.78  3.97

Molpro::pot: 1-th molpro energy = -0.0351548 kcal/mole

Molpro::pot: 0-th energy correction = -0.0602284 kcal/mole
Molpro::pot: 1-th energy correction = 0 kcal/mole
molpro_pot: 0-th energy = -0.0953832 kcal/mol
molpro_pot: 1-th energy = -0.0351548 kcal/mol
molpro_pot: coordinates (angstrom):

C, -0.183856, -0.0253448, -0.190798
H, 0.00945619, 0.888465, -0.729405
H, -0.725124, -0.827075, -0.667007
H, 0.166596, -0.138692, 0.822542
H, 2.73821, 0.379079, 2.84567

molpro_pot: interatomic distances matrix (angstrom):

\     C1    H2    H3    H4
H2  1.08
H3  1.08  1.87
H4  1.08  1.87  1.87
H5  4.23  4.53  5.08  3.31

Molpro::pot: 1-th molpro energy = -0.0129013 kcal/mole

Molpro::pot: 0-th energy correction = -0.0602122 kcal/mole
Molpro::pot: 1-th energy correction = 0 kcal/mole
molpro_pot: 0-th energy = -0.0731135 kcal/mol
molpro_pot: 1-th energy = -0.0129013 kcal/mol
molpro_pot: coordinates (angstrom):

C, -0.253886, -0.0286342, -0.0742482
H, -0.419259, -0.383122, -1.07899
H, -1.07208, 0.386792, 0.491883
H, 0.728543, -0.0923376, 0.365406
H, 3.78577, 0.42961, 1.10576

molpro_pot: interatomic distances matrix (angstrom):

\     C1    H2    H3    H4
H2  1.08
H3  1.08  1.87
H4  1.08  1.87  1.87
H5  4.23  4.81   4.9  3.19

Molpro::pot: 1-th molpro energy = 0.000768279 kcal/mole

Molpro::pot: 0-th energy correction = -0.0602254 kcal/mole
Molpro::pot: 1-th energy correction = 0 kcal/mole
molpro_pot: 0-th energy = -0.0594571 kcal/mol
molpro_pot: 1-th energy = 0.000768279 kcal/mol
molpro_pot: coordinates (angstrom):

C, 0.152359, 0.0578326, -0.210203
H, 0.195146, 1.06004, -0.605519
H, -0.0621054, -0.77102, -0.865586
H, 0.327005, -0.115927, 0.839476
H, -2.27416, -0.86169, 3.13449

molpro_pot: interatomic distances matrix (angstrom):

\     C1    H2    H3    H4
H2  1.08
H3  1.08  1.87
H4  1.08  1.87  1.87
H5  4.23  4.88  4.57  3.55

Molpro::pot: 1-th molpro energy = -0.0669733 kcal/mole

Molpro::pot: 0-th energy correction = -0.0602361 kcal/mole
Molpro::pot: 1-th energy correction = 0 kcal/mole
molpro_pot: 0-th energy = -0.127209 kcal/mol
molpro_pot: 1-th energy = -0.0669733 kcal/mol
molpro_pot: coordinates (angstrom):

C, 0.251766, 0.00104116, -0.0859825
H, 0.789128, -0.856626, -0.457688
H, -0.415672, -0.104128, 0.754246
H, 0.384064, 0.96416, -0.552266
H, -3.75526, -0.0158023, 1.27949

molpro_pot: interatomic distances matrix (angstrom):

\     C1    H2    H3    H4
H2  1.08
H3  1.08  1.87
H4  1.08  1.87  1.87
H5  4.23  4.94  3.38  4.63

Molpro::pot: 1-th molpro energy = -0.0384847 kcal/mole

Molpro::pot: 0-th energy correction = -0.0602277 kcal/mole
Molpro::pot: 1-th energy correction = 0 kcal/mole
molpro_pot: 0-th energy = -0.0987125 kcal/mol
molpro_pot: 1-th energy = -0.0384847 kcal/mol

(12,0)-th SURFACE:

molpro_pot: coordinates (angstrom):

C, 0.0253966, 0.135047, 0.208381
H, 0.925422, 0.260413, 0.788685
H, -0.559972, 0.996447, -0.070638
H, -0.287573, -0.850976, -0.0954762
H, -0.38027, -2.01386, -3.10373

molpro_pot: interatomic distances matrix (angstrom):

\     C1    H2    H3    H4
H2  1.08
H3  1.08  1.87
H4  1.08  1.87  1.87
H5  3.97  4.69  4.28  3.23

Molpro::pot: 1-th molpro energy = -0.0894567 kcal/mole

Molpro::pot: 0-th energy correction = -0.1018 kcal/mole
Molpro::pot: 1-th energy correction = 0 kcal/mole
molpro_pot: 0-th energy = -0.191257 kcal/mol
molpro_pot: 1-th energy = -0.0894567 kcal/mol
molpro_pot: coordinates (angstrom):

C, -0.15119, -0.167579, 0.106155
H, 0.575651, -0.0786888, -0.685246
H, -0.965388, 0.536238, 0.171283
H, -0.0657304, -0.961764, 0.83037
H, 2.25566, 2.49955, -1.58038

molpro_pot: interatomic distances matrix (angstrom):

\     C1    H2    H3    H4
H2  1.08
H3  1.08  1.87
H4  1.08  1.87  1.87
H5  3.97   3.2  4.16  4.81

Molpro::pot: 1-th molpro energy = -0.053194 kcal/mole

Molpro::pot: 0-th energy correction = -0.101836 kcal/mole
Molpro::pot: 1-th energy correction = 0 kcal/mole
molpro_pot: 0-th energy = -0.15503 kcal/mol
molpro_pot: 1-th energy = -0.053194 kcal/mol
molpro_pot: coordinates (angstrom):

C, -0.166243, 0.0846226, -0.165399
H, 0.291568, 0.455205, -1.0685
H, -0.56382, 0.776237, 0.559943
H, -0.22929, -0.977189, 0.0109621
H, 2.48097, -1.26184, 2.46697

molpro_pot: interatomic distances matrix (angstrom):

\     C1    H2    H3    H4
H2  1.08
H3  1.08  1.87
H4  1.08  1.87  1.87
H5  3.97   4.5  4.13  3.67

Molpro::pot: 1-th molpro energy = -0.208174 kcal/mole

Molpro::pot: 0-th energy correction = -0.101857 kcal/mole
Molpro::pot: 1-th energy correction = 0 kcal/mole
molpro_pot: 0-th energy = -0.310031 kcal/mol
molpro_pot: 1-th energy = -0.208174 kcal/mol
molpro_pot: coordinates (angstrom):

C, -0.177659, -0.0186382, 0.174282
H, -1.07266, 0.54316, -0.039881
H, -0.233887, -0.914001, 0.772348
H, 0.772786, 0.312979, -0.211989
H, 2.64912, 0.279784, -2.59563

molpro_pot: interatomic distances matrix (angstrom):

\     C1    H2    H3    H4
H2  1.08
H3  1.08  1.87
H4  1.08  1.87  1.87
H5  3.97  4.52  4.59  3.03

Molpro::pot: 1-th molpro energy = -0.0230277 kcal/mole

Molpro::pot: 0-th energy correction = -0.101808 kcal/mole
Molpro::pot: 1-th energy correction = 0 kcal/mole
molpro_pot: 0-th energy = -0.124836 kcal/mol
molpro_pot: 1-th energy = -0.0230277 kcal/mol
molpro_pot: coordinates (angstrom):

C, 0.0538818, -0.230726, 0.0787711
H, 0.241871, -0.302448, -0.980489
H, 0.873377, -0.292793, 0.776692
H, -0.952773, -0.0938885, 0.439939
H, -0.804036, 3.43635, -1.17406

molpro_pot: interatomic distances matrix (angstrom):

\     C1    H2    H3    H4
H2  1.08
H3  1.08  1.87
H4  1.08  1.87  1.87
H5  3.97  3.89  4.53  3.88

Molpro::pot: 1-th molpro energy = -0.214769 kcal/mole

Molpro::pot: 0-th energy correction = -0.101786 kcal/mole
Molpro::pot: 1-th energy correction = 0 kcal/mole
molpro_pot: 0-th energy = -0.316555 kcal/mol
molpro_pot: 1-th energy = -0.214769 kcal/mol

(12,0)-th SURFACE:

molpro_pot: coordinates (angstrom):

C, 0.144797, -0.186389, 0.0815067
H, -0.434333, -1.09008, -0.0207742
H, 0.478361, 0.341964, -0.797184
H, 0.387691, 0.190585, 1.06202
H, -2.15579, 2.77683, -1.21455

molpro_pot: interatomic distances matrix (angstrom):

\     C1    H2    H3    H4
H2  1.08
H3  1.08  1.87
H4  1.08  1.87  1.87
H5  3.97   4.4  3.61  4.28

Molpro::pot: 1-th molpro energy = -0.208174 kcal/mole

Molpro::pot: 0-th energy correction = -0.101784 kcal/mole
Molpro::pot: 1-th energy correction = 0 kcal/mole
molpro_pot: 0-th energy = -0.309957 kcal/mol
molpro_pot: 1-th energy = -0.208174 kcal/mol
molpro_pot: coordinates (angstrom):

C, -0.218584, -0.120264, -0.00180048
H, 0.211172, -0.467677, 0.924012
H, 0.394241, 0.405591, -0.716252
H, -1.25997, -0.301285, -0.214555
H, 3.2572, 1.79533, 0.0282332

molpro_pot: interatomic distances matrix (angstrom):

\     C1    H2    H3    H4
H2  1.08
H3  1.08  1.87
H4  1.08  1.87  1.87
H5  3.97   3.9  3.27  4.99

Molpro::pot: 1-th molpro energy = 0.000622794 kcal/mole

Molpro::pot: 0-th energy correction = -0.101823 kcal/mole
Molpro::pot: 1-th energy correction = 0 kcal/mole
molpro_pot: 0-th energy = -0.1012 kcal/mol
molpro_pot: 1-th energy = 0.000622794 kcal/mol
molpro_pot: coordinates (angstrom):

C, -0.00563944, 0.141689, -0.205246
H, -0.517174, -0.479866, 0.512052
H, -0.471476, 0.368154, -1.15088
H, 0.970002, 0.539216, 0.0241357
H, 0.0857956, -2.11457, 3.05853

molpro_pot: interatomic distances matrix (angstrom):

\     C1    H2    H3    H4
H2  1.08
H3  1.08  1.87
H4  1.08  1.87  1.87
H5  3.97  3.09  4.92  4.13

Molpro::pot: 1-th molpro energy = 0.0248627 kcal/mole

Molpro::pot: 0-th energy correction = -0.101827 kcal/mole
Molpro::pot: 1-th energy correction = 0 kcal/mole
molpro_pot: 0-th energy = -0.0769645 kcal/mol
molpro_pot: 1-th energy = 0.0248627 kcal/mol
molpro_pot: coordinates (angstrom):

C, -0.114615, 0.043981, -0.217107
H, -0.638645, -0.282539, -1.10101
H, 0.749853, 0.68188, -0.308204
H, -0.456654, -0.264675, 0.757707
H, 1.71014, -0.658341, 3.23657

molpro_pot: interatomic distances matrix (angstrom):

\     C1    H2    H3    H4
H2  1.08
H3  1.08  1.87
H4  1.08  1.87  1.87
H5  3.97  4.95  3.91  3.32

Molpro::pot: 1-th molpro energy = -0.0291555 kcal/mole

Molpro::pot: 0-th energy correction = -0.101837 kcal/mole
Molpro::pot: 1-th energy correction = 0 kcal/mole
molpro_pot: 0-th energy = -0.130993 kcal/mol
molpro_pot: 1-th energy = -0.0291555 kcal/mol
molpro_pot: coordinates (angstrom):

C, -0.147072, -0.147051, -0.137668
H, 0.0606193, -0.624216, 0.806627
H, -0.485981, -0.735207, -0.975363
H, -0.0189186, 0.918267, -0.243471
H, 2.19544, 2.19207, 2.0514

molpro_pot: interatomic distances matrix (angstrom):

\     C1    H2    H3    H4
H2  1.08
H3  1.08  1.87
H4  1.08  1.87  1.87
H5  3.97  3.75  4.99  3.43

Molpro::pot: 1-th molpro energy = -0.0235219 kcal/mole

Molpro::pot: 0-th energy correction = -0.101837 kcal/mole
Molpro::pot: 1-th energy correction = 0 kcal/mole
molpro_pot: 0-th energy = -0.125359 kcal/mol
molpro_pot: 1-th energy = -0.0235219 kcal/mol
