
(0,0)-th SURFACE:

molpro_pot: coordinates (angstrom):

C, 0.533884, -0.352123, -0.183181
H, 1.05146, -1.07307, -0.795442
H, -0.321084, -0.65528, 0.39961
H, 0.872914, 0.670892, -0.151233
H, -7.96015, 5.25012, 2.72816

molpro_pot: interatomic distances matrix (angstrom):

\     C1    H2    H3    H4
H2  1.08
H3  1.08  1.87
H4  1.08  1.87  1.87
H5  10.6  11.6  9.93  10.4

Molpro::pot: 1-th molpro energy = -3.36922e-05 kcal/mole

Molpro::pot: 0-th energy correction = -1.83757e-07 kcal/mole
Molpro::pot: 1-th energy correction = 0 kcal/mole
molpro_pot: 0-th energy = -3.3876e-05 kcal/mol
molpro_pot: 1-th energy = -3.36922e-05 kcal/mol
molpro_pot: coordinates (angstrom):

C, 0.0197166, -0.65858, 0.0925099
H, 0.464939, -0.455986, -0.868348
H, -0.512037, 0.120493, 0.614814
H, 0.103485, -1.64066, 0.529573
H, -0.29115, 9.81775, -1.37754

molpro_pot: interatomic distances matrix (angstrom):

\     C1    H2    H3    H4
H2  1.08
H3  1.08  1.87
H4  1.08  1.87  1.87
H5  10.6  10.3   9.9  11.6

Molpro::pot: 1-th molpro energy = -4.08434e-05 kcal/mole

Molpro::pot: 0-th energy correction = -1.8373e-07 kcal/mole
Molpro::pot: 1-th energy correction = 0 kcal/mole
molpro_pot: 0-th energy = -4.10271e-05 kcal/mol
molpro_pot: 1-th energy = -4.08434e-05 kcal/mol
molpro_pot: coordinates (angstrom):

C, 0.279243, 0.057099, -0.601153
H, 1.10545, -0.0779496, -1.28061
H, -0.528495, 0.722415, -0.86083
H, 0.259148, -0.47526, 0.336243
H, -4.161, -0.849072, 8.96302

molpro_pot: interatomic distances matrix (angstrom):

\     C1    H2    H3    H4
H2  1.08
H3  1.08  1.87
H4  1.08  1.87  1.87
H5  10.6  11.5  10.6   9.7

Molpro::pot: 1-th molpro energy = -4.92401e-05 kcal/mole

Molpro::pot: 0-th energy correction = -1.83744e-07 kcal/mole
Molpro::pot: 1-th energy correction = 0 kcal/mole
molpro_pot: 0-th energy = -4.94239e-05 kcal/mol
molpro_pot: 1-th energy = -4.92401e-05 kcal/mol
molpro_pot: coordinates (angstrom):

C, -0.340358, 0.403556, 0.404938
H, -0.897168, 1.00621, 1.10442
H, -0.187394, -0.645686, 0.600415
H, 0.0607205, 0.849163, -0.491216
H, 5.07643, -6.01477, -6.03515

molpro_pot: interatomic distances matrix (angstrom):

\     C1    H2    H3    H4
H2  1.08
H3  1.08  1.87
H4  1.08  1.87  1.87
H5  10.6  11.7    10  10.1

Molpro::pot: 1-th molpro energy = 1.7237e-05 kcal/mole

Molpro::pot: 0-th energy correction = -1.83729e-07 kcal/mole
Molpro::pot: 1-th energy correction = 0 kcal/mole
molpro_pot: 0-th energy = 1.70532e-05 kcal/mol
molpro_pot: 1-th energy = 1.7237e-05 kcal/mol
molpro_pot: coordinates (angstrom):

C, -0.41732, -0.414266, -0.311724
H, -1.117, 0.119711, -0.934479
H, 0.576522, -0.622477, -0.67428
H, -0.710225, -0.737238, 0.674388
H, 6.21966, 6.1726, 4.64602

molpro_pot: interatomic distances matrix (angstrom):

\     C1    H2    H3    H4
H2  1.08
H3  1.08  1.87
H4  1.08  1.87  1.87
H5  10.6    11  10.3  10.6

Molpro::pot: 1-th molpro energy = -3.22349e-06 kcal/mole

Molpro::pot: 0-th energy correction = -1.83655e-07 kcal/mole
Molpro::pot: 1-th energy correction = 0 kcal/mole
molpro_pot: 0-th energy = -3.40715e-06 kcal/mol
molpro_pot: 1-th energy = -3.22349e-06 kcal/mol

(0,0)-th SURFACE:

molpro_pot: coordinates (angstrom):

C, 0.51443, 0.383645, 0.175382
H, -0.283763, 0.336593, -0.547937
H, 1.12182, -0.486854, 0.364674
H, 0.707241, 1.30165, 0.707001
H, -7.67053, -5.71938, -2.61198

molpro_pot: interatomic distances matrix (angstrom):

\     C1    H2    H3    H4
H2  1.08
H3  1.08  1.87
H4  1.08  1.87  1.87
H5  10.6  9.77  10.7  11.4

Molpro::pot: 1-th molpro energy = -9.4257e-05 kcal/mole

Molpro::pot: 0-th energy correction = -1.83756e-07 kcal/mole
Molpro::pot: 1-th energy correction = 0 kcal/mole
molpro_pot: 0-th energy = -9.44407e-05 kcal/mol
molpro_pot: 1-th energy = -9.4257e-05 kcal/mol
molpro_pot: coordinates (angstrom):

C, -0.123224, -0.413163, -0.506649
H, 0.542314, 0.157919, 0.120598
H, -0.810587, 0.0937443, -1.16475
H, -0.0993494, -1.49072, -0.478172
H, 1.83483, 6.15852, 7.55491

molpro_pot: interatomic distances matrix (angstrom):

\     C1    H2    H3    H4
H2  1.08
H3  1.08  1.87
H4  1.08  1.87  1.87
H5  10.6  9.64  10.9  11.3

Molpro::pot: 1-th molpro energy = 1.3967e-05 kcal/mole

Molpro::pot: 0-th energy correction = -1.83756e-07 kcal/mole
Molpro::pot: 1-th energy correction = 0 kcal/mole
molpro_pot: 0-th energy = 1.37832e-05 kcal/mol
molpro_pot: 1-th energy = 1.3967e-05 kcal/mol
molpro_pot: coordinates (angstrom):

C, -0.249106, 0.355541, 0.504328
H, 0.102742, 0.537794, -0.498419
H, -1.17669, 0.792698, 0.83749
H, 0.324747, -0.266117, 1.17273
H, 3.71526, -5.29774, -7.51674

molpro_pot: interatomic distances matrix (angstrom):

\     C1    H2    H3    H4
H2  1.08
H3  1.08  1.87
H4  1.08  1.87  1.87
H5  10.6  9.82  11.4  10.6

Molpro::pot: 1-th molpro energy = -4.66766e-05 kcal/mole

Molpro::pot: 0-th energy correction = -1.83692e-07 kcal/mole
Molpro::pot: 1-th energy correction = 0 kcal/mole
molpro_pot: 0-th energy = -4.68602e-05 kcal/mol
molpro_pot: 1-th energy = -4.66766e-05 kcal/mol
molpro_pot: coordinates (angstrom):

C, -0.579543, 0.322968, 0.0501607
H, 0.348822, -0.221664, -0.0133217
H, -0.780524, 1.12711, -0.639387
H, -1.30803, 0.0616332, 0.80085
H, 8.64024, -4.81261, -0.745396

molpro_pot: interatomic distances matrix (angstrom):

\     C1    H2    H3    H4
H2  1.08
H3  1.08  1.87
H4  1.08  1.87  1.87
H5  10.6  9.51  11.1  11.2

Molpro::pot: 1-th molpro energy = -3.10666e-05 kcal/mole

Molpro::pot: 0-th energy correction = -1.83724e-07 kcal/mole
Molpro::pot: 1-th energy correction = 0 kcal/mole
molpro_pot: 0-th energy = -3.12503e-05 kcal/mol
molpro_pot: 1-th energy = -3.10666e-05 kcal/mol
molpro_pot: coordinates (angstrom):

C, 0.293294, -0.381208, 0.459949
H, 0.143874, -1.08636, -0.341897
H, 1.28373, -0.212286, 0.85113
H, -0.546849, 0.157141, 0.868435
H, -4.37295, 5.68049, -6.8542

molpro_pot: interatomic distances matrix (angstrom):

\     C1    H2    H3    H4
H2  1.08
H3  1.08  1.87
H4  1.08  1.87  1.87
H5  10.6  10.4  11.2  10.2

Molpro::pot: 1-th molpro energy = -7.67068e-05 kcal/mole

Molpro::pot: 0-th energy correction = -1.83669e-07 kcal/mole
Molpro::pot: 1-th energy correction = 0 kcal/mole
molpro_pot: 0-th energy = -7.68905e-05 kcal/mol
molpro_pot: 1-th energy = -7.67068e-05 kcal/mol

(1,0)-th SURFACE:

molpro_pot: coordinates (angstrom):

C, -0.397881, -0.110863, 0.386564
H, -0.70906, 0.580462, 1.15321
H, -0.902908, -0.121939, -0.565982
H, 0.419989, -0.788752, 0.571161
H, 5.92948, 1.65025, -5.76114

molpro_pot: interatomic distances matrix (angstrom):

\     C1    H2    H3    H4
H2  1.08
H3  1.08  1.87
H4  1.08  1.87  1.87
H5     9  9.64  8.76  8.74

Molpro::pot: 1-th molpro energy = -6.86409e-05 kcal/mole

Molpro::pot: 0-th energy correction = -4.39452e-06 kcal/mole
Molpro::pot: 1-th energy correction = 0 kcal/mole
molpro_pot: 0-th energy = -7.30354e-05 kcal/mol
molpro_pot: 1-th energy = -6.86409e-05 kcal/mol
molpro_pot: coordinates (angstrom):

C, -0.209564, 0.286051, 0.440326
H, 0.732005, 0.811174, 0.454772
H, -0.572733, -0.193363, 1.33519
H, -0.789298, 0.242923, -0.467732
H, 3.12527, -4.26669, -6.56512

molpro_pot: interatomic distances matrix (angstrom):

\     C1    H2    H3    H4
H2  1.08
H3  1.08  1.87
H4  1.08  1.87  1.87
H5     9  8.99  9.63  8.53

Molpro::pot: 1-th molpro energy = -6.31582e-05 kcal/mole

Molpro::pot: 0-th energy correction = -4.39765e-06 kcal/mole
Molpro::pot: 1-th energy correction = 0 kcal/mole
molpro_pot: 0-th energy = -6.75559e-05 kcal/mol
molpro_pot: 1-th energy = -6.31582e-05 kcal/mol
molpro_pot: coordinates (angstrom):

C, 0.35686, -0.379366, -0.219907
H, -0.0653969, -1.13988, 0.417138
H, 1.41956, -0.197473, -0.210027
H, -0.282825, 0.196968, -0.868879
H, -5.32042, 5.65743, 3.28016

molpro_pot: interatomic distances matrix (angstrom):

\     C1    H2    H3    H4
H2  1.08
H3  1.08  1.87
H4  1.08  1.87  1.87
H5     9  9.06  9.59  8.51

Molpro::pot: 1-th molpro energy = -5.45329e-05 kcal/mole

Molpro::pot: 0-th energy correction = -4.39767e-06 kcal/mole
Molpro::pot: 1-th energy correction = 0 kcal/mole
molpro_pot: 0-th energy = -5.89306e-05 kcal/mol
molpro_pot: 1-th energy = -5.45329e-05 kcal/mol
molpro_pot: coordinates (angstrom):

C, -0.0731725, 0.396726, 0.396066
H, 0.937472, 0.767164, 0.333702
H, -0.282347, -0.508208, 0.943659
H, -0.874849, 0.932586, -0.0863147
H, 1.09098, -5.9153, -5.90693

molpro_pot: interatomic distances matrix (angstrom):

\     C1    H2    H3    H4
H2  1.08
H3  1.08  1.87
H4  1.08  1.87  1.87
H5     9  9.14  8.83   9.2

Molpro::pot: 1-th molpro energy = -0.000100311 kcal/mole

Molpro::pot: 0-th energy correction = -4.39776e-06 kcal/mole
Molpro::pot: 1-th energy correction = 0 kcal/mole
molpro_pot: 0-th energy = -0.000104709 kcal/mol
molpro_pot: 1-th energy = -0.000100311 kcal/mol
molpro_pot: coordinates (angstrom):

C, -0.514736, -0.160907, -0.17081
H, 0.0323776, 0.469243, -0.853521
H, -0.780896, -1.16489, -0.460108
H, -0.792933, 0.211597, 0.802005
H, 7.67032, 2.39994, 2.54543

molpro_pot: interatomic distances matrix (angstrom):

\     C1    H2    H3    H4
H2  1.08
H3  1.08  1.87
H4  1.08  1.87  1.87
H5     9  8.58  9.65  8.91

Molpro::pot: 1-th molpro energy = -0.000100421 kcal/mole

Molpro::pot: 0-th energy correction = -4.39461e-06 kcal/mole
Molpro::pot: 1-th energy correction = 0 kcal/mole
molpro_pot: 0-th energy = -0.000104816 kcal/mol
molpro_pot: 1-th energy = -0.000100421 kcal/mol

(2,0)-th SURFACE:

molpro_pot: coordinates (angstrom):

C, -0.059716, -0.511846, 0.0113516
H, -0.657051, -0.765217, -0.849758
H, -0.472861, -0.612887, 1.00212
H, 0.951403, -0.160516, -0.117981
H, 0.889538, 7.63308, -0.169542

molpro_pot: interatomic distances matrix (angstrom):

\     C1    H2    H3    H4
H2  1.08
H3  1.08  1.87
H4  1.08  1.87  1.87
H5   8.2  8.57  8.44  7.79

Molpro::pot: 1-th molpro energy = -0.000189952 kcal/mole

Molpro::pot: 0-th energy correction = -2.15118e-05 kcal/mole
Molpro::pot: 1-th energy correction = 0 kcal/mole
molpro_pot: 0-th energy = -0.000211464 kcal/mol
molpro_pot: 1-th energy = -0.000189952 kcal/mol
molpro_pot: coordinates (angstrom):

C, 0.326604, 0.189697, -0.351251
H, 1.00584, -0.423815, -0.921126
H, -0.445634, 0.748952, -0.854641
H, 0.417512, 0.241586, 0.721858
H, -4.86653, -2.82541, 5.2362

molpro_pot: interatomic distances matrix (angstrom):

\     C1    H2    H3    H4
H2  1.08
H3  1.08  1.87
H4  1.08  1.87  1.87
H5   8.2  8.84  8.33   7.6

Molpro::pot: 1-th molpro energy = -0.000188197 kcal/mole

Molpro::pot: 0-th energy correction = -2.14971e-05 kcal/mole
Molpro::pot: 1-th energy correction = 0 kcal/mole
molpro_pot: 0-th energy = -0.000209694 kcal/mol
molpro_pot: 1-th energy = -0.000188197 kcal/mol
molpro_pot: coordinates (angstrom):

C, -0.151082, -0.380495, 0.313793
H, 0.167189, -0.682412, -0.671126
H, 0.473244, -0.586523, 1.16836
H, -1.09183, 0.13, 0.443838
H, 2.25031, 5.66943, -4.67735

molpro_pot: interatomic distances matrix (angstrom):

\     C1    H2    H3    H4
H2  1.08
H3  1.08  1.87
H4  1.08  1.87  1.87
H5   8.2  7.79  8.74  8.25

Molpro::pot: 1-th molpro energy = -0.00017919 kcal/mole

Molpro::pot: 0-th energy correction = -2.14956e-05 kcal/mole
Molpro::pot: 1-th energy correction = 0 kcal/mole
molpro_pot: 0-th energy = -0.000200685 kcal/mol
molpro_pot: 1-th energy = -0.00017919 kcal/mol
molpro_pot: coordinates (angstrom):

C, 0.0281367, -0.446855, -0.256076
H, -0.718832, -0.353801, -1.02802
H, 0.651508, 0.396371, -0.00528214
H, 0.149685, -1.38177, 0.267065
H, -0.41738, 6.65982, 3.81529

molpro_pot: interatomic distances matrix (angstrom):

\     C1    H2    H3    H4
H2  1.08
H3  1.08  1.87
H4  1.08  1.87  1.87
H5   8.2  8.53  7.41  8.81

Molpro::pot: 1-th molpro energy = -0.000198457 kcal/mole

Molpro::pot: 0-th energy correction = -2.14965e-05 kcal/mole
Molpro::pot: 1-th energy correction = 0 kcal/mole
molpro_pot: 0-th energy = -0.000219954 kcal/mol
molpro_pot: 1-th energy = -0.000198457 kcal/mol
molpro_pot: coordinates (angstrom):

C, 0.421016, 0.107749, 0.27764
H, -0.00616211, 0.681297, 1.08453
H, 1.34956, -0.42016, 0.424704
H, -0.0816317, 0.0595252, -0.675009
H, -6.27474, -1.60361, -4.14005

molpro_pot: interatomic distances matrix (angstrom):

\     C1    H2    H3    H4
H2  1.08
H3  1.08  1.87
H4  1.08  1.87  1.87
H5   8.2  8.47  8.96  7.29

Molpro::pot: 1-th molpro energy = -0.000138783 kcal/mole

Molpro::pot: 0-th energy correction = -2.15006e-05 kcal/mole
Molpro::pot: 1-th energy correction = 0 kcal/mole
molpro_pot: 0-th energy = -0.000160283 kcal/mol
molpro_pot: 1-th energy = -0.000138783 kcal/mol

(3,0)-th SURFACE:

molpro_pot: coordinates (angstrom):

C, 0.417899, 0.120789, -0.184278
H, 0.405435, 0.942885, 0.51323
H, -0.400924, -0.580361, -0.205161
H, 1.24731, 0.0015592, -0.862791
H, -6.22768, -1.80229, 2.74889

molpro_pot: interatomic distances matrix (angstrom):

\     C1    H2    H3    H4
H2  1.08
H3  1.08  1.87
H4  1.08  1.87  1.87
H5  7.51  7.52  6.65   8.5

Molpro::pot: 1-th molpro energy = -0.000351875 kcal/mole

Molpro::pot: 0-th energy correction = -8.51119e-05 kcal/mole
Molpro::pot: 1-th energy correction = 0 kcal/mole
molpro_pot: 0-th energy = -0.000436987 kcal/mol
molpro_pot: 1-th energy = -0.000351875 kcal/mol
molpro_pot: coordinates (angstrom):

C, -0.42744, -0.200078, -0.0242013
H, -0.88274, -0.250464, 0.951851
H, -0.807041, 0.489864, -0.76068
H, 0.409093, -0.837119, -0.262763
H, 6.37014, 2.98002, 0.359752

molpro_pot: interatomic distances matrix (angstrom):

\     C1    H2    H3    H4
H2  1.08
H3  1.08  1.87
H4  1.08  1.87  1.87
H5  7.51  7.96  7.68  7.11

Molpro::pot: 1-th molpro energy = -0.000302173 kcal/mole

Molpro::pot: 0-th energy correction = -8.50878e-05 kcal/mole
Molpro::pot: 1-th energy correction = 0 kcal/mole
molpro_pot: 0-th energy = -0.00038726 kcal/mol
molpro_pot: 1-th energy = -0.000302173 kcal/mol
molpro_pot: coordinates (angstrom):

C, 0.352134, 0.136148, 0.284269
H, -0.306705, 0.987661, 0.342325
H, 0.0115796, -0.831941, 0.614942
H, 1.35008, 0.251927, -0.107162
H, -5.24776, -2.02873, -4.23484

molpro_pot: interatomic distances matrix (angstrom):

\     C1    H2    H3    H4
H2  1.08
H3  1.08  1.87
H4  1.08  1.87  1.87
H5  7.51  7.38  7.25  8.11

Molpro::pot: 1-th molpro energy = -0.000291522 kcal/mole

Molpro::pot: 0-th energy correction = -8.5084e-05 kcal/mole
Molpro::pot: 1-th energy correction = 0 kcal/mole
molpro_pot: 0-th energy = -0.000376606 kcal/mol
molpro_pot: 1-th energy = -0.000291522 kcal/mol
molpro_pot: coordinates (angstrom):

C, -0.0675483, -0.26843, 0.382646
H, -0.840355, 0.140956, 1.01327
H, 0.7189, 0.369039, 0.0116313
H, -0.0793495, -1.31548, 0.125604
H, 1.00509, 4.00164, -5.70661

molpro_pot: interatomic distances matrix (angstrom):

\     C1    H2    H3    H4
H2  1.08
H3  1.08  1.87
H4  1.08  1.87  1.87
H5  7.51  7.97  6.78  7.97

Molpro::pot: 1-th molpro energy = -0.000349326 kcal/mole

Molpro::pot: 0-th energy correction = -8.51395e-05 kcal/mole
Molpro::pot: 1-th energy correction = 0 kcal/mole
molpro_pot: 0-th energy = -0.000434466 kcal/mol
molpro_pot: 1-th energy = -0.000349326 kcal/mol
molpro_pot: coordinates (angstrom):

C, -0.46816, -0.0501191, 0.0395032
H, 0.00649077, -1.01667, 0.0943117
H, 0.107985, 0.843758, 0.21715
H, -1.51782, 0.0228206, -0.195895
H, 6.97765, 0.746849, -0.585925

molpro_pot: interatomic distances matrix (angstrom):

\     C1    H2    H3    H4
H2  1.08
H3  1.08  1.87
H4  1.08  1.87  1.87
H5  7.51  7.22  6.92  8.54

Molpro::pot: 1-th molpro energy = -0.000339265 kcal/mole

Molpro::pot: 0-th energy correction = -8.51015e-05 kcal/mole
Molpro::pot: 1-th energy correction = 0 kcal/mole
molpro_pot: 0-th energy = -0.000424367 kcal/mol
molpro_pot: 1-th energy = -0.000339265 kcal/mol

(3,0)-th SURFACE:

molpro_pot: coordinates (angstrom):

C, -0.269723, 0.370302, 0.115211
H, -0.738004, 1.32316, 0.30306
H, 0.775571, 0.325877, -0.145374
H, -0.84564, -0.538054, 0.190915
H, 4.01962, -5.5201, -1.7204

molpro_pot: interatomic distances matrix (angstrom):

\     C1    H2    H3    H4
H2  1.08
H3  1.08  1.87
H4  1.08  1.87  1.87
H5  7.51  8.58  6.87  7.22

Molpro::pot: 1-th molpro energy = -0.000336264 kcal/mole

Molpro::pot: 0-th energy correction = -8.51193e-05 kcal/mole
Molpro::pot: 1-th energy correction = 0 kcal/mole
molpro_pot: 0-th energy = -0.000421384 kcal/mol
molpro_pot: 1-th energy = -0.000336264 kcal/mol
molpro_pot: coordinates (angstrom):

C, -0.221174, -0.283286, -0.30677
H, -0.471418, -1.10933, 0.339406
H, -0.139932, 0.712426, 0.0987859
H, -0.0491783, -0.453229, -1.35751
H, 3.29401, 4.22317, 4.57198

molpro_pot: interatomic distances matrix (angstrom):

\     C1    H2    H3    H4
H2  1.08
H3  1.08  1.87
H4  1.08  1.87  1.87
H5  7.51  7.78  6.64  8.26

Molpro::pot: 1-th molpro energy = -0.000340318 kcal/mole

Molpro::pot: 0-th energy correction = -8.5096e-05 kcal/mole
Molpro::pot: 1-th energy correction = 0 kcal/mole
molpro_pot: 0-th energy = -0.000425414 kcal/mol
molpro_pot: 1-th energy = -0.000340318 kcal/mol
molpro_pot: coordinates (angstrom):

C, -0.132402, 0.0693796, -0.447985
H, -0.4788, -0.500733, 0.399066
H, 0.177059, -0.437222, -1.34804
H, -0.0983619, 1.1458, -0.396218
H, 1.97659, -1.03394, 6.67927

molpro_pot: interatomic distances matrix (angstrom):

\     C1    H2    H3    H4
H2  1.08
H3  1.08  1.87
H4  1.08  1.87  1.87
H5  7.51  6.76  8.25  7.69

Molpro::pot: 1-th molpro energy = -0.000297314 kcal/mole

Molpro::pot: 0-th energy correction = -8.51397e-05 kcal/mole
Molpro::pot: 1-th energy correction = 0 kcal/mole
molpro_pot: 0-th energy = -0.000382454 kcal/mol
molpro_pot: 1-th energy = -0.000297314 kcal/mol
molpro_pot: coordinates (angstrom):

C, -0.266177, -0.291831, -0.259098
H, -1.12419, 0.305454, -0.522892
H, 0.432803, 0.0661862, 0.479663
H, -0.108768, -1.24815, -0.731543
H, 3.96948, 4.35129, 3.85981

molpro_pot: interatomic distances matrix (angstrom):

\     C1    H2    H3    H4
H2  1.08
H3  1.08  1.87
H4  1.08  1.87  1.87
H5  7.51  7.84   6.5  8.31

Molpro::pot: 1-th molpro energy = -0.000456948 kcal/mole

Molpro::pot: 0-th energy correction = -8.51192e-05 kcal/mole
Molpro::pot: 1-th energy correction = 0 kcal/mole
molpro_pot: 0-th energy = -0.000542067 kcal/mol
molpro_pot: 1-th energy = -0.000456948 kcal/mol
molpro_pot: coordinates (angstrom):

C, -0.360067, 0.180655, 0.246444
H, -0.430972, -0.538275, -0.553948
H, -0.0825203, 1.20016, 0.0317276
H, -0.569613, -0.118927, 1.26077
H, 5.37036, -2.69398, -3.67292

molpro_pot: interatomic distances matrix (angstrom):

\     C1    H2    H3    H4
H2  1.08
H3  1.08  1.87
H4  1.08  1.87  1.87
H5  7.51  6.93  7.66  8.14

Molpro::pot: 1-th molpro energy = -0.000335786 kcal/mole

Molpro::pot: 0-th energy correction = -8.51424e-05 kcal/mole
Molpro::pot: 1-th energy correction = 0 kcal/mole
molpro_pot: 0-th energy = -0.000420928 kcal/mol
molpro_pot: 1-th energy = -0.000335786 kcal/mol

(4,0)-th SURFACE:

molpro_pot: coordinates (angstrom):

C, -0.165013, -0.186366, -0.353755
H, -0.0435512, -0.342422, 0.706155
H, -1.10455, -0.419813, -0.828404
H, 0.651641, 0.205885, -0.938336
H, 2.46125, 2.77537, 5.27268

molpro_pot: interatomic distances matrix (angstrom):

\     C1    H2    H3    H4
H2  1.08
H3  1.08  1.87
H4  1.08  1.87  1.87
H5  6.88  6.07  7.76  6.96

Molpro::pot: 1-th molpro energy = -0.000647548 kcal/mole

Molpro::pot: 0-th energy correction = -0.000303042 kcal/mole
Molpro::pot: 1-th energy correction = 0 kcal/mole
molpro_pot: 0-th energy = -0.00095059 kcal/mol
molpro_pot: 1-th energy = -0.000647548 kcal/mol
molpro_pot: coordinates (angstrom):

C, 0.0208674, 0.313245, 0.29773
H, -0.779858, 1.00519, 0.0914134
H, -0.108102, -0.452211, 1.04604
H, 0.949102, 0.384675, -0.246145
H, -0.309606, -4.66741, -4.43633

molpro_pot: interatomic distances matrix (angstrom):

\     C1    H2    H3    H4
H2  1.08
H3  1.08  1.87
H4  1.08  1.87  1.87
H5  6.88  7.27  6.92  6.68

Molpro::pot: 1-th molpro energy = -0.000555985 kcal/mole

Molpro::pot: 0-th energy correction = -0.000302974 kcal/mole
Molpro::pot: 1-th energy correction = 0 kcal/mole
molpro_pot: 0-th energy = -0.000858959 kcal/mol
molpro_pot: 1-th energy = -0.000555985 kcal/mol
molpro_pot: coordinates (angstrom):

C, -0.0611225, 0.349389, -0.247388
H, 0.856806, 0.86661, -0.0184693
H, -0.765504, 0.782776, -0.939154
H, -0.273277, -0.6023, 0.212829
H, 0.909749, -5.2072, 3.6904

molpro_pot: interatomic distances matrix (angstrom):

\     C1    H2    H3    H4
H2  1.08
H3  1.08  1.87
H4  1.08  1.87  1.87
H5  6.88  7.12  7.75  5.89

Molpro::pot: 1-th molpro energy = -0.00074446 kcal/mole

Molpro::pot: 0-th energy correction = -0.000303109 kcal/mole
Molpro::pot: 1-th energy correction = 0 kcal/mole
molpro_pot: 0-th energy = -0.00104757 kcal/mol
molpro_pot: 1-th energy = -0.00074446 kcal/mol
molpro_pot: coordinates (angstrom):

C, 0.0249805, 0.410805, -0.132571
H, -0.0752618, -0.611817, -0.459237
H, 0.651, 1.09361, -0.684295
H, -0.50297, 0.751413, 0.743657
H, -0.370207, -6.12459, 1.97837

molpro_pot: interatomic distances matrix (angstrom):

\     C1    H2    H3    H4
H2  1.08
H3  1.08  1.87
H4  1.08  1.87  1.87
H5  6.88  6.03  7.76  6.99

Molpro::pot: 1-th molpro energy = -0.000684399 kcal/mole

Molpro::pot: 0-th energy correction = -0.000303143 kcal/mole
Molpro::pot: 1-th energy correction = 0 kcal/mole
molpro_pot: 0-th energy = -0.000987542 kcal/mol
molpro_pot: 1-th energy = -0.000684399 kcal/mol
molpro_pot: coordinates (angstrom):

C, -0.0108151, 0.273287, -0.335075
H, 0.35772, -0.69605, -0.630175
H, -0.377945, 0.42783, 0.666848
H, -0.00939595, 1.08863, -1.04058
H, 0.158395, -4.07439, 4.99359

molpro_pot: interatomic distances matrix (angstrom):

\     C1    H2    H3    H4
H2  1.08
H3  1.08  1.87
H4  1.08  1.87  1.87
H5  6.88  6.56  6.27  7.94

Molpro::pot: 1-th molpro energy = -0.00062376 kcal/mole

Molpro::pot: 0-th energy correction = -0.000303061 kcal/mole
Molpro::pot: 1-th energy correction = 0 kcal/mole
molpro_pot: 0-th energy = -0.000926821 kcal/mol
molpro_pot: 1-th energy = -0.00062376 kcal/mol

(5,0)-th SURFACE:

molpro_pot: coordinates (angstrom):

C, -0.253434, 0.0506458, 0.308685
H, 0.268974, -0.544568, -0.422975
H, 0.147113, 1.00447, 0.612507
H, -1.17762, -0.306294, 0.734127
H, 3.77912, -0.756635, -4.59911

molpro_pot: interatomic distances matrix (angstrom):

\     C1    H2    H3    H4
H2  1.08
H3  1.08  1.87
H4  1.08  1.87  1.87
H5   6.4  5.46  6.59  7.29

Molpro::pot: 1-th molpro energy = -0.0014417 kcal/mole

Molpro::pot: 0-th energy correction = -0.000785577 kcal/mole
Molpro::pot: 1-th energy correction = 0 kcal/mole
molpro_pot: 0-th energy = -0.00222728 kcal/mol
molpro_pot: 1-th energy = -0.0014417 kcal/mol
molpro_pot: coordinates (angstrom):

C, -0.294341, -0.211402, 0.175007
H, -0.503974, -0.44831, 1.20576
H, 0.710566, -0.302435, -0.204985
H, -1.08976, 0.113438, -0.476378
H, 4.38784, 3.15444, -2.60817

molpro_pot: interatomic distances matrix (angstrom):

\     C1    H2    H3    H4
H2  1.08
H3  1.08  1.87
H4  1.08  1.87  1.87
H5   6.4  7.17  5.59  6.62

Molpro::pot: 1-th molpro energy = -0.00117744 kcal/mole

Molpro::pot: 0-th energy correction = -0.000785822 kcal/mole
Molpro::pot: 1-th energy correction = 0 kcal/mole
molpro_pot: 0-th energy = -0.00196326 kcal/mol
molpro_pot: 1-th energy = -0.00117744 kcal/mol
molpro_pot: coordinates (angstrom):

C, -0.287198, -0.247994, -0.134087
H, -0.64657, -0.434804, -1.13332
H, -0.0420923, 0.756628, 0.171161
H, -0.175877, -1.06496, 0.560681
H, 4.28415, 3.69595, 1.99803

molpro_pot: interatomic distances matrix (angstrom):

\     C1    H2    H3    H4
H2  1.08
H3  1.08  1.87
H4  1.08  1.87  1.87
H5   6.4  7.15  5.54  6.68

Molpro::pot: 1-th molpro energy = -0.00125854 kcal/mole

Molpro::pot: 0-th energy correction = -0.000785806 kcal/mole
Molpro::pot: 1-th energy correction = 0 kcal/mole
molpro_pot: 0-th energy = -0.00204434 kcal/mol
molpro_pot: 1-th energy = -0.00125854 kcal/mol
molpro_pot: coordinates (angstrom):

C, 0.278637, 0.245487, -0.155809
H, -0.677773, 0.607909, 0.185434
H, 1.12445, 0.245462, 0.512863
H, 0.388566, -0.119667, -1.16432
H, -4.15292, -3.65668, 2.32121

molpro_pot: interatomic distances matrix (angstrom):

\     C1    H2    H3    H4
H2  1.08
H3  1.08  1.87
H4  1.08  1.87  1.87
H5   6.4   5.9  6.81  6.73

Molpro::pot: 1-th molpro energy = -0.000922365 kcal/mole

Molpro::pot: 0-th energy correction = -0.000785384 kcal/mole
Molpro::pot: 1-th energy correction = 0 kcal/mole
molpro_pot: 0-th energy = -0.00170775 kcal/mol
molpro_pot: 1-th energy = -0.000922365 kcal/mol
molpro_pot: coordinates (angstrom):

C, -0.032238, 0.0757845, 0.393851
H, 0.798875, 0.377706, -0.223085
H, 0.108336, -0.670194, 1.15954
H, -1.00285, 0.521827, 0.247323
H, 0.479496, -1.13169, -5.87329

molpro_pot: interatomic distances matrix (angstrom):

\     C1    H2    H3    H4
H2  1.08
H3  1.08  1.87
H4  1.08  1.87  1.87
H5   6.4  5.86  7.06  6.51

Molpro::pot: 1-th molpro energy = -0.000933784 kcal/mole

Molpro::pot: 0-th energy correction = -0.000785927 kcal/mole
Molpro::pot: 1-th energy correction = 0 kcal/mole
molpro_pot: 0-th energy = -0.00171971 kcal/mol
molpro_pot: 1-th energy = -0.000933784 kcal/mol

(6,0)-th SURFACE:

molpro_pot: coordinates (angstrom):

C, 0.0576097, 0.348607, -0.128433
H, 0.373039, 0.726177, -1.08784
H, -0.488519, 0.986087, 0.548236
H, 0.285455, -0.666962, 0.153039
H, -0.855924, -5.19611, 1.91579

molpro_pot: interatomic distances matrix (angstrom):

\     C1    H2    H3    H4
H2  1.08
H3  1.08  1.87
H4  1.08  1.87  1.87
H5  5.98  6.75  6.34  4.99

Molpro::pot: 1-th molpro energy = -0.00292959 kcal/mole

Molpro::pot: 0-th energy correction = -0.00183195 kcal/mole
Molpro::pot: 1-th energy correction = 0 kcal/mole
molpro_pot: 0-th energy = -0.00476154 kcal/mol
molpro_pot: 1-th energy = -0.00292959 kcal/mol
molpro_pot: coordinates (angstrom):

C, 0.129608, 0.0023677, 0.352729
H, 0.11029, 1.07483, 0.46211
H, 0.523841, -0.440201, -0.547955
H, -0.242267, -0.627452, 1.14491
H, -1.93508, -0.0353703, -5.25895

molpro_pot: interatomic distances matrix (angstrom):

\     C1    H2    H3    H4
H2  1.08
H3  1.08  1.87
H4  1.08  1.87  1.87
H5  5.98  6.18  5.33  6.65

Molpro::pot: 1-th molpro energy = -0.00181582 kcal/mole

Molpro::pot: 0-th energy correction = -0.00183253 kcal/mole
Molpro::pot: 1-th energy correction = 0 kcal/mole
molpro_pot: 0-th energy = -0.00364835 kcal/mol
molpro_pot: 1-th energy = -0.00181582 kcal/mol
molpro_pot: coordinates (angstrom):

C, 0.120102, 0.316937, 0.162204
H, 1.18558, 0.152207, 0.150927
H, -0.51691, -0.31837, 0.756442
H, -0.307985, 1.11855, -0.418037
H, -1.79072, -4.7261, -2.42067

molpro_pot: interatomic distances matrix (angstrom):

\     C1    H2    H3    H4
H2  1.08
H3  1.08  1.87
H4  1.08  1.87  1.87
H5  5.98  6.27  5.58  6.35

Molpro::pot: 1-th molpro energy = -0.00155446 kcal/mole

Molpro::pot: 0-th energy correction = -0.00183271 kcal/mole
Molpro::pot: 1-th energy correction = 0 kcal/mole
molpro_pot: 0-th energy = -0.00338717 kcal/mol
molpro_pot: 1-th energy = -0.00155446 kcal/mol
molpro_pot: coordinates (angstrom):

C, 0.0429945, -0.367166, -0.0677917
H, 0.69944, 0.458102, -0.292575
H, -1.02152, -0.260691, -0.201929
H, 0.451037, -1.29959, 0.288038
H, -0.640886, 5.47395, 1.01365

molpro_pot: interatomic distances matrix (angstrom):

\     C1    H2    H3    H4
H2  1.08
H3  1.08  1.87
H4  1.08  1.87  1.87
H5  5.98  5.35  5.87   6.9

Molpro::pot: 1-th molpro energy = -0.00184122 kcal/mole

Molpro::pot: 0-th energy correction = -0.00183237 kcal/mole
Molpro::pot: 1-th energy correction = 0 kcal/mole
molpro_pot: 0-th energy = -0.00367359 kcal/mol
molpro_pot: 1-th energy = -0.00184122 kcal/mol
molpro_pot: coordinates (angstrom):

C, 0.217821, 0.253388, 0.171888
H, 0.232604, 1.33126, 0.193959
H, 0.855596, -0.280117, -0.514503
H, -0.432154, -0.290942, 0.83804
H, -3.24961, -3.77725, -2.56414

molpro_pot: interatomic distances matrix (angstrom):

\     C1    H2    H3    H4
H2  1.08
H3  1.08  1.87
H4  1.08  1.87  1.87
H5  5.98  6.77  5.77  5.63

Molpro::pot: 1-th molpro energy = -0.00155906 kcal/mole

Molpro::pot: 0-th energy correction = -0.00183265 kcal/mole
Molpro::pot: 1-th energy correction = 0 kcal/mole
molpro_pot: 0-th energy = -0.00339171 kcal/mol
molpro_pot: 1-th energy = -0.00155906 kcal/mol

(6,0)-th SURFACE:

molpro_pot: coordinates (angstrom):

C, -0.0594978, 0.368276, 0.04504
H, 0.732525, 0.32195, -0.685076
H, -0.00689214, 1.08104, 0.852333
H, -0.905325, -0.295718, -0.033756
H, 0.888123, -5.49227, -0.669785

molpro_pot: interatomic distances matrix (angstrom):

\     C1    H2    H3    H4
H2  1.08
H3  1.08  1.87
H4  1.08  1.87  1.87
H5  5.98  5.82  6.81  5.53

Molpro::pot: 1-th molpro energy = -0.0016309 kcal/mole

Molpro::pot: 0-th energy correction = -0.00183266 kcal/mole
Molpro::pot: 1-th energy correction = 0 kcal/mole
molpro_pot: 0-th energy = -0.00346355 kcal/mol
molpro_pot: 1-th energy = -0.0016309 kcal/mol
molpro_pot: coordinates (angstrom):

C, -0.0770544, -0.352334, -0.105537
H, 0.776583, 0.234193, 0.194136
H, -0.260782, -0.540917, -1.1511
H, -0.745028, -0.75277, 0.640106
H, 1.1467, 5.25468, 1.57347

molpro_pot: interatomic distances matrix (angstrom):

\     C1    H2    H3    H4
H2  1.08
H3  1.08  1.87
H4  1.08  1.87  1.87
H5  5.98  5.22  6.56  6.37

Molpro::pot: 1-th molpro energy = -0.00210897 kcal/mole

Molpro::pot: 0-th energy correction = -0.00183256 kcal/mole
Molpro::pot: 1-th energy correction = 0 kcal/mole
molpro_pot: 0-th energy = -0.00394153 kcal/mol
molpro_pot: 1-th energy = -0.00210897 kcal/mol
molpro_pot: coordinates (angstrom):

C, 0.0876144, 0.363653, -0.0355307
H, -0.680825, 0.823113, -0.636291
H, 0.769442, -0.342756, -0.481195
H, 0.17625, 0.612751, 1.00975
H, -1.30808, -5.42306, 0.530792

molpro_pot: interatomic distances matrix (angstrom):

\     C1    H2    H3    H4
H2  1.08
H3  1.08  1.87
H4  1.08  1.87  1.87
H5  5.98  6.39  5.58  6.23

Molpro::pot: 1-th molpro energy = -0.00158512 kcal/mole

Molpro::pot: 0-th energy correction = -0.00183272 kcal/mole
Molpro::pot: 1-th energy correction = 0 kcal/mole
molpro_pot: 0-th energy = -0.00341784 kcal/mol
molpro_pot: 1-th energy = -0.00158512 kcal/mol
molpro_pot: coordinates (angstrom):

C, -0.247167, 0.196448, -0.203911
H, -1.13494, -0.336351, -0.50473
H, -0.0169517, 1.15251, -0.646026
H, 0.408573, -0.225093, 0.540957
H, 3.6863, -2.93014, 3.03773

molpro_pot: interatomic distances matrix (angstrom):

\     C1    H2    H3    H4
H2  1.08
H3  1.08  1.87
H4  1.08  1.87  1.87
H5  5.98  6.52  6.63  4.93

Molpro::pot: 1-th molpro energy = -0.00325614 kcal/mole

Molpro::pot: 0-th energy correction = -0.00183233 kcal/mole
Molpro::pot: 1-th energy correction = 0 kcal/mole
molpro_pot: 0-th energy = -0.00508847 kcal/mol
molpro_pot: 1-th energy = -0.00325614 kcal/mol
molpro_pot: coordinates (angstrom):

C, -0.03969, -0.202614, 0.31418
H, 0.170733, -0.572162, 1.30497
H, 0.392503, 0.728136, -0.0166246
H, -0.679533, -0.765034, -0.346733
H, 0.588879, 3.02156, -4.6825

molpro_pot: interatomic distances matrix (angstrom):

\     C1    H2    H3    H4
H2  1.08
H3  1.08  1.87
H4  1.08  1.87  1.87
H5  5.98     7   5.2  5.89

Molpro::pot: 1-th molpro energy = -0.00205337 kcal/mole

Molpro::pot: 0-th energy correction = -0.00183197 kcal/mole
Molpro::pot: 1-th energy correction = 0 kcal/mole
molpro_pot: 0-th energy = -0.00388533 kcal/mol
molpro_pot: 1-th energy = -0.00205337 kcal/mol

(7,0)-th SURFACE:

molpro_pot: coordinates (angstrom):

C, -0.30881, -0.130503, -0.109035
H, 0.358694, -0.391616, 0.69643
H, -0.897975, -0.894974, -0.589647
H, -0.389511, 0.895091, -0.43178
H, 4.60574, 1.94538, 1.62326

molpro_pot: interatomic distances matrix (angstrom):

\     C1    H2    H3    H4
H2  1.08
H3  1.08  1.87
H4  1.08  1.87  1.87
H5  5.61  4.94  6.58   5.5

Molpro::pot: 1-th molpro energy = -0.00335732 kcal/mole

Molpro::pot: 0-th energy correction = -0.00384383 kcal/mole
Molpro::pot: 1-th energy correction = 0 kcal/mole
molpro_pot: 0-th energy = -0.00720115 kcal/mol
molpro_pot: 1-th energy = -0.00335732 kcal/mol
molpro_pot: coordinates (angstrom):

C, -0.103361, -0.0693946, -0.329943
H, 0.884722, -0.357559, -0.651142
H, -0.956606, -0.285564, -0.952648
H, -0.238617, 0.431968, 0.614971
H, 1.54121, 1.03742, 4.91739

molpro_pot: interatomic distances matrix (angstrom):

\     C1    H2    H3    H4
H2  1.08
H3  1.08  1.87
H4  1.08  1.87  1.87
H5  5.61  5.78  6.52   4.7

Molpro::pot: 1-th molpro energy = -0.00458999 kcal/mole

Molpro::pot: 0-th energy correction = -0.00384298 kcal/mole
Molpro::pot: 1-th energy correction = 0 kcal/mole
molpro_pot: 0-th energy = -0.00843297 kcal/mol
molpro_pot: 1-th energy = -0.00458999 kcal/mol
molpro_pot: coordinates (angstrom):

C, 0.318617, -0.14155, 0.0525393
H, 1.08427, -0.900503, 0.0357289
H, 0.366401, 0.655844, 0.776692
H, -0.492862, -0.178137, -0.656463
H, -4.75152, 2.10821, -0.781535

molpro_pot: interatomic distances matrix (angstrom):

\     C1    H2    H3    H4
H2  1.08
H3  1.08  1.87
H4  1.08  1.87  1.87
H5  5.61  6.62  5.54  4.84

Molpro::pot: 1-th molpro energy = -0.00368204 kcal/mole

Molpro::pot: 0-th energy correction = -0.0038435 kcal/mole
Molpro::pot: 1-th energy correction = 0 kcal/mole
molpro_pot: 0-th energy = -0.00752554 kcal/mol
molpro_pot: 1-th energy = -0.00368204 kcal/mol
molpro_pot: coordinates (angstrom):

C, -0.324709, -0.137401, 0.0119336
H, -0.94353, 0.336806, 0.756718
H, -0.614876, -0.110395, -1.02614
H, 0.585512, -0.635767, 0.304593
H, 4.83915, 2.04536, -0.177264

molpro_pot: interatomic distances matrix (angstrom):

\     C1    H2    H3    H4
H2  1.08
H3  1.08  1.87
H4  1.08  1.87  1.87
H5  5.61   6.1  5.93  5.05

Molpro::pot: 1-th molpro energy = -0.00345176 kcal/mole

Molpro::pot: 0-th energy correction = -0.00384193 kcal/mole
Molpro::pot: 1-th energy correction = 0 kcal/mole
molpro_pot: 0-th energy = -0.00729369 kcal/mol
molpro_pot: 1-th energy = -0.00345176 kcal/mol
molpro_pot: coordinates (angstrom):

C, 0.0675089, 0.261133, 0.227025
H, -0.0559166, 0.168283, 1.29411
H, -0.625689, -0.22603, -0.439808
H, 0.88194, 0.843431, -0.173166
H, -1.00415, -3.89495, -3.38428

molpro_pot: interatomic distances matrix (angstrom):

\     C1    H2    H3    H4
H2  1.08
H3  1.08  1.87
H4  1.08  1.87  1.87
H5  5.61  6.27  4.72  6.03

Molpro::pot: 1-th molpro energy = -0.00467009 kcal/mole

Molpro::pot: 0-th energy correction = -0.00384377 kcal/mole
Molpro::pot: 1-th energy correction = 0 kcal/mole
molpro_pot: 0-th energy = -0.00851386 kcal/mol
molpro_pot: 1-th energy = -0.00467009 kcal/mol

(8,0)-th SURFACE:

molpro_pot: coordinates (angstrom):

C, -0.147957, 0.174897, 0.241078
H, -0.00118706, 1.01238, -0.421939
H, -0.270027, 0.340697, 1.29944
H, -0.175761, -0.827784, -0.154368
H, 2.20867, -2.60776, -3.59361

molpro_pot: interatomic distances matrix (angstrom):

\     C1    H2    H3    H4
H2  1.08
H3  1.08  1.87
H4  1.08  1.87  1.87
H5  5.29   5.3  6.23  4.55

Molpro::pot: 1-th molpro energy = -0.00604506 kcal/mole

Molpro::pot: 0-th energy correction = -0.0072536 kcal/mole
Molpro::pot: 1-th energy correction = 0 kcal/mole
molpro_pot: 0-th energy = -0.0132987 kcal/mol
molpro_pot: 1-th energy = -0.00604506 kcal/mol
molpro_pot: coordinates (angstrom):

C, 0.044264, 0.130211, -0.303033
H, 0.0429597, -0.731673, 0.344785
H, -0.865173, 0.687866, -0.459442
H, 0.955261, 0.436247, -0.791856
H, -0.660092, -1.94284, 4.51468

molpro_pot: interatomic distances matrix (angstrom):

\     C1    H2    H3    H4
H2  1.08
H3  1.08  1.87
H4  1.08  1.87  1.87
H5  5.29   4.4  5.63  6.04

Molpro::pot: 1-th molpro energy = -0.00749419 kcal/mole

Molpro::pot: 0-th energy correction = -0.00725045 kcal/mole
Molpro::pot: 1-th energy correction = 0 kcal/mole
molpro_pot: 0-th energy = -0.0147446 kcal/mol
molpro_pot: 1-th energy = -0.00749419 kcal/mol
molpro_pot: coordinates (angstrom):

C, -0.193173, 0.270502, 0.0138342
H, 0.337524, -0.665185, 0.0870884
H, -0.874031, 0.566249, 0.795809
H, -0.0408197, 0.911708, -0.839492
H, 2.8774, -4.0336, -0.208127

molpro_pot: interatomic distances matrix (angstrom):

\     C1    H2    H3    H4
H2  1.08
H3  1.08  1.87
H4  1.08  1.87  1.87
H5  5.29  4.23  6.02  5.78

Molpro::pot: 1-th molpro energy = -0.00875367 kcal/mole

Molpro::pot: 0-th energy correction = -0.00725186 kcal/mole
Molpro::pot: 1-th energy correction = 0 kcal/mole
molpro_pot: 0-th energy = -0.0160055 kcal/mol
molpro_pot: 1-th energy = -0.00875367 kcal/mol
molpro_pot: coordinates (angstrom):

C, 0.3234, 0.0587381, -0.0501418
H, -0.1907, 0.594513, 0.731626
H, 0.341814, 0.455198, -1.05264
H, 0.82155, -0.871558, 0.171029
H, -4.82334, -0.877538, 0.747013

molpro_pot: interatomic distances matrix (angstrom):

\     C1    H2    H3    H4
H2  1.08
H3  1.08  1.87
H4  1.08  1.87  1.87
H5  5.29  4.86  5.63  5.67

Molpro::pot: 1-th molpro energy = -0.00683269 kcal/mole

Molpro::pot: 0-th energy correction = -0.00725462 kcal/mole
Molpro::pot: 1-th energy correction = 0 kcal/mole
molpro_pot: 0-th energy = -0.0140873 kcal/mol
molpro_pot: 1-th energy = -0.00683269 kcal/mol
molpro_pot: coordinates (angstrom):

C, 0.0788685, -0.17539, -0.271228
H, 0.941354, 0.136517, 0.295648
H, -0.112604, 0.254852, -1.24115
H, -0.59024, -0.919481, 0.130199
H, -1.17758, 2.61645, 4.04477

molpro_pot: interatomic distances matrix (angstrom):

\     C1    H2    H3    H4
H2  1.08
H3  1.08  1.87
H4  1.08  1.87  1.87
H5  5.29  4.97  5.89  5.31

Molpro::pot: 1-th molpro energy = -0.00651865 kcal/mole

Molpro::pot: 0-th energy correction = -0.00725474 kcal/mole
Molpro::pot: 1-th energy correction = 0 kcal/mole
molpro_pot: 0-th energy = -0.0137734 kcal/mol
molpro_pot: 1-th energy = -0.00651865 kcal/mol

(8,0)-th SURFACE:

molpro_pot: coordinates (angstrom):

C, 0.0877197, -0.302929, -0.10634
H, -0.339056, -1.26853, 0.112734
H, -0.514104, 0.457676, -0.577304
H, 1.11498, -0.0968595, 0.14821
H, -1.30628, 4.51463, 1.58253

molpro_pot: interatomic distances matrix (angstrom):

\     C1    H2    H3    H4
H2  1.08
H3  1.08  1.87
H4  1.08  1.87  1.87
H5  5.29  6.04  4.66   5.4

Molpro::pot: 1-th molpro energy = -0.00645717 kcal/mole

Molpro::pot: 0-th energy correction = -0.0072499 kcal/mole
Molpro::pot: 1-th energy correction = 0 kcal/mole
molpro_pot: 0-th energy = -0.0137071 kcal/mol
molpro_pot: 1-th energy = -0.00645717 kcal/mol
molpro_pot: coordinates (angstrom):

C, -0.324136, -0.00865691, -0.0736505
H, -0.223149, 1.06452, -0.0984635
H, -0.083084, -0.551711, 0.826074
H, -0.668981, -0.538369, -0.947154
H, 4.83465, 0.12864, 1.09649

molpro_pot: interatomic distances matrix (angstrom):

\     C1    H2    H3    H4
H2  1.08
H3  1.08  1.87
H4  1.08  1.87  1.87
H5  5.29  5.28  4.97  5.91

Molpro::pot: 1-th molpro energy = -0.00649562 kcal/mole

Molpro::pot: 0-th energy correction = -0.00725436 kcal/mole
Molpro::pot: 1-th energy correction = 0 kcal/mole
molpro_pot: 0-th energy = -0.01375 kcal/mol
molpro_pot: 1-th energy = -0.00649562 kcal/mol
molpro_pot: coordinates (angstrom):

C, -0.0830593, 0.0254404, 0.321301
H, -0.974655, 0.222775, -0.251963
H, 0.556888, -0.800377, 0.0548199
H, 0.170229, 0.655464, 1.15882
H, 1.23651, -0.380776, -4.78735

molpro_pot: interatomic distances matrix (angstrom):

\     C1    H2    H3    H4
H2  1.08
H3  1.08  1.87
H4  1.08  1.87  1.87
H5  5.29  5.08  4.91  6.13

Molpro::pot: 1-th molpro energy = -0.00576639 kcal/mole

Molpro::pot: 0-th energy correction = -0.00724964 kcal/mole
Molpro::pot: 1-th energy correction = 0 kcal/mole
molpro_pot: 0-th energy = -0.013016 kcal/mol
molpro_pot: 1-th energy = -0.00576639 kcal/mol
molpro_pot: coordinates (angstrom):

C, 0.218561, 0.248461, -0.0323858
H, -0.175809, 0.103857, -1.0254
H, 0.884927, -0.483844, 0.394468
H, -0.0507922, 1.12649, 0.532442
H, -3.26069, -3.70489, 0.484101

molpro_pot: interatomic distances matrix (angstrom):

\     C1    H2    H3    H4
H2  1.08
H3  1.08  1.87
H4  1.08  1.87  1.87
H5  5.29  5.13  5.25   5.8

Molpro::pot: 1-th molpro energy = -0.00665776 kcal/mole

Molpro::pot: 0-th energy correction = -0.00725465 kcal/mole
Molpro::pot: 1-th energy correction = 0 kcal/mole
molpro_pot: 0-th energy = -0.0139124 kcal/mol
molpro_pot: 1-th energy = -0.00665776 kcal/mol
molpro_pot: coordinates (angstrom):

C, 0.217171, 0.203337, -0.148466
H, -0.76784, 0.206548, -0.58694
H, 1.06343, -0.130057, -0.727448
H, 0.356461, 0.536282, 0.867539
H, -3.23787, -3.03387, 2.21461

molpro_pot: interatomic distances matrix (angstrom):

\     C1    H2    H3    H4
H2  1.08
H3  1.08  1.87
H4  1.08  1.87  1.87
H5  5.29  4.94  5.97  5.24

Molpro::pot: 1-th molpro energy = -0.00635234 kcal/mole

Molpro::pot: 0-th energy correction = -0.00725463 kcal/mole
Molpro::pot: 1-th energy correction = 0 kcal/mole
molpro_pot: 0-th energy = -0.013607 kcal/mol
molpro_pot: 1-th energy = -0.00635234 kcal/mol

(9,0)-th SURFACE:

molpro_pot: coordinates (angstrom):

C, 0.14227, 0.0806239, 0.270605
H, 0.548081, -0.911011, 0.150218
H, -0.0856487, 0.678388, -0.597295
H, -0.0384925, 0.473264, 1.25837
H, -2.11792, -1.20062, -4.03334

molpro_pot: interatomic distances matrix (angstrom):

\     C1    H2    H3    H4
H2  1.08
H3  1.08  1.87
H4  1.08  1.87  1.87
H5  5.03  4.97  4.41  5.93

Molpro::pot: 1-th molpro energy = -0.00958466 kcal/mole

Molpro::pot: 0-th energy correction = -0.012307 kcal/mole
Molpro::pot: 1-th energy correction = 0 kcal/mole
molpro_pot: 0-th energy = -0.0218917 kcal/mol
molpro_pot: 1-th energy = -0.00958466 kcal/mol
molpro_pot: coordinates (angstrom):

C, 0.285196, -0.128257, 0.045329
H, 0.980542, -0.453085, -0.711966
H, 0.449238, -0.394686, 1.07714
H, -0.5722, 0.465372, -0.228527
H, -4.25336, 1.90953, -0.676367

molpro_pot: interatomic distances matrix (angstrom):

\     C1    H2    H3    H4
H2  1.08
H3  1.08  1.87
H4  1.08  1.87  1.87
H5  5.03  5.74  5.52  3.98

Molpro::pot: 1-th molpro energy = -0.010915 kcal/mole

Molpro::pot: 0-th energy correction = -0.012312 kcal/mole
Molpro::pot: 1-th energy correction = 0 kcal/mole
molpro_pot: 0-th energy = -0.0232269 kcal/mol
molpro_pot: 1-th energy = -0.010915 kcal/mol
molpro_pot: coordinates (angstrom):

C, 0.169967, -0.142996, 0.224857
H, -0.489594, 0.253102, -0.530525
H, 1.23731, -0.119533, 0.0740543
H, -0.237391, -0.559593, 1.13207
H, -2.53409, 2.12865, -3.35292

molpro_pot: interatomic distances matrix (angstrom):

\     C1    H2    H3    H4
H2  1.08
H3  1.08  1.87
H4  1.08  1.87  1.87
H5  5.03  3.96  5.57  5.71

Molpro::pot: 1-th molpro energy = -0.0109694 kcal/mole

Molpro::pot: 0-th energy correction = -0.0123098 kcal/mole
Molpro::pot: 1-th energy correction = 0 kcal/mole
molpro_pot: 0-th energy = -0.0232792 kcal/mol
molpro_pot: 1-th energy = -0.0109694 kcal/mol
molpro_pot: coordinates (angstrom):

C, -0.230949, 0.213174, 0.0321731
H, -0.785545, 0.638193, -0.788982
H, -0.123548, 0.764726, 0.952376
H, 0.213484, -0.764292, -0.0656146
H, 3.44547, -3.17685, -0.480859

molpro_pot: interatomic distances matrix (angstrom):

\     C1    H2    H3    H4
H2  1.08
H3  1.08  1.87
H4  1.08  1.87  1.87
H5  5.03  5.71  5.51  4.05

Molpro::pot: 1-th molpro energy = -0.011098 kcal/mole

Molpro::pot: 0-th energy correction = -0.012313 kcal/mole
Molpro::pot: 1-th energy correction = 0 kcal/mole
molpro_pot: 0-th energy = -0.023411 kcal/mol
molpro_pot: 1-th energy = -0.011098 kcal/mol
molpro_pot: coordinates (angstrom):

C, -0.251526, -0.0146782, 0.191079
H, -0.112084, -0.411911, 1.18369
H, 0.239791, 0.900941, -0.0966157
H, -0.879525, -0.534392, -0.514638
H, 3.7467, 0.220134, -2.84758

molpro_pot: interatomic distances matrix (angstrom):

\     C1    H2    H3    H4
H2  1.08
H3  1.08  1.87
H4  1.08  1.87  1.87
H5  5.03  5.62  4.51  5.24

Molpro::pot: 1-th molpro energy = -0.0125124 kcal/mole

Molpro::pot: 0-th energy correction = -0.0123061 kcal/mole
Molpro::pot: 1-th energy correction = 0 kcal/mole
molpro_pot: 0-th energy = -0.0248185 kcal/mol
molpro_pot: 1-th energy = -0.0125124 kcal/mol

(10,0)-th SURFACE:

molpro_pot: coordinates (angstrom):

C, 0.0366727, 0.270727, -0.0730481
H, -0.275735, -0.744155, 0.113854
H, -0.691563, 1.0658, -0.0804195
H, 1.07729, 0.491006, -0.249448
H, -0.546646, -4.03614, 1.08578

molpro_pot: interatomic distances matrix (angstrom):

\     C1    H2    H3    H4
H2  1.08
H3  1.08  1.87
H4  1.08  1.87  1.87
H5   4.5  3.44  5.24  4.99

Molpro::pot: 1-th molpro energy = -0.00847772 kcal/mole

Molpro::pot: 0-th energy correction = -0.0354716 kcal/mole
Molpro::pot: 1-th energy correction = 0 kcal/mole
molpro_pot: 0-th energy = -0.0439493 kcal/mol
molpro_pot: 1-th energy = -0.00847772 kcal/mol
molpro_pot: coordinates (angstrom):

C, -0.0556484, -0.276838, -0.0113302
H, -0.607423, -0.493833, -0.911871
H, -0.395256, -0.665484, 0.935316
H, 0.837101, 0.325962, -0.057721
H, 0.828174, 4.12961, 0.169183

molpro_pot: interatomic distances matrix (angstrom):

\     C1    H2    H3    H4
H2  1.08
H3  1.08  1.87
H4  1.08  1.87  1.87
H5   4.5  4.96  5.01  3.81

Molpro::pot: 1-th molpro energy = -0.0392933 kcal/mole

Molpro::pot: 0-th energy correction = -0.0354853 kcal/mole
Molpro::pot: 1-th energy correction = 0 kcal/mole
molpro_pot: 0-th energy = -0.0747787 kcal/mol
molpro_pot: 1-th energy = -0.0392933 kcal/mol
molpro_pot: coordinates (angstrom):

C, -0.251156, -0.0215289, 0.127721
H, -0.497291, -0.464889, -0.823785
H, -0.834477, 0.803173, 0.504711
H, 0.576008, -0.404632, 0.703528
H, 3.74623, 0.322689, -1.90521

molpro_pot: interatomic distances matrix (angstrom):

\     C1    H2    H3    H4
H2  1.08
H3  1.08  1.87
H4  1.08  1.87  1.87
H5   4.5  4.45   5.2  4.17

Molpro::pot: 1-th molpro energy = -0.0462075 kcal/mole

Molpro::pot: 0-th energy correction = -0.0354864 kcal/mole
Molpro::pot: 1-th energy correction = 0 kcal/mole
molpro_pot: 0-th energy = -0.0816939 kcal/mol
molpro_pot: 1-th energy = -0.0462075 kcal/mol
molpro_pot: coordinates (angstrom):

C, 0.208209, 0.0832039, -0.172469
H, -0.547045, 0.740639, -0.572326
H, 1.22538, 0.427374, -0.0753902
H, -0.0540975, -0.916967, 0.133105
H, -3.10335, -1.24174, 2.56817

molpro_pot: interatomic distances matrix (angstrom):

\     C1    H2    H3    H4
H2  1.08
H3  1.08  1.87
H4  1.08  1.87  1.87
H5   4.5  4.51  5.34  3.92

Molpro::pot: 1-th molpro energy = -0.0317511 kcal/mole

Molpro::pot: 0-th energy correction = -0.0354658 kcal/mole
Molpro::pot: 1-th energy correction = 0 kcal/mole
molpro_pot: 0-th energy = -0.0672169 kcal/mol
molpro_pot: 1-th energy = -0.0317511 kcal/mol
molpro_pot: coordinates (angstrom):

C, -0.164234, -0.175275, 0.149473
H, -0.866891, -0.702133, -0.475994
H, 0.82571, 0.0428836, -0.217864
H, -0.452303, 0.136076, 1.14073
H, 2.44899, 2.61014, -2.22662

molpro_pot: interatomic distances matrix (angstrom):

\     C1    H2    H3    H4
H2  1.08
H3  1.08  1.87
H4  1.08  1.87  1.87
H5   4.5     5  3.64  5.09

Molpro::pot: 1-th molpro energy = -0.0276884 kcal/mole

Molpro::pot: 0-th energy correction = -0.0354638 kcal/mole
Molpro::pot: 1-th energy correction = 0 kcal/mole
molpro_pot: 0-th energy = -0.0631522 kcal/mol
molpro_pot: 1-th energy = -0.0276884 kcal/mol

(11,0)-th SURFACE:

molpro_pot: coordinates (angstrom):

C, -0.234393, 0.125057, -0.0164866
H, -0.898559, -0.428237, -0.660897
H, 0.741188, -0.269569, 0.218097
H, -0.544365, 1.07406, 0.390739
H, 3.49261, -1.86528, 0.248365

molpro_pot: interatomic distances matrix (angstrom):

\     C1    H2    H3    H4
H2  1.08
H3  1.08  1.87
H4  1.08  1.87  1.87
H5  4.23  4.71  3.18     5

Molpro::pot: 1-th molpro energy = 0.00727948 kcal/mole

Molpro::pot: 0-th energy correction = -0.0602117 kcal/mole
Molpro::pot: 1-th energy correction = 0 kcal/mole
molpro_pot: 0-th energy = -0.0529322 kcal/mol
molpro_pot: 1-th energy = 0.00727948 kcal/mol
molpro_pot: coordinates (angstrom):

C, 0.0897219, -0.131267, 0.213675
H, 0.970213, -0.625435, -0.164543
H, 0.106544, 0.930348, 0.401311
H, -0.808236, -0.697831, 0.401286
H, -1.33682, 1.9559, -3.18224

molpro_pot: interatomic distances matrix (angstrom):

\     C1    H2    H3    H4
H2  1.08
H3  1.08  1.87
H4  1.08  1.87  1.87
H5  4.23  4.59     4  4.49

Molpro::pot: 1-th molpro energy = -0.116163 kcal/mole

Molpro::pot: 0-th energy correction = -0.060192 kcal/mole
Molpro::pot: 1-th energy correction = 0 kcal/mole
molpro_pot: 0-th energy = -0.176355 kcal/mol
molpro_pot: 1-th energy = -0.116163 kcal/mol
molpro_pot: coordinates (angstrom):

C, 0.137788, -0.211794, 0.0841583
H, 1.17746, 0.062616, 0.00479629
H, -0.320131, -0.312496, 1.05508
H, -0.444632, -0.382433, -0.807016
H, -2.05331, 3.15411, -1.25492

molpro_pot: interatomic distances matrix (angstrom):

\     C1    H2    H3    H4
H2  1.08
H3  1.08  1.87
H4  1.08  1.87  1.87
H5  4.23  4.65  4.51  3.91

Molpro::pot: 1-th molpro energy = -0.109976 kcal/mole

Molpro::pot: 0-th energy correction = -0.060195 kcal/mole
Molpro::pot: 1-th energy correction = 0 kcal/mole
molpro_pot: 0-th energy = -0.170171 kcal/mol
molpro_pot: 1-th energy = -0.109976 kcal/mol
molpro_pot: coordinates (angstrom):

C, -0.256366, 0.0552305, -0.0456361
H, 0.13764, -0.664904, 0.653421
H, 0.411699, 0.724809, -0.563201
H, -1.31767, 0.10378, -0.229456
H, 3.82084, -0.821305, 0.682617

molpro_pot: interatomic distances matrix (angstrom):

\     C1    H2    H3    H4
H2  1.08
H3  1.08  1.87
H4  1.08  1.87  1.87
H5  4.23  3.69  3.95   5.3

Molpro::pot: 1-th molpro energy = -0.00847804 kcal/mole

Molpro::pot: 0-th energy correction = -0.0602105 kcal/mole
Molpro::pot: 1-th energy correction = 0 kcal/mole
molpro_pot: 0-th energy = -0.0686885 kcal/mol
molpro_pot: 1-th energy = -0.00847804 kcal/mol
molpro_pot: coordinates (angstrom):

C, -0.039365, -0.263112, -0.00917888
H, 0.466176, 0.387942, -0.704213
H, 0.255476, -1.297, 0.0724112
H, -0.837358, 0.120207, 0.606284
H, 0.584418, 3.92168, 0.134809

molpro_pot: interatomic distances matrix (angstrom):

\     C1    H2    H3    H4
H2  1.08
H3  1.08  1.87
H4  1.08  1.87  1.87
H5  4.23  3.63  5.23  4.09

Molpro::pot: 1-th molpro energy = -0.024298 kcal/mole

Molpro::pot: 0-th energy correction = -0.0602093 kcal/mole
Molpro::pot: 1-th energy correction = 0 kcal/mole
molpro_pot: 0-th energy = -0.0845073 kcal/mol
molpro_pot: 1-th energy = -0.024298 kcal/mol

(11,0)-th SURFACE:

molpro_pot: coordinates (angstrom):

C, -0.2312, 0.0859217, -0.100356
H, -0.548376, 0.281079, -1.1122
H, 0.0305137, -0.916508, 0.198239
H, -0.172748, 0.893297, 0.611858
H, 3.44347, -1.28092, 1.49702

molpro_pot: interatomic distances matrix (angstrom):

\     C1    H2    H3    H4
H2  1.08
H3  1.08  1.87
H4  1.08  1.87  1.87
H5  4.23  5.02  3.67  4.31

Molpro::pot: 1-th molpro energy = -0.0656807 kcal/mole

Molpro::pot: 0-th energy correction = -0.060199 kcal/mole
Molpro::pot: 1-th energy correction = 0 kcal/mole
molpro_pot: 0-th energy = -0.12588 kcal/mol
molpro_pot: 1-th energy = -0.0656807 kcal/mol
molpro_pot: coordinates (angstrom):

C, 0.206925, 0.126635, -0.109238
H, 1.20344, 0.257379, 0.281122
H, -0.638413, 0.12943, 0.560026
H, 0.0554105, -0.00375698, -1.16875
H, -3.08425, -1.89088, 1.62827

molpro_pot: interatomic distances matrix (angstrom):

\     C1    H2    H3    H4
H2  1.08
H3  1.08  1.87
H4  1.08  1.87  1.87
H5  4.23  4.98  3.35  4.61

Molpro::pot: 1-th molpro energy = -0.0291993 kcal/mole

Molpro::pot: 0-th energy correction = -0.0602262 kcal/mole
Molpro::pot: 1-th energy correction = 0 kcal/mole
molpro_pot: 0-th energy = -0.0894254 kcal/mol
molpro_pot: 1-th energy = -0.0291993 kcal/mol
molpro_pot: coordinates (angstrom):

C, -0.246711, -0.0903408, 0.0416074
H, 0.629208, 0.112689, 0.636637
H, -0.320874, -1.01365, -0.510217
H, -1.04956, 0.628194, 0.000803805
H, 3.67877, 1.34844, -0.622636

molpro_pot: interatomic distances matrix (angstrom):

\     C1    H2    H3    H4
H2  1.08
H3  1.08  1.87
H4  1.08  1.87  1.87
H5  4.23  3.52  4.65  4.82

Molpro::pot: 1-th molpro energy = -0.0660258 kcal/mole

Molpro::pot: 0-th energy correction = -0.0602326 kcal/mole
Molpro::pot: 1-th energy correction = 0 kcal/mole
molpro_pot: 0-th energy = -0.126258 kcal/mol
molpro_pot: 1-th energy = -0.0660258 kcal/mol
molpro_pot: coordinates (angstrom):

C, 0.0144576, 0.193758, 0.182109
H, 0.737817, 0.0634314, -0.606739
H, -1.03453, 0.268127, -0.0558466
H, 0.339538, 0.246601, 1.20878
H, -0.214974, -2.8852, -2.71453

molpro_pot: interatomic distances matrix (angstrom):

\     C1    H2    H3    H4
H2  1.08
H3  1.08  1.87
H4  1.08  1.87  1.87
H5  4.23  3.75  4.21  5.05

Molpro::pot: 1-th molpro energy = -0.0663019 kcal/mole

Molpro::pot: 0-th energy correction = -0.0601973 kcal/mole
Molpro::pot: 1-th energy correction = 0 kcal/mole
molpro_pot: 0-th energy = -0.126499 kcal/mol
molpro_pot: 1-th energy = -0.0663019 kcal/mol
molpro_pot: coordinates (angstrom):

C, -0.196018, -0.16335, -0.0763814
H, 0.120841, -0.956299, 0.581911
H, -0.651326, 0.72515, 0.33078
H, -0.0548623, -0.257408, -1.14116
H, 2.9193, 2.43354, 1.13793

molpro_pot: interatomic distances matrix (angstrom):

\     C1    H2    H3    H4
H2  1.08
H3  1.08  1.87
H4  1.08  1.87  1.87
H5  4.23  4.43  4.04  4.61

Molpro::pot: 1-th molpro energy = -0.117889 kcal/mole

Molpro::pot: 0-th energy correction = -0.0601915 kcal/mole
Molpro::pot: 1-th energy correction = 0 kcal/mole
molpro_pot: 0-th energy = -0.17808 kcal/mol
molpro_pot: 1-th energy = -0.117889 kcal/mol

(12,0)-th SURFACE:

molpro_pot: coordinates (angstrom):

C, 0.0183573, 0.243503, 0.0521951
H, -0.545489, 0.271998, 0.97077
H, 1.08637, 0.0982863, 0.080023
H, -0.485899, 0.357064, -0.894034
H, -0.273561, -3.62669, -0.778237

molpro_pot: interatomic distances matrix (angstrom):

\     C1    H2    H3    H4
H2  1.08
H3  1.08  1.87
H4  1.08  1.87  1.87
H5  3.97  4.28  4.06  3.99

Molpro::pot: 1-th molpro energy = -0.248472 kcal/mole

Molpro::pot: 0-th energy correction = -0.101782 kcal/mole
Molpro::pot: 1-th energy correction = 0 kcal/mole
molpro_pot: 0-th energy = -0.350254 kcal/mol
molpro_pot: 1-th energy = -0.248472 kcal/mol
molpro_pot: coordinates (angstrom):

C, 0.226863, 0.103041, 0.016374
H, 0.00329569, 1.00749, -0.526317
H, 0.239021, 0.110807, 1.09448
H, 0.435156, -0.809579, -0.518658
H, -3.37869, -1.5356, -0.244466

molpro_pot: interatomic distances matrix (angstrom):

\     C1    H2    H3    H4
H2  1.08
H3  1.08  1.87
H4  1.08  1.87  1.87
H5  3.97  4.24  4.19  3.89

Molpro::pot: 1-th molpro energy = -0.245611 kcal/mole

Molpro::pot: 0-th energy correction = -0.101783 kcal/mole
Molpro::pot: 1-th energy correction = 0 kcal/mole
molpro_pot: 0-th energy = -0.347393 kcal/mol
molpro_pot: 1-th energy = -0.245611 kcal/mol
molpro_pot: coordinates (angstrom):

C, -0.152506, -0.017759, 0.196911
H, -0.88817, 0.768448, 0.140415
H, -0.40008, -1.0122, -0.13822
H, 0.831347, 0.190982, 0.585474
H, 2.27277, 0.264223, -2.93225

molpro_pot: interatomic distances matrix (angstrom):

\     C1    H2    H3    H4
H2  1.08
H3  1.08  1.87
H4  1.08  1.87  1.87
H5  3.97  4.44  4.07   3.8

Molpro::pot: 1-th molpro energy = -0.227043 kcal/mole

Molpro::pot: 0-th energy correction = -0.101785 kcal/mole
Molpro::pot: 1-th energy correction = 0 kcal/mole
molpro_pot: 0-th energy = -0.328827 kcal/mol
molpro_pot: 1-th energy = -0.227043 kcal/mol
molpro_pot: coordinates (angstrom):

C, 0.0579, -0.229176, 0.0796831
H, 0.139938, 0.835947, -0.0662521
H, 0.162789, -0.897544, -0.759842
H, -0.125865, -0.626057, 1.0652
H, -0.866268, 3.41642, -1.18788

molpro_pot: interatomic distances matrix (angstrom):

\     C1    H2    H3    H4
H2  1.08
H3  1.08  1.87
H4  1.08  1.87  1.87
H5  3.97  2.99  4.46  4.69

Molpro::pot: 1-th molpro energy = 0.00798059 kcal/mole

Molpro::pot: 0-th energy correction = -0.101831 kcal/mole
Molpro::pot: 1-th energy correction = 0 kcal/mole
molpro_pot: 0-th energy = -0.0938503 kcal/mol
molpro_pot: 1-th energy = 0.00798059 kcal/mol
molpro_pot: coordinates (angstrom):

C, 0.16759, -0.0178357, 0.18426
H, 0.874148, 0.661583, -0.264829
H, -0.568833, 0.352571, 0.879241
H, 0.195353, -1.06674, -0.0638157
H, -2.49613, 0.264957, -2.74454

molpro_pot: interatomic distances matrix (angstrom):

\     C1    H2    H3    H4
H2  1.08
H3  1.08  1.87
H4  1.08  1.87  1.87
H5  3.97   4.2  4.11  4.03

Molpro::pot: 1-th molpro energy = -0.252639 kcal/mole

Molpro::pot: 0-th energy correction = -0.101781 kcal/mole
Molpro::pot: 1-th energy correction = 0 kcal/mole
molpro_pot: 0-th energy = -0.35442 kcal/mol
molpro_pot: 1-th energy = -0.252639 kcal/mol
