
(0,0)-th SURFACE:

molpro_pot: coordinates (angstrom):

C, 0.515934, 0.409985, 0.0918839
H, -0.035292, 0.372535, -0.834001
H, 0.255224, -0.253035, 0.901176
H, 1.32955, 1.10798, 0.207447
H, -7.69262, -6.1091, -1.36867

molpro_pot: interatomic distances matrix (angstrom):

\     C1    H2    H3    H4
H2  1.08
H3  1.08  1.87
H4  1.08  1.87  1.87
H5  10.6    10  10.1  11.7

Molpro::pot: 1-th molpro energy = -4.71749e-05 kcal/mole

Molpro::pot: 0-th energy correction = -1.83718e-07 kcal/mole
Molpro::pot: 1-th energy correction = 0 kcal/mole
molpro_pot: 0-th energy = -4.73587e-05 kcal/mol
molpro_pot: 1-th energy = -4.71749e-05 kcal/mol
molpro_pot: coordinates (angstrom):

C, -0.113491, -0.446431, -0.47987
H, -0.438036, -1.20773, 0.211219
H, 0.895728, -0.0700372, -0.431664
H, -0.796857, -0.0638177, -1.22091
H, 1.69048, 6.65716, 7.15508

molpro_pot: interatomic distances matrix (angstrom):

\     C1    H2    H3    H4
H2  1.08
H3  1.08  1.87
H4  1.08  1.87  1.87
H5  10.6  10.7  10.2    11

Molpro::pot: 1-th molpro energy = -1.34952e-05 kcal/mole

Molpro::pot: 0-th energy correction = -1.8379e-07 kcal/mole
Molpro::pot: 1-th energy correction = 0 kcal/mole
molpro_pot: 0-th energy = -1.3679e-05 kcal/mol
molpro_pot: 1-th energy = -1.34952e-05 kcal/mol
molpro_pot: coordinates (angstrom):

C, -0.384435, -0.513561, -0.177264
H, -0.635477, 0.3004, -0.838294
H, 0.454238, -1.15224, -0.40362
H, -0.969857, -0.686977, 0.711403
H, 5.7285, 7.6537, 2.64117

molpro_pot: interatomic distances matrix (angstrom):

\     C1    H2    H3    H4
H2  1.08
H3  1.08  1.87
H4  1.08  1.87  1.87
H5  10.6  10.3  10.7  10.9

Molpro::pot: 1-th molpro energy = -3.96656e-05 kcal/mole

Molpro::pot: 0-th energy correction = -1.83651e-07 kcal/mole
Molpro::pot: 1-th energy correction = 0 kcal/mole
molpro_pot: 0-th energy = -3.98493e-05 kcal/mol
molpro_pot: 1-th energy = -3.96656e-05 kcal/mol
molpro_pot: coordinates (angstrom):

C, 0.640072, -0.160096, 0.0864611
H, 0.193319, -0.667295, -0.753584
H, 1.68015, 0.122244, 0.0542147
H, 0.046316, 0.0674859, 0.957197
H, -9.54102, 2.3838, -1.2873

molpro_pot: interatomic distances matrix (angstrom):

\     C1    H2    H3    H4
H2  1.08
H3  1.08  1.87
H4  1.08  1.87  1.87
H5  10.6  10.2  11.5  10.1

Molpro::pot: 1-th molpro energy = -2.79374e-05 kcal/mole

Molpro::pot: 0-th energy correction = -1.83695e-07 kcal/mole
Molpro::pot: 1-th energy correction = 0 kcal/mole
molpro_pot: 0-th energy = -2.81211e-05 kcal/mol
molpro_pot: 1-th energy = -2.79374e-05 kcal/mol
molpro_pot: coordinates (angstrom):

C, 0.0604926, -0.541125, 0.38237
H, -0.02243, 0.491056, 0.682772
H, 0.223557, -0.789011, -0.654201
H, -0.0165039, -1.32507, 1.11859
H, -0.904898, 8.0661, -5.69998

molpro_pot: interatomic distances matrix (angstrom):

\     C1    H2    H3    H4
H2  1.08
H3  1.08  1.87
H4  1.08  1.87  1.87
H5  10.6  9.94  10.3  11.6

Molpro::pot: 1-th molpro energy = -1.32484e-05 kcal/mole

Molpro::pot: 0-th energy correction = -1.83728e-07 kcal/mole
Molpro::pot: 1-th energy correction = 0 kcal/mole
molpro_pot: 0-th energy = -1.34321e-05 kcal/mol
molpro_pot: 1-th energy = -1.32484e-05 kcal/mol

(0,0)-th SURFACE:

molpro_pot: coordinates (angstrom):

C, 0.546735, 0.179201, -0.334124
H, 1.23617, 1.00484, -0.259933
H, 0.745992, -0.629027, -1.01938
H, -0.340051, 0.160162, 0.278877
H, -8.15199, -2.6697, 4.9788

molpro_pot: interatomic distances matrix (angstrom):

\     C1    H2    H3    H4
H2  1.08
H3  1.08  1.87
H4  1.08  1.87  1.87
H5  10.6  11.4  10.9  9.55

Molpro::pot: 1-th molpro energy = 3.95224e-05 kcal/mole

Molpro::pot: 0-th energy correction = -1.83731e-07 kcal/mole
Molpro::pot: 1-th energy correction = 0 kcal/mole
molpro_pot: 0-th energy = 3.93387e-05 kcal/mol
molpro_pot: 1-th energy = 3.95224e-05 kcal/mol
molpro_pot: coordinates (angstrom):

C, -0.122309, -0.154561, -0.635533
H, -0.591911, -0.353592, -1.58547
H, 0.0121331, 0.86246, -0.303699
H, 0.209957, -0.972206, -0.0161971
H, 1.82613, 2.30367, 9.47254

molpro_pot: interatomic distances matrix (angstrom):

\     C1    H2    H3    H4
H2  1.08
H3  1.08  1.87
H4  1.08  1.87  1.87
H5  10.6  11.6    10  10.2

Molpro::pot: 1-th molpro energy = -6.4465e-05 kcal/mole

Molpro::pot: 0-th energy correction = -1.83709e-07 kcal/mole
Molpro::pot: 1-th energy correction = 0 kcal/mole
molpro_pot: 0-th energy = -6.46487e-05 kcal/mol
molpro_pot: 1-th energy = -6.4465e-05 kcal/mol
molpro_pot: coordinates (angstrom):

C, -0.357353, -0.278046, 0.487521
H, -0.769513, -1.27006, 0.395041
H, 0.125409, 0.185625, -0.357742
H, -0.430601, 0.251399, 1.42392
H, 5.32965, 4.14368, -7.26605

molpro_pot: interatomic distances matrix (angstrom):

\     C1    H2    H3    H4
H2  1.08
H3  1.08  1.87
H4  1.08  1.87  1.87
H5  10.6  11.2  9.51  11.1

Molpro::pot: 1-th molpro energy = -6.49944e-05 kcal/mole

Molpro::pot: 0-th energy correction = -1.83726e-07 kcal/mole
Molpro::pot: 1-th energy correction = 0 kcal/mole
molpro_pot: 0-th energy = -6.51782e-05 kcal/mol
molpro_pot: 1-th energy = -6.49944e-05 kcal/mol
molpro_pot: coordinates (angstrom):

C, -0.556753, 0.364371, 0.00463166
H, -1.60643, 0.565599, 0.146769
H, -0.0254405, -0.250688, 0.713101
H, -0.0392073, 0.775422, -0.847251
H, 8.30023, -5.42883, -0.0677675

molpro_pot: interatomic distances matrix (angstrom):

\     C1    H2    H3    H4
H2  1.08
H3  1.08  1.87
H4  1.08  1.87  1.87
H5  10.6  11.6  9.84  10.4

Molpro::pot: 1-th molpro energy = -4.86373e-05 kcal/mole

Molpro::pot: 0-th energy correction = -1.83706e-07 kcal/mole
Molpro::pot: 1-th energy correction = 0 kcal/mole
molpro_pot: 0-th energy = -4.8821e-05 kcal/mol
molpro_pot: 1-th energy = -4.86373e-05 kcal/mol
molpro_pot: coordinates (angstrom):

C, 0.165036, 0.350722, 0.540708
H, 0.0810692, -0.450415, -0.175982
H, -0.536069, 0.418899, 1.35699
H, 0.951615, 1.08166, 0.443028
H, -2.46167, -5.22614, -8.06215

molpro_pot: interatomic distances matrix (angstrom):

\     C1    H2    H3    H4
H2  1.08
H3  1.08  1.87
H4  1.08  1.87  1.87
H5  10.6  9.56  11.1  11.1

Molpro::pot: 1-th molpro energy = 1.77959e-06 kcal/mole

Molpro::pot: 0-th energy correction = -1.83748e-07 kcal/mole
Molpro::pot: 1-th energy correction = 0 kcal/mole
molpro_pot: 0-th energy = 1.59585e-06 kcal/mol
molpro_pot: 1-th energy = 1.77959e-06 kcal/mol

(1,0)-th SURFACE:

molpro_pot: coordinates (angstrom):

C, -0.244848, -0.0107422, 0.509599
H, -0.751015, -0.961245, 0.563026
H, -0.446622, 0.749194, 1.24737
H, 0.465124, 0.178741, -0.279424
H, 3.64787, 0.161215, -7.59868

molpro_pot: interatomic distances matrix (angstrom):

\     C1    H2    H3    H4
H2  1.08
H3  1.08  1.87
H4  1.08  1.87  1.87
H5     9  9.34  9.77  7.98

Molpro::pot: 1-th molpro energy = -0.000137492 kcal/mole

Molpro::pot: 0-th energy correction = -4.39666e-06 kcal/mole
Molpro::pot: 1-th energy correction = 0 kcal/mole
molpro_pot: 0-th energy = -0.000141888 kcal/mol
molpro_pot: 1-th energy = -0.000137492 kcal/mol
molpro_pot: coordinates (angstrom):

C, 0.122852, -0.00483897, -0.55189
H, -0.264939, -0.108945, -1.55254
H, 0.638895, -0.828815, -0.0857554
H, -0.00256837, 0.923844, -0.0186567
H, -1.83417, 0.0715327, 8.22822

molpro_pot: interatomic distances matrix (angstrom):

\     C1    H2    H3    H4
H2  1.08
H3  1.08  1.87
H4  1.08  1.87  1.87
H5     9  9.91  8.72  8.49

Molpro::pot: 1-th molpro energy = -0.000124289 kcal/mole

Molpro::pot: 0-th energy correction = -4.3971e-06 kcal/mole
Molpro::pot: 1-th energy correction = 0 kcal/mole
molpro_pot: 0-th energy = -0.000128686 kcal/mol
molpro_pot: 1-th energy = -0.000124289 kcal/mol
molpro_pot: coordinates (angstrom):

C, -0.50945, -0.178114, -0.16873
H, -1.38048, 0.316624, 0.230098
H, 0.349054, -0.348199, 0.461
H, -0.497987, -0.505447, -1.19598
H, 7.59534, 2.65779, 2.51393

molpro_pot: interatomic distances matrix (angstrom):

\     C1    H2    H3    H4
H2  1.08
H3  1.08  1.87
H4  1.08  1.87  1.87
H5     9  9.55  8.11  9.45

Molpro::pot: 1-th molpro energy = -0.000145462 kcal/mole

Molpro::pot: 0-th energy correction = -4.39684e-06 kcal/mole
Molpro::pot: 1-th energy correction = 0 kcal/mole
molpro_pot: 0-th energy = -0.000149859 kcal/mol
molpro_pot: 1-th energy = -0.000145462 kcal/mol
molpro_pot: coordinates (angstrom):

C, 0.337729, -0.302158, -0.338566
H, 0.0578482, -0.981311, -1.12783
H, -0.140269, 0.66128, -0.26225
H, 1.09307, -0.587443, 0.375988
H, -5.03194, 4.50521, 5.04534

molpro_pot: interatomic distances matrix (angstrom):

\     C1    H2    H3    H4
H2  1.08
H3  1.08  1.87
H4  1.08  1.87  1.87
H5     9   9.7  8.18  9.23

Molpro::pot: 1-th molpro energy = -0.000105403 kcal/mole

Molpro::pot: 0-th energy correction = -4.39486e-06 kcal/mole
Molpro::pot: 1-th energy correction = 0 kcal/mole
molpro_pot: 0-th energy = -0.000109798 kcal/mol
molpro_pot: 1-th energy = -0.000105403 kcal/mol
molpro_pot: coordinates (angstrom):

C, 0.287264, 0.481699, 0.0738678
H, -0.00528555, -0.136743, -0.759475
H, -0.394491, 1.22202, 0.460709
H, 1.25996, 0.357846, 0.522253
H, -4.28059, -7.17863, -1.10302

molpro_pot: interatomic distances matrix (angstrom):

\     C1    H2    H3    H4
H2  1.08
H3  1.08  1.87
H4  1.08  1.87  1.87
H5     9  8.25  9.39  9.49

Molpro::pot: 1-th molpro energy = -0.000101132 kcal/mole

Molpro::pot: 0-th energy correction = -4.39468e-06 kcal/mole
Molpro::pot: 1-th energy correction = 0 kcal/mole
molpro_pot: 0-th energy = -0.000105527 kcal/mol
molpro_pot: 1-th energy = -0.000101132 kcal/mol

(2,0)-th SURFACE:

molpro_pot: coordinates (angstrom):

C, 0.307449, 0.213988, -0.354185
H, -0.341733, 0.105626, -1.2082
H, 0.419595, -0.600021, 0.343906
H, 0.846712, 1.13481, -0.199898
H, -4.58532, -3.18834, 5.2814

molpro_pot: interatomic distances matrix (angstrom):

\     C1    H2    H3    H4
H2  1.08
H3  1.08  1.87
H4  1.08  1.87  1.87
H5   8.2  8.42  7.49  8.85

Molpro::pot: 1-th molpro energy = -0.000227473 kcal/mole

Molpro::pot: 0-th energy correction = -2.15083e-05 kcal/mole
Molpro::pot: 1-th energy correction = 0 kcal/mole
molpro_pot: 0-th energy = -0.000248981 kcal/mol
molpro_pot: 1-th energy = -0.000227473 kcal/mol
molpro_pot: coordinates (angstrom):

C, 0.468564, -0.0649678, 0.205569
H, 0.428748, 0.624626, -0.622314
H, -0.344771, -0.105777, 0.912209
H, 1.31989, -0.715713, 0.325124
H, -6.98298, 0.970425, -3.0627

molpro_pot: interatomic distances matrix (angstrom):

\     C1    H2    H3    H4
H2  1.08
H3  1.08  1.87
H4  1.08  1.87  1.87
H5   8.2  7.81  7.81  9.12

Molpro::pot: 1-th molpro energy = -0.000181913 kcal/mole

Molpro::pot: 0-th energy correction = -2.14971e-05 kcal/mole
Molpro::pot: 1-th energy correction = 0 kcal/mole
molpro_pot: 0-th energy = -0.00020341 kcal/mol
molpro_pot: 1-th energy = -0.000181913 kcal/mol
molpro_pot: coordinates (angstrom):

C, 0.135699, 0.456061, -0.198164
H, -0.734656, 0.728248, 0.377085
H, 0.0563135, 0.323741, -1.26527
H, 1.08576, 0.319252, 0.292939
H, -2.02317, -6.80148, 2.95475

molpro_pot: interatomic distances matrix (angstrom):

\     C1    H2    H3    H4
H2  1.08
H3  1.08  1.87
H4  1.08  1.87  1.87
H5   8.2  8.06  8.54  8.21

Molpro::pot: 1-th molpro energy = -0.000177837 kcal/mole

Molpro::pot: 0-th energy correction = -2.1512e-05 kcal/mole
Molpro::pot: 1-th energy correction = 0 kcal/mole
molpro_pot: 0-th energy = -0.000199349 kcal/mol
molpro_pot: 1-th energy = -0.000177837 kcal/mol
molpro_pot: coordinates (angstrom):

C, -0.357532, -0.301606, -0.217105
H, 0.67232, -0.0641739, -0.00368867
H, -0.651239, -1.32592, -0.381538
H, -1.09402, 0.484521, -0.263034
H, 5.33001, 4.49674, 3.2333

molpro_pot: interatomic distances matrix (angstrom):

\     C1    H2    H3    H4
H2  1.08
H3  1.08  1.87
H4  1.08  1.87  1.87
H5   8.2  7.28   9.1  8.34

Molpro::pot: 1-th molpro energy = -0.000221208 kcal/mole

Molpro::pot: 0-th energy correction = -2.15014e-05 kcal/mole
Molpro::pot: 1-th energy correction = 0 kcal/mole
molpro_pot: 0-th energy = -0.000242709 kcal/mol
molpro_pot: 1-th energy = -0.000221208 kcal/mol
molpro_pot: coordinates (angstrom):

C, -0.148049, 0.283647, 0.404512
H, 0.641412, 1.01594, 0.349577
H, -1.15677, 0.594525, 0.624418
H, 0.0704343, -0.758746, 0.236572
H, 2.20771, -4.22905, -6.02702

molpro_pot: interatomic distances matrix (angstrom):

\     C1    H2    H3    H4
H2  1.08
H3  1.08  1.87
H4  1.08  1.87  1.87
H5   8.2   8.4  8.88  7.47

Molpro::pot: 1-th molpro energy = -0.000236121 kcal/mole

Molpro::pot: 0-th energy correction = -2.14983e-05 kcal/mole
Molpro::pot: 1-th energy correction = 0 kcal/mole
molpro_pot: 0-th energy = -0.000257619 kcal/mol
molpro_pot: 1-th energy = -0.000236121 kcal/mol

(3,0)-th SURFACE:

molpro_pot: coordinates (angstrom):

C, -0.355235, 0.0466568, 0.307921
H, -1.27189, -0.351564, 0.712494
H, 0.236302, -0.546338, -0.371019
H, -0.0317296, 1.03863, 0.579674
H, 5.29704, -0.696265, -4.58751

molpro_pot: interatomic distances matrix (angstrom):

\     C1    H2    H3    H4
H2  1.08
H3  1.08  1.87
H4  1.08  1.87  1.87
H5  7.51  8.45  6.59  7.62

Molpro::pot: 1-th molpro energy = -0.000354903 kcal/mole

Molpro::pot: 0-th energy correction = -8.51127e-05 kcal/mole
Molpro::pot: 1-th energy correction = 0 kcal/mole
molpro_pot: 0-th energy = -0.000440015 kcal/mol
molpro_pot: 1-th energy = -0.000354903 kcal/mol
molpro_pot: coordinates (angstrom):

C, 0.371852, 0.290546, 0.0255828
H, 0.704013, 0.345282, 1.04988
H, 0.666746, -0.542208, -0.592541
H, -0.257489, 1.0666, -0.37963
H, -5.54084, -4.32915, -0.38232

molpro_pot: interatomic distances matrix (angstrom):

\     C1    H2    H3    H4
H2  1.08
H3  1.08  1.87
H4  1.08  1.87  1.87
H5  7.51  7.93  7.27  7.55

Molpro::pot: 1-th molpro energy = -0.000318072 kcal/mole

Molpro::pot: 0-th energy correction = -8.50837e-05 kcal/mole
Molpro::pot: 1-th energy correction = 0 kcal/mole
molpro_pot: 0-th energy = -0.000403156 kcal/mol
molpro_pot: 1-th energy = -0.000318072 kcal/mol
molpro_pot: coordinates (angstrom):

C, 0.119261, -0.0285772, 0.456212
H, 0.630568, 0.538606, 1.21738
H, 0.0367878, 0.364594, -0.544354
H, -0.306743, -0.989935, 0.694608
H, -1.78063, 0.426999, -6.79968

molpro_pot: interatomic distances matrix (angstrom):

\     C1    H2    H3    H4
H2  1.08
H3  1.08  1.87
H4  1.08  1.87  1.87
H5  7.51  8.37  6.51  7.77

Molpro::pot: 1-th molpro energy = -0.00035377 kcal/mole

Molpro::pot: 0-th energy correction = -8.51153e-05 kcal/mole
Molpro::pot: 1-th energy correction = 0 kcal/mole
molpro_pot: 0-th energy = -0.000438885 kcal/mol
molpro_pot: 1-th energy = -0.00035377 kcal/mol
molpro_pot: coordinates (angstrom):

C, -0.299422, -0.329246, -0.158255
H, -0.665948, -1.27525, -0.5233
H, 0.504284, 0.172037, -0.673317
H, -0.738418, 0.116887, 0.71968
H, 4.46525, 4.9066, 2.36125

molpro_pot: interatomic distances matrix (angstrom):

\     C1    H2    H3    H4
H2  1.08
H3  1.08  1.87
H4  1.08  1.87  1.87
H5  7.51  8.54  6.88  7.26

Molpro::pot: 1-th molpro energy = -0.000376546 kcal/mole

Molpro::pot: 0-th energy correction = -8.51276e-05 kcal/mole
Molpro::pot: 1-th energy correction = 0 kcal/mole
molpro_pot: 0-th energy = -0.000461674 kcal/mol
molpro_pot: 1-th energy = -0.000376546 kcal/mol
molpro_pot: coordinates (angstrom):

C, -0.0692831, 0.426677, 0.19041
H, -0.755632, 0.66657, 0.986583
H, 0.451153, 1.21582, -0.328171
H, 0.0989865, -0.602063, -0.0850894
H, 1.03043, -6.36069, -2.8405

molpro_pot: interatomic distances matrix (angstrom):

\     C1    H2    H3    H4
H2  1.08
H3  1.08  1.87
H4  1.08  1.87  1.87
H5  7.51   8.2     8  6.45

Molpro::pot: 1-th molpro energy = -0.000441296 kcal/mole

Molpro::pot: 0-th energy correction = -8.51261e-05 kcal/mole
Molpro::pot: 1-th energy correction = 0 kcal/mole
molpro_pot: 0-th energy = -0.000526422 kcal/mol
molpro_pot: 1-th energy = -0.000441296 kcal/mol

(3,0)-th SURFACE:

molpro_pot: coordinates (angstrom):

C, -0.326601, -0.0126525, 0.340936
H, 0.323952, -0.349843, 1.13188
H, -1.39472, -0.123065, 0.438119
H, 0.0904981, 0.437601, -0.54553
H, 4.86905, 0.185957, -5.08393

molpro_pot: interatomic distances matrix (angstrom):

\     C1    H2    H3    H4
H2  1.08
H3  1.08  1.87
H4  1.08  1.87  1.87
H5  7.51  7.72  8.36   6.6

Molpro::pot: 1-th molpro energy = -0.000324392 kcal/mole

Molpro::pot: 0-th energy correction = -8.51341e-05 kcal/mole
Molpro::pot: 1-th energy correction = 0 kcal/mole
molpro_pot: 0-th energy = -0.000409526 kcal/mol
molpro_pot: 1-th energy = -0.000324392 kcal/mol
molpro_pot: coordinates (angstrom):

C, 0.198955, 0.193753, -0.382327
H, 1.16425, 0.0939221, -0.852173
H, -0.547449, -0.572597, -0.516889
H, -0.0188893, 1.05803, 0.224381
H, -2.96684, -2.88633, 5.69698

molpro_pot: interatomic distances matrix (angstrom):

\     C1    H2    H3    H4
H2  1.08
H3  1.08  1.87
H4  1.08  1.87  1.87
H5  7.51   8.3  7.06  7.36

Molpro::pot: 1-th molpro energy = -0.000344299 kcal/mole

Molpro::pot: 0-th energy correction = -8.50923e-05 kcal/mole
Molpro::pot: 1-th energy correction = 0 kcal/mole
molpro_pot: 0-th energy = -0.000429391 kcal/mol
molpro_pot: 1-th energy = -0.000344299 kcal/mol
molpro_pot: coordinates (angstrom):

C, 0.427681, 0.115633, 0.164237
H, 1.08278, -0.292018, -0.58888
H, -0.599818, 0.335563, -0.0774156
H, 0.798985, 0.300424, 1.15948
H, -6.37427, -1.7208, -2.44872

molpro_pot: interatomic distances matrix (angstrom):

\     C1    H2    H3    H4
H2  1.08
H3  1.08  1.87
H4  1.08  1.87  1.87
H5  7.51  7.82  6.57  8.28

Molpro::pot: 1-th molpro energy = -0.000409971 kcal/mole

Molpro::pot: 0-th energy correction = -8.50998e-05 kcal/mole
Molpro::pot: 1-th energy correction = 0 kcal/mole
molpro_pot: 0-th energy = -0.00049507 kcal/mol
molpro_pot: 1-th energy = -0.000409971 kcal/mol
molpro_pot: coordinates (angstrom):

C, -0.283202, 0.346772, -0.150247
H, -0.812322, 1.11632, 0.388589
H, -0.794597, -0.23364, -0.901324
H, 0.757701, 0.15971, 0.0596326
H, 4.22126, -5.17134, 2.24207

molpro_pot: interatomic distances matrix (angstrom):

\     C1    H2    H3    H4
H2  1.08
H3  1.08  1.87
H4  1.08  1.87  1.87
H5  7.51  8.26  7.71  6.72

Molpro::pot: 1-th molpro energy = -0.000358995 kcal/mole

Molpro::pot: 0-th energy correction = -8.51407e-05 kcal/mole
Molpro::pot: 1-th energy correction = 0 kcal/mole
molpro_pot: 0-th energy = -0.000444136 kcal/mol
molpro_pot: 1-th energy = -0.000358995 kcal/mol
molpro_pot: coordinates (angstrom):

C, -0.0194911, 0.261083, 0.393458
H, -0.198115, -0.738371, 0.756364
H, 0.9755, 0.559418, 0.104481
H, -0.835992, 0.961039, 0.316587
H, 0.290684, -3.89076, -5.86227

molpro_pot: interatomic distances matrix (angstrom):

\     C1    H2    H3    H4
H2  1.08
H3  1.08  1.87
H4  1.08  1.87  1.87
H5  7.51  7.35  7.47  7.94

Molpro::pot: 1-th molpro energy = -0.000306609 kcal/mole

Molpro::pot: 0-th energy correction = -8.50822e-05 kcal/mole
Molpro::pot: 1-th energy correction = 0 kcal/mole
molpro_pot: 0-th energy = -0.000391691 kcal/mol
molpro_pot: 1-th energy = -0.000306609 kcal/mol

(4,0)-th SURFACE:

molpro_pot: coordinates (angstrom):

C, 0.4002, -0.140918, 0.0844174
H, -0.193431, -0.922389, 0.530983
H, 1.24968, -0.393863, -0.529525
H, 0.142722, 0.893055, 0.249117
H, -5.96408, 2.10109, -1.25572

molpro_pot: interatomic distances matrix (angstrom):

\     C1    H2    H3    H4
H2  1.08
H3  1.08  1.87
H4  1.08  1.87  1.87
H5  6.88  6.76  7.67   6.4

Molpro::pot: 1-th molpro energy = -0.000585692 kcal/mole

Molpro::pot: 0-th energy correction = -0.000303014 kcal/mole
Molpro::pot: 1-th energy correction = 0 kcal/mole
molpro_pot: 0-th energy = -0.000888706 kcal/mol
molpro_pot: 1-th energy = -0.000585692 kcal/mol
molpro_pot: coordinates (angstrom):

C, 0.353187, -0.0920435, 0.231723
H, 0.729757, -1.07732, 0.455208
H, -0.608053, 0.215994, 0.610733
H, 0.938889, 0.586113, -0.367925
H, -5.26593, 1.37116, -3.4571

molpro_pot: interatomic distances matrix (angstrom):

\     C1    H2    H3    H4
H2  1.08
H3  1.08  1.87
H4  1.08  1.87  1.87
H5  6.88  7.57  6.29  6.98

Molpro::pot: 1-th molpro energy = -0.000597386 kcal/mole

Molpro::pot: 0-th energy correction = -0.000303179 kcal/mole
Molpro::pot: 1-th energy correction = 0 kcal/mole
molpro_pot: 0-th energy = -0.000900565 kcal/mol
molpro_pot: 1-th energy = -0.000597386 kcal/mol
molpro_pot: coordinates (angstrom):

C, -0.0118994, 0.142482, 0.408267
H, -0.976202, -0.161674, 0.0339353
H, 0.269125, -0.0882579, 1.4233
H, 0.67241, 0.674444, -0.233028
H, 0.176352, -2.12103, -6.08537

molpro_pot: interatomic distances matrix (angstrom):

\     C1    H2    H3    H4
H2  1.08
H3  1.08  1.87
H4  1.08  1.87  1.87
H5  6.88  6.53  7.78   6.5

Molpro::pot: 1-th molpro energy = -0.000519894 kcal/mole

Molpro::pot: 0-th energy correction = -0.000303028 kcal/mole
Molpro::pot: 1-th energy correction = 0 kcal/mole
molpro_pot: 0-th energy = -0.000822922 kcal/mol
molpro_pot: 1-th energy = -0.000519894 kcal/mol
molpro_pot: coordinates (angstrom):

C, -0.295529, -0.0626132, -0.309511
H, -0.759709, 0.627163, 0.376974
H, 0.68795, -0.451553, -0.0997181
H, -0.815785, -0.365802, -1.2039
H, 4.40636, 0.935716, 4.61194

molpro_pot: interatomic distances matrix (angstrom):

\     C1    H2    H3    H4
H2  1.08
H3  1.08  1.87
H4  1.08  1.87  1.87
H5  6.88  6.69  6.16  7.92

Molpro::pot: 1-th molpro energy = -0.000634753 kcal/mole

Molpro::pot: 0-th energy correction = -0.000303076 kcal/mole
Molpro::pot: 1-th energy correction = 0 kcal/mole
molpro_pot: 0-th energy = -0.00093783 kcal/mol
molpro_pot: 1-th energy = -0.000634753 kcal/mol
molpro_pot: coordinates (angstrom):

C, 0.292715, 0.17975, -0.263075
H, 0.755547, -0.341267, 0.559629
H, -0.265418, -0.37051, -1.00349
H, 0.385296, 1.25094, -0.343743
H, -4.36073, -2.67942, 3.91999

molpro_pot: interatomic distances matrix (angstrom):

\     C1    H2    H3    H4
H2  1.08
H3  1.08  1.87
H4  1.08  1.87  1.87
H5  6.88  6.55  6.81  7.49

Molpro::pot: 1-th molpro energy = -0.000534336 kcal/mole

Molpro::pot: 0-th energy correction = -0.000302975 kcal/mole
Molpro::pot: 1-th energy correction = 0 kcal/mole
molpro_pot: 0-th energy = -0.00083731 kcal/mol
molpro_pot: 1-th energy = -0.000534336 kcal/mol

(5,0)-th SURFACE:

molpro_pot: coordinates (angstrom):

C, -0.240979, 0.302778, -0.110173
H, -0.976022, -0.0129449, -0.833045
H, 0.471972, 1.06985, -0.366731
H, -0.220766, -0.146114, 0.869934
H, 3.59411, -4.51592, 1.64165

molpro_pot: interatomic distances matrix (angstrom):

\     C1    H2    H3    H4
H2  1.08
H3  1.08  1.87
H4  1.08  1.87  1.87
H5   6.4  6.88  6.71  5.85

Molpro::pot: 1-th molpro energy = -0.000951702 kcal/mole

Molpro::pot: 0-th energy correction = -0.000785961 kcal/mole
Molpro::pot: 1-th energy correction = 0 kcal/mole
molpro_pot: 0-th energy = -0.00173766 kcal/mol
molpro_pot: 1-th energy = -0.000951702 kcal/mol
molpro_pot: coordinates (angstrom):

C, -0.392723, 0.0690882, -0.0562355
H, -0.687723, 1.08598, 0.1473
H, -0.411342, -0.305077, -1.06726
H, -0.0762582, -0.572527, 0.750425
H, 5.85141, -1.03099, 0.839123

molpro_pot: interatomic distances matrix (angstrom):

\     C1    H2    H3    H4
H2  1.08
H3  1.08  1.87
H4  1.08  1.87  1.87
H5   6.4  6.91  6.59  5.95

Molpro::pot: 1-th molpro energy = -0.000925154 kcal/mole

Molpro::pot: 0-th energy correction = -0.000785407 kcal/mole
Molpro::pot: 1-th energy correction = 0 kcal/mole
molpro_pot: 0-th energy = -0.00171056 kcal/mol
molpro_pot: 1-th energy = -0.000925154 kcal/mol
molpro_pot: coordinates (angstrom):

C, -0.387483, -0.0959833, -0.053113
H, 0.294279, -0.646916, 0.574731
H, -0.765595, 0.860157, 0.271457
H, -0.688661, -0.499486, -1.00653
H, 5.77368, 1.4291, 0.792747

molpro_pot: interatomic distances matrix (angstrom):

\     C1    H2    H3    H4
H2  1.08
H3  1.08  1.87
H4  1.08  1.87  1.87
H5   6.4  5.86  6.58  6.98

Molpro::pot: 1-th molpro energy = -0.000964631 kcal/mole

Molpro::pot: 0-th energy correction = -0.000785388 kcal/mole
Molpro::pot: 1-th energy correction = 0 kcal/mole
molpro_pot: 0-th energy = -0.00175002 kcal/mol
molpro_pot: 1-th energy = -0.000964631 kcal/mol
molpro_pot: coordinates (angstrom):

C, -0.217906, 0.125036, -0.31454
H, 0.267277, 0.439504, 0.595527
H, -0.50671, 0.856997, -1.05166
H, -0.411468, -0.921217, -0.488921
H, 3.24547, -1.86407, 4.69023

molpro_pot: interatomic distances matrix (angstrom):

\     C1    H2    H3    H4
H2  1.08
H3  1.08  1.87
H4  1.08  1.87  1.87
H5   6.4  5.56  7.38  6.41

Molpro::pot: 1-th molpro energy = -0.00121235 kcal/mole

Molpro::pot: 0-th energy correction = -0.00078563 kcal/mole
Molpro::pot: 1-th energy correction = 0 kcal/mole
molpro_pot: 0-th energy = -0.00199798 kcal/mol
molpro_pot: 1-th energy = -0.00121235 kcal/mol
molpro_pot: coordinates (angstrom):

C, 0.263974, 0.0219253, 0.30295
H, -0.76819, -0.275649, 0.210201
H, 0.571676, 0.650735, 1.12297
H, 0.988806, -0.311646, -0.422218
H, -3.93539, -0.324501, -4.51814

molpro_pot: interatomic distances matrix (angstrom):

\     C1    H2    H3    H4
H2  1.08
H3  1.08  1.87
H4  1.08  1.87  1.87
H5   6.4  5.69  7.29  6.41

Molpro::pot: 1-th molpro energy = -0.00104223 kcal/mole

Molpro::pot: 0-th energy correction = -0.000785846 kcal/mole
Molpro::pot: 1-th energy correction = 0 kcal/mole
molpro_pot: 0-th energy = -0.00182807 kcal/mol
molpro_pot: 1-th energy = -0.00104223 kcal/mol

(6,0)-th SURFACE:

molpro_pot: coordinates (angstrom):

C, 0.0208703, -0.372786, -0.0445835
H, 0.479476, 0.389835, -0.653357
H, 0.584259, -1.24759, 0.237954
H, -0.999702, -0.259298, 0.284163
H, -0.312532, 5.55575, 0.662088

molpro_pot: interatomic distances matrix (angstrom):

\     C1    H2    H3    H4
H2  1.08
H3  1.08  1.87
H4  1.08  1.87  1.87
H5  5.98  5.39  6.88  5.87

Molpro::pot: 1-th molpro energy = -0.00173974 kcal/mole

Molpro::pot: 0-th energy correction = -0.0018317 kcal/mole
Molpro::pot: 1-th energy correction = 0 kcal/mole
molpro_pot: 0-th energy = -0.00357144 kcal/mol
molpro_pot: 1-th energy = -0.00173974 kcal/mol
molpro_pot: coordinates (angstrom):

C, 0.0890281, -0.18344, -0.31576
H, 0.464529, -0.953013, -0.970947
H, 0.657838, 0.110083, 0.551892
H, -0.853394, 0.294659, -0.529728
H, -1.32902, 2.73246, 4.70848

molpro_pot: interatomic distances matrix (angstrom):

\     C1    H2    H3    H4
H2  1.08
H3  1.08  1.87
H4  1.08  1.87  1.87
H5  5.98     7   5.3   5.8

Molpro::pot: 1-th molpro energy = -0.0018716 kcal/mole

Molpro::pot: 0-th energy correction = -0.00183224 kcal/mole
Molpro::pot: 1-th energy correction = 0 kcal/mole
molpro_pot: 0-th energy = -0.00370384 kcal/mol
molpro_pot: 1-th energy = -0.0018716 kcal/mol
molpro_pot: coordinates (angstrom):

C, -0.243659, -0.159796, -0.237624
H, -1.12927, -0.227612, -0.848861
H, 0.718438, -0.00397935, -0.698718
H, -0.320374, -0.244645, 0.834494
H, 3.63242, 2.37889, 3.54243

molpro_pot: interatomic distances matrix (angstrom):

\     C1    H2    H3    H4
H2  1.08
H3  1.08  1.87
H4  1.08  1.87  1.87
H5  5.98  6.98  5.67  5.46

Molpro::pot: 1-th molpro energy = -0.001685 kcal/mole

Molpro::pot: 0-th energy correction = -0.00183181 kcal/mole
Molpro::pot: 1-th energy correction = 0 kcal/mole
molpro_pot: 0-th energy = -0.00351681 kcal/mol
molpro_pot: 1-th energy = -0.001685 kcal/mol
molpro_pot: coordinates (angstrom):

C, 0.318173, 0.194035, 0.0492726
H, -0.67358, -0.228864, 0.0393889
H, 0.489253, 1.15546, 0.506342
H, 1.13916, -0.345568, -0.394952
H, -4.74326, -2.89137, -0.737459

molpro_pot: interatomic distances matrix (angstrom):

\     C1    H2    H3    H4
H2  1.08
H3  1.08  1.87
H4  1.08  1.87  1.87
H5  5.98  4.92  6.73  6.42

Molpro::pot: 1-th molpro energy = -0.00333985 kcal/mole

Molpro::pot: 0-th energy correction = -0.00183209 kcal/mole
Molpro::pot: 1-th energy correction = 0 kcal/mole
molpro_pot: 0-th energy = -0.00517194 kcal/mol
molpro_pot: 1-th energy = -0.00333985 kcal/mol
molpro_pot: coordinates (angstrom):

C, -0.256724, -0.166026, -0.218873
H, 0.703402, -0.285179, 0.257021
H, -1.0036, 0.471015, 0.227082
H, -0.468902, -0.681205, -1.14196
H, 3.82587, 2.47221, 3.26394

molpro_pot: interatomic distances matrix (angstrom):

\     C1    H2    H3    H4
H2  1.08
H3  1.08  1.87
H4  1.08  1.87  1.87
H5  5.98  5.14  6.05  6.91

Molpro::pot: 1-th molpro energy = -0.00229002 kcal/mole

Molpro::pot: 0-th energy correction = -0.00183177 kcal/mole
Molpro::pot: 1-th energy correction = 0 kcal/mole
molpro_pot: 0-th energy = -0.00412179 kcal/mol
molpro_pot: 1-th energy = -0.00229002 kcal/mol

(6,0)-th SURFACE:

molpro_pot: coordinates (angstrom):

C, 0.197813, -0.138386, 0.288258
H, -0.153746, -0.351399, -0.708511
H, 0.336729, 0.883274, 0.603586
H, 0.407446, -0.946519, 0.970531
H, -2.94576, 2.06239, -4.29784

molpro_pot: interatomic distances matrix (angstrom):

\     C1    H2    H3    H4
H2  1.08
H3  1.08  1.87
H4  1.08  1.87  1.87
H5  5.98  5.15  6.02  6.93

Molpro::pot: 1-th molpro energy = -0.00226518 kcal/mole

Molpro::pot: 0-th energy correction = -0.00183179 kcal/mole
Molpro::pot: 1-th energy correction = 0 kcal/mole
molpro_pot: 0-th energy = -0.00409697 kcal/mol
molpro_pot: 1-th energy = -0.00226518 kcal/mol
molpro_pot: coordinates (angstrom):

C, 0.167043, 0.236586, 0.239784
H, 1.16477, 0.280368, 0.646162
H, -0.0156285, -0.287921, -0.684361
H, -0.64829, 0.714431, 0.758838
H, -2.4898, -3.52386, -3.5757

molpro_pot: interatomic distances matrix (angstrom):

\     C1    H2    H3    H4
H2  1.08
H3  1.08  1.87
H4  1.08  1.87  1.87
H5  5.98  6.76     5  6.34

Molpro::pot: 1-th molpro energy = -0.00293911 kcal/mole

Molpro::pot: 0-th energy correction = -0.00183179 kcal/mole
Molpro::pot: 1-th energy correction = 0 kcal/mole
molpro_pot: 0-th energy = -0.0047709 kcal/mol
molpro_pot: 1-th energy = -0.00293911 kcal/mol
molpro_pot: coordinates (angstrom):

C, -0.0051304, 0.199849, 0.318553
H, 0.784816, 0.0916705, -0.407255
H, -0.863497, 0.812189, 0.093241
H, 0.0616849, -0.306537, 1.26809
H, 0.078083, -2.9769, -4.74704

molpro_pot: interatomic distances matrix (angstrom):

\     C1    H2    H3    H4
H2  1.08
H3  1.08  1.87
H4  1.08  1.87  1.87
H5  5.98  5.36  6.22  6.58

Molpro::pot: 1-th molpro energy = -0.00176855 kcal/mole

Molpro::pot: 0-th energy correction = -0.00183145 kcal/mole
Molpro::pot: 1-th energy correction = 0 kcal/mole
molpro_pot: 0-th energy = -0.0036 kcal/mol
molpro_pot: 1-th energy = -0.00176855 kcal/mol
molpro_pot: coordinates (angstrom):

C, 0.039512, 0.219386, 0.302867
H, 0.889353, 0.3609, 0.951141
H, -0.275565, 1.01459, -0.353554
H, -0.493221, -0.717995, 0.308677
H, -0.59103, -3.26969, -4.51245

molpro_pot: interatomic distances matrix (angstrom):

\     C1    H2    H3    H4
H2  1.08
H3  1.08  1.87
H4  1.08  1.87  1.87
H5  5.98  6.72  5.98  5.46

Molpro::pot: 1-th molpro energy = -0.00164851 kcal/mole

Molpro::pot: 0-th energy correction = -0.00183156 kcal/mole
Molpro::pot: 1-th energy correction = 0 kcal/mole
molpro_pot: 0-th energy = -0.00348008 kcal/mol
molpro_pot: 1-th energy = -0.00164851 kcal/mol
molpro_pot: coordinates (angstrom):

C, -0.360379, 0.103633, 0.0259496
H, -0.499202, 1.07836, -0.41355
H, -1.19281, -0.402431, 0.487977
H, 0.609712, -0.366271, 0.000755288
H, 5.37328, -1.5436, -0.38416

molpro_pot: interatomic distances matrix (angstrom):

\     C1    H2    H3    H4
H2  1.08
H3  1.08  1.87
H4  1.08  1.87  1.87
H5  5.98  6.43  6.72  4.92

Molpro::pot: 1-th molpro energy = -0.00334158 kcal/mole

Molpro::pot: 0-th energy correction = -0.00183221 kcal/mole
Molpro::pot: 1-th energy correction = 0 kcal/mole
molpro_pot: 0-th energy = -0.00517379 kcal/mol
molpro_pot: 1-th energy = -0.00334158 kcal/mol

(7,0)-th SURFACE:

molpro_pot: coordinates (angstrom):

C, -0.149845, -0.22779, 0.223711
H, -0.852698, -0.676675, 0.907097
H, -0.465348, 0.0473314, -0.769911
H, 0.867309, -0.0512076, 0.534737
H, 2.23491, 3.39281, -3.33561

molpro_pot: interatomic distances matrix (angstrom):

\     C1    H2    H3    H4
H2  1.08
H3  1.08  1.87
H4  1.08  1.87  1.87
H5  5.61  6.64  5.01  5.36

Molpro::pot: 1-th molpro energy = -0.00310348 kcal/mole

Molpro::pot: 0-th energy correction = -0.00384268 kcal/mole
Molpro::pot: 1-th energy correction = 0 kcal/mole
molpro_pot: 0-th energy = -0.00694616 kcal/mol
molpro_pot: 1-th energy = -0.00310348 kcal/mol
molpro_pot: coordinates (angstrom):

C, -0.176287, 0.119511, -0.280876
H, 0.314476, 0.31478, -1.22084
H, 0.156709, 0.619178, 0.614649
H, -1.00171, -0.572771, -0.236881
H, 2.62955, -1.78419, 4.18742

molpro_pot: interatomic distances matrix (angstrom):

\     C1    H2    H3    H4
H2  1.08
H3  1.08  1.87
H4  1.08  1.87  1.87
H5  5.61  6.25  4.97  5.85

Molpro::pot: 1-th molpro energy = -0.00351557 kcal/mole

Molpro::pot: 0-th energy correction = -0.00384418 kcal/mole
Molpro::pot: 1-th energy correction = 0 kcal/mole
molpro_pot: 0-th energy = -0.00735974 kcal/mol
molpro_pot: 1-th energy = -0.00351557 kcal/mol
molpro_pot: coordinates (angstrom):

C, 0.114715, 0.254767, 0.215134
H, -0.0929962, 1.00025, 0.965881
H, -0.696468, -0.282915, -0.248976
H, 1.13296, 0.0491495, -0.0736954
H, -1.70939, -3.79996, -3.20478

molpro_pot: interatomic distances matrix (angstrom):

\     C1    H2    H3    H4
H2  1.08
H3  1.08  1.87
H4  1.08  1.87  1.87
H5  5.61  6.56   4.7  5.72

Molpro::pot: 1-th molpro energy = -0.00445648 kcal/mole

Molpro::pot: 0-th energy correction = -0.00384311 kcal/mole
Molpro::pot: 1-th energy correction = 0 kcal/mole
molpro_pot: 0-th energy = -0.0082996 kcal/mol
molpro_pot: 1-th energy = -0.00445648 kcal/mol
molpro_pot: coordinates (angstrom):

C, 0.32591, -0.0558726, 0.123033
H, 0.400394, 0.172584, 1.17412
H, 0.294278, -1.08277, -0.204072
H, 0.279948, 0.74217, -0.600525
H, -4.85518, 0.833282, -1.83445

molpro_pot: interatomic distances matrix (angstrom):

\     C1    H2    H3    H4
H2  1.08
H3  1.08  1.87
H4  1.08  1.87  1.87
H5  5.61  6.09  5.73  5.28

Molpro::pot: 1-th molpro energy = -0.00318932 kcal/mole

Molpro::pot: 0-th energy correction = -0.00384172 kcal/mole
Molpro::pot: 1-th energy correction = 0 kcal/mole
molpro_pot: 0-th energy = -0.00703104 kcal/mol
molpro_pot: 1-th energy = -0.00318932 kcal/mol
molpro_pot: coordinates (angstrom):

C, -0.0835926, 0.131573, 0.316191
H, -0.152047, -0.942953, 0.259427
H, -0.67755, 0.671891, 1.03577
H, 0.580811, 0.665416, -0.344188
H, 1.24411, -1.96097, -4.71583

molpro_pot: interatomic distances matrix (angstrom):

\     C1    H2    H3    H4
H2  1.08
H3  1.08  1.87
H4  1.08  1.87  1.87
H5  5.61  5.27  6.61  5.14

Molpro::pot: 1-th molpro energy = -0.00295364 kcal/mole

Molpro::pot: 0-th energy correction = -0.00384391 kcal/mole
Molpro::pot: 1-th energy correction = 0 kcal/mole
molpro_pot: 0-th energy = -0.00679755 kcal/mol
molpro_pot: 1-th energy = -0.00295364 kcal/mol

(8,0)-th SURFACE:

molpro_pot: coordinates (angstrom):

C, -0.124135, -0.232326, -0.203363
H, 0.887264, 0.140608, -0.225873
H, -0.309794, -1.29115, -0.28667
H, -0.949444, 0.452897, -0.0944812
H, 1.85003, 3.46391, 3.02843

molpro_pot: interatomic distances matrix (angstrom):

\     C1    H2    H3    H4
H2  1.08
H3  1.08  1.87
H4  1.08  1.87  1.87
H5  5.29  4.75  6.19  5.16

Molpro::pot: 1-th molpro energy = -0.00567904 kcal/mole

Molpro::pot: 0-th energy correction = -0.00725049 kcal/mole
Molpro::pot: 1-th energy correction = 0 kcal/mole
molpro_pot: 0-th energy = -0.0129295 kcal/mol
molpro_pot: 1-th energy = -0.00567904 kcal/mol
molpro_pot: coordinates (angstrom):

C, 0.120344, 0.289994, 0.110302
H, 0.0622983, -0.575829, 0.750221
H, 1.01507, 0.891515, 0.0977584
H, -0.714754, 0.552514, -0.519155
H, -1.79552, -4.32111, -1.64218

molpro_pot: interatomic distances matrix (angstrom):

\     C1    H2    H3    H4
H2  1.08
H3  1.08  1.87
H4  1.08  1.87  1.87
H5  5.29  4.82  6.17  5.12

Molpro::pot: 1-th molpro energy = -0.00565696 kcal/mole

Molpro::pot: 0-th energy correction = -0.00725039 kcal/mole
Molpro::pot: 1-th energy correction = 0 kcal/mole
molpro_pot: 0-th energy = -0.0129073 kcal/mol
molpro_pot: 1-th energy = -0.00565696 kcal/mol
molpro_pot: coordinates (angstrom):

C, 0.324967, -0.0681731, 0.0226039
H, 1.10712, 0.668768, -0.064963
H, -0.543297, 0.137208, 0.627958
H, 0.40948, -1.0089, -0.497404
H, -4.84263, 1.01465, -0.334733

molpro_pot: interatomic distances matrix (angstrom):

\     C1    H2    H3    H4
H2  1.08
H3  1.08  1.87
H4  1.08  1.87  1.87
H5  5.29  5.97  4.49  5.63

Molpro::pot: 1-th molpro energy = -0.00715881 kcal/mole

Molpro::pot: 0-th energy correction = -0.00725003 kcal/mole
Molpro::pot: 1-th energy correction = 0 kcal/mole
molpro_pot: 0-th energy = -0.0144088 kcal/mol
molpro_pot: 1-th energy = -0.00715881 kcal/mol
molpro_pot: coordinates (angstrom):

C, 0.298986, 0.0717265, -0.126707
H, 0.584237, -0.569913, -0.944904
H, 1.05667, 0.519305, 0.496271
H, -0.743375, 0.268263, 0.0666249
H, -4.45751, -1.07169, 1.89069

molpro_pot: interatomic distances matrix (angstrom):

\     C1    H2    H3    H4
H2  1.08
H3  1.08  1.87
H4  1.08  1.87  1.87
H5  5.29  5.81  5.91  4.35

Molpro::pot: 1-th molpro energy = -0.00794225 kcal/mole

Molpro::pot: 0-th energy correction = -0.00725374 kcal/mole
Molpro::pot: 1-th energy correction = 0 kcal/mole
molpro_pot: 0-th energy = -0.015196 kcal/mol
molpro_pot: 1-th energy = -0.00794225 kcal/mol
molpro_pot: coordinates (angstrom):

C, -0.222623, -0.00474223, -0.24698
H, -0.128355, 0.669883, -1.08275
H, -0.224061, 0.381618, 0.759619
H, -0.318535, -1.06501, -0.417722
H, 3.32168, 0.0699753, 3.6816

molpro_pot: interatomic distances matrix (angstrom):

\     C1    H2    H3    H4
H2  1.08
H3  1.08  1.87
H4  1.08  1.87  1.87
H5  5.29  5.91  4.61   5.6

Molpro::pot: 1-th molpro energy = -0.00690463 kcal/mole

Molpro::pot: 0-th energy correction = -0.00725395 kcal/mole
Molpro::pot: 1-th energy correction = 0 kcal/mole
molpro_pot: 0-th energy = -0.0141586 kcal/mol
molpro_pot: 1-th energy = -0.00690463 kcal/mol

(8,0)-th SURFACE:

molpro_pot: coordinates (angstrom):

C, -0.0558943, 0.327293, 0.0232826
H, 0.818799, 0.165884, -0.586123
H, -0.9658, -0.211573, -0.186985
H, -0.0199094, 1.02495, 0.844561
H, 0.832435, -4.87628, -0.348676

molpro_pot: interatomic distances matrix (angstrom):

\     C1    H2    H3    H4
H2  1.08
H3  1.08  1.87
H4  1.08  1.87  1.87
H5  5.29  5.05     5  6.08

Molpro::pot: 1-th molpro energy = -0.00589412 kcal/mole

Molpro::pot: 0-th energy correction = -0.0072495 kcal/mole
Molpro::pot: 1-th energy correction = 0 kcal/mole
molpro_pot: 0-th energy = -0.0131436 kcal/mol
molpro_pot: 1-th energy = -0.00589412 kcal/mol
molpro_pot: coordinates (angstrom):

C, 0.122252, 0.0749386, 0.300407
H, 0.0273172, 0.970793, -0.292002
H, -0.738368, -0.327357, 0.81032
H, 1.07667, -0.420241, 0.380434
H, -1.82125, -1.11547, -4.47565

molpro_pot: interatomic distances matrix (angstrom):

\     C1    H2    H3    H4
H2  1.08
H3  1.08  1.87
H4  1.08  1.87  1.87
H5  5.29  5.03  5.45   5.7

Molpro::pot: 1-th molpro energy = -0.00683138 kcal/mole

Molpro::pot: 0-th energy correction = -0.00724909 kcal/mole
Molpro::pot: 1-th energy correction = 0 kcal/mole
molpro_pot: 0-th energy = -0.0140805 kcal/mol
molpro_pot: 1-th energy = -0.00683138 kcal/mol
molpro_pot: coordinates (angstrom):

C, 0.180164, 0.241969, 0.140592
H, 0.304558, 0.060189, -0.914869
H, -0.188147, 1.19564, 0.483189
H, 0.421007, -0.530594, 0.853096
H, -2.6826, -3.60632, -2.09542

molpro_pot: interatomic distances matrix (angstrom):

\     C1    H2    H3    H4
H2  1.08
H3  1.08  1.87
H4  1.08  1.87  1.87
H5  5.29  4.87  5.99  5.27

Molpro::pot: 1-th molpro energy = -0.00625077 kcal/mole

Molpro::pot: 0-th energy correction = -0.00724978 kcal/mole
Molpro::pot: 1-th energy correction = 0 kcal/mole
molpro_pot: 0-th energy = -0.0135006 kcal/mol
molpro_pot: 1-th energy = -0.00625077 kcal/mol
molpro_pot: coordinates (angstrom):

C, 0.254816, 0.100131, 0.188849
H, 0.569847, -0.727055, -0.426808
H, 0.859377, 0.409071, 1.02645
H, -0.662806, 0.620218, -0.0347571
H, -3.80047, -1.49447, -2.81348

molpro_pot: interatomic distances matrix (angstrom):

\     C1    H2    H3    H4
H2  1.08
H3  1.08  1.87
H4  1.08  1.87  1.87
H5  5.29  5.04  6.33  4.69

Molpro::pot: 1-th molpro energy = -0.00501025 kcal/mole

Molpro::pot: 0-th energy correction = -0.00725311 kcal/mole
Molpro::pot: 1-th energy correction = 0 kcal/mole
molpro_pot: 0-th energy = -0.0122634 kcal/mol
molpro_pot: 1-th energy = -0.00501025 kcal/mol
molpro_pot: coordinates (angstrom):

C, -0.317188, -0.0506027, -0.086804
H, -0.585878, 0.848213, 0.444658
H, -0.964879, -0.433834, -0.858911
H, 0.600303, -0.564348, 0.151515
H, 4.72716, 0.752487, 1.2963

molpro_pot: interatomic distances matrix (angstrom):

\     C1    H2    H3    H4
H2  1.08
H3  1.08  1.87
H4  1.08  1.87  1.87
H5  5.29  5.38   6.2  4.48

Molpro::pot: 1-th molpro energy = -0.00648845 kcal/mole

Molpro::pot: 0-th energy correction = -0.0072513 kcal/mole
Molpro::pot: 1-th energy correction = 0 kcal/mole
molpro_pot: 0-th energy = -0.0137398 kcal/mol
molpro_pot: 1-th energy = -0.00648845 kcal/mol

(9,0)-th SURFACE:

molpro_pot: coordinates (angstrom):

C, -0.011268, 0.166093, -0.268748
H, 0.452291, -0.559216, 0.380525
H, -0.437768, -0.146802, -1.20828
H, -0.0511257, 1.2034, 0.0226835
H, 0.170769, -2.47502, 4.005

molpro_pot: interatomic distances matrix (angstrom):

\     C1    H2    H3    H4
H2  1.08
H3  1.08  1.87
H4  1.08  1.87  1.87
H5  5.03  4.11  5.74  5.43

Molpro::pot: 1-th molpro energy = -0.0111131 kcal/mole

Molpro::pot: 0-th energy correction = -0.0123082 kcal/mole
Molpro::pot: 1-th energy correction = 0 kcal/mole
molpro_pot: 0-th energy = -0.0234213 kcal/mol
molpro_pot: 1-th energy = -0.0111131 kcal/mol
molpro_pot: coordinates (angstrom):

C, -0.162243, -0.183073, -0.199966
H, -1.08378, -0.614758, -0.556255
H, 0.191439, -0.41189, 0.792542
H, 0.407046, 0.474713, -0.836949
H, 2.41709, 2.73176, 2.98162

molpro_pot: interatomic distances matrix (angstrom):

\     C1    H2    H3    H4
H2  1.08
H3  1.08  1.87
H4  1.08  1.87  1.87
H5  5.03     6  4.43  4.87

Molpro::pot: 1-th molpro energy = -0.00860506 kcal/mole

Molpro::pot: 0-th energy correction = -0.0123126 kcal/mole
Molpro::pot: 1-th energy correction = 0 kcal/mole
molpro_pot: 0-th energy = -0.0209177 kcal/mol
molpro_pot: 1-th energy = -0.00860506 kcal/mol
molpro_pot: coordinates (angstrom):

C, -0.125175, -0.166187, 0.237974
H, 0.590092, 0.332148, -0.396511
H, -1.06625, 0.308436, 0.465206
H, 0.0991285, -1.14009, 0.642604
H, 1.86746, 2.47827, -3.54481

molpro_pot: interatomic distances matrix (angstrom):

\     C1    H2    H3    H4
H2  1.08
H3  1.08  1.87
H4  1.08  1.87  1.87
H5  5.03  4.02  5.42  5.81

Molpro::pot: 1-th molpro energy = -0.01061 kcal/mole

Molpro::pot: 0-th energy correction = -0.012309 kcal/mole
Molpro::pot: 1-th energy correction = 0 kcal/mole
molpro_pot: 0-th energy = -0.022919 kcal/mol
molpro_pot: 1-th energy = -0.01061 kcal/mol
molpro_pot: coordinates (angstrom):

C, 0.133449, 0.0865725, 0.273207
H, 0.499886, -0.295209, 1.21261
H, 0.820301, 0.515721, -0.43854
H, -0.918965, 0.036468, 0.044222
H, -1.99018, -1.28778, -4.07132

molpro_pot: interatomic distances matrix (angstrom):

\     C1    H2    H3    H4
H2  1.08
H3  1.08  1.87
H4  1.08  1.87  1.87
H5  5.03  5.92  4.93  4.45

Molpro::pot: 1-th molpro energy = -0.00958885 kcal/mole

Molpro::pot: 0-th energy correction = -0.0123079 kcal/mole
Molpro::pot: 1-th energy correction = 0 kcal/mole
molpro_pot: 0-th energy = -0.0218967 kcal/mol
molpro_pot: 1-th energy = -0.00958885 kcal/mol
molpro_pot: coordinates (angstrom):

C, -0.104681, -0.0466304, -0.294508
H, 0.789712, -0.610992, -0.504443
H, -0.867538, 0.0544142, -1.04973
H, -0.237672, 0.413943, 0.671259
H, 1.56191, 0.697856, 4.38957

molpro_pot: interatomic distances matrix (angstrom):

\     C1    H2    H3    H4
H2  1.08
H3  1.08  1.87
H4  1.08  1.87  1.87
H5  5.03  5.12  5.99  4.14

Molpro::pot: 1-th molpro energy = -0.00870208 kcal/mole

Molpro::pot: 0-th energy correction = -0.0123109 kcal/mole
Molpro::pot: 1-th energy correction = 0 kcal/mole
molpro_pot: 0-th energy = -0.021013 kcal/mol
molpro_pot: 1-th energy = -0.00870208 kcal/mol

(10,0)-th SURFACE:

molpro_pot: coordinates (angstrom):

C, -0.0635659, 0.0873512, -0.261474
H, 0.626133, 0.828834, -0.631654
H, -0.238245, -0.814919, -0.825313
H, -0.576094, 0.246542, 0.67367
H, 0.945074, -1.30053, 3.89662

molpro_pot: interatomic distances matrix (angstrom):

\     C1    H2    H3    H4
H2  1.08
H3  1.08  1.87
H4  1.08  1.87  1.87
H5   4.5  5.01  4.89  3.89

Molpro::pot: 1-th molpro energy = -0.0433605 kcal/mole

Molpro::pot: 0-th energy correction = -0.0354634 kcal/mole
Molpro::pot: 1-th energy correction = 0 kcal/mole
molpro_pot: 0-th energy = -0.0788239 kcal/mol
molpro_pot: 1-th energy = -0.0433605 kcal/mol
molpro_pot: coordinates (angstrom):

C, -0.0950986, 0.208398, -0.165796
H, -0.482584, 0.964434, -0.829709
H, -0.7671, -0.347429, 0.46823
H, 0.96358, 0.00602987, -0.138075
H, 1.41843, -3.1044, 2.47366

molpro_pot: interatomic distances matrix (angstrom):

\     C1    H2    H3    H4
H2  1.08
H3  1.08  1.87
H4  1.08  1.87  1.87
H5   4.5  5.58  4.05  4.09

Molpro::pot: 1-th molpro energy = -0.0101979 kcal/mole

Molpro::pot: 0-th energy correction = -0.0354731 kcal/mole
Molpro::pot: 1-th energy correction = 0 kcal/mole
molpro_pot: 0-th energy = -0.045671 kcal/mol
molpro_pot: 1-th energy = -0.0101979 kcal/mol
molpro_pot: coordinates (angstrom):

C, -0.195426, 0.182115, -0.0931389
H, -0.695357, -0.484844, -0.777061
H, -0.772719, 0.794484, 0.580846
H, 0.881434, 0.234501, -0.0809597
H, 2.91355, -2.71256, 1.38616

molpro_pot: interatomic distances matrix (angstrom):

\     C1    H2    H3    H4
H2  1.08
H3  1.08  1.87
H4  1.08  1.87  1.87
H5   4.5  4.76  5.15  3.87

Molpro::pot: 1-th molpro energy = -0.039705 kcal/mole

Molpro::pot: 0-th energy correction = -0.0354642 kcal/mole
Molpro::pot: 1-th energy correction = 0 kcal/mole
molpro_pot: 0-th energy = -0.0751693 kcal/mol
molpro_pot: 1-th energy = -0.039705 kcal/mol
molpro_pot: coordinates (angstrom):

C, 0.0506508, -0.277981, -0.0020127
H, -0.0213331, -0.216203, -1.07603
H, -0.714365, -0.788561, 0.560639
H, 0.888846, 0.16791, 0.508997
H, -0.756238, 4.14673, 0.0303608

molpro_pot: interatomic distances matrix (angstrom):

\     C1    H2    H3    H4
H2  1.08
H3  1.08  1.87
H4  1.08  1.87  1.87
H5   4.5  4.56  4.96  4.33

Molpro::pot: 1-th molpro energy = -0.0577916 kcal/mole

Molpro::pot: 0-th energy correction = -0.035488 kcal/mole
Molpro::pot: 1-th energy correction = 0 kcal/mole
molpro_pot: 0-th energy = -0.0932796 kcal/mol
molpro_pot: 1-th energy = -0.0577916 kcal/mol
molpro_pot: coordinates (angstrom):

C, -0.169481, -0.226544, 0.00238388
H, 0.225991, -0.831612, 0.80239
H, -1.18092, 0.143095, 0.0559851
H, 0.447146, 0.0114363, -0.849471
H, 2.52577, 3.37451, -0.0372887

molpro_pot: interatomic distances matrix (angstrom):

\     C1    H2    H3    H4
H2  1.08
H3  1.08  1.87
H4  1.08  1.87  1.87
H5   4.5  4.87  4.92  4.04

Molpro::pot: 1-th molpro energy = -0.0508017 kcal/mole

Molpro::pot: 0-th energy correction = -0.0354618 kcal/mole
Molpro::pot: 1-th energy correction = 0 kcal/mole
molpro_pot: 0-th energy = -0.0862635 kcal/mol
molpro_pot: 1-th energy = -0.0508017 kcal/mol

(10,0)-th SURFACE:

molpro_pot: coordinates (angstrom):

C, -0.266833, -0.0401322, 0.0838928
H, -0.352237, 0.688201, -0.70652
H, -0.02558, 0.27776, 1.08552
H, -0.425641, -1.08562, -0.126475
H, 3.98059, 0.597506, -1.25142

molpro_pot: interatomic distances matrix (angstrom):

\     C1    H2    H3    H4
H2  1.08
H3  1.08  1.87
H4  1.08  1.87  1.87
H5   4.5  4.37  4.65  4.85

Molpro::pot: 1-th molpro energy = -0.0605188 kcal/mole

Molpro::pot: 0-th energy correction = -0.0354873 kcal/mole
Molpro::pot: 1-th energy correction = 0 kcal/mole
molpro_pot: 0-th energy = -0.0960061 kcal/mol
molpro_pot: 1-th energy = -0.0605188 kcal/mol
molpro_pot: coordinates (angstrom):

C, -0.223666, -0.160464, -0.0655002
H, 0.115421, -0.291516, 0.949567
H, -0.584056, 0.80148, -0.393069
H, -0.199522, -0.990137, -0.753673
H, 3.33131, 2.3908, 0.977075

molpro_pot: interatomic distances matrix (angstrom):

\     C1    H2    H3    H4
H2  1.08
H3  1.08  1.87
H4  1.08  1.87  1.87
H5   4.5  4.19  4.44  5.19

Molpro::pot: 1-th molpro energy = -0.0470482 kcal/mole

Molpro::pot: 0-th energy correction = -0.0354601 kcal/mole
Molpro::pot: 1-th energy correction = 0 kcal/mole
molpro_pot: 0-th energy = -0.0825083 kcal/mol
molpro_pot: 1-th energy = -0.0470482 kcal/mol
molpro_pot: coordinates (angstrom):

C, 0.114864, -0.209382, 0.151633
H, -0.845851, 0.26874, 0.0470329
H, 0.686233, -0.467875, -0.725429
H, 0.505546, -0.426167, 1.1329
H, -1.7136, 3.11838, -2.25998

molpro_pot: interatomic distances matrix (angstrom):

\     C1    H2    H3    H4
H2  1.08
H3  1.08  1.87
H4  1.08  1.87  1.87
H5   4.5  3.77  4.58  5.39

Molpro::pot: 1-th molpro energy = -0.0230196 kcal/mole

Molpro::pot: 0-th energy correction = -0.0354649 kcal/mole
Molpro::pot: 1-th energy correction = 0 kcal/mole
molpro_pot: 0-th energy = -0.0584845 kcal/mol
molpro_pot: 1-th energy = -0.0230196 kcal/mol
molpro_pot: coordinates (angstrom):

C, -0.0636121, 0.27527, -0.0122609
H, 0.811817, -0.223489, 0.371637
H, -0.893866, -0.303605, -0.383879
H, -0.110158, 1.35243, -0.0217281
H, 0.949626, -4.10293, 0.179958

molpro_pot: interatomic distances matrix (angstrom):

\     C1    H2    H3    H4
H2  1.08
H3  1.08  1.87
H4  1.08  1.87  1.87
H5   4.5  3.89  4.26  5.56

Molpro::pot: 1-th molpro energy = -0.0100116 kcal/mole

Molpro::pot: 0-th energy correction = -0.035472 kcal/mole
Molpro::pot: 1-th energy correction = 0 kcal/mole
molpro_pot: 0-th energy = -0.0454836 kcal/mol
molpro_pot: 1-th energy = -0.0100116 kcal/mol
molpro_pot: coordinates (angstrom):

C, 0.0275994, 0.267024, 0.0893402
H, -0.466601, -0.620291, 0.451216
H, 1.10409, 0.326675, 0.100829
H, -0.554232, 1.09318, -0.28677
H, -0.411876, -3.97897, -1.32903

molpro_pot: interatomic distances matrix (angstrom):

\     C1    H2    H3    H4
H2  1.08
H3  1.08  1.87
H4  1.08  1.87  1.87
H5   4.5   3.8  4.78  5.18

Molpro::pot: 1-th molpro energy = -0.0356432 kcal/mole

Molpro::pot: 0-th energy correction = -0.0354626 kcal/mole
Molpro::pot: 1-th energy correction = 0 kcal/mole
molpro_pot: 0-th energy = -0.0711058 kcal/mol
molpro_pot: 1-th energy = -0.0356432 kcal/mol

(11,0)-th SURFACE:

molpro_pot: coordinates (angstrom):

C, -0.0597117, -0.128461, -0.225459
H, -0.53417, -1.09066, -0.333012
H, -0.459941, 0.595136, 0.466454
H, 0.816441, 0.109014, -0.807251
H, 0.888647, 1.91608, 3.35831

molpro_pot: interatomic distances matrix (angstrom):

\     C1    H2    H3    H4
H2  1.08
H3  1.08  1.87
H4  1.08  1.87  1.87
H5  4.23  4.97  3.45  4.54

Molpro::pot: 1-th molpro energy = -0.0473866 kcal/mole

Molpro::pot: 0-th energy correction = -0.0602008 kcal/mole
Molpro::pot: 1-th energy correction = 0 kcal/mole
molpro_pot: 0-th energy = -0.107587 kcal/mol
molpro_pot: 1-th energy = -0.0473866 kcal/mol
molpro_pot: coordinates (angstrom):

C, 0.0905452, -0.139788, -0.207399
H, 0.526493, -0.772846, 0.548711
H, 0.606197, 0.0174627, -1.14115
H, -0.862116, 0.333398, -0.0311819
H, -1.34868, 2.08642, 3.09309

molpro_pot: interatomic distances matrix (angstrom):

\     C1    H2    H3    H4
H2  1.08
H3  1.08  1.87
H4  1.08  1.87  1.87
H5  4.23  4.26   5.1  3.62

Molpro::pot: 1-th molpro energy = -0.0487687 kcal/mole

Molpro::pot: 0-th energy correction = -0.0602337 kcal/mole
Molpro::pot: 1-th energy correction = 0 kcal/mole
molpro_pot: 0-th energy = -0.109002 kcal/mol
molpro_pot: 1-th energy = -0.0487687 kcal/mol
molpro_pot: coordinates (angstrom):

C, 0.168431, 0.120443, 0.167066
H, 0.54167, -0.21297, -0.787944
H, -0.585313, -0.454068, 0.681192
H, 0.550934, 1.02633, 0.609319
H, -2.51277, -1.79338, -2.4918

molpro_pot: interatomic distances matrix (angstrom):

\     C1    H2    H3    H4
H2  1.08
H3  1.08  1.87
H4  1.08  1.87  1.87
H5  4.23  3.84  3.95  5.19

Molpro::pot: 1-th molpro energy = -0.0417082 kcal/mole

Molpro::pot: 0-th energy correction = -0.0602263 kcal/mole
Molpro::pot: 1-th energy correction = 0 kcal/mole
molpro_pot: 0-th energy = -0.101934 kcal/mol
molpro_pot: 1-th energy = -0.0417082 kcal/mol
molpro_pot: coordinates (angstrom):

C, -0.201289, -0.160147, 0.0681373
H, -1.21772, -0.500308, 0.185106
H, 0.0323861, 0.886693, 0.177864
H, 0.581722, -0.866862, -0.155404
H, 3.00032, 2.38733, -1.01887

molpro_pot: interatomic distances matrix (angstrom):

\     C1    H2    H3    H4
H2  1.08
H3  1.08  1.87
H4  1.08  1.87  1.87
H5  4.23  5.25  3.53  4.15

Molpro::pot: 1-th molpro energy = -0.0112638 kcal/mole

Molpro::pot: 0-th energy correction = -0.0602217 kcal/mole
Molpro::pot: 1-th energy correction = 0 kcal/mole
molpro_pot: 0-th energy = -0.0714855 kcal/mol
molpro_pot: 1-th energy = -0.0112638 kcal/mol
molpro_pot: coordinates (angstrom):

C, -0.0804991, 0.211128, 0.140778
H, 0.713758, -0.275309, 0.683962
H, -0.205577, 1.27972, 0.211423
H, -0.747553, -0.370282, -0.475276
H, 1.19786, -3.14799, -2.09633

molpro_pot: interatomic distances matrix (angstrom):

\     C1    H2    H3    H4
H2  1.08
H3  1.08  1.87
H4  1.08  1.87  1.87
H5  4.23  4.03  5.19  3.76

Molpro::pot: 1-th molpro energy = -0.0406958 kcal/mole

Molpro::pot: 0-th energy correction = -0.0602066 kcal/mole
Molpro::pot: 1-th energy correction = 0 kcal/mole
molpro_pot: 0-th energy = -0.100902 kcal/mol
molpro_pot: 1-th energy = -0.0406958 kcal/mol

(12,0)-th SURFACE:

molpro_pot: coordinates (angstrom):

C, -0.23933, 0.067521, -0.0193447
H, -1.10142, 0.656678, -0.288059
H, 0.0526943, -0.0192075, 1.01493
H, 0.328759, -0.437272, -0.784184
H, 3.56964, -1.00416, 0.28765

molpro_pot: interatomic distances matrix (angstrom):

\     C1    H2    H3    H4
H2  1.08
H3  1.08  1.87
H4  1.08  1.87  1.87
H5  3.97  4.99  3.72  3.46

Molpro::pot: 1-th molpro energy = -0.0268599 kcal/mole

Molpro::pot: 0-th energy correction = -0.101835 kcal/mole
Molpro::pot: 1-th energy correction = 0 kcal/mole
molpro_pot: 0-th energy = -0.128695 kcal/mol
molpro_pot: 1-th energy = -0.0268599 kcal/mol
molpro_pot: coordinates (angstrom):

C, -0.126543, -0.196792, -0.0863541
H, 0.846693, 0.244355, 0.0575828
H, -0.687112, 0.0157969, -0.982505
H, -0.537823, -0.852728, 0.664057
H, 1.88497, 2.93574, 1.28907

molpro_pot: interatomic distances matrix (angstrom):

\     C1    H2    H3    H4
H2  1.08
H3  1.08  1.87
H4  1.08  1.87  1.87
H5  3.97  3.14  4.51  4.54

Molpro::pot: 1-th molpro energy = -0.0714725 kcal/mole

Molpro::pot: 0-th energy correction = -0.101841 kcal/mole
Molpro::pot: 1-th energy correction = 0 kcal/mole
molpro_pot: 0-th energy = -0.173313 kcal/mol
molpro_pot: 1-th energy = -0.0714725 kcal/mol
molpro_pot: coordinates (angstrom):

C, 0.234421, 0.0490884, 0.0693791
H, 0.8264, 0.924633, -0.143924
H, 0.608316, -0.929341, -0.18635
H, -0.729718, 0.151573, 0.541028
H, -3.49621, -0.731353, -1.03684

molpro_pot: interatomic distances matrix (angstrom):

\     C1    H2    H3    H4
H2  1.08
H3  1.08  1.87
H4  1.08  1.87  1.87
H5  3.97  4.71   4.2   3.3

Molpro::pot: 1-th molpro energy = -0.107334 kcal/mole

Molpro::pot: 0-th energy correction = -0.101849 kcal/mole
Molpro::pot: 1-th energy correction = 0 kcal/mole
molpro_pot: 0-th energy = -0.209183 kcal/mol
molpro_pot: 1-th energy = -0.107334 kcal/mol
molpro_pot: coordinates (angstrom):

C, -0.0560427, 0.238829, 0.0447466
H, 0.527733, 0.191761, 0.950012
H, -0.93453, 0.862497, 0.00213137
H, 0.240188, -0.335087, -0.818613
H, 0.833899, -3.56286, -0.666321

molpro_pot: interatomic distances matrix (angstrom):

\     C1    H2    H3    H4
H2  1.08
H3  1.08  1.87
H4  1.08  1.87  1.87
H5  3.97   4.1  4.81  3.29

Molpro::pot: 1-th molpro energy = -0.0760846 kcal/mole

Molpro::pot: 0-th energy correction = -0.101846 kcal/mole
Molpro::pot: 1-th energy correction = 0 kcal/mole
molpro_pot: 0-th energy = -0.177931 kcal/mol
molpro_pot: 1-th energy = -0.0760846 kcal/mol
molpro_pot: coordinates (angstrom):

C, 0.083423, -0.23336, 0.0303133
H, -0.853767, -0.0308887, 0.523462
H, 0.219465, 0.0439658, -1.00269
H, 0.885386, -0.710151, 0.570727
H, -1.24439, 3.47566, -0.452431

molpro_pot: interatomic distances matrix (angstrom):

\     C1    H2    H3    H4
H2  1.08
H3  1.08  1.87
H4  1.08  1.87  1.87
H5  3.97  3.66  3.77  4.81

Molpro::pot: 1-th molpro energy = -0.128607 kcal/mole

Molpro::pot: 0-th energy correction = -0.101789 kcal/mole
Molpro::pot: 1-th energy correction = 0 kcal/mole
molpro_pot: 0-th energy = -0.230396 kcal/mol
molpro_pot: 1-th energy = -0.128607 kcal/mol
