
(0,0)-th SURFACE:

molpro_pot: coordinates (angstrom):

C, -0.440736, -0.237242, -0.438586
H, -0.0503348, -0.238458, -1.44362
H, -0.733518, -1.16479, 0.0266678
H, -0.535465, 0.690709, 0.102204
H, 6.56709, 3.53734, 6.53692

molpro_pot: interatomic distances matrix (angstrom):

\     C1    H2    H3    H4
H2  1.08
H3  1.08  1.87
H4  1.08  1.87  1.87
H5  10.6    11  10.9    10

Molpro::pot: 1-th molpro energy = -3.86907e-05 kcal/mole

Molpro::pot: 0-th energy correction = -1.8367e-07 kcal/mole
Molpro::pot: 1-th energy correction = 0 kcal/mole
molpro_pot: 0-th energy = -3.88744e-05 kcal/mol
molpro_pot: 1-th energy = -3.86907e-05 kcal/mol
molpro_pot: coordinates (angstrom):

C, -0.0871255, 0.402344, 0.52268
H, -0.153892, -0.661411, 0.35994
H, -0.0789134, 1.07652, -0.318714
H, -0.0317131, 0.792067, 1.52646
H, 1.30191, -5.99781, -7.79115

molpro_pot: interatomic distances matrix (angstrom):

\     C1    H2    H3    H4
H2  1.08
H3  1.08  1.87
H4  1.08  1.87  1.87
H5  10.6  9.85  10.4  11.6

Molpro::pot: 1-th molpro energy = -0.000110164 kcal/mole

Molpro::pot: 0-th energy correction = -1.83732e-07 kcal/mole
Molpro::pot: 1-th energy correction = 0 kcal/mole
molpro_pot: 0-th energy = -0.000110348 kcal/mol
molpro_pot: 1-th energy = -0.000110164 kcal/mol
molpro_pot: coordinates (angstrom):

C, -0.0641163, -0.510973, -0.421573
H, 0.919778, -0.517725, 0.0193589
H, -0.937661, -0.523802, 0.210308
H, -0.174559, -0.488271, -1.49386
H, 0.955863, 7.61386, 6.28379

molpro_pot: interatomic distances matrix (angstrom):

\     C1    H2    H3    H4
H2  1.08
H3  1.08  1.87
H4  1.08  1.87  1.87
H5  10.6  10.3  10.3  11.3

Molpro::pot: 1-th molpro energy = 1.28279e-05 kcal/mole

Molpro::pot: 0-th energy correction = -1.8366e-07 kcal/mole
Molpro::pot: 1-th energy correction = 0 kcal/mole
molpro_pot: 0-th energy = 1.26442e-05 kcal/mol
molpro_pot: 1-th energy = 1.28279e-05 kcal/mol
molpro_pot: coordinates (angstrom):

C, -0.25991, -0.57807, -0.202671
H, -1.19803, -0.97807, 0.147241
H, -0.0550886, 0.476261, -0.108051
H, 0.47443, -1.23252, -0.644216
H, 3.8734, 8.6173, 3.0182

molpro_pot: interatomic distances matrix (angstrom):

\     C1    H2    H3    H4
H2  1.08
H3  1.08  1.87
H4  1.08  1.87  1.87
H5  10.6  11.2  9.56    11

Molpro::pot: 1-th molpro energy = -6.92715e-06 kcal/mole

Molpro::pot: 0-th energy correction = -1.83697e-07 kcal/mole
Molpro::pot: 1-th energy correction = 0 kcal/mole
molpro_pot: 0-th energy = -7.11085e-06 kcal/mol
molpro_pot: 1-th energy = -6.92715e-06 kcal/mol
molpro_pot: coordinates (angstrom):

C, -0.545241, -0.300485, 0.234251
H, -0.495465, -0.844858, -0.695101
H, -0.72567, 0.762487, 0.226867
H, -0.417743, -0.819272, 1.1708
H, 8.13097, 4.47947, -3.49175

molpro_pot: interatomic distances matrix (angstrom):

\     C1    H2    H3    H4
H2  1.08
H3  1.08  1.87
H4  1.08  1.87  1.87
H5  10.6  10.5  10.3  11.1

Molpro::pot: 1-th molpro energy = -2.30399e-05 kcal/mole

Molpro::pot: 0-th energy correction = -1.83791e-07 kcal/mole
Molpro::pot: 1-th energy correction = 0 kcal/mole
molpro_pot: 0-th energy = -2.32237e-05 kcal/mol
molpro_pot: 1-th energy = -2.30399e-05 kcal/mol

(1,0)-th SURFACE:

molpro_pot: coordinates (angstrom):

C, 0.0294221, -0.201214, 0.527592
H, 0.781333, -0.151429, 1.29874
H, -0.530061, -1.11079, 0.378712
H, -0.165177, 0.659142, -0.092441
H, -0.436419, 2.9989, -7.86695

molpro_pot: interatomic distances matrix (angstrom):

\     C1    H2    H3    H4
H2  1.08
H3  1.08  1.87
H4  1.08  1.87  1.87
H5     9  9.77  9.21  8.12

Molpro::pot: 1-th molpro energy = -0.000114522 kcal/mole

Molpro::pot: 0-th energy correction = -4.39705e-06 kcal/mole
Molpro::pot: 1-th energy correction = 0 kcal/mole
molpro_pot: 0-th energy = -0.000118919 kcal/mol
molpro_pot: 1-th energy = -0.000114522 kcal/mol
molpro_pot: coordinates (angstrom):

C, 0.132615, -0.4795, 0.268661
H, 0.469174, -0.788092, 1.2454
H, 0.825191, -0.0235983, -0.420549
H, -0.895338, -0.629516, -0.0200054
H, -1.97805, 7.15053, -4.00375

molpro_pot: interatomic distances matrix (angstrom):

\     C1    H2    H3    H4
H2  1.08
H3  1.08  1.87
H4  1.08  1.87  1.87
H5     9  9.83   8.5  8.81

Molpro::pot: 1-th molpro energy = -0.000123106 kcal/mole

Molpro::pot: 0-th energy correction = -4.39721e-06 kcal/mole
Molpro::pot: 1-th energy correction = 0 kcal/mole
molpro_pot: 0-th energy = -0.000127504 kcal/mol
molpro_pot: 1-th energy = -0.000123106 kcal/mol
molpro_pot: coordinates (angstrom):

C, 0.475824, 0.0494784, -0.302015
H, -0.350902, 0.0829394, -0.993333
H, 0.837497, 0.959288, 0.149602
H, 0.938765, -0.893715, -0.059958
H, -7.09092, -0.737643, 4.49974

molpro_pot: interatomic distances matrix (angstrom):

\     C1    H2    H3    H4
H2  1.08
H3  1.08  1.87
H4  1.08  1.87  1.87
H5     9  8.73   9.2  9.24

Molpro::pot: 1-th molpro energy = -9.5609e-05 kcal/mole

Molpro::pot: 0-th energy correction = -4.39422e-06 kcal/mole
Molpro::pot: 1-th energy correction = 0 kcal/mole
molpro_pot: 0-th energy = -0.000100003 kcal/mol
molpro_pot: 1-th energy = -9.5609e-05 kcal/mol
molpro_pot: coordinates (angstrom):

C, -0.240837, 0.280779, 0.427947
H, -1.04235, 0.882771, 0.0308344
H, 0.0277035, -0.645035, -0.0550363
H, 0.294034, 0.605888, 1.30586
H, 3.58822, -4.18681, -6.37716

molpro_pot: interatomic distances matrix (angstrom):

\     C1    H2    H3    H4
H2  1.08
H3  1.08  1.87
H4  1.08  1.87  1.87
H5     9  9.39  8.07  9.64

Molpro::pot: 1-th molpro energy = -8.44012e-05 kcal/mole

Molpro::pot: 0-th energy correction = -4.39494e-06 kcal/mole
Molpro::pot: 1-th energy correction = 0 kcal/mole
molpro_pot: 0-th energy = -8.87961e-05 kcal/mol
molpro_pot: 1-th energy = -8.44012e-05 kcal/mol
molpro_pot: coordinates (angstrom):

C, -0.294255, 0.0880812, -0.47494
H, -0.851395, 1.00029, -0.333589
H, 0.469658, -0.191663, 0.232661
H, -0.502974, -0.545767, -1.32181
H, 4.38835, -1.31163, 7.07777

molpro_pot: interatomic distances matrix (angstrom):

\     C1    H2    H3    H4
H2  1.08
H3  1.08  1.87
H4  1.08  1.87  1.87
H5     9  9.37  7.97  9.75

Molpro::pot: 1-th molpro energy = -7.43861e-05 kcal/mole

Molpro::pot: 0-th energy correction = -4.39545e-06 kcal/mole
Molpro::pot: 1-th energy correction = 0 kcal/mole
molpro_pot: 0-th energy = -7.87816e-05 kcal/mol
molpro_pot: 1-th energy = -7.43861e-05 kcal/mol

(2,0)-th SURFACE:

molpro_pot: coordinates (angstrom):

C, 0.0642028, 0.412163, -0.3033
H, -0.622756, -0.416357, -0.367775
H, 0.433531, 0.732121, 0.657815
H, 0.384186, 0.918618, -1.19976
H, -0.959414, -6.14194, 4.52106

molpro_pot: interatomic distances matrix (angstrom):

\     C1    H2    H3    H4
H2  1.08
H3  1.08  1.87
H4  1.08  1.87  1.87
H5   8.2  7.54  8.01  9.19

Molpro::pot: 1-th molpro energy = -0.000221336 kcal/mole

Molpro::pot: 0-th energy correction = -2.14988e-05 kcal/mole
Molpro::pot: 1-th energy correction = 0 kcal/mole
molpro_pot: 0-th energy = -0.000242835 kcal/mol
molpro_pot: 1-th energy = -0.000221336 kcal/mol
molpro_pot: coordinates (angstrom):

C, 0.146269, 0.492147, -0.0471012
H, 0.749239, -0.254765, -0.538085
H, -0.396384, 0.241727, 0.850304
H, 0.0883596, 1.48995, -0.451522
H, -2.18281, -7.33683, 0.700129

molpro_pot: interatomic distances matrix (angstrom):

\     C1    H2    H3    H4
H2  1.08
H3  1.08  1.87
H4  1.08  1.87  1.87
H5   8.2  7.76  7.79  9.19

Molpro::pot: 1-th molpro energy = -0.000191355 kcal/mole

Molpro::pot: 0-th energy correction = -2.15059e-05 kcal/mole
Molpro::pot: 1-th energy correction = 0 kcal/mole
molpro_pot: 0-th energy = -0.000212861 kcal/mol
molpro_pot: 1-th energy = -0.000191355 kcal/mol
molpro_pot: coordinates (angstrom):

C, -0.337064, -0.310753, -0.235642
H, -0.328674, 0.193823, -1.18845
H, -0.70773, 0.197724, 0.639902
H, 0.0221521, -1.32445, -0.15887
H, 5.02762, 4.63299, 3.51317

molpro_pot: interatomic distances matrix (angstrom):

\     C1    H2    H3    H4
H2  1.08
H3  1.08  1.87
H4  1.08  1.87  1.87
H5   8.2   8.4   7.8   8.6

Molpro::pot: 1-th molpro energy = -0.000115204 kcal/mole

Molpro::pot: 0-th energy correction = -2.15107e-05 kcal/mole
Molpro::pot: 1-th energy correction = 0 kcal/mole
molpro_pot: 0-th energy = -0.000136715 kcal/mol
molpro_pot: 1-th energy = -0.000115204 kcal/mol
molpro_pot: coordinates (angstrom):

C, 0.194177, 0.413837, -0.238213
H, 0.252755, -0.5786, -0.655529
H, 1.08586, 0.898709, 0.125543
H, -0.755132, 0.922519, -0.187458
H, -2.89551, -6.17012, 3.55381

molpro_pot: interatomic distances matrix (angstrom):

\     C1    H2    H3    H4
H2  1.08
H3  1.08  1.87
H4  1.08  1.87  1.87
H5   8.2  7.67  8.81   8.3

Molpro::pot: 1-th molpro energy = -0.000180987 kcal/mole

Molpro::pot: 0-th energy correction = -2.15105e-05 kcal/mole
Molpro::pot: 1-th energy correction = 0 kcal/mole
molpro_pot: 0-th energy = -0.000202498 kcal/mol
molpro_pot: 1-th energy = -0.000180987 kcal/mol
molpro_pot: coordinates (angstrom):

C, 0.17298, -0.471491, -0.117486
H, -0.875833, -0.229312, -0.0553863
H, 0.576739, -0.887978, -1.02635
H, 0.818471, -0.294419, 0.727799
H, -2.57902, 7.02568, 1.75283

molpro_pot: interatomic distances matrix (angstrom):

\     C1    H2    H3    H4
H2  1.08
H3  1.08  1.87
H4  1.08  1.87  1.87
H5   8.2  7.67  8.96  8.13

Molpro::pot: 1-th molpro energy = -0.00017413 kcal/mole

Molpro::pot: 0-th energy correction = -2.14972e-05 kcal/mole
Molpro::pot: 1-th energy correction = 0 kcal/mole
molpro_pot: 0-th energy = -0.000195627 kcal/mol
molpro_pot: 1-th energy = -0.00017413 kcal/mol

(2,0)-th SURFACE:

molpro_pot: coordinates (angstrom):

C, 0.392106, -0.331834, 0.0437235
H, -0.281475, 0.0982795, 0.767468
H, 1.43623, -0.451878, 0.284366
H, 0.0212487, -0.644665, -0.919149
H, -5.84474, 4.94935, -0.653294

molpro_pot: interatomic distances matrix (angstrom):

\     C1    H2    H3    H4
H2  1.08
H3  1.08  1.87
H4  1.08  1.87  1.87
H5   8.2  7.52  9.11  8.11

Molpro::pot: 1-th molpro energy = -0.000179071 kcal/mole

Molpro::pot: 0-th energy correction = -2.15079e-05 kcal/mole
Molpro::pot: 1-th energy correction = 0 kcal/mole
molpro_pot: 0-th energy = -0.000200579 kcal/mol
molpro_pot: 1-th energy = -0.000179071 kcal/mol
molpro_pot: coordinates (angstrom):

C, 0.0121563, 0.513003, -0.0492005
H, 0.146889, 0.213934, -1.07629
H, 0.516824, 1.38811, 0.327639
H, -0.629392, -0.0609445, 0.600046
H, -0.179064, -7.64934, 0.734431

molpro_pot: interatomic distances matrix (angstrom):

\     C1    H2    H3    H4
H2  1.08
H3  1.08  1.87
H4  1.08  1.87  1.87
H5   8.2  8.08  9.07   7.6

Molpro::pot: 1-th molpro energy = -0.000114493 kcal/mole

Molpro::pot: 0-th energy correction = -2.15093e-05 kcal/mole
Molpro::pot: 1-th energy correction = 0 kcal/mole
molpro_pot: 0-th energy = -0.000136002 kcal/mol
molpro_pot: 1-th energy = -0.000114493 kcal/mol
molpro_pot: coordinates (angstrom):

C, -0.0868664, 0.278573, -0.425343
H, -0.605344, -0.185885, -1.24873
H, -0.578267, 0.387093, 0.528213
H, 0.923688, 0.631609, -0.554439
H, 1.29423, -4.14974, 6.33944

molpro_pot: interatomic distances matrix (angstrom):

\     C1    H2    H3    H4
H2  1.08
H3  1.08  1.87
H4  1.08  1.87  1.87
H5   8.2  8.77  7.61   8.4

Molpro::pot: 1-th molpro energy = -0.00014899 kcal/mole

Molpro::pot: 0-th energy correction = -2.14957e-05 kcal/mole
Molpro::pot: 1-th energy correction = 0 kcal/mole
molpro_pot: 0-th energy = -0.000170486 kcal/mol
molpro_pot: 1-th energy = -0.00014899 kcal/mol
molpro_pot: coordinates (angstrom):

C, 0.374104, 0.11387, 0.335929
H, -0.288818, -0.696452, 0.593665
H, -0.0301509, 1.04914, -0.0167312
H, 1.44071, -0.00984706, 0.433715
H, -5.57614, -1.69867, -5.0105

molpro_pot: interatomic distances matrix (angstrom):

\     C1    H2    H3    H4
H2  1.08
H3  1.08  1.87
H4  1.08  1.87  1.87
H5   8.2  7.77  7.95  9.04

Molpro::pot: 1-th molpro energy = -0.000176936 kcal/mole

Molpro::pot: 0-th energy correction = -2.15081e-05 kcal/mole
Molpro::pot: 1-th energy correction = 0 kcal/mole
molpro_pot: 0-th energy = -0.000198444 kcal/mol
molpro_pot: 1-th energy = -0.000176936 kcal/mol
molpro_pot: coordinates (angstrom):

C, 0.319121, -0.347763, -0.207447
H, -0.35745, 0.48758, -0.290926
H, 0.247471, -1.17034, -0.900814
H, 1.06908, -0.359208, 0.567114
H, -4.75882, 5.18272, 3.09466

molpro_pot: interatomic distances matrix (angstrom):

\     C1    H2    H3    H4
H2  1.08
H3  1.08  1.87
H4  1.08  1.87  1.87
H5   8.2  7.27  9.02  8.43

Molpro::pot: 1-th molpro energy = -0.000207128 kcal/mole

Molpro::pot: 0-th energy correction = -2.15063e-05 kcal/mole
Molpro::pot: 1-th energy correction = 0 kcal/mole
molpro_pot: 0-th energy = -0.000228634 kcal/mol
molpro_pot: 1-th energy = -0.000207128 kcal/mol

(3,0)-th SURFACE:

molpro_pot: coordinates (angstrom):

C, -0.252884, -0.154967, -0.367687
H, -0.378962, -0.704054, -1.28699
H, -1.11697, 0.202391, 0.169125
H, 0.736707, 0.0340675, 0.0163656
H, 3.77028, 2.31277, 5.47949

molpro_pot: interatomic distances matrix (angstrom):

\     C1    H2    H3    H4
H2  1.08
H3  1.08  1.87
H4  1.08  1.87  1.87
H5  7.51  8.49  7.52  6.65

Molpro::pot: 1-th molpro energy = -0.000332089 kcal/mole

Molpro::pot: 0-th energy correction = -8.51172e-05 kcal/mole
Molpro::pot: 1-th energy correction = 0 kcal/mole
molpro_pot: 0-th energy = -0.000417207 kcal/mol
molpro_pot: 1-th energy = -0.000332089 kcal/mol
molpro_pot: coordinates (angstrom):

C, -0.441896, -0.166192, -0.00999258
H, -0.745558, -1.15296, -0.320787
H, -0.554765, 0.668934, -0.682558
H, -0.028397, -0.0139567, 0.974062
H, 6.5903, 2.47681, 0.148263

molpro_pot: interatomic distances matrix (angstrom):

\     C1    H2    H3    H4
H2  1.08
H3  1.08  1.87
H4  1.08  1.87  1.87
H5  7.51   8.2  7.42  7.12

Molpro::pot: 1-th molpro energy = -0.000313171 kcal/mole

Molpro::pot: 0-th energy correction = -8.51473e-05 kcal/mole
Molpro::pot: 1-th energy correction = 0 kcal/mole
molpro_pot: 0-th energy = -0.000398318 kcal/mol
molpro_pot: 1-th energy = -0.000313171 kcal/mol
molpro_pot: coordinates (angstrom):

C, 0.213232, -0.296543, -0.299666
H, 0.151539, 0.778114, -0.361483
H, -0.139166, -0.806451, 0.582563
H, 0.624281, -0.861406, -1.12094
H, -3.17558, 4.42063, 4.46793

molpro_pot: interatomic distances matrix (angstrom):

\     C1    H2    H3    H4
H2  1.08
H3  1.08  1.87
H4  1.08  1.87  1.87
H5  7.51   6.9  7.19  8.58

Molpro::pot: 1-th molpro energy = -0.000351402 kcal/mole

Molpro::pot: 0-th energy correction = -8.51088e-05 kcal/mole
Molpro::pot: 1-th energy correction = 0 kcal/mole
molpro_pot: 0-th energy = -0.00043651 kcal/mol
molpro_pot: 1-th energy = -0.000351402 kcal/mol
molpro_pot: coordinates (angstrom):

C, 0.0862729, 0.458385, 0.0746425
H, 0.0993062, 1.5332, 0.158947
H, 1.01281, -0.0930215, 0.0724387
H, -0.85297, -0.0651696, -0.00431247
H, -1.28638, -6.83292, -1.11583

molpro_pot: interatomic distances matrix (angstrom):

\     C1    H2    H3    H4
H2  1.08
H3  1.08  1.87
H4  1.08  1.87  1.87
H5  7.51  8.58  7.22  6.87

Molpro::pot: 1-th molpro energy = -0.00032344 kcal/mole

Molpro::pot: 0-th energy correction = -8.51222e-05 kcal/mole
Molpro::pot: 1-th energy correction = 0 kcal/mole
molpro_pot: 0-th energy = -0.000408562 kcal/mol
molpro_pot: 1-th energy = -0.00032344 kcal/mol
molpro_pot: coordinates (angstrom):

C, -0.242271, 0.104303, 0.391718
H, -0.467195, -0.503143, -0.470218
H, -0.493957, 1.15272, 0.39233
H, 0.23133, -0.337035, 1.25395
H, 3.6145, -1.55445, -5.84018

molpro_pot: interatomic distances matrix (angstrom):

\     C1    H2    H3    H4
H2  1.08
H3  1.08  1.87
H4  1.08  1.87  1.87
H5  7.51  6.83  7.94  7.95

Molpro::pot: 1-th molpro energy = -0.000362048 kcal/mole

Molpro::pot: 0-th energy correction = -8.51427e-05 kcal/mole
Molpro::pot: 1-th energy correction = 0 kcal/mole
molpro_pot: 0-th energy = -0.000447191 kcal/mol
molpro_pot: 1-th energy = -0.000362048 kcal/mol

(4,0)-th SURFACE:

molpro_pot: coordinates (angstrom):

C, 0.1796, 0.0867197, 0.383825
H, -0.0283743, 0.959223, -0.214506
H, -0.243604, -0.866746, 0.11121
H, 0.813011, 0.166906, 1.25266
H, -2.6795, -1.29194, -5.71951

molpro_pot: interatomic distances matrix (angstrom):

\     C1    H2    H3    H4
H2  1.08
H3  1.08  1.87
H4  1.08  1.87  1.87
H5  6.88  6.51  6.33  7.93

Molpro::pot: 1-th molpro energy = -0.000560712 kcal/mole

Molpro::pot: 0-th energy correction = -0.000303046 kcal/mole
Molpro::pot: 1-th energy correction = 0 kcal/mole
molpro_pot: 0-th energy = -0.000863758 kcal/mol
molpro_pot: 1-th energy = -0.000560712 kcal/mol
molpro_pot: coordinates (angstrom):

C, 0.270475, 0.305362, 0.143115
H, -0.285925, 0.89719, 0.85211
H, 0.837352, 0.789879, -0.63561
H, 0.262585, -0.77044, 0.214588
H, -4.03452, -4.55253, -2.13513

molpro_pot: interatomic distances matrix (angstrom):

\     C1    H2    H3    H4
H2  1.08
H3  1.08  1.87
H4  1.08  1.87  1.87
H5  6.88  7.26  7.38  6.19

Molpro::pot: 1-th molpro energy = -0.000598911 kcal/mole

Molpro::pot: 0-th energy correction = -0.000303196 kcal/mole
Molpro::pot: 1-th energy correction = 0 kcal/mole
molpro_pot: 0-th energy = -0.000902107 kcal/mol
molpro_pot: 1-th energy = -0.000598911 kcal/mol
molpro_pot: coordinates (angstrom):

C, -0.297976, 0.202229, -0.239742
H, -1.11365, 0.855233, 0.0262969
H, 0.647528, 0.619225, -0.547402
H, -0.426656, -0.86734, -0.195204
H, 4.44073, -3.01503, 3.57088

molpro_pot: interatomic distances matrix (angstrom):

\     C1    H2    H3    H4
H2  1.08
H3  1.08  1.87
H4  1.08  1.87  1.87
H5  6.88  7.64  6.68  6.52

Molpro::pot: 1-th molpro energy = -0.000545419 kcal/mole

Molpro::pot: 0-th energy correction = -0.000303001 kcal/mole
Molpro::pot: 1-th energy correction = 0 kcal/mole
molpro_pot: 0-th energy = -0.00084842 kcal/mol
molpro_pot: 1-th energy = -0.000545419 kcal/mol
molpro_pot: coordinates (angstrom):

C, -0.307354, 0.304137, 0.000903797
H, -0.777006, -0.0737899, 0.894836
H, 0.208801, -0.37073, -0.662916
H, -0.356423, 1.356, -0.230815
H, 4.58424, -4.53279, -0.0118656

molpro_pot: interatomic distances matrix (angstrom):

\     C1    H2    H3    H4
H2  1.08
H3  1.08  1.87
H4  1.08  1.87  1.87
H5  6.88  7.03  6.07  7.69

Molpro::pot: 1-th molpro energy = -0.000632383 kcal/mole

Molpro::pot: 0-th energy correction = -0.000303138 kcal/mole
Molpro::pot: 1-th energy correction = 0 kcal/mole
molpro_pot: 0-th energy = -0.000935521 kcal/mol
molpro_pot: 1-th energy = -0.000632383 kcal/mol
molpro_pot: coordinates (angstrom):

C, -0.287272, -0.110079, -0.303872
H, -0.429744, 0.858468, -0.755683
H, -0.921986, -0.934715, -0.586064
H, 0.491558, -0.254826, 0.42756
H, 4.28068, 1.64176, 4.53233

molpro_pot: interatomic distances matrix (angstrom):

\     C1    H2    H3    H4
H2  1.08
H3  1.08  1.87
H4  1.08  1.87  1.87
H5  6.88  7.12  7.74   5.9

Molpro::pot: 1-th molpro energy = -0.000742576 kcal/mole

Molpro::pot: 0-th energy correction = -0.000303129 kcal/mole
Molpro::pot: 1-th energy correction = 0 kcal/mole
molpro_pot: 0-th energy = -0.0010457 kcal/mol
molpro_pot: 1-th energy = -0.000742576 kcal/mol

(5,0)-th SURFACE:

molpro_pot: coordinates (angstrom):

C, -0.362048, -0.17209, -0.0349152
H, -0.0410687, 0.857048, -0.0539607
H, -0.862551, -0.564201, 0.835868
H, -0.185421, -0.808112, -0.887441
H, 5.39988, 2.56431, 0.521263

molpro_pot: interatomic distances matrix (angstrom):

\     C1    H2    H3    H4
H2  1.08
H3  1.08  1.87
H4  1.08  1.87  1.87
H5   6.4  5.73  7.01  6.67

Molpro::pot: 1-th molpro energy = -0.00102156 kcal/mole

Molpro::pot: 0-th energy correction = -0.000785904 kcal/mole
Molpro::pot: 1-th energy correction = 0 kcal/mole
molpro_pot: 0-th energy = -0.00180747 kcal/mol
molpro_pot: 1-th energy = -0.00102156 kcal/mol
molpro_pot: coordinates (angstrom):

C, 0.197878, 0.349211, -0.0307985
H, -0.386168, 0.107036, 0.842561
H, 0.232927, -0.336163, -0.862395
H, 0.744202, 1.27775, -0.0739382
H, -2.94706, -5.20662, 0.460484

molpro_pot: interatomic distances matrix (angstrom):

\     C1    H2    H3    H4
H2  1.08
H3  1.08  1.87
H4  1.08  1.87  1.87
H5   6.4  5.91  5.97  7.48

Molpro::pot: 1-th molpro energy = -0.000967484 kcal/mole

Molpro::pot: 0-th energy correction = -0.000785631 kcal/mole
Molpro::pot: 1-th energy correction = 0 kcal/mole
molpro_pot: 0-th energy = -0.00175312 kcal/mol
molpro_pot: 1-th energy = -0.000967484 kcal/mol
molpro_pot: coordinates (angstrom):

C, 0.0100441, 0.2532, -0.312521
H, -0.919055, 0.300136, 0.232536
H, 0.0453545, -0.228773, -1.27635
H, 0.902851, 0.690738, 0.104584
H, -0.148744, -3.77691, 4.66036

molpro_pot: interatomic distances matrix (angstrom):

\     C1    H2    H3    H4
H2  1.08
H3  1.08  1.87
H4  1.08  1.87  1.87
H5   6.4  6.07  6.92  6.47

Molpro::pot: 1-th molpro energy = -0.000836033 kcal/mole

Molpro::pot: 0-th energy correction = -0.000785968 kcal/mole
Molpro::pot: 1-th energy correction = 0 kcal/mole
molpro_pot: 0-th energy = -0.001622 kcal/mol
molpro_pot: 1-th energy = -0.000836033 kcal/mol
molpro_pot: coordinates (angstrom):

C, -0.0737783, -0.339395, -0.203471
H, -0.0506772, -0.110923, -1.25693
H, -0.134055, -1.36486, 0.124106
H, -0.0334992, 0.457, 0.522238
H, 1.0967, 5.0599, 3.03329

molpro_pot: interatomic distances matrix (angstrom):

\     C1    H2    H3    H4
H2  1.08
H3  1.08  1.87
H4  1.08  1.87  1.87
H5   6.4  6.82  7.16  5.36

Molpro::pot: 1-th molpro energy = -0.00155637 kcal/mole

Molpro::pot: 0-th energy correction = -0.00078567 kcal/mole
Molpro::pot: 1-th energy correction = 0 kcal/mole
molpro_pot: 0-th energy = -0.00234204 kcal/mol
molpro_pot: 1-th energy = -0.00155637 kcal/mol
molpro_pot: coordinates (angstrom):

C, -0.349517, -0.175595, -0.0944533
H, -0.444626, -1.14436, 0.369192
H, -0.71904, -0.0187395, -1.09514
H, 0.112114, 0.636882, 0.443413
H, 5.21319, 2.61699, 1.40717

molpro_pot: interatomic distances matrix (angstrom):

\     C1    H2    H3    H4
H2  1.08
H3  1.08  1.87
H4  1.08  1.87  1.87
H5   6.4  6.87  6.96  5.56

Molpro::pot: 1-th molpro energy = -0.00126107 kcal/mole

Molpro::pot: 0-th energy correction = -0.000785896 kcal/mole
Molpro::pot: 1-th energy correction = 0 kcal/mole
molpro_pot: 0-th energy = -0.00204696 kcal/mol
molpro_pot: 1-th energy = -0.00126107 kcal/mol

(5,0)-th SURFACE:

molpro_pot: coordinates (angstrom):

C, 0.0639829, -0.178913, 0.354707
H, -0.938651, -0.554116, 0.226399
H, 0.264716, 0.873616, 0.234676
H, 0.865074, -0.855398, 0.605989
H, -0.952972, 2.66619, -5.2905

molpro_pot: interatomic distances matrix (angstrom):

\     C1    H2    H3    H4
H2  1.08
H3  1.08  1.87
H4  1.08  1.87  1.87
H5   6.4  6.39  5.93   7.1

Molpro::pot: 1-th molpro energy = -0.000919229 kcal/mole

Molpro::pot: 0-th energy correction = -0.000785888 kcal/mole
Molpro::pot: 1-th energy correction = 0 kcal/mole
molpro_pot: 0-th energy = -0.00170512 kcal/mol
molpro_pot: 1-th energy = -0.000919229 kcal/mol
molpro_pot: coordinates (angstrom):

C, -0.0931741, 0.373782, -0.117116
H, 0.881888, 0.248482, 0.325681
H, -0.612708, -0.478063, -0.525727
H, -0.549951, 1.34994, -0.148564
H, 1.39018, -5.57092, 1.74309

molpro_pot: interatomic distances matrix (angstrom):

\     C1    H2    H3    H4
H2  1.08
H3  1.08  1.87
H4  1.08  1.87  1.87
H5   6.4  6.01  5.92  7.43

Molpro::pot: 1-th molpro energy = -0.000961672 kcal/mole

Molpro::pot: 0-th energy correction = -0.000785517 kcal/mole
Molpro::pot: 1-th energy correction = 0 kcal/mole
molpro_pot: 0-th energy = -0.00174719 kcal/mol
molpro_pot: 1-th energy = -0.000961672 kcal/mol
molpro_pot: coordinates (angstrom):

C, 0.370903, 0.0908176, -0.127587
H, -0.0292533, -0.0224318, -1.12236
H, -0.295643, 0.145582, 0.718129
H, 1.43726, 0.146177, 0.0218379
H, -5.52864, -1.35068, 1.90155

molpro_pot: interatomic distances matrix (angstrom):

\     C1    H2    H3    H4
H2  1.08
H3  1.08  1.87
H4  1.08  1.87  1.87
H5   6.4  6.41  5.57  7.37

Molpro::pot: 1-th molpro energy = -0.00118451 kcal/mole

Molpro::pot: 0-th energy correction = -0.000785548 kcal/mole
Molpro::pot: 1-th energy correction = 0 kcal/mole
molpro_pot: 0-th energy = -0.00197006 kcal/mol
molpro_pot: 1-th energy = -0.00118451 kcal/mol
molpro_pot: coordinates (angstrom):

C, -0.30948, -0.0424771, 0.254123
H, -0.016399, -1.06802, 0.0964178
H, -0.33391, 0.363278, 1.25276
H, -0.575056, 0.578056, -0.586668
H, 4.61029, 0.632458, -3.78832

molpro_pot: interatomic distances matrix (angstrom):

\     C1    H2    H3    H4
H2  1.08
H3  1.08  1.87
H4  1.08  1.87  1.87
H5   6.4  6.28  7.07  6.09

Molpro::pot: 1-th molpro energy = -0.000795592 kcal/mole

Molpro::pot: 0-th energy correction = -0.00078542 kcal/mole
Molpro::pot: 1-th energy correction = 0 kcal/mole
molpro_pot: 0-th energy = -0.00158101 kcal/mol
molpro_pot: 1-th energy = -0.000795592 kcal/mol
molpro_pot: coordinates (angstrom):

C, -0.0574844, -0.204743, -0.341669
H, 0.424574, -1.04446, -0.816026
H, -0.592735, 0.516553, -0.938123
H, -0.00700852, -0.0879449, 0.729
H, 0.859626, 3.0537, 5.09334

molpro_pot: interatomic distances matrix (angstrom):

\     C1    H2    H3    H4
H2  1.08
H3  1.08  1.87
H4  1.08  1.87  1.87
H5   6.4   7.2   6.7  5.45

Molpro::pot: 1-th molpro energy = -0.00142098 kcal/mole

Molpro::pot: 0-th energy correction = -0.000785808 kcal/mole
Molpro::pot: 1-th energy correction = 0 kcal/mole
molpro_pot: 0-th energy = -0.00220679 kcal/mol
molpro_pot: 1-th energy = -0.00142098 kcal/mol

(6,0)-th SURFACE:

molpro_pot: coordinates (angstrom):

C, -0.0432218, 0.358479, 0.10462
H, 0.154553, -0.128418, 1.04607
H, -0.184769, -0.230667, -0.787227
H, -0.102524, 1.43393, 0.055479
H, 0.647375, -5.34319, -1.56002

molpro_pot: interatomic distances matrix (angstrom):

\     C1    H2    H3    H4
H2  1.08
H3  1.08  1.87
H4  1.08  1.87  1.87
H5  5.98  5.85  5.24  7.01

Molpro::pot: 1-th molpro energy = -0.00201624 kcal/mole

Molpro::pot: 0-th energy correction = -0.00183205 kcal/mole
Molpro::pot: 1-th energy correction = 0 kcal/mole
molpro_pot: 0-th energy = -0.00384828 kcal/mol
molpro_pot: 1-th energy = -0.00201624 kcal/mol
molpro_pot: coordinates (angstrom):

C, 0.255821, 0.258767, 0.0948796
H, -0.642642, 0.461469, 0.655407
H, 0.474647, -0.74678, -0.226851
H, 0.933704, 1.0617, -0.146551
H, -3.81172, -3.85748, -1.41172

molpro_pot: interatomic distances matrix (angstrom):

\     C1    H2    H3    H4
H2  1.08
H3  1.08  1.87
H4  1.08  1.87  1.87
H5  5.98  5.74  5.43  6.95

Molpro::pot: 1-th molpro energy = -0.00168609 kcal/mole

Molpro::pot: 0-th energy correction = -0.00183163 kcal/mole
Molpro::pot: 1-th energy correction = 0 kcal/mole
molpro_pot: 0-th energy = -0.00351772 kcal/mol
molpro_pot: 1-th energy = -0.00168609 kcal/mol
molpro_pot: coordinates (angstrom):

C, 0.269774, 0.0123198, 0.261532
H, 0.153058, 0.295568, -0.77223
H, -0.529275, -0.499711, 0.773257
H, 1.1863, 0.238197, 0.78257
H, -4.02223, -0.180743, -3.89761

molpro_pot: interatomic distances matrix (angstrom):

\     C1    H2    H3    H4
H2  1.08
H3  1.08  1.87
H4  1.08  1.87  1.87
H5  5.98  5.24  5.84  7.01

Molpro::pot: 1-th molpro energy = -0.00199894 kcal/mole

Molpro::pot: 0-th energy correction = -0.00183201 kcal/mole
Molpro::pot: 1-th energy correction = 0 kcal/mole
molpro_pot: 0-th energy = -0.00383095 kcal/mol
molpro_pot: 1-th energy = -0.00199894 kcal/mol
molpro_pot: coordinates (angstrom):

C, -0.110259, 0.0426079, -0.356921
H, 0.390423, 0.443889, 0.509569
H, -0.200089, -1.02466, -0.481012
H, -0.523701, 0.708252, -1.09753
H, 1.64621, -0.634811, 5.31878

molpro_pot: interatomic distances matrix (angstrom):

\     C1    H2    H3    H4
H2  1.08
H3  1.08  1.87
H4  1.08  1.87  1.87
H5  5.98  5.09   6.1  6.91

Molpro::pot: 1-th molpro energy = -0.00250955 kcal/mole

Molpro::pot: 0-th energy correction = -0.00183183 kcal/mole
Molpro::pot: 1-th energy correction = 0 kcal/mole
molpro_pot: 0-th energy = -0.00434138 kcal/mol
molpro_pot: 1-th energy = -0.00250955 kcal/mol
molpro_pot: coordinates (angstrom):

C, 0.3135, -0.167817, 0.121567
H, -0.553638, -0.662105, 0.529325
H, 1.23314, -0.142374, 0.683817
H, 0.26204, 0.298188, -0.849367
H, -4.67434, 2.50446, -1.81125

molpro_pot: interatomic distances matrix (angstrom):

\     C1    H2    H3    H4
H2  1.08
H3  1.08  1.87
H4  1.08  1.87  1.87
H5  5.98   5.7  6.94  5.49

Molpro::pot: 1-th molpro energy = -0.0016187 kcal/mole

Molpro::pot: 0-th energy correction = -0.00183252 kcal/mole
Molpro::pot: 1-th energy correction = 0 kcal/mole
molpro_pot: 0-th energy = -0.00345122 kcal/mol
molpro_pot: 1-th energy = -0.0016187 kcal/mol

(7,0)-th SURFACE:

molpro_pot: coordinates (angstrom):

C, 0.252717, -0.0543357, 0.239765
H, 0.958431, 0.0921697, 1.04165
H, 0.412734, 0.424684, -0.712838
H, -0.611062, -0.682063, 0.389316
H, -3.76916, 0.812175, -3.57297

molpro_pot: interatomic distances matrix (angstrom):

\     C1    H2    H3    H4
H2  1.08
H3  1.08  1.87
H4  1.08  1.87  1.87
H5  5.61  6.65  5.08  5.28

Molpro::pot: 1-th molpro energy = -0.0029709 kcal/mole

Molpro::pot: 0-th energy correction = -0.00384359 kcal/mole
Molpro::pot: 1-th energy correction = 0 kcal/mole
molpro_pot: 0-th energy = -0.00681449 kcal/mol
molpro_pot: 1-th energy = -0.0029709 kcal/mol
molpro_pot: coordinates (angstrom):

C, -0.238308, -0.184948, -0.182473
H, -0.595505, 0.17837, -1.1327
H, 0.0177366, 0.512301, 0.599067
H, -0.140096, -1.24516, -0.0126703
H, 3.55536, 2.75662, 2.71897

molpro_pot: interatomic distances matrix (angstrom):

\     C1    H2    H3    H4
H2  1.08
H3  1.08  1.87
H4  1.08  1.87  1.87
H5  5.61  6.22   4.7  6.09

Molpro::pot: 1-th molpro energy = -0.00485747 kcal/mole

Molpro::pot: 0-th energy correction = -0.00384373 kcal/mole
Molpro::pot: 1-th energy correction = 0 kcal/mole
molpro_pot: 0-th energy = -0.0087012 kcal/mol
molpro_pot: 1-th energy = -0.00485747 kcal/mol
molpro_pot: coordinates (angstrom):

C, -0.350518, 0.00112937, 0.0367103
H, -0.0692752, -1.02258, -0.151514
H, -0.516993, 0.674487, -0.788756
H, -0.46829, 0.350641, 1.04987
H, 5.22811, -0.0159917, -0.546703

molpro_pot: interatomic distances matrix (angstrom):

\     C1    H2    H3    H4
H2  1.08
H3  1.08  1.87
H4  1.08  1.87  1.87
H5  5.61  5.41  5.79  5.93

Molpro::pot: 1-th molpro energy = -0.003107 kcal/mole

Molpro::pot: 0-th energy correction = -0.00384461 kcal/mole
Molpro::pot: 1-th energy correction = 0 kcal/mole
molpro_pot: 0-th energy = -0.0069516 kcal/mol
molpro_pot: 1-th energy = -0.003107 kcal/mol
molpro_pot: coordinates (angstrom):

C, -0.077741, -0.225867, 0.25964
H, 0.0553645, 0.496096, 1.0493
H, -0.655458, 0.0313639, -0.613626
H, 0.369223, -1.20363, 0.341686
H, 1.15652, 3.36552, -3.86885

molpro_pot: interatomic distances matrix (angstrom):

\     C1    H2    H3    H4
H2  1.08
H3  1.08  1.87
H4  1.08  1.87  1.87
H5  5.61   5.8     5  6.26

Molpro::pot: 1-th molpro energy = -0.0034913 kcal/mole

Molpro::pot: 0-th energy correction = -0.00384177 kcal/mole
Molpro::pot: 1-th energy correction = 0 kcal/mole
molpro_pot: 0-th energy = -0.00733307 kcal/mol
molpro_pot: 1-th energy = -0.0034913 kcal/mol
molpro_pot: coordinates (angstrom):

C, -0.304798, 0.176548, -0.0197639
H, 0.0535034, 0.414167, 0.969009
H, 0.383708, 0.144339, -0.848884
H, -1.35063, -0.0318339, -0.178937
H, 4.5426, -2.6288, 0.294137

molpro_pot: interatomic distances matrix (angstrom):

\     C1    H2    H3    H4
H2  1.08
H3  1.08  1.87
H4  1.08  1.87  1.87
H5  5.61  5.47  5.13  6.46

Molpro::pot: 1-th molpro energy = -0.00308255 kcal/mole

Molpro::pot: 0-th energy correction = -0.00384188 kcal/mole
Molpro::pot: 1-th energy correction = 0 kcal/mole
molpro_pot: 0-th energy = -0.00692443 kcal/mol
molpro_pot: 1-th energy = -0.00308255 kcal/mol

(7,0)-th SURFACE:

molpro_pot: coordinates (angstrom):

C, 0.156635, -0.0353361, -0.313763
H, -0.115962, -0.930012, 0.222671
H, 1.18743, 0.143304, -0.574666
H, -0.601578, 0.678979, -0.591952
H, -2.33491, 0.52847, 4.67987

molpro_pot: interatomic distances matrix (angstrom):

\     C1    H2    H3    H4
H2  1.08
H3  1.08  1.87
H4  1.08  1.87  1.87
H5  5.61  5.19  6.34  5.55

Molpro::pot: 1-th molpro energy = -0.00312004 kcal/mole

Molpro::pot: 0-th energy correction = -0.0038444 kcal/mole
Molpro::pot: 1-th energy correction = 0 kcal/mole
molpro_pot: 0-th energy = -0.00696445 kcal/mol
molpro_pot: 1-th energy = -0.00312004 kcal/mol
molpro_pot: coordinates (angstrom):

C, -0.326579, -0.0995658, 0.0875368
H, -1.21711, -0.0630462, -0.519207
H, -0.0790652, 0.729158, 0.731332
H, 0.314613, -0.965704, 0.0529129
H, 4.87008, 1.48511, -1.30732

molpro_pot: interatomic distances matrix (angstrom):

\     C1    H2    H3    H4
H2  1.08
H3  1.08  1.87
H4  1.08  1.87  1.87
H5  5.61  6.33  5.41  5.35

Molpro::pot: 1-th molpro energy = -0.00302328 kcal/mole

Molpro::pot: 0-th energy correction = -0.00384441 kcal/mole
Molpro::pot: 1-th energy correction = 0 kcal/mole
molpro_pot: 0-th energy = -0.00686769 kcal/mol
molpro_pot: 1-th energy = -0.00302328 kcal/mol
molpro_pot: coordinates (angstrom):

C, 0.276125, 0.10229, 0.194054
H, 0.256041, -0.923324, -0.137951
H, -0.550694, 0.757159, -0.0296307
H, 1.12123, 0.472161, 0.752195
H, -4.11435, -1.52394, -2.89518

molpro_pot: interatomic distances matrix (angstrom):

\     C1    H2    H3    H4
H2  1.08
H3  1.08  1.87
H4  1.08  1.87  1.87
H5  5.61   5.2  5.11  6.69

Molpro::pot: 1-th molpro energy = -0.00295331 kcal/mole

Molpro::pot: 0-th energy correction = -0.00384294 kcal/mole
Molpro::pot: 1-th energy correction = 0 kcal/mole
molpro_pot: 0-th energy = -0.00679625 kcal/mol
molpro_pot: 1-th energy = -0.00295331 kcal/mol
molpro_pot: coordinates (angstrom):

C, -0.194446, -0.218993, -0.196333
H, 0.305299, 0.633572, -0.627497
H, -0.474685, -0.209421, 0.844769
H, -0.416687, -1.07959, -0.806666
H, 2.9013, 3.26295, 2.9271

molpro_pot: interatomic distances matrix (angstrom):

\     C1    H2    H3    H4
H2  1.08
H3  1.08  1.87
H4  1.08  1.87  1.87
H5  5.61  5.13  5.27  6.62

Molpro::pot: 1-th molpro energy = -0.00296131 kcal/mole

Molpro::pot: 0-th energy correction = -0.0038435 kcal/mole
Molpro::pot: 1-th energy correction = 0 kcal/mole
molpro_pot: 0-th energy = -0.00680481 kcal/mol
molpro_pot: 1-th energy = -0.00296131 kcal/mol
molpro_pot: coordinates (angstrom):

C, -0.0417503, -0.111138, 0.33211
H, 0.613151, 0.543852, 0.884023
H, -0.886527, -0.566932, 0.823152
H, 0.146156, -0.307882, -0.711204
H, 0.624335, 1.65427, -4.95035

molpro_pot: interatomic distances matrix (angstrom):

\     C1    H2    H3    H4
H2  1.08
H3  1.08  1.87
H4  1.08  1.87  1.87
H5  5.61  5.94  6.37   4.7

Molpro::pot: 1-th molpro energy = -0.00472585 kcal/mole

Molpro::pot: 0-th energy correction = -0.00384265 kcal/mole
Molpro::pot: 1-th energy correction = 0 kcal/mole
molpro_pot: 0-th energy = -0.0085685 kcal/mol
molpro_pot: 1-th energy = -0.00472585 kcal/mol

(8,0)-th SURFACE:

molpro_pot: coordinates (angstrom):

C, 0.193812, 0.0497322, 0.265726
H, 0.938496, -0.534865, -0.250226
H, 0.396417, 0.428436, 1.25469
H, -0.751928, 0.258222, -0.208224
H, -2.89068, -0.743947, -3.9602

molpro_pot: interatomic distances matrix (angstrom):

\     C1    H2    H3    H4
H2  1.08
H3  1.08  1.87
H4  1.08  1.87  1.87
H5  5.29  5.34  6.27  4.43

Molpro::pot: 1-th molpro energy = -0.00634832 kcal/mole

Molpro::pot: 0-th energy correction = -0.00725254 kcal/mole
Molpro::pot: 1-th energy correction = 0 kcal/mole
molpro_pot: 0-th energy = -0.0136009 kcal/mol
molpro_pot: 1-th energy = -0.00634832 kcal/mol
molpro_pot: coordinates (angstrom):

C, -0.138327, -0.263672, 0.147954
H, 0.465382, -1.13349, 0.351606
H, -0.889432, -0.298222, -0.624811
H, 0.00679868, 0.639397, 0.718852
H, 2.06429, 3.93181, -2.20731

molpro_pot: interatomic distances matrix (angstrom):

\     C1    H2    H3    H4
H2  1.08
H3  1.08  1.87
H4  1.08  1.87  1.87
H5  5.29   5.9   5.4  4.86

Molpro::pot: 1-th molpro energy = -0.00657399 kcal/mole

Molpro::pot: 0-th energy correction = -0.00725471 kcal/mole
Molpro::pot: 1-th energy correction = 0 kcal/mole
molpro_pot: 0-th energy = -0.0138287 kcal/mol
molpro_pot: 1-th energy = -0.00657399 kcal/mol
molpro_pot: coordinates (angstrom):

C, -0.244473, 0.145393, 0.172813
H, -0.752396, 0.961424, -0.31568
H, -0.0339188, -0.761145, -0.371589
H, 0.0555796, 0.236919, 1.20437
H, 3.64163, -2.16837, -2.57475

molpro_pot: interatomic distances matrix (angstrom):

\     C1    H2    H3    H4
H2  1.08
H3  1.08  1.87
H4  1.08  1.87  1.87
H5  5.29  5.85  4.51  5.74

Molpro::pot: 1-th molpro energy = -0.00725955 kcal/mole

Molpro::pot: 0-th energy correction = -0.00724986 kcal/mole
Molpro::pot: 1-th energy correction = 0 kcal/mole
molpro_pot: 0-th energy = -0.0145094 kcal/mol
molpro_pot: 1-th energy = -0.00725955 kcal/mol
molpro_pot: coordinates (angstrom):

C, -0.0308293, 0.139706, -0.300267
H, -0.045319, 0.23834, -1.37385
H, 0.870287, -0.177916, 0.199357
H, -0.91611, 0.361557, 0.273824
H, 0.458221, -2.08544, 4.4759

molpro_pot: interatomic distances matrix (angstrom):

\     C1    H2    H3    H4
H2  1.08
H3  1.08  1.87
H4  1.08  1.87  1.87
H5  5.29  6.31   4.7  5.05

Molpro::pot: 1-th molpro energy = -0.00513661 kcal/mole

Molpro::pot: 0-th energy correction = -0.00725295 kcal/mole
Molpro::pot: 1-th energy correction = 0 kcal/mole
molpro_pot: 0-th energy = -0.0123896 kcal/mol
molpro_pot: 1-th energy = -0.00513661 kcal/mol
molpro_pot: coordinates (angstrom):

C, 0.07918, 0.0948629, -0.308684
H, -0.294646, 1.0248, 0.0887877
H, -0.589641, -0.739466, -0.446858
H, 1.12074, 0.000152941, -0.570813
H, -1.17923, -1.415, 4.60433

molpro_pot: interatomic distances matrix (angstrom):

\     C1    H2    H3    H4
H2  1.08
H3  1.08  1.87
H4  1.08  1.87  1.87
H5  5.29  5.21  5.13  5.84

Molpro::pot: 1-th molpro energy = -0.00662805 kcal/mole

Molpro::pot: 0-th energy correction = -0.00725457 kcal/mole
Molpro::pot: 1-th energy correction = 0 kcal/mole
molpro_pot: 0-th energy = -0.0138826 kcal/mol
molpro_pot: 1-th energy = -0.00662805 kcal/mol

(9,0)-th SURFACE:

molpro_pot: coordinates (angstrom):

C, 0.129372, 0.093675, -0.272568
H, 0.834933, 0.739713, -0.769894
H, -0.892442, 0.411749, -0.141251
H, 0.444611, -0.871346, 0.0905834
H, -1.92751, -1.39549, 4.06598

molpro_pot: interatomic distances matrix (angstrom):

\     C1    H2    H3    H4
H2  1.08
H3  1.08  1.87
H4  1.08  1.87  1.87
H5  5.03  5.96  4.69  4.66

Molpro::pot: 1-th molpro energy = -0.00907373 kcal/mole

Molpro::pot: 0-th energy correction = -0.0123134 kcal/mole
Molpro::pot: 1-th energy correction = 0 kcal/mole
molpro_pot: 0-th energy = -0.0213871 kcal/mol
molpro_pot: 1-th energy = -0.00907373 kcal/mol
molpro_pot: coordinates (angstrom):

C, -0.15901, 0.124585, 0.243286
H, 0.168586, -0.459749, 1.08812
H, 0.567009, 0.593112, -0.401616
H, -1.21209, 0.237858, 0.0415327
H, 2.3698, -1.85464, -3.62481

molpro_pot: interatomic distances matrix (angstrom):

\     C1    H2    H3    H4
H2  1.08
H3  1.08  1.87
H4  1.08  1.87  1.87
H5  5.03  5.39  4.43  5.54

Molpro::pot: 1-th molpro energy = -0.0125078 kcal/mole

Molpro::pot: 0-th energy correction = -0.012306 kcal/mole
Molpro::pot: 1-th energy correction = 0 kcal/mole
molpro_pot: 0-th energy = -0.0248138 kcal/mol
molpro_pot: 1-th energy = -0.0125078 kcal/mol
molpro_pot: coordinates (angstrom):

C, 0.150152, 0.180365, 0.211773
H, 0.0891625, 0.252256, 1.28584
H, 1.10253, 0.288101, -0.28208
H, -0.740317, -0.00227031, -0.368081
H, -2.2392, -2.68566, -3.15723

molpro_pot: interatomic distances matrix (angstrom):

\     C1    H2    H3    H4
H2  1.08
H3  1.08  1.87
H4  1.08  1.87  1.87
H5  5.03  5.81  5.32  4.15

Molpro::pot: 1-th molpro energy = -0.0106237 kcal/mole

Molpro::pot: 0-th energy correction = -0.0123087 kcal/mole
Molpro::pot: 1-th energy correction = 0 kcal/mole
molpro_pot: 0-th energy = -0.0229324 kcal/mol
molpro_pot: 1-th energy = -0.0106237 kcal/mol
molpro_pot: coordinates (angstrom):

C, 0.0632826, -0.199601, 0.236791
H, 0.0874436, -0.569627, 1.24922
H, -0.404141, -0.784125, -0.539331
H, 0.503592, 0.755945, 0.00103538
H, -0.940389, 2.97442, -3.53035

molpro_pot: interatomic distances matrix (angstrom):

\     C1    H2    H3    H4
H2  1.08
H3  1.08  1.87
H4  1.08  1.87  1.87
H5  5.03  6.04  4.83  4.41

Molpro::pot: 1-th molpro energy = -0.00790498 kcal/mole

Molpro::pot: 0-th energy correction = -0.0123091 kcal/mole
Molpro::pot: 1-th energy correction = 0 kcal/mole
molpro_pot: 0-th energy = -0.0202141 kcal/mol
molpro_pot: 1-th energy = -0.00790498 kcal/mol
molpro_pot: coordinates (angstrom):

C, 0.167071, 0.21177, 0.164814
H, -0.232032, 0.799018, 0.976215
H, -0.369141, -0.654727, -0.187573
H, 1.10044, 0.492588, -0.296145
H, -2.48855, -3.15839, -2.45491

molpro_pot: interatomic distances matrix (angstrom):

\     C1    H2    H3    H4
H2  1.08
H3  1.08  1.87
H4  1.08  1.87  1.87
H5  5.03   5.7  3.99  5.56

Molpro::pot: 1-th molpro energy = -0.0109975 kcal/mole

Molpro::pot: 0-th energy correction = -0.0123088 kcal/mole
Molpro::pot: 1-th energy correction = 0 kcal/mole
molpro_pot: 0-th energy = -0.0233063 kcal/mol
molpro_pot: 1-th energy = -0.0109975 kcal/mol

(10,0)-th SURFACE:

molpro_pot: coordinates (angstrom):

C, 0.109348, 0.25307, 0.0619971
H, 1.16679, 0.104458, -0.0871336
H, -0.27912, 0.398174, 1.05726
H, -0.55906, 0.259687, -0.783998
H, -1.6306, -3.77557, -0.924321

molpro_pot: interatomic distances matrix (angstrom):

\     C1    H2    H3    H4
H2  1.08
H3  1.08  1.87
H4  1.08  1.87  1.87
H5   4.5  4.86  4.81  4.18

Molpro::pot: 1-th molpro energy = -0.0560683 kcal/mole

Molpro::pot: 0-th energy correction = -0.0354878 kcal/mole
Molpro::pot: 1-th energy correction = 0 kcal/mole
molpro_pot: 0-th energy = -0.0915561 kcal/mol
molpro_pot: 1-th energy = -0.0560683 kcal/mol
molpro_pot: coordinates (angstrom):

C, -0.142147, 0.232903, 0.0749204
H, -0.235294, 0.441889, 1.12856
H, 0.814987, 0.332411, -0.411405
H, -1.00505, -0.0784629, -0.491619
H, 2.11787, -3.46897, -1.1176

molpro_pot: interatomic distances matrix (angstrom):

\     C1    H2    H3    H4
H2  1.08
H3  1.08  1.87
H4  1.08  1.87  1.87
H5   4.5  5.09  4.08  4.65

Molpro::pot: 1-th molpro energy = -0.0492078 kcal/mole

Molpro::pot: 0-th energy correction = -0.0354605 kcal/mole
Molpro::pot: 1-th energy correction = 0 kcal/mole
molpro_pot: 0-th energy = -0.0846683 kcal/mol
molpro_pot: 1-th energy = -0.0492078 kcal/mol
molpro_pot: coordinates (angstrom):

C, -0.259596, -0.111526, -0.00738271
H, 0.279008, 0.674537, -0.511888
H, -0.79575, 0.101597, 0.903461
H, -0.264682, -1.10965, -0.415114
H, 3.87239, 1.66144, 0.111447

molpro_pot: interatomic distances matrix (angstrom):

\     C1    H2    H3    H4
H2  1.08
H3  1.08  1.87
H4  1.08  1.87  1.87
H5   4.5  3.78  4.99  5.01

Molpro::pot: 1-th molpro energy = -0.0373409 kcal/mole

Molpro::pot: 0-th energy correction = -0.035483 kcal/mole
Molpro::pot: 1-th energy correction = 0 kcal/mole
molpro_pot: 0-th energy = -0.0728239 kcal/mol
molpro_pot: 1-th energy = -0.0373409 kcal/mol
molpro_pot: coordinates (angstrom):

C, 0.0805349, 0.270727, -0.0100151
H, 0.708949, 0.732239, -0.754742
H, 0.257685, 0.459937, 1.03657
H, -0.726662, -0.377286, -0.31173
H, -1.19889, -4.03839, 0.149153

molpro_pot: interatomic distances matrix (angstrom):

\     C1    H2    H3    H4
H2  1.08
H3  1.08  1.87
H4  1.08  1.87  1.87
H5   4.5  5.22  4.81  3.72

Molpro::pot: 1-th molpro energy = -0.0299451 kcal/mole

Molpro::pot: 0-th energy correction = -0.0354834 kcal/mole
Molpro::pot: 1-th energy correction = 0 kcal/mole
molpro_pot: 0-th energy = -0.0654285 kcal/mol
molpro_pot: 1-th energy = -0.0299451 kcal/mol
molpro_pot: coordinates (angstrom):

C, -0.0103751, 0.266072, -0.0956226
H, 0.104387, 0.674038, -1.08704
H, -0.990227, 0.000317865, 0.267397
H, 0.854631, 0.120983, 0.531462
H, 0.154744, -3.96342, 1.42674

molpro_pot: interatomic distances matrix (angstrom):

\     C1    H2    H3    H4
H2  1.08
H3  1.08  1.87
H4  1.08  1.87  1.87
H5   4.5  5.28  4.29  4.24

Molpro::pot: 1-th molpro energy = -0.0416109 kcal/mole

Molpro::pot: 0-th energy correction = -0.0354626 kcal/mole
Molpro::pot: 1-th energy correction = 0 kcal/mole
molpro_pot: 0-th energy = -0.0770735 kcal/mol
molpro_pot: 1-th energy = -0.0416109 kcal/mol

(11,0)-th SURFACE:

molpro_pot: coordinates (angstrom):

C, -0.201123, 0.1507, -0.087293
H, -0.67695, -0.632318, -0.655613
H, 0.873488, 0.178962, -0.00404099
H, -0.799391, 0.906972, 0.395044
H, 2.99759, -2.24797, 1.30399

molpro_pot: interatomic distances matrix (angstrom):

\     C1    H2    H3    H4
H2  1.08
H3  1.08  1.87
H4  1.08  1.87  1.87
H5  4.23  4.47  3.48  5.02

Molpro::pot: 1-th molpro energy = -0.0459497 kcal/mole

Molpro::pot: 0-th energy correction = -0.0602276 kcal/mole
Molpro::pot: 1-th energy correction = 0 kcal/mole
molpro_pot: 0-th energy = -0.106177 kcal/mol
molpro_pot: 1-th energy = -0.0459497 kcal/mol
molpro_pot: coordinates (angstrom):

C, 0.114531, -0.119087, 0.208884
H, 1.05795, -0.358582, -0.254926
H, -0.219723, 0.905074, 0.252328
H, -0.495914, -0.903685, 0.626356
H, -1.70601, 1.77514, -3.11091

molpro_pot: interatomic distances matrix (angstrom):

\     C1    H2    H3    H4
H2  1.08
H3  1.08  1.87
H4  1.08  1.87  1.87
H5  4.23  4.51  3.78  4.75

Molpro::pot: 1-th molpro energy = -0.096742 kcal/mole

Molpro::pot: 0-th energy correction = -0.0601935 kcal/mole
Molpro::pot: 1-th energy correction = 0 kcal/mole
molpro_pot: 0-th energy = -0.156936 kcal/mol
molpro_pot: 1-th energy = -0.096742 kcal/mol
molpro_pot: coordinates (angstrom):

C, 0.0304918, -0.166624, 0.20503
H, 0.922678, 0.304016, -0.175782
H, -0.217051, -1.17273, -0.0932714
H, -0.612335, 0.367395, 0.886292
H, -0.456352, 2.48529, -3.0585

molpro_pot: interatomic distances matrix (angstrom):

\     C1    H2    H3    H4
H2  1.08
H3  1.08  1.87
H4  1.08  1.87  1.87
H5  4.23  3.87  4.71  4.48

Molpro::pot: 1-th molpro energy = -0.105151 kcal/mole

Molpro::pot: 0-th energy correction = -0.060239 kcal/mole
Molpro::pot: 1-th energy correction = 0 kcal/mole
molpro_pot: 0-th energy = -0.16539 kcal/mol
molpro_pot: 1-th energy = -0.105151 kcal/mol
molpro_pot: coordinates (angstrom):

C, 0.0529188, -0.219367, -0.141389
H, -0.457412, -0.636237, -0.994792
H, 0.687364, 0.644029, -0.261998
H, -0.0735063, -0.663738, 0.832814
H, -0.78654, 3.26791, 2.10747

molpro_pot: interatomic distances matrix (angstrom):

\     C1    H2    H3    H4
H2  1.08
H3  1.08  1.87
H4  1.08  1.87  1.87
H5  4.23     5  3.83  4.19

Molpro::pot: 1-th molpro energy = -0.0782056 kcal/mole

Molpro::pot: 0-th energy correction = -0.0601977 kcal/mole
Molpro::pot: 1-th energy correction = 0 kcal/mole
molpro_pot: 0-th energy = -0.138403 kcal/mol
molpro_pot: 1-th energy = -0.0782056 kcal/mol
molpro_pot: coordinates (angstrom):

C, -0.134258, 0.0732217, -0.217569
H, -0.400704, 1.10046, -0.0270205
H, -0.903619, -0.67909, -0.285606
H, 0.900849, -0.201203, -0.343128
H, 2.00207, -1.092, 3.24632

molpro_pot: interatomic distances matrix (angstrom):

\     C1    H2    H3    H4
H2  1.08
H3  1.08  1.87
H4  1.08  1.87  1.87
H5  4.23  4.61  4.59  3.86

Molpro::pot: 1-th molpro energy = -0.106487 kcal/mole

Molpro::pot: 0-th energy correction = -0.0602407 kcal/mole
Molpro::pot: 1-th energy correction = 0 kcal/mole
molpro_pot: 0-th energy = -0.166728 kcal/mol
molpro_pot: 1-th energy = -0.106487 kcal/mol

(11,0)-th SURFACE:

molpro_pot: coordinates (angstrom):

C, -0.188606, 0.0792615, -0.170339
H, 0.738233, -0.444318, -0.341657
H, -1.05163, -0.140336, -0.778191
H, -0.253395, 0.819937, 0.610509
H, 2.81249, -1.17904, 2.53753

molpro_pot: interatomic distances matrix (angstrom):

\     C1    H2    H3    H4
H2  1.08
H3  1.08  1.87
H4  1.08  1.87  1.87
H5  4.23  3.62   5.2  4.14

Molpro::pot: 1-th molpro energy = -0.0311393 kcal/mole

Molpro::pot: 0-th energy correction = -0.0602075 kcal/mole
Molpro::pot: 1-th energy correction = 0 kcal/mole
molpro_pot: 0-th energy = -0.0913467 kcal/mol
molpro_pot: 1-th energy = -0.0311393 kcal/mol
molpro_pot: coordinates (angstrom):

C, 0.131816, -0.215476, -0.0833117
H, 0.963611, -0.268082, 0.600695
H, 0.280979, -0.426782, -1.13003
H, -0.8494, 0.0452911, 0.279645
H, -1.9647, 3.2152, 1.24167

molpro_pot: interatomic distances matrix (angstrom):

\     C1    H2    H3    H4
H2  1.08
H3  1.08  1.87
H4  1.08  1.87  1.87
H5  4.23   4.6  4.89   3.5

Molpro::pot: 1-th molpro energy = -0.0589845 kcal/mole

Molpro::pot: 0-th energy correction = -0.0602355 kcal/mole
Molpro::pot: 1-th energy correction = 0 kcal/mole
molpro_pot: 0-th energy = -0.11922 kcal/mol
molpro_pot: 1-th energy = -0.0589845 kcal/mol
molpro_pot: coordinates (angstrom):

C, 0.127403, -0.219231, 0.0804951
H, -0.000219988, -1.19563, 0.519662
H, -0.143266, 0.662274, 0.63925
H, 0.528415, -0.124091, -0.915827
H, -1.90189, 3.26779, -1.20153

molpro_pot: interatomic distances matrix (angstrom):

\     C1    H2    H3    H4
H2  1.08
H3  1.08  1.87
H4  1.08  1.87  1.87
H5  4.23  5.15  3.64  4.18

Molpro::pot: 1-th molpro energy = -0.0425964 kcal/mole

Molpro::pot: 0-th energy correction = -0.0602294 kcal/mole
Molpro::pot: 1-th energy correction = 0 kcal/mole
molpro_pot: 0-th energy = -0.102826 kcal/mol
molpro_pot: 1-th energy = -0.0425964 kcal/mol
molpro_pot: coordinates (angstrom):

C, -0.00347583, -0.26527, -0.0190225
H, 0.655538, 0.307979, 0.613118
H, 0.268438, -0.460846, -1.04388
H, -0.932599, -0.645472, 0.374294
H, 0.0500085, 3.95686, 0.282964

molpro_pot: interatomic distances matrix (angstrom):

\     C1    H2    H3    H4
H2  1.08
H3  1.08  1.87
H4  1.08  1.87  1.87
H5  4.23  3.71  4.62  4.71

Molpro::pot: 1-th molpro energy = -0.0919981 kcal/mole

Molpro::pot: 0-th energy correction = -0.0602364 kcal/mole
Molpro::pot: 1-th energy correction = 0 kcal/mole
molpro_pot: 0-th energy = -0.152235 kcal/mol
molpro_pot: 1-th energy = -0.0919981 kcal/mol
molpro_pot: coordinates (angstrom):

C, -0.0501983, 0.00140325, -0.261473
H, -0.436661, -0.890667, 0.20476
H, 0.0803847, 0.899844, 0.320138
H, 0.208525, -0.00572296, -1.30815
H, 0.745454, -0.0201622, 3.89656

molpro_pot: interatomic distances matrix (angstrom):

\     C1    H2    H3    H4
H2  1.08
H3  1.08  1.87
H4  1.08  1.87  1.87
H5  4.23  3.97  3.75  5.23

Molpro::pot: 1-th molpro energy = -0.0293744 kcal/mole

Molpro::pot: 0-th energy correction = -0.060203 kcal/mole
Molpro::pot: 1-th energy correction = 0 kcal/mole
molpro_pot: 0-th energy = -0.0895773 kcal/mol
molpro_pot: 1-th energy = -0.0293744 kcal/mol

(12,0)-th SURFACE:

molpro_pot: coordinates (angstrom):

C, 0.153834, -0.0122548, 0.196182
H, 0.710414, 0.856906, 0.5081
H, -0.777093, 0.106207, -0.334724
H, 0.529464, -0.999532, 0.412297
H, -2.29446, 0.182335, -2.92157

molpro_pot: interatomic distances matrix (angstrom):

\     C1    H2    H3    H4
H2  1.08
H3  1.08  1.87
H4  1.08  1.87  1.87
H5  3.97  4.61     3  4.53

Molpro::pot: 1-th molpro energy = -0.00477026 kcal/mole

Molpro::pot: 0-th energy correction = -0.101802 kcal/mole
Molpro::pot: 1-th energy correction = 0 kcal/mole
molpro_pot: 0-th energy = -0.106572 kcal/mol
molpro_pot: 1-th energy = -0.00477026 kcal/mol
molpro_pot: coordinates (angstrom):

C, -0.177781, -0.149327, 0.0910511
H, 0.586618, -0.250138, 0.84474
H, 0.0912008, -0.154716, -0.953046
H, -1.2111, -0.0462754, 0.381135
H, 2.65009, 2.22914, -1.35696

molpro_pot: interatomic distances matrix (angstrom):

\     C1    H2    H3    H4
H2  1.08
H3  1.08  1.87
H4  1.08  1.87  1.87
H5  3.97  3.91  3.52  4.81

Molpro::pot: 1-th molpro energy = -0.119119 kcal/mole

Molpro::pot: 0-th energy correction = -0.101842 kcal/mole
Molpro::pot: 1-th energy correction = 0 kcal/mole
molpro_pot: 0-th energy = -0.22096 kcal/mol
molpro_pot: 1-th energy = -0.119119 kcal/mol
molpro_pot: coordinates (angstrom):

C, 0.154855, 0.195679, 0.00871527
H, -0.646914, 0.804121, 0.395343
H, 0.978743, -0.0791564, 0.647614
H, 0.131323, -0.140433, -1.01549
H, -2.30698, -2.91445, -0.131239

molpro_pot: interatomic distances matrix (angstrom):

\     C1    H2    H3    H4
H2  1.08
H3  1.08  1.87
H4  1.08  1.87  1.87
H5  3.97  4.11  4.41   3.8

Molpro::pot: 1-th molpro energy = -0.229641 kcal/mole

Molpro::pot: 0-th energy correction = -0.101785 kcal/mole
Molpro::pot: 1-th energy correction = 0 kcal/mole
molpro_pot: 0-th energy = -0.331426 kcal/mol
molpro_pot: 1-th energy = -0.229641 kcal/mol
molpro_pot: coordinates (angstrom):

C, 0.0474564, -0.244936, 0.00382972
H, 1.00677, -0.725182, 0.11148
H, -0.85813, -0.814007, 0.140176
H, -0.00637402, 0.804644, -0.237013
H, -0.707325, 3.65095, -0.0602421

molpro_pot: interatomic distances matrix (angstrom):

\     C1    H2    H3    H4
H2  1.08
H3  1.08  1.87
H4  1.08  1.87  1.87
H5  3.97   4.7  4.47  2.94

Molpro::pot: 1-th molpro energy = 0.0382559 kcal/mole

Molpro::pot: 0-th energy correction = -0.101817 kcal/mole
Molpro::pot: 1-th energy correction = 0 kcal/mole
molpro_pot: 0-th energy = -0.0635613 kcal/mol
molpro_pot: 1-th energy = 0.0382559 kcal/mol
molpro_pot: coordinates (angstrom):

C, -0.204976, 0.024603, -0.140271
H, -0.00144945, -0.713703, -0.899216
H, -1.21943, 0.205312, 0.177123
H, 0.605828, 0.579839, 0.303384
H, 3.05567, -0.364392, 2.0889

molpro_pot: interatomic distances matrix (angstrom):

\     C1    H2    H3    H4
H2  1.08
H3  1.08  1.87
H4  1.08  1.87  1.87
H5  3.97  4.29  4.72  3.18

Molpro::pot: 1-th molpro energy = -0.0679083 kcal/mole

Molpro::pot: 0-th energy correction = -0.101804 kcal/mole
Molpro::pot: 1-th energy correction = 0 kcal/mole
molpro_pot: 0-th energy = -0.169712 kcal/mol
molpro_pot: 1-th energy = -0.0679083 kcal/mol
