
(0,0)-th SURFACE:

molpro_pot: coordinates (angstrom):

C, -0.549495, -0.35141, 0.131806
H, -0.326647, 0.622126, 0.538106
H, -0.0713232, -0.67782, -0.777769
H, -1.24786, -0.999593, 0.636447
H, 8.18858, 5.23947, -1.96617

molpro_pot: interatomic distances matrix (angstrom):

\     C1    H2    H3    H4
H2  1.08
H3  1.08  1.87
H4  1.08  1.87  1.87
H5  10.6    10  10.2  11.6

Molpro::pot: 1-th molpro energy = -7.74035e-06 kcal/mole

Molpro::pot: 0-th energy correction = -1.83693e-07 kcal/mole
Molpro::pot: 1-th energy correction = 0 kcal/mole
molpro_pot: 0-th energy = -7.92404e-06 kcal/mol
molpro_pot: 1-th energy = -7.74035e-06 kcal/mol
molpro_pot: coordinates (angstrom):

C, 0.611503, 0.257447, 0.0523049
H, 1.10835, 0.132871, -0.896451
H, -0.109845, 1.0481, 0.182872
H, 0.83354, -0.410206, 0.869287
H, -9.1131, -3.83614, -0.778492

molpro_pot: interatomic distances matrix (angstrom):

\     C1    H2    H3    H4
H2  1.08
H3  1.08  1.87
H4  1.08  1.87  1.87
H5  10.6    11  10.3  10.6

Molpro::pot: 1-th molpro energy = -4.37956e-05 kcal/mole

Molpro::pot: 0-th energy correction = -1.83654e-07 kcal/mole
Molpro::pot: 1-th energy correction = 0 kcal/mole
molpro_pot: 0-th energy = -4.39792e-05 kcal/mol
molpro_pot: 1-th energy = -4.37956e-05 kcal/mol
molpro_pot: coordinates (angstrom):

C, 0.0511709, 0.634666, -0.193765
H, -0.705806, 0.38949, -0.921357
H, -0.235044, 1.00758, 0.77656
H, 1.09386, 0.504091, -0.435179
H, -0.762288, -9.45802, 2.88711

molpro_pot: interatomic distances matrix (angstrom):

\     C1    H2    H3    H4
H2  1.08
H3  1.08  1.87
H4  1.08  1.87  1.87
H5  10.6  10.6  10.7  10.7

Molpro::pot: 1-th molpro energy = -5.97001e-05 kcal/mole

Molpro::pot: 0-th energy correction = -1.8365e-07 kcal/mole
Molpro::pot: 1-th energy correction = 0 kcal/mole
molpro_pot: 0-th energy = -5.98837e-05 kcal/mol
molpro_pot: 1-th energy = -5.97001e-05 kcal/mol
molpro_pot: coordinates (angstrom):

C, 0.593443, 0.276908, -0.117791
H, 1.16934, 1.18833, -0.130705
H, 1.08557, -0.669, 0.0421823
H, -0.474553, 0.311554, -0.261687
H, -8.84638, -4.12798, 1.75272

molpro_pot: interatomic distances matrix (angstrom):

\     C1    H2    H3    H4
H2  1.08
H3  1.08  1.87
H4  1.08  1.87  1.87
H5  10.6  11.5  10.7  9.69

Molpro::pot: 1-th molpro energy = -5.47235e-05 kcal/mole

Molpro::pot: 0-th energy correction = -1.83715e-07 kcal/mole
Molpro::pot: 1-th energy correction = 0 kcal/mole
molpro_pot: 0-th energy = -5.49072e-05 kcal/mol
molpro_pot: 1-th energy = -5.47235e-05 kcal/mol
molpro_pot: coordinates (angstrom):

C, -0.637698, -0.038769, -0.186379
H, -0.90884, -0.49486, -1.12498
H, -0.0522076, -0.590601, 0.531397
H, -0.949225, 0.969827, 0.0331816
H, 9.50323, 0.57725, 2.77959

molpro_pot: interatomic distances matrix (angstrom):

\     C1    H2    H3    H4
H2  1.08
H3  1.08  1.87
H4  1.08  1.87  1.87
H5  10.6  11.2  9.89  10.8

Molpro::pot: 1-th molpro energy = -1.36668e-05 kcal/mole

Molpro::pot: 0-th energy correction = -1.83668e-07 kcal/mole
Molpro::pot: 1-th energy correction = 0 kcal/mole
molpro_pot: 0-th energy = -1.38505e-05 kcal/mol
molpro_pot: 1-th energy = -1.36668e-05 kcal/mol

(1,0)-th SURFACE:

molpro_pot: coordinates (angstrom):

C, -0.547172, -0.141575, 0.0152711
H, -0.456816, 0.915998, -0.174173
H, -1.31755, -0.506666, 0.675382
H, 0.130546, -0.834138, -0.457566
H, 8.1589, 2.11052, -0.225473

molpro_pot: interatomic distances matrix (angstrom):

\     C1    H2    H3    H4
H2  1.08
H3  1.08  1.87
H4  1.08  1.87  1.87
H5     9   8.7  9.87  8.55

Molpro::pot: 1-th molpro energy = -0.000100937 kcal/mole

Molpro::pot: 0-th energy correction = -4.3973e-06 kcal/mole
Molpro::pot: 1-th energy correction = 0 kcal/mole
molpro_pot: 0-th energy = -0.000105334 kcal/mol
molpro_pot: 1-th energy = -0.000100937 kcal/mol
molpro_pot: coordinates (angstrom):

C, 0.250019, -0.101272, -0.496869
H, -0.535687, -0.691572, -0.94041
H, 1.27291, -0.43772, -0.551694
H, 0.0134224, 0.826648, -0.001382
H, -3.72758, 1.50848, 7.40962

molpro_pot: interatomic distances matrix (angstrom):

\     C1    H2    H3    H4
H2  1.08
H3  1.08  1.87
H4  1.08  1.87  1.87
H5     9  9.21   9.6  8.33

Molpro::pot: 1-th molpro energy = -6.49462e-05 kcal/mole

Molpro::pot: 0-th energy correction = -4.39753e-06 kcal/mole
Molpro::pot: 1-th energy correction = 0 kcal/mole
molpro_pot: 0-th energy = -6.93437e-05 kcal/mol
molpro_pot: 1-th energy = -6.49462e-05 kcal/mol
molpro_pot: coordinates (angstrom):

C, -0.0552685, -0.529316, -0.191676
H, 0.346418, 0.154541, 0.538738
H, -1.09729, -0.804057, -0.156524
H, 0.583991, -0.935918, -0.958842
H, 0.82495, 7.88791, 2.85888

molpro_pot: interatomic distances matrix (angstrom):

\     C1    H2    H3    H4
H2  1.08
H3  1.08  1.87
H4  1.08  1.87  1.87
H5     9  8.09   9.4  9.62

Molpro::pot: 1-th molpro energy = -0.000166838 kcal/mole

Molpro::pot: 0-th energy correction = -4.395e-06 kcal/mole
Molpro::pot: 1-th energy correction = 0 kcal/mole
molpro_pot: 0-th energy = -0.000171233 kcal/mol
molpro_pot: 1-th energy = -0.000166838 kcal/mol
molpro_pot: coordinates (angstrom):

C, 0.169776, -0.352017, -0.408823
H, 0.281633, -0.115223, -1.45474
H, 0.687419, -1.20014, 0.00979959
H, -0.45698, 0.260809, 0.218984
H, -2.53357, 5.24596, 6.09374

molpro_pot: interatomic distances matrix (angstrom):

\     C1    H2    H3    H4
H2  1.08
H3  1.08  1.87
H4  1.08  1.87  1.87
H5     9  9.68  9.43  7.98

Molpro::pot: 1-th molpro energy = -0.00013553 kcal/mole

Molpro::pot: 0-th energy correction = -4.39572e-06 kcal/mole
Molpro::pot: 1-th energy correction = 0 kcal/mole
molpro_pot: 0-th energy = -0.000139925 kcal/mol
molpro_pot: 1-th energy = -0.00013553 kcal/mol
molpro_pot: coordinates (angstrom):

C, 0.254076, 0.331158, 0.381501
H, -0.481827, 0.00017405, -0.33363
H, 0.918674, 1.14325, 0.133856
H, 0.323392, -0.147625, 1.34508
H, -3.78548, -4.93885, -5.68777

molpro_pot: interatomic distances matrix (angstrom):

\     C1    H2    H3    H4
H2  1.08
H3  1.08  1.87
H4  1.08  1.87  1.87
H5     9     8  9.64  9.45

Molpro::pot: 1-th molpro energy = -9.74532e-05 kcal/mole

Molpro::pot: 0-th energy correction = -4.3966e-06 kcal/mole
Molpro::pot: 1-th energy correction = 0 kcal/mole
molpro_pot: 0-th energy = -0.00010185 kcal/mol
molpro_pot: 1-th energy = -9.74532e-05 kcal/mol

(2,0)-th SURFACE:

molpro_pot: coordinates (angstrom):

C, 0.104916, -0.0487892, 0.502339
H, -0.800819, -0.633632, 0.513262
H, 0.337095, 0.600165, 1.33148
H, 0.779799, -0.115127, -0.335905
H, -1.56529, 0.729519, -7.4901

molpro_pot: interatomic distances matrix (angstrom):

\     C1    H2    H3    H4
H2  1.08
H3  1.08  1.87
H4  1.08  1.87  1.87
H5   8.2  8.15  9.03  7.58

Molpro::pot: 1-th molpro energy = -0.000219087 kcal/mole

Molpro::pot: 0-th energy correction = -2.15096e-05 kcal/mole
Molpro::pot: 1-th energy correction = 0 kcal/mole
molpro_pot: 0-th energy = -0.000240597 kcal/mol
molpro_pot: 1-th energy = -0.000219087 kcal/mol
molpro_pot: coordinates (angstrom):

C, 0.00158302, -0.477743, -0.193527
H, -0.991705, -0.0752299, -0.311326
H, 0.159455, -1.35238, 0.41688
H, 0.836288, -0.00773267, -0.68838
H, -0.0228864, 7.12376, 2.88712

molpro_pot: interatomic distances matrix (angstrom):

\     C1    H2    H3    H4
H2  1.08
H3  1.08  1.87
H4  1.08  1.87  1.87
H5   8.2  7.94  8.83  8.02

Molpro::pot: 1-th molpro energy = -0.000138067 kcal/mole

Molpro::pot: 0-th energy correction = -2.15112e-05 kcal/mole
Molpro::pot: 1-th energy correction = 0 kcal/mole
molpro_pot: 0-th energy = -0.000159578 kcal/mol
molpro_pot: 1-th energy = -0.000138067 kcal/mol
molpro_pot: coordinates (angstrom):

C, -0.210828, -0.467988, -0.0508461
H, -0.306752, -0.188826, 0.986161
H, -1.08762, -0.727667, -0.622092
H, 0.761082, -0.484504, -0.517366
H, 3.14358, 6.97325, 0.758712

molpro_pot: interatomic distances matrix (angstrom):

\     C1    H2    H3    H4
H2  1.08
H3  1.08  1.87
H4  1.08  1.87  1.87
H5   8.2  7.95  8.89  7.93

Molpro::pot: 1-th molpro energy = -0.000198732 kcal/mole

Molpro::pot: 0-th energy correction = -2.14965e-05 kcal/mole
Molpro::pot: 1-th energy correction = 0 kcal/mole
molpro_pot: 0-th energy = -0.000220229 kcal/mol
molpro_pot: 1-th energy = -0.000198732 kcal/mol
molpro_pot: coordinates (angstrom):

C, 0.439179, 0.0725888, -0.260255
H, -0.317528, -0.672054, -0.0720563
H, 1.25076, -0.143124, -0.936506
H, 0.382744, 1.03369, 0.225144
H, -6.5452, -1.08282, 3.88223

molpro_pot: interatomic distances matrix (angstrom):

\     C1    H2    H3    H4
H2  1.08
H3  1.08  1.87
H4  1.08  1.87  1.87
H5   8.2  7.39  9.21  8.11

Molpro::pot: 1-th molpro energy = -0.000139279 kcal/mole

Molpro::pot: 0-th energy correction = -2.15035e-05 kcal/mole
Molpro::pot: 1-th energy correction = 0 kcal/mole
molpro_pot: 0-th energy = -0.000160782 kcal/mol
molpro_pot: 1-th energy = -0.000139279 kcal/mol
molpro_pot: coordinates (angstrom):

C, -0.29161, 0.180928, 0.385095
H, 0.0764559, 0.920993, 1.07744
H, -0.626909, 0.47989, -0.595065
H, -0.321516, -0.858095, 0.671553
H, 4.34412, -2.69706, -5.7392

molpro_pot: interatomic distances matrix (angstrom):

\     C1    H2    H3    H4
H2  1.08
H3  1.08  1.87
H4  1.08  1.87  1.87
H5   8.2  8.82  7.83  8.14

Molpro::pot: 1-th molpro energy = -0.000152269 kcal/mole

Molpro::pot: 0-th energy correction = -2.14955e-05 kcal/mole
Molpro::pot: 1-th energy correction = 0 kcal/mole
molpro_pot: 0-th energy = -0.000173765 kcal/mol
molpro_pot: 1-th energy = -0.000152269 kcal/mol

(2,0)-th SURFACE:

molpro_pot: coordinates (angstrom):

C, -0.36413, -0.27844, -0.236233
H, -1.19204, -0.947549, -0.40763
H, -0.332444, 0.320886, 0.659492
H, 0.433362, -0.210883, -0.958702
H, 5.42676, 4.15289, 3.51962

molpro_pot: interatomic distances matrix (angstrom):

\     C1    H2    H3    H4
H2  1.08
H3  1.08  1.87
H4  1.08  1.87  1.87
H5   8.2  9.23  7.49     8

Molpro::pot: 1-th molpro energy = -0.00020993 kcal/mole

Molpro::pot: 0-th energy correction = -2.15015e-05 kcal/mole
Molpro::pot: 1-th energy correction = 0 kcal/mole
molpro_pot: 0-th energy = -0.000231432 kcal/mol
molpro_pot: 1-th energy = -0.00020993 kcal/mol
molpro_pot: coordinates (angstrom):

C, -0.088937, -0.124239, 0.492687
H, 0.89554, -0.401869, 0.151745
H, -0.351566, 0.916957, 0.589926
H, -0.811592, -0.887369, 0.73336
H, 1.32657, 1.85157, -7.34137

molpro_pot: interatomic distances matrix (angstrom):

\     C1    H2    H3    H4
H2  1.08
H3  1.08  1.87
H4  1.08  1.87  1.87
H5   8.2  7.84  8.16  8.79

Molpro::pot: 1-th molpro energy = -0.000178207 kcal/mole

Molpro::pot: 0-th energy correction = -2.14949e-05 kcal/mole
Molpro::pot: 1-th energy correction = 0 kcal/mole
molpro_pot: 0-th energy = -0.000199702 kcal/mol
molpro_pot: 1-th energy = -0.000178207 kcal/mol
molpro_pot: coordinates (angstrom):

C, 0.408295, 0.112849, -0.294121
H, -0.23417, 0.814287, -0.8018
H, 0.0592955, -0.394005, 0.591213
H, 1.39823, -0.0840586, -0.673289
H, -6.08486, -1.6799, 4.38592

molpro_pot: interatomic distances matrix (angstrom):

\     C1    H2    H3    H4
H2  1.08
H3  1.08  1.87
H4  1.08  1.87  1.87
H5   8.2  8.21  7.34  9.17

Molpro::pot: 1-th molpro energy = -0.0001607 kcal/mole

Molpro::pot: 0-th energy correction = -2.15007e-05 kcal/mole
Molpro::pot: 1-th energy correction = 0 kcal/mole
molpro_pot: 0-th energy = -0.000182201 kcal/mol
molpro_pot: 1-th energy = -0.0001607 kcal/mol
molpro_pot: coordinates (angstrom):

C, -0.155314, -0.0531178, -0.488729
H, 0.740998, -0.546665, -0.828658
H, -0.10094, 0.67758, 0.302246
H, -1.10522, -0.28782, -0.941625
H, 2.31446, 0.789369, 7.28725

molpro_pot: interatomic distances matrix (angstrom):

\     C1    H2    H3    H4
H2  1.08
H3  1.08  1.87
H4  1.08  1.87  1.87
H5   8.2  8.37  7.39  8.98

Molpro::pot: 1-th molpro energy = -0.000199338 kcal/mole

Molpro::pot: 0-th energy correction = -2.15068e-05 kcal/mole
Molpro::pot: 1-th energy correction = 0 kcal/mole
molpro_pot: 0-th energy = -0.000220844 kcal/mol
molpro_pot: 1-th energy = -0.000199338 kcal/mol
molpro_pot: coordinates (angstrom):

C, 0.184028, -0.0193515, -0.481411
H, -0.55009, 0.361343, 0.210441
H, 0.965396, 0.627151, -0.847496
H, 0.13873, -1.04694, -0.804718
H, -2.74522, 0.288863, 7.17385

molpro_pot: interatomic distances matrix (angstrom):

\     C1    H2    H3    H4
H2  1.08
H3  1.08  1.87
H4  1.08  1.87  1.87
H5   8.2   7.3  8.84  8.59

Molpro::pot: 1-th molpro energy = -0.000203449 kcal/mole

Molpro::pot: 0-th energy correction = -2.14985e-05 kcal/mole
Molpro::pot: 1-th energy correction = 0 kcal/mole
molpro_pot: 0-th energy = -0.000224948 kcal/mol
molpro_pot: 1-th energy = -0.000203449 kcal/mol

(3,0)-th SURFACE:

molpro_pot: coordinates (angstrom):

C, -0.090893, -0.414931, 0.206895
H, 0.570707, -0.545085, -0.63445
H, -0.253143, 0.568766, 0.617423
H, -0.592499, -1.26762, 0.635662
H, 1.35718, 6.18445, -3.08209

molpro_pot: interatomic distances matrix (angstrom):

\     C1    H2    H3    H4
H2  1.08
H3  1.08  1.87
H4  1.08  1.87  1.87
H5  7.51   7.2  6.91  8.55

Molpro::pot: 1-th molpro energy = -0.000379271 kcal/mole

Molpro::pot: 0-th energy correction = -8.51035e-05 kcal/mole
Molpro::pot: 1-th energy correction = 0 kcal/mole
molpro_pot: 0-th energy = -0.000464375 kcal/mol
molpro_pot: 1-th energy = -0.000379271 kcal/mol
molpro_pot: coordinates (angstrom):

C, 0.0753026, 0.123421, -0.449597
H, 0.254854, 0.446612, 0.563232
H, -0.810405, 0.450357, -0.970321
H, 0.782637, -0.523935, -0.942679
H, -1.1237, -1.84259, 6.70305

molpro_pot: interatomic distances matrix (angstrom):

\     C1    H2    H3    H4
H2  1.08
H3  1.08  1.87
H4  1.08  1.87  1.87
H5  7.51   6.7  8.01  7.99

Molpro::pot: 1-th molpro energy = -0.000347634 kcal/mole

Molpro::pot: 0-th energy correction = -8.51385e-05 kcal/mole
Molpro::pot: 1-th energy correction = 0 kcal/mole
molpro_pot: 0-th energy = -0.000432772 kcal/mol
molpro_pot: 1-th energy = -0.000347634 kcal/mol
molpro_pot: coordinates (angstrom):

C, 0.456249, 0.105855, 0.0608106
H, 0.134129, 0.990134, -0.465313
H, 1.50316, -0.149865, 0.0939077
H, -0.267815, -0.520843, 0.556291
H, -6.80196, -1.57983, -0.908948

molpro_pot: interatomic distances matrix (angstrom):

\     C1    H2    H3    H4
H2  1.08
H3  1.08  1.87
H4  1.08  1.87  1.87
H5  7.51  7.41  8.49  6.78

Molpro::pot: 1-th molpro energy = -0.000314035 kcal/mole

Molpro::pot: 0-th energy correction = -8.51339e-05 kcal/mole
Molpro::pot: 1-th energy correction = 0 kcal/mole
molpro_pot: 0-th energy = -0.000399169 kcal/mol
molpro_pot: 1-th energy = -0.000314035 kcal/mol
molpro_pot: coordinates (angstrom):

C, 0.333893, 0.238254, 0.234031
H, 0.868139, 1.13953, -0.0205132
H, 0.878098, -0.651868, 0.506138
H, -0.744161, 0.227854, 0.219514
H, -4.97769, -3.55237, -3.4917

molpro_pot: interatomic distances matrix (angstrom):

\     C1    H2    H3    H4
H2  1.08
H3  1.08  1.87
H4  1.08  1.87  1.87
H5  7.51  8.26  7.66  6.78

Molpro::pot: 1-th molpro energy = -0.000308408 kcal/mole

Molpro::pot: 0-th energy correction = -8.51423e-05 kcal/mole
Molpro::pot: 1-th energy correction = 0 kcal/mole
molpro_pot: 0-th energy = -0.00039355 kcal/mol
molpro_pot: 1-th energy = -0.000308408 kcal/mol
molpro_pot: coordinates (angstrom):

C, 0.0980491, 0.42048, -0.192121
H, -0.57905, 0.742418, -0.966981
H, -0.260863, 0.287776, 0.815892
H, 1.13296, 0.228307, -0.425685
H, -1.4605, -6.26508, 2.86432

molpro_pot: interatomic distances matrix (angstrom):

\     C1    H2    H3    H4
H2  1.08
H3  1.08  1.87
H4  1.08  1.87  1.87
H5  7.51  8.03  6.97  7.73

Molpro::pot: 1-th molpro energy = -0.000330233 kcal/mole

Molpro::pot: 0-th energy correction = -8.50869e-05 kcal/mole
Molpro::pot: 1-th energy correction = 0 kcal/mole
molpro_pot: 0-th energy = -0.00041532 kcal/mol
molpro_pot: 1-th energy = -0.000330233 kcal/mol

(4,0)-th SURFACE:

molpro_pot: coordinates (angstrom):

C, 0.359725, -0.223304, -0.0871932
H, 1.13469, 0.287742, -0.635625
H, -0.383372, -0.799291, -0.614984
H, 0.329582, -0.161006, 0.988786
H, -5.36408, 3.33139, 1.30002

molpro_pot: interatomic distances matrix (angstrom):

\     C1    H2    H3    H4
H2  1.08
H3  1.08  1.87
H4  1.08  1.87  1.87
H5  6.88  7.43  6.75  6.69

Molpro::pot: 1-th molpro energy = -0.000530294 kcal/mole

Molpro::pot: 0-th energy correction = -0.000303207 kcal/mole
Molpro::pot: 1-th energy correction = 0 kcal/mole
molpro_pot: 0-th energy = -0.000833501 kcal/mol
molpro_pot: 1-th energy = -0.000530294 kcal/mol
molpro_pot: coordinates (angstrom):

C, -0.159903, -0.373181, 0.148602
H, -0.430092, 0.235965, -0.699015
H, -0.902376, -0.626918, 0.888108
H, 0.851569, -0.731079, 0.255164
H, 2.38483, 5.56543, -2.21364

molpro_pot: interatomic distances matrix (angstrom):

\     C1    H2    H3    H4
H2  1.08
H3  1.08  1.87
H4  1.08  1.87  1.87
H5  6.88  6.21  7.67  6.93

Molpro::pot: 1-th molpro energy = -0.00060091 kcal/mole

Molpro::pot: 0-th energy correction = -0.000303175 kcal/mole
Molpro::pot: 1-th energy correction = 0 kcal/mole
molpro_pot: 0-th energy = -0.000904084 kcal/mol
molpro_pot: 1-th energy = -0.00060091 kcal/mol
molpro_pot: coordinates (angstrom):

C, 0.110039, 0.182959, -0.376211
H, -0.481338, -0.660748, -0.693934
H, 0.0662193, 1.10921, -0.926361
H, 0.74265, 0.101549, 0.493097
H, -1.63774, -2.72847, 5.60668

molpro_pot: interatomic distances matrix (angstrom):

\     C1    H2    H3    H4
H2  1.08
H3  1.08  1.87
H4  1.08  1.87  1.87
H5  6.88  6.73  7.77  6.31

Molpro::pot: 1-th molpro energy = -0.000623652 kcal/mole

Molpro::pot: 0-th energy correction = -0.000303033 kcal/mole
Molpro::pot: 1-th energy correction = 0 kcal/mole
molpro_pot: 0-th energy = -0.000926685 kcal/mol
molpro_pot: 1-th energy = -0.000623652 kcal/mol
molpro_pot: coordinates (angstrom):

C, -0.00165832, 0.431954, 0.0205769
H, -0.0234723, 1.49439, 0.202952
H, -0.526756, 0.0198834, -0.826175
H, 0.547549, -0.217893, 0.682838
H, 0.022424, -6.43959, -0.30462

molpro_pot: interatomic distances matrix (angstrom):

\     C1    H2    H3    H4
H2  1.08
H3  1.08  1.87
H4  1.08  1.87  1.87
H5  6.88  7.95   6.5  6.32

Molpro::pot: 1-th molpro energy = -0.000557625 kcal/mole

Molpro::pot: 0-th energy correction = -0.000303108 kcal/mole
Molpro::pot: 1-th energy correction = 0 kcal/mole
molpro_pot: 0-th energy = -0.000860733 kcal/mol
molpro_pot: 1-th energy = -0.000557625 kcal/mol
molpro_pot: coordinates (angstrom):

C, 0.0410964, -0.425428, 0.0672164
H, 0.895373, 0.197658, 0.278143
H, -0.842624, -0.353585, 0.680727
H, 0.0692613, -1.1179, -0.758747
H, -0.611338, 6.33932, -1.00046

molpro_pot: interatomic distances matrix (angstrom):

\     C1    H2    H3    H4
H2  1.08
H3  1.08  1.87
H4  1.08  1.87  1.87
H5  6.88  6.45   6.9  7.49

Molpro::pot: 1-th molpro energy = -0.000571186 kcal/mole

Molpro::pot: 0-th energy correction = -0.000302978 kcal/mole
Molpro::pot: 1-th energy correction = 0 kcal/mole
molpro_pot: 0-th energy = -0.000874164 kcal/mol
molpro_pot: 1-th energy = -0.000571186 kcal/mol

(5,0)-th SURFACE:

molpro_pot: coordinates (angstrom):

C, 0.272425, 0.292949, 0.0436355
H, 0.806739, 0.98014, -0.592597
H, 0.389066, -0.770084, -0.0937531
H, -0.375891, 0.668508, 0.818982
H, -4.06363, -4.36665, -0.652192

molpro_pot: interatomic distances matrix (angstrom):

\     C1    H2    H3    H4
H2  1.08
H3  1.08  1.87
H4  1.08  1.87  1.87
H5   6.4  7.23  5.75  6.41

Molpro::pot: 1-th molpro energy = -0.00101648 kcal/mole

Molpro::pot: 0-th energy correction = -0.000785854 kcal/mole
Molpro::pot: 1-th energy correction = 0 kcal/mole
molpro_pot: 0-th energy = -0.00180233 kcal/mol
molpro_pot: 1-th energy = -0.00101648 kcal/mol
molpro_pot: coordinates (angstrom):

C, 0.380013, 0.131941, -0.011075
H, 1.21964, -0.29859, 0.51064
H, -0.537185, 0.333932, 0.518514
H, 0.458463, 0.363299, -1.06124
H, -5.66567, -1.96964, 0.16395

molpro_pot: interatomic distances matrix (angstrom):

\     C1    H2    H3    H4
H2  1.08
H3  1.08  1.87
H4  1.08  1.87  1.87
H5   6.4  7.09  5.63  6.67

Molpro::pot: 1-th molpro energy = -0.0011473 kcal/mole

Molpro::pot: 0-th energy correction = -0.000785849 kcal/mole
Molpro::pot: 1-th energy correction = 0 kcal/mole
molpro_pot: 0-th energy = -0.00193315 kcal/mol
molpro_pot: 1-th energy = -0.0011473 kcal/mol
molpro_pot: coordinates (angstrom):

C, 0.39115, -0.0833548, 0.0463409
H, 1.03868, -0.915331, 0.272255
H, 0.643268, 0.593579, -0.754107
H, -0.50974, 0.0699435, 0.618544
H, -5.82957, 1.2443, -0.688466

molpro_pot: interatomic distances matrix (angstrom):

\     C1    H2    H3    H4
H2  1.08
H3  1.08  1.87
H4  1.08  1.87  1.87
H5   6.4  7.26  6.51   5.6

Molpro::pot: 1-th molpro energy = -0.00115937 kcal/mole

Molpro::pot: 0-th energy correction = -0.00078555 kcal/mole
Molpro::pot: 1-th energy correction = 0 kcal/mole
molpro_pot: 0-th energy = -0.00194492 kcal/mol
molpro_pot: 1-th energy = -0.00115937 kcal/mol
molpro_pot: coordinates (angstrom):

C, -0.328751, 0.146193, 0.180572
H, -0.620401, -0.884696, 0.301906
H, -0.818511, 0.915775, 0.755374
H, 0.454447, 0.407185, -0.512973
H, 4.89885, -2.17897, -2.69435

molpro_pot: interatomic distances matrix (angstrom):

\     C1    H2    H3    H4
H2  1.08
H3  1.08  1.87
H4  1.08  1.87  1.87
H5   6.4  6.41  7.36  5.59

Molpro::pot: 1-th molpro energy = -0.00116979 kcal/mole

Molpro::pot: 0-th energy correction = -0.000785624 kcal/mole
Molpro::pot: 1-th energy correction = 0 kcal/mole
molpro_pot: 0-th energy = -0.00195541 kcal/mol
molpro_pot: 1-th energy = -0.00116979 kcal/mol
molpro_pot: coordinates (angstrom):

C, -0.00457326, 0.268518, -0.300068
H, 0.926544, 0.479122, 0.201112
H, -0.00502119, -0.00569901, -1.34282
H, -0.934664, 0.329051, 0.241955
H, 0.0675936, -3.99967, 4.4726

molpro_pot: interatomic distances matrix (angstrom):

\     C1    H2    H3    H4
H2  1.08
H3  1.08  1.87
H4  1.08  1.87  1.87
H5   6.4  6.25  7.06  6.14

Molpro::pot: 1-th molpro energy = -0.000919171 kcal/mole

Molpro::pot: 0-th energy correction = -0.000785415 kcal/mole
Molpro::pot: 1-th energy correction = 0 kcal/mole
molpro_pot: 0-th energy = -0.00170459 kcal/mol
molpro_pot: 1-th energy = -0.000919171 kcal/mol

(6,0)-th SURFACE:

molpro_pot: coordinates (angstrom):

C, 0.242309, 0.238395, 0.160204
H, -0.397724, -0.32888, 0.816764
H, 0.437462, 1.27885, 0.364845
H, 0.689545, -0.235279, -0.698943
H, -3.61441, -3.55323, -2.39018

molpro_pot: interatomic distances matrix (angstrom):

\     C1    H2    H3    H4
H2  1.08
H3  1.08  1.87
H4  1.08  1.87  1.87
H5  5.98  5.57  6.88  5.69

Molpro::pot: 1-th molpro energy = -0.00155743 kcal/mole

Molpro::pot: 0-th energy correction = -0.00183258 kcal/mole
Molpro::pot: 1-th energy correction = 0 kcal/mole
molpro_pot: 0-th energy = -0.00339001 kcal/mol
molpro_pot: 1-th energy = -0.00155743 kcal/mol
molpro_pot: coordinates (angstrom):

C, -0.0542538, -0.356386, 0.106954
H, -0.0362836, -1.16712, -0.603611
H, 0.512899, 0.540378, -0.0845455
H, -0.641554, -0.441013, 1.0072
H, 0.81093, 5.31118, -1.59252

molpro_pot: interatomic distances matrix (angstrom):

\     C1    H2    H3    H4
H2  1.08
H3  1.08  1.87
H4  1.08  1.87  1.87
H5  5.98  6.61  5.01  6.48

Molpro::pot: 1-th molpro energy = -0.00287034 kcal/mole

Molpro::pot: 0-th energy correction = -0.00183169 kcal/mole
Molpro::pot: 1-th energy correction = 0 kcal/mole
molpro_pot: 0-th energy = -0.00470204 kcal/mol
molpro_pot: 1-th energy = -0.00287034 kcal/mol
molpro_pot: coordinates (angstrom):

C, 0.0807714, -0.130762, 0.343207
H, -0.683637, -0.877102, 0.1977
H, 1.04242, -0.414799, 0.739532
H, -0.115213, 0.898708, 0.0896273
H, -1.2053, 1.95016, -5.11337

molpro_pot: interatomic distances matrix (angstrom):

\     C1    H2    H3    H4
H2  1.08
H3  1.08  1.87
H4  1.08  1.87  1.87
H5  5.98  6.04   6.7  5.42

Molpro::pot: 1-th molpro energy = -0.00172745 kcal/mole

Molpro::pot: 0-th energy correction = -0.00183159 kcal/mole
Molpro::pot: 1-th energy correction = 0 kcal/mole
molpro_pot: 0-th energy = -0.00355904 kcal/mol
molpro_pot: 1-th energy = -0.00172745 kcal/mol
molpro_pot: coordinates (angstrom):

C, -0.174066, -0.314955, -0.109358
H, -0.407457, -0.329822, -1.16189
H, 0.854397, -0.311813, 0.21433
H, -0.968707, -0.300103, 0.619234
H, 2.59434, 4.69185, 1.63043

molpro_pot: interatomic distances matrix (angstrom):

\     C1    H2    H3    H4
H2  1.08
H3  1.08  1.87
H4  1.08  1.87  1.87
H5  5.98  6.48  5.48  6.22

Molpro::pot: 1-th molpro energy = -0.00167962 kcal/mole

Molpro::pot: 0-th energy correction = -0.00183139 kcal/mole
Molpro::pot: 1-th energy correction = 0 kcal/mole
molpro_pot: 0-th energy = -0.00351102 kcal/mol
molpro_pot: 1-th energy = -0.00167962 kcal/mol
molpro_pot: coordinates (angstrom):

C, 0.285619, -0.225236, -0.0953817
H, -0.437652, -0.545344, 0.637371
H, 0.5624, -0.884202, -0.902645
H, 0.729688, 0.754585, -0.0227697
H, -4.25525, 3.35681, 1.42374

molpro_pot: interatomic distances matrix (angstrom):

\     C1    H2    H3    H4
H2  1.08
H3  1.08  1.87
H4  1.08  1.87  1.87
H5  5.98  5.52  6.83  5.81

Molpro::pot: 1-th molpro energy = -0.00162264 kcal/mole

Molpro::pot: 0-th energy correction = -0.00183162 kcal/mole
Molpro::pot: 1-th energy correction = 0 kcal/mole
molpro_pot: 0-th energy = -0.00345427 kcal/mol
molpro_pot: 1-th energy = -0.00162264 kcal/mol

(7,0)-th SURFACE:

molpro_pot: coordinates (angstrom):

C, -0.27065, -0.224946, 0.0247973
H, -1.06108, 0.433206, 0.348177
H, -0.354737, -0.74656, -0.915079
H, 0.604948, -0.359118, 0.63949
H, 4.03345, 3.35087, -0.367846

molpro_pot: interatomic distances matrix (angstrom):

\     C1    H2    H3    H4
H2  1.08
H3  1.08  1.87
H4  1.08  1.87  1.87
H5  5.61  5.91  6.03  5.15

Molpro::pot: 1-th molpro energy = -0.0033087 kcal/mole

Molpro::pot: 0-th energy correction = -0.00384183 kcal/mole
Molpro::pot: 1-th energy correction = 0 kcal/mole
molpro_pot: 0-th energy = -0.00715053 kcal/mol
molpro_pot: 1-th energy = -0.0033087 kcal/mol
molpro_pot: coordinates (angstrom):

C, 0.036777, -0.220233, -0.273115
H, -0.72762, 0.0701478, 0.429659
H, 0.46782, 0.514387, -0.934216
H, 0.372279, -1.24414, -0.312736
H, -0.550376, 3.28188, 4.06923

molpro_pot: interatomic distances matrix (angstrom):

\     C1    H2    H3    H4
H2  1.08
H3  1.08  1.87
H4  1.08  1.87  1.87
H5  5.61  4.86  5.81  6.37

Molpro::pot: 1-th molpro energy = -0.00385007 kcal/mole

Molpro::pot: 0-th energy correction = -0.00384204 kcal/mole
Molpro::pot: 1-th energy correction = 0 kcal/mole
molpro_pot: 0-th energy = -0.00769211 kcal/mol
molpro_pot: 1-th energy = -0.00385007 kcal/mol
molpro_pot: coordinates (angstrom):

C, -0.0188981, 0.220596, 0.274437
H, 0.367375, -0.322389, -0.573192
H, 0.658298, 0.723065, 0.946337
H, -1.08209, 0.263761, 0.448457
H, 0.281433, -3.29104, -4.08928

molpro_pot: interatomic distances matrix (angstrom):

\     C1    H2    H3    H4
H2  1.08
H3  1.08  1.87
H4  1.08  1.87  1.87
H5  5.61   4.6  6.45  5.92

Molpro::pot: 1-th molpro energy = -0.00537887 kcal/mole

Molpro::pot: 0-th energy correction = -0.00384326 kcal/mole
Molpro::pot: 1-th energy correction = 0 kcal/mole
molpro_pot: 0-th energy = -0.00922213 kcal/mol
molpro_pot: 1-th energy = -0.00537887 kcal/mol
molpro_pot: coordinates (angstrom):

C, 0.0889939, -0.181669, 0.288776
H, -0.0483864, -0.0659996, -0.774362
H, -0.668846, 0.168539, 0.971089
H, 0.982391, -0.650129, 0.669444
H, -1.32479, 2.71069, -4.30458

molpro_pot: interatomic distances matrix (angstrom):

\     C1    H2    H3    H4
H2  1.08
H3  1.08  1.87
H4  1.08  1.87  1.87
H5  5.61  4.67  5.89  6.43

Molpro::pot: 1-th molpro energy = -0.00485664 kcal/mole

Molpro::pot: 0-th energy correction = -0.00384348 kcal/mole
Molpro::pot: 1-th energy correction = 0 kcal/mole
molpro_pot: 0-th energy = -0.00870012 kcal/mol
molpro_pot: 1-th energy = -0.00485664 kcal/mol
molpro_pot: coordinates (angstrom):

C, 0.219686, 0.0922548, -0.25986
H, -0.46524, -0.689096, -0.547755
H, 0.545514, 0.172384, 0.764803
H, 0.581122, 0.791354, -0.996844
H, -3.27716, -1.3731, 3.87391

molpro_pot: interatomic distances matrix (angstrom):

\     C1    H2    H3    H4
H2  1.08
H3  1.08  1.87
H4  1.08  1.87  1.87
H5  5.61  5.28  5.16  6.58

Molpro::pot: 1-th molpro energy = -0.00294963 kcal/mole

Molpro::pot: 0-th energy correction = -0.00384365 kcal/mole
Molpro::pot: 1-th energy correction = 0 kcal/mole
molpro_pot: 0-th energy = -0.00679328 kcal/mol
molpro_pot: 1-th energy = -0.00294963 kcal/mol

(8,0)-th SURFACE:

molpro_pot: coordinates (angstrom):

C, 0.326867, -0.0103246, -0.0609803
H, 0.374248, 0.154592, 1.00348
H, 1.2302, -0.204376, -0.616728
H, -0.623741, 0.0157018, -0.569103
H, -4.87265, 0.157015, 0.908435

molpro_pot: interatomic distances matrix (angstrom):

\     C1    H2    H3    H4
H2  1.08
H3  1.08  1.87
H4  1.08  1.87  1.87
H5  5.29  5.25   6.3   4.5

Molpro::pot: 1-th molpro energy = -0.00590704 kcal/mole

Molpro::pot: 0-th energy correction = -0.00725211 kcal/mole
Molpro::pot: 1-th energy correction = 0 kcal/mole
molpro_pot: 0-th energy = -0.0131591 kcal/mol
molpro_pot: 1-th energy = -0.00590704 kcal/mol
molpro_pot: coordinates (angstrom):

C, -0.0339238, 0.301945, -0.135279
H, 0.540965, -0.542491, 0.209606
H, 0.226463, 1.29791, 0.185299
H, -0.866962, 0.150906, -0.802928
H, 0.503459, -4.50153, 2.01877

molpro_pot: interatomic distances matrix (angstrom):

\     C1    H2    H3    H4
H2  1.08
H3  1.08  1.87
H4  1.08  1.87  1.87
H5  5.29  4.35  6.09  5.61

Molpro::pot: 1-th molpro energy = -0.00762911 kcal/mole

Molpro::pot: 0-th energy correction = -0.00725309 kcal/mole
Molpro::pot: 1-th energy correction = 0 kcal/mole
molpro_pot: 0-th energy = -0.0148822 kcal/mol
molpro_pot: 1-th energy = -0.00762911 kcal/mol
molpro_pot: coordinates (angstrom):

C, 0.296261, 0.137391, -0.0624805
H, 0.840916, -0.510339, -0.730546
H, 0.73709, 0.438541, 0.874268
H, -0.687557, 0.486395, -0.332332
H, -4.41797, -2.05049, 0.932555

molpro_pot: interatomic distances matrix (angstrom):

\     C1    H2    H3    H4
H2  1.08
H3  1.08  1.87
H4  1.08  1.87  1.87
H5  5.29  5.73  5.72  4.69

Molpro::pot: 1-th molpro energy = -0.0069109 kcal/mole

Molpro::pot: 0-th energy correction = -0.00725465 kcal/mole
Molpro::pot: 1-th energy correction = 0 kcal/mole
molpro_pot: 0-th energy = -0.0141656 kcal/mol
molpro_pot: 1-th energy = -0.0069109 kcal/mol
molpro_pot: coordinates (angstrom):

C, 0.255998, 0.119342, -0.176103
H, 1.08449, 0.508783, 0.39351
H, 0.307321, -0.874597, -0.590794
H, -0.624758, 0.72233, -0.32841
H, -3.81517, -1.77751, 2.62252

molpro_pot: interatomic distances matrix (angstrom):

\     C1    H2    H3    H4
H2  1.08
H3  1.08  1.87
H4  1.08  1.87  1.87
H5  5.29  5.85   5.3  5.01

Molpro::pot: 1-th molpro energy = -0.00662448 kcal/mole

Molpro::pot: 0-th energy correction = -0.00724944 kcal/mole
Molpro::pot: 1-th energy correction = 0 kcal/mole
molpro_pot: 0-th energy = -0.0138739 kcal/mol
molpro_pot: 1-th energy = -0.00662448 kcal/mol
molpro_pot: coordinates (angstrom):

C, 0.195648, -0.255711, 0.0837824
H, 0.0416214, 0.0481194, 1.10676
H, 0.614509, -1.22531, -0.132902
H, -0.0719126, 0.408457, -0.722327
H, -2.91376, 3.81345, -1.24911

molpro_pot: interatomic distances matrix (angstrom):

\     C1    H2    H3    H4
H2  1.08
H3  1.08  1.87
H4  1.08  1.87  1.87
H5  5.29  5.33  6.25  4.47

Molpro::pot: 1-th molpro energy = -0.00633501 kcal/mole

Molpro::pot: 0-th energy correction = -0.0072517 kcal/mole
Molpro::pot: 1-th energy correction = 0 kcal/mole
molpro_pot: 0-th energy = -0.0135867 kcal/mol
molpro_pot: 1-th energy = -0.00633501 kcal/mol

(9,0)-th SURFACE:

molpro_pot: coordinates (angstrom):

C, 0.0806518, -0.271802, 0.139252
H, -0.589823, -1.06949, 0.41616
H, 0.559, 0.319504, 0.90349
H, 0.275184, -0.0674144, -0.901374
H, -1.20467, 4.0537, -2.07633

molpro_pot: interatomic distances matrix (angstrom):

\     C1    H2    H3    H4
H2  1.08
H3  1.08  1.87
H4  1.08  1.87  1.87
H5  5.03  5.73  5.09  4.53

Molpro::pot: 1-th molpro energy = -0.0118249 kcal/mole

Molpro::pot: 0-th energy correction = -0.0123146 kcal/mole
Molpro::pot: 1-th energy correction = 0 kcal/mole
molpro_pot: 0-th energy = -0.0241395 kcal/mol
molpro_pot: 1-th energy = -0.0118249 kcal/mol
molpro_pot: coordinates (angstrom):

C, -0.237094, -0.130369, 0.163507
H, -0.962128, -0.919504, 0.282276
H, 0.801752, -0.315545, 0.384928
H, -0.550172, 0.842694, -0.179498
H, 3.53358, 1.94463, -2.43456

molpro_pot: interatomic distances matrix (angstrom):

\     C1    H2    H3    H4
H2  1.08
H3  1.08  1.87
H4  1.08  1.87  1.87
H5  5.03  5.98  4.53  4.79

Molpro::pot: 1-th molpro energy = -0.00878391 kcal/mole

Molpro::pot: 0-th energy correction = -0.012308 kcal/mole
Molpro::pot: 1-th energy correction = 0 kcal/mole
molpro_pot: 0-th energy = -0.0210919 kcal/mol
molpro_pot: 1-th energy = -0.00878391 kcal/mol
molpro_pot: coordinates (angstrom):

C, 0.145387, -0.00433763, 0.280765
H, 0.160687, -0.909997, 0.865626
H, 0.563043, 0.00207699, -0.713237
H, -0.290144, 0.893789, 0.688445
H, -2.16469, 0.0657789, -4.18386

molpro_pot: interatomic distances matrix (angstrom):

\     C1    H2    H3    H4
H2  1.08
H3  1.08  1.87
H4  1.08  1.87  1.87
H5  5.03  5.64  4.41  5.29

Molpro::pot: 1-th molpro energy = -0.0121495 kcal/mole

Molpro::pot: 0-th energy correction = -0.0123064 kcal/mole
Molpro::pot: 1-th energy correction = 0 kcal/mole
molpro_pot: 0-th energy = -0.0244559 kcal/mol
molpro_pot: 1-th energy = -0.0121495 kcal/mol
molpro_pot: coordinates (angstrom):

C, 0.18719, 0.0593149, 0.247571
H, 0.370726, -0.380449, 1.21475
H, 0.619413, 1.01552, -0.000154821
H, -0.425757, -0.458252, -0.472805
H, -2.79322, -0.883075, -3.68958

molpro_pot: interatomic distances matrix (angstrom):

\     C1    H2    H3    H4
H2  1.08
H3  1.08  1.87
H4  1.08  1.87  1.87
H5  5.03  5.86  5.37  4.02

Molpro::pot: 1-th molpro energy = -0.0101662 kcal/mole

Molpro::pot: 0-th energy correction = -0.0123116 kcal/mole
Molpro::pot: 1-th energy correction = 0 kcal/mole
molpro_pot: 0-th energy = -0.0224778 kcal/mol
molpro_pot: 1-th energy = -0.0101662 kcal/mol
molpro_pot: coordinates (angstrom):

C, -0.162903, 0.218491, 0.159675
H, -1.00308, -0.455478, 0.110917
H, 0.254661, 0.625286, -0.747341
H, 0.257665, 0.488064, 1.11517
H, 2.43041, -3.25941, -2.37997

molpro_pot: interatomic distances matrix (angstrom):

\     C1    H2    H3    H4
H2  1.08
H3  1.08  1.87
H4  1.08  1.87  1.87
H5  5.03  5.08  4.74  5.57

Molpro::pot: 1-th molpro energy = -0.0132082 kcal/mole

Molpro::pot: 0-th energy correction = -0.0123147 kcal/mole
Molpro::pot: 1-th energy correction = 0 kcal/mole
molpro_pot: 0-th energy = -0.0255229 kcal/mol
molpro_pot: 1-th energy = -0.0132082 kcal/mol

(9,0)-th SURFACE:

molpro_pot: coordinates (angstrom):

C, -0.0283941, 0.276245, 0.150526
H, 0.982428, 0.638906, 0.246602
H, -0.700179, 0.324192, 0.992503
H, -0.368345, -0.131368, -0.787986
H, 0.42418, -4.12093, -2.24341

molpro_pot: interatomic distances matrix (angstrom):

\     C1    H2    H3    H4
H2  1.08
H3  1.08  1.87
H4  1.08  1.87  1.87
H5  5.03   5.4  5.61  4.32

Molpro::pot: 1-th molpro energy = -0.0120188 kcal/mole

Molpro::pot: 0-th energy correction = -0.0123145 kcal/mole
Molpro::pot: 1-th energy correction = 0 kcal/mole
molpro_pot: 0-th energy = -0.0243333 kcal/mol
molpro_pot: 1-th energy = -0.0120188 kcal/mol
molpro_pot: coordinates (angstrom):

C, 0.0553604, -0.0365282, -0.308806
H, -0.489494, -0.815157, -0.818107
H, 1.10199, -0.168714, -0.0860796
H, -0.445343, 0.87523, -0.0250569
H, -0.826322, 0.543576, 4.60615

molpro_pot: interatomic distances matrix (angstrom):

\     C1    H2    H3    H4
H2  1.08
H3  1.08  1.87
H4  1.08  1.87  1.87
H5  5.03   5.6  5.12  4.66

Molpro::pot: 1-th molpro energy = -0.0128864 kcal/mole

Molpro::pot: 0-th energy correction = -0.0123151 kcal/mole
Molpro::pot: 1-th energy correction = 0 kcal/mole
molpro_pot: 0-th energy = -0.0252015 kcal/mol
molpro_pot: 1-th energy = -0.0128864 kcal/mol
molpro_pot: coordinates (angstrom):

C, -0.203074, -0.0429743, -0.23856
H, -0.0963536, 0.95259, -0.638533
H, 0.671436, -0.646384, -0.055129
H, -1.18365, -0.433931, -0.0191618
H, 3.02654, 0.639413, 3.55332

molpro_pot: interatomic distances matrix (angstrom):

\     C1    H2    H3    H4
H2  1.08
H3  1.08  1.87
H4  1.08  1.87  1.87
H5  5.03  5.24   4.5  5.62

Molpro::pot: 1-th molpro energy = -0.0123952 kcal/mole

Molpro::pot: 0-th energy correction = -0.0123059 kcal/mole
Molpro::pot: 1-th energy correction = 0 kcal/mole
molpro_pot: 0-th energy = -0.0247011 kcal/mol
molpro_pot: 1-th energy = -0.0123952 kcal/mol
molpro_pot: coordinates (angstrom):

C, -0.240734, 0.173887, 0.108147
H, 0.773144, -0.164176, 0.250551
H, -0.844316, -0.249713, -0.678473
H, -0.65199, 0.933012, 0.753994
H, 3.58955, -2.58956, -1.61376

molpro_pot: interatomic distances matrix (angstrom):

\     C1    H2    H3    H4
H2  1.08
H3  1.08  1.87
H4  1.08  1.87  1.87
H5  5.03  4.16   5.1     6

Molpro::pot: 1-th molpro energy = -0.00855939 kcal/mole

Molpro::pot: 0-th energy correction = -0.0123102 kcal/mole
Molpro::pot: 1-th energy correction = 0 kcal/mole
molpro_pot: 0-th energy = -0.0208696 kcal/mol
molpro_pot: 1-th energy = -0.00855939 kcal/mol
molpro_pot: coordinates (angstrom):

C, 0.0719586, 0.181949, -0.248054
H, 1.0627, -0.200296, -0.0614234
H, -0.0559355, 1.1052, -0.790059
H, -0.790718, -0.36033, 0.104429
H, -1.07285, -2.711, 3.70059

molpro_pot: interatomic distances matrix (angstrom):

\     C1    H2    H3    H4
H2  1.08
H3  1.08  1.87
H4  1.08  1.87  1.87
H5  5.03     5  5.98  4.31

Molpro::pot: 1-th molpro energy = -0.00880783 kcal/mole

Molpro::pot: 0-th energy correction = -0.012313 kcal/mole
Molpro::pot: 1-th energy correction = 0 kcal/mole
molpro_pot: 0-th energy = -0.0211209 kcal/mol
molpro_pot: 1-th energy = -0.00880783 kcal/mol

(10,0)-th SURFACE:

molpro_pot: coordinates (angstrom):

C, 0.0835196, 0.181065, 0.200681
H, 0.68155, 0.0498176, 1.08818
H, 0.454776, 0.780134, -0.615287
H, -0.884056, -0.289047, 0.127796
H, -1.24672, -2.69682, -2.99016

molpro_pot: interatomic distances matrix (angstrom):

\     C1    H2    H3    H4
H2  1.08
H3  1.08  1.87
H4  1.08  1.87  1.87
H5   4.5  5.28  4.54  3.96

Molpro::pot: 1-th molpro energy = -0.0368166 kcal/mole

Molpro::pot: 0-th energy correction = -0.0354641 kcal/mole
Molpro::pot: 1-th energy correction = 0 kcal/mole
molpro_pot: 0-th energy = -0.0722807 kcal/mol
molpro_pot: 1-th energy = -0.0368166 kcal/mol
molpro_pot: coordinates (angstrom):

C, -0.124943, -0.0147048, -0.253477
H, -0.769919, 0.661358, 0.284539
H, 0.731395, 0.366959, -0.785959
H, -0.33435, -1.07237, -0.256521
H, 1.86055, 0.219143, 3.77605

molpro_pot: interatomic distances matrix (angstrom):

\     C1    H2    H3    H4
H2  1.08
H3  1.08  1.87
H4  1.08  1.87  1.87
H5   4.5  4.39   4.7  4.77

Molpro::pot: 1-th molpro energy = -0.061496 kcal/mole

Molpro::pot: 0-th energy correction = -0.0354586 kcal/mole
Molpro::pot: 1-th energy correction = 0 kcal/mole
molpro_pot: 0-th energy = -0.0969546 kcal/mol
molpro_pot: 1-th energy = -0.061496 kcal/mol
molpro_pot: coordinates (angstrom):

C, 0.15448, -0.0245811, 0.235461
H, 0.64424, -0.84268, -0.267894
H, -0.889927, 0.172, 0.0535624
H, 0.708014, 0.594837, 0.922804
H, -2.3017, 0.368525, -3.51206

molpro_pot: interatomic distances matrix (angstrom):

\     C1    H2    H3    H4
H2  1.08
H3  1.08  1.87
H4  1.08  1.87  1.87
H5   4.5  4.55  3.84  5.36

Molpro::pot: 1-th molpro energy = -0.0274797 kcal/mole

Molpro::pot: 0-th energy correction = -0.0354796 kcal/mole
Molpro::pot: 1-th energy correction = 0 kcal/mole
molpro_pot: 0-th energy = -0.0629593 kcal/mol
molpro_pot: 1-th energy = -0.0274797 kcal/mol
molpro_pot: coordinates (angstrom):

C, -0.0253978, -0.120406, 0.254661
H, -0.081963, -0.0829253, 1.33072
H, -0.793129, -0.627145, -0.307765
H, 0.796871, 0.351282, -0.259056
H, 0.380627, 1.79244, -3.79611

molpro_pot: interatomic distances matrix (angstrom):

\     C1    H2    H3    H4
H2  1.08
H3  1.08  1.87
H4  1.08  1.87  1.87
H5   4.5  5.48   4.4  3.84

Molpro::pot: 1-th molpro energy = -0.0177581 kcal/mole

Molpro::pot: 0-th energy correction = -0.0354689 kcal/mole
Molpro::pot: 1-th energy correction = 0 kcal/mole
molpro_pot: 0-th energy = -0.053227 kcal/mol
molpro_pot: 1-th energy = -0.0177581 kcal/mol
molpro_pot: coordinates (angstrom):

C, -0.202486, 0.0956824, 0.172807
H, -1.0004, 0.479551, -0.442416
H, -0.432033, -0.457028, 1.06966
H, 0.824568, 0.261723, -0.110236
H, 3.01882, -1.42352, -2.57459

molpro_pot: interatomic distances matrix (angstrom):

\     C1    H2    H3    H4
H2  1.08
H3  1.08  1.87
H4  1.08  1.87  1.87
H5   4.5  4.93  5.11  3.71

Molpro::pot: 1-th molpro energy = -0.0319315 kcal/mole

Molpro::pot: 0-th energy correction = -0.0354661 kcal/mole
Molpro::pot: 1-th energy correction = 0 kcal/mole
molpro_pot: 0-th energy = -0.0673976 kcal/mol
molpro_pot: 1-th energy = -0.0319315 kcal/mol

(11,0)-th SURFACE:

molpro_pot: coordinates (angstrom):

C, 0.0972872, -0.137615, 0.206071
H, 0.162986, 0.39349, -0.729945
H, 0.717591, 0.157055, 1.03728
H, -0.590616, -0.961086, 0.311924
H, -1.44834, 2.0491, -3.07291

molpro_pot: interatomic distances matrix (angstrom):

\     C1    H2    H3    H4
H2  1.08
H3  1.08  1.87
H4  1.08  1.87  1.87
H5  4.23  3.29  5.02  4.61

Molpro::pot: 1-th molpro energy = -0.0154507 kcal/mole

Molpro::pot: 0-th energy correction = -0.0602079 kcal/mole
Molpro::pot: 1-th energy correction = 0 kcal/mole
molpro_pot: 0-th energy = -0.0756585 kcal/mol
molpro_pot: 1-th energy = -0.0154507 kcal/mol
molpro_pot: coordinates (angstrom):

C, -0.0938464, -0.247769, 0.0261595
H, 0.213829, -0.857478, 0.860489
H, -1.12322, -0.253576, -0.294577
H, 0.62683, 0.369895, -0.485345
H, 1.39998, 3.6913, -0.392044

molpro_pot: interatomic distances matrix (angstrom):

\     C1    H2    H3    H4
H2  1.08
H3  1.08  1.87
H4  1.08  1.87  1.87
H5  4.23  4.86  4.68  3.41

Molpro::pot: 1-th molpro energy = -0.0474435 kcal/mole

Molpro::pot: 0-th energy correction = -0.060205 kcal/mole
Molpro::pot: 1-th energy correction = 0 kcal/mole
molpro_pot: 0-th energy = -0.107648 kcal/mol
molpro_pot: 1-th energy = -0.0474435 kcal/mol
molpro_pot: coordinates (angstrom):

C, 0.190597, -0.0913654, -0.161657
H, 0.35098, -1.15752, -0.151219
H, -0.312533, 0.385767, 0.664009
H, 0.535902, 0.497947, -0.99592
H, -2.84375, 1.36168, 2.40795

molpro_pot: interatomic distances matrix (angstrom):

\     C1    H2    H3    H4
H2  1.08
H3  1.08  1.87
H4  1.08  1.87  1.87
H5  4.23  4.81  3.23  4.87

Molpro::pot: 1-th molpro energy = -0.00875793 kcal/mole

Molpro::pot: 0-th energy correction = -0.0602215 kcal/mole
Molpro::pot: 1-th energy correction = 0 kcal/mole
molpro_pot: 0-th energy = -0.0689795 kcal/mol
molpro_pot: 1-th energy = -0.00875793 kcal/mol
molpro_pot: coordinates (angstrom):

C, -0.0794196, -0.103582, 0.231896
H, 0.592595, 0.077868, -0.591504
H, -1.1401, -0.181035, 0.0544908
H, 0.309258, -0.21064, 1.23189
H, 1.18388, 1.54714, -3.45602

molpro_pot: interatomic distances matrix (angstrom):

\     C1    H2    H3    H4
H2  1.08
H3  1.08  1.87
H4  1.08  1.87  1.87
H5  4.23  3.27  4.55  5.08

Molpro::pot: 1-th molpro energy = -0.00473046 kcal/mole

Molpro::pot: 0-th energy correction = -0.0602205 kcal/mole
Molpro::pot: 1-th energy correction = 0 kcal/mole
molpro_pot: 0-th energy = -0.0649509 kcal/mol
molpro_pot: 1-th energy = -0.00473046 kcal/mol
molpro_pot: coordinates (angstrom):

C, 0.1443, 0.189441, -0.119186
H, 0.604406, 0.227814, 0.855158
H, -0.102378, -0.762519, -0.561272
H, -0.0719194, 1.10269, -0.649989
H, -2.14826, -2.82362, 1.77523

molpro_pot: interatomic distances matrix (angstrom):

\     C1    H2    H3    H4
H2  1.08
H3  1.08  1.87
H4  1.08  1.87  1.87
H5  4.23  4.21  3.73  5.06

Molpro::pot: 1-th molpro energy = -0.0635158 kcal/mole

Molpro::pot: 0-th energy correction = -0.0601971 kcal/mole
Molpro::pot: 1-th energy correction = 0 kcal/mole
molpro_pot: 0-th energy = -0.123713 kcal/mol
molpro_pot: 1-th energy = -0.0635158 kcal/mol

(12,0)-th SURFACE:

molpro_pot: coordinates (angstrom):

C, -0.0256746, 0.231673, -0.0888107
H, -0.00235058, 0.623423, 0.915432
H, -0.370534, -0.774282, -0.266702
H, 0.292776, 0.846583, -0.915247
H, 0.385812, -3.45422, 1.32397

molpro_pot: interatomic distances matrix (angstrom):

\     C1    H2    H3    H4
H2  1.08
H3  1.08  1.87
H4  1.08  1.87  1.87
H5  3.97  4.12  3.21  4.85

Molpro::pot: 1-th molpro energy = -0.0424198 kcal/mole

Molpro::pot: 0-th energy correction = -0.101833 kcal/mole
Molpro::pot: 1-th energy correction = 0 kcal/mole
molpro_pot: 0-th energy = -0.144252 kcal/mol
molpro_pot: 1-th energy = -0.0424198 kcal/mol
molpro_pot: coordinates (angstrom):

C, 0.165902, -0.18388, -0.0298294
H, -0.654419, -0.152458, -0.72883
H, 0.0506523, 0.238934, 0.955292
H, 1.10012, -0.64066, -0.314642
H, -2.47172, 2.74362, 0.443354

molpro_pot: interatomic distances matrix (angstrom):

\     C1    H2    H3    H4
H2  1.08
H3  1.08  1.87
H4  1.08  1.87  1.87
H5  3.97  3.61  3.59  4.98

Molpro::pot: 1-th molpro energy = -0.0408049 kcal/mole

Molpro::pot: 0-th energy correction = -0.10183 kcal/mole
Molpro::pot: 1-th energy correction = 0 kcal/mole
molpro_pot: 0-th energy = -0.142635 kcal/mol
molpro_pot: 1-th energy = -0.0408049 kcal/mol
molpro_pot: coordinates (angstrom):

C, 0.0155338, -0.20092, -0.147041
H, 1.0513, 0.0980118, -0.165826
H, -0.315207, -1.03531, -0.744468
H, -0.688685, 0.332291, 0.471249
H, -0.232361, 2.99733, 2.18984

molpro_pot: interatomic distances matrix (angstrom):

\     C1    H2    H3    H4
H2  1.08
H3  1.08  1.87
H4  1.08  1.87  1.87
H5  3.97  3.95  4.99   3.2

Molpro::pot: 1-th molpro energy = 0.0177894 kcal/mole

Molpro::pot: 0-th energy correction = -0.101828 kcal/mole
Molpro::pot: 1-th energy correction = 0 kcal/mole
molpro_pot: 0-th energy = -0.0840386 kcal/mol
molpro_pot: 1-th energy = 0.0177894 kcal/mol
molpro_pot: coordinates (angstrom):

C, -0.179553, 0.169274, 0.0382263
H, -0.282908, 0.077486, 1.10753
H, 0.480411, 0.913844, -0.377203
H, -0.733518, -0.485232, -0.615429
H, 2.67392, -2.52162, -0.570051

molpro_pot: interatomic distances matrix (angstrom):

\     C1    H2    H3    H4
H2  1.08
H3  1.08  1.87
H4  1.08  1.87  1.87
H5  3.97  4.28  4.08  3.97

Molpro::pot: 1-th molpro energy = -0.248196 kcal/mole

Molpro::pot: 0-th energy correction = -0.101782 kcal/mole
Molpro::pot: 1-th energy correction = 0 kcal/mole
molpro_pot: 0-th energy = -0.349978 kcal/mol
molpro_pot: 1-th energy = -0.248196 kcal/mol
molpro_pot: coordinates (angstrom):

C, -0.0907292, -0.0550647, -0.225899
H, -0.0277682, 1.01786, -0.140024
H, 0.436944, -0.683317, 0.473657
H, -0.683582, -0.499682, -1.00907
H, 1.3547, 0.820781, 3.36519

molpro_pot: interatomic distances matrix (angstrom):

\     C1    H2    H3    H4
H2  1.08
H3  1.08  1.87
H4  1.08  1.87  1.87
H5  3.97  3.77  3.39     5

Molpro::pot: 1-th molpro energy = -0.0109431 kcal/mole

Molpro::pot: 0-th energy correction = -0.101804 kcal/mole
Molpro::pot: 1-th energy correction = 0 kcal/mole
molpro_pot: 0-th energy = -0.112747 kcal/mol
molpro_pot: 1-th energy = -0.0109431 kcal/mol
