
(0,0)-th SURFACE:

molpro_pot: coordinates (angstrom):

C, -0.283765, -0.425713, -0.425264
H, -1.06786, -0.319189, -1.15764
H, 0.0486337, -1.40829, -0.13105
H, 0.169959, 0.449939, 0.0105
H, 4.228, 6.34643, 6.34173

molpro_pot: interatomic distances matrix (angstrom):

\     C1    H2    H3    H4
H2  1.08
H3  1.08  1.87
H4  1.08  1.87  1.87
H5  10.6  11.3  10.9  9.56

Molpro::pot: 1-th molpro energy = -5.16934e-05 kcal/mole

Molpro::pot: 0-th energy correction = -1.8375e-07 kcal/mole
Molpro::pot: 1-th energy correction = 0 kcal/mole
molpro_pot: 0-th energy = -5.18772e-05 kcal/mol
molpro_pot: 1-th energy = -5.16934e-05 kcal/mol
molpro_pot: coordinates (angstrom):

C, -0.307943, -0.225613, -0.545163
H, 0.322209, -0.635751, -1.31796
H, -0.516565, -0.80174, 0.342009
H, -0.726842, 0.761462, -0.657978
H, 4.58782, 3.36236, 8.12509

molpro_pot: interatomic distances matrix (angstrom):

\     C1    H2    H3    H4
H2  1.08
H3  1.08  1.87
H4  1.08  1.87  1.87
H5  10.6  11.1  10.2  10.6

Molpro::pot: 1-th molpro energy = -5.77743e-05 kcal/mole

Molpro::pot: 0-th energy correction = -1.83659e-07 kcal/mole
Molpro::pot: 1-th energy correction = 0 kcal/mole
molpro_pot: 0-th energy = -5.7958e-05 kcal/mol
molpro_pot: 1-th energy = -5.77743e-05 kcal/mol
molpro_pot: coordinates (angstrom):

C, -0.55184, -0.330943, 0.168954
H, 0.286916, -0.02999, -0.438032
H, -1.42287, 0.301037, 0.235491
H, -0.520957, -1.26493, 0.706762
H, 8.22757, 4.93436, -2.51593

molpro_pot: interatomic distances matrix (angstrom):

\     C1    H2    H3    H4
H2  1.08
H3  1.08  1.87
H4  1.08  1.87  1.87
H5  10.6  9.59  11.1  11.2

Molpro::pot: 1-th molpro energy = -5.56204e-05 kcal/mole

Molpro::pot: 0-th energy correction = -1.83752e-07 kcal/mole
Molpro::pot: 1-th energy correction = 0 kcal/mole
molpro_pot: 0-th energy = -5.58042e-05 kcal/mol
molpro_pot: 1-th energy = -5.56204e-05 kcal/mol
molpro_pot: coordinates (angstrom):

C, 0.423421, 0.288636, 0.424601
H, -0.571195, 0.467259, 0.800564
H, 0.663945, -0.656726, -0.0346995
H, 1.17644, 1.05611, 0.505054
H, -6.31079, -4.30338, -6.32657

molpro_pot: interatomic distances matrix (angstrom):

\     C1    H2    H3    H4
H2  1.08
H3  1.08  1.87
H4  1.08  1.87  1.87
H5  10.6  10.3  10.1  11.5

Molpro::pot: 1-th molpro energy = -5.88421e-05 kcal/mole

Molpro::pot: 0-th energy correction = -1.83672e-07 kcal/mole
Molpro::pot: 1-th energy correction = 0 kcal/mole
molpro_pot: 0-th energy = -5.90258e-05 kcal/mol
molpro_pot: 1-th energy = -5.88421e-05 kcal/mol
molpro_pot: coordinates (angstrom):

C, 0.557451, 0.362061, 0.0297175
H, -0.400953, 0.00953276, -0.31626
H, 0.865773, 1.37432, -0.177155
H, 1.20604, -0.296342, 0.585023
H, -8.30833, -5.39851, -0.445449

molpro_pot: interatomic distances matrix (angstrom):

\     C1    H2    H3    H4
H2  1.08
H3  1.08  1.87
H4  1.08  1.87  1.87
H5  10.6  9.58  11.4  10.8

Molpro::pot: 1-th molpro energy = -0.000103012 kcal/mole

Molpro::pot: 0-th energy correction = -1.83716e-07 kcal/mole
Molpro::pot: 1-th energy correction = 0 kcal/mole
molpro_pot: 0-th energy = -0.000103196 kcal/mol
molpro_pot: 1-th energy = -0.000103012 kcal/mol

(1,0)-th SURFACE:

molpro_pot: coordinates (angstrom):

C, 0.143866, 0.528622, -0.139548
H, -0.166492, 1.09845, 0.721553
H, -0.352411, 0.669782, -1.08628
H, 0.952202, -0.179852, -0.0548265
H, -2.14629, -7.88258, 2.08113

molpro_pot: interatomic distances matrix (angstrom):

\     C1    H2    H3    H4
H2  1.08
H3  1.08  1.87
H4  1.08  1.87  1.87
H5     9   9.3  9.29  8.57

Molpro::pot: 1-th molpro energy = -0.000122041 kcal/mole

Molpro::pot: 0-th energy correction = -4.39778e-06 kcal/mole
Molpro::pot: 1-th energy correction = 0 kcal/mole
molpro_pot: 0-th energy = -0.000126439 kcal/mol
molpro_pot: 1-th energy = -0.000122041 kcal/mol
molpro_pot: coordinates (angstrom):

C, -0.446081, 0.344711, -0.044786
H, 0.348263, -0.271271, 0.345214
H, -0.928939, 0.0782839, -0.971275
H, -0.759623, 1.22507, 0.492965
H, 6.6517, -5.1365, 0.666355

molpro_pot: interatomic distances matrix (angstrom):

\     C1    H2    H3    H4
H2  1.08
H3  1.08  1.87
H4  1.08  1.87  1.87
H5     9  7.97  9.35  9.77

Molpro::pot: 1-th molpro energy = -9.84472e-05 kcal/mole

Molpro::pot: 0-th energy correction = -4.39617e-06 kcal/mole
Molpro::pot: 1-th energy correction = 0 kcal/mole
molpro_pot: 0-th energy = -0.000102843 kcal/mol
molpro_pot: 1-th energy = -9.84472e-05 kcal/mol
molpro_pot: coordinates (angstrom):

C, 0.495962, -0.21625, 0.165283
H, 0.321651, 0.507514, 0.945217
H, -0.209296, -1.01592, 0.00509771
H, 1.37354, -0.138691, -0.456292
H, -7.39123, 3.22195, -2.46202

molpro_pot: interatomic distances matrix (angstrom):

\     C1    H2    H3    H4
H2  1.08
H3  1.08  1.87
H4  1.08  1.87  1.87
H5     9  8.86   8.7   9.6

Molpro::pot: 1-th molpro energy = -7.57902e-05 kcal/mole

Molpro::pot: 0-th energy correction = -4.39429e-06 kcal/mole
Molpro::pot: 1-th energy correction = 0 kcal/mole
molpro_pot: 0-th energy = -8.01844e-05 kcal/mol
molpro_pot: 1-th energy = -7.57902e-05 kcal/mol
molpro_pot: coordinates (angstrom):

C, -0.482942, 0.0898254, -0.280148
H, -0.705484, 0.692648, -1.14594
H, 0.365981, 0.329992, 0.339665
H, -1.11079, -0.75098, -0.0324093
H, 7.2006, -1.3412, 4.17436

molpro_pot: interatomic distances matrix (angstrom):

\     C1    H2    H3    H4
H2  1.08
H3  1.08  1.87
H4  1.08  1.87  1.87
H5     9  9.74  8.01  9.33

Molpro::pot: 1-th molpro energy = -0.000122257 kcal/mole

Molpro::pot: 0-th energy correction = -4.39644e-06 kcal/mole
Molpro::pot: 1-th energy correction = 0 kcal/mole
molpro_pot: 0-th energy = -0.000126653 kcal/mol
molpro_pot: 1-th energy = -0.000122257 kcal/mol
molpro_pot: coordinates (angstrom):

C, 0.404633, 0.168452, -0.357701
H, 0.818816, 0.729625, 0.464523
H, 0.910438, -0.713357, -0.716996
H, -0.516589, 0.487093, -0.818504
H, -6.03056, -2.50908, 5.33007

molpro_pot: interatomic distances matrix (angstrom):

\     C1    H2    H3    H4
H2  1.08
H3  1.08  1.87
H4  1.08  1.87  1.87
H5     9     9  9.38  8.79

Molpro::pot: 1-th molpro energy = -9.8343e-05 kcal/mole

Molpro::pot: 0-th energy correction = -4.39434e-06 kcal/mole
Molpro::pot: 1-th energy correction = 0 kcal/mole
molpro_pot: 0-th energy = -0.000102737 kcal/mol
molpro_pot: 1-th energy = -9.8343e-05 kcal/mol

(2,0)-th SURFACE:

molpro_pot: coordinates (angstrom):

C, 0.00230297, -0.408337, 0.31473
H, -0.826552, -0.534549, 0.992658
H, 0.926215, -0.935963, 0.489415
H, -0.0936314, 0.242802, -0.539281
H, -0.0334533, 6.0897, -4.69023

molpro_pot: interatomic distances matrix (angstrom):

\     C1    H2    H3    H4
H2  1.08
H3  1.08  1.87
H4  1.08  1.87  1.87
H5   8.2  8.76  8.78  7.17

Molpro::pot: 1-th molpro energy = -0.000218778 kcal/mole

Molpro::pot: 0-th energy correction = -2.15068e-05 kcal/mole
Molpro::pot: 1-th energy correction = 0 kcal/mole
molpro_pot: 0-th energy = -0.000240285 kcal/mol
molpro_pot: 1-th energy = -0.000218778 kcal/mol
molpro_pot: coordinates (angstrom):

C, -0.0575237, 0.143002, -0.491926
H, -0.563969, 0.767084, 0.226788
H, -0.228174, -0.921602, -0.495818
H, 0.616941, 0.583605, -1.20851
H, 0.860127, -2.13179, 7.33482

molpro_pot: interatomic distances matrix (angstrom):

\     C1    H2    H3    H4
H2  1.08
H3  1.08  1.87
H4  1.08  1.87  1.87
H5   8.2  7.81     8  8.97

Molpro::pot: 1-th molpro energy = -0.000207131 kcal/mole

Molpro::pot: 0-th energy correction = -2.15089e-05 kcal/mole
Molpro::pot: 1-th energy correction = 0 kcal/mole
molpro_pot: 0-th energy = -0.00022864 kcal/mol
molpro_pot: 1-th energy = -0.000207131 kcal/mol
molpro_pot: coordinates (angstrom):

C, -0.261946, -0.21185, 0.390124
H, -0.642488, 0.764183, 0.645198
H, 0.251477, -0.800867, 1.13307
H, -0.397427, -0.600101, -0.606584
H, 3.90738, 3.15924, -5.81682

molpro_pot: interatomic distances matrix (angstrom):

\     C1    H2    H3    H4
H2  1.08
H3  1.08  1.87
H4  1.08  1.87  1.87
H5   8.2  8.26  8.79  7.73

Molpro::pot: 1-th molpro energy = -0.000154838 kcal/mole

Molpro::pot: 0-th energy correction = -2.15113e-05 kcal/mole
Molpro::pot: 1-th energy correction = 0 kcal/mole
molpro_pot: 0-th energy = -0.000176349 kcal/mol
molpro_pot: 1-th energy = -0.000154838 kcal/mol
molpro_pot: coordinates (angstrom):

C, -0.143707, -0.0813954, 0.488585
H, -0.624552, 0.711546, -0.0614587
H, 0.318257, -0.90004, -0.0395516
H, -0.122066, -0.0542402, 1.56623
H, 2.13946, 1.2119, -7.28271

molpro_pot: interatomic distances matrix (angstrom):

\     C1    H2    H3    H4
H2  1.08
H3  1.08  1.87
H4  1.08  1.87  1.87
H5   8.2  7.75  7.76  9.22

Molpro::pot: 1-th molpro energy = -0.00021249 kcal/mole

Molpro::pot: 0-th energy correction = -2.14988e-05 kcal/mole
Molpro::pot: 1-th energy correction = 0 kcal/mole
molpro_pot: 0-th energy = -0.000233989 kcal/mol
molpro_pot: 1-th energy = -0.00021249 kcal/mol
molpro_pot: coordinates (angstrom):

C, -0.370176, -0.309512, -0.181487
H, -0.433032, 0.70372, 0.181727
H, 0.0238292, -1.08614, 0.454222
H, -0.704032, -0.546715, -1.17888
H, 5.52086, 4.61444, 2.70387

molpro_pot: interatomic distances matrix (angstrom):

\     C1    H2    H3    H4
H2  1.08
H3  1.08  1.87
H4  1.08  1.87  1.87
H5   8.2  7.56  8.23  8.97

Molpro::pot: 1-th molpro energy = -0.000165133 kcal/mole

Molpro::pot: 0-th energy correction = -2.15082e-05 kcal/mole
Molpro::pot: 1-th energy correction = 0 kcal/mole
molpro_pot: 0-th energy = -0.000186641 kcal/mol
molpro_pot: 1-th energy = -0.000165133 kcal/mol

(2,0)-th SURFACE:

molpro_pot: coordinates (angstrom):

C, -0.120026, -0.500354, -0.0308506
H, -0.817271, 0.299889, -0.220525
H, -0.036168, -0.918298, 0.959507
H, 0.490942, -0.884676, -0.831809
H, 1.79163, 7.46071, 0.46016

molpro_pot: interatomic distances matrix (angstrom):

\     C1    H2    H3    H4
H2  1.08
H3  1.08  1.87
H4  1.08  1.87  1.87
H5   8.2  7.65  8.59  8.54

Molpro::pot: 1-th molpro energy = -0.000175319 kcal/mole

Molpro::pot: 0-th energy correction = -2.15105e-05 kcal/mole
Molpro::pot: 1-th energy correction = 0 kcal/mole
molpro_pot: 0-th energy = -0.00019683 kcal/mol
molpro_pot: 1-th energy = -0.000175319 kcal/mol
molpro_pot: coordinates (angstrom):

C, 0.497872, -0.0156815, 0.1337
H, 0.136853, -0.503822, 1.02471
H, -0.102908, -0.0158165, -0.761611
H, 1.45789, 0.475093, 0.138782
H, -7.41991, 0.231263, -1.99382

molpro_pot: interatomic distances matrix (angstrom):

\     C1    H2    H3    H4
H2  1.08
H3  1.08  1.87
H4  1.08  1.87  1.87
H5   8.2  8.17  7.42  9.13

Molpro::pot: 1-th molpro energy = -0.000193743 kcal/mole

Molpro::pot: 0-th energy correction = -2.14985e-05 kcal/mole
Molpro::pot: 1-th energy correction = 0 kcal/mole
molpro_pot: 0-th energy = -0.000215242 kcal/mol
molpro_pot: 1-th energy = -0.000193743 kcal/mol
molpro_pot: coordinates (angstrom):

C, -0.123265, -0.114989, 0.487158
H, -0.37651, 0.932693, 0.514462
H, 0.846797, -0.425633, 0.133607
H, -0.838568, -0.851619, 0.816154
H, 1.83598, 1.71371, -7.26473

molpro_pot: interatomic distances matrix (angstrom):

\     C1    H2    H3    H4
H2  1.08
H3  1.08  1.87
H4  1.08  1.87  1.87
H5   8.2  8.13  7.76  8.89

Molpro::pot: 1-th molpro energy = -0.000183436 kcal/mole

Molpro::pot: 0-th energy correction = -2.15093e-05 kcal/mole
Molpro::pot: 1-th energy correction = 0 kcal/mole
molpro_pot: 0-th energy = -0.000204945 kcal/mol
molpro_pot: 1-th energy = -0.000183436 kcal/mol
molpro_pot: coordinates (angstrom):

C, -0.0729947, 0.25715, -0.440803
H, 0.286904, 0.73575, 0.455819
H, -0.743339, 0.784079, -1.10073
H, 0.239696, -0.746822, -0.679097
H, 1.08587, -3.83485, 6.57257

molpro_pot: interatomic distances matrix (angstrom):

\     C1    H2    H3    H4
H2  1.08
H3  1.08  1.87
H4  1.08  1.87  1.87
H5   8.2  7.68  9.14  7.93

Molpro::pot: 1-th molpro energy = -0.000190891 kcal/mole

Molpro::pot: 0-th energy correction = -2.15084e-05 kcal/mole
Molpro::pot: 1-th energy correction = 0 kcal/mole
molpro_pot: 0-th energy = -0.000212399 kcal/mol
molpro_pot: 1-th energy = -0.000190891 kcal/mol
molpro_pot: coordinates (angstrom):

C, -0.314754, 0.061753, -0.403572
H, 0.373055, -0.74372, -0.201961
H, -0.349802, 0.507254, -1.38481
H, -0.969471, 0.419589, 0.374773
H, 4.69395, -0.918405, 6.01725

molpro_pot: interatomic distances matrix (angstrom):

\     C1    H2    H3    H4
H2  1.08
H3  1.08  1.87
H4  1.08  1.87  1.87
H5   8.2  7.57  9.07  8.11

Molpro::pot: 1-th molpro energy = -0.000238777 kcal/mole

Molpro::pot: 0-th energy correction = -2.15087e-05 kcal/mole
Molpro::pot: 1-th energy correction = 0 kcal/mole
molpro_pot: 0-th energy = -0.000260286 kcal/mol
molpro_pot: 1-th energy = -0.000238777 kcal/mol

(3,0)-th SURFACE:

molpro_pot: coordinates (angstrom):

C, 0.241524, -0.109741, -0.390682
H, 1.13903, -0.683323, -0.223342
H, 0.255454, 0.72583, -1.07196
H, -0.670372, -0.373425, 0.120627
H, -3.5999, 1.63758, 5.82647

molpro_pot: interatomic distances matrix (angstrom):

\     C1    H2    H3    H4
H2  1.08
H3  1.08  1.87
H4  1.08  1.87  1.87
H5  7.51  8.03  7.96  6.72

Molpro::pot: 1-th molpro energy = -0.00032062 kcal/mole

Molpro::pot: 0-th energy correction = -8.51441e-05 kcal/mole
Molpro::pot: 1-th energy correction = 0 kcal/mole
molpro_pot: 0-th energy = -0.000405764 kcal/mol
molpro_pot: 1-th energy = -0.00032062 kcal/mol
molpro_pot: coordinates (angstrom):

C, -0.37821, -0.0651273, -0.275189
H, 0.24613, -0.814172, 0.184863
H, -0.0512633, 0.429713, -1.17561
H, -1.33051, 0.186845, 0.163176
H, 5.63892, 0.973073, 4.10419

molpro_pot: interatomic distances matrix (angstrom):

\     C1    H2    H3    H4
H2  1.08
H3  1.08  1.87
H4  1.08  1.87  1.87
H5  7.51   6.9  7.78  8.05

Molpro::pot: 1-th molpro energy = -0.000372551 kcal/mole

Molpro::pot: 0-th energy correction = -8.51435e-05 kcal/mole
Molpro::pot: 1-th energy correction = 0 kcal/mole
molpro_pot: 0-th energy = -0.000457695 kcal/mol
molpro_pot: 1-th energy = -0.000372551 kcal/mol
molpro_pot: coordinates (angstrom):

C, -0.307413, 0.271884, -0.23392
H, -0.754901, 0.868717, -1.01242
H, 0.744611, 0.0387276, -0.271365
H, -0.910954, -0.0891007, 0.583362
H, 4.58156, -4.05562, 3.48567

molpro_pot: interatomic distances matrix (angstrom):

\     C1    H2    H3    H4
H2  1.08
H3  1.08  1.87
H4  1.08  1.87  1.87
H5  7.51  8.54  6.75  7.37

Molpro::pot: 1-th molpro energy = -0.000368453 kcal/mole

Molpro::pot: 0-th energy correction = -8.51202e-05 kcal/mole
Molpro::pot: 1-th energy correction = 0 kcal/mole
molpro_pot: 0-th energy = -0.000453573 kcal/mol
molpro_pot: 1-th energy = -0.000368453 kcal/mol
molpro_pot: coordinates (angstrom):

C, 0.138446, -0.419666, 0.167148
H, 0.610136, -1.3892, 0.162517
H, 0.670806, 0.436528, 0.549304
H, -0.864038, -0.305671, -0.213051
H, -2.06536, 6.25524, -2.48897

molpro_pot: interatomic distances matrix (angstrom):

\     C1    H2    H3    H4
H2  1.08
H3  1.08  1.87
H4  1.08  1.87  1.87
H5  7.51  8.52  7.11  7.05

Molpro::pot: 1-th molpro energy = -0.000303124 kcal/mole

Molpro::pot: 0-th energy correction = -8.51053e-05 kcal/mole
Molpro::pot: 1-th energy correction = 0 kcal/mole
molpro_pot: 0-th energy = -0.000388229 kcal/mol
molpro_pot: 1-th energy = -0.000303124 kcal/mol
molpro_pot: coordinates (angstrom):

C, 0.302819, 0.267444, 0.244853
H, 0.955371, 1.11388, 0.102591
H, -0.0182895, -0.00428444, 1.23761
H, -0.0310473, -0.30523, -0.605499
H, -4.51165, -3.98877, -3.65012

molpro_pot: interatomic distances matrix (angstrom):

\     C1    H2    H3    H4
H2  1.08
H3  1.08  1.87
H4  1.08  1.87  1.87
H5  7.51  8.37  7.74  6.55

Molpro::pot: 1-th molpro energy = -0.000363385 kcal/mole

Molpro::pot: 0-th energy correction = -8.51137e-05 kcal/mole
Molpro::pot: 1-th energy correction = 0 kcal/mole
molpro_pot: 0-th energy = -0.000448499 kcal/mol
molpro_pot: 1-th energy = -0.000363385 kcal/mol

(4,0)-th SURFACE:

molpro_pot: coordinates (angstrom):

C, 0.235507, -0.0636508, -0.356992
H, 0.222675, -0.0919978, -1.43474
H, 0.874518, -0.73657, 0.191974
H, -0.38806, 0.639393, 0.171605
H, -3.51327, 0.947054, 5.32181

molpro_pot: interatomic distances matrix (angstrom):

\     C1    H2    H3    H4
H2  1.08
H3  1.08  1.87
H4  1.08  1.87  1.87
H5  6.88  7.79  6.96  6.03

Molpro::pot: 1-th molpro energy = -0.000641971 kcal/mole

Molpro::pot: 0-th energy correction = -0.000303144 kcal/mole
Molpro::pot: 1-th energy correction = 0 kcal/mole
molpro_pot: 0-th energy = -0.000945115 kcal/mol
molpro_pot: 1-th energy = -0.000641971 kcal/mol
molpro_pot: coordinates (angstrom):

C, -0.11763, 0.278842, 0.309219
H, 0.263103, 0.813057, -0.546451
H, -1.17523, 0.0893116, 0.399041
H, 0.55921, -0.0684581, 1.07328
H, 1.75352, -4.15403, -4.60769

molpro_pot: interatomic distances matrix (angstrom):

\     C1    H2    H3    H4
H2  1.08
H3  1.08  1.87
H4  1.08  1.87  1.87
H5  6.88  6.59  7.19   7.1

Molpro::pot: 1-th molpro energy = -0.000462785 kcal/mole

Molpro::pot: 0-th energy correction = -0.000302971 kcal/mole
Molpro::pot: 1-th energy correction = 0 kcal/mole
molpro_pot: 0-th energy = -0.000765756 kcal/mol
molpro_pot: 1-th energy = -0.000462785 kcal/mol
molpro_pot: coordinates (angstrom):

C, -0.292882, -0.260842, 0.182453
H, -0.525762, -1.27088, 0.47927
H, 0.700068, 0.130324, 0.335945
H, -1.0517, 0.356846, -0.270513
H, 4.36468, 3.88951, -2.71713

molpro_pot: interatomic distances matrix (angstrom):

\     C1    H2    H3    H4
H2  1.08
H3  1.08  1.87
H4  1.08  1.87  1.87
H5  6.88   7.8  6.07  6.91

Molpro::pot: 1-th molpro energy = -0.000637709 kcal/mole

Molpro::pot: 0-th energy correction = -0.00030304 kcal/mole
Molpro::pot: 1-th energy correction = 0 kcal/mole
molpro_pot: 0-th energy = -0.00094075 kcal/mol
molpro_pot: 1-th energy = -0.000637709 kcal/mol
molpro_pot: coordinates (angstrom):

C, 0.200826, -0.294148, -0.245344
H, 0.831361, -0.70743, 0.52546
H, -0.434803, 0.548908, -0.0268262
H, 0.208128, -0.721699, -1.23513
H, -2.99589, 4.38259, 3.65776

molpro_pot: interatomic distances matrix (angstrom):

\     C1    H2    H3    H4
H2  1.08
H3  1.08  1.87
H4  1.08  1.87  1.87
H5  6.88   7.1   5.9  7.76

Molpro::pot: 1-th molpro energy = -0.000781192 kcal/mole

Molpro::pot: 0-th energy correction = -0.000303082 kcal/mole
Molpro::pot: 1-th energy correction = 0 kcal/mole
molpro_pot: 0-th energy = -0.00108427 kcal/mol
molpro_pot: 1-th energy = -0.000781192 kcal/mol
molpro_pot: coordinates (angstrom):

C, 0.396198, -0.096342, -0.144618
H, 0.164898, 0.765859, -0.749287
H, 0.102998, -0.121141, 0.892656
H, 0.91774, -0.934753, -0.577725
H, -5.9031, 1.43716, 2.15629

molpro_pot: interatomic distances matrix (angstrom):

\     C1    H2    H3    H4
H2  1.08
H3  1.08  1.87
H4  1.08  1.87  1.87
H5  6.88  6.76  6.33  7.72

Molpro::pot: 1-th molpro energy = -0.000574566 kcal/mole

Molpro::pot: 0-th energy correction = -0.000302997 kcal/mole
Molpro::pot: 1-th energy correction = 0 kcal/mole
molpro_pot: 0-th energy = -0.000877563 kcal/mol
molpro_pot: 1-th energy = -0.000574566 kcal/mol

(5,0)-th SURFACE:

molpro_pot: coordinates (angstrom):

C, -0.0306116, 0.401102, -0.0127781
H, -0.954002, -0.0370395, -0.356139
H, 0.896144, -0.138322, -0.125316
H, -0.0334187, 1.37956, 0.440136
H, 0.455765, -5.98005, 0.193467

molpro_pot: interatomic distances matrix (angstrom):

\     C1    H2    H3    H4
H2  1.08
H3  1.08  1.87
H4  1.08  1.87  1.87
H5   6.4  6.13  5.87  7.38

Molpro::pot: 1-th molpro energy = -0.000962112 kcal/mole

Molpro::pot: 0-th energy correction = -0.000785767 kcal/mole
Molpro::pot: 1-th energy correction = 0 kcal/mole
molpro_pot: 0-th energy = -0.00174788 kcal/mol
molpro_pot: 1-th energy = -0.000962112 kcal/mol
molpro_pot: coordinates (angstrom):

C, -0.320233, 0.151103, 0.191503
H, 0.257957, -0.6921, -0.15087
H, 0.0365067, 1.15405, 0.0201868
H, -1.2563, -0.00836937, 0.702251
H, 4.7748, -2.25275, -2.85176

molpro_pot: interatomic distances matrix (angstrom):

\     C1    H2    H3    H4
H2  1.08
H3  1.08  1.87
H4  1.08  1.87  1.87
H5   6.4  5.49   6.5  7.35

Molpro::pot: 1-th molpro energy = -0.00127721 kcal/mole

Molpro::pot: 0-th energy correction = -0.000785626 kcal/mole
Molpro::pot: 1-th energy correction = 0 kcal/mole
molpro_pot: 0-th energy = -0.00206284 kcal/mol
molpro_pot: 1-th energy = -0.00127721 kcal/mol
molpro_pot: coordinates (angstrom):

C, -0.3859, -0.11293, 0.0173069
H, 0.111936, -0.945295, -0.453695
H, -0.0140346, 0.888795, -0.126855
H, -1.25708, -0.281764, 0.629724
H, 5.75403, 1.6829, -0.255244

molpro_pot: interatomic distances matrix (angstrom):

\     C1    H2    H3    H4
H2  1.08
H3  1.08  1.87
H4  1.08  1.87  1.87
H5   6.4  6.23  5.82  7.33

Molpro::pot: 1-th molpro energy = -0.000952831 kcal/mole

Molpro::pot: 0-th energy correction = -0.000785789 kcal/mole
Molpro::pot: 1-th energy correction = 0 kcal/mole
molpro_pot: 0-th energy = -0.00173862 kcal/mol
molpro_pot: 1-th energy = -0.000952831 kcal/mol
molpro_pot: coordinates (angstrom):

C, 0.317983, -0.222167, -0.107219
H, 1.06965, 0.47579, 0.225005
H, 0.590468, -1.03864, -0.756558
H, -0.705204, -0.105607, 0.21219
H, -4.74108, 3.31376, 1.596

molpro_pot: interatomic distances matrix (angstrom):

\     C1    H2    H3    H4
H2  1.08
H3  1.08  1.87
H4  1.08  1.87  1.87
H5   6.4  6.61  7.27  5.47

Molpro::pot: 1-th molpro energy = -0.00137023 kcal/mole

Molpro::pot: 0-th energy correction = -0.000785797 kcal/mole
Molpro::pot: 1-th energy correction = 0 kcal/mole
molpro_pot: 0-th energy = -0.00215602 kcal/mol
molpro_pot: 1-th energy = -0.00137023 kcal/mol
molpro_pot: coordinates (angstrom):

C, 0.379858, -0.115961, 0.0655599
H, 0.489537, 0.549864, -0.77537
H, -0.604086, -0.393748, 0.407916
H, 1.25369, -0.506359, 0.562068
H, -5.66205, 1.73097, -0.975225

molpro_pot: interatomic distances matrix (angstrom):

\     C1    H2    H3    H4
H2  1.08
H3  1.08  1.87
H4  1.08  1.87  1.87
H5   6.4  6.27  5.66  7.43

Molpro::pot: 1-th molpro energy = -0.00107172 kcal/mole

Molpro::pot: 0-th energy correction = -0.000785661 kcal/mole
Molpro::pot: 1-th energy correction = 0 kcal/mole
molpro_pot: 0-th energy = -0.00185739 kcal/mol
molpro_pot: 1-th energy = -0.00107172 kcal/mol

(5,0)-th SURFACE:

molpro_pot: coordinates (angstrom):

C, -0.393076, 0.086542, 0.00218004
H, -0.125874, 1.131, -0.0130923
H, -1.43052, -0.203426, 0.0484548
H, 0.376614, -0.667735, -0.031932
H, 5.86007, -1.29028, -0.0293879

molpro_pot: interatomic distances matrix (angstrom):

\     C1    H2    H3    H4
H2  1.08
H3  1.08  1.87
H4  1.08  1.87  1.87
H5   6.4  6.46  7.37  5.52

Molpro::pot: 1-th molpro energy = -0.00127672 kcal/mole

Molpro::pot: 0-th energy correction = -0.000785727 kcal/mole
Molpro::pot: 1-th energy correction = 0 kcal/mole
molpro_pot: 0-th energy = -0.00206245 kcal/mol
molpro_pot: 1-th energy = -0.00127672 kcal/mol
molpro_pot: coordinates (angstrom):

C, 0.0511372, 0.390209, 0.0847926
H, 0.397453, 1.29946, 0.549382
H, 0.165395, 0.251139, -0.97828
H, -0.406456, -0.381034, 0.683386
H, -0.765274, -5.81571, -1.2641

molpro_pot: interatomic distances matrix (angstrom):

\     C1    H2    H3    H4
H2  1.08
H3  1.08  1.87
H4  1.08  1.87  1.87
H5   6.4  7.43  6.14  5.78

Molpro::pot: 1-th molpro energy = -0.00101929 kcal/mole

Molpro::pot: 0-th energy correction = -0.000785601 kcal/mole
Molpro::pot: 1-th energy correction = 0 kcal/mole
molpro_pot: 0-th energy = -0.00180489 kcal/mol
molpro_pot: 1-th energy = -0.00101929 kcal/mol
molpro_pot: coordinates (angstrom):

C, -0.12553, -0.0926467, -0.370906
H, 0.148221, 0.589743, -1.15953
H, -1.12191, -0.503137, -0.335528
H, 0.597631, -0.366923, 0.380314
H, 1.87071, 1.38345, 5.53106

molpro_pot: interatomic distances matrix (angstrom):

\     C1    H2    H3    H4
H2  1.08
H3  1.08  1.87
H4  1.08  1.87  1.87
H5   6.4  6.95  6.85  5.59

Molpro::pot: 1-th molpro energy = -0.00124646 kcal/mole

Molpro::pot: 0-th energy correction = -0.000785904 kcal/mole
Molpro::pot: 1-th energy correction = 0 kcal/mole
molpro_pot: 0-th energy = -0.00203236 kcal/mol
molpro_pot: 1-th energy = -0.00124646 kcal/mol
molpro_pot: coordinates (angstrom):

C, -0.304169, -0.111205, 0.239155
H, -0.706467, 0.887352, 0.298783
H, 0.50602, -0.325908, -0.439089
H, -0.709735, -0.89412, 0.859704
H, 4.53187, 1.65678, -3.56698

molpro_pot: interatomic distances matrix (angstrom):

\     C1    H2    H3    H4
H2  1.08
H3  1.08  1.87
H4  1.08  1.87  1.87
H5   6.4  6.56  5.47  7.32

Molpro::pot: 1-th molpro energy = -0.00135286 kcal/mole

Molpro::pot: 0-th energy correction = -0.000785576 kcal/mole
Molpro::pot: 1-th energy correction = 0 kcal/mole
molpro_pot: 0-th energy = -0.00213844 kcal/mol
molpro_pot: 1-th energy = -0.00135286 kcal/mol
molpro_pot: coordinates (angstrom):

C, 0.222908, -0.166357, 0.29104
H, 1.0215, -0.758052, 0.708968
H, 0.331075, 0.268504, -0.68963
H, -0.684759, -0.012088, 0.852168
H, -3.32194, 2.48241, -4.33687

molpro_pot: interatomic distances matrix (angstrom):

\     C1    H2    H3    H4
H2  1.08
H3  1.08  1.87
H4  1.08  1.87  1.87
H5   6.4   7.4  5.62  6.33

Molpro::pot: 1-th molpro energy = -0.00115384 kcal/mole

Molpro::pot: 0-th energy correction = -0.000785603 kcal/mole
Molpro::pot: 1-th energy correction = 0 kcal/mole
molpro_pot: 0-th energy = -0.00193944 kcal/mol
molpro_pot: 1-th energy = -0.00115384 kcal/mol

(6,0)-th SURFACE:

molpro_pot: coordinates (angstrom):

C, -0.300632, 0.0543823, 0.219033
H, -0.497205, 0.653598, 1.09357
H, -1.11001, -0.457752, -0.276082
H, 0.704386, -0.0302398, -0.16215
H, 4.4824, -0.813127, -3.26332

molpro_pot: interatomic distances matrix (angstrom):

\     C1    H2    H3    H4
H2  1.08
H3  1.08  1.87
H4  1.08  1.87  1.87
H5  5.98  6.78  6.35  4.95

Molpro::pot: 1-th molpro energy = -0.00313791 kcal/mole

Molpro::pot: 0-th energy correction = -0.00183209 kcal/mole
Molpro::pot: 1-th energy correction = 0 kcal/mole
molpro_pot: 0-th energy = -0.00497 kcal/mol
molpro_pot: 1-th energy = -0.00313791 kcal/mol
molpro_pot: coordinates (angstrom):

C, -0.082567, 0.363607, 0.0483733
H, -0.473378, -0.234145, -0.759386
H, -0.657867, 1.1898, 0.434314
H, 0.881768, 0.133449, 0.472173
H, 1.23259, -5.41851, -0.723075

molpro_pot: interatomic distances matrix (angstrom):

\     C1    H2    H3    H4
H2  1.08
H3  1.08  1.87
H4  1.08  1.87  1.87
H5  5.98  5.46  6.97  5.69

Molpro::pot: 1-th molpro energy = -0.00166946 kcal/mole

Molpro::pot: 0-th energy correction = -0.00183182 kcal/mole
Molpro::pot: 1-th energy correction = 0 kcal/mole
molpro_pot: 0-th energy = -0.00350128 kcal/mol
molpro_pot: 1-th energy = -0.00166946 kcal/mol
molpro_pot: coordinates (angstrom):

C, 0.0427108, -0.104991, 0.358567
H, -0.347144, -1.009, 0.798228
H, 1.10733, 0.0624097, 0.325831
H, -0.631533, 0.629968, -0.0510095
H, -0.637207, 1.56673, -5.34244

molpro_pot: interatomic distances matrix (angstrom):

\     C1    H2    H3    H4
H2  1.08
H3  1.08  1.87
H4  1.08  1.87  1.87
H5  5.98  6.67  6.12  5.37

Molpro::pot: 1-th molpro energy = -0.00177353 kcal/mole

Molpro::pot: 0-th energy correction = -0.00183157 kcal/mole
Molpro::pot: 1-th energy correction = 0 kcal/mole
molpro_pot: 0-th energy = -0.00360511 kcal/mol
molpro_pot: 1-th energy = -0.00177353 kcal/mol
molpro_pot: coordinates (angstrom):

C, 0.112194, -0.057627, 0.353938
H, 0.848643, 0.0958703, -0.418458
H, -0.0630529, -1.04823, 0.741896
H, -0.446645, 0.779512, 0.740484
H, -1.67482, 0.859003, -5.27821

molpro_pot: interatomic distances matrix (angstrom):

\     C1    H2    H3    H4
H2  1.08
H3  1.08  1.87
H4  1.08  1.87  1.87
H5  5.98  5.53  6.52  6.14

Molpro::pot: 1-th molpro energy = -0.001614 kcal/mole

Molpro::pot: 0-th energy correction = -0.00183273 kcal/mole
Molpro::pot: 1-th energy correction = 0 kcal/mole
molpro_pot: 0-th energy = -0.00344672 kcal/mol
molpro_pot: 1-th energy = -0.001614 kcal/mol
molpro_pot: coordinates (angstrom):

C, -0.0762381, 0.0694858, -0.36153
H, -0.556308, -0.895665, -0.384597
H, 0.352114, 0.4362, 0.557466
H, -0.0217459, 0.666427, -1.25775
H, 1.13369, -1.03432, 5.38956

molpro_pot: interatomic distances matrix (angstrom):

\     C1    H2    H3    H4
H2  1.08
H3  1.08  1.87
H4  1.08  1.87  1.87
H5  5.98  6.02  5.11  6.96

Molpro::pot: 1-th molpro energy = -0.00236492 kcal/mole

Molpro::pot: 0-th energy correction = -0.00183193 kcal/mole
Molpro::pot: 1-th energy correction = 0 kcal/mole
molpro_pot: 0-th energy = -0.00419685 kcal/mol
molpro_pot: 1-th energy = -0.00236492 kcal/mol

(7,0)-th SURFACE:

molpro_pot: coordinates (angstrom):

C, -0.233439, -0.0626657, -0.256631
H, -1.04049, 0.616563, -0.479855
H, 0.0371133, -0.259386, 0.768366
H, 0.300885, -0.547418, -1.0579
H, 3.48202, 0.936391, 3.82506

molpro_pot: interatomic distances matrix (angstrom):

\     C1    H2    H3    H4
H2  1.08
H3  1.08  1.87
H4  1.08  1.87  1.87
H5  5.61  6.25  4.76  6.01

Molpro::pot: 1-th molpro energy = -0.00436838 kcal/mole

Molpro::pot: 0-th energy correction = -0.00384386 kcal/mole
Molpro::pot: 1-th energy correction = 0 kcal/mole
molpro_pot: 0-th energy = -0.00821224 kcal/mol
molpro_pot: 1-th energy = -0.00436838 kcal/mol
molpro_pot: coordinates (angstrom):

C, 0.239537, -0.246007, -0.0811593
H, 0.552566, -0.466844, 0.926689
H, -0.372903, -0.949951, -0.621437
H, 0.536178, 0.679743, -0.547541
H, -3.56796, 3.66622, 1.20864

molpro_pot: interatomic distances matrix (angstrom):

\     C1    H2    H3    H4
H2  1.08
H3  1.08  1.87
H4  1.08  1.87  1.87
H5  5.61  5.84   5.9  5.37

Molpro::pot: 1-th molpro energy = -0.00315552 kcal/mole

Molpro::pot: 0-th energy correction = -0.00384164 kcal/mole
Molpro::pot: 1-th energy correction = 0 kcal/mole
molpro_pot: 0-th energy = -0.00699716 kcal/mol
molpro_pot: 1-th energy = -0.00315552 kcal/mol
molpro_pot: coordinates (angstrom):

C, -0.0924103, 0.219417, -0.260012
H, 0.45515, -0.70938, -0.254652
H, 0.113371, 0.970331, 0.485843
H, -0.843293, 0.398612, -1.01273
H, 1.37509, -3.27212, 3.87746

molpro_pot: interatomic distances matrix (angstrom):

\     C1    H2    H3    H4
H2  1.08
H3  1.08  1.87
H4  1.08  1.87  1.87
H5  5.61  4.95  5.58   6.5

Molpro::pot: 1-th molpro energy = -0.00339315 kcal/mole

Molpro::pot: 0-th energy correction = -0.00384376 kcal/mole
Molpro::pot: 1-th energy correction = 0 kcal/mole
molpro_pot: 0-th energy = -0.00723691 kcal/mol
molpro_pot: 1-th energy = -0.00339315 kcal/mol
molpro_pot: coordinates (angstrom):

C, -0.172032, 0.0171874, -0.307547
H, 0.835518, 0.375298, -0.16929
H, -0.343007, -0.985881, -0.664114
H, -1.00838, 0.660733, -0.0864125
H, 2.56422, -0.254798, 4.58172

molpro_pot: interatomic distances matrix (angstrom):

\     C1    H2    H3    H4
H2  1.08
H3  1.08  1.87
H4  1.08  1.87  1.87
H5  5.61  5.09  6.04  5.95

Molpro::pot: 1-th molpro energy = -0.0034068 kcal/mole

Molpro::pot: 0-th energy correction = -0.00384174 kcal/mole
Molpro::pot: 1-th energy correction = 0 kcal/mole
molpro_pot: 0-th energy = -0.00724854 kcal/mol
molpro_pot: 1-th energy = -0.0034068 kcal/mol
molpro_pot: coordinates (angstrom):

C, 0.176792, -0.302432, -0.0420606
H, 0.616624, 0.339567, -0.788319
H, 0.683852, -0.464568, 0.895554
H, -0.771191, -0.779693, -0.231982
H, -2.63432, 4.5057, 0.625554

molpro_pot: interatomic distances matrix (angstrom):

\     C1    H2    H3    H4
H2  1.08
H3  1.08  1.87
H4  1.08  1.87  1.87
H5  5.61  5.47  5.98  5.67

Molpro::pot: 1-th molpro energy = -0.00312505 kcal/mole

Molpro::pot: 0-th energy correction = -0.00384158 kcal/mole
Molpro::pot: 1-th energy correction = 0 kcal/mole
molpro_pot: 0-th energy = -0.00696663 kcal/mol
molpro_pot: 1-th energy = -0.00312505 kcal/mol

(7,0)-th SURFACE:

molpro_pot: coordinates (angstrom):

C, 0.280032, -0.00868321, 0.214123
H, -0.675193, -0.476167, 0.0365862
H, 0.901387, -0.345247, 1.02847
H, 0.615245, 0.792961, -0.42425
H, -4.17573, 0.131843, -3.19033

molpro_pot: interatomic distances matrix (angstrom):

\     C1    H2    H3    H4
H2  1.08
H3  1.08  1.87
H4  1.08  1.87  1.87
H5  5.61   4.8  6.62  5.57

Molpro::pot: 1-th molpro energy = -0.00384251 kcal/mole

Molpro::pot: 0-th energy correction = -0.00384319 kcal/mole
Molpro::pot: 1-th energy correction = 0 kcal/mole
molpro_pot: 0-th energy = -0.0076857 kcal/mol
molpro_pot: 1-th energy = -0.00384251 kcal/mol
molpro_pot: coordinates (angstrom):

C, 0.0547915, 0.0790073, 0.339183
H, -0.885848, 0.550784, 0.573999
H, 0.899185, 0.203657, 0.997954
H, 0.150251, -0.519737, -0.552397
H, -0.815981, -1.17543, -5.05815

molpro_pot: interatomic distances matrix (angstrom):

\     C1    H2    H3    H4
H2  1.08
H3  1.08  1.87
H4  1.08  1.87  1.87
H5  5.61  5.89  6.44  4.65

Molpro::pot: 1-th molpro energy = -0.00495012 kcal/mole

Molpro::pot: 0-th energy correction = -0.00384377 kcal/mole
Molpro::pot: 1-th energy correction = 0 kcal/mole
molpro_pot: 0-th energy = -0.00879389 kcal/mol
molpro_pot: 1-th energy = -0.00495012 kcal/mol
molpro_pot: coordinates (angstrom):

C, 0.252197, -0.191089, -0.155385
H, -0.597989, 0.434837, -0.374281
H, 0.169036, -1.26251, -0.242892
H, 1.18611, 0.254272, 0.147908
H, -3.76002, 2.84867, 2.3194

molpro_pot: interatomic distances matrix (angstrom):

\     C1    H2    H3    H4
H2  1.08
H3  1.08  1.87
H4  1.08  1.87  1.87
H5  5.61   4.8  6.24  5.99

Molpro::pot: 1-th molpro energy = -0.00419071 kcal/mole

Molpro::pot: 0-th energy correction = -0.00384405 kcal/mole
Molpro::pot: 1-th energy correction = 0 kcal/mole
molpro_pot: 0-th energy = -0.00803476 kcal/mol
molpro_pot: 1-th energy = -0.00419071 kcal/mol
molpro_pot: coordinates (angstrom):

C, -0.141463, -0.184285, -0.265562
H, 0.338183, -1.00511, 0.24306
H, -0.994293, 0.301488, 0.180782
H, 0.233375, 0.152736, -1.21868
H, 2.10711, 2.74514, 3.95684

molpro_pot: interatomic distances matrix (angstrom):

\     C1    H2    H3    H4
H2  1.08
H3  1.08  1.87
H4  1.08  1.87  1.87
H5  5.61  5.57  5.46  6.08

Molpro::pot: 1-th molpro energy = -0.00306391 kcal/mole

Molpro::pot: 0-th energy correction = -0.00384151 kcal/mole
Molpro::pot: 1-th energy correction = 0 kcal/mole
molpro_pot: 0-th energy = -0.00690542 kcal/mol
molpro_pot: 1-th energy = -0.00306391 kcal/mol
molpro_pot: coordinates (angstrom):

C, -0.0504013, -0.348775, -0.0143449
H, -0.789032, -0.509713, -0.783136
H, 0.374341, 0.632009, 0.127696
H, 0.261167, -1.16751, 0.614246
H, 0.753644, 5.19802, 0.211995

molpro_pot: interatomic distances matrix (angstrom):

\     C1    H2    H3    H4
H2  1.08
H3  1.08  1.87
H4  1.08  1.87  1.87
H5  5.61     6  4.58   6.4

Molpro::pot: 1-th molpro energy = -0.00562849 kcal/mole

Molpro::pot: 0-th energy correction = -0.00384266 kcal/mole
Molpro::pot: 1-th energy correction = 0 kcal/mole
molpro_pot: 0-th energy = -0.00947115 kcal/mol
molpro_pot: 1-th energy = -0.00562849 kcal/mol

(8,0)-th SURFACE:

molpro_pot: coordinates (angstrom):

C, -0.187559, -0.272624, -0.0354351
H, 0.224061, -0.437286, -1.01827
H, 0.40343, 0.218906, 0.720639
H, -1.19085, -0.596536, 0.190428
H, 2.79659, 4.06101, 0.529125

molpro_pot: interatomic distances matrix (angstrom):

\     C1    H2    H3    H4
H2  1.08
H3  1.08  1.87
H4  1.08  1.87  1.87
H5  5.29  5.41  4.53  6.14

Molpro::pot: 1-th molpro energy = -0.00651213 kcal/mole

Molpro::pot: 0-th energy correction = -0.00725013 kcal/mole
Molpro::pot: 1-th energy correction = 0 kcal/mole
molpro_pot: 0-th energy = -0.0137623 kcal/mol
molpro_pot: 1-th energy = -0.00651213 kcal/mol
molpro_pot: coordinates (angstrom):

C, -0.123459, -0.280031, 0.130723
H, -1.16764, -0.303938, -0.13691
H, 0.473618, -1.17428, 0.051116
H, 0.324314, 0.638432, 0.474886
H, 1.83971, 4.17406, -1.94559

molpro_pot: interatomic distances matrix (angstrom):

\     C1    H2    H3    H4
H2  1.08
H3  1.08  1.87
H4  1.08  1.87  1.87
H5  5.29  5.69  5.87  4.54

Molpro::pot: 1-th molpro energy = -0.00713956 kcal/mole

Molpro::pot: 0-th energy correction = -0.00725035 kcal/mole
Molpro::pot: 1-th energy correction = 0 kcal/mole
molpro_pot: 0-th energy = -0.0143899 kcal/mol
molpro_pot: 1-th energy = -0.00713956 kcal/mol
molpro_pot: coordinates (angstrom):

C, 0.0640292, -0.3112, -0.0992681
H, -0.926107, -0.634566, -0.377799
H, 0.778462, -0.0458165, -0.861945
H, 0.338744, -0.250234, 0.941566
H, -0.953483, 4.63602, 1.48015

molpro_pot: interatomic distances matrix (angstrom):

\     C1    H2    H3    H4
H2  1.08
H3  1.08  1.87
H4  1.08  1.87  1.87
H5  5.29  5.59  5.51  5.08

Molpro::pot: 1-th molpro energy = -0.00690428 kcal/mole

Molpro::pot: 0-th energy correction = -0.00724923 kcal/mole
Molpro::pot: 1-th energy correction = 0 kcal/mole
molpro_pot: 0-th energy = -0.0141535 kcal/mol
molpro_pot: 1-th energy = -0.00690428 kcal/mol
molpro_pot: coordinates (angstrom):

C, -0.268574, -0.0955436, 0.171167
H, -0.814794, 0.457935, 0.918041
H, 0.342149, -0.935044, 0.46233
H, -0.335416, 0.188345, -0.866841
H, 4.00593, 1.42638, -2.55159

molpro_pot: interatomic distances matrix (angstrom):

\     C1    H2    H3    H4
H2  1.08
H3  1.08  1.87
H4  1.08  1.87  1.87
H5  5.29  6.02   5.3  4.82

Molpro::pot: 1-th molpro energy = -0.00626137 kcal/mole

Molpro::pot: 0-th energy correction = -0.00725446 kcal/mole
Molpro::pot: 1-th energy correction = 0 kcal/mole
molpro_pot: 0-th energy = -0.0135158 kcal/mol
molpro_pot: 1-th energy = -0.00626137 kcal/mol
molpro_pot: coordinates (angstrom):

C, 0.115844, -0.168248, -0.262812
H, -0.56003, -0.09693, -1.09984
H, 0.647986, 0.706194, 0.0758547
H, 0.257253, -1.11288, 0.237384
H, -1.72455, 2.50691, 3.91586

molpro_pot: interatomic distances matrix (angstrom):

\     C1    H2    H3    H4
H2  1.08
H3  1.08  1.87
H4  1.08  1.87  1.87
H5  5.29  5.77  4.86  5.53

Molpro::pot: 1-th molpro energy = -0.00673013 kcal/mole

Molpro::pot: 0-th energy correction = -0.00724927 kcal/mole
Molpro::pot: 1-th energy correction = 0 kcal/mole
molpro_pot: 0-th energy = -0.0139794 kcal/mol
molpro_pot: 1-th energy = -0.00673013 kcal/mol

(9,0)-th SURFACE:

molpro_pot: coordinates (angstrom):

C, 0.239069, -0.10124, -0.180118
H, -0.281973, 0.777278, 0.165189
H, -0.312448, -0.998115, -0.412418
H, 1.31085, -0.0820505, -0.296078
H, -3.56297, 1.50833, 2.68794

molpro_pot: interatomic distances matrix (angstrom):

\     C1    H2    H3    H4
H2  1.08
H3  1.08  1.87
H4  1.08  1.87  1.87
H5  5.03   4.2  5.14  5.93

Molpro::pot: 1-th molpro energy = -0.00951348 kcal/mole

Molpro::pot: 0-th energy correction = -0.0123118 kcal/mole
Molpro::pot: 1-th energy correction = 0 kcal/mole
molpro_pot: 0-th energy = -0.0218253 kcal/mol
molpro_pot: 1-th energy = -0.00951348 kcal/mol
molpro_pot: coordinates (angstrom):

C, -0.208675, 0.134952, 0.195052
H, 0.266922, 0.998942, 0.630765
H, -0.979224, -0.387413, 0.739026
H, 0.0838948, -0.20478, -0.785512
H, 3.11306, -2.0136, -2.90674

molpro_pot: interatomic distances matrix (angstrom):

\     C1    H2    H3    H4
H2  1.08
H3  1.08  1.87
H4  1.08  1.87  1.87
H5  5.03  5.45  5.72  4.12

Molpro::pot: 1-th molpro energy = -0.0111708 kcal/mole

Molpro::pot: 0-th energy correction = -0.0123135 kcal/mole
Molpro::pot: 1-th energy correction = 0 kcal/mole
molpro_pot: 0-th energy = -0.0234843 kcal/mol
molpro_pot: 1-th energy = -0.0111708 kcal/mol
molpro_pot: coordinates (angstrom):

C, -0.267903, 0.156708, 0.0585375
H, -0.34537, -0.191617, 1.07598
H, -0.529081, -0.498904, -0.756618
H, 0.06763, 1.16122, -0.143669
H, 3.9967, -2.3366, -0.872686

molpro_pot: interatomic distances matrix (angstrom):

\     C1    H2    H3    H4
H2  1.08
H3  1.08  1.87
H4  1.08  1.87  1.87
H5  5.03  5.22  4.89  5.31

Molpro::pot: 1-th molpro energy = -0.0143304 kcal/mole

Molpro::pot: 0-th energy correction = -0.0123153 kcal/mole
Molpro::pot: 1-th energy correction = 0 kcal/mole
molpro_pot: 0-th energy = -0.0266457 kcal/mol
molpro_pot: 1-th energy = -0.0143304 kcal/mol
molpro_pot: coordinates (angstrom):

C, 0.156865, 0.207876, 0.179087
H, -0.567634, -0.572992, 0.346009
H, 0.453134, 0.461891, -0.82601
H, 0.58268, 0.736691, 1.01668
H, -2.33594, -3.10073, -2.66903

molpro_pot: interatomic distances matrix (angstrom):

\     C1    H2    H3    H4
H2  1.08
H3  1.08  1.87
H4  1.08  1.87  1.87
H5  5.03  4.31  4.89  6.07

Molpro::pot: 1-th molpro energy = -0.00744415 kcal/mole

Molpro::pot: 0-th energy correction = -0.01231 kcal/mole
Molpro::pot: 1-th energy correction = 0 kcal/mole
molpro_pot: 0-th energy = -0.0197542 kcal/mol
molpro_pot: 1-th energy = -0.00744415 kcal/mol
molpro_pot: coordinates (angstrom):

C, 0.0244631, 0.285485, -0.133034
H, -0.736301, 0.792858, 0.438215
H, -0.177166, -0.685759, -0.555585
H, 0.985434, 0.750412, -0.284356
H, -0.363244, -4.25673, 1.98574

molpro_pot: interatomic distances matrix (angstrom):

\     C1    H2    H3    H4
H2  1.08
H3  1.08  1.87
H4  1.08  1.87  1.87
H5  5.03  5.29  4.39  5.66

Molpro::pot: 1-th molpro energy = -0.0119955 kcal/mole

Molpro::pot: 0-th energy correction = -0.0123136 kcal/mole
Molpro::pot: 1-th energy correction = 0 kcal/mole
molpro_pot: 0-th energy = -0.0243092 kcal/mol
molpro_pot: 1-th energy = -0.0119955 kcal/mol

(10,0)-th SURFACE:

molpro_pot: coordinates (angstrom):

C, 0.0901233, 0.174892, -0.20325
H, -0.795906, 0.183625, 0.411072
H, 0.676393, 1.07274, -0.315832
H, 0.391581, -0.732053, -0.702343
H, -1.34515, -2.60673, 3.02717

molpro_pot: interatomic distances matrix (angstrom):

\     C1    H2    H3    H4
H2  1.08
H3  1.08  1.87
H4  1.08  1.87  1.87
H5   4.5  3.86  5.37  4.52

Molpro::pot: 1-th molpro energy = -0.0281423 kcal/mole

Molpro::pot: 0-th energy correction = -0.0354658 kcal/mole
Molpro::pot: 1-th energy correction = 0 kcal/mole
molpro_pot: 0-th energy = -0.0636081 kcal/mol
molpro_pot: 1-th energy = -0.0281423 kcal/mol
molpro_pot: coordinates (angstrom):

C, 0.210955, -0.0450504, 0.182927
H, -0.31597, -0.953051, -0.0628372
H, 1.23714, -0.0896741, 0.510747
H, -0.287026, 0.907483, 0.0979794
H, -3.14596, 0.671649, -2.72397

molpro_pot: interatomic distances matrix (angstrom):

\     C1    H2    H3    H4
H2  1.08
H3  1.08  1.87
H4  1.08  1.87  1.87
H5   4.5  4.21   5.5  4.02

Molpro::pot: 1-th molpro energy = -0.019277 kcal/mole

Molpro::pot: 0-th energy correction = -0.035469 kcal/mole
Molpro::pot: 1-th energy correction = 0 kcal/mole
molpro_pot: 0-th energy = -0.0547461 kcal/mol
molpro_pot: 1-th energy = -0.019277 kcal/mol
molpro_pot: coordinates (angstrom):

C, -0.146558, 0.163617, -0.177996
H, -0.317377, 1.18562, -0.476051
H, -0.80212, -0.616797, -0.529723
H, 0.68128, -0.0784262, 0.469013
H, 2.18326, -2.43855, 2.65613

molpro_pot: interatomic distances matrix (angstrom):

\     C1    H2    H3    H4
H2  1.08
H3  1.08  1.87
H4  1.08  1.87  1.87
H5   4.5   5.4  4.73  3.55

Molpro::pot: 1-th molpro energy = -0.00933272 kcal/mole

Molpro::pot: 0-th energy correction = -0.0354768 kcal/mole
Molpro::pot: 1-th energy correction = 0 kcal/mole
molpro_pot: 0-th energy = -0.0448095 kcal/mol
molpro_pot: 1-th energy = -0.00933272 kcal/mol
molpro_pot: coordinates (angstrom):

C, 0.0646311, 0.0802327, -0.263463
H, 0.714341, -0.0353293, 0.589202
H, -0.766783, -0.592094, -0.402193
H, 0.244321, 0.869673, -0.975514
H, -0.96143, -1.19757, 3.92552

molpro_pot: interatomic distances matrix (angstrom):

\     C1    H2    H3    H4
H2  1.08
H3  1.08  1.87
H4  1.08  1.87  1.87
H5   4.5  3.91  4.37  5.45

Molpro::pot: 1-th molpro energy = -0.0221113 kcal/mole

Molpro::pot: 0-th energy correction = -0.0354649 kcal/mole
Molpro::pot: 1-th energy correction = 0 kcal/mole
molpro_pot: 0-th energy = -0.0575761 kcal/mol
molpro_pot: 1-th energy = -0.0221113 kcal/mol
molpro_pot: coordinates (angstrom):

C, -0.188769, -0.00121374, -0.210278
H, -0.443991, 1.02998, -0.0258452
H, -0.511957, -0.767197, 0.476262
H, 0.386755, -0.266802, -1.08249
H, 2.81683, 0.0184706, 3.13582

molpro_pot: interatomic distances matrix (angstrom):

\     C1    H2    H3    H4
H2  1.08
H3  1.08  1.87
H4  1.08  1.87  1.87
H5   4.5  4.65  4.33  4.88

Molpro::pot: 1-th molpro energy = -0.0596122 kcal/mole

Molpro::pot: 0-th energy correction = -0.0354869 kcal/mole
Molpro::pot: 1-th energy correction = 0 kcal/mole
molpro_pot: 0-th energy = -0.0950991 kcal/mol
molpro_pot: 1-th energy = -0.0596122 kcal/mol

(11,0)-th SURFACE:

molpro_pot: coordinates (angstrom):

C, -0.170376, -0.044357, 0.199722
H, -1.01437, 0.451138, -0.252689
H, -0.31856, -0.945376, 0.773066
H, 0.821818, 0.359183, 0.0763211
H, 2.53975, 0.663206, -2.97475

molpro_pot: interatomic distances matrix (angstrom):

\     C1    H2    H3    H4
H2  1.08
H3  1.08  1.87
H4  1.08  1.87  1.87
H5  4.23  4.48  4.98  3.51

Molpro::pot: 1-th molpro energy = -0.054568 kcal/mole

Molpro::pot: 0-th energy correction = -0.0602042 kcal/mole
Molpro::pot: 1-th energy correction = 0 kcal/mole
molpro_pot: 0-th energy = -0.114772 kcal/mol
molpro_pot: 1-th energy = -0.054568 kcal/mol
molpro_pot: coordinates (angstrom):

C, 0.192652, 0.162792, 0.085431
H, 0.809831, 0.0910257, 0.966598
H, 0.451341, -0.394983, -0.800281
H, -0.6846, 0.789626, 0.090859
H, -2.87044, -2.424, -1.27439

molpro_pot: interatomic distances matrix (angstrom):

\     C1    H2    H3    H4
H2  1.08
H3  1.08  1.87
H4  1.08  1.87  1.87
H5  4.23  4.99  3.92  4.12

Molpro::pot: 1-th molpro energy = -0.0824224 kcal/mole

Molpro::pot: 0-th energy correction = -0.0601974 kcal/mole
Molpro::pot: 1-th energy correction = 0 kcal/mole
molpro_pot: 0-th energy = -0.14262 kcal/mol
molpro_pot: 1-th energy = -0.0824224 kcal/mol
molpro_pot: coordinates (angstrom):

C, -0.146173, 0.087269, 0.204748
H, -0.895989, 0.859503, 0.267563
H, -0.438586, -0.950334, 0.224544
H, 0.895402, 0.352408, 0.119049
H, 2.17963, -1.30067, -3.04906

molpro_pot: interatomic distances matrix (angstrom):

\     C1    H2    H3    H4
H2  1.08
H3  1.08  1.87
H4  1.08  1.87  1.87
H5  4.23  5.01  4.21   3.8

Molpro::pot: 1-th molpro energy = -0.0745473 kcal/mole

Molpro::pot: 0-th energy correction = -0.0601997 kcal/mole
Molpro::pot: 1-th energy correction = 0 kcal/mole
molpro_pot: 0-th energy = -0.134747 kcal/mol
molpro_pot: 1-th energy = -0.0745473 kcal/mol
molpro_pot: coordinates (angstrom):

C, -0.208688, -0.139447, -0.088168
H, -1.18758, 0.220151, -0.361979
H, -0.0961444, -1.12316, 0.33863
H, 0.657736, 0.483108, -0.243908
H, 3.1108, 2.08028, 1.31706

molpro_pot: interatomic distances matrix (angstrom):

\     C1    H2    H3    H4
H2  1.08
H3  1.08  1.87
H4  1.08  1.87  1.87
H5  4.23  4.98  4.64  3.32

Molpro::pot: 1-th molpro energy = -0.0240955 kcal/mole

Molpro::pot: 0-th energy correction = -0.0602301 kcal/mole
Molpro::pot: 1-th energy correction = 0 kcal/mole
molpro_pot: 0-th energy = -0.0843255 kcal/mol
molpro_pot: 1-th energy = -0.0240955 kcal/mol
molpro_pot: coordinates (angstrom):

C, 0.0811161, -0.153269, 0.201748
H, 0.667186, 0.736916, 0.0386287
H, 0.529309, -1.015, 0.669794
H, -0.95358, -0.180761, -0.100195
H, -1.20875, 2.28379, -3.01041

molpro_pot: interatomic distances matrix (angstrom):

\     C1    H2    H3    H4
H2  1.08
H3  1.08  1.87
H4  1.08  1.87  1.87
H5  4.23   3.9  5.24  3.82

Molpro::pot: 1-th molpro energy = -0.029285 kcal/mole

Molpro::pot: 0-th energy correction = -0.0602293 kcal/mole
Molpro::pot: 1-th energy correction = 0 kcal/mole
molpro_pot: 0-th energy = -0.0895142 kcal/mol
molpro_pot: 1-th energy = -0.029285 kcal/mol

(11,0)-th SURFACE:

molpro_pot: coordinates (angstrom):

C, 0.174134, -0.0084115, -0.201281
H, -0.00509547, 0.153969, -1.25201
H, -0.0894816, 0.753873, 0.514224
H, 0.613935, -0.933904, 0.134218
H, -2.59274, 0.126216, 3.00018

molpro_pot: interatomic distances matrix (angstrom):

\     C1    H2    H3    H4
H2  1.08
H3  1.08  1.87
H4  1.08  1.87  1.87
H5  4.23  4.98  3.58  4.43

Molpro::pot: 1-th molpro energy = -0.0626678 kcal/mole

Molpro::pot: 0-th energy correction = -0.060199 kcal/mole
Molpro::pot: 1-th energy correction = 0 kcal/mole
molpro_pot: 0-th energy = -0.122867 kcal/mol
molpro_pot: 1-th energy = -0.0626678 kcal/mol
molpro_pot: coordinates (angstrom):

C, 0.0989015, -0.229318, -0.0915376
H, -0.944307, -0.501331, -0.0760355
H, 0.847011, -0.946364, 0.206281
H, 0.394223, 0.75829, -0.407663
H, -1.47453, 3.41986, 1.36734

molpro_pot: interatomic distances matrix (angstrom):

\     C1    H2    H3    H4
H2  1.08
H3  1.08  1.87
H4  1.08  1.87  1.87
H5  4.23  4.21  5.08   3.7

Molpro::pot: 1-th molpro energy = -0.0591314 kcal/mole

Molpro::pot: 0-th energy correction = -0.0602351 kcal/mole
Molpro::pot: 1-th energy correction = 0 kcal/mole
molpro_pot: 0-th energy = -0.119367 kcal/mol
molpro_pot: 1-th energy = -0.0591314 kcal/mol
molpro_pot: coordinates (angstrom):

C, 0.243037, -0.0763201, -0.0768565
H, 0.222636, -0.77829, -0.894987
H, 1.17345, 0.142391, 0.422163
H, -0.665989, 0.409137, 0.240199
H, -3.6239, 1.13549, 1.14774

molpro_pot: interatomic distances matrix (angstrom):

\     C1    H2    H3    H4
H2  1.08
H3  1.08  1.87
H4  1.08  1.87  1.87
H5  4.23  4.76  4.95  3.18

Molpro::pot: 1-th molpro energy = 0.00539938 kcal/mole

Molpro::pot: 0-th energy correction = -0.0602235 kcal/mole
Molpro::pot: 1-th energy correction = 0 kcal/mole
molpro_pot: 0-th energy = -0.0548242 kcal/mol
molpro_pot: 1-th energy = 0.00539938 kcal/mol
molpro_pot: coordinates (angstrom):

C, 0.0927228, -0.0855462, 0.234479
H, 0.156646, 0.803747, -0.37181
H, -0.397152, -0.0490501, 1.19428
H, 0.515734, -1.01174, -0.120128
H, -1.37926, 1.27563, -3.49424

molpro_pot: interatomic distances matrix (angstrom):

\     C1    H2    H3    H4
H2  1.08
H3  1.08  1.87
H4  1.08  1.87  1.87
H5  4.23  3.51  4.97   4.5

Molpro::pot: 1-th molpro energy = -0.0551899 kcal/mole

Molpro::pot: 0-th energy correction = -0.0602015 kcal/mole
Molpro::pot: 1-th energy correction = 0 kcal/mole
molpro_pot: 0-th energy = -0.115391 kcal/mol
molpro_pot: 1-th energy = -0.0551899 kcal/mol
molpro_pot: coordinates (angstrom):

C, 0.0657826, 0.222018, -0.13083
H, -0.463634, 0.260644, 0.807649
H, -0.458772, 0.41226, -1.05342
H, 1.11998, -0.00369426, -0.146598
H, -0.980833, -3.31274, 1.95013

molpro_pot: interatomic distances matrix (angstrom):

\     C1    H2    H3    H4
H2  1.08
H3  1.08  1.87
H4  1.08  1.87  1.87
H5  4.23  3.79  4.81  4.45

Molpro::pot: 1-th molpro energy = -0.094483 kcal/mole

Molpro::pot: 0-th energy correction = -0.0602378 kcal/mole
Molpro::pot: 1-th energy correction = 0 kcal/mole
molpro_pot: 0-th energy = -0.154721 kcal/mol
molpro_pot: 1-th energy = -0.094483 kcal/mol

(12,0)-th SURFACE:

molpro_pot: coordinates (angstrom):

C, 0.196745, -0.15363, -0.00420863
H, 0.571095, -0.825712, -0.759644
H, 0.349399, 0.908932, -0.105091
H, -0.33276, -0.54358, 0.850242
H, -2.93034, 2.28961, 0.0646051

molpro_pot: interatomic distances matrix (angstrom):

\     C1    H2    H3    H4
H2  1.08
H3  1.08  1.87
H4  1.08  1.87  1.87
H5  3.97  4.76  3.56  3.92

Molpro::pot: 1-th molpro energy = -0.139732 kcal/mole

Molpro::pot: 0-th energy correction = -0.101792 kcal/mole
Molpro::pot: 1-th energy correction = 0 kcal/mole
molpro_pot: 0-th energy = -0.241524 kcal/mol
molpro_pot: 1-th energy = -0.139732 kcal/mol
molpro_pot: coordinates (angstrom):

C, 0.021576, -0.193132, -0.156786
H, 0.252862, -0.463961, 0.860895
H, -0.971519, 0.139243, -0.413317
H, 0.783812, -0.251651, -0.91711
H, -0.322057, 2.87596, 2.33635

molpro_pot: interatomic distances matrix (angstrom):

\     C1    H2    H3    H4
H2  1.08
H3  1.08  1.87
H4  1.08  1.87  1.87
H5  3.97   3.7  3.93  4.65

Molpro::pot: 1-th molpro energy = -0.182528 kcal/mole

Molpro::pot: 0-th energy correction = -0.101785 kcal/mole
Molpro::pot: 1-th energy correction = 0 kcal/mole
molpro_pot: 0-th energy = -0.284313 kcal/mol
molpro_pot: 1-th energy = -0.182528 kcal/mol
molpro_pot: coordinates (angstrom):

C, -0.164065, -0.1593, 0.100226
H, -0.532911, 0.539448, -0.633409
H, 0.655156, -0.81587, -0.145361
H, -0.612133, -0.199408, 1.0801
H, 2.44338, 2.37259, -1.4947

molpro_pot: interatomic distances matrix (angstrom):

\     C1    H2    H3    H4
H2  1.08
H3  1.08  1.87
H4  1.08  1.87  1.87
H5  3.97   3.6   3.9  4.75

Molpro::pot: 1-th molpro energy = -0.145336 kcal/mole

Molpro::pot: 0-th energy correction = -0.101788 kcal/mole
Molpro::pot: 1-th energy correction = 0 kcal/mole
molpro_pot: 0-th energy = -0.247124 kcal/mol
molpro_pot: 1-th energy = -0.145336 kcal/mol
molpro_pot: coordinates (angstrom):

C, 0.133655, 0.159962, 0.137406
H, 0.920099, -0.0604874, -0.566456
H, -0.880595, 0.279742, -0.208235
H, 0.360736, 0.257549, 1.1869
H, -1.99164, -2.38144, -2.04828

molpro_pot: interatomic distances matrix (angstrom):

\     C1    H2    H3    H4
H2  1.08
H3  1.08  1.87
H4  1.08  1.87  1.87
H5  3.97  4.01  3.42  4.79

Molpro::pot: 1-th molpro energy = -0.110327 kcal/mole

Molpro::pot: 0-th energy correction = -0.10179 kcal/mole
Molpro::pot: 1-th energy correction = 0 kcal/mole
molpro_pot: 0-th energy = -0.212118 kcal/mol
molpro_pot: 1-th energy = -0.110327 kcal/mol
molpro_pot: coordinates (angstrom):

C, 0.120473, -0.181612, -0.121197
H, -0.0898835, -1.23611, -0.200598
H, 1.12413, 0.153316, 0.0861949
H, -0.671811, 0.537867, -0.252184
H, -1.79689, 2.70734, 1.80966

molpro_pot: interatomic distances matrix (angstrom):

\     C1    H2    H3    H4
H2  1.08
H3  1.08  1.87
H4  1.08  1.87  1.87
H5  3.97  4.74  4.25   3.2

Molpro::pot: 1-th molpro energy = -0.0696841 kcal/mole

Molpro::pot: 0-th energy correction = -0.101845 kcal/mole
Molpro::pot: 1-th energy correction = 0 kcal/mole
molpro_pot: 0-th energy = -0.171529 kcal/mol
molpro_pot: 1-th energy = -0.0696841 kcal/mol
