
(0,0)-th SURFACE:

molpro_pot: coordinates (angstrom):

C, -0.637412, 0.157299, -0.107803
H, -0.730356, -0.521568, 0.724674
H, 0.288316, 0.211487, -0.657903
H, -1.47079, 0.779531, -0.392097
H, 9.50239, -2.34238, 1.60891

molpro_pot: interatomic distances matrix (angstrom):

\     C1    H2    H3    H4
H2  1.08
H3  1.08  1.87
H4  1.08  1.87  1.87
H5  10.6  10.4  9.83  11.6

Molpro::pot: 1-th molpro energy = -1.42965e-05 kcal/mole

Molpro::pot: 0-th energy correction = -1.83734e-07 kcal/mole
Molpro::pot: 1-th energy correction = 0 kcal/mole
molpro_pot: 0-th energy = -1.44802e-05 kcal/mol
molpro_pot: 1-th energy = -1.42965e-05 kcal/mol
molpro_pot: coordinates (angstrom):

C, -0.313364, -0.549296, 0.206828
H, 0.112982, 0.3329, -0.243145
H, 0.0441167, -0.891849, 1.16463
H, -1.09901, -1.08703, -0.299252
H, 4.67309, 8.18635, -3.08489

molpro_pot: interatomic distances matrix (angstrom):

\     C1    H2    H3    H4
H2  1.08
H3  1.08  1.87
H4  1.08  1.87  1.87
H5  10.6  9.52    11  11.3

Molpro::pot: 1-th molpro energy = -1.93986e-05 kcal/mole

Molpro::pot: 0-th energy correction = -1.83723e-07 kcal/mole
Molpro::pot: 1-th energy correction = 0 kcal/mole
molpro_pot: 0-th energy = -1.95823e-05 kcal/mol
molpro_pot: 1-th energy = -1.93986e-05 kcal/mol
molpro_pot: coordinates (angstrom):

C, 0.244313, -0.6184, 0.0200098
H, 0.13947, -0.201436, -0.968759
H, -0.599245, -0.631269, 0.691398
H, 1.19143, -1.02517, 0.336279
H, -3.64065, 9.22106, -0.297172

molpro_pot: interatomic distances matrix (angstrom):

\     C1    H2    H3    H4
H2  1.08
H3  1.08  1.87
H4  1.08  1.87  1.87
H5  10.6  10.2  10.4  11.3

Molpro::pot: 1-th molpro energy = -1.56026e-05 kcal/mole

Molpro::pot: 0-th energy correction = -1.83776e-07 kcal/mole
Molpro::pot: 1-th energy correction = 0 kcal/mole
molpro_pot: 0-th energy = -1.57864e-05 kcal/mol
molpro_pot: 1-th energy = -1.56026e-05 kcal/mol
molpro_pot: coordinates (angstrom):

C, 0.14019, 0.649483, 0.0385524
H, -0.716321, 0.851052, -0.584563
H, 0.00806483, 0.46547, 1.09269
H, 1.12816, 0.628844, -0.392737
H, -2.08912, -9.67865, -0.574423

molpro_pot: interatomic distances matrix (angstrom):

\     C1    H2    H3    H4
H2  1.08
H3  1.08  1.87
H4  1.08  1.87  1.87
H5  10.6  10.6  10.5  10.8

Molpro::pot: 1-th molpro energy = -5.11993e-05 kcal/mole

Molpro::pot: 0-th energy correction = -1.83649e-07 kcal/mole
Molpro::pot: 1-th energy correction = 0 kcal/mole
molpro_pot: 0-th energy = -5.1383e-05 kcal/mol
molpro_pot: 1-th energy = -5.11993e-05 kcal/mol
molpro_pot: coordinates (angstrom):

C, -0.499141, 0.438743, 0.0334749
H, -0.357732, -0.622383, 0.162045
H, 0.356064, 1.09204, -0.0324713
H, -1.49524, 0.846157, -0.0322442
H, 7.4401, -6.53985, -0.495909

molpro_pot: interatomic distances matrix (angstrom):

\     C1    H2    H3    H4
H2  1.08
H3  1.08  1.87
H4  1.08  1.87  1.87
H5  10.6  9.81  10.4  11.6

Molpro::pot: 1-th molpro energy = -3.74695e-05 kcal/mole

Molpro::pot: 0-th energy correction = -1.83707e-07 kcal/mole
Molpro::pot: 1-th energy correction = 0 kcal/mole
molpro_pot: 0-th energy = -3.76532e-05 kcal/mol
molpro_pot: 1-th energy = -3.74695e-05 kcal/mol

(0,0)-th SURFACE:

molpro_pot: coordinates (angstrom):

C, 0.00529861, 0.0649063, -0.662117
H, 0.801023, -0.480018, -1.14419
H, -0.678769, 0.653635, -1.25201
H, -0.108299, 0.0187188, 0.409089
H, -0.0770444, -0.965164, 9.87083

molpro_pot: interatomic distances matrix (angstrom):

\     C1    H2    H3    H4
H2  1.08
H3  1.08  1.87
H4  1.08  1.87  1.87
H5  10.6  11.1  11.3  9.51

Molpro::pot: 1-th molpro energy = -5.47095e-05 kcal/mole

Molpro::pot: 0-th energy correction = -1.83739e-07 kcal/mole
Molpro::pot: 1-th energy correction = 0 kcal/mole
molpro_pot: 0-th energy = -5.48932e-05 kcal/mol
molpro_pot: 1-th energy = -5.47095e-05 kcal/mol
molpro_pot: coordinates (angstrom):

C, -0.10047, -0.0150604, -0.657411
H, 0.679997, 0.52308, -1.17102
H, -0.602216, 0.436052, 0.18358
H, -0.381293, -1.00267, -0.986495
H, 1.49979, 0.222854, 9.80161

molpro_pot: interatomic distances matrix (angstrom):

\     C1    H2    H3    H4
H2  1.08
H3  1.08  1.87
H4  1.08  1.87  1.87
H5  10.6    11  9.85    11

Molpro::pot: 1-th molpro energy = -8.76857e-05 kcal/mole

Molpro::pot: 0-th energy correction = -1.83775e-07 kcal/mole
Molpro::pot: 1-th energy correction = 0 kcal/mole
molpro_pot: 0-th energy = -8.78695e-05 kcal/mol
molpro_pot: 1-th energy = -8.76857e-05 kcal/mol
molpro_pot: coordinates (angstrom):

C, 0.4443, -0.466467, 0.166299
H, 0.407149, 0.148716, -0.718395
H, 1.21277, -1.21567, 0.269526
H, -0.284796, -0.330498, 0.948893
H, -6.62533, 6.9516, -2.48012

molpro_pot: interatomic distances matrix (angstrom):

\     C1    H2    H3    H4
H2  1.08
H3  1.08  1.87
H4  1.08  1.87  1.87
H5  10.6  9.94  11.6  10.2

Molpro::pot: 1-th molpro energy = 2.19649e-05 kcal/mole

Molpro::pot: 0-th energy correction = -1.83737e-07 kcal/mole
Molpro::pot: 1-th energy correction = 0 kcal/mole
molpro_pot: 0-th energy = 2.17812e-05 kcal/mol
molpro_pot: 1-th energy = 2.19649e-05 kcal/mol
molpro_pot: coordinates (angstrom):

C, -0.147438, -0.639569, 0.109943
H, -0.781537, -1.17477, -0.578527
H, 0.863302, -0.973229, 0.281976
H, -0.5228, 0.230768, 0.623887
H, 2.19655, 9.53247, -1.63641

molpro_pot: interatomic distances matrix (angstrom):

\     C1    H2    H3    H4
H2  1.08
H3  1.08  1.87
H4  1.08  1.87  1.87
H5  10.6  11.2  10.8  9.95

Molpro::pot: 1-th molpro energy = -2.878e-05 kcal/mole

Molpro::pot: 0-th energy correction = -1.83675e-07 kcal/mole
Molpro::pot: 1-th energy correction = 0 kcal/mole
molpro_pot: 0-th energy = -2.89637e-05 kcal/mol
molpro_pot: 1-th energy = -2.878e-05 kcal/mol
molpro_pot: coordinates (angstrom):

C, 0.293372, 0.214995, -0.557354
H, 0.143514, 1.25325, -0.806531
H, 1.06862, -0.065742, 0.137414
H, -0.333709, -0.54202, -1.00032
H, -4.37155, -3.2054, 8.30576

molpro_pot: interatomic distances matrix (angstrom):

\     C1    H2    H3    H4
H2  1.08
H3  1.08  1.87
H4  1.08  1.87  1.87
H5  10.6  11.1  10.3  10.5

Molpro::pot: 1-th molpro energy = -8.77452e-05 kcal/mole

Molpro::pot: 0-th energy correction = -1.83658e-07 kcal/mole
Molpro::pot: 1-th energy correction = 0 kcal/mole
molpro_pot: 0-th energy = -8.79288e-05 kcal/mol
molpro_pot: 1-th energy = -8.77452e-05 kcal/mol

(1,0)-th SURFACE:

molpro_pot: coordinates (angstrom):

C, 0.519285, -0.0322939, 0.221974
H, -0.368856, -0.525562, 0.583095
H, 0.649684, 0.136576, -0.834907
H, 1.27535, 0.294787, 0.917606
H, -7.73921, 0.478717, -3.30881

molpro_pot: interatomic distances matrix (angstrom):

\     C1    H2    H3    H4
H2  1.08
H3  1.08  1.87
H4  1.08  1.87  1.87
H5     9   8.4  8.75  9.96

Molpro::pot: 1-th molpro energy = -0.000106939 kcal/mole

Molpro::pot: 0-th energy correction = -4.39498e-06 kcal/mole
Molpro::pot: 1-th energy correction = 0 kcal/mole
molpro_pot: 0-th energy = -0.000111334 kcal/mol
molpro_pot: 1-th energy = -0.000106939 kcal/mol
molpro_pot: coordinates (angstrom):

C, 0.143024, -0.515049, 0.184805
H, 0.43714, -0.0301198, 1.10179
H, -0.0426233, -1.57708, 0.172632
H, 0.0315578, 0.0622145, -0.719
H, -2.12904, 7.67758, -2.75585

molpro_pot: interatomic distances matrix (angstrom):

\     C1    H2    H3    H4
H2  1.08
H3  1.08  1.87
H4  1.08  1.87  1.87
H5     9  8.99  9.93  8.17

Molpro::pot: 1-th molpro energy = -0.000168196 kcal/mole

Molpro::pot: 0-th energy correction = -4.39567e-06 kcal/mole
Molpro::pot: 1-th energy correction = 0 kcal/mole
molpro_pot: 0-th energy = -0.000172592 kcal/mol
molpro_pot: 1-th energy = -0.000168196 kcal/mol
molpro_pot: coordinates (angstrom):

C, 0.404286, -0.292771, -0.266127
H, 0.632559, 0.741607, -0.467297
H, -0.0923478, -0.56628, 0.65097
H, 0.669704, -1.05307, -0.983075
H, -6.02368, 4.36372, 3.96813

molpro_pot: interatomic distances matrix (angstrom):

\     C1    H2    H3    H4
H2  1.08
H3  1.08  1.87
H4  1.08  1.87  1.87
H5     9  8.78   8.4  9.93

Molpro::pot: 1-th molpro energy = -8.72926e-05 kcal/mole

Molpro::pot: 0-th energy correction = -4.39488e-06 kcal/mole
Molpro::pot: 1-th energy correction = 0 kcal/mole
molpro_pot: 0-th energy = -9.16875e-05 kcal/mol
molpro_pot: 1-th energy = -8.72926e-05 kcal/mol
molpro_pot: coordinates (angstrom):

C, 0.316551, -0.127501, -0.450719
H, -0.358472, -0.236861, -1.28433
H, 0.591931, -0.989136, 0.136024
H, 0.718527, 0.842515, -0.205759
H, -4.72111, 1.90161, 6.7207

molpro_pot: interatomic distances matrix (angstrom):

\     C1    H2    H3    H4
H2  1.08
H3  1.08  1.87
H4  1.08  1.87  1.87
H5     9  9.36  8.94  8.87

Molpro::pot: 1-th molpro energy = -0.000123368 kcal/mole

Molpro::pot: 0-th energy correction = -4.3978e-06 kcal/mole
Molpro::pot: 1-th energy correction = 0 kcal/mole
molpro_pot: 0-th energy = -0.000127766 kcal/mol
molpro_pot: 1-th energy = -0.000123368 kcal/mol
molpro_pot: coordinates (angstrom):

C, -0.434293, 0.105749, 0.346257
H, 0.32473, -0.659798, 0.327916
H, -1.47685, -0.169171, 0.341613
H, -0.151009, 1.14574, 0.372364
H, 6.47418, -1.57591, -5.16472

molpro_pot: interatomic distances matrix (angstrom):

\     C1    H2    H3    H4
H2  1.08
H3  1.08  1.87
H4  1.08  1.87  1.87
H5     9   8.3  9.77  9.05

Molpro::pot: 1-th molpro energy = -0.000107421 kcal/mole

Molpro::pot: 0-th energy correction = -4.39719e-06 kcal/mole
Molpro::pot: 1-th energy correction = 0 kcal/mole
molpro_pot: 0-th energy = -0.000111819 kcal/mol
molpro_pot: 1-th energy = -0.000107421 kcal/mol

(2,0)-th SURFACE:

molpro_pot: coordinates (angstrom):

C, 0.176342, 0.430847, 0.221251
H, 0.364989, 1.13119, -0.576526
H, 0.960818, -0.22901, 0.555473
H, -0.795419, 0.392421, 0.686787
H, -2.63007, -6.42462, -3.30013

molpro_pot: interatomic distances matrix (angstrom):

\     C1    H2    H3    H4
H2  1.08
H3  1.08  1.87
H4  1.08  1.87  1.87
H5   8.2  8.57  8.13  8.11

Molpro::pot: 1-th molpro energy = -0.000170716 kcal/mole

Molpro::pot: 0-th energy correction = -2.15119e-05 kcal/mole
Molpro::pot: 1-th energy correction = 0 kcal/mole
molpro_pot: 0-th energy = -0.000192228 kcal/mol
molpro_pot: 1-th energy = -0.000170716 kcal/mol
molpro_pot: coordinates (angstrom):

C, -0.473418, -0.141571, -0.146874
H, -1.03078, -0.0962468, -1.06872
H, -0.333056, 0.750555, 0.442132
H, -0.0591784, -1.07918, 0.187502
H, 7.05993, 2.11054, 2.1879

molpro_pot: interatomic distances matrix (angstrom):

\     C1    H2    H3    H4
H2  1.08
H3  1.08  1.87
H4  1.08  1.87  1.87
H5   8.2     9  7.72  8.05

Molpro::pot: 1-th molpro energy = -0.000103153 kcal/mole

Molpro::pot: 0-th energy correction = -2.15093e-05 kcal/mole
Molpro::pot: 1-th energy correction = 0 kcal/mole
molpro_pot: 0-th energy = -0.000124662 kcal/mol
molpro_pot: 1-th energy = -0.000103153 kcal/mol
molpro_pot: coordinates (angstrom):

C, -0.495229, -0.108942, 0.0938042
H, -1.43101, -0.274307, 0.603207
H, 0.237054, 0.560306, 0.516164
H, -0.290424, -0.61494, -0.836003
H, 7.38099, 1.62609, -1.40028

molpro_pot: interatomic distances matrix (angstrom):

\     C1    H2    H3    H4
H2  1.08
H3  1.08  1.87
H4  1.08  1.87  1.87
H5   8.2  9.23  7.47  8.01

Molpro::pot: 1-th molpro energy = -0.000238932 kcal/mole

Molpro::pot: 0-th energy correction = -2.15018e-05 kcal/mole
Molpro::pot: 1-th energy correction = 0 kcal/mole
molpro_pot: 0-th energy = -0.000260434 kcal/mol
molpro_pot: 1-th energy = -0.000238932 kcal/mol
molpro_pot: coordinates (angstrom):

C, -0.0379777, 0.46593, -0.217954
H, -0.462088, -0.314572, -0.82907
H, -0.153741, 0.433979, 0.853539
H, 0.504351, 1.27646, -0.677777
H, 0.563672, -6.94361, 3.24845

molpro_pot: interatomic distances matrix (angstrom):

\     C1    H2    H3    H4
H2  1.08
H3  1.08  1.87
H4  1.08  1.87  1.87
H5   8.2  7.85  7.79  9.11

Molpro::pot: 1-th molpro energy = -0.000172978 kcal/mole

Molpro::pot: 0-th energy correction = -2.14969e-05 kcal/mole
Molpro::pot: 1-th energy correction = 0 kcal/mole
molpro_pot: 0-th energy = -0.000194474 kcal/mol
molpro_pot: 1-th energy = -0.000172978 kcal/mol
molpro_pot: coordinates (angstrom):

C, 0.482149, 0.16397, 0.0803821
H, 0.41759, 0.323444, -0.984003
H, 1.43724, 0.224025, 0.577092
H, -0.408377, -0.052415, 0.648417
H, -7.18731, -2.44741, -1.1986

molpro_pot: interatomic distances matrix (angstrom):

\     C1    H2    H3    H4
H2  1.08
H3  1.08  1.87
H4  1.08  1.87  1.87
H5   8.2   8.1   9.2  7.42

Molpro::pot: 1-th molpro energy = -0.000249411 kcal/mole

Molpro::pot: 0-th energy correction = -2.15062e-05 kcal/mole
Molpro::pot: 1-th energy correction = 0 kcal/mole
molpro_pot: 0-th energy = -0.000270917 kcal/mol
molpro_pot: 1-th energy = -0.000249411 kcal/mol

(3,0)-th SURFACE:

molpro_pot: coordinates (angstrom):

C, -0.292053, -0.12018, -0.351033
H, -0.671301, -0.730104, 0.453131
H, 0.340365, -0.557659, -1.1068
H, -0.54757, 0.926104, -0.40124
H, 4.35593, 1.79263, 5.2346

molpro_pot: interatomic distances matrix (angstrom):

\     C1    H2    H3    H4
H2  1.08
H3  1.08  1.87
H4  1.08  1.87  1.87
H5  7.51  7.38  7.87  7.52

Molpro::pot: 1-th molpro energy = -0.000326535 kcal/mole

Molpro::pot: 0-th energy correction = -8.51526e-05 kcal/mole
Molpro::pot: 1-th energy correction = 0 kcal/mole
molpro_pot: 0-th energy = -0.000411687 kcal/mol
molpro_pot: 1-th energy = -0.000326535 kcal/mol
molpro_pot: coordinates (angstrom):

C, 0.049315, 0.442565, -0.158004
H, 0.388107, -0.351581, 0.487803
H, 0.0690522, 0.31209, -1.2281
H, -0.31199, 1.36568, 0.266072
H, -0.732355, -6.59573, 2.35555

molpro_pot: interatomic distances matrix (angstrom):

\     C1    H2    H3    H4
H2  1.08
H3  1.08  1.87
H4  1.08  1.87  1.87
H5  7.51  6.61  7.82  8.24

Molpro::pot: 1-th molpro energy = -0.000375748 kcal/mole

Molpro::pot: 0-th energy correction = -8.50988e-05 kcal/mole
Molpro::pot: 1-th energy correction = 0 kcal/mole
molpro_pot: 0-th energy = -0.000460847 kcal/mol
molpro_pot: 1-th energy = -0.000375748 kcal/mol
molpro_pot: coordinates (angstrom):

C, 0.195249, -0.35565, 0.241824
H, 1.10122, -0.0415581, 0.734854
H, -0.0428147, -1.40476, 0.169667
H, -0.473997, 0.379124, -0.176191
H, -2.9092, 5.30186, -3.60769

molpro_pot: interatomic distances matrix (angstrom):

\     C1    H2    H3    H4
H2  1.08
H3  1.08  1.87
H4  1.08  1.87  1.87
H5  7.51  7.97  8.21  6.48

Molpro::pot: 1-th molpro energy = -0.000367013 kcal/mole

Molpro::pot: 0-th energy correction = -8.51299e-05 kcal/mole
Molpro::pot: 1-th energy correction = 0 kcal/mole
molpro_pot: 0-th energy = -0.000452143 kcal/mol
molpro_pot: 1-th energy = -0.000367013 kcal/mol
molpro_pot: coordinates (angstrom):

C, 0.395102, 0.219231, 0.138033
H, 0.18487, 0.237257, -0.919318
H, -0.360188, -0.113538, 0.831805
H, 1.36124, 0.530882, 0.501327
H, -5.89033, -3.26495, -2.05735

molpro_pot: interatomic distances matrix (angstrom):

\     C1    H2    H3    H4
H2  1.08
H3  1.08  1.87
H4  1.08  1.87  1.87
H5  7.51   7.1  6.99  8.58

Molpro::pot: 1-th molpro energy = -0.00038074 kcal/mole

Molpro::pot: 0-th energy correction = -8.51059e-05 kcal/mole
Molpro::pot: 1-th energy correction = 0 kcal/mole
molpro_pot: 0-th energy = -0.000465846 kcal/mol
molpro_pot: 1-th energy = -0.00038074 kcal/mol
molpro_pot: coordinates (angstrom):

C, 0.0553206, 0.116452, 0.45458
H, 0.372843, -0.759203, -0.0884872
H, 0.0340561, 1.0763, -0.0360989
H, -0.243793, 0.0319117, 1.48701
H, -0.821799, -1.73558, -6.77503

molpro_pot: interatomic distances matrix (angstrom):

\     C1    H2    H3    H4
H2  1.08
H3  1.08  1.87
H4  1.08  1.87  1.87
H5  7.51  6.86  7.35  8.47

Molpro::pot: 1-th molpro energy = -0.000404761 kcal/mole

Molpro::pot: 0-th energy correction = -8.50981e-05 kcal/mole
Molpro::pot: 1-th energy correction = 0 kcal/mole
molpro_pot: 0-th energy = -0.00048986 kcal/mol
molpro_pot: 1-th energy = -0.000404761 kcal/mol

(4,0)-th SURFACE:

molpro_pot: coordinates (angstrom):

C, 0.306111, -0.293549, 0.0853338
H, 0.519336, 0.519018, 0.761194
H, 0.227863, -1.30086, 0.461778
H, 0.168103, -0.0985983, -0.966079
H, -4.56011, 4.37568, -1.27295

molpro_pot: interatomic distances matrix (angstrom):

\     C1    H2    H3    H4
H2  1.08
H3  1.08  1.87
H4  1.08  1.87  1.87
H5  6.88  6.69  7.63  6.52

Molpro::pot: 1-th molpro energy = -0.000511141 kcal/mole

Molpro::pot: 0-th energy correction = -0.000303005 kcal/mole
Molpro::pot: 1-th energy correction = 0 kcal/mole
molpro_pot: 0-th energy = -0.000814146 kcal/mol
molpro_pot: 1-th energy = -0.000511141 kcal/mol
molpro_pot: coordinates (angstrom):

C, -0.382769, 0.076228, -0.186577
H, -1.30494, -0.443433, -0.391665
H, 0.0220874, 0.0810032, 0.812716
H, 0.136039, 0.588329, -0.981003
H, 5.70438, -1.13353, 2.78149

molpro_pot: interatomic distances matrix (angstrom):

\     C1    H2    H3    H4
H2  1.08
H3  1.08  1.87
H4  1.08  1.87  1.87
H5  6.88  7.73  6.14  6.94

Molpro::pot: 1-th molpro energy = -0.000591403 kcal/mole

Molpro::pot: 0-th energy correction = -0.000303021 kcal/mole
Molpro::pot: 1-th energy correction = 0 kcal/mole
molpro_pot: 0-th energy = -0.000894424 kcal/mol
molpro_pot: 1-th energy = -0.000591403 kcal/mol
molpro_pot: coordinates (angstrom):

C, -0.264632, 0.29132, 0.179613
H, 0.60395, 0.312873, 0.818061
H, -0.150199, 0.129944, -0.880284
H, -1.24754, 0.427981, 0.601206
H, 3.94472, -4.33949, -2.67761

molpro_pot: interatomic distances matrix (angstrom):

\     C1    H2    H3    H4
H2  1.08
H3  1.08  1.87
H4  1.08  1.87  1.87
H5  6.88  6.71  6.32  7.77

Molpro::pot: 1-th molpro energy = -0.000602938 kcal/mole

Molpro::pot: 0-th energy correction = -0.000303004 kcal/mole
Molpro::pot: 1-th energy correction = 0 kcal/mole
molpro_pot: 0-th energy = -0.000905942 kcal/mol
molpro_pot: 1-th energy = -0.000602938 kcal/mol
molpro_pot: coordinates (angstrom):

C, 0.254361, -0.34627, -0.0501419
H, 0.281718, -1.39295, -0.307503
H, -0.281635, 0.348613, -0.676532
H, 0.760153, 0.00501983, 0.834895
H, -3.78887, 5.16229, 0.746171

molpro_pot: interatomic distances matrix (angstrom):

\     C1    H2    H3    H4
H2  1.08
H3  1.08  1.87
H4  1.08  1.87  1.87
H5  6.88  7.79  6.12  6.88

Molpro::pot: 1-th molpro energy = -0.000663099 kcal/mole

Molpro::pot: 0-th energy correction = -0.000303033 kcal/mole
Molpro::pot: 1-th energy correction = 0 kcal/mole
molpro_pot: 0-th energy = -0.000966132 kcal/mol
molpro_pot: 1-th energy = -0.000663099 kcal/mol
molpro_pot: coordinates (angstrom):

C, 0.0258225, -0.0724384, -0.425659
H, 0.930756, 0.121032, 0.127676
H, 0.0503064, -0.716289, -1.29017
H, -0.903855, 0.375219, -0.112893
H, -0.384672, 1.08255, 6.34364

molpro_pot: interatomic distances matrix (angstrom):

\     C1    H2    H3    H4
H2  1.08
H3  1.08  1.87
H4  1.08  1.87  1.87
H5  6.88  6.43  7.85  6.52

Molpro::pot: 1-th molpro energy = -0.000595606 kcal/mole

Molpro::pot: 0-th energy correction = -0.000303045 kcal/mole
Molpro::pot: 1-th energy correction = 0 kcal/mole
molpro_pot: 0-th energy = -0.000898652 kcal/mol
molpro_pot: 1-th energy = -0.000595606 kcal/mol

(4,0)-th SURFACE:

molpro_pot: coordinates (angstrom):

C, 0.33565, -0.0520652, -0.267717
H, 0.638391, 0.953603, -0.511635
H, -0.541866, -0.218942, 0.336134
H, 0.908338, -0.890685, -0.630024
H, -5.0014, 0.775957, 3.99319

molpro_pot: interatomic distances matrix (angstrom):

\     C1    H2    H3    H4
H2  1.08
H3  1.08  1.87
H4  1.08  1.87  1.87
H5  6.88  7.22  5.85  7.69

Molpro::pot: 1-th molpro energy = -0.000786767 kcal/mole

Molpro::pot: 0-th energy correction = -0.000303084 kcal/mole
Molpro::pot: 1-th energy correction = 0 kcal/mole
molpro_pot: 0-th energy = -0.00108985 kcal/mol
molpro_pot: 1-th energy = -0.000786767 kcal/mol
molpro_pot: coordinates (angstrom):

C, -0.161446, 0.338176, 0.21624
H, -0.207704, -0.191329, 1.15432
H, 0.73829, 0.305415, -0.37699
H, -1.01557, 0.897702, -0.130066
H, 2.40729, -5.03839, -3.22199

molpro_pot: interatomic distances matrix (angstrom):

\     C1    H2    H3    H4
H2  1.08
H3  1.08  1.87
H4  1.08  1.87  1.87
H5  6.88  7.03  6.28  7.52

Molpro::pot: 1-th molpro energy = -0.000575483 kcal/mole

Molpro::pot: 0-th energy correction = -0.000302984 kcal/mole
Molpro::pot: 1-th energy correction = 0 kcal/mole
molpro_pot: 0-th energy = -0.000878467 kcal/mol
molpro_pot: 1-th energy = -0.000575483 kcal/mol
molpro_pot: coordinates (angstrom):

C, 0.240964, 0.0680702, 0.352587
H, -0.52417, 0.498449, -0.273399
H, 0.885426, -0.703232, -0.0376435
H, 0.36371, 0.410946, 1.36742
H, -3.59408, -1.01666, -5.25458

molpro_pot: interatomic distances matrix (angstrom):

\     C1    H2    H3    H4
H2  1.08
H3  1.08  1.87
H4  1.08  1.87  1.87
H5  6.88  6.04  6.88  7.85

Molpro::pot: 1-th molpro energy = -0.000639033 kcal/mole

Molpro::pot: 0-th energy correction = -0.000303105 kcal/mole
Molpro::pot: 1-th energy correction = 0 kcal/mole
molpro_pot: 0-th energy = -0.000942138 kcal/mol
molpro_pot: 1-th energy = -0.000639033 kcal/mol
molpro_pot: coordinates (angstrom):

C, 0.172094, -0.361417, -0.163866
H, -0.865424, -0.556336, -0.383132
H, 0.944001, -0.813402, -0.765852
H, 0.437668, 0.287664, 0.655088
H, -2.56534, 5.3854, 2.44502

molpro_pot: interatomic distances matrix (angstrom):

\     C1    H2    H3    H4
H2  1.08
H3  1.08  1.87
H4  1.08  1.87  1.87
H5  6.88   6.8  7.81  6.18

Molpro::pot: 1-th molpro energy = -0.00061171 kcal/mole

Molpro::pot: 0-th energy correction = -0.000303052 kcal/mole
Molpro::pot: 1-th energy correction = 0 kcal/mole
molpro_pot: 0-th energy = -0.000914762 kcal/mol
molpro_pot: 1-th energy = -0.00061171 kcal/mol
molpro_pot: coordinates (angstrom):

C, 0.289749, 0.319205, 0.0346094
H, 0.860703, 0.853628, 0.776849
H, 0.560639, 0.389242, -1.00666
H, -0.549872, -0.287506, 0.333706
H, -4.32146, -4.75608, -0.515988

molpro_pot: interatomic distances matrix (angstrom):

\     C1    H2    H3    H4
H2  1.08
H3  1.08  1.87
H4  1.08  1.87  1.87
H5  6.88  7.75  7.11  5.91

Molpro::pot: 1-th molpro energy = -0.00078851 kcal/mole

Molpro::pot: 0-th energy correction = -0.000303084 kcal/mole
Molpro::pot: 1-th energy correction = 0 kcal/mole
molpro_pot: 0-th energy = -0.00109159 kcal/mol
molpro_pot: 1-th energy = -0.00078851 kcal/mol

(5,0)-th SURFACE:

molpro_pot: coordinates (angstrom):

C, -0.308167, -0.258557, -0.0147663
H, -0.952253, -1.12015, -0.0877356
H, -0.664906, 0.642103, 0.458591
H, 0.693322, -0.298508, -0.412189
H, 4.59312, 3.85515, 0.217153

molpro_pot: interatomic distances matrix (angstrom):

\     C1    H2    H3    H4
H2  1.08
H3  1.08  1.87
H4  1.08  1.87  1.87
H5   6.4  7.46  6.17  5.73

Molpro::pot: 1-th molpro energy = -0.00104239 kcal/mole

Molpro::pot: 0-th energy correction = -0.000785662 kcal/mole
Molpro::pot: 1-th energy correction = 0 kcal/mole
molpro_pot: 0-th energy = -0.00182805 kcal/mol
molpro_pot: 1-th energy = -0.00104239 kcal/mol
molpro_pot: coordinates (angstrom):

C, 0.138479, -0.101931, -0.363905
H, 0.353557, -0.651759, -1.26609
H, 0.870996, 0.578488, 0.0397878
H, -0.809898, -0.230054, 0.13277
H, -2.0635, 1.517, 5.42649

molpro_pot: interatomic distances matrix (angstrom):

\     C1    H2    H3    H4
H2  1.08
H3  1.08  1.87
H4  1.08  1.87  1.87
H5   6.4  7.44  6.21  5.71

Molpro::pot: 1-th molpro energy = -0.00102105 kcal/mole

Molpro::pot: 0-th energy correction = -0.000785747 kcal/mole
Molpro::pot: 1-th energy correction = 0 kcal/mole
molpro_pot: 0-th energy = -0.0018068 kcal/mol
molpro_pot: 1-th energy = -0.00102105 kcal/mol
molpro_pot: coordinates (angstrom):

C, 0.357573, -0.139513, -0.121342
H, 0.10283, -1.09079, 0.317625
H, -0.308321, 0.701047, -0.00925493
H, 1.27927, -0.027893, -0.669554
H, -5.33133, 2.0788, 1.80599

molpro_pot: interatomic distances matrix (angstrom):

\     C1    H2    H3    H4
H2  1.08
H3  1.08  1.87
H4  1.08  1.87  1.87
H5   6.4  6.46  5.52  7.37

Molpro::pot: 1-th molpro energy = -0.00127415 kcal/mole

Molpro::pot: 0-th energy correction = -0.000785643 kcal/mole
Molpro::pot: 1-th energy correction = 0 kcal/mole
molpro_pot: 0-th energy = -0.00205979 kcal/mol
molpro_pot: 1-th energy = -0.00127415 kcal/mol
molpro_pot: coordinates (angstrom):

C, 0.107048, -0.0207049, -0.387625
H, -0.60627, 0.411216, -1.0711
H, 0.272373, 0.433102, 0.576349
H, 0.652615, -0.907845, -0.666659
H, -1.59332, 0.310056, 5.77679

molpro_pot: interatomic distances matrix (angstrom):

\     C1    H2    H3    H4
H2  1.08
H3  1.08  1.87
H4  1.08  1.87  1.87
H5   6.4  6.92  5.53  6.93

Molpro::pot: 1-th molpro energy = -0.00126138 kcal/mole

Molpro::pot: 0-th energy correction = -0.000785458 kcal/mole
Molpro::pot: 1-th energy correction = 0 kcal/mole
molpro_pot: 0-th energy = -0.00204684 kcal/mol
molpro_pot: 1-th energy = -0.00126138 kcal/mol
molpro_pot: coordinates (angstrom):

C, 0.17936, -0.316245, 0.17318
H, 0.728297, 0.322449, -0.500061
H, -0.278284, 0.0990745, 1.05669
H, 0.08541, -1.36928, -0.0385041
H, -2.67103, 4.71323, -2.58016

molpro_pot: interatomic distances matrix (angstrom):

\     C1    H2    H3    H4
H2  1.08
H3  1.08  1.87
H4  1.08  1.87  1.87
H5   6.4  5.93  6.34  7.15

Molpro::pot: 1-th molpro energy = -0.000914029 kcal/mole

Molpro::pot: 0-th energy correction = -0.000785397 kcal/mole
Molpro::pot: 1-th energy correction = 0 kcal/mole
molpro_pot: 0-th energy = -0.00169943 kcal/mol
molpro_pot: 1-th energy = -0.000914029 kcal/mol

(6,0)-th SURFACE:

molpro_pot: coordinates (angstrom):

C, 0.327777, 0.0590038, -0.174057
H, 1.10748, -0.645984, 0.0658963
H, 0.574911, 1.0908, -0.366014
H, -0.698313, -0.268188, -0.225107
H, -4.88686, -0.879173, 2.5977

molpro_pot: interatomic distances matrix (angstrom):

\     C1    H2    H3    H4
H2  1.08
H3  1.08  1.87
H4  1.08  1.87  1.87
H5  5.98  6.51  6.52  5.09

Molpro::pot: 1-th molpro energy = -0.00258442 kcal/mole

Molpro::pot: 0-th energy correction = -0.00183256 kcal/mole
Molpro::pot: 1-th energy correction = 0 kcal/mole
molpro_pot: 0-th energy = -0.00441698 kcal/mol
molpro_pot: 1-th energy = -0.00258442 kcal/mol
molpro_pot: coordinates (angstrom):

C, 0.0195849, -0.0315683, 0.37427
H, 0.463695, -0.934532, -0.0129483
H, 0.645702, 0.74038, 0.792112
H, -1.04994, 0.100843, 0.340896
H, -0.292655, 0.469187, -5.57643

molpro_pot: interatomic distances matrix (angstrom):

\     C1    H2    H3    H4
H2  1.08
H3  1.08  1.87
H4  1.08  1.87  1.87
H5  5.98  5.79  6.44  5.98

Molpro::pot: 1-th molpro energy = -0.00156283 kcal/mole

Molpro::pot: 0-th energy correction = -0.00183138 kcal/mole
Molpro::pot: 1-th energy correction = 0 kcal/mole
molpro_pot: 0-th energy = -0.0033942 kcal/mol
molpro_pot: 1-th energy = -0.00156283 kcal/mol
molpro_pot: coordinates (angstrom):

C, 0.346447, -0.0542561, 0.135959
H, 0.698852, 0.96191, 0.060253
H, 0.165751, -0.490923, 1.10508
H, 0.171813, -0.632598, -0.757095
H, -5.1615, 0.807629, -2.02707

molpro_pot: interatomic distances matrix (angstrom):

\     C1    H2    H3    H4
H2  1.08
H3  1.08  1.87
H4  1.08  1.87  1.87
H5  5.98  6.22  6.31  5.67

Molpro::pot: 1-th molpro energy = -0.0015803 kcal/mole

Molpro::pot: 0-th energy correction = -0.0018314 kcal/mole
Molpro::pot: 1-th energy correction = 0 kcal/mole
molpro_pot: 0-th energy = -0.0034117 kcal/mol
molpro_pot: 1-th energy = -0.0015803 kcal/mol
molpro_pot: coordinates (angstrom):

C, 0.0703485, -0.337516, 0.150099
H, 0.161214, -0.806419, 1.11674
H, -0.753591, 0.328456, -0.0502124
H, 0.804756, -0.532001, -0.614977
H, -1.05001, 5.02871, -2.23875

molpro_pot: interatomic distances matrix (angstrom):

\     C1    H2    H3    H4
H2  1.08
H3  1.08  1.87
H4  1.08  1.87  1.87
H5  5.98  6.84  5.19  6.08

Molpro::pot: 1-th molpro energy = -0.00216882 kcal/mole

Molpro::pot: 0-th energy correction = -0.00183168 kcal/mole
Molpro::pot: 1-th energy correction = 0 kcal/mole
molpro_pot: 0-th energy = -0.00400051 kcal/mol
molpro_pot: 1-th energy = -0.00216882 kcal/mol
molpro_pot: coordinates (angstrom):

C, -0.0652149, -0.254064, 0.269116
H, 0.339995, 0.068058, 1.21493
H, -0.152364, -1.30633, 0.0507822
H, -0.386051, 0.475651, -0.456902
H, 0.974924, 3.78771, -4.01312

molpro_pot: interatomic distances matrix (angstrom):

\     C1    H2    H3    H4
H2  1.08
H3  1.08  1.87
H4  1.08  1.87  1.87
H5  5.98  6.45  6.61  5.05

Molpro::pot: 1-th molpro energy = -0.00276316 kcal/mole

Molpro::pot: 0-th energy correction = -0.00183251 kcal/mole
Molpro::pot: 1-th energy correction = 0 kcal/mole
molpro_pot: 0-th energy = -0.00459568 kcal/mol
molpro_pot: 1-th energy = -0.00276316 kcal/mol

(6,0)-th SURFACE:

molpro_pot: coordinates (angstrom):

C, 0.119129, -0.354549, -0.0358162
H, -0.708214, -0.786827, -0.575405
H, 0.476775, -0.822714, 0.867194
H, 0.590711, 0.543792, -0.400666
H, -1.77772, 5.2873, 0.535333

molpro_pot: interatomic distances matrix (angstrom):

\     C1    H2    H3    H4
H2  1.08
H3  1.08  1.87
H4  1.08  1.87  1.87
H5  5.98  6.27  6.52  5.38

Molpro::pot: 1-th molpro energy = -0.00178324 kcal/mole

Molpro::pot: 0-th energy correction = -0.00183274 kcal/mole
Molpro::pot: 1-th energy correction = 0 kcal/mole
molpro_pot: 0-th energy = -0.00361598 kcal/mol
molpro_pot: 1-th energy = -0.00178324 kcal/mol
molpro_pot: coordinates (angstrom):

C, -0.0506817, 0.321134, 0.189132
H, -1.03747, -0.0941871, 0.316682
H, 0.671666, 0.248032, 0.986245
H, 0.214773, 0.806647, -0.73625
H, 0.754491, -4.78418, -2.81864

molpro_pot: interatomic distances matrix (angstrom):

\     C1    H2    H3    H4
H2  1.08
H3  1.08  1.87
H4  1.08  1.87  1.87
H5  5.98  5.92  6.31  5.99

Molpro::pot: 1-th molpro energy = -0.00148786 kcal/mole

Molpro::pot: 0-th energy correction = -0.00183133 kcal/mole
Molpro::pot: 1-th energy correction = 0 kcal/mole
molpro_pot: 0-th energy = -0.00331919 kcal/mol
molpro_pot: 1-th energy = -0.00148786 kcal/mol
molpro_pot: coordinates (angstrom):

C, -0.206307, 0.172321, -0.262927
H, 0.804728, 0.30046, 0.0890729
H, -0.683502, -0.791869, -0.191226
H, -0.741112, 1.00869, -0.683632
H, 3.07634, -2.56908, 3.91642

molpro_pot: interatomic distances matrix (angstrom):

\     C1    H2    H3    H4
H2  1.08
H3  1.08  1.87
H4  1.08  1.87  1.87
H5  5.98   5.3  5.85  6.97

Molpro::pot: 1-th molpro energy = -0.00189185 kcal/mole

Molpro::pot: 0-th energy correction = -0.00183172 kcal/mole
Molpro::pot: 1-th energy correction = 0 kcal/mole
molpro_pot: 0-th energy = -0.00372356 kcal/mol
molpro_pot: 1-th energy = -0.00189185 kcal/mol
molpro_pot: coordinates (angstrom):

C, -0.0741605, 0.317118, -0.187435
H, -0.0977949, -0.139171, -1.16404
H, 0.399024, 1.27649, -0.0524374
H, -0.526206, -0.184224, 0.653298
H, 1.10799, -4.72896, 2.79494

molpro_pot: interatomic distances matrix (angstrom):

\     C1    H2    H3    H4
H2  1.08
H3  1.08  1.87
H4  1.08  1.87  1.87
H5  5.98  6.18  6.68  5.28

Molpro::pot: 1-th molpro energy = -0.00196367 kcal/mole

Molpro::pot: 0-th energy correction = -0.00183266 kcal/mole
Molpro::pot: 1-th energy correction = 0 kcal/mole
molpro_pot: 0-th energy = -0.00379632 kcal/mol
molpro_pot: 1-th energy = -0.00196367 kcal/mol
molpro_pot: coordinates (angstrom):

C, -0.190169, -0.302715, -0.116047
H, -0.836886, 0.557774, -0.0541316
H, -0.612571, -1.28529, -0.252603
H, 0.878692, -0.180459, -0.0445583
H, 2.83508, 4.51234, 1.73305

molpro_pot: interatomic distances matrix (angstrom):

\     C1    H2    H3    H4
H2  1.08
H3  1.08  1.87
H4  1.08  1.87  1.87
H5  5.98  5.68  7.03  5.39

Molpro::pot: 1-th molpro energy = -0.00179763 kcal/mole

Molpro::pot: 0-th energy correction = -0.00183231 kcal/mole
Molpro::pot: 1-th energy correction = 0 kcal/mole
molpro_pot: 0-th energy = -0.00362993 kcal/mol
molpro_pot: 1-th energy = -0.00179763 kcal/mol

(7,0)-th SURFACE:

molpro_pot: coordinates (angstrom):

C, -0.238347, -0.151935, -0.21119
H, 0.443331, -0.942865, 0.0576234
H, -1.11081, 0.0360272, 0.393794
H, -0.0461142, 0.452861, -1.08285
H, 3.55154, 2.26304, 3.14603

molpro_pot: interatomic distances matrix (angstrom):

\     C1    H2    H3    H4
H2  1.08
H3  1.08  1.87
H4  1.08  1.87  1.87
H5  5.61  5.43  5.85  5.84

Molpro::pot: 1-th molpro energy = -0.00319586 kcal/mole

Molpro::pot: 0-th energy correction = -0.00384153 kcal/mole
Molpro::pot: 1-th energy correction = 0 kcal/mole
molpro_pot: 0-th energy = -0.00703739 kcal/mol
molpro_pot: 1-th energy = -0.00319586 kcal/mol
molpro_pot: coordinates (angstrom):

C, 0.0644973, 0.244399, 0.245777
H, 0.844474, -0.193633, -0.35612
H, -0.781031, -0.35197, 0.549
H, 0.131433, 1.27751, 0.546987
H, -0.962834, -3.64192, -3.66629

molpro_pot: interatomic distances matrix (angstrom):

\     C1    H2    H3    H4
H2  1.08
H3  1.08  1.87
H4  1.08  1.87  1.87
H5  5.61  5.11  5.35  6.57

Molpro::pot: 1-th molpro energy = -0.00302532 kcal/mole

Molpro::pot: 0-th energy correction = -0.00384368 kcal/mole
Molpro::pot: 1-th energy correction = 0 kcal/mole
molpro_pot: 0-th energy = -0.006869 kcal/mol
molpro_pot: 1-th energy = -0.00302532 kcal/mol
molpro_pot: coordinates (angstrom):

C, 0.307115, 0.16853, -0.0408966
H, 0.103531, 1.14563, -0.448743
H, 1.18662, 0.00907831, 0.562072
H, -0.370068, -0.648125, -0.233293
H, -4.57685, -2.51325, 0.606914

molpro_pot: interatomic distances matrix (angstrom):

\     C1    H2    H3    H4
H2  1.08
H3  1.08  1.87
H4  1.08  1.87  1.87
H5  5.61  6.03  6.29  4.68

Molpro::pot: 1-th molpro energy = -0.00488119 kcal/mole

Molpro::pot: 0-th energy correction = -0.00384261 kcal/mole
Molpro::pot: 1-th energy correction = 0 kcal/mole
molpro_pot: 0-th energy = -0.00872381 kcal/mol
molpro_pot: 1-th energy = -0.00488119 kcal/mol
molpro_pot: coordinates (angstrom):

C, 0.255875, -0.2326, -0.0692503
H, -0.653679, 0.138997, 0.374756
H, 0.403435, -1.2942, -0.18653
H, 1.0163, 0.457136, -0.398711
H, -3.81272, 3.4676, 1.03504

molpro_pot: interatomic distances matrix (angstrom):

\     C1    H2    H3    H4
H2  1.08
H3  1.08  1.87
H4  1.08  1.87  1.87
H5  5.61  4.64  6.48  5.87

Molpro::pot: 1-th molpro energy = -0.00510887 kcal/mole

Molpro::pot: 0-th energy correction = -0.00384288 kcal/mole
Molpro::pot: 1-th energy correction = 0 kcal/mole
molpro_pot: 0-th energy = -0.00895175 kcal/mol
molpro_pot: 1-th energy = -0.00510887 kcal/mol
molpro_pot: coordinates (angstrom):

C, -0.29284, 0.178832, 0.0810129
H, -0.191273, -0.241652, -0.906607
H, 0.579235, 0.528662, 0.609808
H, -1.2664, 0.252356, 0.538504
H, 4.36523, -2.66869, -1.20631

molpro_pot: interatomic distances matrix (angstrom):

\     C1    H2    H3    H4
H2  1.08
H3  1.08  1.87
H4  1.08  1.87  1.87
H5  5.61  5.17  5.28  6.58

Molpro::pot: 1-th molpro energy = -0.0029583 kcal/mole

Molpro::pot: 0-th energy correction = -0.00384366 kcal/mole
Molpro::pot: 1-th energy correction = 0 kcal/mole
molpro_pot: 0-th energy = -0.00680195 kcal/mol
molpro_pot: 1-th energy = -0.0029583 kcal/mol

(8,0)-th SURFACE:

molpro_pot: coordinates (angstrom):

C, 0.22913, -0.0581169, -0.234044
H, 0.764308, -0.589903, 0.536218
H, 0.62963, -0.0113395, -1.23401
H, -0.707704, 0.424107, -0.005305
H, -3.41445, 0.869123, 3.48982

molpro_pot: interatomic distances matrix (angstrom):

\     C1    H2    H3    H4
H2  1.08
H3  1.08  1.87
H4  1.08  1.87  1.87
H5  5.29  5.32  6.28  4.44

Molpro::pot: 1-th molpro energy = -0.00628729 kcal/mole

Molpro::pot: 0-th energy correction = -0.00725237 kcal/mole
Molpro::pot: 1-th energy correction = 0 kcal/mole
molpro_pot: 0-th energy = -0.0135397 kcal/mol
molpro_pot: 1-th energy = -0.00628729 kcal/mol
molpro_pot: coordinates (angstrom):

C, -0.249958, -0.187971, 0.112794
H, -1.01313, -0.0830047, -0.641574
H, -0.216929, 0.497244, 0.944604
H, 0.478055, -0.979675, 0.0371359
H, 3.7282, 2.80358, -1.68318

molpro_pot: interatomic distances matrix (angstrom):

\     C1    H2    H3    H4
H2  1.08
H3  1.08  1.87
H4  1.08  1.87  1.87
H5  5.29  5.65  5.27  5.28

Molpro::pot: 1-th molpro energy = -0.00694775 kcal/mole

Molpro::pot: 0-th energy correction = -0.007255 kcal/mole
Molpro::pot: 1-th energy correction = 0 kcal/mole
molpro_pot: 0-th energy = -0.0142027 kcal/mol
molpro_pot: 1-th energy = -0.00694775 kcal/mol
molpro_pot: coordinates (angstrom):

C, 0.255219, 0.00486801, 0.213092
H, -0.417534, -0.835482, 0.152011
H, 0.444343, 0.475411, 1.16459
H, 0.741103, 0.37266, -0.676384
H, -3.80676, -0.0705521, -3.17746

molpro_pot: interatomic distances matrix (angstrom):

\     C1    H2    H3    H4
H2  1.08
H3  1.08  1.87
H4  1.08  1.87  1.87
H5  5.29  4.81   6.1  5.21

Molpro::pot: 1-th molpro energy = -0.00600658 kcal/mole

Molpro::pot: 0-th energy correction = -0.00725426 kcal/mole
Molpro::pot: 1-th energy correction = 0 kcal/mole
molpro_pot: 0-th energy = -0.0132608 kcal/mol
molpro_pot: 1-th energy = -0.00600658 kcal/mol
molpro_pot: coordinates (angstrom):

C, -0.0571164, -0.196814, -0.262085
H, -1.13492, -0.176941, -0.283462
H, 0.476288, 0.336632, 0.508261
H, 0.487088, -0.75241, -1.00886
H, 0.85162, 2.93615, 3.90466

molpro_pot: interatomic distances matrix (angstrom):

\     C1    H2    H3    H4
H2  1.08
H3  1.08  1.87
H4  1.08  1.87  1.87
H5  5.29  5.58  4.29  6.15

Molpro::pot: 1-th molpro energy = -0.00783307 kcal/mole

Molpro::pot: 0-th energy correction = -0.00725168 kcal/mole
Molpro::pot: 1-th energy correction = 0 kcal/mole
molpro_pot: 0-th energy = -0.0150847 kcal/mol
molpro_pot: 1-th energy = -0.00783307 kcal/mol
molpro_pot: coordinates (angstrom):

C, -0.300291, 0.140406, -0.0279466
H, 0.759318, 0.33764, 0.00110955
H, -0.993227, 0.94565, -0.212176
H, -0.66675, -0.86215, 0.124069
H, 4.47617, -2.09294, 0.419753

molpro_pot: interatomic distances matrix (angstrom):

\     C1    H2    H3    H4
H2  1.08
H3  1.08  1.87
H4  1.08  1.87  1.87
H5  5.29  4.46  6.29   5.3

Molpro::pot: 1-th molpro energy = -0.00614305 kcal/mole

Molpro::pot: 0-th energy correction = -0.00725206 kcal/mole
Molpro::pot: 1-th energy correction = 0 kcal/mole
molpro_pot: 0-th energy = -0.0133951 kcal/mol
molpro_pot: 1-th energy = -0.00614305 kcal/mol

(9,0)-th SURFACE:

molpro_pot: coordinates (angstrom):

C, 0.103954, -0.281677, 0.0988518
H, -0.25004, -1.16811, -0.402591
H, 1.08001, -0.275385, 0.556884
H, -0.516498, 0.599173, 0.139631
H, -1.55124, 4.1982, -1.47094

molpro_pot: interatomic distances matrix (angstrom):

\     C1    H2    H3    H4
H2  1.08
H3  1.08  1.87
H4  1.08  1.87  1.87
H5  5.03  5.62  5.57  4.08

Molpro::pot: 1-th molpro energy = -0.0113482 kcal/mole

Molpro::pot: 0-th energy correction = -0.0123089 kcal/mole
Molpro::pot: 1-th energy correction = 0 kcal/mole
molpro_pot: 0-th energy = -0.0236571 kcal/mol
molpro_pot: 1-th energy = -0.0113482 kcal/mol
molpro_pot: coordinates (angstrom):

C, -0.281182, 0.0589942, -0.131376
H, -0.563044, 0.026337, -1.17157
H, 0.558233, 0.659447, 0.180647
H, -0.840329, -0.506076, 0.597027
H, 4.19312, -0.882142, 1.95817

molpro_pot: interatomic distances matrix (angstrom):

\     C1    H2    H3    H4
H2  1.08
H3  1.08  1.87
H4  1.08  1.87  1.87
H5  5.03  5.77  4.33  5.23

Molpro::pot: 1-th molpro energy = -0.0112265 kcal/mole

Molpro::pot: 0-th energy correction = -0.0123135 kcal/mole
Molpro::pot: 1-th energy correction = 0 kcal/mole
molpro_pot: 0-th energy = -0.0235399 kcal/mol
molpro_pot: 1-th energy = -0.0112265 kcal/mol
molpro_pot: coordinates (angstrom):

C, 0.0234737, 0.126946, 0.288538
H, 0.25483, 0.913104, 0.989213
H, -0.967847, -0.296239, 0.261801
H, 0.782175, -0.233821, -0.387288
H, -0.348655, -1.89457, -4.29929

molpro_pot: interatomic distances matrix (angstrom):

\     C1    H2    H3    H4
H2  1.08
H3  1.08  1.87
H4  1.08  1.87  1.87
H5  5.03  6.02  4.87   4.4

Molpro::pot: 1-th molpro energy = -0.00823647 kcal/mole

Molpro::pot: 0-th energy correction = -0.0123089 kcal/mole
Molpro::pot: 1-th energy correction = 0 kcal/mole
molpro_pot: 0-th energy = -0.0205454 kcal/mol
molpro_pot: 1-th energy = -0.00823647 kcal/mol
molpro_pot: coordinates (angstrom):

C, 0.279479, 0.0784265, -0.124791
H, 0.475613, -0.799572, 0.469486
H, 1.09859, 0.685772, -0.475096
H, -0.735124, 0.347346, -0.371335
H, -4.16678, -1.16736, 1.86281

molpro_pot: interatomic distances matrix (angstrom):

\     C1    H2    H3    H4
H2  1.08
H3  1.08  1.87
H4  1.08  1.87  1.87
H5  5.03  4.86  6.05  4.37

Molpro::pot: 1-th molpro energy = -0.00771484 kcal/mole

Molpro::pot: 0-th energy correction = -0.0123123 kcal/mole
Molpro::pot: 1-th energy correction = 0 kcal/mole
molpro_pot: 0-th energy = -0.0200272 kcal/mol
molpro_pot: 1-th energy = -0.00771484 kcal/mol
molpro_pot: coordinates (angstrom):

C, -0.0561562, -0.309576, -0.0293938
H, -0.0263081, 0.498724, -0.742328
H, -0.408234, -1.28252, -0.332604
H, 0.268828, -0.145937, 0.985559
H, 0.834357, 4.61581, 0.43936

molpro_pot: interatomic distances matrix (angstrom):

\     C1    H2    H3    H4
H2  1.08
H3  1.08  1.87
H4  1.08  1.87  1.87
H5  5.03  4.37  6.08  4.83

Molpro::pot: 1-th molpro energy = -0.00722634 kcal/mole

Molpro::pot: 0-th energy correction = -0.0123114 kcal/mole
Molpro::pot: 1-th energy correction = 0 kcal/mole
molpro_pot: 0-th energy = -0.0195378 kcal/mol
molpro_pot: 1-th energy = -0.00722634 kcal/mol

(10,0)-th SURFACE:

molpro_pot: coordinates (angstrom):

C, -0.220498, -0.176469, 0.0112671
H, -0.0320734, 0.696817, 0.614909
H, -0.56628, -1.08682, 0.474093
H, -0.0662098, -0.138624, -1.05517
H, 3.29, 2.62981, -0.167989

molpro_pot: interatomic distances matrix (angstrom):

\     C1    H2    H3    H4
H2  1.08
H3  1.08  1.87
H4  1.08  1.87  1.87
H5   4.5  3.92  5.39  4.44

Molpro::pot: 1-th molpro energy = -0.0277933 kcal/mole

Molpro::pot: 0-th energy correction = -0.0354824 kcal/mole
Molpro::pot: 1-th energy correction = 0 kcal/mole
molpro_pot: 0-th energy = -0.0632757 kcal/mol
molpro_pot: 1-th energy = -0.0277933 kcal/mol
molpro_pot: coordinates (angstrom):

C, 0.174589, -0.148932, -0.165229
H, 1.14636, -0.442195, -0.528795
H, -0.688437, -0.757077, -0.384012
H, 0.0662476, 0.750438, 0.419507
H, -2.60297, 2.22215, 2.46066

molpro_pot: interatomic distances matrix (angstrom):

\     C1    H2    H3    H4
H2  1.08
H3  1.08  1.87
H4  1.08  1.87  1.87
H5   4.5  5.49  4.54  3.67

Molpro::pot: 1-th molpro energy = -0.00994569 kcal/mole

Molpro::pot: 0-th energy correction = -0.035473 kcal/mole
Molpro::pot: 1-th energy correction = 0 kcal/mole
molpro_pot: 0-th energy = -0.0454186 kcal/mol
molpro_pot: 1-th energy = -0.00994569 kcal/mol
molpro_pot: coordinates (angstrom):

C, 0.0460198, -0.197387, -0.197262
H, -0.0318101, 0.451599, -1.05474
H, 0.0437574, 0.220618, 0.796611
H, 0.122965, -1.26419, -0.333367
H, -0.682862, 2.94223, 2.94027

molpro_pot: interatomic distances matrix (angstrom):

\     C1    H2    H3    H4
H2  1.08
H3  1.08  1.87
H4  1.08  1.87  1.87
H5   4.5  4.75  3.54  5.39

Molpro::pot: 1-th molpro energy = -0.00936668 kcal/mole

Molpro::pot: 0-th energy correction = -0.0354693 kcal/mole
Molpro::pot: 1-th energy correction = 0 kcal/mole
molpro_pot: 0-th energy = -0.044836 kcal/mol
molpro_pot: 1-th energy = -0.00936668 kcal/mol
molpro_pot: coordinates (angstrom):

C, -0.117843, 0.217567, 0.136751
H, 0.459126, -0.680038, -0.0179337
H, -1.19303, 0.163224, 0.196226
H, 0.380238, 1.16876, 0.235035
H, 1.75681, -3.24248, -2.0416

molpro_pot: interatomic distances matrix (angstrom):

\     C1    H2    H3    H4
H2  1.08
H3  1.08  1.87
H4  1.08  1.87  1.87
H5   4.5  3.51  5.03  5.15

Molpro::pot: 1-th molpro energy = -0.0164922 kcal/mole

Molpro::pot: 0-th energy correction = -0.0354779 kcal/mole
Molpro::pot: 1-th energy correction = 0 kcal/mole
molpro_pot: 0-th energy = -0.0519701 kcal/mol
molpro_pot: 1-th energy = -0.0164922 kcal/mol
molpro_pot: coordinates (angstrom):

C, 0.063466, -0.231196, 0.150335
H, 0.875527, -0.40899, -0.536296
H, 0.200058, 0.43836, 0.984335
H, -0.885805, -0.720293, 0.00137257
H, -0.945459, 3.44373, -2.23943

molpro_pot: interatomic distances matrix (angstrom):

\     C1    H2    H3    H4
H2  1.08
H3  1.08  1.87
H4  1.08  1.87  1.87
H5   4.5  4.59  4.55  4.73

Molpro::pot: 1-th molpro energy = -0.0631957 kcal/mole

Molpro::pot: 0-th energy correction = -0.0354583 kcal/mole
Molpro::pot: 1-th energy correction = 0 kcal/mole
molpro_pot: 0-th energy = -0.098654 kcal/mol
molpro_pot: 1-th energy = -0.0631957 kcal/mol

(10,0)-th SURFACE:

molpro_pot: coordinates (angstrom):

C, 0.162352, 0.0230444, 0.23015
H, -0.672553, 0.698114, 0.131505
H, 1.11052, 0.269602, -0.220079
H, 0.0501341, -0.896768, 0.781398
H, -2.4212, -0.345334, -3.43318

molpro_pot: interatomic distances matrix (angstrom):

\     C1    H2    H3    H4
H2  1.08
H3  1.08  1.87
H4  1.08  1.87  1.87
H5   4.5  4.11  4.81  4.92

Molpro::pot: 1-th molpro energy = -0.0534525 kcal/mole

Molpro::pot: 0-th energy correction = -0.0354861 kcal/mole
Molpro::pot: 1-th energy correction = 0 kcal/mole
molpro_pot: 0-th energy = -0.0889386 kcal/mol
molpro_pot: 1-th energy = -0.0534525 kcal/mol
molpro_pot: coordinates (angstrom):

C, -0.179336, 0.158788, -0.149959
H, 0.0311134, 1.18427, 0.108125
H, -1.19585, -0.200619, -0.143303
H, 0.625993, -0.506291, -0.41761
H, 2.67406, -2.36802, 2.23832

molpro_pot: interatomic distances matrix (angstrom):

\     C1    H2    H3    H4
H2  1.08
H3  1.08  1.87
H4  1.08  1.87  1.87
H5   4.5  4.91  5.03  3.84

Molpro::pot: 1-th molpro energy = -0.0405246 kcal/mole

Molpro::pot: 0-th energy correction = -0.0354856 kcal/mole
Molpro::pot: 1-th energy correction = 0 kcal/mole
molpro_pot: 0-th energy = -0.0760102 kcal/mol
molpro_pot: 1-th energy = -0.0405246 kcal/mol
molpro_pot: coordinates (angstrom):

C, -0.0247958, -0.155029, -0.235091
H, -0.70732, 0.112002, 0.555713
H, 0.995104, -0.415231, -0.00138494
H, -0.36274, -0.164895, -1.25892
H, 0.370196, 2.31402, 3.50378

molpro_pot: interatomic distances matrix (angstrom):

\     C1    H2    H3    H4
H2  1.08
H3  1.08  1.87
H4  1.08  1.87  1.87
H5   4.5  3.83  4.49  5.42

Molpro::pot: 1-th molpro energy = -0.0230578 kcal/mole

Molpro::pot: 0-th energy correction = -0.0354788 kcal/mole
Molpro::pot: 1-th energy correction = 0 kcal/mole
molpro_pot: 0-th energy = -0.0585366 kcal/mol
molpro_pot: 1-th energy = -0.0230578 kcal/mol
molpro_pot: coordinates (angstrom):

C, -0.197227, 0.202261, 0.00576703
H, -0.243125, 0.233821, 1.08253
H, -0.991127, -0.265942, -0.553721
H, 0.640653, 0.64142, -0.511551
H, 2.94194, -3.01758, -0.0859227

molpro_pot: interatomic distances matrix (angstrom):

\     C1    H2    H3    H4
H2  1.08
H3  1.08  1.87
H4  1.08  1.87  1.87
H5   4.5   4.7  4.82  4.34

Molpro::pot: 1-th molpro energy = -0.0604507 kcal/mole

Molpro::pot: 0-th energy correction = -0.0354883 kcal/mole
Molpro::pot: 1-th energy correction = 0 kcal/mole
molpro_pot: 0-th energy = -0.0959389 kcal/mol
molpro_pot: 1-th energy = -0.0604507 kcal/mol
molpro_pot: coordinates (angstrom):

C, -0.0413834, -0.136278, 0.244512
H, 0.21165, -1.14346, -0.0454347
H, 0.700715, 0.643696, 0.18578
H, -1.03695, 0.0915892, 0.590123
H, 0.617329, 2.03081, -3.64183

molpro_pot: interatomic distances matrix (angstrom):

\     C1    H2    H3    H4
H2  1.08
H3  1.08  1.87
H4  1.08  1.87  1.87
H5   4.5  4.81  4.07  4.94

Molpro::pot: 1-th molpro energy = -0.0520427 kcal/mole

Molpro::pot: 0-th energy correction = -0.0354595 kcal/mole
Molpro::pot: 1-th energy correction = 0 kcal/mole
molpro_pot: 0-th energy = -0.0875022 kcal/mol
molpro_pot: 1-th energy = -0.0520427 kcal/mol

(11,0)-th SURFACE:

molpro_pot: coordinates (angstrom):

C, -0.244652, -0.0906204, 0.0531213
H, -0.270454, -0.202824, -1.01891
H, -0.684263, -0.846006, 0.684511
H, 0.223273, 0.775042, 0.493798
H, 3.64447, 1.35279, -0.791901

molpro_pot: interatomic distances matrix (angstrom):

\     C1    H2    H3    H4
H2  1.08
H3  1.08  1.87
H4  1.08  1.87  1.87
H5  4.23  4.22  5.07   3.7

Molpro::pot: 1-th molpro energy = -0.059466 kcal/mole

Molpro::pot: 0-th energy correction = -0.0602033 kcal/mole
Molpro::pot: 1-th energy correction = 0 kcal/mole
molpro_pot: 0-th energy = -0.119669 kcal/mol
molpro_pot: 1-th energy = -0.059466 kcal/mol
molpro_pot: coordinates (angstrom):

C, 0.263698, -0.0255134, 0.0260398
H, -0.624476, -0.446217, -0.417436
H, 0.278729, 1.01113, 0.322114
H, 1.1355, -0.641887, 0.176275
H, -3.92956, 0.380757, -0.391004

molpro_pot: interatomic distances matrix (angstrom):

\     C1    H2    H3    H4
H2  1.08
H3  1.08  1.87
H4  1.08  1.87  1.87
H5  4.23  3.41  4.31   5.2

Molpro::pot: 1-th molpro energy = -0.00836449 kcal/mole

Molpro::pot: 0-th energy correction = -0.0602084 kcal/mole
Molpro::pot: 1-th energy correction = 0 kcal/mole
molpro_pot: 0-th energy = -0.0685729 kcal/mol
molpro_pot: 1-th energy = -0.00836449 kcal/mol
molpro_pot: coordinates (angstrom):

C, 0.168428, -0.20372, 0.0317376
H, 0.157083, 0.48319, -0.79925
H, -0.283547, 0.0775923, 0.969341
H, 0.628794, -1.17277, -0.0756608
H, -2.50777, 3.03764, -0.472324

molpro_pot: interatomic distances matrix (angstrom):

\     C1    H2    H3    H4
H2  1.08
H3  1.08  1.87
H4  1.08  1.87  1.87
H5  4.23  3.71  3.97  5.27

Molpro::pot: 1-th molpro energy = -0.0191003 kcal/mole

Molpro::pot: 0-th energy correction = -0.0602058 kcal/mole
Molpro::pot: 1-th energy correction = 0 kcal/mole
molpro_pot: 0-th energy = -0.0793061 kcal/mol
molpro_pot: 1-th energy = -0.0191003 kcal/mol
molpro_pot: coordinates (angstrom):

C, -0.176586, 0.0853749, -0.179823
H, -0.407756, 0.981898, -0.732383
H, 0.372239, 0.149712, 0.746012
H, -0.49674, -0.874863, -0.551259
H, 2.63483, -1.27329, 2.67875

molpro_pot: interatomic distances matrix (angstrom):

\     C1    H2    H3    H4
H2  1.08
H3  1.08  1.87
H4  1.08  1.87  1.87
H5  4.23   5.1   3.3  4.52

Molpro::pot: 1-th molpro energy = -0.00764877 kcal/mole

Molpro::pot: 0-th energy correction = -0.0602216 kcal/mole
Molpro::pot: 1-th energy correction = 0 kcal/mole
molpro_pot: 0-th energy = -0.0678703 kcal/mol
molpro_pot: 1-th energy = -0.00764877 kcal/mol
molpro_pot: coordinates (angstrom):

C, -0.0891233, -0.197797, 0.154027
H, 0.913812, 0.190147, 0.232362
H, -0.580256, -0.231448, -0.80523
H, -0.59967, -0.554841, 1.03402
H, 1.32729, 2.95127, -2.29512

molpro_pot: interatomic distances matrix (angstrom):

\     C1    H2    H3    H4
H2  1.08
H3  1.08  1.87
H4  1.08  1.87  1.87
H5  4.23  3.77     4   5.2

Molpro::pot: 1-th molpro energy = -0.0368412 kcal/mole

Molpro::pot: 0-th energy correction = -0.0602253 kcal/mole
Molpro::pot: 1-th energy correction = 0 kcal/mole
molpro_pot: 0-th energy = -0.0970665 kcal/mol
molpro_pot: 1-th energy = -0.0368412 kcal/mol

(12,0)-th SURFACE:

molpro_pot: coordinates (angstrom):

C, -0.137663, 0.207686, 0.014511
H, 0.380608, 0.835016, 0.721878
H, -0.665509, 0.652146, -0.813953
H, -0.125575, -0.86384, 0.133701
H, 2.04961, -3.09621, -0.214406

molpro_pot: interatomic distances matrix (angstrom):

\     C1    H2    H3    H4
H2  1.08
H3  1.08  1.87
H4  1.08  1.87  1.87
H5  3.97  4.37  4.67  3.14

Molpro::pot: 1-th molpro energy = -0.0621434 kcal/mole

Molpro::pot: 0-th energy correction = -0.101804 kcal/mole
Molpro::pot: 1-th energy correction = 0 kcal/mole
molpro_pot: 0-th energy = -0.163948 kcal/mol
molpro_pot: 1-th energy = -0.0621434 kcal/mol
molpro_pot: coordinates (angstrom):

C, -0.175014, -0.0532319, -0.169796
H, -1.21916, -0.0360079, -0.438082
H, 0.544555, 0.478564, -0.771405
H, 0.149143, -0.599431, 0.701473
H, 2.60932, 0.790699, 2.52975

molpro_pot: interatomic distances matrix (angstrom):

\     C1    H2    H3    H4
H2  1.08
H3  1.08  1.87
H4  1.08  1.87  1.87
H5  3.97  4.91  3.91  3.37

Molpro::pot: 1-th molpro energy = -0.0536888 kcal/mole

Molpro::pot: 0-th energy correction = -0.101805 kcal/mole
Molpro::pot: 1-th energy correction = 0 kcal/mole
molpro_pot: 0-th energy = -0.155493 kcal/mol
molpro_pot: 1-th energy = -0.0536888 kcal/mol
molpro_pot: coordinates (angstrom):

C, 0.113883, -0.0260087, 0.220551
H, -0.569733, 0.424315, -0.481156
H, -0.248637, -0.387254, 1.16955
H, 1.15906, -0.117916, -0.0277933
H, -1.69668, 0.390535, -3.28666

molpro_pot: interatomic distances matrix (angstrom):

\     C1    H2    H3    H4
H2  1.08
H3  1.08  1.87
H4  1.08  1.87  1.87
H5  3.97  3.02  4.75  4.36

Molpro::pot: 1-th molpro energy = 0.000155823 kcal/mole

Molpro::pot: 0-th energy correction = -0.101807 kcal/mole
Molpro::pot: 1-th energy correction = 0 kcal/mole
molpro_pot: 0-th energy = -0.101651 kcal/mol
molpro_pot: 1-th energy = 0.000155823 kcal/mol
molpro_pot: coordinates (angstrom):

C, -0.0823513, 0.182325, -0.148814
H, 0.344712, 1.00088, 0.408051
H, -0.795804, -0.47504, 0.32169
H, 0.2015, 0.0229546, -1.1767
H, 1.23013, -2.7197, 2.21886

molpro_pot: interatomic distances matrix (angstrom):

\     C1    H2    H3    H4
H2  1.08
H3  1.08  1.87
H4  1.08  1.87  1.87
H5  3.97  4.23  3.57  4.48

Molpro::pot: 1-th molpro energy = -0.196069 kcal/mole

Molpro::pot: 0-th energy correction = -0.101851 kcal/mole
Molpro::pot: 1-th energy correction = 0 kcal/mole
molpro_pot: 0-th energy = -0.29792 kcal/mol
molpro_pot: 1-th energy = -0.196069 kcal/mol
molpro_pot: coordinates (angstrom):

C, 0.0427041, 0.100882, -0.224308
H, -0.917173, 0.583322, -0.315977
H, 0.466063, -0.0751894, 0.751543
H, 0.577683, -0.208196, -1.10793
H, -0.635044, -1.50113, 3.34316

molpro_pot: interatomic distances matrix (angstrom):

\     C1    H2    H3    H4
H2  1.08
H3  1.08  1.87
H4  1.08  1.87  1.87
H5  3.97  4.22  3.16  4.79

Molpro::pot: 1-th molpro energy = -0.0442904 kcal/mole

Molpro::pot: 0-th energy correction = -0.101797 kcal/mole
Molpro::pot: 1-th energy correction = 0 kcal/mole
molpro_pot: 0-th energy = -0.146087 kcal/mol
molpro_pot: 1-th energy = -0.0442904 kcal/mol
