
(0,0)-th SURFACE:

molpro_pot: coordinates (angstrom):

C, -0.563193, -0.0855774, 0.343637
H, -1.23281, -0.620185, 0.9981
H, -0.121053, -0.587933, -0.501744
H, -0.338158, 0.951813, 0.532586
H, 8.39787, 1.27526, -5.12056

molpro_pot: interatomic distances matrix (angstrom):

\     C1    H2    H3    H4
H2  1.08
H3  1.08  1.87
H4  1.08  1.87  1.87
H5  10.6  11.6  9.87  10.4

Molpro::pot: 1-th molpro energy = -2.84788e-05 kcal/mole

Molpro::pot: 0-th energy correction = -1.83751e-07 kcal/mole
Molpro::pot: 1-th energy correction = 0 kcal/mole
molpro_pot: 0-th energy = -2.86625e-05 kcal/mol
molpro_pot: 1-th energy = -2.84788e-05 kcal/mol
molpro_pot: coordinates (angstrom):

C, 0.270764, -0.556729, -0.243654
H, 0.811236, -1.4652, -0.455968
H, 0.796457, 0.383213, -0.191937
H, -0.795428, -0.587615, -0.0861702
H, -4.03621, 8.29849, 3.63522

molpro_pot: interatomic distances matrix (angstrom):

\     C1    H2    H3    H4
H2  1.08
H3  1.08  1.87
H4  1.08  1.87  1.87
H5  10.6  11.6    10  10.2

Molpro::pot: 1-th molpro energy = 7.1434e-06 kcal/mole

Molpro::pot: 0-th energy correction = -1.83743e-07 kcal/mole
Molpro::pot: 1-th energy correction = 0 kcal/mole
molpro_pot: 0-th energy = 6.95966e-06 kcal/mol
molpro_pot: 1-th energy = 7.1434e-06 kcal/mol
molpro_pot: coordinates (angstrom):

C, -0.152108, -0.0961849, -0.640751
H, 0.909241, -0.28579, -0.650998
H, -0.846551, -0.920912, -0.631137
H, -0.518953, 0.917685, -0.636987
H, 2.26738, 1.43427, 9.54843

molpro_pot: interatomic distances matrix (angstrom):

\     C1    H2    H3    H4
H2  1.08
H3  1.08  1.87
H4  1.08  1.87  1.87
H5  10.6  10.4  10.9  10.6

Molpro::pot: 1-th molpro energy = -3.96128e-05 kcal/mole

Molpro::pot: 0-th energy correction = -1.83654e-07 kcal/mole
Molpro::pot: 1-th energy correction = 0 kcal/mole
molpro_pot: 0-th energy = -3.97964e-05 kcal/mol
molpro_pot: 1-th energy = -3.96128e-05 kcal/mol
molpro_pot: coordinates (angstrom):

C, 0.51816, -0.411959, 0.0670685
H, 0.164255, 0.480133, -0.424296
H, 1.56052, -0.681469, 0.00896402
H, -0.169328, -1.03271, 0.618931
H, -7.72509, 6.13917, -1.00217

molpro_pot: interatomic distances matrix (angstrom):

\     C1    H2    H3    H4
H2  1.08
H3  1.08  1.87
H4  1.08  1.87  1.87
H5  10.6  9.73  11.6  10.5

Molpro::pot: 1-th molpro energy = -9.02375e-05 kcal/mole

Molpro::pot: 0-th energy correction = -1.83723e-07 kcal/mole
Molpro::pot: 1-th energy correction = 0 kcal/mole
molpro_pot: 0-th energy = -9.04212e-05 kcal/mol
molpro_pot: 1-th energy = -9.02375e-05 kcal/mol
molpro_pot: coordinates (angstrom):

C, -0.128031, -0.0600056, 0.650084
H, -1.05169, 0.127668, 0.12649
H, 0.804127, 0.29774, 0.243121
H, -0.136738, -0.602497, 1.58183
H, 1.90874, 0.891566, -9.69188

molpro_pot: interatomic distances matrix (angstrom):

\     C1    H2    H3    H4
H2  1.08
H3  1.08  1.87
H4  1.08  1.87  1.87
H5  10.6  10.3    10  11.6

Molpro::pot: 1-th molpro energy = -6.28618e-05 kcal/mole

Molpro::pot: 0-th energy correction = -1.8375e-07 kcal/mole
Molpro::pot: 1-th energy correction = 0 kcal/mole
molpro_pot: 0-th energy = -6.30455e-05 kcal/mol
molpro_pot: 1-th energy = -6.28618e-05 kcal/mol

(1,0)-th SURFACE:

molpro_pot: coordinates (angstrom):

C, -0.00658584, 0.48434, -0.292131
H, 0.464914, -0.458994, -0.0677993
H, -0.788203, 0.533093, -1.03322
H, 0.301172, 1.37808, 0.226563
H, 0.100534, -7.21913, 4.35281

molpro_pot: interatomic distances matrix (angstrom):

\     C1    H2    H3    H4
H2  1.08
H3  1.08  1.87
H4  1.08  1.87  1.87
H5     9  8.09  9.48  9.54

Molpro::pot: 1-th molpro energy = -0.000141843 kcal/mole

Molpro::pot: 0-th energy correction = -4.39501e-06 kcal/mole
Molpro::pot: 1-th energy correction = 0 kcal/mole
molpro_pot: 0-th energy = -0.000146238 kcal/mol
molpro_pot: 1-th energy = -0.000141843 kcal/mol
molpro_pot: coordinates (angstrom):

C, 0.250223, 0.35285, -0.364054
H, -0.365734, 1.21724, -0.553637
H, 0.683608, -0.190937, -1.18806
H, 0.435328, 0.0341127, 0.64919
H, -3.73256, -5.26174, 5.42724

molpro_pot: interatomic distances matrix (angstrom):

\     C1    H2    H3    H4
H2  1.08
H3  1.08  1.87
H4  1.08  1.87  1.87
H5     9  9.44  9.43  8.26

Molpro::pot: 1-th molpro energy = -7.56346e-05 kcal/mole

Molpro::pot: 0-th energy correction = -4.39749e-06 kcal/mole
Molpro::pot: 1-th energy correction = 0 kcal/mole
molpro_pot: 0-th energy = -8.00321e-05 kcal/mol
molpro_pot: 1-th energy = -7.56346e-05 kcal/mol
molpro_pot: coordinates (angstrom):

C, -0.478016, -0.156135, 0.258964
H, -0.855752, -0.534286, 1.19536
H, 0.321362, 0.567385, 0.25339
H, -0.897297, -0.5036, -0.671623
H, 7.12334, 2.32957, -3.86056

molpro_pot: interatomic distances matrix (angstrom):

\     C1    H2    H3    H4
H2  1.08
H3  1.08  1.87
H4  1.08  1.87  1.87
H5     9  9.87  8.14  9.08

Molpro::pot: 1-th molpro energy = -0.000129814 kcal/mole

Molpro::pot: 0-th energy correction = -4.39523e-06 kcal/mole
Molpro::pot: 1-th energy correction = 0 kcal/mole
molpro_pot: 0-th energy = -0.00013421 kcal/mol
molpro_pot: 1-th energy = -0.000129814 kcal/mol
molpro_pot: coordinates (angstrom):

C, 0.504488, -0.0185911, 0.255045
H, 1.57818, -0.0478883, 0.349118
H, -0.0530312, 0.791627, 0.696902
H, -0.0113053, -0.797486, -0.283287
H, -7.52069, 0.275108, -3.79952

molpro_pot: interatomic distances matrix (angstrom):

\     C1    H2    H3    H4
H2  1.08
H3  1.08  1.87
H4  1.08  1.87  1.87
H5     9    10  8.73  8.36

Molpro::pot: 1-th molpro energy = -0.00014615 kcal/mole

Molpro::pot: 0-th energy correction = -4.39553e-06 kcal/mole
Molpro::pot: 1-th energy correction = 0 kcal/mole
molpro_pot: 0-th energy = -0.000150546 kcal/mol
molpro_pot: 1-th energy = -0.00014615 kcal/mol
molpro_pot: coordinates (angstrom):

C, -0.201779, -0.0595482, -0.524886
H, -0.212526, 0.845396, -1.11095
H, -0.270814, -0.00616172, 0.549778
H, -0.125153, -1.0177, -1.01335
H, 3.01104, 0.887494, 7.82425

molpro_pot: interatomic distances matrix (angstrom):

\     C1    H2    H3    H4
H2  1.08
H3  1.08  1.87
H4  1.08  1.87  1.87
H5     9   9.5  8.03  9.57

Molpro::pot: 1-th molpro energy = -0.000106972 kcal/mole

Molpro::pot: 0-th energy correction = -4.39659e-06 kcal/mole
Molpro::pot: 1-th energy correction = 0 kcal/mole
molpro_pot: 0-th energy = -0.000111369 kcal/mol
molpro_pot: 1-th energy = -0.000106972 kcal/mol

(2,0)-th SURFACE:

molpro_pot: coordinates (angstrom):

C, 0.182277, 0.250308, -0.412371
H, 0.164094, -0.811888, -0.596556
H, -0.189544, 0.641593, 0.520991
H, 0.574948, 0.920776, -1.1599
H, -2.71984, -3.73085, 6.14549

molpro_pot: interatomic distances matrix (angstrom):

\     C1    H2    H3    H4
H2  1.08
H3  1.08  1.87
H4  1.08  1.87  1.87
H5   8.2  7.89  7.56  9.27

Molpro::pot: 1-th molpro energy = -0.000185969 kcal/mole

Molpro::pot: 0-th energy correction = -2.15014e-05 kcal/mole
Molpro::pot: 1-th energy correction = 0 kcal/mole
molpro_pot: 0-th energy = -0.000207471 kcal/mol
molpro_pot: 1-th energy = -0.000185969 kcal/mol
molpro_pot: coordinates (angstrom):

C, 0.222315, -0.316362, 0.3409
H, -0.197347, 0.606851, 0.707067
H, 1.24642, -0.568662, 0.564658
H, -0.382701, -0.988534, -0.246179
H, -3.31344, 4.71721, -5.08458

molpro_pot: interatomic distances matrix (angstrom):

\     C1    H2    H3    H4
H2  1.08
H3  1.08  1.87
H4  1.08  1.87  1.87
H5   8.2  7.76  8.98  8.03

Molpro::pot: 1-th molpro energy = -0.000171732 kcal/mole

Molpro::pot: 0-th energy correction = -2.15101e-05 kcal/mole
Molpro::pot: 1-th energy correction = 0 kcal/mole
molpro_pot: 0-th energy = -0.000193242 kcal/mol
molpro_pot: 1-th energy = -0.000171732 kcal/mol
molpro_pot: coordinates (angstrom):

C, -0.490944, -0.134072, 0.0820079
H, -1.31227, 0.49276, 0.390248
H, -0.220243, -0.995582, 0.671109
H, 0.0575609, 0.0986358, -0.816608
H, 7.32054, 2.00056, -1.2212

molpro_pot: interatomic distances matrix (angstrom):

\     C1    H2    H3    H4
H2  1.08
H3  1.08  1.87
H4  1.08  1.87  1.87
H5   8.2  8.91  8.33  7.52

Molpro::pot: 1-th molpro energy = -0.000152323 kcal/mole

Molpro::pot: 0-th energy correction = -2.15098e-05 kcal/mole
Molpro::pot: 1-th energy correction = 0 kcal/mole
molpro_pot: 0-th energy = -0.000173833 kcal/mol
molpro_pot: 1-th energy = -0.000152323 kcal/mol
molpro_pot: coordinates (angstrom):

C, -0.300761, 0.395595, 0.137787
H, 0.556903, -0.253627, 0.0640491
H, -1.00111, 0.45779, -0.67962
H, -0.459782, 0.980088, 1.02975
H, 4.4851, -5.89454, -2.05479

molpro_pot: interatomic distances matrix (angstrom):

\     C1    H2    H3    H4
H2  1.08
H3  1.08  1.87
H4  1.08  1.87  1.87
H5   8.2  7.19  8.51  9.01

Molpro::pot: 1-th molpro energy = -0.000163239 kcal/mole

Molpro::pot: 0-th energy correction = -2.1501e-05 kcal/mole
Molpro::pot: 1-th energy correction = 0 kcal/mole
molpro_pot: 0-th energy = -0.000184741 kcal/mol
molpro_pot: 1-th energy = -0.000163239 kcal/mol
molpro_pot: coordinates (angstrom):

C, 0.440156, -0.267468, 0.0260972
H, 0.774761, 0.711289, 0.330382
H, -0.614518, -0.471623, -0.0661027
H, 1.15991, -1.04093, -0.188923
H, -6.56102, 3.98596, -0.386091

molpro_pot: interatomic distances matrix (angstrom):

\     C1    H2    H3    H4
H2  1.08
H3  1.08  1.87
H4  1.08  1.87  1.87
H5   8.2  8.07  7.44  9.22

Molpro::pot: 1-th molpro energy = -0.000205769 kcal/mole

Molpro::pot: 0-th energy correction = -2.15002e-05 kcal/mole
Molpro::pot: 1-th energy correction = 0 kcal/mole
molpro_pot: 0-th energy = -0.000227269 kcal/mol
molpro_pot: 1-th energy = -0.000205769 kcal/mol

(3,0)-th SURFACE:

molpro_pot: coordinates (angstrom):

C, -0.159759, -0.144112, 0.420664
H, -0.544592, 0.0716934, 1.40446
H, -0.823539, -0.145662, -0.42899
H, 0.888959, -0.355248, 0.286003
H, 2.38139, 2.14514, -6.27025

molpro_pot: interatomic distances matrix (angstrom):

\     C1    H2    H3    H4
H2  1.08
H3  1.08  1.87
H4  1.08  1.87  1.87
H5  7.51  8.47  7.05  7.17

Molpro::pot: 1-th molpro energy = -0.000369822 kcal/mole

Molpro::pot: 0-th energy correction = -8.51009e-05 kcal/mole
Molpro::pot: 1-th energy correction = 0 kcal/mole
molpro_pot: 0-th energy = -0.000454923 kcal/mol
molpro_pot: 1-th energy = -0.000369822 kcal/mol
molpro_pot: coordinates (angstrom):

C, -0.103642, 0.360098, -0.287726
H, 0.261011, -0.34704, 0.439941
H, 0.353527, 0.413842, -1.26273
H, -0.927132, 1.01113, -0.0416843
H, 1.54664, -5.36556, 4.29037

molpro_pot: interatomic distances matrix (angstrom):

\     C1    H2    H3    H4
H2  1.08
H3  1.08  1.87
H4  1.08  1.87  1.87
H5  7.51  6.45   8.1   8.1

Molpro::pot: 1-th molpro energy = -0.000405329 kcal/mole

Molpro::pot: 0-th energy correction = -8.51101e-05 kcal/mole
Molpro::pot: 1-th energy correction = 0 kcal/mole
molpro_pot: 0-th energy = -0.000490439 kcal/mol
molpro_pot: 1-th energy = -0.000405329 kcal/mol
molpro_pot: coordinates (angstrom):

C, 0.191584, -0.17386, -0.395051
H, -0.353677, -0.432447, -1.28855
H, 0.696846, -0.941533, 0.168782
H, 0.234227, 0.85238, -0.0671261
H, -2.85856, 2.59172, 5.8907

molpro_pot: interatomic distances matrix (angstrom):

\     C1    H2    H3    H4
H2  1.08
H3  1.08  1.87
H4  1.08  1.87  1.87
H5  7.51  8.18  7.61  6.93

Molpro::pot: 1-th molpro energy = -0.000341219 kcal/mole

Molpro::pot: 0-th energy correction = -8.51464e-05 kcal/mole
Molpro::pot: 1-th energy correction = 0 kcal/mole
molpro_pot: 0-th energy = -0.000426365 kcal/mol
molpro_pot: 1-th energy = -0.000341219 kcal/mol
molpro_pot: coordinates (angstrom):

C, 0.386179, -0.107009, -0.249786
H, 0.263353, -1.04253, -0.771546
H, 0.636423, -0.103975, 0.798969
H, 0.261884, 0.825158, -0.777173
H, -5.75982, 1.59548, 3.72391

molpro_pot: interatomic distances matrix (angstrom):

\     C1    H2    H3    H4
H2  1.08
H3  1.08  1.87
H4  1.08  1.87  1.87
H5  7.51  7.97  7.24  7.56

Molpro::pot: 1-th molpro energy = -0.000326613 kcal/mole

Molpro::pot: 0-th energy correction = -8.51498e-05 kcal/mole
Molpro::pot: 1-th energy correction = 0 kcal/mole
molpro_pot: 0-th energy = -0.000411763 kcal/mol
molpro_pot: 1-th energy = -0.000326613 kcal/mol
molpro_pot: coordinates (angstrom):

C, -0.240815, -0.247741, -0.321969
H, -0.216892, -0.577045, -1.34837
H, -0.857926, 0.589985, -0.0392901
H, 0.349695, -0.757812, 0.422105
H, 3.59247, 3.69468, 4.79919

molpro_pot: interatomic distances matrix (angstrom):

\     C1    H2    H3    H4
H2  1.08
H3  1.08  1.87
H4  1.08  1.87  1.87
H5  7.51   8.4  7.27  7.04

Molpro::pot: 1-th molpro energy = -0.000310369 kcal/mole

Molpro::pot: 0-th energy correction = -8.51402e-05 kcal/mole
Molpro::pot: 1-th energy correction = 0 kcal/mole
molpro_pot: 0-th energy = -0.00039551 kcal/mol
molpro_pot: 1-th energy = -0.000310369 kcal/mol

(3,0)-th SURFACE:

molpro_pot: coordinates (angstrom):

C, -0.0861651, -0.229415, 0.403772
H, -0.590941, -0.806219, 1.16207
H, 0.0913748, 0.823029, 0.556614
H, 0.243737, -0.705394, -0.505694
H, 1.28178, 3.42019, -6.02063

molpro_pot: interatomic distances matrix (angstrom):

\     C1    H2    H3    H4
H2  1.08
H3  1.08  1.87
H4  1.08  1.87  1.87
H5  7.51  8.54  7.17  6.97

Molpro::pot: 1-th molpro energy = -0.000348855 kcal/mole

Molpro::pot: 0-th energy correction = -8.51301e-05 kcal/mole
Molpro::pot: 1-th energy correction = 0 kcal/mole
molpro_pot: 0-th energy = -0.000433985 kcal/mol
molpro_pot: 1-th energy = -0.000348855 kcal/mol
molpro_pot: coordinates (angstrom):

C, 0.125633, -0.453194, -0.0424206
H, 0.768267, -0.0826412, 0.740028
H, 0.423069, -0.357358, -1.07434
H, -0.812646, -0.922192, 0.206969
H, -1.87458, 6.7583, 0.632442

molpro_pot: interatomic distances matrix (angstrom):

\     C1    H2    H3    H4
H2  1.08
H3  1.08  1.87
H4  1.08  1.87  1.87
H5  7.51  7.33  7.67  7.77

Molpro::pot: 1-th molpro energy = -0.000257247 kcal/mole

Molpro::pot: 0-th energy correction = -8.51516e-05 kcal/mole
Molpro::pot: 1-th energy correction = 0 kcal/mole
molpro_pot: 0-th energy = -0.000342398 kcal/mol
molpro_pot: 1-th energy = -0.000257247 kcal/mol
molpro_pot: coordinates (angstrom):

C, 0.416827, 0.141759, -0.171574
H, -0.386429, 0.407287, 0.496849
H, 1.06533, -0.685743, 0.0675951
H, 0.569704, 0.701475, -1.08035
H, -6.21169, -2.11092, 2.55881

molpro_pot: interatomic distances matrix (angstrom):

\     C1    H2    H3    H4
H2  1.08
H3  1.08  1.87
H4  1.08  1.87  1.87
H5  7.51  6.67  7.82  8.19

Molpro::pot: 1-th molpro energy = -0.000378911 kcal/mole

Molpro::pot: 0-th energy correction = -8.50957e-05 kcal/mole
Molpro::pot: 1-th energy correction = 0 kcal/mole
molpro_pot: 0-th energy = -0.000464007 kcal/mol
molpro_pot: 1-th energy = -0.000378911 kcal/mol
molpro_pot: coordinates (angstrom):

C, 0.274097, 0.191395, -0.333809
H, -0.22788, 0.15303, 0.619638
H, 0.304852, -0.684372, -0.961986
H, 0.74249, 1.10597, -0.660428
H, -4.08309, -2.85353, 4.97739

molpro_pot: interatomic distances matrix (angstrom):

\     C1    H2    H3    H4
H2  1.08
H3  1.08  1.87
H4  1.08  1.87  1.87
H5  7.51  6.55   7.7  8.41

Molpro::pot: 1-th molpro energy = -0.00037773 kcal/mole

Molpro::pot: 0-th energy correction = -8.51116e-05 kcal/mole
Molpro::pot: 1-th energy correction = 0 kcal/mole
molpro_pot: 0-th energy = -0.000462841 kcal/mol
molpro_pot: 1-th energy = -0.00037773 kcal/mol
molpro_pot: coordinates (angstrom):

C, 0.411295, 0.177563, 0.150422
H, -0.132565, 1.10679, 0.207596
H, -0.0284287, -0.728494, 0.535417
H, 1.3932, 0.153699, -0.29434
H, -6.12943, -2.64621, -2.23972

molpro_pot: interatomic distances matrix (angstrom):

\     C1    H2    H3    H4
H2  1.08
H3  1.08  1.87
H4  1.08  1.87  1.87
H5  7.51  7.49  6.97  8.26

Molpro::pot: 1-th molpro energy = -0.000315428 kcal/mole

Molpro::pot: 0-th energy correction = -8.50884e-05 kcal/mole
Molpro::pot: 1-th energy correction = 0 kcal/mole
molpro_pot: 0-th energy = -0.000400516 kcal/mol
molpro_pot: 1-th energy = -0.000315428 kcal/mol

(4,0)-th SURFACE:

molpro_pot: coordinates (angstrom):

C, 0.105359, 0.344447, -0.239163
H, 0.606713, 0.97635, 0.47628
H, -0.759989, -0.225518, 0.0588833
H, 0.467248, 0.284838, -1.25307
H, -1.56846, -5.13695, 3.56558

molpro_pot: interatomic distances matrix (angstrom):

\     C1    H2    H3    H4
H2  1.08
H3  1.08  1.87
H4  1.08  1.87  1.87
H5  6.88  7.19  6.09  7.53

Molpro::pot: 1-th molpro energy = -0.000656895 kcal/mole

Molpro::pot: 0-th energy correction = -0.000303155 kcal/mole
Molpro::pot: 1-th energy correction = 0 kcal/mole
molpro_pot: 0-th energy = -0.00096005 kcal/mol
molpro_pot: 1-th energy = -0.000656895 kcal/mol
molpro_pot: coordinates (angstrom):

C, -0.342658, 0.259272, -0.0504353
H, -0.411983, -0.74622, 0.332575
H, -0.419556, 1.0984, 0.622221
H, -0.193395, 0.425643, -1.10522
H, 5.1049, -3.86493, 0.750945

molpro_pot: interatomic distances matrix (angstrom):

\     C1    H2    H3    H4
H2  1.08
H3  1.08  1.87
H4  1.08  1.87  1.87
H5  6.88  6.35  7.43  7.07

Molpro::pot: 1-th molpro energy = -0.00059655 kcal/mole

Molpro::pot: 0-th energy correction = -0.000302989 kcal/mole
Molpro::pot: 1-th energy correction = 0 kcal/mole
molpro_pot: 0-th energy = -0.000899539 kcal/mol
molpro_pot: 1-th energy = -0.00059655 kcal/mol
molpro_pot: coordinates (angstrom):

C, 0.33238, 0.251976, 0.11439
H, 0.582529, 1.28468, -0.0685335
H, 0.80873, -0.283052, 0.920215
H, -0.39608, -0.244707, -0.506232
H, -4.95277, -3.75716, -1.70748

molpro_pot: interatomic distances matrix (angstrom):

\     C1    H2    H3    H4
H2  1.08
H3  1.08  1.87
H4  1.08  1.87  1.87
H5  6.88  7.66  7.22  5.88

Molpro::pot: 1-th molpro energy = -0.000742078 kcal/mole

Molpro::pot: 0-th energy correction = -0.000303078 kcal/mole
Molpro::pot: 1-th energy correction = 0 kcal/mole
molpro_pot: 0-th energy = -0.00104516 kcal/mol
molpro_pot: 1-th energy = -0.000742078 kcal/mol
molpro_pot: coordinates (angstrom):

C, 0.110398, 0.16104, -0.385853
H, 0.0234462, 0.434379, -1.4252
H, -0.420388, -0.69833, -0.00866842
H, 0.730298, 0.744926, 0.275449
H, -1.64784, -2.39845, 5.75271

molpro_pot: interatomic distances matrix (angstrom):

\     C1    H2    H3    H4
H2  1.08
H3  1.08  1.87
H4  1.08  1.87  1.87
H5  6.88   7.9  6.13  6.75

Molpro::pot: 1-th molpro energy = -0.000638071 kcal/mole

Molpro::pot: 0-th energy correction = -0.000303112 kcal/mole
Molpro::pot: 1-th energy correction = 0 kcal/mole
molpro_pot: 0-th energy = -0.000941183 kcal/mol
molpro_pot: 1-th energy = -0.000638071 kcal/mol
molpro_pot: coordinates (angstrom):

C, 0.190093, -0.26354, -0.285158
H, -0.853243, -0.477599, -0.117399
H, 0.90615, -1.06882, -0.321294
H, 0.516919, 0.755072, -0.419827
H, -2.83323, 3.92927, 4.25384

molpro_pot: interatomic distances matrix (angstrom):

\     C1    H2    H3    H4
H2  1.08
H3  1.08  1.87
H4  1.08  1.87  1.87
H5  6.88  6.52  7.74  6.57

Molpro::pot: 1-th molpro energy = -0.000565125 kcal/mole

Molpro::pot: 0-th energy correction = -0.000303183 kcal/mole
Molpro::pot: 1-th energy correction = 0 kcal/mole
molpro_pot: 0-th energy = -0.000868308 kcal/mol
molpro_pot: 1-th energy = -0.000565125 kcal/mol

(5,0)-th SURFACE:

molpro_pot: coordinates (angstrom):

C, -0.179498, 0.127809, 0.336868
H, -0.736278, 1.04287, 0.460048
H, -0.196879, -0.621752, 1.11171
H, 0.391971, -0.0390754, -0.562073
H, 2.67843, -1.90385, -5.0207

molpro_pot: interatomic distances matrix (angstrom):

\     C1    H2    H3    H4
H2  1.08
H3  1.08  1.87
H4  1.08  1.87  1.87
H5   6.4   7.1  6.89  5.35

Molpro::pot: 1-th molpro energy = -0.00165776 kcal/mole

Molpro::pot: 0-th energy correction = -0.000785666 kcal/mole
Molpro::pot: 1-th energy correction = 0 kcal/mole
molpro_pot: 0-th energy = -0.00244343 kcal/mol
molpro_pot: 1-th energy = -0.00165776 kcal/mol
molpro_pot: coordinates (angstrom):

C, 0.0694828, 0.0544425, -0.392701
H, -0.43459, -0.214774, 0.521601
H, 1.10571, -0.207889, -0.533859
H, -0.463204, 0.583045, -1.16688
H, -1.03524, -0.808619, 5.85496

molpro_pot: interatomic distances matrix (angstrom):

\     C1    H2    H3    H4
H2  1.08
H3  1.08  1.87
H4  1.08  1.87  1.87
H5   6.4   5.4  6.76  7.18

Molpro::pot: 1-th molpro energy = -0.00149581 kcal/mole

Molpro::pot: 0-th energy correction = -0.000785722 kcal/mole
Molpro::pot: 1-th energy correction = 0 kcal/mole
molpro_pot: 0-th energy = -0.00228154 kcal/mol
molpro_pot: 1-th energy = -0.00149581 kcal/mol
molpro_pot: coordinates (angstrom):

C, -0.127858, 0.346946, 0.159378
H, -1.15774, 0.616181, 0.330746
H, 0.178892, -0.684031, 0.233605
H, 0.594456, 1.10787, -0.0891634
H, 1.90678, -5.17105, -2.37288

molpro_pot: interatomic distances matrix (angstrom):

\     C1    H2    H3    H4
H2  1.08
H3  1.08  1.87
H4  1.08  1.87  1.87
H5   6.4  7.08  5.47  6.81

Molpro::pot: 1-th molpro energy = -0.00131027 kcal/mole

Molpro::pot: 0-th energy correction = -0.000785498 kcal/mole
Molpro::pot: 1-th energy correction = 0 kcal/mole
molpro_pot: 0-th energy = -0.00209577 kcal/mol
molpro_pot: 1-th energy = -0.00131027 kcal/mol
molpro_pot: coordinates (angstrom):

C, -0.242598, -0.269617, -0.174465
H, -0.347919, 0.264451, 0.75623
H, -0.855716, -1.13432, -0.371667
H, 0.47333, 0.0626185, -0.909032
H, 3.61887, 4.01753, 2.60179

molpro_pot: interatomic distances matrix (angstrom):

\     C1    H2    H3    H4
H2  1.08
H3  1.08  1.87
H4  1.08  1.87  1.87
H5   6.4  5.76  7.44  6.15

Molpro::pot: 1-th molpro energy = -0.00100509 kcal/mole

Molpro::pot: 0-th energy correction = -0.000785763 kcal/mole
Molpro::pot: 1-th energy correction = 0 kcal/mole
molpro_pot: 0-th energy = -0.00179085 kcal/mol
molpro_pot: 1-th energy = -0.00100509 kcal/mol
molpro_pot: coordinates (angstrom):

C, 0.340266, 0.212752, -0.0313913
H, 0.544508, 0.853736, -0.873971
H, 0.995755, 0.223053, 0.824615
H, -0.520803, -0.436044, -0.0433906
H, -5.07095, -3.17395, 0.466518

molpro_pot: interatomic distances matrix (angstrom):

\     C1    H2    H3    H4
H2  1.08
H3  1.08  1.87
H4  1.08  1.87  1.87
H5   6.4  7.04  6.96  5.33

Molpro::pot: 1-th molpro energy = -0.00166438 kcal/mole

Molpro::pot: 0-th energy correction = -0.000785675 kcal/mole
Molpro::pot: 1-th energy correction = 0 kcal/mole
molpro_pot: 0-th energy = -0.00245005 kcal/mol
molpro_pot: 1-th energy = -0.00166438 kcal/mol

(6,0)-th SURFACE:

molpro_pot: coordinates (angstrom):

C, -0.0733584, 0.367437, 0.0328386
H, 0.358717, 0.654524, -0.912364
H, -1.13294, 0.182078, 0.10662
H, 0.554257, 0.262704, 0.90327
H, 1.09343, -5.47431, -0.48853

molpro_pot: interatomic distances matrix (angstrom):

\     C1    H2    H3    H4
H2  1.08
H3  1.08  1.87
H4  1.08  1.87  1.87
H5  5.98  6.19  6.11  5.93

Molpro::pot: 1-th molpro energy = -0.00148408 kcal/mole

Molpro::pot: 0-th energy correction = -0.00183132 kcal/mole
Molpro::pot: 1-th energy correction = 0 kcal/mole
molpro_pot: 0-th energy = -0.0033154 kcal/mol
molpro_pot: 1-th energy = -0.00148408 kcal/mol
molpro_pot: coordinates (angstrom):

C, -0.0406742, -0.0920007, -0.362431
H, 0.00484353, -1.15006, -0.160048
H, -0.976576, 0.434837, -0.267307
H, 0.849909, 0.439712, -0.656818
H, 0.606124, 1.37094, 5.39958

molpro_pot: interatomic distances matrix (angstrom):

\     C1    H2    H3    H4
H2  1.08
H3  1.08  1.87
H4  1.08  1.87  1.87
H5  5.98  6.13  5.96  6.13

Molpro::pot: 1-th molpro energy = -0.0015191 kcal/mole

Molpro::pot: 0-th energy correction = -0.00183129 kcal/mole
Molpro::pot: 1-th energy correction = 0 kcal/mole
molpro_pot: 0-th energy = -0.0033504 kcal/mol
molpro_pot: 1-th energy = -0.0015191 kcal/mol
molpro_pot: coordinates (angstrom):

C, -0.249825, 0.125812, 0.25111
H, -0.514023, 1.1174, 0.581969
H, -0.761008, -0.731867, 0.658046
H, 0.523077, -0.00798267, -0.488649
H, 3.72657, -1.87557, -3.74129

molpro_pot: interatomic distances matrix (angstrom):

\     C1    H2    H3    H4
H2  1.08
H3  1.08  1.87
H4  1.08  1.87  1.87
H5  5.98  6.76  6.39  4.93

Molpro::pot: 1-th molpro energy = -0.00326431 kcal/mole

Molpro::pot: 0-th energy correction = -0.00183216 kcal/mole
Molpro::pot: 1-th energy correction = 0 kcal/mole
molpro_pot: 0-th energy = -0.00509647 kcal/mol
molpro_pot: 1-th energy = -0.00326431 kcal/mol
molpro_pot: coordinates (angstrom):

C, 0.182526, 0.324151, -0.0534371
H, 0.115328, 1.21742, 0.546619
H, 0.492756, 0.389585, -1.08397
H, -0.0573936, -0.634575, 0.377614
H, -2.724, -4.83204, 0.796002

molpro_pot: interatomic distances matrix (angstrom):

\     C1    H2    H3    H4
H2  1.08
H3  1.08  1.87
H4  1.08  1.87  1.87
H5  5.98  6.69  6.41  4.99

Molpro::pot: 1-th molpro energy = -0.00295265 kcal/mole

Molpro::pot: 0-th energy correction = -0.00183242 kcal/mole
Molpro::pot: 1-th energy correction = 0 kcal/mole
molpro_pot: 0-th energy = -0.00478507 kcal/mol
molpro_pot: 1-th energy = -0.00295265 kcal/mol
molpro_pot: coordinates (angstrom):

C, 0.153756, -0.327332, -0.102007
H, 0.708072, -0.829159, 0.674793
H, 0.499444, 0.619572, -0.484617
H, -0.744197, -0.773612, -0.498286
H, -2.29406, 4.88068, 1.52269

molpro_pot: interatomic distances matrix (angstrom):

\     C1    H2    H3    H4
H2  1.08
H3  1.08  1.87
H4  1.08  1.87  1.87
H5  5.98  6.51  5.48   6.2

Molpro::pot: 1-th molpro energy = -0.00167578 kcal/mole

Molpro::pot: 0-th energy correction = -0.00183267 kcal/mole
Molpro::pot: 1-th energy correction = 0 kcal/mole
molpro_pot: 0-th energy = -0.00350845 kcal/mol
molpro_pot: 1-th energy = -0.00167578 kcal/mol

(7,0)-th SURFACE:

molpro_pot: coordinates (angstrom):

C, 0.0511242, 0.346285, 0.0421204
H, 0.589389, -0.0293485, 0.897506
H, -0.155908, 1.40096, -0.0434111
H, -0.277319, -0.331961, -0.729001
H, -0.76489, -5.16281, -0.626615

molpro_pot: interatomic distances matrix (angstrom):

\     C1    H2    H3    H4
H2  1.08
H3  1.08  1.87
H4  1.08  1.87  1.87
H5  5.61  5.52  6.62  4.86

Molpro::pot: 1-th molpro energy = -0.00357378 kcal/mole

Molpro::pot: 0-th energy correction = -0.00384363 kcal/mole
Molpro::pot: 1-th energy correction = 0 kcal/mole
molpro_pot: 0-th energy = -0.00741742 kcal/mol
molpro_pot: 1-th energy = -0.00357378 kcal/mol
molpro_pot: coordinates (angstrom):

C, 0.0852989, -0.213931, 0.266881
H, 0.0823777, 0.0572909, 1.31041
H, 0.577656, 0.419957, -0.453042
H, -0.401233, -1.12022, -0.0562921
H, -1.27444, 3.19021, -3.97878

molpro_pot: interatomic distances matrix (angstrom):

\     C1    H2    H3    H4
H2  1.08
H3  1.08  1.87
H4  1.08  1.87  1.87
H5  5.61   6.3  4.85  5.89

Molpro::pot: 1-th molpro energy = -0.00394188 kcal/mole

Molpro::pot: 0-th energy correction = -0.003844 kcal/mole
Molpro::pot: 1-th energy correction = 0 kcal/mole
molpro_pot: 0-th energy = -0.00778588 kcal/mol
molpro_pot: 1-th energy = -0.00394188 kcal/mol
molpro_pot: coordinates (angstrom):

C, -0.20425, 0.0943375, -0.271707
H, 0.417688, 0.495384, 0.51243
H, 0.23666, -0.490539, -1.06293
H, -1.2671, 0.275415, -0.263055
H, 3.04472, -1.40352, 4.04872

molpro_pot: interatomic distances matrix (angstrom):

\     C1    H2    H3    H4
H2  1.08
H3  1.08  1.87
H4  1.08  1.87  1.87
H5  5.61   4.8   5.9  6.32

Molpro::pot: 1-th molpro energy = -0.00412726 kcal/mole

Molpro::pot: 0-th energy correction = -0.0038421 kcal/mole
Molpro::pot: 1-th energy correction = 0 kcal/mole
molpro_pot: 0-th energy = -0.00796936 kcal/mol
molpro_pot: 1-th energy = -0.00412726 kcal/mol
molpro_pot: coordinates (angstrom):

C, 0.318115, 0.151223, -0.0132987
H, 0.0988563, -0.051085, 1.02281
H, -0.342067, 0.777911, -0.591174
H, 1.19881, -0.2704, -0.470609
H, -4.74334, -2.25701, 0.197323

molpro_pot: interatomic distances matrix (angstrom):

\     C1    H2    H3    H4
H2  1.08
H3  1.08  1.87
H4  1.08  1.87  1.87
H5  5.61  5.38   5.4   6.3

Molpro::pot: 1-th molpro energy = -0.00306849 kcal/mole

Molpro::pot: 0-th energy correction = -0.00384427 kcal/mole
Molpro::pot: 1-th energy correction = 0 kcal/mole
molpro_pot: 0-th energy = -0.00691276 kcal/mol
molpro_pot: 1-th energy = -0.00306849 kcal/mol
molpro_pot: coordinates (angstrom):

C, -0.175462, -0.299333, -0.0617736
H, -0.15972, 0.0871075, -1.06822
H, -1.06381, -0.197093, 0.540642
H, 0.695668, -0.790578, 0.34113
H, 2.61706, 4.46467, 0.921974

molpro_pot: interatomic distances matrix (angstrom):

\     C1    H2    H3    H4
H2  1.08
H3  1.08  1.87
H4  1.08  1.87  1.87
H5  5.61  5.55  5.95  5.63

Molpro::pot: 1-th molpro energy = -0.00314028 kcal/mole

Molpro::pot: 0-th energy correction = -0.0038447 kcal/mole
Molpro::pot: 1-th energy correction = 0 kcal/mole
molpro_pot: 0-th energy = -0.00698499 kcal/mol
molpro_pot: 1-th energy = -0.00314028 kcal/mol

(8,0)-th SURFACE:

molpro_pot: coordinates (angstrom):

C, 0.00174706, 0.330405, -0.03693
H, 1.0005, 0.487373, 0.337723
H, -0.847043, 0.677325, 0.530275
H, -0.148161, -0.17051, -0.979869
H, -0.0261, -4.92826, 0.55159

molpro_pot: interatomic distances matrix (angstrom):

\     C1    H2    H3    H4
H2  1.08
H3  1.08  1.87
H4  1.08  1.87  1.87
H5  5.29  5.52  5.67     5

Molpro::pot: 1-th molpro energy = -0.00683726 kcal/mole

Molpro::pot: 0-th energy correction = -0.00725501 kcal/mole
Molpro::pot: 1-th energy correction = 0 kcal/mole
molpro_pot: 0-th energy = -0.0140923 kcal/mol
molpro_pot: 1-th energy = -0.00683726 kcal/mol
molpro_pot: coordinates (angstrom):

C, -0.0184542, -0.331249, 0.0259024
H, -0.814713, -0.812917, 0.570405
H, 0.295416, -0.723042, -0.9283
H, 0.46172, 0.543684, 0.433882
H, 0.277307, 4.9364, -0.384402

molpro_pot: interatomic distances matrix (angstrom):

\     C1    H2    H3    H4
H2  1.08
H3  1.08  1.87
H4  1.08  1.87  1.87
H5  5.29  5.93  5.69  4.47

Molpro::pot: 1-th molpro energy = -0.00733807 kcal/mole

Molpro::pot: 0-th energy correction = -0.00725058 kcal/mole
Molpro::pot: 1-th energy correction = 0 kcal/mole
molpro_pot: 0-th energy = -0.0145886 kcal/mol
molpro_pot: 1-th energy = -0.00733807 kcal/mol
molpro_pot: coordinates (angstrom):

C, 0.26338, 0.159602, -0.126352
H, 0.0108662, -0.30882, -1.06408
H, -0.0462851, 1.17357, 0.0698709
H, 0.822649, -0.386659, 0.616169
H, -3.92325, -2.37844, 1.88249

molpro_pot: interatomic distances matrix (angstrom):

\     C1    H2    H3    H4
H2  1.08
H3  1.08  1.87
H4  1.08  1.87  1.87
H5  5.29  5.33  5.56   5.3

Molpro::pot: 1-th molpro energy = -0.00702946 kcal/mole

Molpro::pot: 0-th energy correction = -0.00724906 kcal/mole
Molpro::pot: 1-th energy correction = 0 kcal/mole
molpro_pot: 0-th energy = -0.0142785 kcal/mol
molpro_pot: 1-th energy = -0.00702946 kcal/mol
molpro_pot: coordinates (angstrom):

C, 0.101507, -0.0952259, -0.301985
H, -0.0541286, 0.969429, -0.232676
H, -0.728664, -0.770619, -0.170921
H, 1.08627, -0.484333, -0.505343
H, -1.51211, 1.41936, 4.50462

molpro_pot: interatomic distances matrix (angstrom):

\     C1    H2    H3    H4
H2  1.08
H3  1.08  1.87
H4  1.08  1.87  1.87
H5  5.29  4.98  5.22  5.96

Molpro::pot: 1-th molpro energy = -0.00630889 kcal/mole

Molpro::pot: 0-th energy correction = -0.0072543 kcal/mole
Molpro::pot: 1-th energy correction = 0 kcal/mole
molpro_pot: 0-th energy = -0.0135632 kcal/mol
molpro_pot: 1-th energy = -0.00630889 kcal/mol
molpro_pot: coordinates (angstrom):

C, -0.293106, -0.0872125, -0.131127
H, -1.35843, 0.0526154, -0.220895
H, 0.34647, 0.75827, 0.0653902
H, 0.132259, -1.07253, -0.234732
H, 4.36967, 1.30007, 1.95154

molpro_pot: interatomic distances matrix (angstrom):

\     C1    H2    H3    H4
H2  1.08
H3  1.08  1.87
H4  1.08  1.87  1.87
H5  5.29  6.25  4.48  5.33

Molpro::pot: 1-th molpro energy = -0.00629629 kcal/mole

Molpro::pot: 0-th energy correction = -0.00725114 kcal/mole
Molpro::pot: 1-th energy correction = 0 kcal/mole
molpro_pot: 0-th energy = -0.0135474 kcal/mol
molpro_pot: 1-th energy = -0.00629629 kcal/mol

(9,0)-th SURFACE:

molpro_pot: coordinates (angstrom):

C, -0.116621, -0.0315457, -0.291911
H, 0.769955, -0.468745, 0.138618
H, -0.250991, 1.03816, -0.277903
H, -0.867133, -0.663458, -0.739057
H, 1.73676, 0.469654, 4.35408

molpro_pot: interatomic distances matrix (angstrom):

\     C1    H2    H3    H4
H2  1.08
H3  1.08  1.87
H4  1.08  1.87  1.87
H5  5.03  4.43  5.07  5.83

Molpro::pot: 1-th molpro energy = -0.0107478 kcal/mole

Molpro::pot: 0-th energy correction = -0.0123133 kcal/mole
Molpro::pot: 1-th energy correction = 0 kcal/mole
molpro_pot: 0-th energy = -0.0230611 kcal/mol
molpro_pot: 1-th energy = -0.0107478 kcal/mol
molpro_pot: coordinates (angstrom):

C, -0.0788866, -0.0209271, -0.305401
H, -0.681268, 0.481872, 0.434088
H, 0.95356, -0.249201, -0.0945388
H, -0.509508, -0.298158, -1.25421
H, 1.1765, 0.314662, 4.55101

molpro_pot: interatomic distances matrix (angstrom):

\     C1    H2    H3    H4
H2  1.08
H3  1.08  1.87
H4  1.08  1.87  1.87
H5  5.03  4.52  4.68  6.08

Molpro::pot: 1-th molpro energy = -0.00726485 kcal/mole

Molpro::pot: 0-th energy correction = -0.0123085 kcal/mole
Molpro::pot: 1-th energy correction = 0 kcal/mole
molpro_pot: 0-th energy = -0.0195733 kcal/mol
molpro_pot: 1-th energy = -0.00726485 kcal/mol
molpro_pot: coordinates (angstrom):

C, -0.0744014, -0.0384612, 0.304748
H, -0.0824699, 0.238047, 1.34686
H, 0.410051, 0.598506, -0.417815
H, -0.547866, -0.953077, -0.0143604
H, 1.10617, 0.574475, -4.54326

molpro_pot: interatomic distances matrix (angstrom):

\     C1    H2    H3    H4
H2  1.08
H3  1.08  1.87
H4  1.08  1.87  1.87
H5  5.03  6.02  4.18  5.06

Molpro::pot: 1-th molpro energy = -0.00830403 kcal/mole

Molpro::pot: 0-th energy correction = -0.0123102 kcal/mole
Molpro::pot: 1-th energy correction = 0 kcal/mole
molpro_pot: 0-th energy = -0.0206142 kcal/mol
molpro_pot: 1-th energy = -0.00830403 kcal/mol
molpro_pot: coordinates (angstrom):

C, -0.0689145, 0.255803, 0.17259
H, -0.0574249, 1.29078, -0.1294
H, -0.651474, -0.461114, -0.383443
H, 0.504334, -0.06282, 1.02839
H, 1.02512, -3.81265, -2.57055

molpro_pot: interatomic distances matrix (angstrom):

\     C1    H2    H3    H4
H2  1.08
H3  1.08  1.87
H4  1.08  1.87  1.87
H5  5.03  5.76  4.34  5.22

Molpro::pot: 1-th molpro energy = -0.011275 kcal/mole

Molpro::pot: 0-th energy correction = -0.0123069 kcal/mole
Molpro::pot: 1-th energy correction = 0 kcal/mole
molpro_pot: 0-th energy = -0.0235819 kcal/mol
molpro_pot: 1-th energy = -0.011275 kcal/mol
molpro_pot: coordinates (angstrom):

C, 0.270171, 0.153354, 0.0586338
H, 1.0869, 0.339193, -0.620292
H, -0.741597, 0.119178, -0.312415
H, 0.465286, -0.00133761, 1.10769
H, -4.02746, -2.283, -0.873127

molpro_pot: interatomic distances matrix (angstrom):

\     C1    H2    H3    H4
H2  1.08
H3  1.08  1.87
H4  1.08  1.87  1.87
H5  5.03  5.75  4.11  5.41

Molpro::pot: 1-th molpro energy = -0.0110178 kcal/mole

Molpro::pot: 0-th energy correction = -0.0123078 kcal/mole
Molpro::pot: 1-th energy correction = 0 kcal/mole
molpro_pot: 0-th energy = -0.0233256 kcal/mol
molpro_pot: 1-th energy = -0.0110178 kcal/mol

(9,0)-th SURFACE:

molpro_pot: coordinates (angstrom):

C, 0.00348554, -0.267527, 0.168539
H, 0.203043, -0.239314, 1.22774
H, -0.870896, 0.223032, -0.228104
H, 0.679598, -0.783416, -0.494221
H, -0.0532469, 3.9851, -2.51218

molpro_pot: interatomic distances matrix (angstrom):

\     C1    H2    H3    H4
H2  1.08
H3  1.08  1.87
H4  1.08  1.87  1.87
H5  5.03  5.65  4.48  5.23

Molpro::pot: 1-th molpro energy = -0.0123099 kcal/mole

Molpro::pot: 0-th energy correction = -0.0123062 kcal/mole
Molpro::pot: 1-th energy correction = 0 kcal/mole
molpro_pot: 0-th energy = -0.0246162 kcal/mol
molpro_pot: 1-th energy = -0.0123099 kcal/mol
molpro_pot: coordinates (angstrom):

C, 0.174094, -0.0682642, -0.254653
H, -0.448008, -0.815886, 0.210714
H, 0.778642, 0.584573, 0.354317
H, 0.194088, 0.02453, -1.32867
H, -2.59762, 1.01959, 3.79574

molpro_pot: interatomic distances matrix (angstrom):

\     C1    H2    H3    H4
H2  1.08
H3  1.08  1.87
H4  1.08  1.87  1.87
H5  5.03  4.57  4.84  5.92

Molpro::pot: 1-th molpro energy = -0.00973751 kcal/mole

Molpro::pot: 0-th energy correction = -0.0123129 kcal/mole
Molpro::pot: 1-th energy correction = 0 kcal/mole
molpro_pot: 0-th energy = -0.0220504 kcal/mol
molpro_pot: 1-th energy = -0.00973751 kcal/mol
molpro_pot: coordinates (angstrom):

C, 0.220193, -0.209965, -0.0848752
H, 0.302888, -0.775983, -0.998823
H, -0.232702, -0.656162, 0.785936
H, 0.592997, 0.800772, -0.0407169
H, -3.28498, 3.13139, 1.2642

molpro_pot: interatomic distances matrix (angstrom):

\     C1    H2    H3    H4
H2  1.08
H3  1.08  1.87
H4  1.08  1.87  1.87
H5  5.03  5.77  4.89  4.71

Molpro::pot: 1-th molpro energy = -0.0116125 kcal/mole

Molpro::pot: 0-th energy correction = -0.0123146 kcal/mole
Molpro::pot: 1-th energy correction = 0 kcal/mole
molpro_pot: 0-th energy = -0.0239271 kcal/mol
molpro_pot: 1-th energy = -0.0116125 kcal/mol
molpro_pot: coordinates (angstrom):

C, 0.305229, -0.0300855, -0.0757894
H, 1.08047, -0.729538, 0.193062
H, 0.552622, 1.00255, -0.262814
H, -0.716558, -0.363661, -0.160641
H, -4.55084, 0.448872, 1.1328

molpro_pot: interatomic distances matrix (angstrom):

\     C1    H2    H3    H4
H2  1.08
H3  1.08  1.87
H4  1.08  1.87  1.87
H5  5.03  5.83  5.32  4.13

Molpro::pot: 1-th molpro energy = -0.0104692 kcal/mole

Molpro::pot: 0-th energy correction = -0.012313 kcal/mole
Molpro::pot: 1-th energy correction = 0 kcal/mole
molpro_pot: 0-th energy = -0.0227822 kcal/mol
molpro_pot: 1-th energy = -0.0104692 kcal/mol
molpro_pot: coordinates (angstrom):

C, -0.240427, -0.162786, -0.125112
H, 0.631268, -0.0625959, -0.751711
H, -0.133777, -0.177957, 0.947694
H, -1.21872, -0.244662, -0.570936
H, 3.58396, 2.42348, 1.86465

molpro_pot: interatomic distances matrix (angstrom):

\     C1    H2    H3    H4
H2  1.08
H3  1.08  1.87
H4  1.08  1.87  1.87
H5  5.03  4.66  4.63  6.01

Molpro::pot: 1-th molpro energy = -0.00835556 kcal/mole

Molpro::pot: 0-th energy correction = -0.0123074 kcal/mole
Molpro::pot: 1-th energy correction = 0 kcal/mole
molpro_pot: 0-th energy = -0.020663 kcal/mol
molpro_pot: 1-th energy = -0.00835556 kcal/mol

(10,0)-th SURFACE:

molpro_pot: coordinates (angstrom):

C, 0.00779143, -0.0966008, -0.265804
H, 0.798935, 0.338003, -0.855488
H, -0.0256265, -1.16323, -0.111873
H, -0.747928, 0.535372, 0.172396
H, -0.118151, 1.44007, 3.95985

molpro_pot: interatomic distances matrix (angstrom):

\     C1    H2    H3    H4
H2  1.08
H3  1.08  1.87
H4  1.08  1.87  1.87
H5   4.5  5.02  4.83  3.94

Molpro::pot: 1-th molpro energy = -0.0459641 kcal/mole

Molpro::pot: 0-th energy correction = -0.0354627 kcal/mole
Molpro::pot: 1-th energy correction = 0 kcal/mole
molpro_pot: 0-th energy = -0.0814268 kcal/mol
molpro_pot: 1-th energy = -0.0459641 kcal/mol
molpro_pot: coordinates (angstrom):

C, 0.0720369, 0.272869, -0.0163329
H, -0.524748, -0.496738, -0.479008
H, 0.547212, 1.02513, -0.625292
H, 0.191135, 0.292131, 1.0551
H, -1.07133, -4.06953, 0.243674

molpro_pot: interatomic distances matrix (angstrom):

\     C1    H2    H3    H4
H2  1.08
H3  1.08  1.87
H4  1.08  1.87  1.87
H5   4.5  3.69  5.42  4.61

Molpro::pot: 1-th molpro energy = -0.0167843 kcal/mole

Molpro::pot: 0-th energy correction = -0.0354791 kcal/mole
Molpro::pot: 1-th energy correction = 0 kcal/mole
molpro_pot: 0-th energy = -0.0522634 kcal/mol
molpro_pot: 1-th energy = -0.0167843 kcal/mol
molpro_pot: coordinates (angstrom):

C, 0.118935, -0.166558, 0.194925
H, 0.313921, -1.22651, 0.163377
H, -0.315319, 0.275215, 1.07741
H, 0.360921, 0.451963, -0.654425
H, -1.77566, 2.48251, -2.9073

molpro_pot: interatomic distances matrix (angstrom):

\     C1    H2    H3    H4
H2  1.08
H3  1.08  1.87
H4  1.08  1.87  1.87
H5   4.5  5.25  4.78  3.71

Molpro::pot: 1-th molpro energy = -0.0280627 kcal/mole

Molpro::pot: 0-th energy correction = -0.035483 kcal/mole
Molpro::pot: 1-th energy correction = 0 kcal/mole
molpro_pot: 0-th energy = -0.0635457 kcal/mol
molpro_pot: 1-th energy = -0.0280627 kcal/mol
molpro_pot: coordinates (angstrom):

C, 0.00289737, 0.183331, -0.215087
H, -0.608211, 0.546055, 0.595773
H, -0.18417, -0.791411, -0.636279
H, 0.798786, 0.796266, -0.606742
H, -0.040904, -2.7338, 3.20825

molpro_pot: interatomic distances matrix (angstrom):

\     C1    H2    H3    H4
H2  1.08
H3  1.08  1.87
H4  1.08  1.87  1.87
H5   4.5  4.23  4.31  5.27

Molpro::pot: 1-th molpro energy = -0.0424602 kcal/mole

Molpro::pot: 0-th energy correction = -0.0354832 kcal/mole
Molpro::pot: 1-th energy correction = 0 kcal/mole
molpro_pot: 0-th energy = -0.0779435 kcal/mol
molpro_pot: 1-th energy = -0.0424602 kcal/mol
molpro_pot: coordinates (angstrom):

C, 0.270722, 0.080231, 0.0147455
H, 0.247816, -0.997456, -0.00937752
H, -0.624003, 0.632828, 0.2527
H, 1.18866, 0.605133, -0.195941
H, -4.03591, -1.1958, -0.222953

molpro_pot: interatomic distances matrix (angstrom):

\     C1    H2    H3    H4
H2  1.08
H3  1.08  1.87
H4  1.08  1.87  1.87
H5   4.5  4.29   3.9  5.53

Molpro::pot: 1-th molpro energy = -0.0143661 kcal/mole

Molpro::pot: 0-th energy correction = -0.0354752 kcal/mole
Molpro::pot: 1-th energy correction = 0 kcal/mole
molpro_pot: 0-th energy = -0.0498413 kcal/mol
molpro_pot: 1-th energy = -0.0143661 kcal/mol

(11,0)-th SURFACE:

molpro_pot: coordinates (angstrom):

C, 0.238947, -0.00390828, -0.117189
H, -0.156243, 0.208193, 0.863297
H, 1.29053, -0.206838, -0.241777
H, -0.417596, -0.016158, -0.972363
H, -3.56179, 0.0613378, 1.74619

molpro_pot: interatomic distances matrix (angstrom):

\     C1    H2    H3    H4
H2  1.08
H3  1.08  1.87
H4  1.08  1.87  1.87
H5  4.23  3.52  5.25  4.16

Molpro::pot: 1-th molpro energy = -0.0102274 kcal/mole

Molpro::pot: 0-th energy correction = -0.0602132 kcal/mole
Molpro::pot: 1-th energy correction = 0 kcal/mole
molpro_pot: 0-th energy = -0.0704407 kcal/mol
molpro_pot: 1-th energy = -0.0102274 kcal/mol
molpro_pot: coordinates (angstrom):

C, -0.187646, -0.160091, -0.1001
H, -0.917645, -0.76113, 0.417943
H, -0.41516, 0.243305, -1.07377
H, 0.768332, 0.0401182, 0.356566
H, 2.79874, 2.38388, 1.49113

molpro_pot: interatomic distances matrix (angstrom):

\     C1    H2    H3    H4
H2  1.08
H3  1.08  1.87
H4  1.08  1.87  1.87
H5  4.23  4.99  4.64   3.3

Molpro::pot: 1-th molpro energy = -0.0205339 kcal/mole

Molpro::pot: 0-th energy correction = -0.0602097 kcal/mole
Molpro::pot: 1-th energy correction = 0 kcal/mole
molpro_pot: 0-th energy = -0.0807436 kcal/mol
molpro_pot: 1-th energy = -0.0205339 kcal/mol
molpro_pot: coordinates (angstrom):

C, -0.135498, -0.228668, 0.00938992
H, 0.63576, -0.603559, 0.662945
H, -0.475675, -0.826636, -0.82081
H, -0.568658, 0.742468, 0.187683
H, 2.02192, 3.41044, -0.141622

molpro_pot: interatomic distances matrix (angstrom):

\     C1    H2    H3    H4
H2  1.08
H3  1.08  1.87
H4  1.08  1.87  1.87
H5  4.23  4.32  4.97  3.73

Molpro::pot: 1-th molpro energy = -0.07712 kcal/mole

Molpro::pot: 0-th energy correction = -0.0602376 kcal/mole
Molpro::pot: 1-th energy correction = 0 kcal/mole
molpro_pot: 0-th energy = -0.137358 kcal/mol
molpro_pot: 1-th energy = -0.07712 kcal/mol
molpro_pot: coordinates (angstrom):

C, -0.0840733, 0.117758, 0.223618
H, 0.359376, -0.795836, 0.585852
H, 0.5447, 0.947868, -0.0558092
H, -1.15569, 0.200241, 0.137871
H, 1.25266, -1.7544, -3.3305

molpro_pot: interatomic distances matrix (angstrom):

\     C1    H2    H3    H4
H2  1.08
H3  1.08  1.87
H4  1.08  1.87  1.87
H5  4.23  4.13   4.3  4.65

Molpro::pot: 1-th molpro energy = -0.119181 kcal/mole

Molpro::pot: 0-th energy correction = -0.0601915 kcal/mole
Molpro::pot: 1-th energy correction = 0 kcal/mole
molpro_pot: 0-th energy = -0.179373 kcal/mol
molpro_pot: 1-th energy = -0.119181 kcal/mol
molpro_pot: coordinates (angstrom):

C, -0.137343, 0.165342, 0.156959
H, -0.890413, 0.83326, 0.543334
H, -0.333003, -0.409334, -0.734098
H, 0.81219, 0.0743704, 0.659586
H, 2.04654, -2.467, -2.33771

molpro_pot: interatomic distances matrix (angstrom):

\     C1    H2    H3    H4
H2  1.08
H3  1.08  1.87
H4  1.08  1.87  1.87
H5  4.23  5.27  3.53  4.12

Molpro::pot: 1-th molpro energy = -0.0052556 kcal/mole

Molpro::pot: 0-th energy correction = -0.0602148 kcal/mole
Molpro::pot: 1-th energy correction = 0 kcal/mole
molpro_pot: 0-th energy = -0.0654704 kcal/mol
molpro_pot: 1-th energy = -0.0052556 kcal/mol

(12,0)-th SURFACE:

molpro_pot: coordinates (angstrom):

C, 0.0244184, 0.0358634, 0.245726
H, -0.980322, 0.180568, 0.609145
H, 0.822704, -0.175715, 0.938903
H, 0.230366, 0.0996171, -0.810703
H, -0.363494, -0.53149, -3.66316

molpro_pot: interatomic distances matrix (angstrom):

\     C1    H2    H3    H4
H2  1.08
H3  1.08  1.87
H4  1.08  1.87  1.87
H5  3.97  4.37  4.77  2.98

Molpro::pot: 1-th molpro energy = 0.0242842 kcal/mole

Molpro::pot: 0-th energy correction = -0.101816 kcal/mole
Molpro::pot: 1-th energy correction = 0 kcal/mole
molpro_pot: 0-th energy = -0.0775317 kcal/mol
molpro_pot: 1-th energy = 0.0242842 kcal/mol
molpro_pot: coordinates (angstrom):

C, -0.113318, 0.00035269, 0.222123
H, -0.191429, 0.688639, 1.04836
H, 0.365115, -0.955855, 0.360997
H, -0.516185, 0.26678, -0.741846
H, 1.69176, -0.00376378, -3.3123

molpro_pot: interatomic distances matrix (angstrom):

\     C1    H2    H3    H4
H2  1.08
H3  1.08  1.87
H4  1.08  1.87  1.87
H5  3.97   4.8  4.02   3.4

Molpro::pot: 1-th molpro energy = -0.104153 kcal/mole

Molpro::pot: 0-th energy correction = -0.101847 kcal/mole
Molpro::pot: 1-th energy correction = 0 kcal/mole
molpro_pot: 0-th energy = -0.206 kcal/mol
molpro_pot: 1-th energy = -0.104153 kcal/mol
molpro_pot: coordinates (angstrom):

C, -0.224899, 0.101801, 0.0348663
H, -1.07152, -0.546311, 0.195164
H, -0.0760168, 0.565499, -0.927078
H, 0.470915, 0.288673, 0.837015
H, 3.35445, -1.51998, -0.520248

molpro_pot: interatomic distances matrix (angstrom):

\     C1    H2    H3    H4
H2  1.08
H3  1.08  1.87
H4  1.08  1.87  1.87
H5  3.97  4.59  4.04  3.66

Molpro::pot: 1-th molpro energy = -0.193622 kcal/mole

Molpro::pot: 0-th energy correction = -0.101855 kcal/mole
Molpro::pot: 1-th energy correction = 0 kcal/mole
molpro_pot: 0-th energy = -0.295477 kcal/mol
molpro_pot: 1-th energy = -0.193622 kcal/mol
molpro_pot: coordinates (angstrom):

C, -0.00224156, 0.0176243, 0.248789
H, -0.375303, 0.329873, -0.713418
H, 1.02519, 0.206855, 0.515432
H, -0.657059, -0.48089, 0.945366
H, 0.0338631, -0.265687, -3.70967

molpro_pot: interatomic distances matrix (angstrom):

\     C1    H2    H3    H4
H2  1.08
H3  1.08  1.87
H4  1.08  1.87  1.87
H5  3.97  3.08  4.37  4.71

Molpro::pot: 1-th molpro energy = -0.033182 kcal/mole

Molpro::pot: 0-th energy correction = -0.101835 kcal/mole
Molpro::pot: 1-th energy correction = 0 kcal/mole
molpro_pot: 0-th energy = -0.135017 kcal/mol
molpro_pot: 1-th energy = -0.033182 kcal/mol
molpro_pot: coordinates (angstrom):

C, -0.132633, -0.211398, 0.00791305
H, -0.751794, 0.0730414, -0.827699
H, 0.941035, -0.155695, -0.073653
H, -0.586898, -0.548469, 0.925817
H, 1.97689, 3.1482, -0.118684

molpro_pot: interatomic distances matrix (angstrom):

\     C1    H2    H3    H4
H2  1.08
H3  1.08  1.87
H4  1.08  1.87  1.87
H5  3.97  4.17  3.46  4.62

Molpro::pot: 1-th molpro energy = -0.16027 kcal/mole

Molpro::pot: 0-th energy correction = -0.101786 kcal/mole
Molpro::pot: 1-th energy correction = 0 kcal/mole
molpro_pot: 0-th energy = -0.262057 kcal/mol
molpro_pot: 1-th energy = -0.16027 kcal/mol
